[2023-04-20T04:12:18.195+0000] {taskinstance.py:1090} INFO - Dependencies all met for dep_context=non-requeueable deps ti=<TaskInstance: my_first_dag.run_this_first manual__2023-04-20T04:12:12.443948+00:00 [queued]>
[2023-04-20T04:12:18.209+0000] {taskinstance.py:1090} INFO - Dependencies all met for dep_context=requeueable deps ti=<TaskInstance: my_first_dag.run_this_first manual__2023-04-20T04:12:12.443948+00:00 [queued]>
[2023-04-20T04:12:18.210+0000] {taskinstance.py:1288} INFO - 
--------------------------------------------------------------------------------
[2023-04-20T04:12:18.211+0000] {taskinstance.py:1289} INFO - Starting attempt 1 of 1
[2023-04-20T04:12:18.211+0000] {taskinstance.py:1290} INFO - 
--------------------------------------------------------------------------------
[2023-04-20T04:12:18.233+0000] {taskinstance.py:1309} INFO - Executing <Task(PythonOperator): run_this_first> on 2023-04-20 04:12:12.443948+00:00
[2023-04-20T04:12:18.242+0000] {standard_task_runner.py:55} INFO - Started process 82 to run task
[2023-04-20T04:12:18.254+0000] {standard_task_runner.py:82} INFO - Running: ['***', 'tasks', 'run', 'my_first_dag', 'run_this_first', 'manual__2023-04-20T04:12:12.443948+00:00', '--job-id', '9', '--raw', '--subdir', 'DAGS_FOLDER/first_dag.py', '--cfg-path', '/tmp/tmplvvnnvt9']
[2023-04-20T04:12:18.258+0000] {standard_task_runner.py:83} INFO - Job 9: Subtask run_this_first
[2023-04-20T04:12:18.357+0000] {task_command.py:389} INFO - Running <TaskInstance: my_first_dag.run_this_first manual__2023-04-20T04:12:12.443948+00:00 [running]> on host f324c88574f8
[2023-04-20T04:12:18.470+0000] {taskinstance.py:1518} INFO - Exporting the following env vars:
AIRFLOW_CTX_DAG_OWNER=pipis
AIRFLOW_CTX_DAG_ID=my_first_dag
AIRFLOW_CTX_TASK_ID=run_this_first
AIRFLOW_CTX_EXECUTION_DATE=2023-04-20T04:12:12.443948+00:00
AIRFLOW_CTX_TRY_NUMBER=1
AIRFLOW_CTX_DAG_RUN_ID=manual__2023-04-20T04:12:12.443948+00:00
[2023-04-20T04:12:18.473+0000] {logging_mixin.py:137} INFO - I am coming first
[2023-04-20T04:12:18.475+0000] {python.py:177} INFO - Done. Returned value was: None
[2023-04-20T04:12:18.490+0000] {taskinstance.py:1332} INFO - Marking task as SUCCESS. dag_id=my_first_dag, task_id=run_this_first, execution_date=20230420T041212, start_date=20230420T041218, end_date=20230420T041218
[2023-04-20T04:12:18.543+0000] {local_task_job.py:212} INFO - Task exited with return code 0
[2023-04-20T04:12:18.583+0000] {taskinstance.py:2596} INFO - 1 downstream tasks scheduled from follow-on schedule check
