[2023-04-27T03:39:09.298+0000] {taskinstance.py:1090} INFO - Dependencies all met for dep_context=non-requeueable deps ti=<TaskInstance: thang.echo scheduled__2023-04-25T00:00:00+00:00 [queued]>
[2023-04-27T03:39:09.322+0000] {taskinstance.py:1090} INFO - Dependencies all met for dep_context=requeueable deps ti=<TaskInstance: thang.echo scheduled__2023-04-25T00:00:00+00:00 [queued]>
[2023-04-27T03:39:09.324+0000] {taskinstance.py:1288} INFO - 
--------------------------------------------------------------------------------
[2023-04-27T03:39:09.325+0000] {taskinstance.py:1289} INFO - Starting attempt 1 of 2
[2023-04-27T03:39:09.327+0000] {taskinstance.py:1290} INFO - 
--------------------------------------------------------------------------------
[2023-04-27T03:39:09.369+0000] {taskinstance.py:1309} INFO - Executing <Task(BashOperator): echo> on 2023-04-25 00:00:00+00:00
[2023-04-27T03:39:09.377+0000] {standard_task_runner.py:55} INFO - Started process 79 to run task
[2023-04-27T03:39:09.395+0000] {standard_task_runner.py:82} INFO - Running: ['***', 'tasks', 'run', 'thang', 'echo', 'scheduled__2023-04-25T00:00:00+00:00', '--job-id', '10', '--raw', '--subdir', 'DAGS_FOLDER/simple_dags.py', '--cfg-path', '/tmp/tmpohq83729']
[2023-04-27T03:39:09.400+0000] {standard_task_runner.py:83} INFO - Job 10: Subtask echo
[2023-04-27T03:39:09.553+0000] {task_command.py:389} INFO - Running <TaskInstance: thang.echo scheduled__2023-04-25T00:00:00+00:00 [running]> on host 0355e5e68fd2
[2023-04-27T03:39:09.809+0000] {taskinstance.py:1518} INFO - Exporting the following env vars:
AIRFLOW_CTX_DAG_EMAIL=dvthang774@gmail.com
AIRFLOW_CTX_DAG_OWNER=***
AIRFLOW_CTX_DAG_ID=thang
AIRFLOW_CTX_TASK_ID=echo
AIRFLOW_CTX_EXECUTION_DATE=2023-04-25T00:00:00+00:00
AIRFLOW_CTX_TRY_NUMBER=1
AIRFLOW_CTX_DAG_RUN_ID=scheduled__2023-04-25T00:00:00+00:00
[2023-04-27T03:39:09.824+0000] {subprocess.py:63} INFO - Tmp dir root location: 
 /tmp
[2023-04-27T03:39:09.831+0000] {subprocess.py:75} INFO - Running command: ['/bin/bash', '-c', 'echo t3 running']
[2023-04-27T03:39:09.898+0000] {subprocess.py:86} INFO - Output:
[2023-04-27T03:39:09.901+0000] {subprocess.py:93} INFO - t3 running
[2023-04-27T03:39:09.904+0000] {subprocess.py:97} INFO - Command exited with return code 0
[2023-04-27T03:39:09.964+0000] {taskinstance.py:1332} INFO - Marking task as SUCCESS. dag_id=thang, task_id=echo, execution_date=20230425T000000, start_date=20230427T033909, end_date=20230427T033909
[2023-04-27T03:39:10.020+0000] {local_task_job.py:212} INFO - Task exited with return code 0
[2023-04-27T03:39:10.049+0000] {taskinstance.py:2596} INFO - 0 downstream tasks scheduled from follow-on schedule check
