[2023-04-25T04:08:15.384+0000] {taskinstance.py:1090} INFO - Dependencies all met for dep_context=non-requeueable deps ti=<TaskInstance: thang.print_date manual__2023-04-25T04:07:12.562311+00:00 [None]>
[2023-04-25T04:08:15.398+0000] {taskinstance.py:1090} INFO - Dependencies all met for dep_context=requeueable deps ti=<TaskInstance: thang.print_date manual__2023-04-25T04:07:12.562311+00:00 [None]>
[2023-04-25T04:08:15.406+0000] {taskinstance.py:1288} INFO - 
--------------------------------------------------------------------------------
[2023-04-25T04:08:15.407+0000] {taskinstance.py:1289} INFO - Starting attempt 1 of 2
[2023-04-25T04:08:15.411+0000] {taskinstance.py:1290} INFO - 
--------------------------------------------------------------------------------
[2023-04-25T04:08:15.434+0000] {taskinstance.py:1309} INFO - Executing <Task(BashOperator): print_date> on 2023-04-25 04:07:12.562311+00:00
[2023-04-25T04:08:15.444+0000] {standard_task_runner.py:55} INFO - Started process 117 to run task
[2023-04-25T04:08:15.457+0000] {standard_task_runner.py:82} INFO - Running: ['***', 'tasks', 'run', 'thang', 'print_date', 'manual__2023-04-25T04:07:12.562311+00:00', '--job-id', '3', '--pool', 'default_pool', '--raw', '--subdir', 'DAGS_FOLDER/simple_dags.py', '--cfg-path', '/tmp/tmpydyexjed']
[2023-04-25T04:08:15.460+0000] {standard_task_runner.py:83} INFO - Job 3: Subtask print_date
[2023-04-25T04:08:15.560+0000] {task_command.py:389} INFO - Running <TaskInstance: thang.print_date manual__2023-04-25T04:07:12.562311+00:00 [running]> on host 0355e5e68fd2
[2023-04-25T04:08:15.659+0000] {taskinstance.py:1518} INFO - Exporting the following env vars:
AIRFLOW_CTX_DAG_EMAIL=dvthang774@gmail.com
AIRFLOW_CTX_DAG_OWNER=***
AIRFLOW_CTX_DAG_ID=thang
AIRFLOW_CTX_TASK_ID=print_date
AIRFLOW_CTX_EXECUTION_DATE=2023-04-25T04:07:12.562311+00:00
AIRFLOW_CTX_TRY_NUMBER=1
AIRFLOW_CTX_DAG_RUN_ID=manual__2023-04-25T04:07:12.562311+00:00
[2023-04-25T04:08:15.666+0000] {subprocess.py:63} INFO - Tmp dir root location: 
 /tmp
[2023-04-25T04:08:15.669+0000] {subprocess.py:75} INFO - Running command: ['/bin/bash', '-c', 'date > datetime.txt']
[2023-04-25T04:08:15.687+0000] {subprocess.py:86} INFO - Output:
[2023-04-25T04:08:15.697+0000] {subprocess.py:97} INFO - Command exited with return code 0
[2023-04-25T04:08:15.736+0000] {taskinstance.py:1332} INFO - Marking task as SUCCESS. dag_id=thang, task_id=print_date, execution_date=20230425T040712, start_date=20230425T040815, end_date=20230425T040815
[2023-04-25T04:08:15.783+0000] {local_task_job.py:212} INFO - Task exited with return code 0
[2023-04-25T04:08:15.829+0000] {taskinstance.py:2596} INFO - 0 downstream tasks scheduled from follow-on schedule check
