[2023-05-05T09:59:27.763+0000] {processor.py:153} INFO - Started process (PID=72) to work on /home/airflow/.local/lib/python3.7/site-packages/airflow/example_dags/tutorial_dag.py
[2023-05-05T09:59:27.770+0000] {processor.py:743} INFO - Processing file /home/airflow/.local/lib/python3.7/site-packages/airflow/example_dags/tutorial_dag.py for tasks to queue
[2023-05-05T09:59:27.776+0000] {logging_mixin.py:137} INFO - [2023-05-05T09:59:27.774+0000] {dagbag.py:532} INFO - Filling up the DagBag from /home/airflow/.local/lib/python3.7/site-packages/airflow/example_dags/tutorial_dag.py
[2023-05-05T09:59:27.861+0000] {processor.py:753} INFO - DAG(s) dict_keys(['tutorial_dag']) retrieved from /home/airflow/.local/lib/python3.7/site-packages/airflow/example_dags/tutorial_dag.py
[2023-05-05T09:59:28.177+0000] {logging_mixin.py:137} INFO - [2023-05-05T09:59:28.177+0000] {manager.py:504} INFO - Created Permission View: can delete on DAG:tutorial_dag
[2023-05-05T09:59:28.216+0000] {logging_mixin.py:137} INFO - [2023-05-05T09:59:28.216+0000] {manager.py:504} INFO - Created Permission View: can read on DAG:tutorial_dag
[2023-05-05T09:59:28.236+0000] {logging_mixin.py:137} INFO - [2023-05-05T09:59:28.236+0000] {manager.py:504} INFO - Created Permission View: can edit on DAG:tutorial_dag
[2023-05-05T09:59:28.238+0000] {logging_mixin.py:137} INFO - [2023-05-05T09:59:28.238+0000] {dag.py:2705} INFO - Sync 1 DAGs
[2023-05-05T09:59:28.274+0000] {logging_mixin.py:137} INFO - [2023-05-05T09:59:28.274+0000] {dag.py:2726} INFO - Creating ORM DAG for tutorial_dag
[2023-05-05T09:59:28.302+0000] {logging_mixin.py:137} INFO - [2023-05-05T09:59:28.301+0000] {dag.py:3456} INFO - Setting next_dagrun for tutorial_dag to None, run_after=None
[2023-05-05T09:59:28.350+0000] {processor.py:175} INFO - Processing /home/airflow/.local/lib/python3.7/site-packages/airflow/example_dags/tutorial_dag.py took 0.605 seconds
[2023-05-05T09:59:58.684+0000] {processor.py:153} INFO - Started process (PID=124) to work on /home/airflow/.local/lib/python3.7/site-packages/airflow/example_dags/tutorial_dag.py
[2023-05-05T09:59:58.686+0000] {processor.py:743} INFO - Processing file /home/airflow/.local/lib/python3.7/site-packages/airflow/example_dags/tutorial_dag.py for tasks to queue
[2023-05-05T09:59:58.688+0000] {logging_mixin.py:137} INFO - [2023-05-05T09:59:58.688+0000] {dagbag.py:532} INFO - Filling up the DagBag from /home/airflow/.local/lib/python3.7/site-packages/airflow/example_dags/tutorial_dag.py
[2023-05-05T09:59:58.720+0000] {processor.py:753} INFO - DAG(s) dict_keys(['tutorial_dag']) retrieved from /home/airflow/.local/lib/python3.7/site-packages/airflow/example_dags/tutorial_dag.py
[2023-05-05T09:59:58.779+0000] {logging_mixin.py:137} INFO - [2023-05-05T09:59:58.779+0000] {dag.py:2705} INFO - Sync 1 DAGs
[2023-05-05T09:59:58.830+0000] {logging_mixin.py:137} INFO - [2023-05-05T09:59:58.830+0000] {dag.py:3456} INFO - Setting next_dagrun for tutorial_dag to None, run_after=None
[2023-05-05T09:59:58.876+0000] {processor.py:175} INFO - Processing /home/airflow/.local/lib/python3.7/site-packages/airflow/example_dags/tutorial_dag.py took 0.203 seconds
[2023-05-05T10:00:29.193+0000] {processor.py:153} INFO - Started process (PID=177) to work on /home/airflow/.local/lib/python3.7/site-packages/airflow/example_dags/tutorial_dag.py
[2023-05-05T10:00:29.195+0000] {processor.py:743} INFO - Processing file /home/airflow/.local/lib/python3.7/site-packages/airflow/example_dags/tutorial_dag.py for tasks to queue
[2023-05-05T10:00:29.197+0000] {logging_mixin.py:137} INFO - [2023-05-05T10:00:29.197+0000] {dagbag.py:532} INFO - Filling up the DagBag from /home/airflow/.local/lib/python3.7/site-packages/airflow/example_dags/tutorial_dag.py
[2023-05-05T10:00:29.217+0000] {processor.py:753} INFO - DAG(s) dict_keys(['tutorial_dag']) retrieved from /home/airflow/.local/lib/python3.7/site-packages/airflow/example_dags/tutorial_dag.py
[2023-05-05T10:00:29.255+0000] {logging_mixin.py:137} INFO - [2023-05-05T10:00:29.255+0000] {dag.py:2705} INFO - Sync 1 DAGs
[2023-05-05T10:00:29.292+0000] {logging_mixin.py:137} INFO - [2023-05-05T10:00:29.292+0000] {dag.py:3456} INFO - Setting next_dagrun for tutorial_dag to None, run_after=None
[2023-05-05T10:00:29.318+0000] {processor.py:175} INFO - Processing /home/airflow/.local/lib/python3.7/site-packages/airflow/example_dags/tutorial_dag.py took 0.138 seconds
[2023-05-05T10:01:00.421+0000] {processor.py:153} INFO - Started process (PID=229) to work on /home/airflow/.local/lib/python3.7/site-packages/airflow/example_dags/tutorial_dag.py
[2023-05-05T10:01:00.427+0000] {processor.py:743} INFO - Processing file /home/airflow/.local/lib/python3.7/site-packages/airflow/example_dags/tutorial_dag.py for tasks to queue
[2023-05-05T10:01:00.432+0000] {logging_mixin.py:137} INFO - [2023-05-05T10:01:00.431+0000] {dagbag.py:532} INFO - Filling up the DagBag from /home/airflow/.local/lib/python3.7/site-packages/airflow/example_dags/tutorial_dag.py
[2023-05-05T10:01:00.477+0000] {processor.py:753} INFO - DAG(s) dict_keys(['tutorial_dag']) retrieved from /home/airflow/.local/lib/python3.7/site-packages/airflow/example_dags/tutorial_dag.py
[2023-05-05T10:01:00.523+0000] {logging_mixin.py:137} INFO - [2023-05-05T10:01:00.523+0000] {dag.py:2705} INFO - Sync 1 DAGs
[2023-05-05T10:01:00.565+0000] {logging_mixin.py:137} INFO - [2023-05-05T10:01:00.565+0000] {dag.py:3456} INFO - Setting next_dagrun for tutorial_dag to None, run_after=None
[2023-05-05T10:01:00.597+0000] {processor.py:175} INFO - Processing /home/airflow/.local/lib/python3.7/site-packages/airflow/example_dags/tutorial_dag.py took 0.192 seconds
[2023-05-05T10:01:31.044+0000] {processor.py:153} INFO - Started process (PID=281) to work on /home/airflow/.local/lib/python3.7/site-packages/airflow/example_dags/tutorial_dag.py
[2023-05-05T10:01:31.047+0000] {processor.py:743} INFO - Processing file /home/airflow/.local/lib/python3.7/site-packages/airflow/example_dags/tutorial_dag.py for tasks to queue
[2023-05-05T10:01:31.052+0000] {logging_mixin.py:137} INFO - [2023-05-05T10:01:31.051+0000] {dagbag.py:532} INFO - Filling up the DagBag from /home/airflow/.local/lib/python3.7/site-packages/airflow/example_dags/tutorial_dag.py
[2023-05-05T10:01:31.076+0000] {processor.py:753} INFO - DAG(s) dict_keys(['tutorial_dag']) retrieved from /home/airflow/.local/lib/python3.7/site-packages/airflow/example_dags/tutorial_dag.py
[2023-05-05T10:01:31.144+0000] {logging_mixin.py:137} INFO - [2023-05-05T10:01:31.143+0000] {dag.py:2705} INFO - Sync 1 DAGs
[2023-05-05T10:01:31.191+0000] {logging_mixin.py:137} INFO - [2023-05-05T10:01:31.190+0000] {dag.py:3456} INFO - Setting next_dagrun for tutorial_dag to None, run_after=None
[2023-05-05T10:01:31.262+0000] {processor.py:175} INFO - Processing /home/airflow/.local/lib/python3.7/site-packages/airflow/example_dags/tutorial_dag.py took 0.234 seconds
[2023-05-05T10:02:01.492+0000] {processor.py:153} INFO - Started process (PID=334) to work on /home/airflow/.local/lib/python3.7/site-packages/airflow/example_dags/tutorial_dag.py
[2023-05-05T10:02:01.494+0000] {processor.py:743} INFO - Processing file /home/airflow/.local/lib/python3.7/site-packages/airflow/example_dags/tutorial_dag.py for tasks to queue
[2023-05-05T10:02:01.496+0000] {logging_mixin.py:137} INFO - [2023-05-05T10:02:01.496+0000] {dagbag.py:532} INFO - Filling up the DagBag from /home/airflow/.local/lib/python3.7/site-packages/airflow/example_dags/tutorial_dag.py
[2023-05-05T10:02:01.517+0000] {processor.py:753} INFO - DAG(s) dict_keys(['tutorial_dag']) retrieved from /home/airflow/.local/lib/python3.7/site-packages/airflow/example_dags/tutorial_dag.py
[2023-05-05T10:02:01.560+0000] {logging_mixin.py:137} INFO - [2023-05-05T10:02:01.560+0000] {dag.py:2705} INFO - Sync 1 DAGs
[2023-05-05T10:02:01.605+0000] {logging_mixin.py:137} INFO - [2023-05-05T10:02:01.605+0000] {dag.py:3456} INFO - Setting next_dagrun for tutorial_dag to None, run_after=None
[2023-05-05T10:02:01.636+0000] {processor.py:175} INFO - Processing /home/airflow/.local/lib/python3.7/site-packages/airflow/example_dags/tutorial_dag.py took 0.151 seconds
[2023-05-05T10:02:31.793+0000] {processor.py:153} INFO - Started process (PID=386) to work on /home/airflow/.local/lib/python3.7/site-packages/airflow/example_dags/tutorial_dag.py
[2023-05-05T10:02:31.797+0000] {processor.py:743} INFO - Processing file /home/airflow/.local/lib/python3.7/site-packages/airflow/example_dags/tutorial_dag.py for tasks to queue
[2023-05-05T10:02:31.801+0000] {logging_mixin.py:137} INFO - [2023-05-05T10:02:31.800+0000] {dagbag.py:532} INFO - Filling up the DagBag from /home/airflow/.local/lib/python3.7/site-packages/airflow/example_dags/tutorial_dag.py
[2023-05-05T10:02:31.824+0000] {processor.py:753} INFO - DAG(s) dict_keys(['tutorial_dag']) retrieved from /home/airflow/.local/lib/python3.7/site-packages/airflow/example_dags/tutorial_dag.py
[2023-05-05T10:02:31.887+0000] {logging_mixin.py:137} INFO - [2023-05-05T10:02:31.887+0000] {dag.py:2705} INFO - Sync 1 DAGs
[2023-05-05T10:02:31.929+0000] {logging_mixin.py:137} INFO - [2023-05-05T10:02:31.929+0000] {dag.py:3456} INFO - Setting next_dagrun for tutorial_dag to None, run_after=None
[2023-05-05T10:02:31.965+0000] {processor.py:175} INFO - Processing /home/airflow/.local/lib/python3.7/site-packages/airflow/example_dags/tutorial_dag.py took 0.178 seconds
[2023-05-05T10:03:02.790+0000] {processor.py:153} INFO - Started process (PID=438) to work on /home/airflow/.local/lib/python3.7/site-packages/airflow/example_dags/tutorial_dag.py
[2023-05-05T10:03:02.793+0000] {processor.py:743} INFO - Processing file /home/airflow/.local/lib/python3.7/site-packages/airflow/example_dags/tutorial_dag.py for tasks to queue
[2023-05-05T10:03:02.798+0000] {logging_mixin.py:137} INFO - [2023-05-05T10:03:02.797+0000] {dagbag.py:532} INFO - Filling up the DagBag from /home/airflow/.local/lib/python3.7/site-packages/airflow/example_dags/tutorial_dag.py
[2023-05-05T10:03:02.858+0000] {processor.py:753} INFO - DAG(s) dict_keys(['tutorial_dag']) retrieved from /home/airflow/.local/lib/python3.7/site-packages/airflow/example_dags/tutorial_dag.py
[2023-05-05T10:03:03.017+0000] {logging_mixin.py:137} INFO - [2023-05-05T10:03:03.017+0000] {dag.py:2705} INFO - Sync 1 DAGs
[2023-05-05T10:03:03.137+0000] {logging_mixin.py:137} INFO - [2023-05-05T10:03:03.137+0000] {dag.py:3456} INFO - Setting next_dagrun for tutorial_dag to None, run_after=None
[2023-05-05T10:03:03.204+0000] {processor.py:175} INFO - Processing /home/airflow/.local/lib/python3.7/site-packages/airflow/example_dags/tutorial_dag.py took 0.434 seconds
[2023-05-05T10:03:34.014+0000] {processor.py:153} INFO - Started process (PID=490) to work on /home/airflow/.local/lib/python3.7/site-packages/airflow/example_dags/tutorial_dag.py
[2023-05-05T10:03:34.022+0000] {processor.py:743} INFO - Processing file /home/airflow/.local/lib/python3.7/site-packages/airflow/example_dags/tutorial_dag.py for tasks to queue
[2023-05-05T10:03:34.027+0000] {logging_mixin.py:137} INFO - [2023-05-05T10:03:34.026+0000] {dagbag.py:532} INFO - Filling up the DagBag from /home/airflow/.local/lib/python3.7/site-packages/airflow/example_dags/tutorial_dag.py
[2023-05-05T10:03:34.100+0000] {processor.py:753} INFO - DAG(s) dict_keys(['tutorial_dag']) retrieved from /home/airflow/.local/lib/python3.7/site-packages/airflow/example_dags/tutorial_dag.py
[2023-05-05T10:03:34.189+0000] {logging_mixin.py:137} INFO - [2023-05-05T10:03:34.188+0000] {dag.py:2705} INFO - Sync 1 DAGs
[2023-05-05T10:03:34.269+0000] {logging_mixin.py:137} INFO - [2023-05-05T10:03:34.268+0000] {dag.py:3456} INFO - Setting next_dagrun for tutorial_dag to None, run_after=None
[2023-05-05T10:03:34.354+0000] {processor.py:175} INFO - Processing /home/airflow/.local/lib/python3.7/site-packages/airflow/example_dags/tutorial_dag.py took 0.373 seconds
[2023-05-05T10:04:04.475+0000] {processor.py:153} INFO - Started process (PID=542) to work on /home/airflow/.local/lib/python3.7/site-packages/airflow/example_dags/tutorial_dag.py
[2023-05-05T10:04:04.479+0000] {processor.py:743} INFO - Processing file /home/airflow/.local/lib/python3.7/site-packages/airflow/example_dags/tutorial_dag.py for tasks to queue
[2023-05-05T10:04:04.484+0000] {logging_mixin.py:137} INFO - [2023-05-05T10:04:04.483+0000] {dagbag.py:532} INFO - Filling up the DagBag from /home/airflow/.local/lib/python3.7/site-packages/airflow/example_dags/tutorial_dag.py
[2023-05-05T10:04:04.524+0000] {processor.py:753} INFO - DAG(s) dict_keys(['tutorial_dag']) retrieved from /home/airflow/.local/lib/python3.7/site-packages/airflow/example_dags/tutorial_dag.py
[2023-05-05T10:04:04.587+0000] {logging_mixin.py:137} INFO - [2023-05-05T10:04:04.587+0000] {dag.py:2705} INFO - Sync 1 DAGs
[2023-05-05T10:04:04.638+0000] {logging_mixin.py:137} INFO - [2023-05-05T10:04:04.638+0000] {dag.py:3456} INFO - Setting next_dagrun for tutorial_dag to None, run_after=None
[2023-05-05T10:04:04.680+0000] {processor.py:175} INFO - Processing /home/airflow/.local/lib/python3.7/site-packages/airflow/example_dags/tutorial_dag.py took 0.213 seconds
[2023-05-05T10:04:35.154+0000] {processor.py:153} INFO - Started process (PID=594) to work on /home/airflow/.local/lib/python3.7/site-packages/airflow/example_dags/tutorial_dag.py
[2023-05-05T10:04:35.157+0000] {processor.py:743} INFO - Processing file /home/airflow/.local/lib/python3.7/site-packages/airflow/example_dags/tutorial_dag.py for tasks to queue
[2023-05-05T10:04:35.159+0000] {logging_mixin.py:137} INFO - [2023-05-05T10:04:35.159+0000] {dagbag.py:532} INFO - Filling up the DagBag from /home/airflow/.local/lib/python3.7/site-packages/airflow/example_dags/tutorial_dag.py
[2023-05-05T10:04:35.190+0000] {processor.py:753} INFO - DAG(s) dict_keys(['tutorial_dag']) retrieved from /home/airflow/.local/lib/python3.7/site-packages/airflow/example_dags/tutorial_dag.py
[2023-05-05T10:04:35.236+0000] {logging_mixin.py:137} INFO - [2023-05-05T10:04:35.235+0000] {dag.py:2705} INFO - Sync 1 DAGs
[2023-05-05T10:04:35.286+0000] {logging_mixin.py:137} INFO - [2023-05-05T10:04:35.285+0000] {dag.py:3456} INFO - Setting next_dagrun for tutorial_dag to None, run_after=None
[2023-05-05T10:04:35.359+0000] {processor.py:175} INFO - Processing /home/airflow/.local/lib/python3.7/site-packages/airflow/example_dags/tutorial_dag.py took 0.210 seconds
[2023-05-05T10:05:05.632+0000] {processor.py:153} INFO - Started process (PID=646) to work on /home/airflow/.local/lib/python3.7/site-packages/airflow/example_dags/tutorial_dag.py
[2023-05-05T10:05:05.641+0000] {processor.py:743} INFO - Processing file /home/airflow/.local/lib/python3.7/site-packages/airflow/example_dags/tutorial_dag.py for tasks to queue
[2023-05-05T10:05:05.651+0000] {logging_mixin.py:137} INFO - [2023-05-05T10:05:05.644+0000] {dagbag.py:532} INFO - Filling up the DagBag from /home/airflow/.local/lib/python3.7/site-packages/airflow/example_dags/tutorial_dag.py
[2023-05-05T10:05:05.696+0000] {processor.py:753} INFO - DAG(s) dict_keys(['tutorial_dag']) retrieved from /home/airflow/.local/lib/python3.7/site-packages/airflow/example_dags/tutorial_dag.py
[2023-05-05T10:05:05.799+0000] {logging_mixin.py:137} INFO - [2023-05-05T10:05:05.799+0000] {dag.py:2705} INFO - Sync 1 DAGs
[2023-05-05T10:05:05.878+0000] {logging_mixin.py:137} INFO - [2023-05-05T10:05:05.878+0000] {dag.py:3456} INFO - Setting next_dagrun for tutorial_dag to None, run_after=None
[2023-05-05T10:05:05.934+0000] {processor.py:175} INFO - Processing /home/airflow/.local/lib/python3.7/site-packages/airflow/example_dags/tutorial_dag.py took 0.317 seconds
[2023-05-05T10:05:36.040+0000] {processor.py:153} INFO - Started process (PID=698) to work on /home/airflow/.local/lib/python3.7/site-packages/airflow/example_dags/tutorial_dag.py
[2023-05-05T10:05:36.042+0000] {processor.py:743} INFO - Processing file /home/airflow/.local/lib/python3.7/site-packages/airflow/example_dags/tutorial_dag.py for tasks to queue
[2023-05-05T10:05:36.045+0000] {logging_mixin.py:137} INFO - [2023-05-05T10:05:36.044+0000] {dagbag.py:532} INFO - Filling up the DagBag from /home/airflow/.local/lib/python3.7/site-packages/airflow/example_dags/tutorial_dag.py
[2023-05-05T10:05:36.067+0000] {processor.py:753} INFO - DAG(s) dict_keys(['tutorial_dag']) retrieved from /home/airflow/.local/lib/python3.7/site-packages/airflow/example_dags/tutorial_dag.py
[2023-05-05T10:05:36.114+0000] {logging_mixin.py:137} INFO - [2023-05-05T10:05:36.114+0000] {dag.py:2705} INFO - Sync 1 DAGs
[2023-05-05T10:05:36.158+0000] {logging_mixin.py:137} INFO - [2023-05-05T10:05:36.158+0000] {dag.py:3456} INFO - Setting next_dagrun for tutorial_dag to None, run_after=None
[2023-05-05T10:05:36.198+0000] {processor.py:175} INFO - Processing /home/airflow/.local/lib/python3.7/site-packages/airflow/example_dags/tutorial_dag.py took 0.164 seconds
[2023-05-05T10:06:06.836+0000] {processor.py:153} INFO - Started process (PID=750) to work on /home/airflow/.local/lib/python3.7/site-packages/airflow/example_dags/tutorial_dag.py
[2023-05-05T10:06:06.839+0000] {processor.py:743} INFO - Processing file /home/airflow/.local/lib/python3.7/site-packages/airflow/example_dags/tutorial_dag.py for tasks to queue
[2023-05-05T10:06:06.842+0000] {logging_mixin.py:137} INFO - [2023-05-05T10:06:06.841+0000] {dagbag.py:532} INFO - Filling up the DagBag from /home/airflow/.local/lib/python3.7/site-packages/airflow/example_dags/tutorial_dag.py
[2023-05-05T10:06:06.871+0000] {processor.py:753} INFO - DAG(s) dict_keys(['tutorial_dag']) retrieved from /home/airflow/.local/lib/python3.7/site-packages/airflow/example_dags/tutorial_dag.py
[2023-05-05T10:06:06.925+0000] {logging_mixin.py:137} INFO - [2023-05-05T10:06:06.925+0000] {dag.py:2705} INFO - Sync 1 DAGs
[2023-05-05T10:06:06.972+0000] {logging_mixin.py:137} INFO - [2023-05-05T10:06:06.972+0000] {dag.py:3456} INFO - Setting next_dagrun for tutorial_dag to None, run_after=None
[2023-05-05T10:06:07.007+0000] {processor.py:175} INFO - Processing /home/airflow/.local/lib/python3.7/site-packages/airflow/example_dags/tutorial_dag.py took 0.184 seconds
[2023-05-05T10:06:37.628+0000] {processor.py:153} INFO - Started process (PID=801) to work on /home/airflow/.local/lib/python3.7/site-packages/airflow/example_dags/tutorial_dag.py
[2023-05-05T10:06:37.631+0000] {processor.py:743} INFO - Processing file /home/airflow/.local/lib/python3.7/site-packages/airflow/example_dags/tutorial_dag.py for tasks to queue
[2023-05-05T10:06:37.634+0000] {logging_mixin.py:137} INFO - [2023-05-05T10:06:37.634+0000] {dagbag.py:532} INFO - Filling up the DagBag from /home/airflow/.local/lib/python3.7/site-packages/airflow/example_dags/tutorial_dag.py
[2023-05-05T10:06:37.660+0000] {processor.py:753} INFO - DAG(s) dict_keys(['tutorial_dag']) retrieved from /home/airflow/.local/lib/python3.7/site-packages/airflow/example_dags/tutorial_dag.py
[2023-05-05T10:06:37.723+0000] {logging_mixin.py:137} INFO - [2023-05-05T10:06:37.723+0000] {dag.py:2705} INFO - Sync 1 DAGs
[2023-05-05T10:06:37.770+0000] {logging_mixin.py:137} INFO - [2023-05-05T10:06:37.769+0000] {dag.py:3456} INFO - Setting next_dagrun for tutorial_dag to None, run_after=None
[2023-05-05T10:06:37.801+0000] {processor.py:175} INFO - Processing /home/airflow/.local/lib/python3.7/site-packages/airflow/example_dags/tutorial_dag.py took 0.178 seconds
[2023-05-05T10:07:08.819+0000] {processor.py:153} INFO - Started process (PID=853) to work on /home/airflow/.local/lib/python3.7/site-packages/airflow/example_dags/tutorial_dag.py
[2023-05-05T10:07:08.822+0000] {processor.py:743} INFO - Processing file /home/airflow/.local/lib/python3.7/site-packages/airflow/example_dags/tutorial_dag.py for tasks to queue
[2023-05-05T10:07:08.824+0000] {logging_mixin.py:137} INFO - [2023-05-05T10:07:08.824+0000] {dagbag.py:532} INFO - Filling up the DagBag from /home/airflow/.local/lib/python3.7/site-packages/airflow/example_dags/tutorial_dag.py
[2023-05-05T10:07:08.881+0000] {processor.py:753} INFO - DAG(s) dict_keys(['tutorial_dag']) retrieved from /home/airflow/.local/lib/python3.7/site-packages/airflow/example_dags/tutorial_dag.py
[2023-05-05T10:07:08.951+0000] {logging_mixin.py:137} INFO - [2023-05-05T10:07:08.951+0000] {dag.py:2705} INFO - Sync 1 DAGs
[2023-05-05T10:07:09.014+0000] {logging_mixin.py:137} INFO - [2023-05-05T10:07:09.014+0000] {dag.py:3456} INFO - Setting next_dagrun for tutorial_dag to None, run_after=None
[2023-05-05T10:07:09.076+0000] {processor.py:175} INFO - Processing /home/airflow/.local/lib/python3.7/site-packages/airflow/example_dags/tutorial_dag.py took 0.266 seconds
[2023-05-05T10:07:40.203+0000] {processor.py:153} INFO - Started process (PID=905) to work on /home/airflow/.local/lib/python3.7/site-packages/airflow/example_dags/tutorial_dag.py
[2023-05-05T10:07:40.206+0000] {processor.py:743} INFO - Processing file /home/airflow/.local/lib/python3.7/site-packages/airflow/example_dags/tutorial_dag.py for tasks to queue
[2023-05-05T10:07:40.221+0000] {logging_mixin.py:137} INFO - [2023-05-05T10:07:40.220+0000] {dagbag.py:532} INFO - Filling up the DagBag from /home/airflow/.local/lib/python3.7/site-packages/airflow/example_dags/tutorial_dag.py
[2023-05-05T10:07:40.355+0000] {processor.py:753} INFO - DAG(s) dict_keys(['tutorial_dag']) retrieved from /home/airflow/.local/lib/python3.7/site-packages/airflow/example_dags/tutorial_dag.py
[2023-05-05T10:07:40.672+0000] {logging_mixin.py:137} INFO - [2023-05-05T10:07:40.671+0000] {dag.py:2705} INFO - Sync 1 DAGs
[2023-05-05T10:07:40.976+0000] {logging_mixin.py:137} INFO - [2023-05-05T10:07:40.976+0000] {dag.py:3456} INFO - Setting next_dagrun for tutorial_dag to None, run_after=None
[2023-05-05T10:07:41.094+0000] {processor.py:175} INFO - Processing /home/airflow/.local/lib/python3.7/site-packages/airflow/example_dags/tutorial_dag.py took 0.922 seconds
[2023-05-05T10:08:11.922+0000] {processor.py:153} INFO - Started process (PID=957) to work on /home/airflow/.local/lib/python3.7/site-packages/airflow/example_dags/tutorial_dag.py
[2023-05-05T10:08:11.931+0000] {processor.py:743} INFO - Processing file /home/airflow/.local/lib/python3.7/site-packages/airflow/example_dags/tutorial_dag.py for tasks to queue
[2023-05-05T10:08:11.937+0000] {logging_mixin.py:137} INFO - [2023-05-05T10:08:11.936+0000] {dagbag.py:532} INFO - Filling up the DagBag from /home/airflow/.local/lib/python3.7/site-packages/airflow/example_dags/tutorial_dag.py
[2023-05-05T10:08:12.003+0000] {processor.py:753} INFO - DAG(s) dict_keys(['tutorial_dag']) retrieved from /home/airflow/.local/lib/python3.7/site-packages/airflow/example_dags/tutorial_dag.py
[2023-05-05T10:08:12.071+0000] {logging_mixin.py:137} INFO - [2023-05-05T10:08:12.071+0000] {dag.py:2705} INFO - Sync 1 DAGs
[2023-05-05T10:08:12.152+0000] {logging_mixin.py:137} INFO - [2023-05-05T10:08:12.151+0000] {dag.py:3456} INFO - Setting next_dagrun for tutorial_dag to None, run_after=None
[2023-05-05T10:08:12.235+0000] {processor.py:175} INFO - Processing /home/airflow/.local/lib/python3.7/site-packages/airflow/example_dags/tutorial_dag.py took 0.337 seconds
[2023-05-05T10:08:42.334+0000] {processor.py:153} INFO - Started process (PID=1009) to work on /home/airflow/.local/lib/python3.7/site-packages/airflow/example_dags/tutorial_dag.py
[2023-05-05T10:08:42.337+0000] {processor.py:743} INFO - Processing file /home/airflow/.local/lib/python3.7/site-packages/airflow/example_dags/tutorial_dag.py for tasks to queue
[2023-05-05T10:08:42.339+0000] {logging_mixin.py:137} INFO - [2023-05-05T10:08:42.338+0000] {dagbag.py:532} INFO - Filling up the DagBag from /home/airflow/.local/lib/python3.7/site-packages/airflow/example_dags/tutorial_dag.py
[2023-05-05T10:08:42.365+0000] {processor.py:753} INFO - DAG(s) dict_keys(['tutorial_dag']) retrieved from /home/airflow/.local/lib/python3.7/site-packages/airflow/example_dags/tutorial_dag.py
[2023-05-05T10:08:42.419+0000] {logging_mixin.py:137} INFO - [2023-05-05T10:08:42.418+0000] {dag.py:2705} INFO - Sync 1 DAGs
[2023-05-05T10:08:42.480+0000] {logging_mixin.py:137} INFO - [2023-05-05T10:08:42.480+0000] {dag.py:3456} INFO - Setting next_dagrun for tutorial_dag to None, run_after=None
[2023-05-05T10:08:42.523+0000] {processor.py:175} INFO - Processing /home/airflow/.local/lib/python3.7/site-packages/airflow/example_dags/tutorial_dag.py took 0.197 seconds
[2023-05-05T10:09:12.672+0000] {processor.py:153} INFO - Started process (PID=1060) to work on /home/airflow/.local/lib/python3.7/site-packages/airflow/example_dags/tutorial_dag.py
[2023-05-05T10:09:12.677+0000] {processor.py:743} INFO - Processing file /home/airflow/.local/lib/python3.7/site-packages/airflow/example_dags/tutorial_dag.py for tasks to queue
[2023-05-05T10:09:12.697+0000] {logging_mixin.py:137} INFO - [2023-05-05T10:09:12.696+0000] {dagbag.py:532} INFO - Filling up the DagBag from /home/airflow/.local/lib/python3.7/site-packages/airflow/example_dags/tutorial_dag.py
[2023-05-05T10:09:12.731+0000] {processor.py:753} INFO - DAG(s) dict_keys(['tutorial_dag']) retrieved from /home/airflow/.local/lib/python3.7/site-packages/airflow/example_dags/tutorial_dag.py
[2023-05-05T10:09:12.768+0000] {logging_mixin.py:137} INFO - [2023-05-05T10:09:12.768+0000] {dag.py:2705} INFO - Sync 1 DAGs
[2023-05-05T10:09:12.802+0000] {logging_mixin.py:137} INFO - [2023-05-05T10:09:12.801+0000] {dag.py:3456} INFO - Setting next_dagrun for tutorial_dag to None, run_after=None
[2023-05-05T10:09:12.828+0000] {processor.py:175} INFO - Processing /home/airflow/.local/lib/python3.7/site-packages/airflow/example_dags/tutorial_dag.py took 0.161 seconds
[2023-05-05T10:09:43.205+0000] {processor.py:153} INFO - Started process (PID=1112) to work on /home/airflow/.local/lib/python3.7/site-packages/airflow/example_dags/tutorial_dag.py
[2023-05-05T10:09:43.207+0000] {processor.py:743} INFO - Processing file /home/airflow/.local/lib/python3.7/site-packages/airflow/example_dags/tutorial_dag.py for tasks to queue
[2023-05-05T10:09:43.210+0000] {logging_mixin.py:137} INFO - [2023-05-05T10:09:43.209+0000] {dagbag.py:532} INFO - Filling up the DagBag from /home/airflow/.local/lib/python3.7/site-packages/airflow/example_dags/tutorial_dag.py
[2023-05-05T10:09:43.234+0000] {processor.py:753} INFO - DAG(s) dict_keys(['tutorial_dag']) retrieved from /home/airflow/.local/lib/python3.7/site-packages/airflow/example_dags/tutorial_dag.py
[2023-05-05T10:09:43.278+0000] {logging_mixin.py:137} INFO - [2023-05-05T10:09:43.278+0000] {dag.py:2705} INFO - Sync 1 DAGs
[2023-05-05T10:09:43.317+0000] {logging_mixin.py:137} INFO - [2023-05-05T10:09:43.317+0000] {dag.py:3456} INFO - Setting next_dagrun for tutorial_dag to None, run_after=None
[2023-05-05T10:09:43.346+0000] {processor.py:175} INFO - Processing /home/airflow/.local/lib/python3.7/site-packages/airflow/example_dags/tutorial_dag.py took 0.146 seconds
[2023-05-05T10:10:13.932+0000] {processor.py:153} INFO - Started process (PID=1165) to work on /home/airflow/.local/lib/python3.7/site-packages/airflow/example_dags/tutorial_dag.py
[2023-05-05T10:10:13.934+0000] {processor.py:743} INFO - Processing file /home/airflow/.local/lib/python3.7/site-packages/airflow/example_dags/tutorial_dag.py for tasks to queue
[2023-05-05T10:10:13.936+0000] {logging_mixin.py:137} INFO - [2023-05-05T10:10:13.935+0000] {dagbag.py:532} INFO - Filling up the DagBag from /home/airflow/.local/lib/python3.7/site-packages/airflow/example_dags/tutorial_dag.py
[2023-05-05T10:10:13.956+0000] {processor.py:753} INFO - DAG(s) dict_keys(['tutorial_dag']) retrieved from /home/airflow/.local/lib/python3.7/site-packages/airflow/example_dags/tutorial_dag.py
[2023-05-05T10:10:13.999+0000] {logging_mixin.py:137} INFO - [2023-05-05T10:10:13.999+0000] {dag.py:2705} INFO - Sync 1 DAGs
[2023-05-05T10:10:14.043+0000] {logging_mixin.py:137} INFO - [2023-05-05T10:10:14.043+0000] {dag.py:3456} INFO - Setting next_dagrun for tutorial_dag to None, run_after=None
[2023-05-05T10:10:14.073+0000] {processor.py:175} INFO - Processing /home/airflow/.local/lib/python3.7/site-packages/airflow/example_dags/tutorial_dag.py took 0.147 seconds
[2023-05-05T10:10:44.186+0000] {processor.py:153} INFO - Started process (PID=1216) to work on /home/airflow/.local/lib/python3.7/site-packages/airflow/example_dags/tutorial_dag.py
[2023-05-05T10:10:44.190+0000] {processor.py:743} INFO - Processing file /home/airflow/.local/lib/python3.7/site-packages/airflow/example_dags/tutorial_dag.py for tasks to queue
[2023-05-05T10:10:44.193+0000] {logging_mixin.py:137} INFO - [2023-05-05T10:10:44.193+0000] {dagbag.py:532} INFO - Filling up the DagBag from /home/airflow/.local/lib/python3.7/site-packages/airflow/example_dags/tutorial_dag.py
[2023-05-05T10:10:44.222+0000] {processor.py:753} INFO - DAG(s) dict_keys(['tutorial_dag']) retrieved from /home/airflow/.local/lib/python3.7/site-packages/airflow/example_dags/tutorial_dag.py
[2023-05-05T10:10:44.266+0000] {logging_mixin.py:137} INFO - [2023-05-05T10:10:44.265+0000] {dag.py:2705} INFO - Sync 1 DAGs
[2023-05-05T10:10:44.316+0000] {logging_mixin.py:137} INFO - [2023-05-05T10:10:44.316+0000] {dag.py:3456} INFO - Setting next_dagrun for tutorial_dag to None, run_after=None
[2023-05-05T10:10:44.346+0000] {processor.py:175} INFO - Processing /home/airflow/.local/lib/python3.7/site-packages/airflow/example_dags/tutorial_dag.py took 0.174 seconds
[2023-05-05T10:11:14.683+0000] {processor.py:153} INFO - Started process (PID=1268) to work on /home/airflow/.local/lib/python3.7/site-packages/airflow/example_dags/tutorial_dag.py
[2023-05-05T10:11:14.688+0000] {processor.py:743} INFO - Processing file /home/airflow/.local/lib/python3.7/site-packages/airflow/example_dags/tutorial_dag.py for tasks to queue
[2023-05-05T10:11:14.694+0000] {logging_mixin.py:137} INFO - [2023-05-05T10:11:14.693+0000] {dagbag.py:532} INFO - Filling up the DagBag from /home/airflow/.local/lib/python3.7/site-packages/airflow/example_dags/tutorial_dag.py
[2023-05-05T10:11:14.727+0000] {processor.py:753} INFO - DAG(s) dict_keys(['tutorial_dag']) retrieved from /home/airflow/.local/lib/python3.7/site-packages/airflow/example_dags/tutorial_dag.py
[2023-05-05T10:11:14.851+0000] {logging_mixin.py:137} INFO - [2023-05-05T10:11:14.851+0000] {dag.py:2705} INFO - Sync 1 DAGs
[2023-05-05T10:11:14.952+0000] {logging_mixin.py:137} INFO - [2023-05-05T10:11:14.950+0000] {dag.py:3456} INFO - Setting next_dagrun for tutorial_dag to None, run_after=None
[2023-05-05T10:11:15.014+0000] {processor.py:175} INFO - Processing /home/airflow/.local/lib/python3.7/site-packages/airflow/example_dags/tutorial_dag.py took 0.342 seconds
[2023-05-05T10:11:45.558+0000] {processor.py:153} INFO - Started process (PID=1320) to work on /home/airflow/.local/lib/python3.7/site-packages/airflow/example_dags/tutorial_dag.py
[2023-05-05T10:11:45.560+0000] {processor.py:743} INFO - Processing file /home/airflow/.local/lib/python3.7/site-packages/airflow/example_dags/tutorial_dag.py for tasks to queue
[2023-05-05T10:11:45.562+0000] {logging_mixin.py:137} INFO - [2023-05-05T10:11:45.562+0000] {dagbag.py:532} INFO - Filling up the DagBag from /home/airflow/.local/lib/python3.7/site-packages/airflow/example_dags/tutorial_dag.py
[2023-05-05T10:11:45.591+0000] {processor.py:753} INFO - DAG(s) dict_keys(['tutorial_dag']) retrieved from /home/airflow/.local/lib/python3.7/site-packages/airflow/example_dags/tutorial_dag.py
[2023-05-05T10:11:45.650+0000] {logging_mixin.py:137} INFO - [2023-05-05T10:11:45.650+0000] {dag.py:2705} INFO - Sync 1 DAGs
[2023-05-05T10:11:45.691+0000] {logging_mixin.py:137} INFO - [2023-05-05T10:11:45.690+0000] {dag.py:3456} INFO - Setting next_dagrun for tutorial_dag to None, run_after=None
[2023-05-05T10:11:45.721+0000] {processor.py:175} INFO - Processing /home/airflow/.local/lib/python3.7/site-packages/airflow/example_dags/tutorial_dag.py took 0.168 seconds
[2023-05-05T10:12:16.426+0000] {processor.py:153} INFO - Started process (PID=1372) to work on /home/airflow/.local/lib/python3.7/site-packages/airflow/example_dags/tutorial_dag.py
[2023-05-05T10:12:16.429+0000] {processor.py:743} INFO - Processing file /home/airflow/.local/lib/python3.7/site-packages/airflow/example_dags/tutorial_dag.py for tasks to queue
[2023-05-05T10:12:16.432+0000] {logging_mixin.py:137} INFO - [2023-05-05T10:12:16.432+0000] {dagbag.py:532} INFO - Filling up the DagBag from /home/airflow/.local/lib/python3.7/site-packages/airflow/example_dags/tutorial_dag.py
[2023-05-05T10:12:16.460+0000] {processor.py:753} INFO - DAG(s) dict_keys(['tutorial_dag']) retrieved from /home/airflow/.local/lib/python3.7/site-packages/airflow/example_dags/tutorial_dag.py
[2023-05-05T10:12:16.514+0000] {logging_mixin.py:137} INFO - [2023-05-05T10:12:16.513+0000] {dag.py:2705} INFO - Sync 1 DAGs
[2023-05-05T10:12:16.574+0000] {logging_mixin.py:137} INFO - [2023-05-05T10:12:16.574+0000] {dag.py:3456} INFO - Setting next_dagrun for tutorial_dag to None, run_after=None
[2023-05-05T10:12:16.609+0000] {processor.py:175} INFO - Processing /home/airflow/.local/lib/python3.7/site-packages/airflow/example_dags/tutorial_dag.py took 0.190 seconds
[2023-05-05T10:12:47.344+0000] {processor.py:153} INFO - Started process (PID=1424) to work on /home/airflow/.local/lib/python3.7/site-packages/airflow/example_dags/tutorial_dag.py
[2023-05-05T10:12:47.347+0000] {processor.py:743} INFO - Processing file /home/airflow/.local/lib/python3.7/site-packages/airflow/example_dags/tutorial_dag.py for tasks to queue
[2023-05-05T10:12:47.348+0000] {logging_mixin.py:137} INFO - [2023-05-05T10:12:47.348+0000] {dagbag.py:532} INFO - Filling up the DagBag from /home/airflow/.local/lib/python3.7/site-packages/airflow/example_dags/tutorial_dag.py
[2023-05-05T10:12:47.377+0000] {processor.py:753} INFO - DAG(s) dict_keys(['tutorial_dag']) retrieved from /home/airflow/.local/lib/python3.7/site-packages/airflow/example_dags/tutorial_dag.py
[2023-05-05T10:12:47.429+0000] {logging_mixin.py:137} INFO - [2023-05-05T10:12:47.428+0000] {dag.py:2705} INFO - Sync 1 DAGs
[2023-05-05T10:12:47.478+0000] {logging_mixin.py:137} INFO - [2023-05-05T10:12:47.478+0000] {dag.py:3456} INFO - Setting next_dagrun for tutorial_dag to None, run_after=None
[2023-05-05T10:12:47.512+0000] {processor.py:175} INFO - Processing /home/airflow/.local/lib/python3.7/site-packages/airflow/example_dags/tutorial_dag.py took 0.175 seconds
[2023-05-05T10:13:18.486+0000] {processor.py:153} INFO - Started process (PID=1475) to work on /home/airflow/.local/lib/python3.7/site-packages/airflow/example_dags/tutorial_dag.py
[2023-05-05T10:13:18.491+0000] {processor.py:743} INFO - Processing file /home/airflow/.local/lib/python3.7/site-packages/airflow/example_dags/tutorial_dag.py for tasks to queue
[2023-05-05T10:13:18.496+0000] {logging_mixin.py:137} INFO - [2023-05-05T10:13:18.495+0000] {dagbag.py:532} INFO - Filling up the DagBag from /home/airflow/.local/lib/python3.7/site-packages/airflow/example_dags/tutorial_dag.py
[2023-05-05T10:13:18.529+0000] {processor.py:753} INFO - DAG(s) dict_keys(['tutorial_dag']) retrieved from /home/airflow/.local/lib/python3.7/site-packages/airflow/example_dags/tutorial_dag.py
[2023-05-05T10:13:18.589+0000] {logging_mixin.py:137} INFO - [2023-05-05T10:13:18.589+0000] {dag.py:2705} INFO - Sync 1 DAGs
[2023-05-05T10:13:18.644+0000] {logging_mixin.py:137} INFO - [2023-05-05T10:13:18.644+0000] {dag.py:3456} INFO - Setting next_dagrun for tutorial_dag to None, run_after=None
[2023-05-05T10:13:18.682+0000] {processor.py:175} INFO - Processing /home/airflow/.local/lib/python3.7/site-packages/airflow/example_dags/tutorial_dag.py took 0.205 seconds
[2023-05-05T10:13:49.006+0000] {processor.py:153} INFO - Started process (PID=1527) to work on /home/airflow/.local/lib/python3.7/site-packages/airflow/example_dags/tutorial_dag.py
[2023-05-05T10:13:49.009+0000] {processor.py:743} INFO - Processing file /home/airflow/.local/lib/python3.7/site-packages/airflow/example_dags/tutorial_dag.py for tasks to queue
[2023-05-05T10:13:49.011+0000] {logging_mixin.py:137} INFO - [2023-05-05T10:13:49.011+0000] {dagbag.py:532} INFO - Filling up the DagBag from /home/airflow/.local/lib/python3.7/site-packages/airflow/example_dags/tutorial_dag.py
[2023-05-05T10:13:49.035+0000] {processor.py:753} INFO - DAG(s) dict_keys(['tutorial_dag']) retrieved from /home/airflow/.local/lib/python3.7/site-packages/airflow/example_dags/tutorial_dag.py
[2023-05-05T10:13:49.092+0000] {logging_mixin.py:137} INFO - [2023-05-05T10:13:49.091+0000] {dag.py:2705} INFO - Sync 1 DAGs
[2023-05-05T10:13:49.140+0000] {logging_mixin.py:137} INFO - [2023-05-05T10:13:49.139+0000] {dag.py:3456} INFO - Setting next_dagrun for tutorial_dag to None, run_after=None
[2023-05-05T10:13:49.175+0000] {processor.py:175} INFO - Processing /home/airflow/.local/lib/python3.7/site-packages/airflow/example_dags/tutorial_dag.py took 0.175 seconds
[2023-05-05T10:14:19.917+0000] {processor.py:153} INFO - Started process (PID=1580) to work on /home/airflow/.local/lib/python3.7/site-packages/airflow/example_dags/tutorial_dag.py
[2023-05-05T10:14:19.924+0000] {processor.py:743} INFO - Processing file /home/airflow/.local/lib/python3.7/site-packages/airflow/example_dags/tutorial_dag.py for tasks to queue
[2023-05-05T10:14:19.928+0000] {logging_mixin.py:137} INFO - [2023-05-05T10:14:19.927+0000] {dagbag.py:532} INFO - Filling up the DagBag from /home/airflow/.local/lib/python3.7/site-packages/airflow/example_dags/tutorial_dag.py
[2023-05-05T10:14:19.958+0000] {processor.py:753} INFO - DAG(s) dict_keys(['tutorial_dag']) retrieved from /home/airflow/.local/lib/python3.7/site-packages/airflow/example_dags/tutorial_dag.py
[2023-05-05T10:14:20.010+0000] {logging_mixin.py:137} INFO - [2023-05-05T10:14:20.010+0000] {dag.py:2705} INFO - Sync 1 DAGs
[2023-05-05T10:14:20.064+0000] {logging_mixin.py:137} INFO - [2023-05-05T10:14:20.064+0000] {dag.py:3456} INFO - Setting next_dagrun for tutorial_dag to None, run_after=None
[2023-05-05T10:14:20.097+0000] {processor.py:175} INFO - Processing /home/airflow/.local/lib/python3.7/site-packages/airflow/example_dags/tutorial_dag.py took 0.190 seconds
[2023-05-05T10:14:50.316+0000] {processor.py:153} INFO - Started process (PID=1631) to work on /home/airflow/.local/lib/python3.7/site-packages/airflow/example_dags/tutorial_dag.py
[2023-05-05T10:14:50.318+0000] {processor.py:743} INFO - Processing file /home/airflow/.local/lib/python3.7/site-packages/airflow/example_dags/tutorial_dag.py for tasks to queue
[2023-05-05T10:14:50.321+0000] {logging_mixin.py:137} INFO - [2023-05-05T10:14:50.320+0000] {dagbag.py:532} INFO - Filling up the DagBag from /home/airflow/.local/lib/python3.7/site-packages/airflow/example_dags/tutorial_dag.py
[2023-05-05T10:14:50.343+0000] {processor.py:753} INFO - DAG(s) dict_keys(['tutorial_dag']) retrieved from /home/airflow/.local/lib/python3.7/site-packages/airflow/example_dags/tutorial_dag.py
[2023-05-05T10:14:50.397+0000] {logging_mixin.py:137} INFO - [2023-05-05T10:14:50.397+0000] {dag.py:2705} INFO - Sync 1 DAGs
[2023-05-05T10:14:50.443+0000] {logging_mixin.py:137} INFO - [2023-05-05T10:14:50.443+0000] {dag.py:3456} INFO - Setting next_dagrun for tutorial_dag to None, run_after=None
[2023-05-05T10:14:50.477+0000] {processor.py:175} INFO - Processing /home/airflow/.local/lib/python3.7/site-packages/airflow/example_dags/tutorial_dag.py took 0.167 seconds
[2023-05-05T10:15:21.191+0000] {processor.py:153} INFO - Started process (PID=1682) to work on /home/airflow/.local/lib/python3.7/site-packages/airflow/example_dags/tutorial_dag.py
[2023-05-05T10:15:21.194+0000] {processor.py:743} INFO - Processing file /home/airflow/.local/lib/python3.7/site-packages/airflow/example_dags/tutorial_dag.py for tasks to queue
[2023-05-05T10:15:21.197+0000] {logging_mixin.py:137} INFO - [2023-05-05T10:15:21.196+0000] {dagbag.py:532} INFO - Filling up the DagBag from /home/airflow/.local/lib/python3.7/site-packages/airflow/example_dags/tutorial_dag.py
[2023-05-05T10:15:21.218+0000] {processor.py:753} INFO - DAG(s) dict_keys(['tutorial_dag']) retrieved from /home/airflow/.local/lib/python3.7/site-packages/airflow/example_dags/tutorial_dag.py
[2023-05-05T10:15:21.265+0000] {logging_mixin.py:137} INFO - [2023-05-05T10:15:21.264+0000] {dag.py:2705} INFO - Sync 1 DAGs
[2023-05-05T10:15:21.307+0000] {logging_mixin.py:137} INFO - [2023-05-05T10:15:21.307+0000] {dag.py:3456} INFO - Setting next_dagrun for tutorial_dag to None, run_after=None
[2023-05-05T10:15:21.337+0000] {processor.py:175} INFO - Processing /home/airflow/.local/lib/python3.7/site-packages/airflow/example_dags/tutorial_dag.py took 0.161 seconds
[2023-05-05T10:15:52.248+0000] {processor.py:153} INFO - Started process (PID=1734) to work on /home/airflow/.local/lib/python3.7/site-packages/airflow/example_dags/tutorial_dag.py
[2023-05-05T10:15:52.251+0000] {processor.py:743} INFO - Processing file /home/airflow/.local/lib/python3.7/site-packages/airflow/example_dags/tutorial_dag.py for tasks to queue
[2023-05-05T10:15:52.257+0000] {logging_mixin.py:137} INFO - [2023-05-05T10:15:52.256+0000] {dagbag.py:532} INFO - Filling up the DagBag from /home/airflow/.local/lib/python3.7/site-packages/airflow/example_dags/tutorial_dag.py
[2023-05-05T10:15:52.279+0000] {processor.py:753} INFO - DAG(s) dict_keys(['tutorial_dag']) retrieved from /home/airflow/.local/lib/python3.7/site-packages/airflow/example_dags/tutorial_dag.py
[2023-05-05T10:15:52.324+0000] {logging_mixin.py:137} INFO - [2023-05-05T10:15:52.323+0000] {dag.py:2705} INFO - Sync 1 DAGs
[2023-05-05T10:15:52.364+0000] {logging_mixin.py:137} INFO - [2023-05-05T10:15:52.364+0000] {dag.py:3456} INFO - Setting next_dagrun for tutorial_dag to None, run_after=None
[2023-05-05T10:15:52.395+0000] {processor.py:175} INFO - Processing /home/airflow/.local/lib/python3.7/site-packages/airflow/example_dags/tutorial_dag.py took 0.154 seconds
[2023-05-05T10:16:23.278+0000] {processor.py:153} INFO - Started process (PID=1786) to work on /home/airflow/.local/lib/python3.7/site-packages/airflow/example_dags/tutorial_dag.py
[2023-05-05T10:16:23.281+0000] {processor.py:743} INFO - Processing file /home/airflow/.local/lib/python3.7/site-packages/airflow/example_dags/tutorial_dag.py for tasks to queue
[2023-05-05T10:16:23.284+0000] {logging_mixin.py:137} INFO - [2023-05-05T10:16:23.283+0000] {dagbag.py:532} INFO - Filling up the DagBag from /home/airflow/.local/lib/python3.7/site-packages/airflow/example_dags/tutorial_dag.py
[2023-05-05T10:16:23.310+0000] {processor.py:753} INFO - DAG(s) dict_keys(['tutorial_dag']) retrieved from /home/airflow/.local/lib/python3.7/site-packages/airflow/example_dags/tutorial_dag.py
[2023-05-05T10:16:23.363+0000] {logging_mixin.py:137} INFO - [2023-05-05T10:16:23.363+0000] {dag.py:2705} INFO - Sync 1 DAGs
[2023-05-05T10:16:23.408+0000] {logging_mixin.py:137} INFO - [2023-05-05T10:16:23.407+0000] {dag.py:3456} INFO - Setting next_dagrun for tutorial_dag to None, run_after=None
[2023-05-05T10:16:23.441+0000] {processor.py:175} INFO - Processing /home/airflow/.local/lib/python3.7/site-packages/airflow/example_dags/tutorial_dag.py took 0.172 seconds
[2023-05-05T10:16:53.670+0000] {processor.py:153} INFO - Started process (PID=1838) to work on /home/airflow/.local/lib/python3.7/site-packages/airflow/example_dags/tutorial_dag.py
[2023-05-05T10:16:53.673+0000] {processor.py:743} INFO - Processing file /home/airflow/.local/lib/python3.7/site-packages/airflow/example_dags/tutorial_dag.py for tasks to queue
[2023-05-05T10:16:53.675+0000] {logging_mixin.py:137} INFO - [2023-05-05T10:16:53.675+0000] {dagbag.py:532} INFO - Filling up the DagBag from /home/airflow/.local/lib/python3.7/site-packages/airflow/example_dags/tutorial_dag.py
[2023-05-05T10:16:53.697+0000] {processor.py:753} INFO - DAG(s) dict_keys(['tutorial_dag']) retrieved from /home/airflow/.local/lib/python3.7/site-packages/airflow/example_dags/tutorial_dag.py
[2023-05-05T10:16:53.746+0000] {logging_mixin.py:137} INFO - [2023-05-05T10:16:53.746+0000] {dag.py:2705} INFO - Sync 1 DAGs
[2023-05-05T10:16:53.788+0000] {logging_mixin.py:137} INFO - [2023-05-05T10:16:53.788+0000] {dag.py:3456} INFO - Setting next_dagrun for tutorial_dag to None, run_after=None
[2023-05-05T10:16:53.837+0000] {processor.py:175} INFO - Processing /home/airflow/.local/lib/python3.7/site-packages/airflow/example_dags/tutorial_dag.py took 0.174 seconds
[2023-05-05T10:17:24.826+0000] {processor.py:153} INFO - Started process (PID=1890) to work on /home/airflow/.local/lib/python3.7/site-packages/airflow/example_dags/tutorial_dag.py
[2023-05-05T10:17:24.828+0000] {processor.py:743} INFO - Processing file /home/airflow/.local/lib/python3.7/site-packages/airflow/example_dags/tutorial_dag.py for tasks to queue
[2023-05-05T10:17:24.833+0000] {logging_mixin.py:137} INFO - [2023-05-05T10:17:24.832+0000] {dagbag.py:532} INFO - Filling up the DagBag from /home/airflow/.local/lib/python3.7/site-packages/airflow/example_dags/tutorial_dag.py
[2023-05-05T10:17:24.872+0000] {processor.py:753} INFO - DAG(s) dict_keys(['tutorial_dag']) retrieved from /home/airflow/.local/lib/python3.7/site-packages/airflow/example_dags/tutorial_dag.py
[2023-05-05T10:17:24.930+0000] {logging_mixin.py:137} INFO - [2023-05-05T10:17:24.929+0000] {dag.py:2705} INFO - Sync 1 DAGs
[2023-05-05T10:17:24.993+0000] {logging_mixin.py:137} INFO - [2023-05-05T10:17:24.992+0000] {dag.py:3456} INFO - Setting next_dagrun for tutorial_dag to None, run_after=None
[2023-05-05T10:17:25.048+0000] {processor.py:175} INFO - Processing /home/airflow/.local/lib/python3.7/site-packages/airflow/example_dags/tutorial_dag.py took 0.237 seconds
[2023-05-05T10:17:55.159+0000] {processor.py:153} INFO - Started process (PID=1942) to work on /home/airflow/.local/lib/python3.7/site-packages/airflow/example_dags/tutorial_dag.py
[2023-05-05T10:17:55.162+0000] {processor.py:743} INFO - Processing file /home/airflow/.local/lib/python3.7/site-packages/airflow/example_dags/tutorial_dag.py for tasks to queue
[2023-05-05T10:17:55.165+0000] {logging_mixin.py:137} INFO - [2023-05-05T10:17:55.165+0000] {dagbag.py:532} INFO - Filling up the DagBag from /home/airflow/.local/lib/python3.7/site-packages/airflow/example_dags/tutorial_dag.py
[2023-05-05T10:17:55.189+0000] {processor.py:753} INFO - DAG(s) dict_keys(['tutorial_dag']) retrieved from /home/airflow/.local/lib/python3.7/site-packages/airflow/example_dags/tutorial_dag.py
[2023-05-05T10:17:55.234+0000] {logging_mixin.py:137} INFO - [2023-05-05T10:17:55.233+0000] {dag.py:2705} INFO - Sync 1 DAGs
[2023-05-05T10:17:55.280+0000] {logging_mixin.py:137} INFO - [2023-05-05T10:17:55.280+0000] {dag.py:3456} INFO - Setting next_dagrun for tutorial_dag to None, run_after=None
[2023-05-05T10:17:55.312+0000] {processor.py:175} INFO - Processing /home/airflow/.local/lib/python3.7/site-packages/airflow/example_dags/tutorial_dag.py took 0.157 seconds
[2023-05-05T10:18:25.470+0000] {processor.py:153} INFO - Started process (PID=1994) to work on /home/airflow/.local/lib/python3.7/site-packages/airflow/example_dags/tutorial_dag.py
[2023-05-05T10:18:25.472+0000] {processor.py:743} INFO - Processing file /home/airflow/.local/lib/python3.7/site-packages/airflow/example_dags/tutorial_dag.py for tasks to queue
[2023-05-05T10:18:25.474+0000] {logging_mixin.py:137} INFO - [2023-05-05T10:18:25.474+0000] {dagbag.py:532} INFO - Filling up the DagBag from /home/airflow/.local/lib/python3.7/site-packages/airflow/example_dags/tutorial_dag.py
[2023-05-05T10:18:25.497+0000] {processor.py:753} INFO - DAG(s) dict_keys(['tutorial_dag']) retrieved from /home/airflow/.local/lib/python3.7/site-packages/airflow/example_dags/tutorial_dag.py
[2023-05-05T10:18:25.538+0000] {logging_mixin.py:137} INFO - [2023-05-05T10:18:25.538+0000] {dag.py:2705} INFO - Sync 1 DAGs
[2023-05-05T10:18:25.582+0000] {logging_mixin.py:137} INFO - [2023-05-05T10:18:25.582+0000] {dag.py:3456} INFO - Setting next_dagrun for tutorial_dag to None, run_after=None
[2023-05-05T10:18:25.610+0000] {processor.py:175} INFO - Processing /home/airflow/.local/lib/python3.7/site-packages/airflow/example_dags/tutorial_dag.py took 0.147 seconds
[2023-05-05T10:18:55.728+0000] {processor.py:153} INFO - Started process (PID=2046) to work on /home/airflow/.local/lib/python3.7/site-packages/airflow/example_dags/tutorial_dag.py
[2023-05-05T10:18:55.730+0000] {processor.py:743} INFO - Processing file /home/airflow/.local/lib/python3.7/site-packages/airflow/example_dags/tutorial_dag.py for tasks to queue
[2023-05-05T10:18:55.733+0000] {logging_mixin.py:137} INFO - [2023-05-05T10:18:55.733+0000] {dagbag.py:532} INFO - Filling up the DagBag from /home/airflow/.local/lib/python3.7/site-packages/airflow/example_dags/tutorial_dag.py
[2023-05-05T10:18:55.757+0000] {processor.py:753} INFO - DAG(s) dict_keys(['tutorial_dag']) retrieved from /home/airflow/.local/lib/python3.7/site-packages/airflow/example_dags/tutorial_dag.py
[2023-05-05T10:18:55.804+0000] {logging_mixin.py:137} INFO - [2023-05-05T10:18:55.804+0000] {dag.py:2705} INFO - Sync 1 DAGs
[2023-05-05T10:18:55.844+0000] {logging_mixin.py:137} INFO - [2023-05-05T10:18:55.843+0000] {dag.py:3456} INFO - Setting next_dagrun for tutorial_dag to None, run_after=None
[2023-05-05T10:18:55.884+0000] {processor.py:175} INFO - Processing /home/airflow/.local/lib/python3.7/site-packages/airflow/example_dags/tutorial_dag.py took 0.166 seconds
[2023-05-05T10:19:26.416+0000] {processor.py:153} INFO - Started process (PID=2098) to work on /home/airflow/.local/lib/python3.7/site-packages/airflow/example_dags/tutorial_dag.py
[2023-05-05T10:19:26.418+0000] {processor.py:743} INFO - Processing file /home/airflow/.local/lib/python3.7/site-packages/airflow/example_dags/tutorial_dag.py for tasks to queue
[2023-05-05T10:19:26.423+0000] {logging_mixin.py:137} INFO - [2023-05-05T10:19:26.422+0000] {dagbag.py:532} INFO - Filling up the DagBag from /home/airflow/.local/lib/python3.7/site-packages/airflow/example_dags/tutorial_dag.py
[2023-05-05T10:19:26.448+0000] {processor.py:753} INFO - DAG(s) dict_keys(['tutorial_dag']) retrieved from /home/airflow/.local/lib/python3.7/site-packages/airflow/example_dags/tutorial_dag.py
[2023-05-05T10:19:26.508+0000] {logging_mixin.py:137} INFO - [2023-05-05T10:19:26.508+0000] {dag.py:2705} INFO - Sync 1 DAGs
[2023-05-05T10:19:26.560+0000] {logging_mixin.py:137} INFO - [2023-05-05T10:19:26.560+0000] {dag.py:3456} INFO - Setting next_dagrun for tutorial_dag to None, run_after=None
[2023-05-05T10:19:26.622+0000] {processor.py:175} INFO - Processing /home/airflow/.local/lib/python3.7/site-packages/airflow/example_dags/tutorial_dag.py took 0.216 seconds
[2023-05-05T10:19:56.708+0000] {processor.py:153} INFO - Started process (PID=2152) to work on /home/airflow/.local/lib/python3.7/site-packages/airflow/example_dags/tutorial_dag.py
[2023-05-05T10:19:56.711+0000] {processor.py:743} INFO - Processing file /home/airflow/.local/lib/python3.7/site-packages/airflow/example_dags/tutorial_dag.py for tasks to queue
[2023-05-05T10:19:56.714+0000] {logging_mixin.py:137} INFO - [2023-05-05T10:19:56.713+0000] {dagbag.py:532} INFO - Filling up the DagBag from /home/airflow/.local/lib/python3.7/site-packages/airflow/example_dags/tutorial_dag.py
[2023-05-05T10:19:56.734+0000] {processor.py:753} INFO - DAG(s) dict_keys(['tutorial_dag']) retrieved from /home/airflow/.local/lib/python3.7/site-packages/airflow/example_dags/tutorial_dag.py
[2023-05-05T10:19:56.782+0000] {logging_mixin.py:137} INFO - [2023-05-05T10:19:56.782+0000] {dag.py:2705} INFO - Sync 1 DAGs
[2023-05-05T10:19:56.827+0000] {logging_mixin.py:137} INFO - [2023-05-05T10:19:56.827+0000] {dag.py:3456} INFO - Setting next_dagrun for tutorial_dag to None, run_after=None
[2023-05-05T10:19:56.894+0000] {processor.py:175} INFO - Processing /home/airflow/.local/lib/python3.7/site-packages/airflow/example_dags/tutorial_dag.py took 0.192 seconds
[2023-05-05T10:20:28.295+0000] {processor.py:153} INFO - Started process (PID=2204) to work on /home/airflow/.local/lib/python3.7/site-packages/airflow/example_dags/tutorial_dag.py
[2023-05-05T10:20:28.297+0000] {processor.py:743} INFO - Processing file /home/airflow/.local/lib/python3.7/site-packages/airflow/example_dags/tutorial_dag.py for tasks to queue
[2023-05-05T10:20:28.300+0000] {logging_mixin.py:137} INFO - [2023-05-05T10:20:28.300+0000] {dagbag.py:532} INFO - Filling up the DagBag from /home/airflow/.local/lib/python3.7/site-packages/airflow/example_dags/tutorial_dag.py
[2023-05-05T10:20:28.331+0000] {processor.py:753} INFO - DAG(s) dict_keys(['tutorial_dag']) retrieved from /home/airflow/.local/lib/python3.7/site-packages/airflow/example_dags/tutorial_dag.py
[2023-05-05T10:20:28.381+0000] {logging_mixin.py:137} INFO - [2023-05-05T10:20:28.381+0000] {dag.py:2705} INFO - Sync 1 DAGs
[2023-05-05T10:20:28.437+0000] {logging_mixin.py:137} INFO - [2023-05-05T10:20:28.437+0000] {dag.py:3456} INFO - Setting next_dagrun for tutorial_dag to None, run_after=None
[2023-05-05T10:20:28.487+0000] {processor.py:175} INFO - Processing /home/airflow/.local/lib/python3.7/site-packages/airflow/example_dags/tutorial_dag.py took 0.201 seconds
[2023-05-05T10:20:59.092+0000] {processor.py:153} INFO - Started process (PID=2257) to work on /home/airflow/.local/lib/python3.7/site-packages/airflow/example_dags/tutorial_dag.py
[2023-05-05T10:20:59.098+0000] {processor.py:743} INFO - Processing file /home/airflow/.local/lib/python3.7/site-packages/airflow/example_dags/tutorial_dag.py for tasks to queue
[2023-05-05T10:20:59.102+0000] {logging_mixin.py:137} INFO - [2023-05-05T10:20:59.102+0000] {dagbag.py:532} INFO - Filling up the DagBag from /home/airflow/.local/lib/python3.7/site-packages/airflow/example_dags/tutorial_dag.py
[2023-05-05T10:20:59.221+0000] {processor.py:753} INFO - DAG(s) dict_keys(['tutorial_dag']) retrieved from /home/airflow/.local/lib/python3.7/site-packages/airflow/example_dags/tutorial_dag.py
[2023-05-05T10:20:59.278+0000] {logging_mixin.py:137} INFO - [2023-05-05T10:20:59.278+0000] {dag.py:2705} INFO - Sync 1 DAGs
[2023-05-05T10:20:59.358+0000] {logging_mixin.py:137} INFO - [2023-05-05T10:20:59.358+0000] {dag.py:3456} INFO - Setting next_dagrun for tutorial_dag to None, run_after=None
[2023-05-05T10:20:59.409+0000] {processor.py:175} INFO - Processing /home/airflow/.local/lib/python3.7/site-packages/airflow/example_dags/tutorial_dag.py took 0.335 seconds
[2023-05-05T10:21:30.477+0000] {processor.py:153} INFO - Started process (PID=2309) to work on /home/airflow/.local/lib/python3.7/site-packages/airflow/example_dags/tutorial_dag.py
[2023-05-05T10:21:30.486+0000] {processor.py:743} INFO - Processing file /home/airflow/.local/lib/python3.7/site-packages/airflow/example_dags/tutorial_dag.py for tasks to queue
[2023-05-05T10:21:30.488+0000] {logging_mixin.py:137} INFO - [2023-05-05T10:21:30.488+0000] {dagbag.py:532} INFO - Filling up the DagBag from /home/airflow/.local/lib/python3.7/site-packages/airflow/example_dags/tutorial_dag.py
[2023-05-05T10:21:30.538+0000] {processor.py:753} INFO - DAG(s) dict_keys(['tutorial_dag']) retrieved from /home/airflow/.local/lib/python3.7/site-packages/airflow/example_dags/tutorial_dag.py
[2023-05-05T10:21:30.646+0000] {logging_mixin.py:137} INFO - [2023-05-05T10:21:30.646+0000] {dag.py:2705} INFO - Sync 1 DAGs
[2023-05-05T10:21:30.780+0000] {logging_mixin.py:137} INFO - [2023-05-05T10:21:30.779+0000] {dag.py:3456} INFO - Setting next_dagrun for tutorial_dag to None, run_after=None
[2023-05-05T10:21:30.845+0000] {processor.py:175} INFO - Processing /home/airflow/.local/lib/python3.7/site-packages/airflow/example_dags/tutorial_dag.py took 0.372 seconds
[2023-05-05T10:22:01.289+0000] {processor.py:153} INFO - Started process (PID=2362) to work on /home/airflow/.local/lib/python3.7/site-packages/airflow/example_dags/tutorial_dag.py
[2023-05-05T10:22:01.291+0000] {processor.py:743} INFO - Processing file /home/airflow/.local/lib/python3.7/site-packages/airflow/example_dags/tutorial_dag.py for tasks to queue
[2023-05-05T10:22:01.295+0000] {logging_mixin.py:137} INFO - [2023-05-05T10:22:01.295+0000] {dagbag.py:532} INFO - Filling up the DagBag from /home/airflow/.local/lib/python3.7/site-packages/airflow/example_dags/tutorial_dag.py
[2023-05-05T10:22:01.321+0000] {processor.py:753} INFO - DAG(s) dict_keys(['tutorial_dag']) retrieved from /home/airflow/.local/lib/python3.7/site-packages/airflow/example_dags/tutorial_dag.py
[2023-05-05T10:22:01.384+0000] {logging_mixin.py:137} INFO - [2023-05-05T10:22:01.384+0000] {dag.py:2705} INFO - Sync 1 DAGs
[2023-05-05T10:22:01.457+0000] {logging_mixin.py:137} INFO - [2023-05-05T10:22:01.457+0000] {dag.py:3456} INFO - Setting next_dagrun for tutorial_dag to None, run_after=None
[2023-05-05T10:22:01.500+0000] {processor.py:175} INFO - Processing /home/airflow/.local/lib/python3.7/site-packages/airflow/example_dags/tutorial_dag.py took 0.221 seconds
[2023-05-05T10:22:31.731+0000] {processor.py:153} INFO - Started process (PID=2414) to work on /home/airflow/.local/lib/python3.7/site-packages/airflow/example_dags/tutorial_dag.py
[2023-05-05T10:22:31.737+0000] {processor.py:743} INFO - Processing file /home/airflow/.local/lib/python3.7/site-packages/airflow/example_dags/tutorial_dag.py for tasks to queue
[2023-05-05T10:22:31.740+0000] {logging_mixin.py:137} INFO - [2023-05-05T10:22:31.740+0000] {dagbag.py:532} INFO - Filling up the DagBag from /home/airflow/.local/lib/python3.7/site-packages/airflow/example_dags/tutorial_dag.py
[2023-05-05T10:22:31.763+0000] {processor.py:753} INFO - DAG(s) dict_keys(['tutorial_dag']) retrieved from /home/airflow/.local/lib/python3.7/site-packages/airflow/example_dags/tutorial_dag.py
[2023-05-05T10:22:31.812+0000] {logging_mixin.py:137} INFO - [2023-05-05T10:22:31.812+0000] {dag.py:2705} INFO - Sync 1 DAGs
[2023-05-05T10:22:31.855+0000] {logging_mixin.py:137} INFO - [2023-05-05T10:22:31.855+0000] {dag.py:3456} INFO - Setting next_dagrun for tutorial_dag to None, run_after=None
[2023-05-05T10:22:31.891+0000] {processor.py:175} INFO - Processing /home/airflow/.local/lib/python3.7/site-packages/airflow/example_dags/tutorial_dag.py took 0.169 seconds
[2023-05-05T10:23:02.029+0000] {processor.py:153} INFO - Started process (PID=2466) to work on /home/airflow/.local/lib/python3.7/site-packages/airflow/example_dags/tutorial_dag.py
[2023-05-05T10:23:02.032+0000] {processor.py:743} INFO - Processing file /home/airflow/.local/lib/python3.7/site-packages/airflow/example_dags/tutorial_dag.py for tasks to queue
[2023-05-05T10:23:02.035+0000] {logging_mixin.py:137} INFO - [2023-05-05T10:23:02.035+0000] {dagbag.py:532} INFO - Filling up the DagBag from /home/airflow/.local/lib/python3.7/site-packages/airflow/example_dags/tutorial_dag.py
[2023-05-05T10:23:02.062+0000] {processor.py:753} INFO - DAG(s) dict_keys(['tutorial_dag']) retrieved from /home/airflow/.local/lib/python3.7/site-packages/airflow/example_dags/tutorial_dag.py
[2023-05-05T10:23:02.130+0000] {logging_mixin.py:137} INFO - [2023-05-05T10:23:02.129+0000] {dag.py:2705} INFO - Sync 1 DAGs
[2023-05-05T10:23:02.190+0000] {logging_mixin.py:137} INFO - [2023-05-05T10:23:02.190+0000] {dag.py:3456} INFO - Setting next_dagrun for tutorial_dag to None, run_after=None
[2023-05-05T10:23:02.238+0000] {processor.py:175} INFO - Processing /home/airflow/.local/lib/python3.7/site-packages/airflow/example_dags/tutorial_dag.py took 0.215 seconds
[2023-05-05T10:23:33.196+0000] {processor.py:153} INFO - Started process (PID=2523) to work on /home/airflow/.local/lib/python3.7/site-packages/airflow/example_dags/tutorial_dag.py
[2023-05-05T10:23:33.199+0000] {processor.py:743} INFO - Processing file /home/airflow/.local/lib/python3.7/site-packages/airflow/example_dags/tutorial_dag.py for tasks to queue
[2023-05-05T10:23:33.201+0000] {logging_mixin.py:137} INFO - [2023-05-05T10:23:33.201+0000] {dagbag.py:532} INFO - Filling up the DagBag from /home/airflow/.local/lib/python3.7/site-packages/airflow/example_dags/tutorial_dag.py
[2023-05-05T10:23:33.245+0000] {processor.py:753} INFO - DAG(s) dict_keys(['tutorial_dag']) retrieved from /home/airflow/.local/lib/python3.7/site-packages/airflow/example_dags/tutorial_dag.py
[2023-05-05T10:23:33.336+0000] {logging_mixin.py:137} INFO - [2023-05-05T10:23:33.336+0000] {dag.py:2705} INFO - Sync 1 DAGs
[2023-05-05T10:23:33.398+0000] {logging_mixin.py:137} INFO - [2023-05-05T10:23:33.398+0000] {dag.py:3456} INFO - Setting next_dagrun for tutorial_dag to None, run_after=None
[2023-05-05T10:23:33.436+0000] {processor.py:175} INFO - Processing /home/airflow/.local/lib/python3.7/site-packages/airflow/example_dags/tutorial_dag.py took 0.250 seconds
[2023-05-05T10:24:03.904+0000] {processor.py:153} INFO - Started process (PID=2575) to work on /home/airflow/.local/lib/python3.7/site-packages/airflow/example_dags/tutorial_dag.py
[2023-05-05T10:24:03.907+0000] {processor.py:743} INFO - Processing file /home/airflow/.local/lib/python3.7/site-packages/airflow/example_dags/tutorial_dag.py for tasks to queue
[2023-05-05T10:24:03.910+0000] {logging_mixin.py:137} INFO - [2023-05-05T10:24:03.910+0000] {dagbag.py:532} INFO - Filling up the DagBag from /home/airflow/.local/lib/python3.7/site-packages/airflow/example_dags/tutorial_dag.py
[2023-05-05T10:24:03.937+0000] {processor.py:753} INFO - DAG(s) dict_keys(['tutorial_dag']) retrieved from /home/airflow/.local/lib/python3.7/site-packages/airflow/example_dags/tutorial_dag.py
[2023-05-05T10:24:03.979+0000] {logging_mixin.py:137} INFO - [2023-05-05T10:24:03.979+0000] {dag.py:2705} INFO - Sync 1 DAGs
[2023-05-05T10:24:04.038+0000] {logging_mixin.py:137} INFO - [2023-05-05T10:24:04.038+0000] {dag.py:3456} INFO - Setting next_dagrun for tutorial_dag to None, run_after=None
[2023-05-05T10:24:04.068+0000] {processor.py:175} INFO - Processing /home/airflow/.local/lib/python3.7/site-packages/airflow/example_dags/tutorial_dag.py took 0.174 seconds
[2023-05-05T10:24:36.651+0000] {processor.py:153} INFO - Started process (PID=2627) to work on /home/airflow/.local/lib/python3.7/site-packages/airflow/example_dags/tutorial_dag.py
[2023-05-05T10:24:36.660+0000] {processor.py:743} INFO - Processing file /home/airflow/.local/lib/python3.7/site-packages/airflow/example_dags/tutorial_dag.py for tasks to queue
[2023-05-05T10:24:36.666+0000] {logging_mixin.py:137} INFO - [2023-05-05T10:24:36.665+0000] {dagbag.py:532} INFO - Filling up the DagBag from /home/airflow/.local/lib/python3.7/site-packages/airflow/example_dags/tutorial_dag.py
[2023-05-05T10:24:36.774+0000] {processor.py:753} INFO - DAG(s) dict_keys(['tutorial_dag']) retrieved from /home/airflow/.local/lib/python3.7/site-packages/airflow/example_dags/tutorial_dag.py
[2023-05-05T10:24:36.911+0000] {logging_mixin.py:137} INFO - [2023-05-05T10:24:36.911+0000] {dag.py:2705} INFO - Sync 1 DAGs
[2023-05-05T10:24:37.062+0000] {logging_mixin.py:137} INFO - [2023-05-05T10:24:37.062+0000] {dag.py:3456} INFO - Setting next_dagrun for tutorial_dag to None, run_after=None
[2023-05-05T10:24:37.152+0000] {processor.py:175} INFO - Processing /home/airflow/.local/lib/python3.7/site-packages/airflow/example_dags/tutorial_dag.py took 0.522 seconds
[2023-05-05T10:25:07.608+0000] {processor.py:153} INFO - Started process (PID=2679) to work on /home/airflow/.local/lib/python3.7/site-packages/airflow/example_dags/tutorial_dag.py
[2023-05-05T10:25:07.613+0000] {processor.py:743} INFO - Processing file /home/airflow/.local/lib/python3.7/site-packages/airflow/example_dags/tutorial_dag.py for tasks to queue
[2023-05-05T10:25:07.614+0000] {logging_mixin.py:137} INFO - [2023-05-05T10:25:07.614+0000] {dagbag.py:532} INFO - Filling up the DagBag from /home/airflow/.local/lib/python3.7/site-packages/airflow/example_dags/tutorial_dag.py
[2023-05-05T10:25:07.656+0000] {processor.py:753} INFO - DAG(s) dict_keys(['tutorial_dag']) retrieved from /home/airflow/.local/lib/python3.7/site-packages/airflow/example_dags/tutorial_dag.py
[2023-05-05T10:25:07.733+0000] {logging_mixin.py:137} INFO - [2023-05-05T10:25:07.733+0000] {dag.py:2705} INFO - Sync 1 DAGs
[2023-05-05T10:25:07.820+0000] {logging_mixin.py:137} INFO - [2023-05-05T10:25:07.820+0000] {dag.py:3456} INFO - Setting next_dagrun for tutorial_dag to None, run_after=None
[2023-05-05T10:25:07.927+0000] {processor.py:175} INFO - Processing /home/airflow/.local/lib/python3.7/site-packages/airflow/example_dags/tutorial_dag.py took 0.336 seconds
[2023-05-05T10:25:38.264+0000] {processor.py:153} INFO - Started process (PID=2732) to work on /home/airflow/.local/lib/python3.7/site-packages/airflow/example_dags/tutorial_dag.py
[2023-05-05T10:25:38.267+0000] {processor.py:743} INFO - Processing file /home/airflow/.local/lib/python3.7/site-packages/airflow/example_dags/tutorial_dag.py for tasks to queue
[2023-05-05T10:25:38.271+0000] {logging_mixin.py:137} INFO - [2023-05-05T10:25:38.271+0000] {dagbag.py:532} INFO - Filling up the DagBag from /home/airflow/.local/lib/python3.7/site-packages/airflow/example_dags/tutorial_dag.py
[2023-05-05T10:25:38.299+0000] {processor.py:753} INFO - DAG(s) dict_keys(['tutorial_dag']) retrieved from /home/airflow/.local/lib/python3.7/site-packages/airflow/example_dags/tutorial_dag.py
[2023-05-05T10:25:38.345+0000] {logging_mixin.py:137} INFO - [2023-05-05T10:25:38.344+0000] {dag.py:2705} INFO - Sync 1 DAGs
[2023-05-05T10:25:38.382+0000] {logging_mixin.py:137} INFO - [2023-05-05T10:25:38.382+0000] {dag.py:3456} INFO - Setting next_dagrun for tutorial_dag to None, run_after=None
[2023-05-05T10:25:38.407+0000] {processor.py:175} INFO - Processing /home/airflow/.local/lib/python3.7/site-packages/airflow/example_dags/tutorial_dag.py took 0.157 seconds
[2023-05-05T10:26:09.002+0000] {processor.py:153} INFO - Started process (PID=2783) to work on /home/airflow/.local/lib/python3.7/site-packages/airflow/example_dags/tutorial_dag.py
[2023-05-05T10:26:09.005+0000] {processor.py:743} INFO - Processing file /home/airflow/.local/lib/python3.7/site-packages/airflow/example_dags/tutorial_dag.py for tasks to queue
[2023-05-05T10:26:09.008+0000] {logging_mixin.py:137} INFO - [2023-05-05T10:26:09.008+0000] {dagbag.py:532} INFO - Filling up the DagBag from /home/airflow/.local/lib/python3.7/site-packages/airflow/example_dags/tutorial_dag.py
[2023-05-05T10:26:09.039+0000] {processor.py:753} INFO - DAG(s) dict_keys(['tutorial_dag']) retrieved from /home/airflow/.local/lib/python3.7/site-packages/airflow/example_dags/tutorial_dag.py
[2023-05-05T10:26:09.096+0000] {logging_mixin.py:137} INFO - [2023-05-05T10:26:09.096+0000] {dag.py:2705} INFO - Sync 1 DAGs
[2023-05-05T10:26:09.149+0000] {logging_mixin.py:137} INFO - [2023-05-05T10:26:09.149+0000] {dag.py:3456} INFO - Setting next_dagrun for tutorial_dag to None, run_after=None
[2023-05-05T10:26:09.188+0000] {processor.py:175} INFO - Processing /home/airflow/.local/lib/python3.7/site-packages/airflow/example_dags/tutorial_dag.py took 0.193 seconds
[2023-05-05T10:26:40.011+0000] {processor.py:153} INFO - Started process (PID=2835) to work on /home/airflow/.local/lib/python3.7/site-packages/airflow/example_dags/tutorial_dag.py
[2023-05-05T10:26:40.014+0000] {processor.py:743} INFO - Processing file /home/airflow/.local/lib/python3.7/site-packages/airflow/example_dags/tutorial_dag.py for tasks to queue
[2023-05-05T10:26:40.017+0000] {logging_mixin.py:137} INFO - [2023-05-05T10:26:40.017+0000] {dagbag.py:532} INFO - Filling up the DagBag from /home/airflow/.local/lib/python3.7/site-packages/airflow/example_dags/tutorial_dag.py
[2023-05-05T10:26:40.049+0000] {processor.py:753} INFO - DAG(s) dict_keys(['tutorial_dag']) retrieved from /home/airflow/.local/lib/python3.7/site-packages/airflow/example_dags/tutorial_dag.py
[2023-05-05T10:26:40.103+0000] {logging_mixin.py:137} INFO - [2023-05-05T10:26:40.103+0000] {dag.py:2705} INFO - Sync 1 DAGs
[2023-05-05T10:26:40.153+0000] {logging_mixin.py:137} INFO - [2023-05-05T10:26:40.152+0000] {dag.py:3456} INFO - Setting next_dagrun for tutorial_dag to None, run_after=None
[2023-05-05T10:26:40.186+0000] {processor.py:175} INFO - Processing /home/airflow/.local/lib/python3.7/site-packages/airflow/example_dags/tutorial_dag.py took 0.184 seconds
[2023-05-05T10:27:10.497+0000] {processor.py:153} INFO - Started process (PID=2887) to work on /home/airflow/.local/lib/python3.7/site-packages/airflow/example_dags/tutorial_dag.py
[2023-05-05T10:27:10.500+0000] {processor.py:743} INFO - Processing file /home/airflow/.local/lib/python3.7/site-packages/airflow/example_dags/tutorial_dag.py for tasks to queue
[2023-05-05T10:27:10.503+0000] {logging_mixin.py:137} INFO - [2023-05-05T10:27:10.502+0000] {dagbag.py:532} INFO - Filling up the DagBag from /home/airflow/.local/lib/python3.7/site-packages/airflow/example_dags/tutorial_dag.py
[2023-05-05T10:27:10.533+0000] {processor.py:753} INFO - DAG(s) dict_keys(['tutorial_dag']) retrieved from /home/airflow/.local/lib/python3.7/site-packages/airflow/example_dags/tutorial_dag.py
[2023-05-05T10:27:10.574+0000] {logging_mixin.py:137} INFO - [2023-05-05T10:27:10.574+0000] {dag.py:2705} INFO - Sync 1 DAGs
[2023-05-05T10:27:10.614+0000] {logging_mixin.py:137} INFO - [2023-05-05T10:27:10.614+0000] {dag.py:3456} INFO - Setting next_dagrun for tutorial_dag to None, run_after=None
[2023-05-05T10:27:10.640+0000] {processor.py:175} INFO - Processing /home/airflow/.local/lib/python3.7/site-packages/airflow/example_dags/tutorial_dag.py took 0.150 seconds
[2023-05-05T10:27:41.206+0000] {processor.py:153} INFO - Started process (PID=2938) to work on /home/airflow/.local/lib/python3.7/site-packages/airflow/example_dags/tutorial_dag.py
[2023-05-05T10:27:41.209+0000] {processor.py:743} INFO - Processing file /home/airflow/.local/lib/python3.7/site-packages/airflow/example_dags/tutorial_dag.py for tasks to queue
[2023-05-05T10:27:41.212+0000] {logging_mixin.py:137} INFO - [2023-05-05T10:27:41.212+0000] {dagbag.py:532} INFO - Filling up the DagBag from /home/airflow/.local/lib/python3.7/site-packages/airflow/example_dags/tutorial_dag.py
[2023-05-05T10:27:41.232+0000] {processor.py:753} INFO - DAG(s) dict_keys(['tutorial_dag']) retrieved from /home/airflow/.local/lib/python3.7/site-packages/airflow/example_dags/tutorial_dag.py
[2023-05-05T10:27:41.273+0000] {logging_mixin.py:137} INFO - [2023-05-05T10:27:41.272+0000] {dag.py:2705} INFO - Sync 1 DAGs
[2023-05-05T10:27:41.314+0000] {logging_mixin.py:137} INFO - [2023-05-05T10:27:41.313+0000] {dag.py:3456} INFO - Setting next_dagrun for tutorial_dag to None, run_after=None
[2023-05-05T10:27:41.343+0000] {processor.py:175} INFO - Processing /home/airflow/.local/lib/python3.7/site-packages/airflow/example_dags/tutorial_dag.py took 0.144 seconds
[2023-05-05T10:28:11.927+0000] {processor.py:153} INFO - Started process (PID=2990) to work on /home/airflow/.local/lib/python3.7/site-packages/airflow/example_dags/tutorial_dag.py
[2023-05-05T10:28:11.929+0000] {processor.py:743} INFO - Processing file /home/airflow/.local/lib/python3.7/site-packages/airflow/example_dags/tutorial_dag.py for tasks to queue
[2023-05-05T10:28:11.930+0000] {logging_mixin.py:137} INFO - [2023-05-05T10:28:11.930+0000] {dagbag.py:532} INFO - Filling up the DagBag from /home/airflow/.local/lib/python3.7/site-packages/airflow/example_dags/tutorial_dag.py
[2023-05-05T10:28:11.956+0000] {processor.py:753} INFO - DAG(s) dict_keys(['tutorial_dag']) retrieved from /home/airflow/.local/lib/python3.7/site-packages/airflow/example_dags/tutorial_dag.py
[2023-05-05T10:28:11.995+0000] {logging_mixin.py:137} INFO - [2023-05-05T10:28:11.995+0000] {dag.py:2705} INFO - Sync 1 DAGs
[2023-05-05T10:28:12.045+0000] {logging_mixin.py:137} INFO - [2023-05-05T10:28:12.045+0000] {dag.py:3456} INFO - Setting next_dagrun for tutorial_dag to None, run_after=None
[2023-05-05T10:28:12.074+0000] {processor.py:175} INFO - Processing /home/airflow/.local/lib/python3.7/site-packages/airflow/example_dags/tutorial_dag.py took 0.153 seconds
[2023-05-05T10:28:42.881+0000] {processor.py:153} INFO - Started process (PID=3042) to work on /home/airflow/.local/lib/python3.7/site-packages/airflow/example_dags/tutorial_dag.py
[2023-05-05T10:28:42.899+0000] {processor.py:743} INFO - Processing file /home/airflow/.local/lib/python3.7/site-packages/airflow/example_dags/tutorial_dag.py for tasks to queue
[2023-05-05T10:28:42.909+0000] {logging_mixin.py:137} INFO - [2023-05-05T10:28:42.907+0000] {dagbag.py:532} INFO - Filling up the DagBag from /home/airflow/.local/lib/python3.7/site-packages/airflow/example_dags/tutorial_dag.py
[2023-05-05T10:28:42.960+0000] {processor.py:753} INFO - DAG(s) dict_keys(['tutorial_dag']) retrieved from /home/airflow/.local/lib/python3.7/site-packages/airflow/example_dags/tutorial_dag.py
[2023-05-05T10:28:43.034+0000] {logging_mixin.py:137} INFO - [2023-05-05T10:28:43.033+0000] {dag.py:2705} INFO - Sync 1 DAGs
[2023-05-05T10:28:43.104+0000] {logging_mixin.py:137} INFO - [2023-05-05T10:28:43.100+0000] {dag.py:3456} INFO - Setting next_dagrun for tutorial_dag to None, run_after=None
[2023-05-05T10:28:43.154+0000] {processor.py:175} INFO - Processing /home/airflow/.local/lib/python3.7/site-packages/airflow/example_dags/tutorial_dag.py took 0.309 seconds
[2023-05-05T10:29:13.467+0000] {processor.py:153} INFO - Started process (PID=3094) to work on /home/airflow/.local/lib/python3.7/site-packages/airflow/example_dags/tutorial_dag.py
[2023-05-05T10:29:13.474+0000] {processor.py:743} INFO - Processing file /home/airflow/.local/lib/python3.7/site-packages/airflow/example_dags/tutorial_dag.py for tasks to queue
[2023-05-05T10:29:13.477+0000] {logging_mixin.py:137} INFO - [2023-05-05T10:29:13.477+0000] {dagbag.py:532} INFO - Filling up the DagBag from /home/airflow/.local/lib/python3.7/site-packages/airflow/example_dags/tutorial_dag.py
[2023-05-05T10:29:13.590+0000] {processor.py:753} INFO - DAG(s) dict_keys(['tutorial_dag']) retrieved from /home/airflow/.local/lib/python3.7/site-packages/airflow/example_dags/tutorial_dag.py
[2023-05-05T10:29:13.658+0000] {logging_mixin.py:137} INFO - [2023-05-05T10:29:13.657+0000] {dag.py:2705} INFO - Sync 1 DAGs
[2023-05-05T10:29:13.703+0000] {logging_mixin.py:137} INFO - [2023-05-05T10:29:13.703+0000] {dag.py:3456} INFO - Setting next_dagrun for tutorial_dag to None, run_after=None
[2023-05-05T10:29:13.736+0000] {processor.py:175} INFO - Processing /home/airflow/.local/lib/python3.7/site-packages/airflow/example_dags/tutorial_dag.py took 0.274 seconds
[2023-05-05T10:29:43.823+0000] {processor.py:153} INFO - Started process (PID=3145) to work on /home/airflow/.local/lib/python3.7/site-packages/airflow/example_dags/tutorial_dag.py
[2023-05-05T10:29:43.826+0000] {processor.py:743} INFO - Processing file /home/airflow/.local/lib/python3.7/site-packages/airflow/example_dags/tutorial_dag.py for tasks to queue
[2023-05-05T10:29:43.828+0000] {logging_mixin.py:137} INFO - [2023-05-05T10:29:43.828+0000] {dagbag.py:532} INFO - Filling up the DagBag from /home/airflow/.local/lib/python3.7/site-packages/airflow/example_dags/tutorial_dag.py
[2023-05-05T10:29:43.860+0000] {processor.py:753} INFO - DAG(s) dict_keys(['tutorial_dag']) retrieved from /home/airflow/.local/lib/python3.7/site-packages/airflow/example_dags/tutorial_dag.py
[2023-05-05T10:29:43.907+0000] {logging_mixin.py:137} INFO - [2023-05-05T10:29:43.907+0000] {dag.py:2705} INFO - Sync 1 DAGs
[2023-05-05T10:29:43.954+0000] {logging_mixin.py:137} INFO - [2023-05-05T10:29:43.954+0000] {dag.py:3456} INFO - Setting next_dagrun for tutorial_dag to None, run_after=None
[2023-05-05T10:29:43.997+0000] {processor.py:175} INFO - Processing /home/airflow/.local/lib/python3.7/site-packages/airflow/example_dags/tutorial_dag.py took 0.183 seconds
[2023-05-05T10:30:14.765+0000] {processor.py:153} INFO - Started process (PID=3197) to work on /home/airflow/.local/lib/python3.7/site-packages/airflow/example_dags/tutorial_dag.py
[2023-05-05T10:30:14.768+0000] {processor.py:743} INFO - Processing file /home/airflow/.local/lib/python3.7/site-packages/airflow/example_dags/tutorial_dag.py for tasks to queue
[2023-05-05T10:30:14.770+0000] {logging_mixin.py:137} INFO - [2023-05-05T10:30:14.769+0000] {dagbag.py:532} INFO - Filling up the DagBag from /home/airflow/.local/lib/python3.7/site-packages/airflow/example_dags/tutorial_dag.py
[2023-05-05T10:30:14.791+0000] {processor.py:753} INFO - DAG(s) dict_keys(['tutorial_dag']) retrieved from /home/airflow/.local/lib/python3.7/site-packages/airflow/example_dags/tutorial_dag.py
[2023-05-05T10:30:14.832+0000] {logging_mixin.py:137} INFO - [2023-05-05T10:30:14.832+0000] {dag.py:2705} INFO - Sync 1 DAGs
[2023-05-05T10:30:14.878+0000] {logging_mixin.py:137} INFO - [2023-05-05T10:30:14.878+0000] {dag.py:3456} INFO - Setting next_dagrun for tutorial_dag to None, run_after=None
[2023-05-05T10:30:14.903+0000] {processor.py:175} INFO - Processing /home/airflow/.local/lib/python3.7/site-packages/airflow/example_dags/tutorial_dag.py took 0.147 seconds
[2023-05-05T10:34:02.154+0000] {processor.py:153} INFO - Started process (PID=3247) to work on /home/airflow/.local/lib/python3.7/site-packages/airflow/example_dags/tutorial_dag.py
[2023-05-05T10:34:02.178+0000] {processor.py:743} INFO - Processing file /home/airflow/.local/lib/python3.7/site-packages/airflow/example_dags/tutorial_dag.py for tasks to queue
[2023-05-05T10:34:02.234+0000] {logging_mixin.py:137} INFO - [2023-05-05T10:34:02.233+0000] {dagbag.py:532} INFO - Filling up the DagBag from /home/airflow/.local/lib/python3.7/site-packages/airflow/example_dags/tutorial_dag.py
[2023-05-05T10:34:02.487+0000] {processor.py:753} INFO - DAG(s) dict_keys(['tutorial_dag']) retrieved from /home/airflow/.local/lib/python3.7/site-packages/airflow/example_dags/tutorial_dag.py
[2023-05-05T10:39:21.856+0000] {logging_mixin.py:137} INFO - [2023-05-05T10:39:21.855+0000] {dag.py:2705} INFO - Sync 1 DAGs
[2023-05-05T10:39:22.595+0000] {logging_mixin.py:137} INFO - [2023-05-05T10:39:22.588+0000] {dag.py:3456} INFO - Setting next_dagrun for tutorial_dag to None, run_after=None
[2023-05-05T10:39:56.230+0000] {processor.py:153} INFO - Started process (PID=3306) to work on /home/airflow/.local/lib/python3.7/site-packages/airflow/example_dags/tutorial_dag.py
[2023-05-05T10:39:56.249+0000] {processor.py:743} INFO - Processing file /home/airflow/.local/lib/python3.7/site-packages/airflow/example_dags/tutorial_dag.py for tasks to queue
[2023-05-05T10:39:56.267+0000] {logging_mixin.py:137} INFO - [2023-05-05T10:39:56.266+0000] {dagbag.py:532} INFO - Filling up the DagBag from /home/airflow/.local/lib/python3.7/site-packages/airflow/example_dags/tutorial_dag.py
[2023-05-05T10:39:56.391+0000] {processor.py:753} INFO - DAG(s) dict_keys(['tutorial_dag']) retrieved from /home/airflow/.local/lib/python3.7/site-packages/airflow/example_dags/tutorial_dag.py
[2023-05-05T10:39:56.878+0000] {logging_mixin.py:137} INFO - [2023-05-05T10:39:56.877+0000] {dag.py:2705} INFO - Sync 1 DAGs
[2023-05-05T10:39:57.031+0000] {logging_mixin.py:137} INFO - [2023-05-05T10:39:57.030+0000] {dag.py:3456} INFO - Setting next_dagrun for tutorial_dag to None, run_after=None
[2023-05-05T10:39:57.203+0000] {processor.py:175} INFO - Processing /home/airflow/.local/lib/python3.7/site-packages/airflow/example_dags/tutorial_dag.py took 0.996 seconds
[2023-05-05T10:55:38.854+0000] {processor.py:153} INFO - Started process (PID=3351) to work on /home/airflow/.local/lib/python3.7/site-packages/airflow/example_dags/tutorial_dag.py
[2023-05-05T10:55:38.857+0000] {processor.py:743} INFO - Processing file /home/airflow/.local/lib/python3.7/site-packages/airflow/example_dags/tutorial_dag.py for tasks to queue
[2023-05-05T10:55:38.858+0000] {logging_mixin.py:137} INFO - [2023-05-05T10:55:38.858+0000] {dagbag.py:532} INFO - Filling up the DagBag from /home/airflow/.local/lib/python3.7/site-packages/airflow/example_dags/tutorial_dag.py
[2023-05-05T10:55:38.882+0000] {processor.py:753} INFO - DAG(s) dict_keys(['tutorial_dag']) retrieved from /home/airflow/.local/lib/python3.7/site-packages/airflow/example_dags/tutorial_dag.py
[2023-05-05T10:55:38.926+0000] {logging_mixin.py:137} INFO - [2023-05-05T10:55:38.926+0000] {dag.py:2705} INFO - Sync 1 DAGs
[2023-05-05T10:55:38.962+0000] {logging_mixin.py:137} INFO - [2023-05-05T10:55:38.962+0000] {dag.py:3456} INFO - Setting next_dagrun for tutorial_dag to None, run_after=None
[2023-05-05T10:55:38.988+0000] {processor.py:175} INFO - Processing /home/airflow/.local/lib/python3.7/site-packages/airflow/example_dags/tutorial_dag.py took 0.141 seconds
[2023-05-05T12:56:14.983+0000] {processor.py:153} INFO - Started process (PID=3411) to work on /home/airflow/.local/lib/python3.7/site-packages/airflow/example_dags/tutorial_dag.py
[2023-05-05T12:56:15.041+0000] {processor.py:743} INFO - Processing file /home/airflow/.local/lib/python3.7/site-packages/airflow/example_dags/tutorial_dag.py for tasks to queue
[2023-05-05T12:56:15.119+0000] {logging_mixin.py:137} INFO - [2023-05-05T12:56:15.107+0000] {dagbag.py:532} INFO - Filling up the DagBag from /home/airflow/.local/lib/python3.7/site-packages/airflow/example_dags/tutorial_dag.py
[2023-05-05T12:56:16.032+0000] {processor.py:753} INFO - DAG(s) dict_keys(['tutorial_dag']) retrieved from /home/airflow/.local/lib/python3.7/site-packages/airflow/example_dags/tutorial_dag.py
[2023-05-05T12:56:16.588+0000] {logging_mixin.py:137} INFO - [2023-05-05T12:56:16.587+0000] {dag.py:2705} INFO - Sync 1 DAGs
[2023-05-05T12:56:16.929+0000] {logging_mixin.py:137} INFO - [2023-05-05T12:56:16.927+0000] {dag.py:3456} INFO - Setting next_dagrun for tutorial_dag to None, run_after=None
[2023-05-05T12:56:17.113+0000] {processor.py:175} INFO - Processing /home/airflow/.local/lib/python3.7/site-packages/airflow/example_dags/tutorial_dag.py took 2.551 seconds
[2023-05-05T13:10:05.726+0000] {processor.py:153} INFO - Started process (PID=3459) to work on /home/airflow/.local/lib/python3.7/site-packages/airflow/example_dags/tutorial_dag.py
[2023-05-05T13:10:05.742+0000] {processor.py:743} INFO - Processing file /home/airflow/.local/lib/python3.7/site-packages/airflow/example_dags/tutorial_dag.py for tasks to queue
[2023-05-05T13:10:05.754+0000] {logging_mixin.py:137} INFO - [2023-05-05T13:10:05.753+0000] {dagbag.py:532} INFO - Filling up the DagBag from /home/airflow/.local/lib/python3.7/site-packages/airflow/example_dags/tutorial_dag.py
[2023-05-05T13:10:05.845+0000] {processor.py:753} INFO - DAG(s) dict_keys(['tutorial_dag']) retrieved from /home/airflow/.local/lib/python3.7/site-packages/airflow/example_dags/tutorial_dag.py
[2023-05-05T13:10:06.032+0000] {logging_mixin.py:137} INFO - [2023-05-05T13:10:06.031+0000] {dag.py:2705} INFO - Sync 1 DAGs
[2023-05-05T13:10:06.199+0000] {logging_mixin.py:137} INFO - [2023-05-05T13:10:06.198+0000] {dag.py:3456} INFO - Setting next_dagrun for tutorial_dag to None, run_after=None
[2023-05-05T13:10:06.388+0000] {processor.py:175} INFO - Processing /home/airflow/.local/lib/python3.7/site-packages/airflow/example_dags/tutorial_dag.py took 0.713 seconds
[2023-05-05T13:29:54.202+0000] {processor.py:153} INFO - Started process (PID=3536) to work on /home/airflow/.local/lib/python3.7/site-packages/airflow/example_dags/tutorial_dag.py
[2023-05-05T13:29:54.227+0000] {processor.py:743} INFO - Processing file /home/airflow/.local/lib/python3.7/site-packages/airflow/example_dags/tutorial_dag.py for tasks to queue
[2023-05-05T13:29:54.250+0000] {logging_mixin.py:137} INFO - [2023-05-05T13:29:54.249+0000] {dagbag.py:532} INFO - Filling up the DagBag from /home/airflow/.local/lib/python3.7/site-packages/airflow/example_dags/tutorial_dag.py
[2023-05-05T13:29:54.412+0000] {processor.py:753} INFO - DAG(s) dict_keys(['tutorial_dag']) retrieved from /home/airflow/.local/lib/python3.7/site-packages/airflow/example_dags/tutorial_dag.py
[2023-05-05T13:29:54.586+0000] {logging_mixin.py:137} INFO - [2023-05-05T13:29:54.585+0000] {dag.py:2705} INFO - Sync 1 DAGs
[2023-05-05T13:29:54.757+0000] {logging_mixin.py:137} INFO - [2023-05-05T13:29:54.757+0000] {dag.py:3456} INFO - Setting next_dagrun for tutorial_dag to None, run_after=None
[2023-05-05T13:29:54.865+0000] {processor.py:175} INFO - Processing /home/airflow/.local/lib/python3.7/site-packages/airflow/example_dags/tutorial_dag.py took 0.708 seconds
[2023-05-05T14:23:53.265+0000] {processor.py:153} INFO - Started process (PID=3595) to work on /home/airflow/.local/lib/python3.7/site-packages/airflow/example_dags/tutorial_dag.py
[2023-05-05T14:23:53.275+0000] {processor.py:743} INFO - Processing file /home/airflow/.local/lib/python3.7/site-packages/airflow/example_dags/tutorial_dag.py for tasks to queue
[2023-05-05T14:23:53.277+0000] {logging_mixin.py:137} INFO - [2023-05-05T14:23:53.277+0000] {dagbag.py:532} INFO - Filling up the DagBag from /home/airflow/.local/lib/python3.7/site-packages/airflow/example_dags/tutorial_dag.py
[2023-05-05T14:23:53.326+0000] {processor.py:753} INFO - DAG(s) dict_keys(['tutorial_dag']) retrieved from /home/airflow/.local/lib/python3.7/site-packages/airflow/example_dags/tutorial_dag.py
[2023-05-05T14:23:53.437+0000] {logging_mixin.py:137} INFO - [2023-05-05T14:23:53.437+0000] {dag.py:2705} INFO - Sync 1 DAGs
[2023-05-05T14:23:53.603+0000] {logging_mixin.py:137} INFO - [2023-05-05T14:23:53.603+0000] {dag.py:3456} INFO - Setting next_dagrun for tutorial_dag to None, run_after=None
[2023-05-05T14:23:53.696+0000] {processor.py:175} INFO - Processing /home/airflow/.local/lib/python3.7/site-packages/airflow/example_dags/tutorial_dag.py took 0.436 seconds
[2023-05-05T14:28:41.652+0000] {processor.py:153} INFO - Started process (PID=3668) to work on /home/airflow/.local/lib/python3.7/site-packages/airflow/example_dags/tutorial_dag.py
[2023-05-05T14:28:41.660+0000] {processor.py:743} INFO - Processing file /home/airflow/.local/lib/python3.7/site-packages/airflow/example_dags/tutorial_dag.py for tasks to queue
[2023-05-05T14:28:41.666+0000] {logging_mixin.py:137} INFO - [2023-05-05T14:28:41.665+0000] {dagbag.py:532} INFO - Filling up the DagBag from /home/airflow/.local/lib/python3.7/site-packages/airflow/example_dags/tutorial_dag.py
[2023-05-05T14:28:41.731+0000] {processor.py:753} INFO - DAG(s) dict_keys(['tutorial_dag']) retrieved from /home/airflow/.local/lib/python3.7/site-packages/airflow/example_dags/tutorial_dag.py
[2023-05-05T14:28:41.890+0000] {logging_mixin.py:137} INFO - [2023-05-05T14:28:41.890+0000] {dag.py:2705} INFO - Sync 1 DAGs
[2023-05-05T14:28:41.981+0000] {logging_mixin.py:137} INFO - [2023-05-05T14:28:41.981+0000] {dag.py:3456} INFO - Setting next_dagrun for tutorial_dag to None, run_after=None
[2023-05-05T14:28:42.065+0000] {processor.py:175} INFO - Processing /home/airflow/.local/lib/python3.7/site-packages/airflow/example_dags/tutorial_dag.py took 0.430 seconds
[2023-05-05T14:29:12.139+0000] {processor.py:153} INFO - Started process (PID=3721) to work on /home/airflow/.local/lib/python3.7/site-packages/airflow/example_dags/tutorial_dag.py
[2023-05-05T14:29:12.142+0000] {processor.py:743} INFO - Processing file /home/airflow/.local/lib/python3.7/site-packages/airflow/example_dags/tutorial_dag.py for tasks to queue
[2023-05-05T14:29:12.144+0000] {logging_mixin.py:137} INFO - [2023-05-05T14:29:12.144+0000] {dagbag.py:532} INFO - Filling up the DagBag from /home/airflow/.local/lib/python3.7/site-packages/airflow/example_dags/tutorial_dag.py
[2023-05-05T14:29:12.170+0000] {processor.py:753} INFO - DAG(s) dict_keys(['tutorial_dag']) retrieved from /home/airflow/.local/lib/python3.7/site-packages/airflow/example_dags/tutorial_dag.py
[2023-05-05T14:29:12.210+0000] {logging_mixin.py:137} INFO - [2023-05-05T14:29:12.210+0000] {dag.py:2705} INFO - Sync 1 DAGs
[2023-05-05T14:29:12.248+0000] {logging_mixin.py:137} INFO - [2023-05-05T14:29:12.248+0000] {dag.py:3456} INFO - Setting next_dagrun for tutorial_dag to None, run_after=None
[2023-05-05T14:29:12.295+0000] {processor.py:175} INFO - Processing /home/airflow/.local/lib/python3.7/site-packages/airflow/example_dags/tutorial_dag.py took 0.164 seconds
[2023-05-05T14:29:42.711+0000] {processor.py:153} INFO - Started process (PID=3773) to work on /home/airflow/.local/lib/python3.7/site-packages/airflow/example_dags/tutorial_dag.py
[2023-05-05T14:29:42.715+0000] {processor.py:743} INFO - Processing file /home/airflow/.local/lib/python3.7/site-packages/airflow/example_dags/tutorial_dag.py for tasks to queue
[2023-05-05T14:29:42.718+0000] {logging_mixin.py:137} INFO - [2023-05-05T14:29:42.718+0000] {dagbag.py:532} INFO - Filling up the DagBag from /home/airflow/.local/lib/python3.7/site-packages/airflow/example_dags/tutorial_dag.py
[2023-05-05T14:29:42.762+0000] {processor.py:753} INFO - DAG(s) dict_keys(['tutorial_dag']) retrieved from /home/airflow/.local/lib/python3.7/site-packages/airflow/example_dags/tutorial_dag.py
[2023-05-05T14:29:42.833+0000] {logging_mixin.py:137} INFO - [2023-05-05T14:29:42.833+0000] {dag.py:2705} INFO - Sync 1 DAGs
[2023-05-05T14:29:42.892+0000] {logging_mixin.py:137} INFO - [2023-05-05T14:29:42.892+0000] {dag.py:3456} INFO - Setting next_dagrun for tutorial_dag to None, run_after=None
[2023-05-05T14:29:42.964+0000] {processor.py:175} INFO - Processing /home/airflow/.local/lib/python3.7/site-packages/airflow/example_dags/tutorial_dag.py took 0.266 seconds
[2023-05-05T14:30:13.534+0000] {processor.py:153} INFO - Started process (PID=3825) to work on /home/airflow/.local/lib/python3.7/site-packages/airflow/example_dags/tutorial_dag.py
[2023-05-05T14:30:13.536+0000] {processor.py:743} INFO - Processing file /home/airflow/.local/lib/python3.7/site-packages/airflow/example_dags/tutorial_dag.py for tasks to queue
[2023-05-05T14:30:13.537+0000] {logging_mixin.py:137} INFO - [2023-05-05T14:30:13.537+0000] {dagbag.py:532} INFO - Filling up the DagBag from /home/airflow/.local/lib/python3.7/site-packages/airflow/example_dags/tutorial_dag.py
[2023-05-05T14:30:13.559+0000] {processor.py:753} INFO - DAG(s) dict_keys(['tutorial_dag']) retrieved from /home/airflow/.local/lib/python3.7/site-packages/airflow/example_dags/tutorial_dag.py
[2023-05-05T14:30:13.602+0000] {logging_mixin.py:137} INFO - [2023-05-05T14:30:13.601+0000] {dag.py:2705} INFO - Sync 1 DAGs
[2023-05-05T14:30:13.638+0000] {logging_mixin.py:137} INFO - [2023-05-05T14:30:13.637+0000] {dag.py:3456} INFO - Setting next_dagrun for tutorial_dag to None, run_after=None
[2023-05-05T14:30:13.667+0000] {processor.py:175} INFO - Processing /home/airflow/.local/lib/python3.7/site-packages/airflow/example_dags/tutorial_dag.py took 0.140 seconds
[2023-05-05T15:40:57.906+0000] {processor.py:153} INFO - Started process (PID=3910) to work on /home/airflow/.local/lib/python3.7/site-packages/airflow/example_dags/tutorial_dag.py
[2023-05-05T15:40:57.917+0000] {processor.py:743} INFO - Processing file /home/airflow/.local/lib/python3.7/site-packages/airflow/example_dags/tutorial_dag.py for tasks to queue
[2023-05-05T15:40:57.926+0000] {logging_mixin.py:137} INFO - [2023-05-05T15:40:57.924+0000] {dagbag.py:532} INFO - Filling up the DagBag from /home/airflow/.local/lib/python3.7/site-packages/airflow/example_dags/tutorial_dag.py
[2023-05-05T15:40:58.019+0000] {processor.py:753} INFO - DAG(s) dict_keys(['tutorial_dag']) retrieved from /home/airflow/.local/lib/python3.7/site-packages/airflow/example_dags/tutorial_dag.py
[2023-05-05T15:40:58.128+0000] {logging_mixin.py:137} INFO - [2023-05-05T15:40:58.128+0000] {dag.py:2705} INFO - Sync 1 DAGs
[2023-05-05T15:40:58.271+0000] {logging_mixin.py:137} INFO - [2023-05-05T15:40:58.271+0000] {dag.py:3456} INFO - Setting next_dagrun for tutorial_dag to None, run_after=None
[2023-05-05T15:40:58.406+0000] {processor.py:175} INFO - Processing /home/airflow/.local/lib/python3.7/site-packages/airflow/example_dags/tutorial_dag.py took 0.518 seconds
[2023-05-05T15:41:29.438+0000] {processor.py:153} INFO - Started process (PID=3961) to work on /home/airflow/.local/lib/python3.7/site-packages/airflow/example_dags/tutorial_dag.py
[2023-05-05T15:41:29.440+0000] {processor.py:743} INFO - Processing file /home/airflow/.local/lib/python3.7/site-packages/airflow/example_dags/tutorial_dag.py for tasks to queue
[2023-05-05T15:41:29.443+0000] {logging_mixin.py:137} INFO - [2023-05-05T15:41:29.442+0000] {dagbag.py:532} INFO - Filling up the DagBag from /home/airflow/.local/lib/python3.7/site-packages/airflow/example_dags/tutorial_dag.py
[2023-05-05T15:41:29.465+0000] {processor.py:753} INFO - DAG(s) dict_keys(['tutorial_dag']) retrieved from /home/airflow/.local/lib/python3.7/site-packages/airflow/example_dags/tutorial_dag.py
[2023-05-05T15:41:29.501+0000] {logging_mixin.py:137} INFO - [2023-05-05T15:41:29.500+0000] {dag.py:2705} INFO - Sync 1 DAGs
[2023-05-05T15:41:29.532+0000] {logging_mixin.py:137} INFO - [2023-05-05T15:41:29.532+0000] {dag.py:3456} INFO - Setting next_dagrun for tutorial_dag to None, run_after=None
[2023-05-05T15:41:29.557+0000] {processor.py:175} INFO - Processing /home/airflow/.local/lib/python3.7/site-packages/airflow/example_dags/tutorial_dag.py took 0.124 seconds
[2023-05-05T16:15:16.339+0000] {processor.py:153} INFO - Started process (PID=4036) to work on /home/airflow/.local/lib/python3.7/site-packages/airflow/example_dags/tutorial_dag.py
[2023-05-05T16:15:16.353+0000] {processor.py:743} INFO - Processing file /home/airflow/.local/lib/python3.7/site-packages/airflow/example_dags/tutorial_dag.py for tasks to queue
[2023-05-05T16:15:16.370+0000] {logging_mixin.py:137} INFO - [2023-05-05T16:15:16.369+0000] {dagbag.py:532} INFO - Filling up the DagBag from /home/airflow/.local/lib/python3.7/site-packages/airflow/example_dags/tutorial_dag.py
[2023-05-05T16:15:16.521+0000] {processor.py:753} INFO - DAG(s) dict_keys(['tutorial_dag']) retrieved from /home/airflow/.local/lib/python3.7/site-packages/airflow/example_dags/tutorial_dag.py
[2023-05-05T16:15:16.750+0000] {logging_mixin.py:137} INFO - [2023-05-05T16:15:16.749+0000] {dag.py:2705} INFO - Sync 1 DAGs
[2023-05-05T16:15:16.911+0000] {logging_mixin.py:137} INFO - [2023-05-05T16:15:16.911+0000] {dag.py:3456} INFO - Setting next_dagrun for tutorial_dag to None, run_after=None
[2023-05-05T16:15:17.087+0000] {processor.py:175} INFO - Processing /home/airflow/.local/lib/python3.7/site-packages/airflow/example_dags/tutorial_dag.py took 0.790 seconds
[2023-05-05T17:40:09.253+0000] {processor.py:153} INFO - Started process (PID=4106) to work on /home/airflow/.local/lib/python3.7/site-packages/airflow/example_dags/tutorial_dag.py
[2023-05-05T17:40:09.268+0000] {processor.py:743} INFO - Processing file /home/airflow/.local/lib/python3.7/site-packages/airflow/example_dags/tutorial_dag.py for tasks to queue
[2023-05-05T17:40:09.272+0000] {logging_mixin.py:137} INFO - [2023-05-05T17:40:09.271+0000] {dagbag.py:532} INFO - Filling up the DagBag from /home/airflow/.local/lib/python3.7/site-packages/airflow/example_dags/tutorial_dag.py
[2023-05-05T17:40:09.322+0000] {processor.py:753} INFO - DAG(s) dict_keys(['tutorial_dag']) retrieved from /home/airflow/.local/lib/python3.7/site-packages/airflow/example_dags/tutorial_dag.py
[2023-05-05T17:40:09.361+0000] {logging_mixin.py:137} INFO - [2023-05-05T17:40:09.361+0000] {dag.py:2705} INFO - Sync 1 DAGs
[2023-05-05T17:40:09.392+0000] {logging_mixin.py:137} INFO - [2023-05-05T17:40:09.392+0000] {dag.py:3456} INFO - Setting next_dagrun for tutorial_dag to None, run_after=None
[2023-05-05T17:40:09.417+0000] {processor.py:175} INFO - Processing /home/airflow/.local/lib/python3.7/site-packages/airflow/example_dags/tutorial_dag.py took 0.169 seconds
[2023-05-05T18:34:36.046+0000] {processor.py:153} INFO - Started process (PID=4165) to work on /home/airflow/.local/lib/python3.7/site-packages/airflow/example_dags/tutorial_dag.py
[2023-05-05T18:34:36.065+0000] {processor.py:743} INFO - Processing file /home/airflow/.local/lib/python3.7/site-packages/airflow/example_dags/tutorial_dag.py for tasks to queue
[2023-05-05T18:34:36.070+0000] {logging_mixin.py:137} INFO - [2023-05-05T18:34:36.068+0000] {dagbag.py:532} INFO - Filling up the DagBag from /home/airflow/.local/lib/python3.7/site-packages/airflow/example_dags/tutorial_dag.py
[2023-05-05T18:34:36.144+0000] {processor.py:753} INFO - DAG(s) dict_keys(['tutorial_dag']) retrieved from /home/airflow/.local/lib/python3.7/site-packages/airflow/example_dags/tutorial_dag.py
[2023-05-05T18:34:36.292+0000] {logging_mixin.py:137} INFO - [2023-05-05T18:34:36.292+0000] {dag.py:2705} INFO - Sync 1 DAGs
[2023-05-05T18:34:36.397+0000] {logging_mixin.py:137} INFO - [2023-05-05T18:34:36.397+0000] {dag.py:3456} INFO - Setting next_dagrun for tutorial_dag to None, run_after=None
[2023-05-05T18:34:36.470+0000] {processor.py:175} INFO - Processing /home/airflow/.local/lib/python3.7/site-packages/airflow/example_dags/tutorial_dag.py took 0.438 seconds
[2023-05-05T21:18:03.997+0000] {processor.py:153} INFO - Started process (PID=4238) to work on /home/airflow/.local/lib/python3.7/site-packages/airflow/example_dags/tutorial_dag.py
[2023-05-05T21:18:04.021+0000] {processor.py:743} INFO - Processing file /home/airflow/.local/lib/python3.7/site-packages/airflow/example_dags/tutorial_dag.py for tasks to queue
[2023-05-05T21:18:04.030+0000] {logging_mixin.py:137} INFO - [2023-05-05T21:18:04.030+0000] {dagbag.py:532} INFO - Filling up the DagBag from /home/airflow/.local/lib/python3.7/site-packages/airflow/example_dags/tutorial_dag.py
[2023-05-05T21:18:04.179+0000] {processor.py:753} INFO - DAG(s) dict_keys(['tutorial_dag']) retrieved from /home/airflow/.local/lib/python3.7/site-packages/airflow/example_dags/tutorial_dag.py
[2023-05-05T21:18:04.453+0000] {logging_mixin.py:137} INFO - [2023-05-05T21:18:04.453+0000] {dag.py:2705} INFO - Sync 1 DAGs
[2023-05-05T21:18:04.641+0000] {logging_mixin.py:137} INFO - [2023-05-05T21:18:04.641+0000] {dag.py:3456} INFO - Setting next_dagrun for tutorial_dag to None, run_after=None
[2023-05-05T21:18:04.767+0000] {processor.py:175} INFO - Processing /home/airflow/.local/lib/python3.7/site-packages/airflow/example_dags/tutorial_dag.py took 0.802 seconds
