[2023-05-06T00:03:49.790+0000] {processor.py:153} INFO - Started process (PID=4281) to work on /home/airflow/.local/lib/python3.7/site-packages/airflow/example_dags/example_short_circuit_decorator.py
[2023-05-06T00:03:49.792+0000] {processor.py:743} INFO - Processing file /home/airflow/.local/lib/python3.7/site-packages/airflow/example_dags/example_short_circuit_decorator.py for tasks to queue
[2023-05-06T00:03:49.794+0000] {logging_mixin.py:137} INFO - [2023-05-06T00:03:49.794+0000] {dagbag.py:532} INFO - Filling up the DagBag from /home/airflow/.local/lib/python3.7/site-packages/airflow/example_dags/example_short_circuit_decorator.py
[2023-05-06T00:03:49.838+0000] {processor.py:753} INFO - DAG(s) dict_keys(['example_short_circuit_decorator']) retrieved from /home/airflow/.local/lib/python3.7/site-packages/airflow/example_dags/example_short_circuit_decorator.py
[2023-05-06T00:03:49.890+0000] {logging_mixin.py:137} INFO - [2023-05-06T00:03:49.890+0000] {dag.py:2705} INFO - Sync 1 DAGs
[2023-05-06T00:03:49.938+0000] {logging_mixin.py:137} INFO - [2023-05-06T00:03:49.938+0000] {dag.py:3456} INFO - Setting next_dagrun for example_short_circuit_decorator to 2023-05-05T00:03:49.931463+00:00, run_after=2023-05-06T00:03:49.931463+00:00
[2023-05-06T00:03:49.979+0000] {processor.py:175} INFO - Processing /home/airflow/.local/lib/python3.7/site-packages/airflow/example_dags/example_short_circuit_decorator.py took 0.197 seconds
[2023-05-06T00:17:30.074+0000] {processor.py:153} INFO - Started process (PID=4332) to work on /home/airflow/.local/lib/python3.7/site-packages/airflow/example_dags/example_short_circuit_decorator.py
[2023-05-06T00:17:30.079+0000] {processor.py:743} INFO - Processing file /home/airflow/.local/lib/python3.7/site-packages/airflow/example_dags/example_short_circuit_decorator.py for tasks to queue
[2023-05-06T00:17:30.082+0000] {logging_mixin.py:137} INFO - [2023-05-06T00:17:30.082+0000] {dagbag.py:532} INFO - Filling up the DagBag from /home/airflow/.local/lib/python3.7/site-packages/airflow/example_dags/example_short_circuit_decorator.py
[2023-05-06T00:17:30.134+0000] {processor.py:753} INFO - DAG(s) dict_keys(['example_short_circuit_decorator']) retrieved from /home/airflow/.local/lib/python3.7/site-packages/airflow/example_dags/example_short_circuit_decorator.py
[2023-05-06T00:17:30.199+0000] {logging_mixin.py:137} INFO - [2023-05-06T00:17:30.198+0000] {dag.py:2705} INFO - Sync 1 DAGs
[2023-05-06T00:17:30.273+0000] {logging_mixin.py:137} INFO - [2023-05-06T00:17:30.272+0000] {dag.py:3456} INFO - Setting next_dagrun for example_short_circuit_decorator to 2023-05-05T00:17:30.272529+00:00, run_after=2023-05-06T00:17:30.272529+00:00
[2023-05-06T00:17:30.311+0000] {processor.py:175} INFO - Processing /home/airflow/.local/lib/python3.7/site-packages/airflow/example_dags/example_short_circuit_decorator.py took 0.259 seconds
[2023-05-06T00:20:38.939+0000] {processor.py:153} INFO - Started process (PID=4384) to work on /home/airflow/.local/lib/python3.7/site-packages/airflow/example_dags/example_short_circuit_decorator.py
[2023-05-06T00:20:38.946+0000] {processor.py:743} INFO - Processing file /home/airflow/.local/lib/python3.7/site-packages/airflow/example_dags/example_short_circuit_decorator.py for tasks to queue
[2023-05-06T00:20:38.951+0000] {logging_mixin.py:137} INFO - [2023-05-06T00:20:38.951+0000] {dagbag.py:532} INFO - Filling up the DagBag from /home/airflow/.local/lib/python3.7/site-packages/airflow/example_dags/example_short_circuit_decorator.py
[2023-05-06T00:20:39.049+0000] {processor.py:753} INFO - DAG(s) dict_keys(['example_short_circuit_decorator']) retrieved from /home/airflow/.local/lib/python3.7/site-packages/airflow/example_dags/example_short_circuit_decorator.py
[2023-05-06T00:20:39.159+0000] {logging_mixin.py:137} INFO - [2023-05-06T00:20:39.158+0000] {dag.py:2705} INFO - Sync 1 DAGs
[2023-05-06T00:20:39.231+0000] {logging_mixin.py:137} INFO - [2023-05-06T00:20:39.231+0000] {dag.py:3456} INFO - Setting next_dagrun for example_short_circuit_decorator to 2023-05-05T00:20:39.230688+00:00, run_after=2023-05-06T00:20:39.230688+00:00
[2023-05-06T00:20:39.297+0000] {processor.py:175} INFO - Processing /home/airflow/.local/lib/python3.7/site-packages/airflow/example_dags/example_short_circuit_decorator.py took 0.376 seconds
[2023-05-06T00:36:29.590+0000] {processor.py:153} INFO - Started process (PID=4444) to work on /home/airflow/.local/lib/python3.7/site-packages/airflow/example_dags/example_short_circuit_decorator.py
[2023-05-06T00:36:29.598+0000] {processor.py:743} INFO - Processing file /home/airflow/.local/lib/python3.7/site-packages/airflow/example_dags/example_short_circuit_decorator.py for tasks to queue
[2023-05-06T00:36:29.604+0000] {logging_mixin.py:137} INFO - [2023-05-06T00:36:29.604+0000] {dagbag.py:532} INFO - Filling up the DagBag from /home/airflow/.local/lib/python3.7/site-packages/airflow/example_dags/example_short_circuit_decorator.py
[2023-05-06T00:36:29.695+0000] {processor.py:753} INFO - DAG(s) dict_keys(['example_short_circuit_decorator']) retrieved from /home/airflow/.local/lib/python3.7/site-packages/airflow/example_dags/example_short_circuit_decorator.py
[2023-05-06T00:36:29.791+0000] {logging_mixin.py:137} INFO - [2023-05-06T00:36:29.791+0000] {dag.py:2705} INFO - Sync 1 DAGs
[2023-05-06T00:36:29.864+0000] {logging_mixin.py:137} INFO - [2023-05-06T00:36:29.864+0000] {dag.py:3456} INFO - Setting next_dagrun for example_short_circuit_decorator to 2023-05-05T00:36:29.863776+00:00, run_after=2023-05-06T00:36:29.863776+00:00
[2023-05-06T00:36:29.910+0000] {processor.py:175} INFO - Processing /home/airflow/.local/lib/python3.7/site-packages/airflow/example_dags/example_short_circuit_decorator.py took 0.324 seconds
[2023-05-06T00:37:30.383+0000] {processor.py:153} INFO - Started process (PID=4503) to work on /home/airflow/.local/lib/python3.7/site-packages/airflow/example_dags/example_short_circuit_decorator.py
[2023-05-06T00:37:30.412+0000] {processor.py:743} INFO - Processing file /home/airflow/.local/lib/python3.7/site-packages/airflow/example_dags/example_short_circuit_decorator.py for tasks to queue
[2023-05-06T00:37:30.430+0000] {logging_mixin.py:137} INFO - [2023-05-06T00:37:30.429+0000] {dagbag.py:532} INFO - Filling up the DagBag from /home/airflow/.local/lib/python3.7/site-packages/airflow/example_dags/example_short_circuit_decorator.py
[2023-05-06T00:37:30.990+0000] {processor.py:753} INFO - DAG(s) dict_keys(['example_short_circuit_decorator']) retrieved from /home/airflow/.local/lib/python3.7/site-packages/airflow/example_dags/example_short_circuit_decorator.py
[2023-05-06T00:37:31.547+0000] {logging_mixin.py:137} INFO - [2023-05-06T00:37:31.546+0000] {dag.py:2705} INFO - Sync 1 DAGs
[2023-05-06T00:37:31.884+0000] {logging_mixin.py:137} INFO - [2023-05-06T00:37:31.884+0000] {dag.py:3456} INFO - Setting next_dagrun for example_short_circuit_decorator to 2023-05-05T00:37:31.882666+00:00, run_after=2023-05-06T00:37:31.882666+00:00
[2023-05-06T00:37:32.073+0000] {processor.py:175} INFO - Processing /home/airflow/.local/lib/python3.7/site-packages/airflow/example_dags/example_short_circuit_decorator.py took 1.764 seconds
[2023-05-06T00:38:21.554+0000] {processor.py:153} INFO - Started process (PID=4555) to work on /home/airflow/.local/lib/python3.7/site-packages/airflow/example_dags/example_short_circuit_decorator.py
[2023-05-06T00:38:21.624+0000] {processor.py:743} INFO - Processing file /home/airflow/.local/lib/python3.7/site-packages/airflow/example_dags/example_short_circuit_decorator.py for tasks to queue
[2023-05-06T00:38:21.641+0000] {logging_mixin.py:137} INFO - [2023-05-06T00:38:21.640+0000] {dagbag.py:532} INFO - Filling up the DagBag from /home/airflow/.local/lib/python3.7/site-packages/airflow/example_dags/example_short_circuit_decorator.py
[2023-05-06T00:38:22.385+0000] {processor.py:753} INFO - DAG(s) dict_keys(['example_short_circuit_decorator']) retrieved from /home/airflow/.local/lib/python3.7/site-packages/airflow/example_dags/example_short_circuit_decorator.py
[2023-05-06T00:38:23.653+0000] {logging_mixin.py:137} INFO - [2023-05-06T00:38:23.653+0000] {dag.py:2705} INFO - Sync 1 DAGs
[2023-05-06T00:38:24.494+0000] {logging_mixin.py:137} INFO - [2023-05-06T00:38:24.489+0000] {dag.py:3456} INFO - Setting next_dagrun for example_short_circuit_decorator to 2023-05-05T00:38:24.484819+00:00, run_after=2023-05-06T00:38:24.484819+00:00
[2023-05-06T00:38:25.088+0000] {processor.py:175} INFO - Processing /home/airflow/.local/lib/python3.7/site-packages/airflow/example_dags/example_short_circuit_decorator.py took 3.886 seconds
[2023-05-06T00:54:42.188+0000] {processor.py:153} INFO - Started process (PID=4643) to work on /home/airflow/.local/lib/python3.7/site-packages/airflow/example_dags/example_short_circuit_decorator.py
[2023-05-06T00:54:42.190+0000] {processor.py:743} INFO - Processing file /home/airflow/.local/lib/python3.7/site-packages/airflow/example_dags/example_short_circuit_decorator.py for tasks to queue
[2023-05-06T00:54:42.192+0000] {logging_mixin.py:137} INFO - [2023-05-06T00:54:42.191+0000] {dagbag.py:532} INFO - Filling up the DagBag from /home/airflow/.local/lib/python3.7/site-packages/airflow/example_dags/example_short_circuit_decorator.py
[2023-05-06T00:54:42.238+0000] {processor.py:753} INFO - DAG(s) dict_keys(['example_short_circuit_decorator']) retrieved from /home/airflow/.local/lib/python3.7/site-packages/airflow/example_dags/example_short_circuit_decorator.py
[2023-05-06T00:54:42.281+0000] {logging_mixin.py:137} INFO - [2023-05-06T00:54:42.281+0000] {dag.py:2705} INFO - Sync 1 DAGs
[2023-05-06T00:54:42.437+0000] {logging_mixin.py:137} INFO - [2023-05-06T00:54:42.436+0000] {dag.py:3456} INFO - Setting next_dagrun for example_short_circuit_decorator to 2023-05-05T00:54:42.425458+00:00, run_after=2023-05-06T00:54:42.425458+00:00
[2023-05-06T00:54:44.013+0000] {processor.py:175} INFO - Processing /home/airflow/.local/lib/python3.7/site-packages/airflow/example_dags/example_short_circuit_decorator.py took 1.835 seconds
[2023-05-06T02:03:40.767+0000] {processor.py:153} INFO - Started process (PID=4701) to work on /home/airflow/.local/lib/python3.7/site-packages/airflow/example_dags/example_short_circuit_decorator.py
[2023-05-06T02:03:40.769+0000] {processor.py:743} INFO - Processing file /home/airflow/.local/lib/python3.7/site-packages/airflow/example_dags/example_short_circuit_decorator.py for tasks to queue
[2023-05-06T02:03:40.771+0000] {logging_mixin.py:137} INFO - [2023-05-06T02:03:40.771+0000] {dagbag.py:532} INFO - Filling up the DagBag from /home/airflow/.local/lib/python3.7/site-packages/airflow/example_dags/example_short_circuit_decorator.py
[2023-05-06T02:03:40.804+0000] {processor.py:753} INFO - DAG(s) dict_keys(['example_short_circuit_decorator']) retrieved from /home/airflow/.local/lib/python3.7/site-packages/airflow/example_dags/example_short_circuit_decorator.py
[2023-05-06T02:03:40.846+0000] {logging_mixin.py:137} INFO - [2023-05-06T02:03:40.846+0000] {dag.py:2705} INFO - Sync 1 DAGs
[2023-05-06T02:03:40.889+0000] {logging_mixin.py:137} INFO - [2023-05-06T02:03:40.889+0000] {dag.py:3456} INFO - Setting next_dagrun for example_short_circuit_decorator to 2023-05-05T02:03:40.889304+00:00, run_after=2023-05-06T02:03:40.889304+00:00
[2023-05-06T02:03:40.920+0000] {processor.py:175} INFO - Processing /home/airflow/.local/lib/python3.7/site-packages/airflow/example_dags/example_short_circuit_decorator.py took 0.160 seconds
[2023-05-06T02:04:15.192+0000] {processor.py:153} INFO - Started process (PID=4753) to work on /home/airflow/.local/lib/python3.7/site-packages/airflow/example_dags/example_short_circuit_decorator.py
[2023-05-06T02:04:15.194+0000] {processor.py:743} INFO - Processing file /home/airflow/.local/lib/python3.7/site-packages/airflow/example_dags/example_short_circuit_decorator.py for tasks to queue
[2023-05-06T02:04:15.197+0000] {logging_mixin.py:137} INFO - [2023-05-06T02:04:15.197+0000] {dagbag.py:532} INFO - Filling up the DagBag from /home/airflow/.local/lib/python3.7/site-packages/airflow/example_dags/example_short_circuit_decorator.py
[2023-05-06T02:04:15.240+0000] {processor.py:753} INFO - DAG(s) dict_keys(['example_short_circuit_decorator']) retrieved from /home/airflow/.local/lib/python3.7/site-packages/airflow/example_dags/example_short_circuit_decorator.py
[2023-05-06T02:04:15.289+0000] {logging_mixin.py:137} INFO - [2023-05-06T02:04:15.289+0000] {dag.py:2705} INFO - Sync 1 DAGs
[2023-05-06T02:04:15.325+0000] {logging_mixin.py:137} INFO - [2023-05-06T02:04:15.324+0000] {dag.py:3456} INFO - Setting next_dagrun for example_short_circuit_decorator to 2023-05-05T02:04:15.324628+00:00, run_after=2023-05-06T02:04:15.324628+00:00
[2023-05-06T02:04:15.355+0000] {processor.py:175} INFO - Processing /home/airflow/.local/lib/python3.7/site-packages/airflow/example_dags/example_short_circuit_decorator.py took 0.172 seconds
[2023-05-06T02:04:49.353+0000] {processor.py:153} INFO - Started process (PID=4805) to work on /home/airflow/.local/lib/python3.7/site-packages/airflow/example_dags/example_short_circuit_decorator.py
[2023-05-06T02:04:49.356+0000] {processor.py:743} INFO - Processing file /home/airflow/.local/lib/python3.7/site-packages/airflow/example_dags/example_short_circuit_decorator.py for tasks to queue
[2023-05-06T02:04:49.358+0000] {logging_mixin.py:137} INFO - [2023-05-06T02:04:49.358+0000] {dagbag.py:532} INFO - Filling up the DagBag from /home/airflow/.local/lib/python3.7/site-packages/airflow/example_dags/example_short_circuit_decorator.py
[2023-05-06T02:04:49.405+0000] {processor.py:753} INFO - DAG(s) dict_keys(['example_short_circuit_decorator']) retrieved from /home/airflow/.local/lib/python3.7/site-packages/airflow/example_dags/example_short_circuit_decorator.py
[2023-05-06T02:04:49.450+0000] {logging_mixin.py:137} INFO - [2023-05-06T02:04:49.449+0000] {dag.py:2705} INFO - Sync 1 DAGs
[2023-05-06T02:04:49.499+0000] {logging_mixin.py:137} INFO - [2023-05-06T02:04:49.498+0000] {dag.py:3456} INFO - Setting next_dagrun for example_short_circuit_decorator to 2023-05-05T02:04:49.498502+00:00, run_after=2023-05-06T02:04:49.498502+00:00
[2023-05-06T02:04:49.544+0000] {processor.py:175} INFO - Processing /home/airflow/.local/lib/python3.7/site-packages/airflow/example_dags/example_short_circuit_decorator.py took 0.197 seconds
[2023-05-06T02:05:20.321+0000] {processor.py:153} INFO - Started process (PID=4857) to work on /home/airflow/.local/lib/python3.7/site-packages/airflow/example_dags/example_short_circuit_decorator.py
[2023-05-06T02:05:20.332+0000] {processor.py:743} INFO - Processing file /home/airflow/.local/lib/python3.7/site-packages/airflow/example_dags/example_short_circuit_decorator.py for tasks to queue
[2023-05-06T02:05:20.337+0000] {logging_mixin.py:137} INFO - [2023-05-06T02:05:20.337+0000] {dagbag.py:532} INFO - Filling up the DagBag from /home/airflow/.local/lib/python3.7/site-packages/airflow/example_dags/example_short_circuit_decorator.py
[2023-05-06T02:05:20.515+0000] {processor.py:753} INFO - DAG(s) dict_keys(['example_short_circuit_decorator']) retrieved from /home/airflow/.local/lib/python3.7/site-packages/airflow/example_dags/example_short_circuit_decorator.py
[2023-05-06T02:05:20.716+0000] {logging_mixin.py:137} INFO - [2023-05-06T02:05:20.716+0000] {dag.py:2705} INFO - Sync 1 DAGs
[2023-05-06T02:05:20.832+0000] {logging_mixin.py:137} INFO - [2023-05-06T02:05:20.832+0000] {dag.py:3456} INFO - Setting next_dagrun for example_short_circuit_decorator to 2023-05-05T02:05:20.831938+00:00, run_after=2023-05-06T02:05:20.831938+00:00
[2023-05-06T02:05:20.920+0000] {processor.py:175} INFO - Processing /home/airflow/.local/lib/python3.7/site-packages/airflow/example_dags/example_short_circuit_decorator.py took 0.610 seconds
[2023-05-06T02:05:51.720+0000] {processor.py:153} INFO - Started process (PID=4909) to work on /home/airflow/.local/lib/python3.7/site-packages/airflow/example_dags/example_short_circuit_decorator.py
[2023-05-06T02:05:51.723+0000] {processor.py:743} INFO - Processing file /home/airflow/.local/lib/python3.7/site-packages/airflow/example_dags/example_short_circuit_decorator.py for tasks to queue
[2023-05-06T02:05:51.729+0000] {logging_mixin.py:137} INFO - [2023-05-06T02:05:51.728+0000] {dagbag.py:532} INFO - Filling up the DagBag from /home/airflow/.local/lib/python3.7/site-packages/airflow/example_dags/example_short_circuit_decorator.py
[2023-05-06T02:05:51.789+0000] {processor.py:753} INFO - DAG(s) dict_keys(['example_short_circuit_decorator']) retrieved from /home/airflow/.local/lib/python3.7/site-packages/airflow/example_dags/example_short_circuit_decorator.py
[2023-05-06T02:05:51.850+0000] {logging_mixin.py:137} INFO - [2023-05-06T02:05:51.848+0000] {dag.py:2705} INFO - Sync 1 DAGs
[2023-05-06T02:05:51.896+0000] {logging_mixin.py:137} INFO - [2023-05-06T02:05:51.896+0000] {dag.py:3456} INFO - Setting next_dagrun for example_short_circuit_decorator to 2023-05-05T02:05:51.895935+00:00, run_after=2023-05-06T02:05:51.895935+00:00
[2023-05-06T02:05:51.943+0000] {processor.py:175} INFO - Processing /home/airflow/.local/lib/python3.7/site-packages/airflow/example_dags/example_short_circuit_decorator.py took 0.245 seconds
[2023-05-06T02:06:22.739+0000] {processor.py:153} INFO - Started process (PID=4961) to work on /home/airflow/.local/lib/python3.7/site-packages/airflow/example_dags/example_short_circuit_decorator.py
[2023-05-06T02:06:22.742+0000] {processor.py:743} INFO - Processing file /home/airflow/.local/lib/python3.7/site-packages/airflow/example_dags/example_short_circuit_decorator.py for tasks to queue
[2023-05-06T02:06:22.745+0000] {logging_mixin.py:137} INFO - [2023-05-06T02:06:22.745+0000] {dagbag.py:532} INFO - Filling up the DagBag from /home/airflow/.local/lib/python3.7/site-packages/airflow/example_dags/example_short_circuit_decorator.py
[2023-05-06T02:06:22.792+0000] {processor.py:753} INFO - DAG(s) dict_keys(['example_short_circuit_decorator']) retrieved from /home/airflow/.local/lib/python3.7/site-packages/airflow/example_dags/example_short_circuit_decorator.py
[2023-05-06T02:06:22.838+0000] {logging_mixin.py:137} INFO - [2023-05-06T02:06:22.837+0000] {dag.py:2705} INFO - Sync 1 DAGs
[2023-05-06T02:06:22.877+0000] {logging_mixin.py:137} INFO - [2023-05-06T02:06:22.877+0000] {dag.py:3456} INFO - Setting next_dagrun for example_short_circuit_decorator to 2023-05-05T02:06:22.877316+00:00, run_after=2023-05-06T02:06:22.877316+00:00
[2023-05-06T02:06:22.917+0000] {processor.py:175} INFO - Processing /home/airflow/.local/lib/python3.7/site-packages/airflow/example_dags/example_short_circuit_decorator.py took 0.187 seconds
[2023-05-06T02:06:53.402+0000] {processor.py:153} INFO - Started process (PID=5013) to work on /home/airflow/.local/lib/python3.7/site-packages/airflow/example_dags/example_short_circuit_decorator.py
[2023-05-06T02:06:53.405+0000] {processor.py:743} INFO - Processing file /home/airflow/.local/lib/python3.7/site-packages/airflow/example_dags/example_short_circuit_decorator.py for tasks to queue
[2023-05-06T02:06:53.409+0000] {logging_mixin.py:137} INFO - [2023-05-06T02:06:53.408+0000] {dagbag.py:532} INFO - Filling up the DagBag from /home/airflow/.local/lib/python3.7/site-packages/airflow/example_dags/example_short_circuit_decorator.py
[2023-05-06T02:06:53.458+0000] {processor.py:753} INFO - DAG(s) dict_keys(['example_short_circuit_decorator']) retrieved from /home/airflow/.local/lib/python3.7/site-packages/airflow/example_dags/example_short_circuit_decorator.py
[2023-05-06T02:06:53.562+0000] {logging_mixin.py:137} INFO - [2023-05-06T02:06:53.562+0000] {dag.py:2705} INFO - Sync 1 DAGs
[2023-05-06T02:06:53.612+0000] {logging_mixin.py:137} INFO - [2023-05-06T02:06:53.612+0000] {dag.py:3456} INFO - Setting next_dagrun for example_short_circuit_decorator to 2023-05-05T02:06:53.611741+00:00, run_after=2023-05-06T02:06:53.611741+00:00
[2023-05-06T02:06:53.650+0000] {processor.py:175} INFO - Processing /home/airflow/.local/lib/python3.7/site-packages/airflow/example_dags/example_short_circuit_decorator.py took 0.256 seconds
[2023-05-06T02:07:24.104+0000] {processor.py:153} INFO - Started process (PID=5065) to work on /home/airflow/.local/lib/python3.7/site-packages/airflow/example_dags/example_short_circuit_decorator.py
[2023-05-06T02:07:24.107+0000] {processor.py:743} INFO - Processing file /home/airflow/.local/lib/python3.7/site-packages/airflow/example_dags/example_short_circuit_decorator.py for tasks to queue
[2023-05-06T02:07:24.110+0000] {logging_mixin.py:137} INFO - [2023-05-06T02:07:24.109+0000] {dagbag.py:532} INFO - Filling up the DagBag from /home/airflow/.local/lib/python3.7/site-packages/airflow/example_dags/example_short_circuit_decorator.py
[2023-05-06T02:07:24.155+0000] {processor.py:753} INFO - DAG(s) dict_keys(['example_short_circuit_decorator']) retrieved from /home/airflow/.local/lib/python3.7/site-packages/airflow/example_dags/example_short_circuit_decorator.py
[2023-05-06T02:07:24.226+0000] {logging_mixin.py:137} INFO - [2023-05-06T02:07:24.226+0000] {dag.py:2705} INFO - Sync 1 DAGs
[2023-05-06T02:07:24.275+0000] {logging_mixin.py:137} INFO - [2023-05-06T02:07:24.274+0000] {dag.py:3456} INFO - Setting next_dagrun for example_short_circuit_decorator to 2023-05-05T02:07:24.274113+00:00, run_after=2023-05-06T02:07:24.274113+00:00
[2023-05-06T02:07:24.310+0000] {processor.py:175} INFO - Processing /home/airflow/.local/lib/python3.7/site-packages/airflow/example_dags/example_short_circuit_decorator.py took 0.212 seconds
[2023-05-06T02:07:54.890+0000] {processor.py:153} INFO - Started process (PID=5116) to work on /home/airflow/.local/lib/python3.7/site-packages/airflow/example_dags/example_short_circuit_decorator.py
[2023-05-06T02:07:54.893+0000] {processor.py:743} INFO - Processing file /home/airflow/.local/lib/python3.7/site-packages/airflow/example_dags/example_short_circuit_decorator.py for tasks to queue
[2023-05-06T02:07:54.896+0000] {logging_mixin.py:137} INFO - [2023-05-06T02:07:54.895+0000] {dagbag.py:532} INFO - Filling up the DagBag from /home/airflow/.local/lib/python3.7/site-packages/airflow/example_dags/example_short_circuit_decorator.py
[2023-05-06T02:07:54.942+0000] {processor.py:753} INFO - DAG(s) dict_keys(['example_short_circuit_decorator']) retrieved from /home/airflow/.local/lib/python3.7/site-packages/airflow/example_dags/example_short_circuit_decorator.py
[2023-05-06T02:07:54.994+0000] {logging_mixin.py:137} INFO - [2023-05-06T02:07:54.994+0000] {dag.py:2705} INFO - Sync 1 DAGs
[2023-05-06T02:07:55.037+0000] {logging_mixin.py:137} INFO - [2023-05-06T02:07:55.037+0000] {dag.py:3456} INFO - Setting next_dagrun for example_short_circuit_decorator to 2023-05-05T02:07:55.036699+00:00, run_after=2023-05-06T02:07:55.036699+00:00
[2023-05-06T02:07:55.074+0000] {processor.py:175} INFO - Processing /home/airflow/.local/lib/python3.7/site-packages/airflow/example_dags/example_short_circuit_decorator.py took 0.191 seconds
[2023-05-06T02:08:25.396+0000] {processor.py:153} INFO - Started process (PID=5167) to work on /home/airflow/.local/lib/python3.7/site-packages/airflow/example_dags/example_short_circuit_decorator.py
[2023-05-06T02:08:25.400+0000] {processor.py:743} INFO - Processing file /home/airflow/.local/lib/python3.7/site-packages/airflow/example_dags/example_short_circuit_decorator.py for tasks to queue
[2023-05-06T02:08:25.404+0000] {logging_mixin.py:137} INFO - [2023-05-06T02:08:25.404+0000] {dagbag.py:532} INFO - Filling up the DagBag from /home/airflow/.local/lib/python3.7/site-packages/airflow/example_dags/example_short_circuit_decorator.py
[2023-05-06T02:08:25.458+0000] {processor.py:753} INFO - DAG(s) dict_keys(['example_short_circuit_decorator']) retrieved from /home/airflow/.local/lib/python3.7/site-packages/airflow/example_dags/example_short_circuit_decorator.py
[2023-05-06T02:08:25.516+0000] {logging_mixin.py:137} INFO - [2023-05-06T02:08:25.516+0000] {dag.py:2705} INFO - Sync 1 DAGs
[2023-05-06T02:08:25.565+0000] {logging_mixin.py:137} INFO - [2023-05-06T02:08:25.565+0000] {dag.py:3456} INFO - Setting next_dagrun for example_short_circuit_decorator to 2023-05-05T02:08:25.565126+00:00, run_after=2023-05-06T02:08:25.565126+00:00
[2023-05-06T02:08:25.595+0000] {processor.py:175} INFO - Processing /home/airflow/.local/lib/python3.7/site-packages/airflow/example_dags/example_short_circuit_decorator.py took 0.210 seconds
[2023-05-06T02:08:56.034+0000] {processor.py:153} INFO - Started process (PID=5219) to work on /home/airflow/.local/lib/python3.7/site-packages/airflow/example_dags/example_short_circuit_decorator.py
[2023-05-06T02:08:56.045+0000] {processor.py:743} INFO - Processing file /home/airflow/.local/lib/python3.7/site-packages/airflow/example_dags/example_short_circuit_decorator.py for tasks to queue
[2023-05-06T02:08:56.048+0000] {logging_mixin.py:137} INFO - [2023-05-06T02:08:56.048+0000] {dagbag.py:532} INFO - Filling up the DagBag from /home/airflow/.local/lib/python3.7/site-packages/airflow/example_dags/example_short_circuit_decorator.py
[2023-05-06T02:08:56.096+0000] {processor.py:753} INFO - DAG(s) dict_keys(['example_short_circuit_decorator']) retrieved from /home/airflow/.local/lib/python3.7/site-packages/airflow/example_dags/example_short_circuit_decorator.py
[2023-05-06T02:08:56.170+0000] {logging_mixin.py:137} INFO - [2023-05-06T02:08:56.169+0000] {dag.py:2705} INFO - Sync 1 DAGs
[2023-05-06T02:08:56.226+0000] {logging_mixin.py:137} INFO - [2023-05-06T02:08:56.225+0000] {dag.py:3456} INFO - Setting next_dagrun for example_short_circuit_decorator to 2023-05-05T02:08:56.225265+00:00, run_after=2023-05-06T02:08:56.225265+00:00
[2023-05-06T02:08:56.260+0000] {processor.py:175} INFO - Processing /home/airflow/.local/lib/python3.7/site-packages/airflow/example_dags/example_short_circuit_decorator.py took 0.251 seconds
[2023-05-06T02:09:26.714+0000] {processor.py:153} INFO - Started process (PID=5271) to work on /home/airflow/.local/lib/python3.7/site-packages/airflow/example_dags/example_short_circuit_decorator.py
[2023-05-06T02:09:26.717+0000] {processor.py:743} INFO - Processing file /home/airflow/.local/lib/python3.7/site-packages/airflow/example_dags/example_short_circuit_decorator.py for tasks to queue
[2023-05-06T02:09:26.720+0000] {logging_mixin.py:137} INFO - [2023-05-06T02:09:26.719+0000] {dagbag.py:532} INFO - Filling up the DagBag from /home/airflow/.local/lib/python3.7/site-packages/airflow/example_dags/example_short_circuit_decorator.py
[2023-05-06T02:09:26.766+0000] {processor.py:753} INFO - DAG(s) dict_keys(['example_short_circuit_decorator']) retrieved from /home/airflow/.local/lib/python3.7/site-packages/airflow/example_dags/example_short_circuit_decorator.py
[2023-05-06T02:09:26.816+0000] {logging_mixin.py:137} INFO - [2023-05-06T02:09:26.816+0000] {dag.py:2705} INFO - Sync 1 DAGs
[2023-05-06T02:09:26.856+0000] {logging_mixin.py:137} INFO - [2023-05-06T02:09:26.856+0000] {dag.py:3456} INFO - Setting next_dagrun for example_short_circuit_decorator to 2023-05-05T02:09:26.855873+00:00, run_after=2023-05-06T02:09:26.855873+00:00
[2023-05-06T02:09:26.892+0000] {processor.py:175} INFO - Processing /home/airflow/.local/lib/python3.7/site-packages/airflow/example_dags/example_short_circuit_decorator.py took 0.187 seconds
[2023-05-06T02:09:57.255+0000] {processor.py:153} INFO - Started process (PID=5324) to work on /home/airflow/.local/lib/python3.7/site-packages/airflow/example_dags/example_short_circuit_decorator.py
[2023-05-06T02:09:57.257+0000] {processor.py:743} INFO - Processing file /home/airflow/.local/lib/python3.7/site-packages/airflow/example_dags/example_short_circuit_decorator.py for tasks to queue
[2023-05-06T02:09:57.259+0000] {logging_mixin.py:137} INFO - [2023-05-06T02:09:57.259+0000] {dagbag.py:532} INFO - Filling up the DagBag from /home/airflow/.local/lib/python3.7/site-packages/airflow/example_dags/example_short_circuit_decorator.py
[2023-05-06T02:09:57.355+0000] {processor.py:753} INFO - DAG(s) dict_keys(['example_short_circuit_decorator']) retrieved from /home/airflow/.local/lib/python3.7/site-packages/airflow/example_dags/example_short_circuit_decorator.py
[2023-05-06T02:09:57.421+0000] {logging_mixin.py:137} INFO - [2023-05-06T02:09:57.420+0000] {dag.py:2705} INFO - Sync 1 DAGs
[2023-05-06T02:09:57.461+0000] {logging_mixin.py:137} INFO - [2023-05-06T02:09:57.461+0000] {dag.py:3456} INFO - Setting next_dagrun for example_short_circuit_decorator to 2023-05-05T02:09:57.460684+00:00, run_after=2023-05-06T02:09:57.460684+00:00
[2023-05-06T02:09:57.493+0000] {processor.py:175} INFO - Processing /home/airflow/.local/lib/python3.7/site-packages/airflow/example_dags/example_short_circuit_decorator.py took 0.245 seconds
[2023-05-06T02:10:28.072+0000] {processor.py:153} INFO - Started process (PID=5375) to work on /home/airflow/.local/lib/python3.7/site-packages/airflow/example_dags/example_short_circuit_decorator.py
[2023-05-06T02:10:28.075+0000] {processor.py:743} INFO - Processing file /home/airflow/.local/lib/python3.7/site-packages/airflow/example_dags/example_short_circuit_decorator.py for tasks to queue
[2023-05-06T02:10:28.078+0000] {logging_mixin.py:137} INFO - [2023-05-06T02:10:28.077+0000] {dagbag.py:532} INFO - Filling up the DagBag from /home/airflow/.local/lib/python3.7/site-packages/airflow/example_dags/example_short_circuit_decorator.py
[2023-05-06T02:10:28.128+0000] {processor.py:753} INFO - DAG(s) dict_keys(['example_short_circuit_decorator']) retrieved from /home/airflow/.local/lib/python3.7/site-packages/airflow/example_dags/example_short_circuit_decorator.py
[2023-05-06T02:10:28.178+0000] {logging_mixin.py:137} INFO - [2023-05-06T02:10:28.178+0000] {dag.py:2705} INFO - Sync 1 DAGs
[2023-05-06T02:10:28.229+0000] {logging_mixin.py:137} INFO - [2023-05-06T02:10:28.229+0000] {dag.py:3456} INFO - Setting next_dagrun for example_short_circuit_decorator to 2023-05-05T02:10:28.229210+00:00, run_after=2023-05-06T02:10:28.229210+00:00
[2023-05-06T02:10:28.268+0000] {processor.py:175} INFO - Processing /home/airflow/.local/lib/python3.7/site-packages/airflow/example_dags/example_short_circuit_decorator.py took 0.206 seconds
[2023-05-06T02:10:58.952+0000] {processor.py:153} INFO - Started process (PID=5427) to work on /home/airflow/.local/lib/python3.7/site-packages/airflow/example_dags/example_short_circuit_decorator.py
[2023-05-06T02:10:58.956+0000] {processor.py:743} INFO - Processing file /home/airflow/.local/lib/python3.7/site-packages/airflow/example_dags/example_short_circuit_decorator.py for tasks to queue
[2023-05-06T02:10:58.960+0000] {logging_mixin.py:137} INFO - [2023-05-06T02:10:58.959+0000] {dagbag.py:532} INFO - Filling up the DagBag from /home/airflow/.local/lib/python3.7/site-packages/airflow/example_dags/example_short_circuit_decorator.py
[2023-05-06T02:10:59.071+0000] {processor.py:753} INFO - DAG(s) dict_keys(['example_short_circuit_decorator']) retrieved from /home/airflow/.local/lib/python3.7/site-packages/airflow/example_dags/example_short_circuit_decorator.py
[2023-05-06T02:10:59.179+0000] {logging_mixin.py:137} INFO - [2023-05-06T02:10:59.178+0000] {dag.py:2705} INFO - Sync 1 DAGs
[2023-05-06T02:10:59.294+0000] {logging_mixin.py:137} INFO - [2023-05-06T02:10:59.294+0000] {dag.py:3456} INFO - Setting next_dagrun for example_short_circuit_decorator to 2023-05-05T02:10:59.294206+00:00, run_after=2023-05-06T02:10:59.294206+00:00
[2023-05-06T02:10:59.362+0000] {processor.py:175} INFO - Processing /home/airflow/.local/lib/python3.7/site-packages/airflow/example_dags/example_short_circuit_decorator.py took 0.428 seconds
[2023-05-06T02:11:29.445+0000] {processor.py:153} INFO - Started process (PID=5479) to work on /home/airflow/.local/lib/python3.7/site-packages/airflow/example_dags/example_short_circuit_decorator.py
[2023-05-06T02:11:29.448+0000] {processor.py:743} INFO - Processing file /home/airflow/.local/lib/python3.7/site-packages/airflow/example_dags/example_short_circuit_decorator.py for tasks to queue
[2023-05-06T02:11:29.450+0000] {logging_mixin.py:137} INFO - [2023-05-06T02:11:29.450+0000] {dagbag.py:532} INFO - Filling up the DagBag from /home/airflow/.local/lib/python3.7/site-packages/airflow/example_dags/example_short_circuit_decorator.py
[2023-05-06T02:11:29.489+0000] {processor.py:753} INFO - DAG(s) dict_keys(['example_short_circuit_decorator']) retrieved from /home/airflow/.local/lib/python3.7/site-packages/airflow/example_dags/example_short_circuit_decorator.py
[2023-05-06T02:11:29.533+0000] {logging_mixin.py:137} INFO - [2023-05-06T02:11:29.532+0000] {dag.py:2705} INFO - Sync 1 DAGs
[2023-05-06T02:11:29.566+0000] {logging_mixin.py:137} INFO - [2023-05-06T02:11:29.566+0000] {dag.py:3456} INFO - Setting next_dagrun for example_short_circuit_decorator to 2023-05-05T02:11:29.566167+00:00, run_after=2023-05-06T02:11:29.566167+00:00
[2023-05-06T02:11:29.593+0000] {processor.py:175} INFO - Processing /home/airflow/.local/lib/python3.7/site-packages/airflow/example_dags/example_short_circuit_decorator.py took 0.153 seconds
[2023-05-06T02:11:59.966+0000] {processor.py:153} INFO - Started process (PID=5531) to work on /home/airflow/.local/lib/python3.7/site-packages/airflow/example_dags/example_short_circuit_decorator.py
[2023-05-06T02:11:59.968+0000] {processor.py:743} INFO - Processing file /home/airflow/.local/lib/python3.7/site-packages/airflow/example_dags/example_short_circuit_decorator.py for tasks to queue
[2023-05-06T02:11:59.971+0000] {logging_mixin.py:137} INFO - [2023-05-06T02:11:59.971+0000] {dagbag.py:532} INFO - Filling up the DagBag from /home/airflow/.local/lib/python3.7/site-packages/airflow/example_dags/example_short_circuit_decorator.py
[2023-05-06T02:12:00.073+0000] {processor.py:753} INFO - DAG(s) dict_keys(['example_short_circuit_decorator']) retrieved from /home/airflow/.local/lib/python3.7/site-packages/airflow/example_dags/example_short_circuit_decorator.py
[2023-05-06T02:12:00.170+0000] {logging_mixin.py:137} INFO - [2023-05-06T02:12:00.169+0000] {dag.py:2705} INFO - Sync 1 DAGs
[2023-05-06T02:12:00.276+0000] {logging_mixin.py:137} INFO - [2023-05-06T02:12:00.276+0000] {dag.py:3456} INFO - Setting next_dagrun for example_short_circuit_decorator to 2023-05-05T02:12:00.276213+00:00, run_after=2023-05-06T02:12:00.276213+00:00
[2023-05-06T02:12:00.328+0000] {processor.py:175} INFO - Processing /home/airflow/.local/lib/python3.7/site-packages/airflow/example_dags/example_short_circuit_decorator.py took 0.378 seconds
[2023-05-06T02:12:30.685+0000] {processor.py:153} INFO - Started process (PID=5582) to work on /home/airflow/.local/lib/python3.7/site-packages/airflow/example_dags/example_short_circuit_decorator.py
[2023-05-06T02:12:30.688+0000] {processor.py:743} INFO - Processing file /home/airflow/.local/lib/python3.7/site-packages/airflow/example_dags/example_short_circuit_decorator.py for tasks to queue
[2023-05-06T02:12:30.691+0000] {logging_mixin.py:137} INFO - [2023-05-06T02:12:30.691+0000] {dagbag.py:532} INFO - Filling up the DagBag from /home/airflow/.local/lib/python3.7/site-packages/airflow/example_dags/example_short_circuit_decorator.py
[2023-05-06T02:12:30.817+0000] {processor.py:753} INFO - DAG(s) dict_keys(['example_short_circuit_decorator']) retrieved from /home/airflow/.local/lib/python3.7/site-packages/airflow/example_dags/example_short_circuit_decorator.py
[2023-05-06T02:12:30.866+0000] {logging_mixin.py:137} INFO - [2023-05-06T02:12:30.866+0000] {dag.py:2705} INFO - Sync 1 DAGs
[2023-05-06T02:12:30.904+0000] {logging_mixin.py:137} INFO - [2023-05-06T02:12:30.903+0000] {dag.py:3456} INFO - Setting next_dagrun for example_short_circuit_decorator to 2023-05-05T02:12:30.903540+00:00, run_after=2023-05-06T02:12:30.903540+00:00
[2023-05-06T02:12:30.933+0000] {processor.py:175} INFO - Processing /home/airflow/.local/lib/python3.7/site-packages/airflow/example_dags/example_short_circuit_decorator.py took 0.258 seconds
[2023-05-06T02:13:01.624+0000] {processor.py:153} INFO - Started process (PID=5634) to work on /home/airflow/.local/lib/python3.7/site-packages/airflow/example_dags/example_short_circuit_decorator.py
[2023-05-06T02:13:01.627+0000] {processor.py:743} INFO - Processing file /home/airflow/.local/lib/python3.7/site-packages/airflow/example_dags/example_short_circuit_decorator.py for tasks to queue
[2023-05-06T02:13:01.630+0000] {logging_mixin.py:137} INFO - [2023-05-06T02:13:01.630+0000] {dagbag.py:532} INFO - Filling up the DagBag from /home/airflow/.local/lib/python3.7/site-packages/airflow/example_dags/example_short_circuit_decorator.py
[2023-05-06T02:13:01.713+0000] {processor.py:753} INFO - DAG(s) dict_keys(['example_short_circuit_decorator']) retrieved from /home/airflow/.local/lib/python3.7/site-packages/airflow/example_dags/example_short_circuit_decorator.py
[2023-05-06T02:13:01.807+0000] {logging_mixin.py:137} INFO - [2023-05-06T02:13:01.806+0000] {dag.py:2705} INFO - Sync 1 DAGs
[2023-05-06T02:13:01.914+0000] {logging_mixin.py:137} INFO - [2023-05-06T02:13:01.913+0000] {dag.py:3456} INFO - Setting next_dagrun for example_short_circuit_decorator to 2023-05-05T02:13:01.912170+00:00, run_after=2023-05-06T02:13:01.912170+00:00
[2023-05-06T02:13:01.972+0000] {processor.py:175} INFO - Processing /home/airflow/.local/lib/python3.7/site-packages/airflow/example_dags/example_short_circuit_decorator.py took 0.366 seconds
[2023-05-06T02:13:32.456+0000] {processor.py:153} INFO - Started process (PID=5686) to work on /home/airflow/.local/lib/python3.7/site-packages/airflow/example_dags/example_short_circuit_decorator.py
[2023-05-06T02:13:32.460+0000] {processor.py:743} INFO - Processing file /home/airflow/.local/lib/python3.7/site-packages/airflow/example_dags/example_short_circuit_decorator.py for tasks to queue
[2023-05-06T02:13:32.467+0000] {logging_mixin.py:137} INFO - [2023-05-06T02:13:32.466+0000] {dagbag.py:532} INFO - Filling up the DagBag from /home/airflow/.local/lib/python3.7/site-packages/airflow/example_dags/example_short_circuit_decorator.py
[2023-05-06T02:13:32.518+0000] {processor.py:753} INFO - DAG(s) dict_keys(['example_short_circuit_decorator']) retrieved from /home/airflow/.local/lib/python3.7/site-packages/airflow/example_dags/example_short_circuit_decorator.py
[2023-05-06T02:13:32.577+0000] {logging_mixin.py:137} INFO - [2023-05-06T02:13:32.577+0000] {dag.py:2705} INFO - Sync 1 DAGs
[2023-05-06T02:13:32.615+0000] {logging_mixin.py:137} INFO - [2023-05-06T02:13:32.615+0000] {dag.py:3456} INFO - Setting next_dagrun for example_short_circuit_decorator to 2023-05-05T02:13:32.615072+00:00, run_after=2023-05-06T02:13:32.615072+00:00
[2023-05-06T02:13:32.654+0000] {processor.py:175} INFO - Processing /home/airflow/.local/lib/python3.7/site-packages/airflow/example_dags/example_short_circuit_decorator.py took 0.210 seconds
[2023-05-06T02:14:02.944+0000] {processor.py:153} INFO - Started process (PID=5738) to work on /home/airflow/.local/lib/python3.7/site-packages/airflow/example_dags/example_short_circuit_decorator.py
[2023-05-06T02:14:02.947+0000] {processor.py:743} INFO - Processing file /home/airflow/.local/lib/python3.7/site-packages/airflow/example_dags/example_short_circuit_decorator.py for tasks to queue
[2023-05-06T02:14:02.950+0000] {logging_mixin.py:137} INFO - [2023-05-06T02:14:02.950+0000] {dagbag.py:532} INFO - Filling up the DagBag from /home/airflow/.local/lib/python3.7/site-packages/airflow/example_dags/example_short_circuit_decorator.py
[2023-05-06T02:14:03.002+0000] {processor.py:753} INFO - DAG(s) dict_keys(['example_short_circuit_decorator']) retrieved from /home/airflow/.local/lib/python3.7/site-packages/airflow/example_dags/example_short_circuit_decorator.py
[2023-05-06T02:14:03.089+0000] {logging_mixin.py:137} INFO - [2023-05-06T02:14:03.088+0000] {dag.py:2705} INFO - Sync 1 DAGs
[2023-05-06T02:14:03.133+0000] {logging_mixin.py:137} INFO - [2023-05-06T02:14:03.132+0000] {dag.py:3456} INFO - Setting next_dagrun for example_short_circuit_decorator to 2023-05-05T02:14:03.131727+00:00, run_after=2023-05-06T02:14:03.131727+00:00
[2023-05-06T02:14:03.166+0000] {processor.py:175} INFO - Processing /home/airflow/.local/lib/python3.7/site-packages/airflow/example_dags/example_short_circuit_decorator.py took 0.233 seconds
[2023-05-06T02:14:33.376+0000] {processor.py:153} INFO - Started process (PID=5790) to work on /home/airflow/.local/lib/python3.7/site-packages/airflow/example_dags/example_short_circuit_decorator.py
[2023-05-06T02:14:33.378+0000] {processor.py:743} INFO - Processing file /home/airflow/.local/lib/python3.7/site-packages/airflow/example_dags/example_short_circuit_decorator.py for tasks to queue
[2023-05-06T02:14:33.381+0000] {logging_mixin.py:137} INFO - [2023-05-06T02:14:33.381+0000] {dagbag.py:532} INFO - Filling up the DagBag from /home/airflow/.local/lib/python3.7/site-packages/airflow/example_dags/example_short_circuit_decorator.py
[2023-05-06T02:14:33.430+0000] {processor.py:753} INFO - DAG(s) dict_keys(['example_short_circuit_decorator']) retrieved from /home/airflow/.local/lib/python3.7/site-packages/airflow/example_dags/example_short_circuit_decorator.py
[2023-05-06T02:14:33.481+0000] {logging_mixin.py:137} INFO - [2023-05-06T02:14:33.478+0000] {dag.py:2705} INFO - Sync 1 DAGs
[2023-05-06T02:14:33.528+0000] {logging_mixin.py:137} INFO - [2023-05-06T02:14:33.528+0000] {dag.py:3456} INFO - Setting next_dagrun for example_short_circuit_decorator to 2023-05-05T02:14:33.527741+00:00, run_after=2023-05-06T02:14:33.527741+00:00
[2023-05-06T02:14:33.569+0000] {processor.py:175} INFO - Processing /home/airflow/.local/lib/python3.7/site-packages/airflow/example_dags/example_short_circuit_decorator.py took 0.202 seconds
[2023-05-06T02:15:03.704+0000] {processor.py:153} INFO - Started process (PID=5842) to work on /home/airflow/.local/lib/python3.7/site-packages/airflow/example_dags/example_short_circuit_decorator.py
[2023-05-06T02:15:03.706+0000] {processor.py:743} INFO - Processing file /home/airflow/.local/lib/python3.7/site-packages/airflow/example_dags/example_short_circuit_decorator.py for tasks to queue
[2023-05-06T02:15:03.708+0000] {logging_mixin.py:137} INFO - [2023-05-06T02:15:03.708+0000] {dagbag.py:532} INFO - Filling up the DagBag from /home/airflow/.local/lib/python3.7/site-packages/airflow/example_dags/example_short_circuit_decorator.py
[2023-05-06T02:15:03.759+0000] {processor.py:753} INFO - DAG(s) dict_keys(['example_short_circuit_decorator']) retrieved from /home/airflow/.local/lib/python3.7/site-packages/airflow/example_dags/example_short_circuit_decorator.py
[2023-05-06T02:15:03.808+0000] {logging_mixin.py:137} INFO - [2023-05-06T02:15:03.808+0000] {dag.py:2705} INFO - Sync 1 DAGs
[2023-05-06T02:15:03.847+0000] {logging_mixin.py:137} INFO - [2023-05-06T02:15:03.847+0000] {dag.py:3456} INFO - Setting next_dagrun for example_short_circuit_decorator to 2023-05-05T02:15:03.847388+00:00, run_after=2023-05-06T02:15:03.847388+00:00
[2023-05-06T02:15:03.874+0000] {processor.py:175} INFO - Processing /home/airflow/.local/lib/python3.7/site-packages/airflow/example_dags/example_short_circuit_decorator.py took 0.178 seconds
[2023-05-06T02:15:34.389+0000] {processor.py:153} INFO - Started process (PID=5894) to work on /home/airflow/.local/lib/python3.7/site-packages/airflow/example_dags/example_short_circuit_decorator.py
[2023-05-06T02:15:34.399+0000] {processor.py:743} INFO - Processing file /home/airflow/.local/lib/python3.7/site-packages/airflow/example_dags/example_short_circuit_decorator.py for tasks to queue
[2023-05-06T02:15:34.402+0000] {logging_mixin.py:137} INFO - [2023-05-06T02:15:34.402+0000] {dagbag.py:532} INFO - Filling up the DagBag from /home/airflow/.local/lib/python3.7/site-packages/airflow/example_dags/example_short_circuit_decorator.py
[2023-05-06T02:15:34.459+0000] {processor.py:753} INFO - DAG(s) dict_keys(['example_short_circuit_decorator']) retrieved from /home/airflow/.local/lib/python3.7/site-packages/airflow/example_dags/example_short_circuit_decorator.py
[2023-05-06T02:15:34.508+0000] {logging_mixin.py:137} INFO - [2023-05-06T02:15:34.507+0000] {dag.py:2705} INFO - Sync 1 DAGs
[2023-05-06T02:15:34.556+0000] {logging_mixin.py:137} INFO - [2023-05-06T02:15:34.555+0000] {dag.py:3456} INFO - Setting next_dagrun for example_short_circuit_decorator to 2023-05-05T02:15:34.555507+00:00, run_after=2023-05-06T02:15:34.555507+00:00
[2023-05-06T02:15:34.596+0000] {processor.py:175} INFO - Processing /home/airflow/.local/lib/python3.7/site-packages/airflow/example_dags/example_short_circuit_decorator.py took 0.218 seconds
[2023-05-06T02:16:05.577+0000] {processor.py:153} INFO - Started process (PID=5946) to work on /home/airflow/.local/lib/python3.7/site-packages/airflow/example_dags/example_short_circuit_decorator.py
[2023-05-06T02:16:05.583+0000] {processor.py:743} INFO - Processing file /home/airflow/.local/lib/python3.7/site-packages/airflow/example_dags/example_short_circuit_decorator.py for tasks to queue
[2023-05-06T02:16:05.585+0000] {logging_mixin.py:137} INFO - [2023-05-06T02:16:05.585+0000] {dagbag.py:532} INFO - Filling up the DagBag from /home/airflow/.local/lib/python3.7/site-packages/airflow/example_dags/example_short_circuit_decorator.py
[2023-05-06T02:16:05.625+0000] {processor.py:753} INFO - DAG(s) dict_keys(['example_short_circuit_decorator']) retrieved from /home/airflow/.local/lib/python3.7/site-packages/airflow/example_dags/example_short_circuit_decorator.py
[2023-05-06T02:16:05.671+0000] {logging_mixin.py:137} INFO - [2023-05-06T02:16:05.671+0000] {dag.py:2705} INFO - Sync 1 DAGs
[2023-05-06T02:16:05.717+0000] {logging_mixin.py:137} INFO - [2023-05-06T02:16:05.717+0000] {dag.py:3456} INFO - Setting next_dagrun for example_short_circuit_decorator to 2023-05-05T02:16:05.717123+00:00, run_after=2023-05-06T02:16:05.717123+00:00
[2023-05-06T02:16:05.764+0000] {processor.py:175} INFO - Processing /home/airflow/.local/lib/python3.7/site-packages/airflow/example_dags/example_short_circuit_decorator.py took 0.196 seconds
[2023-05-06T02:16:38.916+0000] {processor.py:153} INFO - Started process (PID=6005) to work on /home/airflow/.local/lib/python3.7/site-packages/airflow/example_dags/example_short_circuit_decorator.py
[2023-05-06T02:16:38.931+0000] {processor.py:743} INFO - Processing file /home/airflow/.local/lib/python3.7/site-packages/airflow/example_dags/example_short_circuit_decorator.py for tasks to queue
[2023-05-06T02:16:38.939+0000] {logging_mixin.py:137} INFO - [2023-05-06T02:16:38.939+0000] {dagbag.py:532} INFO - Filling up the DagBag from /home/airflow/.local/lib/python3.7/site-packages/airflow/example_dags/example_short_circuit_decorator.py
[2023-05-06T02:16:39.186+0000] {processor.py:753} INFO - DAG(s) dict_keys(['example_short_circuit_decorator']) retrieved from /home/airflow/.local/lib/python3.7/site-packages/airflow/example_dags/example_short_circuit_decorator.py
[2023-05-06T02:16:39.493+0000] {logging_mixin.py:137} INFO - [2023-05-06T02:16:39.492+0000] {dag.py:2705} INFO - Sync 1 DAGs
[2023-05-06T02:16:39.715+0000] {logging_mixin.py:137} INFO - [2023-05-06T02:16:39.715+0000] {dag.py:3456} INFO - Setting next_dagrun for example_short_circuit_decorator to 2023-05-05T02:16:39.714978+00:00, run_after=2023-05-06T02:16:39.714978+00:00
[2023-05-06T02:16:39.844+0000] {processor.py:175} INFO - Processing /home/airflow/.local/lib/python3.7/site-packages/airflow/example_dags/example_short_circuit_decorator.py took 0.965 seconds
[2023-05-06T02:17:12.565+0000] {processor.py:153} INFO - Started process (PID=6057) to work on /home/airflow/.local/lib/python3.7/site-packages/airflow/example_dags/example_short_circuit_decorator.py
[2023-05-06T02:17:12.573+0000] {processor.py:743} INFO - Processing file /home/airflow/.local/lib/python3.7/site-packages/airflow/example_dags/example_short_circuit_decorator.py for tasks to queue
[2023-05-06T02:17:12.586+0000] {logging_mixin.py:137} INFO - [2023-05-06T02:17:12.585+0000] {dagbag.py:532} INFO - Filling up the DagBag from /home/airflow/.local/lib/python3.7/site-packages/airflow/example_dags/example_short_circuit_decorator.py
[2023-05-06T02:17:12.717+0000] {processor.py:753} INFO - DAG(s) dict_keys(['example_short_circuit_decorator']) retrieved from /home/airflow/.local/lib/python3.7/site-packages/airflow/example_dags/example_short_circuit_decorator.py
[2023-05-06T02:17:12.874+0000] {logging_mixin.py:137} INFO - [2023-05-06T02:17:12.874+0000] {dag.py:2705} INFO - Sync 1 DAGs
[2023-05-06T02:17:12.996+0000] {logging_mixin.py:137} INFO - [2023-05-06T02:17:12.996+0000] {dag.py:3456} INFO - Setting next_dagrun for example_short_circuit_decorator to 2023-05-05T02:17:12.995298+00:00, run_after=2023-05-06T02:17:12.995298+00:00
[2023-05-06T02:17:13.111+0000] {processor.py:175} INFO - Processing /home/airflow/.local/lib/python3.7/site-packages/airflow/example_dags/example_short_circuit_decorator.py took 0.569 seconds
[2023-05-06T02:20:23.235+0000] {processor.py:153} INFO - Started process (PID=6132) to work on /home/airflow/.local/lib/python3.7/site-packages/airflow/example_dags/example_short_circuit_decorator.py
[2023-05-06T02:20:23.619+0000] {processor.py:743} INFO - Processing file /home/airflow/.local/lib/python3.7/site-packages/airflow/example_dags/example_short_circuit_decorator.py for tasks to queue
[2023-05-06T02:20:23.730+0000] {logging_mixin.py:137} INFO - [2023-05-06T02:20:23.659+0000] {dagbag.py:532} INFO - Filling up the DagBag from /home/airflow/.local/lib/python3.7/site-packages/airflow/example_dags/example_short_circuit_decorator.py
[2023-05-06T02:20:31.505+0000] {processor.py:753} INFO - DAG(s) dict_keys(['example_short_circuit_decorator']) retrieved from /home/airflow/.local/lib/python3.7/site-packages/airflow/example_dags/example_short_circuit_decorator.py
[2023-05-06T02:20:51.040+0000] {logging_mixin.py:137} INFO - [2023-05-06T02:20:51.039+0000] {dag.py:2705} INFO - Sync 1 DAGs
