[2023-05-06T00:03:47.654+0000] {processor.py:153} INFO - Started process (PID=4266) to work on /home/airflow/.local/lib/python3.7/site-packages/airflow/example_dags/example_xcom.py
[2023-05-06T00:03:47.655+0000] {processor.py:743} INFO - Processing file /home/airflow/.local/lib/python3.7/site-packages/airflow/example_dags/example_xcom.py for tasks to queue
[2023-05-06T00:03:47.657+0000] {logging_mixin.py:137} INFO - [2023-05-06T00:03:47.657+0000] {dagbag.py:532} INFO - Filling up the DagBag from /home/airflow/.local/lib/python3.7/site-packages/airflow/example_dags/example_xcom.py
[2023-05-06T00:03:47.690+0000] {processor.py:753} INFO - DAG(s) dict_keys(['example_xcom']) retrieved from /home/airflow/.local/lib/python3.7/site-packages/airflow/example_dags/example_xcom.py
[2023-05-06T00:03:47.724+0000] {logging_mixin.py:137} INFO - [2023-05-06T00:03:47.724+0000] {dag.py:2705} INFO - Sync 1 DAGs
[2023-05-06T00:03:47.754+0000] {logging_mixin.py:137} INFO - [2023-05-06T00:03:47.754+0000] {dag.py:3456} INFO - Setting next_dagrun for example_xcom to 2021-01-01T00:00:00+00:00, run_after=2021-01-01T00:00:00+00:00
[2023-05-06T00:03:47.775+0000] {processor.py:175} INFO - Processing /home/airflow/.local/lib/python3.7/site-packages/airflow/example_dags/example_xcom.py took 0.127 seconds
[2023-05-06T00:17:28.140+0000] {processor.py:153} INFO - Started process (PID=4317) to work on /home/airflow/.local/lib/python3.7/site-packages/airflow/example_dags/example_xcom.py
[2023-05-06T00:17:28.142+0000] {processor.py:743} INFO - Processing file /home/airflow/.local/lib/python3.7/site-packages/airflow/example_dags/example_xcom.py for tasks to queue
[2023-05-06T00:17:28.144+0000] {logging_mixin.py:137} INFO - [2023-05-06T00:17:28.144+0000] {dagbag.py:532} INFO - Filling up the DagBag from /home/airflow/.local/lib/python3.7/site-packages/airflow/example_dags/example_xcom.py
[2023-05-06T00:17:28.181+0000] {processor.py:753} INFO - DAG(s) dict_keys(['example_xcom']) retrieved from /home/airflow/.local/lib/python3.7/site-packages/airflow/example_dags/example_xcom.py
[2023-05-06T00:17:28.288+0000] {logging_mixin.py:137} INFO - [2023-05-06T00:17:28.288+0000] {dag.py:2705} INFO - Sync 1 DAGs
[2023-05-06T00:17:28.331+0000] {logging_mixin.py:137} INFO - [2023-05-06T00:17:28.330+0000] {dag.py:3456} INFO - Setting next_dagrun for example_xcom to 2021-01-01T00:00:00+00:00, run_after=2021-01-01T00:00:00+00:00
[2023-05-06T00:17:28.354+0000] {processor.py:175} INFO - Processing /home/airflow/.local/lib/python3.7/site-packages/airflow/example_dags/example_xcom.py took 0.219 seconds
[2023-05-06T00:20:35.531+0000] {processor.py:153} INFO - Started process (PID=4369) to work on /home/airflow/.local/lib/python3.7/site-packages/airflow/example_dags/example_xcom.py
[2023-05-06T00:20:35.536+0000] {processor.py:743} INFO - Processing file /home/airflow/.local/lib/python3.7/site-packages/airflow/example_dags/example_xcom.py for tasks to queue
[2023-05-06T00:20:35.542+0000] {logging_mixin.py:137} INFO - [2023-05-06T00:20:35.541+0000] {dagbag.py:532} INFO - Filling up the DagBag from /home/airflow/.local/lib/python3.7/site-packages/airflow/example_dags/example_xcom.py
[2023-05-06T00:20:35.630+0000] {processor.py:753} INFO - DAG(s) dict_keys(['example_xcom']) retrieved from /home/airflow/.local/lib/python3.7/site-packages/airflow/example_dags/example_xcom.py
[2023-05-06T00:20:35.699+0000] {logging_mixin.py:137} INFO - [2023-05-06T00:20:35.699+0000] {dag.py:2705} INFO - Sync 1 DAGs
[2023-05-06T00:20:35.774+0000] {logging_mixin.py:137} INFO - [2023-05-06T00:20:35.763+0000] {dag.py:3456} INFO - Setting next_dagrun for example_xcom to 2021-01-01T00:00:00+00:00, run_after=2021-01-01T00:00:00+00:00
[2023-05-06T00:20:35.811+0000] {processor.py:175} INFO - Processing /home/airflow/.local/lib/python3.7/site-packages/airflow/example_dags/example_xcom.py took 0.293 seconds
[2023-05-06T00:36:25.175+0000] {processor.py:153} INFO - Started process (PID=4429) to work on /home/airflow/.local/lib/python3.7/site-packages/airflow/example_dags/example_xcom.py
[2023-05-06T00:36:25.180+0000] {processor.py:743} INFO - Processing file /home/airflow/.local/lib/python3.7/site-packages/airflow/example_dags/example_xcom.py for tasks to queue
[2023-05-06T00:36:25.187+0000] {logging_mixin.py:137} INFO - [2023-05-06T00:36:25.185+0000] {dagbag.py:532} INFO - Filling up the DagBag from /home/airflow/.local/lib/python3.7/site-packages/airflow/example_dags/example_xcom.py
[2023-05-06T00:36:25.331+0000] {processor.py:753} INFO - DAG(s) dict_keys(['example_xcom']) retrieved from /home/airflow/.local/lib/python3.7/site-packages/airflow/example_dags/example_xcom.py
[2023-05-06T00:36:25.467+0000] {logging_mixin.py:137} INFO - [2023-05-06T00:36:25.457+0000] {dag.py:2705} INFO - Sync 1 DAGs
[2023-05-06T00:36:25.592+0000] {logging_mixin.py:137} INFO - [2023-05-06T00:36:25.592+0000] {dag.py:3456} INFO - Setting next_dagrun for example_xcom to 2021-01-01T00:00:00+00:00, run_after=2021-01-01T00:00:00+00:00
[2023-05-06T00:36:25.670+0000] {processor.py:175} INFO - Processing /home/airflow/.local/lib/python3.7/site-packages/airflow/example_dags/example_xcom.py took 0.515 seconds
[2023-05-06T00:37:04.335+0000] {processor.py:153} INFO - Started process (PID=4481) to work on /home/airflow/.local/lib/python3.7/site-packages/airflow/example_dags/example_xcom.py
[2023-05-06T00:37:04.363+0000] {processor.py:743} INFO - Processing file /home/airflow/.local/lib/python3.7/site-packages/airflow/example_dags/example_xcom.py for tasks to queue
[2023-05-06T00:37:04.411+0000] {logging_mixin.py:137} INFO - [2023-05-06T00:37:04.410+0000] {dagbag.py:532} INFO - Filling up the DagBag from /home/airflow/.local/lib/python3.7/site-packages/airflow/example_dags/example_xcom.py
[2023-05-06T00:37:05.938+0000] {processor.py:753} INFO - DAG(s) dict_keys(['example_xcom']) retrieved from /home/airflow/.local/lib/python3.7/site-packages/airflow/example_dags/example_xcom.py
[2023-05-06T00:37:06.957+0000] {logging_mixin.py:137} INFO - [2023-05-06T00:37:06.956+0000] {dag.py:2705} INFO - Sync 1 DAGs
[2023-05-06T00:37:07.611+0000] {logging_mixin.py:137} INFO - [2023-05-06T00:37:07.611+0000] {dag.py:3456} INFO - Setting next_dagrun for example_xcom to 2021-01-01T00:00:00+00:00, run_after=2021-01-01T00:00:00+00:00
[2023-05-06T00:37:08.274+0000] {processor.py:175} INFO - Processing /home/airflow/.local/lib/python3.7/site-packages/airflow/example_dags/example_xcom.py took 4.101 seconds
[2023-05-06T00:37:53.178+0000] {processor.py:153} INFO - Started process (PID=4521) to work on /home/airflow/.local/lib/python3.7/site-packages/airflow/example_dags/example_xcom.py
[2023-05-06T00:37:53.199+0000] {processor.py:743} INFO - Processing file /home/airflow/.local/lib/python3.7/site-packages/airflow/example_dags/example_xcom.py for tasks to queue
[2023-05-06T00:37:53.219+0000] {logging_mixin.py:137} INFO - [2023-05-06T00:37:53.218+0000] {dagbag.py:532} INFO - Filling up the DagBag from /home/airflow/.local/lib/python3.7/site-packages/airflow/example_dags/example_xcom.py
[2023-05-06T00:37:53.602+0000] {processor.py:753} INFO - DAG(s) dict_keys(['example_xcom']) retrieved from /home/airflow/.local/lib/python3.7/site-packages/airflow/example_dags/example_xcom.py
[2023-05-06T00:37:53.891+0000] {logging_mixin.py:137} INFO - [2023-05-06T00:37:53.890+0000] {dag.py:2705} INFO - Sync 1 DAGs
[2023-05-06T00:37:54.596+0000] {logging_mixin.py:137} INFO - [2023-05-06T00:37:54.560+0000] {dag.py:3456} INFO - Setting next_dagrun for example_xcom to 2021-01-01T00:00:00+00:00, run_after=2021-01-01T00:00:00+00:00
[2023-05-06T00:37:55.368+0000] {processor.py:175} INFO - Processing /home/airflow/.local/lib/python3.7/site-packages/airflow/example_dags/example_xcom.py took 2.242 seconds
[2023-05-06T00:38:47.895+0000] {processor.py:153} INFO - Started process (PID=4580) to work on /home/airflow/.local/lib/python3.7/site-packages/airflow/example_dags/example_xcom.py
[2023-05-06T00:38:47.908+0000] {processor.py:743} INFO - Processing file /home/airflow/.local/lib/python3.7/site-packages/airflow/example_dags/example_xcom.py for tasks to queue
[2023-05-06T00:38:47.926+0000] {logging_mixin.py:137} INFO - [2023-05-06T00:38:47.923+0000] {dagbag.py:532} INFO - Filling up the DagBag from /home/airflow/.local/lib/python3.7/site-packages/airflow/example_dags/example_xcom.py
[2023-05-06T00:38:48.117+0000] {processor.py:753} INFO - DAG(s) dict_keys(['example_xcom']) retrieved from /home/airflow/.local/lib/python3.7/site-packages/airflow/example_dags/example_xcom.py
[2023-05-06T00:38:48.347+0000] {logging_mixin.py:137} INFO - [2023-05-06T00:38:48.346+0000] {dag.py:2705} INFO - Sync 1 DAGs
[2023-05-06T00:38:48.562+0000] {logging_mixin.py:137} INFO - [2023-05-06T00:38:48.561+0000] {dag.py:3456} INFO - Setting next_dagrun for example_xcom to 2021-01-01T00:00:00+00:00, run_after=2021-01-01T00:00:00+00:00
[2023-05-06T00:38:48.696+0000] {processor.py:175} INFO - Processing /home/airflow/.local/lib/python3.7/site-packages/airflow/example_dags/example_xcom.py took 0.830 seconds
[2023-05-06T00:54:38.887+0000] {processor.py:153} INFO - Started process (PID=4628) to work on /home/airflow/.local/lib/python3.7/site-packages/airflow/example_dags/example_xcom.py
[2023-05-06T00:54:38.891+0000] {processor.py:743} INFO - Processing file /home/airflow/.local/lib/python3.7/site-packages/airflow/example_dags/example_xcom.py for tasks to queue
[2023-05-06T00:54:38.913+0000] {logging_mixin.py:137} INFO - [2023-05-06T00:54:38.913+0000] {dagbag.py:532} INFO - Filling up the DagBag from /home/airflow/.local/lib/python3.7/site-packages/airflow/example_dags/example_xcom.py
[2023-05-06T00:54:39.083+0000] {processor.py:753} INFO - DAG(s) dict_keys(['example_xcom']) retrieved from /home/airflow/.local/lib/python3.7/site-packages/airflow/example_dags/example_xcom.py
[2023-05-06T00:54:39.211+0000] {logging_mixin.py:137} INFO - [2023-05-06T00:54:39.211+0000] {dag.py:2705} INFO - Sync 1 DAGs
[2023-05-06T00:54:39.305+0000] {logging_mixin.py:137} INFO - [2023-05-06T00:54:39.304+0000] {dag.py:3456} INFO - Setting next_dagrun for example_xcom to 2021-01-01T00:00:00+00:00, run_after=2021-01-01T00:00:00+00:00
[2023-05-06T00:54:39.400+0000] {processor.py:175} INFO - Processing /home/airflow/.local/lib/python3.7/site-packages/airflow/example_dags/example_xcom.py took 0.538 seconds
[2023-05-06T02:03:38.067+0000] {processor.py:153} INFO - Started process (PID=4686) to work on /home/airflow/.local/lib/python3.7/site-packages/airflow/example_dags/example_xcom.py
[2023-05-06T02:03:38.068+0000] {processor.py:743} INFO - Processing file /home/airflow/.local/lib/python3.7/site-packages/airflow/example_dags/example_xcom.py for tasks to queue
[2023-05-06T02:03:38.072+0000] {logging_mixin.py:137} INFO - [2023-05-06T02:03:38.071+0000] {dagbag.py:532} INFO - Filling up the DagBag from /home/airflow/.local/lib/python3.7/site-packages/airflow/example_dags/example_xcom.py
[2023-05-06T02:03:38.111+0000] {processor.py:753} INFO - DAG(s) dict_keys(['example_xcom']) retrieved from /home/airflow/.local/lib/python3.7/site-packages/airflow/example_dags/example_xcom.py
[2023-05-06T02:03:38.150+0000] {logging_mixin.py:137} INFO - [2023-05-06T02:03:38.150+0000] {dag.py:2705} INFO - Sync 1 DAGs
[2023-05-06T02:03:38.182+0000] {logging_mixin.py:137} INFO - [2023-05-06T02:03:38.182+0000] {dag.py:3456} INFO - Setting next_dagrun for example_xcom to 2021-01-01T00:00:00+00:00, run_after=2021-01-01T00:00:00+00:00
[2023-05-06T02:03:38.210+0000] {processor.py:175} INFO - Processing /home/airflow/.local/lib/python3.7/site-packages/airflow/example_dags/example_xcom.py took 0.153 seconds
[2023-05-06T02:04:12.110+0000] {processor.py:153} INFO - Started process (PID=4738) to work on /home/airflow/.local/lib/python3.7/site-packages/airflow/example_dags/example_xcom.py
[2023-05-06T02:04:12.127+0000] {processor.py:743} INFO - Processing file /home/airflow/.local/lib/python3.7/site-packages/airflow/example_dags/example_xcom.py for tasks to queue
[2023-05-06T02:04:12.160+0000] {logging_mixin.py:137} INFO - [2023-05-06T02:04:12.160+0000] {dagbag.py:532} INFO - Filling up the DagBag from /home/airflow/.local/lib/python3.7/site-packages/airflow/example_dags/example_xcom.py
[2023-05-06T02:04:12.390+0000] {processor.py:753} INFO - DAG(s) dict_keys(['example_xcom']) retrieved from /home/airflow/.local/lib/python3.7/site-packages/airflow/example_dags/example_xcom.py
[2023-05-06T02:04:12.540+0000] {logging_mixin.py:137} INFO - [2023-05-06T02:04:12.540+0000] {dag.py:2705} INFO - Sync 1 DAGs
[2023-05-06T02:04:12.676+0000] {logging_mixin.py:137} INFO - [2023-05-06T02:04:12.676+0000] {dag.py:3456} INFO - Setting next_dagrun for example_xcom to 2021-01-01T00:00:00+00:00, run_after=2021-01-01T00:00:00+00:00
[2023-05-06T02:04:12.748+0000] {processor.py:175} INFO - Processing /home/airflow/.local/lib/python3.7/site-packages/airflow/example_dags/example_xcom.py took 0.662 seconds
[2023-05-06T02:04:43.469+0000] {processor.py:153} INFO - Started process (PID=4790) to work on /home/airflow/.local/lib/python3.7/site-packages/airflow/example_dags/example_xcom.py
[2023-05-06T02:04:43.475+0000] {processor.py:743} INFO - Processing file /home/airflow/.local/lib/python3.7/site-packages/airflow/example_dags/example_xcom.py for tasks to queue
[2023-05-06T02:04:43.481+0000] {logging_mixin.py:137} INFO - [2023-05-06T02:04:43.479+0000] {dagbag.py:532} INFO - Filling up the DagBag from /home/airflow/.local/lib/python3.7/site-packages/airflow/example_dags/example_xcom.py
[2023-05-06T02:04:43.604+0000] {processor.py:753} INFO - DAG(s) dict_keys(['example_xcom']) retrieved from /home/airflow/.local/lib/python3.7/site-packages/airflow/example_dags/example_xcom.py
[2023-05-06T02:04:43.800+0000] {logging_mixin.py:137} INFO - [2023-05-06T02:04:43.800+0000] {dag.py:2705} INFO - Sync 1 DAGs
[2023-05-06T02:04:43.942+0000] {logging_mixin.py:137} INFO - [2023-05-06T02:04:43.942+0000] {dag.py:3456} INFO - Setting next_dagrun for example_xcom to 2021-01-01T00:00:00+00:00, run_after=2021-01-01T00:00:00+00:00
[2023-05-06T02:04:44.125+0000] {processor.py:175} INFO - Processing /home/airflow/.local/lib/python3.7/site-packages/airflow/example_dags/example_xcom.py took 0.676 seconds
[2023-05-06T02:05:15.076+0000] {processor.py:153} INFO - Started process (PID=4842) to work on /home/airflow/.local/lib/python3.7/site-packages/airflow/example_dags/example_xcom.py
[2023-05-06T02:05:15.079+0000] {processor.py:743} INFO - Processing file /home/airflow/.local/lib/python3.7/site-packages/airflow/example_dags/example_xcom.py for tasks to queue
[2023-05-06T02:05:15.081+0000] {logging_mixin.py:137} INFO - [2023-05-06T02:05:15.080+0000] {dagbag.py:532} INFO - Filling up the DagBag from /home/airflow/.local/lib/python3.7/site-packages/airflow/example_dags/example_xcom.py
[2023-05-06T02:05:15.128+0000] {processor.py:753} INFO - DAG(s) dict_keys(['example_xcom']) retrieved from /home/airflow/.local/lib/python3.7/site-packages/airflow/example_dags/example_xcom.py
[2023-05-06T02:05:15.186+0000] {logging_mixin.py:137} INFO - [2023-05-06T02:05:15.186+0000] {dag.py:2705} INFO - Sync 1 DAGs
[2023-05-06T02:05:15.236+0000] {logging_mixin.py:137} INFO - [2023-05-06T02:05:15.236+0000] {dag.py:3456} INFO - Setting next_dagrun for example_xcom to 2021-01-01T00:00:00+00:00, run_after=2021-01-01T00:00:00+00:00
[2023-05-06T02:05:15.278+0000] {processor.py:175} INFO - Processing /home/airflow/.local/lib/python3.7/site-packages/airflow/example_dags/example_xcom.py took 0.216 seconds
[2023-05-06T02:05:45.531+0000] {processor.py:153} INFO - Started process (PID=4894) to work on /home/airflow/.local/lib/python3.7/site-packages/airflow/example_dags/example_xcom.py
[2023-05-06T02:05:45.536+0000] {processor.py:743} INFO - Processing file /home/airflow/.local/lib/python3.7/site-packages/airflow/example_dags/example_xcom.py for tasks to queue
[2023-05-06T02:05:45.539+0000] {logging_mixin.py:137} INFO - [2023-05-06T02:05:45.539+0000] {dagbag.py:532} INFO - Filling up the DagBag from /home/airflow/.local/lib/python3.7/site-packages/airflow/example_dags/example_xcom.py
[2023-05-06T02:05:45.586+0000] {processor.py:753} INFO - DAG(s) dict_keys(['example_xcom']) retrieved from /home/airflow/.local/lib/python3.7/site-packages/airflow/example_dags/example_xcom.py
[2023-05-06T02:05:45.647+0000] {logging_mixin.py:137} INFO - [2023-05-06T02:05:45.646+0000] {dag.py:2705} INFO - Sync 1 DAGs
[2023-05-06T02:05:45.713+0000] {logging_mixin.py:137} INFO - [2023-05-06T02:05:45.713+0000] {dag.py:3456} INFO - Setting next_dagrun for example_xcom to 2021-01-01T00:00:00+00:00, run_after=2021-01-01T00:00:00+00:00
[2023-05-06T02:05:45.758+0000] {processor.py:175} INFO - Processing /home/airflow/.local/lib/python3.7/site-packages/airflow/example_dags/example_xcom.py took 0.239 seconds
[2023-05-06T02:06:15.934+0000] {processor.py:153} INFO - Started process (PID=4946) to work on /home/airflow/.local/lib/python3.7/site-packages/airflow/example_dags/example_xcom.py
[2023-05-06T02:06:15.937+0000] {processor.py:743} INFO - Processing file /home/airflow/.local/lib/python3.7/site-packages/airflow/example_dags/example_xcom.py for tasks to queue
[2023-05-06T02:06:15.940+0000] {logging_mixin.py:137} INFO - [2023-05-06T02:06:15.940+0000] {dagbag.py:532} INFO - Filling up the DagBag from /home/airflow/.local/lib/python3.7/site-packages/airflow/example_dags/example_xcom.py
[2023-05-06T02:06:15.979+0000] {processor.py:753} INFO - DAG(s) dict_keys(['example_xcom']) retrieved from /home/airflow/.local/lib/python3.7/site-packages/airflow/example_dags/example_xcom.py
[2023-05-06T02:06:16.034+0000] {logging_mixin.py:137} INFO - [2023-05-06T02:06:16.034+0000] {dag.py:2705} INFO - Sync 1 DAGs
[2023-05-06T02:06:16.071+0000] {logging_mixin.py:137} INFO - [2023-05-06T02:06:16.070+0000] {dag.py:3456} INFO - Setting next_dagrun for example_xcom to 2021-01-01T00:00:00+00:00, run_after=2021-01-01T00:00:00+00:00
[2023-05-06T02:06:16.100+0000] {processor.py:175} INFO - Processing /home/airflow/.local/lib/python3.7/site-packages/airflow/example_dags/example_xcom.py took 0.176 seconds
[2023-05-06T02:06:46.800+0000] {processor.py:153} INFO - Started process (PID=4998) to work on /home/airflow/.local/lib/python3.7/site-packages/airflow/example_dags/example_xcom.py
[2023-05-06T02:06:46.803+0000] {processor.py:743} INFO - Processing file /home/airflow/.local/lib/python3.7/site-packages/airflow/example_dags/example_xcom.py for tasks to queue
[2023-05-06T02:06:46.807+0000] {logging_mixin.py:137} INFO - [2023-05-06T02:06:46.806+0000] {dagbag.py:532} INFO - Filling up the DagBag from /home/airflow/.local/lib/python3.7/site-packages/airflow/example_dags/example_xcom.py
[2023-05-06T02:06:46.849+0000] {processor.py:753} INFO - DAG(s) dict_keys(['example_xcom']) retrieved from /home/airflow/.local/lib/python3.7/site-packages/airflow/example_dags/example_xcom.py
[2023-05-06T02:06:46.894+0000] {logging_mixin.py:137} INFO - [2023-05-06T02:06:46.893+0000] {dag.py:2705} INFO - Sync 1 DAGs
[2023-05-06T02:06:46.932+0000] {logging_mixin.py:137} INFO - [2023-05-06T02:06:46.931+0000] {dag.py:3456} INFO - Setting next_dagrun for example_xcom to 2021-01-01T00:00:00+00:00, run_after=2021-01-01T00:00:00+00:00
[2023-05-06T02:06:46.962+0000] {processor.py:175} INFO - Processing /home/airflow/.local/lib/python3.7/site-packages/airflow/example_dags/example_xcom.py took 0.168 seconds
[2023-05-06T02:07:17.370+0000] {processor.py:153} INFO - Started process (PID=5050) to work on /home/airflow/.local/lib/python3.7/site-packages/airflow/example_dags/example_xcom.py
[2023-05-06T02:07:17.372+0000] {processor.py:743} INFO - Processing file /home/airflow/.local/lib/python3.7/site-packages/airflow/example_dags/example_xcom.py for tasks to queue
[2023-05-06T02:07:17.375+0000] {logging_mixin.py:137} INFO - [2023-05-06T02:07:17.374+0000] {dagbag.py:532} INFO - Filling up the DagBag from /home/airflow/.local/lib/python3.7/site-packages/airflow/example_dags/example_xcom.py
[2023-05-06T02:07:17.438+0000] {processor.py:753} INFO - DAG(s) dict_keys(['example_xcom']) retrieved from /home/airflow/.local/lib/python3.7/site-packages/airflow/example_dags/example_xcom.py
[2023-05-06T02:07:17.490+0000] {logging_mixin.py:137} INFO - [2023-05-06T02:07:17.489+0000] {dag.py:2705} INFO - Sync 1 DAGs
[2023-05-06T02:07:17.544+0000] {logging_mixin.py:137} INFO - [2023-05-06T02:07:17.543+0000] {dag.py:3456} INFO - Setting next_dagrun for example_xcom to 2021-01-01T00:00:00+00:00, run_after=2021-01-01T00:00:00+00:00
[2023-05-06T02:07:17.579+0000] {processor.py:175} INFO - Processing /home/airflow/.local/lib/python3.7/site-packages/airflow/example_dags/example_xcom.py took 0.220 seconds
[2023-05-06T02:07:47.950+0000] {processor.py:153} INFO - Started process (PID=5101) to work on /home/airflow/.local/lib/python3.7/site-packages/airflow/example_dags/example_xcom.py
[2023-05-06T02:07:47.954+0000] {processor.py:743} INFO - Processing file /home/airflow/.local/lib/python3.7/site-packages/airflow/example_dags/example_xcom.py for tasks to queue
[2023-05-06T02:07:47.959+0000] {logging_mixin.py:137} INFO - [2023-05-06T02:07:47.959+0000] {dagbag.py:532} INFO - Filling up the DagBag from /home/airflow/.local/lib/python3.7/site-packages/airflow/example_dags/example_xcom.py
[2023-05-06T02:07:48.092+0000] {processor.py:753} INFO - DAG(s) dict_keys(['example_xcom']) retrieved from /home/airflow/.local/lib/python3.7/site-packages/airflow/example_dags/example_xcom.py
[2023-05-06T02:07:48.223+0000] {logging_mixin.py:137} INFO - [2023-05-06T02:07:48.223+0000] {dag.py:2705} INFO - Sync 1 DAGs
[2023-05-06T02:07:48.291+0000] {logging_mixin.py:137} INFO - [2023-05-06T02:07:48.290+0000] {dag.py:3456} INFO - Setting next_dagrun for example_xcom to 2021-01-01T00:00:00+00:00, run_after=2021-01-01T00:00:00+00:00
[2023-05-06T02:07:48.375+0000] {processor.py:175} INFO - Processing /home/airflow/.local/lib/python3.7/site-packages/airflow/example_dags/example_xcom.py took 0.439 seconds
[2023-05-06T02:08:18.506+0000] {processor.py:153} INFO - Started process (PID=5152) to work on /home/airflow/.local/lib/python3.7/site-packages/airflow/example_dags/example_xcom.py
[2023-05-06T02:08:18.512+0000] {processor.py:743} INFO - Processing file /home/airflow/.local/lib/python3.7/site-packages/airflow/example_dags/example_xcom.py for tasks to queue
[2023-05-06T02:08:18.515+0000] {logging_mixin.py:137} INFO - [2023-05-06T02:08:18.514+0000] {dagbag.py:532} INFO - Filling up the DagBag from /home/airflow/.local/lib/python3.7/site-packages/airflow/example_dags/example_xcom.py
[2023-05-06T02:08:18.558+0000] {processor.py:753} INFO - DAG(s) dict_keys(['example_xcom']) retrieved from /home/airflow/.local/lib/python3.7/site-packages/airflow/example_dags/example_xcom.py
[2023-05-06T02:08:18.607+0000] {logging_mixin.py:137} INFO - [2023-05-06T02:08:18.607+0000] {dag.py:2705} INFO - Sync 1 DAGs
[2023-05-06T02:08:18.656+0000] {logging_mixin.py:137} INFO - [2023-05-06T02:08:18.656+0000] {dag.py:3456} INFO - Setting next_dagrun for example_xcom to 2021-01-01T00:00:00+00:00, run_after=2021-01-01T00:00:00+00:00
[2023-05-06T02:08:18.697+0000] {processor.py:175} INFO - Processing /home/airflow/.local/lib/python3.7/site-packages/airflow/example_dags/example_xcom.py took 0.205 seconds
[2023-05-06T02:08:49.008+0000] {processor.py:153} INFO - Started process (PID=5204) to work on /home/airflow/.local/lib/python3.7/site-packages/airflow/example_dags/example_xcom.py
[2023-05-06T02:08:49.011+0000] {processor.py:743} INFO - Processing file /home/airflow/.local/lib/python3.7/site-packages/airflow/example_dags/example_xcom.py for tasks to queue
[2023-05-06T02:08:49.014+0000] {logging_mixin.py:137} INFO - [2023-05-06T02:08:49.013+0000] {dagbag.py:532} INFO - Filling up the DagBag from /home/airflow/.local/lib/python3.7/site-packages/airflow/example_dags/example_xcom.py
[2023-05-06T02:08:49.057+0000] {processor.py:753} INFO - DAG(s) dict_keys(['example_xcom']) retrieved from /home/airflow/.local/lib/python3.7/site-packages/airflow/example_dags/example_xcom.py
[2023-05-06T02:08:49.118+0000] {logging_mixin.py:137} INFO - [2023-05-06T02:08:49.117+0000] {dag.py:2705} INFO - Sync 1 DAGs
[2023-05-06T02:08:49.165+0000] {logging_mixin.py:137} INFO - [2023-05-06T02:08:49.165+0000] {dag.py:3456} INFO - Setting next_dagrun for example_xcom to 2021-01-01T00:00:00+00:00, run_after=2021-01-01T00:00:00+00:00
[2023-05-06T02:08:49.197+0000] {processor.py:175} INFO - Processing /home/airflow/.local/lib/python3.7/site-packages/airflow/example_dags/example_xcom.py took 0.199 seconds
[2023-05-06T02:09:20.023+0000] {processor.py:153} INFO - Started process (PID=5256) to work on /home/airflow/.local/lib/python3.7/site-packages/airflow/example_dags/example_xcom.py
[2023-05-06T02:09:20.026+0000] {processor.py:743} INFO - Processing file /home/airflow/.local/lib/python3.7/site-packages/airflow/example_dags/example_xcom.py for tasks to queue
[2023-05-06T02:09:20.028+0000] {logging_mixin.py:137} INFO - [2023-05-06T02:09:20.028+0000] {dagbag.py:532} INFO - Filling up the DagBag from /home/airflow/.local/lib/python3.7/site-packages/airflow/example_dags/example_xcom.py
[2023-05-06T02:09:20.069+0000] {processor.py:753} INFO - DAG(s) dict_keys(['example_xcom']) retrieved from /home/airflow/.local/lib/python3.7/site-packages/airflow/example_dags/example_xcom.py
[2023-05-06T02:09:20.117+0000] {logging_mixin.py:137} INFO - [2023-05-06T02:09:20.117+0000] {dag.py:2705} INFO - Sync 1 DAGs
[2023-05-06T02:09:20.157+0000] {logging_mixin.py:137} INFO - [2023-05-06T02:09:20.157+0000] {dag.py:3456} INFO - Setting next_dagrun for example_xcom to 2021-01-01T00:00:00+00:00, run_after=2021-01-01T00:00:00+00:00
[2023-05-06T02:09:20.188+0000] {processor.py:175} INFO - Processing /home/airflow/.local/lib/python3.7/site-packages/airflow/example_dags/example_xcom.py took 0.175 seconds
[2023-05-06T02:09:51.191+0000] {processor.py:153} INFO - Started process (PID=5309) to work on /home/airflow/.local/lib/python3.7/site-packages/airflow/example_dags/example_xcom.py
[2023-05-06T02:09:51.209+0000] {processor.py:743} INFO - Processing file /home/airflow/.local/lib/python3.7/site-packages/airflow/example_dags/example_xcom.py for tasks to queue
[2023-05-06T02:09:51.215+0000] {logging_mixin.py:137} INFO - [2023-05-06T02:09:51.213+0000] {dagbag.py:532} INFO - Filling up the DagBag from /home/airflow/.local/lib/python3.7/site-packages/airflow/example_dags/example_xcom.py
[2023-05-06T02:09:51.323+0000] {processor.py:753} INFO - DAG(s) dict_keys(['example_xcom']) retrieved from /home/airflow/.local/lib/python3.7/site-packages/airflow/example_dags/example_xcom.py
[2023-05-06T02:09:51.396+0000] {logging_mixin.py:137} INFO - [2023-05-06T02:09:51.396+0000] {dag.py:2705} INFO - Sync 1 DAGs
[2023-05-06T02:09:51.460+0000] {logging_mixin.py:137} INFO - [2023-05-06T02:09:51.460+0000] {dag.py:3456} INFO - Setting next_dagrun for example_xcom to 2021-01-01T00:00:00+00:00, run_after=2021-01-01T00:00:00+00:00
[2023-05-06T02:09:51.503+0000] {processor.py:175} INFO - Processing /home/airflow/.local/lib/python3.7/site-packages/airflow/example_dags/example_xcom.py took 0.324 seconds
[2023-05-06T02:10:21.973+0000] {processor.py:153} INFO - Started process (PID=5360) to work on /home/airflow/.local/lib/python3.7/site-packages/airflow/example_dags/example_xcom.py
[2023-05-06T02:10:21.976+0000] {processor.py:743} INFO - Processing file /home/airflow/.local/lib/python3.7/site-packages/airflow/example_dags/example_xcom.py for tasks to queue
[2023-05-06T02:10:21.978+0000] {logging_mixin.py:137} INFO - [2023-05-06T02:10:21.978+0000] {dagbag.py:532} INFO - Filling up the DagBag from /home/airflow/.local/lib/python3.7/site-packages/airflow/example_dags/example_xcom.py
[2023-05-06T02:10:22.025+0000] {processor.py:753} INFO - DAG(s) dict_keys(['example_xcom']) retrieved from /home/airflow/.local/lib/python3.7/site-packages/airflow/example_dags/example_xcom.py
[2023-05-06T02:10:22.071+0000] {logging_mixin.py:137} INFO - [2023-05-06T02:10:22.071+0000] {dag.py:2705} INFO - Sync 1 DAGs
[2023-05-06T02:10:22.105+0000] {logging_mixin.py:137} INFO - [2023-05-06T02:10:22.105+0000] {dag.py:3456} INFO - Setting next_dagrun for example_xcom to 2021-01-01T00:00:00+00:00, run_after=2021-01-01T00:00:00+00:00
[2023-05-06T02:10:22.136+0000] {processor.py:175} INFO - Processing /home/airflow/.local/lib/python3.7/site-packages/airflow/example_dags/example_xcom.py took 0.173 seconds
[2023-05-06T02:10:53.045+0000] {processor.py:153} INFO - Started process (PID=5412) to work on /home/airflow/.local/lib/python3.7/site-packages/airflow/example_dags/example_xcom.py
[2023-05-06T02:10:53.049+0000] {processor.py:743} INFO - Processing file /home/airflow/.local/lib/python3.7/site-packages/airflow/example_dags/example_xcom.py for tasks to queue
[2023-05-06T02:10:53.055+0000] {logging_mixin.py:137} INFO - [2023-05-06T02:10:53.054+0000] {dagbag.py:532} INFO - Filling up the DagBag from /home/airflow/.local/lib/python3.7/site-packages/airflow/example_dags/example_xcom.py
[2023-05-06T02:10:53.133+0000] {processor.py:753} INFO - DAG(s) dict_keys(['example_xcom']) retrieved from /home/airflow/.local/lib/python3.7/site-packages/airflow/example_dags/example_xcom.py
[2023-05-06T02:10:53.234+0000] {logging_mixin.py:137} INFO - [2023-05-06T02:10:53.234+0000] {dag.py:2705} INFO - Sync 1 DAGs
[2023-05-06T02:10:53.316+0000] {logging_mixin.py:137} INFO - [2023-05-06T02:10:53.316+0000] {dag.py:3456} INFO - Setting next_dagrun for example_xcom to 2021-01-01T00:00:00+00:00, run_after=2021-01-01T00:00:00+00:00
[2023-05-06T02:10:53.372+0000] {processor.py:175} INFO - Processing /home/airflow/.local/lib/python3.7/site-packages/airflow/example_dags/example_xcom.py took 0.361 seconds
[2023-05-06T02:11:23.520+0000] {processor.py:153} INFO - Started process (PID=5464) to work on /home/airflow/.local/lib/python3.7/site-packages/airflow/example_dags/example_xcom.py
[2023-05-06T02:11:23.525+0000] {processor.py:743} INFO - Processing file /home/airflow/.local/lib/python3.7/site-packages/airflow/example_dags/example_xcom.py for tasks to queue
[2023-05-06T02:11:23.529+0000] {logging_mixin.py:137} INFO - [2023-05-06T02:11:23.528+0000] {dagbag.py:532} INFO - Filling up the DagBag from /home/airflow/.local/lib/python3.7/site-packages/airflow/example_dags/example_xcom.py
[2023-05-06T02:11:23.573+0000] {processor.py:753} INFO - DAG(s) dict_keys(['example_xcom']) retrieved from /home/airflow/.local/lib/python3.7/site-packages/airflow/example_dags/example_xcom.py
[2023-05-06T02:11:23.625+0000] {logging_mixin.py:137} INFO - [2023-05-06T02:11:23.625+0000] {dag.py:2705} INFO - Sync 1 DAGs
[2023-05-06T02:11:23.664+0000] {logging_mixin.py:137} INFO - [2023-05-06T02:11:23.663+0000] {dag.py:3456} INFO - Setting next_dagrun for example_xcom to 2021-01-01T00:00:00+00:00, run_after=2021-01-01T00:00:00+00:00
[2023-05-06T02:11:23.728+0000] {processor.py:175} INFO - Processing /home/airflow/.local/lib/python3.7/site-packages/airflow/example_dags/example_xcom.py took 0.217 seconds
[2023-05-06T02:11:54.431+0000] {processor.py:153} INFO - Started process (PID=5516) to work on /home/airflow/.local/lib/python3.7/site-packages/airflow/example_dags/example_xcom.py
[2023-05-06T02:11:54.437+0000] {processor.py:743} INFO - Processing file /home/airflow/.local/lib/python3.7/site-packages/airflow/example_dags/example_xcom.py for tasks to queue
[2023-05-06T02:11:54.446+0000] {logging_mixin.py:137} INFO - [2023-05-06T02:11:54.445+0000] {dagbag.py:532} INFO - Filling up the DagBag from /home/airflow/.local/lib/python3.7/site-packages/airflow/example_dags/example_xcom.py
[2023-05-06T02:11:54.509+0000] {processor.py:753} INFO - DAG(s) dict_keys(['example_xcom']) retrieved from /home/airflow/.local/lib/python3.7/site-packages/airflow/example_dags/example_xcom.py
[2023-05-06T02:11:54.628+0000] {logging_mixin.py:137} INFO - [2023-05-06T02:11:54.628+0000] {dag.py:2705} INFO - Sync 1 DAGs
[2023-05-06T02:11:54.705+0000] {logging_mixin.py:137} INFO - [2023-05-06T02:11:54.705+0000] {dag.py:3456} INFO - Setting next_dagrun for example_xcom to 2021-01-01T00:00:00+00:00, run_after=2021-01-01T00:00:00+00:00
[2023-05-06T02:11:54.769+0000] {processor.py:175} INFO - Processing /home/airflow/.local/lib/python3.7/site-packages/airflow/example_dags/example_xcom.py took 0.350 seconds
[2023-05-06T02:12:25.310+0000] {processor.py:153} INFO - Started process (PID=5567) to work on /home/airflow/.local/lib/python3.7/site-packages/airflow/example_dags/example_xcom.py
[2023-05-06T02:12:25.313+0000] {processor.py:743} INFO - Processing file /home/airflow/.local/lib/python3.7/site-packages/airflow/example_dags/example_xcom.py for tasks to queue
[2023-05-06T02:12:25.315+0000] {logging_mixin.py:137} INFO - [2023-05-06T02:12:25.315+0000] {dagbag.py:532} INFO - Filling up the DagBag from /home/airflow/.local/lib/python3.7/site-packages/airflow/example_dags/example_xcom.py
[2023-05-06T02:12:25.390+0000] {processor.py:753} INFO - DAG(s) dict_keys(['example_xcom']) retrieved from /home/airflow/.local/lib/python3.7/site-packages/airflow/example_dags/example_xcom.py
[2023-05-06T02:12:25.447+0000] {logging_mixin.py:137} INFO - [2023-05-06T02:12:25.447+0000] {dag.py:2705} INFO - Sync 1 DAGs
[2023-05-06T02:12:25.484+0000] {logging_mixin.py:137} INFO - [2023-05-06T02:12:25.483+0000] {dag.py:3456} INFO - Setting next_dagrun for example_xcom to 2021-01-01T00:00:00+00:00, run_after=2021-01-01T00:00:00+00:00
[2023-05-06T02:12:25.524+0000] {processor.py:175} INFO - Processing /home/airflow/.local/lib/python3.7/site-packages/airflow/example_dags/example_xcom.py took 0.233 seconds
[2023-05-06T02:12:55.620+0000] {processor.py:153} INFO - Started process (PID=5619) to work on /home/airflow/.local/lib/python3.7/site-packages/airflow/example_dags/example_xcom.py
[2023-05-06T02:12:55.622+0000] {processor.py:743} INFO - Processing file /home/airflow/.local/lib/python3.7/site-packages/airflow/example_dags/example_xcom.py for tasks to queue
[2023-05-06T02:12:55.624+0000] {logging_mixin.py:137} INFO - [2023-05-06T02:12:55.624+0000] {dagbag.py:532} INFO - Filling up the DagBag from /home/airflow/.local/lib/python3.7/site-packages/airflow/example_dags/example_xcom.py
[2023-05-06T02:12:55.662+0000] {processor.py:753} INFO - DAG(s) dict_keys(['example_xcom']) retrieved from /home/airflow/.local/lib/python3.7/site-packages/airflow/example_dags/example_xcom.py
[2023-05-06T02:12:55.704+0000] {logging_mixin.py:137} INFO - [2023-05-06T02:12:55.703+0000] {dag.py:2705} INFO - Sync 1 DAGs
[2023-05-06T02:12:55.736+0000] {logging_mixin.py:137} INFO - [2023-05-06T02:12:55.736+0000] {dag.py:3456} INFO - Setting next_dagrun for example_xcom to 2021-01-01T00:00:00+00:00, run_after=2021-01-01T00:00:00+00:00
[2023-05-06T02:12:55.767+0000] {processor.py:175} INFO - Processing /home/airflow/.local/lib/python3.7/site-packages/airflow/example_dags/example_xcom.py took 0.153 seconds
[2023-05-06T02:13:26.540+0000] {processor.py:153} INFO - Started process (PID=5671) to work on /home/airflow/.local/lib/python3.7/site-packages/airflow/example_dags/example_xcom.py
[2023-05-06T02:13:26.543+0000] {processor.py:743} INFO - Processing file /home/airflow/.local/lib/python3.7/site-packages/airflow/example_dags/example_xcom.py for tasks to queue
[2023-05-06T02:13:26.545+0000] {logging_mixin.py:137} INFO - [2023-05-06T02:13:26.545+0000] {dagbag.py:532} INFO - Filling up the DagBag from /home/airflow/.local/lib/python3.7/site-packages/airflow/example_dags/example_xcom.py
[2023-05-06T02:13:26.587+0000] {processor.py:753} INFO - DAG(s) dict_keys(['example_xcom']) retrieved from /home/airflow/.local/lib/python3.7/site-packages/airflow/example_dags/example_xcom.py
[2023-05-06T02:13:26.634+0000] {logging_mixin.py:137} INFO - [2023-05-06T02:13:26.634+0000] {dag.py:2705} INFO - Sync 1 DAGs
[2023-05-06T02:13:26.679+0000] {logging_mixin.py:137} INFO - [2023-05-06T02:13:26.679+0000] {dag.py:3456} INFO - Setting next_dagrun for example_xcom to 2021-01-01T00:00:00+00:00, run_after=2021-01-01T00:00:00+00:00
[2023-05-06T02:13:26.707+0000] {processor.py:175} INFO - Processing /home/airflow/.local/lib/python3.7/site-packages/airflow/example_dags/example_xcom.py took 0.178 seconds
[2023-05-06T02:13:56.914+0000] {processor.py:153} INFO - Started process (PID=5723) to work on /home/airflow/.local/lib/python3.7/site-packages/airflow/example_dags/example_xcom.py
[2023-05-06T02:13:56.916+0000] {processor.py:743} INFO - Processing file /home/airflow/.local/lib/python3.7/site-packages/airflow/example_dags/example_xcom.py for tasks to queue
[2023-05-06T02:13:56.919+0000] {logging_mixin.py:137} INFO - [2023-05-06T02:13:56.919+0000] {dagbag.py:532} INFO - Filling up the DagBag from /home/airflow/.local/lib/python3.7/site-packages/airflow/example_dags/example_xcom.py
[2023-05-06T02:13:56.964+0000] {processor.py:753} INFO - DAG(s) dict_keys(['example_xcom']) retrieved from /home/airflow/.local/lib/python3.7/site-packages/airflow/example_dags/example_xcom.py
[2023-05-06T02:13:57.014+0000] {logging_mixin.py:137} INFO - [2023-05-06T02:13:57.014+0000] {dag.py:2705} INFO - Sync 1 DAGs
[2023-05-06T02:13:57.060+0000] {logging_mixin.py:137} INFO - [2023-05-06T02:13:57.059+0000] {dag.py:3456} INFO - Setting next_dagrun for example_xcom to 2021-01-01T00:00:00+00:00, run_after=2021-01-01T00:00:00+00:00
[2023-05-06T02:13:57.090+0000] {processor.py:175} INFO - Processing /home/airflow/.local/lib/python3.7/site-packages/airflow/example_dags/example_xcom.py took 0.188 seconds
[2023-05-06T02:14:27.213+0000] {processor.py:153} INFO - Started process (PID=5775) to work on /home/airflow/.local/lib/python3.7/site-packages/airflow/example_dags/example_xcom.py
[2023-05-06T02:14:27.216+0000] {processor.py:743} INFO - Processing file /home/airflow/.local/lib/python3.7/site-packages/airflow/example_dags/example_xcom.py for tasks to queue
[2023-05-06T02:14:27.219+0000] {logging_mixin.py:137} INFO - [2023-05-06T02:14:27.219+0000] {dagbag.py:532} INFO - Filling up the DagBag from /home/airflow/.local/lib/python3.7/site-packages/airflow/example_dags/example_xcom.py
[2023-05-06T02:14:27.264+0000] {processor.py:753} INFO - DAG(s) dict_keys(['example_xcom']) retrieved from /home/airflow/.local/lib/python3.7/site-packages/airflow/example_dags/example_xcom.py
[2023-05-06T02:14:27.324+0000] {logging_mixin.py:137} INFO - [2023-05-06T02:14:27.324+0000] {dag.py:2705} INFO - Sync 1 DAGs
[2023-05-06T02:14:27.376+0000] {logging_mixin.py:137} INFO - [2023-05-06T02:14:27.376+0000] {dag.py:3456} INFO - Setting next_dagrun for example_xcom to 2021-01-01T00:00:00+00:00, run_after=2021-01-01T00:00:00+00:00
[2023-05-06T02:14:27.407+0000] {processor.py:175} INFO - Processing /home/airflow/.local/lib/python3.7/site-packages/airflow/example_dags/example_xcom.py took 0.207 seconds
[2023-05-06T02:14:57.590+0000] {processor.py:153} INFO - Started process (PID=5827) to work on /home/airflow/.local/lib/python3.7/site-packages/airflow/example_dags/example_xcom.py
[2023-05-06T02:14:57.594+0000] {processor.py:743} INFO - Processing file /home/airflow/.local/lib/python3.7/site-packages/airflow/example_dags/example_xcom.py for tasks to queue
[2023-05-06T02:14:57.597+0000] {logging_mixin.py:137} INFO - [2023-05-06T02:14:57.596+0000] {dagbag.py:532} INFO - Filling up the DagBag from /home/airflow/.local/lib/python3.7/site-packages/airflow/example_dags/example_xcom.py
[2023-05-06T02:14:57.641+0000] {processor.py:753} INFO - DAG(s) dict_keys(['example_xcom']) retrieved from /home/airflow/.local/lib/python3.7/site-packages/airflow/example_dags/example_xcom.py
[2023-05-06T02:14:57.688+0000] {logging_mixin.py:137} INFO - [2023-05-06T02:14:57.687+0000] {dag.py:2705} INFO - Sync 1 DAGs
[2023-05-06T02:14:57.733+0000] {logging_mixin.py:137} INFO - [2023-05-06T02:14:57.733+0000] {dag.py:3456} INFO - Setting next_dagrun for example_xcom to 2021-01-01T00:00:00+00:00, run_after=2021-01-01T00:00:00+00:00
[2023-05-06T02:14:57.773+0000] {processor.py:175} INFO - Processing /home/airflow/.local/lib/python3.7/site-packages/airflow/example_dags/example_xcom.py took 0.192 seconds
[2023-05-06T02:15:28.146+0000] {processor.py:153} INFO - Started process (PID=5877) to work on /home/airflow/.local/lib/python3.7/site-packages/airflow/example_dags/example_xcom.py
[2023-05-06T02:15:28.149+0000] {processor.py:743} INFO - Processing file /home/airflow/.local/lib/python3.7/site-packages/airflow/example_dags/example_xcom.py for tasks to queue
[2023-05-06T02:15:28.151+0000] {logging_mixin.py:137} INFO - [2023-05-06T02:15:28.151+0000] {dagbag.py:532} INFO - Filling up the DagBag from /home/airflow/.local/lib/python3.7/site-packages/airflow/example_dags/example_xcom.py
[2023-05-06T02:15:28.293+0000] {processor.py:753} INFO - DAG(s) dict_keys(['example_xcom']) retrieved from /home/airflow/.local/lib/python3.7/site-packages/airflow/example_dags/example_xcom.py
[2023-05-06T02:15:28.359+0000] {logging_mixin.py:137} INFO - [2023-05-06T02:15:28.358+0000] {dag.py:2705} INFO - Sync 1 DAGs
[2023-05-06T02:15:28.424+0000] {logging_mixin.py:137} INFO - [2023-05-06T02:15:28.424+0000] {dag.py:3456} INFO - Setting next_dagrun for example_xcom to 2021-01-01T00:00:00+00:00, run_after=2021-01-01T00:00:00+00:00
[2023-05-06T02:15:28.460+0000] {processor.py:175} INFO - Processing /home/airflow/.local/lib/python3.7/site-packages/airflow/example_dags/example_xcom.py took 0.333 seconds
[2023-05-06T02:15:59.196+0000] {processor.py:153} INFO - Started process (PID=5929) to work on /home/airflow/.local/lib/python3.7/site-packages/airflow/example_dags/example_xcom.py
[2023-05-06T02:15:59.201+0000] {processor.py:743} INFO - Processing file /home/airflow/.local/lib/python3.7/site-packages/airflow/example_dags/example_xcom.py for tasks to queue
[2023-05-06T02:15:59.207+0000] {logging_mixin.py:137} INFO - [2023-05-06T02:15:59.206+0000] {dagbag.py:532} INFO - Filling up the DagBag from /home/airflow/.local/lib/python3.7/site-packages/airflow/example_dags/example_xcom.py
[2023-05-06T02:15:59.299+0000] {processor.py:753} INFO - DAG(s) dict_keys(['example_xcom']) retrieved from /home/airflow/.local/lib/python3.7/site-packages/airflow/example_dags/example_xcom.py
[2023-05-06T02:15:59.389+0000] {logging_mixin.py:137} INFO - [2023-05-06T02:15:59.388+0000] {dag.py:2705} INFO - Sync 1 DAGs
[2023-05-06T02:15:59.451+0000] {logging_mixin.py:137} INFO - [2023-05-06T02:15:59.451+0000] {dag.py:3456} INFO - Setting next_dagrun for example_xcom to 2021-01-01T00:00:00+00:00, run_after=2021-01-01T00:00:00+00:00
[2023-05-06T02:15:59.501+0000] {processor.py:175} INFO - Processing /home/airflow/.local/lib/python3.7/site-packages/airflow/example_dags/example_xcom.py took 0.321 seconds
[2023-05-06T02:16:29.701+0000] {processor.py:153} INFO - Started process (PID=5981) to work on /home/airflow/.local/lib/python3.7/site-packages/airflow/example_dags/example_xcom.py
[2023-05-06T02:16:29.704+0000] {processor.py:743} INFO - Processing file /home/airflow/.local/lib/python3.7/site-packages/airflow/example_dags/example_xcom.py for tasks to queue
[2023-05-06T02:16:29.708+0000] {logging_mixin.py:137} INFO - [2023-05-06T02:16:29.707+0000] {dagbag.py:532} INFO - Filling up the DagBag from /home/airflow/.local/lib/python3.7/site-packages/airflow/example_dags/example_xcom.py
[2023-05-06T02:16:29.761+0000] {processor.py:753} INFO - DAG(s) dict_keys(['example_xcom']) retrieved from /home/airflow/.local/lib/python3.7/site-packages/airflow/example_dags/example_xcom.py
[2023-05-06T02:16:29.810+0000] {logging_mixin.py:137} INFO - [2023-05-06T02:16:29.810+0000] {dag.py:2705} INFO - Sync 1 DAGs
[2023-05-06T02:16:29.856+0000] {logging_mixin.py:137} INFO - [2023-05-06T02:16:29.856+0000] {dag.py:3456} INFO - Setting next_dagrun for example_xcom to 2021-01-01T00:00:00+00:00, run_after=2021-01-01T00:00:00+00:00
[2023-05-06T02:16:29.887+0000] {processor.py:175} INFO - Processing /home/airflow/.local/lib/python3.7/site-packages/airflow/example_dags/example_xcom.py took 0.195 seconds
[2023-05-06T02:17:02.910+0000] {processor.py:153} INFO - Started process (PID=6033) to work on /home/airflow/.local/lib/python3.7/site-packages/airflow/example_dags/example_xcom.py
[2023-05-06T02:17:02.921+0000] {processor.py:743} INFO - Processing file /home/airflow/.local/lib/python3.7/site-packages/airflow/example_dags/example_xcom.py for tasks to queue
[2023-05-06T02:17:02.928+0000] {logging_mixin.py:137} INFO - [2023-05-06T02:17:02.927+0000] {dagbag.py:532} INFO - Filling up the DagBag from /home/airflow/.local/lib/python3.7/site-packages/airflow/example_dags/example_xcom.py
[2023-05-06T02:17:03.197+0000] {processor.py:753} INFO - DAG(s) dict_keys(['example_xcom']) retrieved from /home/airflow/.local/lib/python3.7/site-packages/airflow/example_dags/example_xcom.py
[2023-05-06T02:17:03.403+0000] {logging_mixin.py:137} INFO - [2023-05-06T02:17:03.403+0000] {dag.py:2705} INFO - Sync 1 DAGs
[2023-05-06T02:17:03.574+0000] {logging_mixin.py:137} INFO - [2023-05-06T02:17:03.573+0000] {dag.py:3456} INFO - Setting next_dagrun for example_xcom to 2021-01-01T00:00:00+00:00, run_after=2021-01-01T00:00:00+00:00
[2023-05-06T02:17:03.721+0000] {processor.py:175} INFO - Processing /home/airflow/.local/lib/python3.7/site-packages/airflow/example_dags/example_xcom.py took 0.852 seconds
[2023-05-06T02:17:45.776+0000] {processor.py:153} INFO - Started process (PID=6092) to work on /home/airflow/.local/lib/python3.7/site-packages/airflow/example_dags/example_xcom.py
[2023-05-06T02:17:45.811+0000] {processor.py:743} INFO - Processing file /home/airflow/.local/lib/python3.7/site-packages/airflow/example_dags/example_xcom.py for tasks to queue
[2023-05-06T02:17:45.845+0000] {logging_mixin.py:137} INFO - [2023-05-06T02:17:45.844+0000] {dagbag.py:532} INFO - Filling up the DagBag from /home/airflow/.local/lib/python3.7/site-packages/airflow/example_dags/example_xcom.py
[2023-05-06T02:17:46.805+0000] {processor.py:753} INFO - DAG(s) dict_keys(['example_xcom']) retrieved from /home/airflow/.local/lib/python3.7/site-packages/airflow/example_dags/example_xcom.py
[2023-05-06T02:17:47.589+0000] {logging_mixin.py:137} INFO - [2023-05-06T02:17:47.576+0000] {dag.py:2705} INFO - Sync 1 DAGs
[2023-05-06T02:17:48.175+0000] {logging_mixin.py:137} INFO - [2023-05-06T02:17:48.170+0000] {dag.py:3456} INFO - Setting next_dagrun for example_xcom to 2021-01-01T00:00:00+00:00, run_after=2021-01-01T00:00:00+00:00
[2023-05-06T02:17:48.716+0000] {processor.py:175} INFO - Processing /home/airflow/.local/lib/python3.7/site-packages/airflow/example_dags/example_xcom.py took 3.168 seconds
