[2023-05-06T00:03:48.056+0000] {processor.py:153} INFO - Started process (PID=4270) to work on /home/airflow/.local/lib/python3.7/site-packages/airflow/example_dags/example_skip_dag.py
[2023-05-06T00:03:48.059+0000] {processor.py:743} INFO - Processing file /home/airflow/.local/lib/python3.7/site-packages/airflow/example_dags/example_skip_dag.py for tasks to queue
[2023-05-06T00:03:48.063+0000] {logging_mixin.py:137} INFO - [2023-05-06T00:03:48.062+0000] {dagbag.py:532} INFO - Filling up the DagBag from /home/airflow/.local/lib/python3.7/site-packages/airflow/example_dags/example_skip_dag.py
[2023-05-06T00:03:48.090+0000] {processor.py:753} INFO - DAG(s) dict_keys(['example_skip_dag']) retrieved from /home/airflow/.local/lib/python3.7/site-packages/airflow/example_dags/example_skip_dag.py
[2023-05-06T00:03:48.132+0000] {logging_mixin.py:137} INFO - [2023-05-06T00:03:48.132+0000] {dag.py:2705} INFO - Sync 1 DAGs
[2023-05-06T00:03:48.173+0000] {logging_mixin.py:137} INFO - [2023-05-06T00:03:48.173+0000] {dag.py:3456} INFO - Setting next_dagrun for example_skip_dag to 2023-05-05T00:03:48.173257+00:00, run_after=2023-05-06T00:03:48.173257+00:00
[2023-05-06T00:03:48.199+0000] {processor.py:175} INFO - Processing /home/airflow/.local/lib/python3.7/site-packages/airflow/example_dags/example_skip_dag.py took 0.151 seconds
[2023-05-06T00:17:28.638+0000] {processor.py:153} INFO - Started process (PID=4321) to work on /home/airflow/.local/lib/python3.7/site-packages/airflow/example_dags/example_skip_dag.py
[2023-05-06T00:17:28.641+0000] {processor.py:743} INFO - Processing file /home/airflow/.local/lib/python3.7/site-packages/airflow/example_dags/example_skip_dag.py for tasks to queue
[2023-05-06T00:17:28.643+0000] {logging_mixin.py:137} INFO - [2023-05-06T00:17:28.643+0000] {dagbag.py:532} INFO - Filling up the DagBag from /home/airflow/.local/lib/python3.7/site-packages/airflow/example_dags/example_skip_dag.py
[2023-05-06T00:17:28.669+0000] {processor.py:753} INFO - DAG(s) dict_keys(['example_skip_dag']) retrieved from /home/airflow/.local/lib/python3.7/site-packages/airflow/example_dags/example_skip_dag.py
[2023-05-06T00:17:28.717+0000] {logging_mixin.py:137} INFO - [2023-05-06T00:17:28.716+0000] {dag.py:2705} INFO - Sync 1 DAGs
[2023-05-06T00:17:28.748+0000] {logging_mixin.py:137} INFO - [2023-05-06T00:17:28.747+0000] {dag.py:3456} INFO - Setting next_dagrun for example_skip_dag to 2023-05-05T00:17:28.747543+00:00, run_after=2023-05-06T00:17:28.747543+00:00
[2023-05-06T00:17:28.773+0000] {processor.py:175} INFO - Processing /home/airflow/.local/lib/python3.7/site-packages/airflow/example_dags/example_skip_dag.py took 0.143 seconds
[2023-05-06T00:20:36.494+0000] {processor.py:153} INFO - Started process (PID=4373) to work on /home/airflow/.local/lib/python3.7/site-packages/airflow/example_dags/example_skip_dag.py
[2023-05-06T00:20:36.496+0000] {processor.py:743} INFO - Processing file /home/airflow/.local/lib/python3.7/site-packages/airflow/example_dags/example_skip_dag.py for tasks to queue
[2023-05-06T00:20:36.498+0000] {logging_mixin.py:137} INFO - [2023-05-06T00:20:36.498+0000] {dagbag.py:532} INFO - Filling up the DagBag from /home/airflow/.local/lib/python3.7/site-packages/airflow/example_dags/example_skip_dag.py
[2023-05-06T00:20:36.521+0000] {processor.py:753} INFO - DAG(s) dict_keys(['example_skip_dag']) retrieved from /home/airflow/.local/lib/python3.7/site-packages/airflow/example_dags/example_skip_dag.py
[2023-05-06T00:20:36.594+0000] {logging_mixin.py:137} INFO - [2023-05-06T00:20:36.594+0000] {dag.py:2705} INFO - Sync 1 DAGs
[2023-05-06T00:20:36.671+0000] {logging_mixin.py:137} INFO - [2023-05-06T00:20:36.671+0000] {dag.py:3456} INFO - Setting next_dagrun for example_skip_dag to 2023-05-05T00:20:36.671486+00:00, run_after=2023-05-06T00:20:36.671486+00:00
[2023-05-06T00:20:36.740+0000] {processor.py:175} INFO - Processing /home/airflow/.local/lib/python3.7/site-packages/airflow/example_dags/example_skip_dag.py took 0.253 seconds
[2023-05-06T00:36:26.322+0000] {processor.py:153} INFO - Started process (PID=4433) to work on /home/airflow/.local/lib/python3.7/site-packages/airflow/example_dags/example_skip_dag.py
[2023-05-06T00:36:26.329+0000] {processor.py:743} INFO - Processing file /home/airflow/.local/lib/python3.7/site-packages/airflow/example_dags/example_skip_dag.py for tasks to queue
[2023-05-06T00:36:26.336+0000] {logging_mixin.py:137} INFO - [2023-05-06T00:36:26.332+0000] {dagbag.py:532} INFO - Filling up the DagBag from /home/airflow/.local/lib/python3.7/site-packages/airflow/example_dags/example_skip_dag.py
[2023-05-06T00:36:26.416+0000] {processor.py:753} INFO - DAG(s) dict_keys(['example_skip_dag']) retrieved from /home/airflow/.local/lib/python3.7/site-packages/airflow/example_dags/example_skip_dag.py
[2023-05-06T00:36:26.600+0000] {logging_mixin.py:137} INFO - [2023-05-06T00:36:26.600+0000] {dag.py:2705} INFO - Sync 1 DAGs
[2023-05-06T00:36:26.693+0000] {logging_mixin.py:137} INFO - [2023-05-06T00:36:26.693+0000] {dag.py:3456} INFO - Setting next_dagrun for example_skip_dag to 2023-05-05T00:36:26.692483+00:00, run_after=2023-05-06T00:36:26.692483+00:00
[2023-05-06T00:36:26.825+0000] {processor.py:175} INFO - Processing /home/airflow/.local/lib/python3.7/site-packages/airflow/example_dags/example_skip_dag.py took 0.521 seconds
[2023-05-06T00:37:12.485+0000] {processor.py:153} INFO - Started process (PID=4485) to work on /home/airflow/.local/lib/python3.7/site-packages/airflow/example_dags/example_skip_dag.py
[2023-05-06T00:37:12.520+0000] {processor.py:743} INFO - Processing file /home/airflow/.local/lib/python3.7/site-packages/airflow/example_dags/example_skip_dag.py for tasks to queue
[2023-05-06T00:37:12.551+0000] {logging_mixin.py:137} INFO - [2023-05-06T00:37:12.550+0000] {dagbag.py:532} INFO - Filling up the DagBag from /home/airflow/.local/lib/python3.7/site-packages/airflow/example_dags/example_skip_dag.py
[2023-05-06T00:37:13.120+0000] {processor.py:753} INFO - DAG(s) dict_keys(['example_skip_dag']) retrieved from /home/airflow/.local/lib/python3.7/site-packages/airflow/example_dags/example_skip_dag.py
[2023-05-06T00:37:13.685+0000] {logging_mixin.py:137} INFO - [2023-05-06T00:37:13.681+0000] {dag.py:2705} INFO - Sync 1 DAGs
[2023-05-06T00:37:14.158+0000] {logging_mixin.py:137} INFO - [2023-05-06T00:37:14.154+0000] {dag.py:3456} INFO - Setting next_dagrun for example_skip_dag to 2023-05-05T00:37:14.147993+00:00, run_after=2023-05-06T00:37:14.147993+00:00
[2023-05-06T00:37:14.830+0000] {processor.py:175} INFO - Processing /home/airflow/.local/lib/python3.7/site-packages/airflow/example_dags/example_skip_dag.py took 2.480 seconds
[2023-05-06T00:38:06.641+0000] {processor.py:153} INFO - Started process (PID=4544) to work on /home/airflow/.local/lib/python3.7/site-packages/airflow/example_dags/example_skip_dag.py
[2023-05-06T00:38:06.665+0000] {processor.py:743} INFO - Processing file /home/airflow/.local/lib/python3.7/site-packages/airflow/example_dags/example_skip_dag.py for tasks to queue
[2023-05-06T00:38:06.673+0000] {logging_mixin.py:137} INFO - [2023-05-06T00:38:06.672+0000] {dagbag.py:532} INFO - Filling up the DagBag from /home/airflow/.local/lib/python3.7/site-packages/airflow/example_dags/example_skip_dag.py
[2023-05-06T00:38:06.883+0000] {processor.py:753} INFO - DAG(s) dict_keys(['example_skip_dag']) retrieved from /home/airflow/.local/lib/python3.7/site-packages/airflow/example_dags/example_skip_dag.py
[2023-05-06T00:38:07.327+0000] {logging_mixin.py:137} INFO - [2023-05-06T00:38:07.326+0000] {dag.py:2705} INFO - Sync 1 DAGs
[2023-05-06T00:38:07.553+0000] {logging_mixin.py:137} INFO - [2023-05-06T00:38:07.552+0000] {dag.py:3456} INFO - Setting next_dagrun for example_skip_dag to 2023-05-05T00:38:07.550097+00:00, run_after=2023-05-06T00:38:07.550097+00:00
[2023-05-06T00:38:07.735+0000] {processor.py:175} INFO - Processing /home/airflow/.local/lib/python3.7/site-packages/airflow/example_dags/example_skip_dag.py took 1.196 seconds
[2023-05-06T00:38:50.106+0000] {processor.py:153} INFO - Started process (PID=4584) to work on /home/airflow/.local/lib/python3.7/site-packages/airflow/example_dags/example_skip_dag.py
[2023-05-06T00:38:50.126+0000] {processor.py:743} INFO - Processing file /home/airflow/.local/lib/python3.7/site-packages/airflow/example_dags/example_skip_dag.py for tasks to queue
[2023-05-06T00:38:50.144+0000] {logging_mixin.py:137} INFO - [2023-05-06T00:38:50.143+0000] {dagbag.py:532} INFO - Filling up the DagBag from /home/airflow/.local/lib/python3.7/site-packages/airflow/example_dags/example_skip_dag.py
[2023-05-06T00:38:50.254+0000] {processor.py:753} INFO - DAG(s) dict_keys(['example_skip_dag']) retrieved from /home/airflow/.local/lib/python3.7/site-packages/airflow/example_dags/example_skip_dag.py
[2023-05-06T00:38:50.433+0000] {logging_mixin.py:137} INFO - [2023-05-06T00:38:50.432+0000] {dag.py:2705} INFO - Sync 1 DAGs
[2023-05-06T00:38:50.601+0000] {logging_mixin.py:137} INFO - [2023-05-06T00:38:50.598+0000] {dag.py:3456} INFO - Setting next_dagrun for example_skip_dag to 2023-05-05T00:38:50.588695+00:00, run_after=2023-05-06T00:38:50.588695+00:00
[2023-05-06T00:38:50.752+0000] {processor.py:175} INFO - Processing /home/airflow/.local/lib/python3.7/site-packages/airflow/example_dags/example_skip_dag.py took 0.688 seconds
[2023-05-06T00:54:40.030+0000] {processor.py:153} INFO - Started process (PID=4632) to work on /home/airflow/.local/lib/python3.7/site-packages/airflow/example_dags/example_skip_dag.py
[2023-05-06T00:54:40.035+0000] {processor.py:743} INFO - Processing file /home/airflow/.local/lib/python3.7/site-packages/airflow/example_dags/example_skip_dag.py for tasks to queue
[2023-05-06T00:54:40.041+0000] {logging_mixin.py:137} INFO - [2023-05-06T00:54:40.040+0000] {dagbag.py:532} INFO - Filling up the DagBag from /home/airflow/.local/lib/python3.7/site-packages/airflow/example_dags/example_skip_dag.py
[2023-05-06T00:54:40.125+0000] {processor.py:753} INFO - DAG(s) dict_keys(['example_skip_dag']) retrieved from /home/airflow/.local/lib/python3.7/site-packages/airflow/example_dags/example_skip_dag.py
[2023-05-06T00:54:40.241+0000] {logging_mixin.py:137} INFO - [2023-05-06T00:54:40.241+0000] {dag.py:2705} INFO - Sync 1 DAGs
[2023-05-06T00:54:40.313+0000] {logging_mixin.py:137} INFO - [2023-05-06T00:54:40.312+0000] {dag.py:3456} INFO - Setting next_dagrun for example_skip_dag to 2023-05-05T00:54:40.310974+00:00, run_after=2023-05-06T00:54:40.310974+00:00
[2023-05-06T00:54:40.374+0000] {processor.py:175} INFO - Processing /home/airflow/.local/lib/python3.7/site-packages/airflow/example_dags/example_skip_dag.py took 0.364 seconds
[2023-05-06T02:03:38.868+0000] {processor.py:153} INFO - Started process (PID=4690) to work on /home/airflow/.local/lib/python3.7/site-packages/airflow/example_dags/example_skip_dag.py
[2023-05-06T02:03:38.877+0000] {processor.py:743} INFO - Processing file /home/airflow/.local/lib/python3.7/site-packages/airflow/example_dags/example_skip_dag.py for tasks to queue
[2023-05-06T02:03:38.879+0000] {logging_mixin.py:137} INFO - [2023-05-06T02:03:38.879+0000] {dagbag.py:532} INFO - Filling up the DagBag from /home/airflow/.local/lib/python3.7/site-packages/airflow/example_dags/example_skip_dag.py
[2023-05-06T02:03:38.939+0000] {processor.py:753} INFO - DAG(s) dict_keys(['example_skip_dag']) retrieved from /home/airflow/.local/lib/python3.7/site-packages/airflow/example_dags/example_skip_dag.py
[2023-05-06T02:03:39.005+0000] {logging_mixin.py:137} INFO - [2023-05-06T02:03:39.005+0000] {dag.py:2705} INFO - Sync 1 DAGs
[2023-05-06T02:03:39.100+0000] {logging_mixin.py:137} INFO - [2023-05-06T02:03:39.100+0000] {dag.py:3456} INFO - Setting next_dagrun for example_skip_dag to 2023-05-05T02:03:39.099990+00:00, run_after=2023-05-06T02:03:39.099990+00:00
[2023-05-06T02:03:39.146+0000] {processor.py:175} INFO - Processing /home/airflow/.local/lib/python3.7/site-packages/airflow/example_dags/example_skip_dag.py took 0.297 seconds
[2023-05-06T02:04:13.202+0000] {processor.py:153} INFO - Started process (PID=4742) to work on /home/airflow/.local/lib/python3.7/site-packages/airflow/example_dags/example_skip_dag.py
[2023-05-06T02:04:13.208+0000] {processor.py:743} INFO - Processing file /home/airflow/.local/lib/python3.7/site-packages/airflow/example_dags/example_skip_dag.py for tasks to queue
[2023-05-06T02:04:13.212+0000] {logging_mixin.py:137} INFO - [2023-05-06T02:04:13.212+0000] {dagbag.py:532} INFO - Filling up the DagBag from /home/airflow/.local/lib/python3.7/site-packages/airflow/example_dags/example_skip_dag.py
[2023-05-06T02:04:13.275+0000] {processor.py:753} INFO - DAG(s) dict_keys(['example_skip_dag']) retrieved from /home/airflow/.local/lib/python3.7/site-packages/airflow/example_dags/example_skip_dag.py
[2023-05-06T02:04:13.342+0000] {logging_mixin.py:137} INFO - [2023-05-06T02:04:13.341+0000] {dag.py:2705} INFO - Sync 1 DAGs
[2023-05-06T02:04:13.423+0000] {logging_mixin.py:137} INFO - [2023-05-06T02:04:13.423+0000] {dag.py:3456} INFO - Setting next_dagrun for example_skip_dag to 2023-05-05T02:04:13.422844+00:00, run_after=2023-05-06T02:04:13.422844+00:00
[2023-05-06T02:04:13.496+0000] {processor.py:175} INFO - Processing /home/airflow/.local/lib/python3.7/site-packages/airflow/example_dags/example_skip_dag.py took 0.304 seconds
[2023-05-06T02:04:45.059+0000] {processor.py:153} INFO - Started process (PID=4794) to work on /home/airflow/.local/lib/python3.7/site-packages/airflow/example_dags/example_skip_dag.py
[2023-05-06T02:04:45.066+0000] {processor.py:743} INFO - Processing file /home/airflow/.local/lib/python3.7/site-packages/airflow/example_dags/example_skip_dag.py for tasks to queue
[2023-05-06T02:04:45.075+0000] {logging_mixin.py:137} INFO - [2023-05-06T02:04:45.073+0000] {dagbag.py:532} INFO - Filling up the DagBag from /home/airflow/.local/lib/python3.7/site-packages/airflow/example_dags/example_skip_dag.py
[2023-05-06T02:04:45.187+0000] {processor.py:753} INFO - DAG(s) dict_keys(['example_skip_dag']) retrieved from /home/airflow/.local/lib/python3.7/site-packages/airflow/example_dags/example_skip_dag.py
[2023-05-06T02:04:45.460+0000] {logging_mixin.py:137} INFO - [2023-05-06T02:04:45.459+0000] {dag.py:2705} INFO - Sync 1 DAGs
[2023-05-06T02:04:45.651+0000] {logging_mixin.py:137} INFO - [2023-05-06T02:04:45.651+0000] {dag.py:3456} INFO - Setting next_dagrun for example_skip_dag to 2023-05-05T02:04:45.651102+00:00, run_after=2023-05-06T02:04:45.651102+00:00
[2023-05-06T02:04:45.769+0000] {processor.py:175} INFO - Processing /home/airflow/.local/lib/python3.7/site-packages/airflow/example_dags/example_skip_dag.py took 0.729 seconds
[2023-05-06T02:05:16.590+0000] {processor.py:153} INFO - Started process (PID=4846) to work on /home/airflow/.local/lib/python3.7/site-packages/airflow/example_dags/example_skip_dag.py
[2023-05-06T02:05:16.592+0000] {processor.py:743} INFO - Processing file /home/airflow/.local/lib/python3.7/site-packages/airflow/example_dags/example_skip_dag.py for tasks to queue
[2023-05-06T02:05:16.595+0000] {logging_mixin.py:137} INFO - [2023-05-06T02:05:16.595+0000] {dagbag.py:532} INFO - Filling up the DagBag from /home/airflow/.local/lib/python3.7/site-packages/airflow/example_dags/example_skip_dag.py
[2023-05-06T02:05:16.623+0000] {processor.py:753} INFO - DAG(s) dict_keys(['example_skip_dag']) retrieved from /home/airflow/.local/lib/python3.7/site-packages/airflow/example_dags/example_skip_dag.py
[2023-05-06T02:05:16.672+0000] {logging_mixin.py:137} INFO - [2023-05-06T02:05:16.672+0000] {dag.py:2705} INFO - Sync 1 DAGs
[2023-05-06T02:05:16.739+0000] {logging_mixin.py:137} INFO - [2023-05-06T02:05:16.738+0000] {dag.py:3456} INFO - Setting next_dagrun for example_skip_dag to 2023-05-05T02:05:16.736265+00:00, run_after=2023-05-06T02:05:16.736265+00:00
[2023-05-06T02:05:16.792+0000] {processor.py:175} INFO - Processing /home/airflow/.local/lib/python3.7/site-packages/airflow/example_dags/example_skip_dag.py took 0.213 seconds
[2023-05-06T02:05:47.063+0000] {processor.py:153} INFO - Started process (PID=4898) to work on /home/airflow/.local/lib/python3.7/site-packages/airflow/example_dags/example_skip_dag.py
[2023-05-06T02:05:47.065+0000] {processor.py:743} INFO - Processing file /home/airflow/.local/lib/python3.7/site-packages/airflow/example_dags/example_skip_dag.py for tasks to queue
[2023-05-06T02:05:47.069+0000] {logging_mixin.py:137} INFO - [2023-05-06T02:05:47.069+0000] {dagbag.py:532} INFO - Filling up the DagBag from /home/airflow/.local/lib/python3.7/site-packages/airflow/example_dags/example_skip_dag.py
[2023-05-06T02:05:47.100+0000] {processor.py:753} INFO - DAG(s) dict_keys(['example_skip_dag']) retrieved from /home/airflow/.local/lib/python3.7/site-packages/airflow/example_dags/example_skip_dag.py
[2023-05-06T02:05:47.152+0000] {logging_mixin.py:137} INFO - [2023-05-06T02:05:47.151+0000] {dag.py:2705} INFO - Sync 1 DAGs
[2023-05-06T02:05:47.193+0000] {logging_mixin.py:137} INFO - [2023-05-06T02:05:47.193+0000] {dag.py:3456} INFO - Setting next_dagrun for example_skip_dag to 2023-05-05T02:05:47.192606+00:00, run_after=2023-05-06T02:05:47.192606+00:00
[2023-05-06T02:05:47.247+0000] {processor.py:175} INFO - Processing /home/airflow/.local/lib/python3.7/site-packages/airflow/example_dags/example_skip_dag.py took 0.196 seconds
[2023-05-06T02:06:17.488+0000] {processor.py:153} INFO - Started process (PID=4950) to work on /home/airflow/.local/lib/python3.7/site-packages/airflow/example_dags/example_skip_dag.py
[2023-05-06T02:06:17.491+0000] {processor.py:743} INFO - Processing file /home/airflow/.local/lib/python3.7/site-packages/airflow/example_dags/example_skip_dag.py for tasks to queue
[2023-05-06T02:06:17.494+0000] {logging_mixin.py:137} INFO - [2023-05-06T02:06:17.494+0000] {dagbag.py:532} INFO - Filling up the DagBag from /home/airflow/.local/lib/python3.7/site-packages/airflow/example_dags/example_skip_dag.py
[2023-05-06T02:06:17.527+0000] {processor.py:753} INFO - DAG(s) dict_keys(['example_skip_dag']) retrieved from /home/airflow/.local/lib/python3.7/site-packages/airflow/example_dags/example_skip_dag.py
[2023-05-06T02:06:17.577+0000] {logging_mixin.py:137} INFO - [2023-05-06T02:06:17.576+0000] {dag.py:2705} INFO - Sync 1 DAGs
[2023-05-06T02:06:17.615+0000] {logging_mixin.py:137} INFO - [2023-05-06T02:06:17.615+0000] {dag.py:3456} INFO - Setting next_dagrun for example_skip_dag to 2023-05-05T02:06:17.614925+00:00, run_after=2023-05-06T02:06:17.614925+00:00
[2023-05-06T02:06:17.660+0000] {processor.py:175} INFO - Processing /home/airflow/.local/lib/python3.7/site-packages/airflow/example_dags/example_skip_dag.py took 0.183 seconds
[2023-05-06T02:06:48.307+0000] {processor.py:153} INFO - Started process (PID=5002) to work on /home/airflow/.local/lib/python3.7/site-packages/airflow/example_dags/example_skip_dag.py
[2023-05-06T02:06:48.309+0000] {processor.py:743} INFO - Processing file /home/airflow/.local/lib/python3.7/site-packages/airflow/example_dags/example_skip_dag.py for tasks to queue
[2023-05-06T02:06:48.313+0000] {logging_mixin.py:137} INFO - [2023-05-06T02:06:48.312+0000] {dagbag.py:532} INFO - Filling up the DagBag from /home/airflow/.local/lib/python3.7/site-packages/airflow/example_dags/example_skip_dag.py
[2023-05-06T02:06:48.340+0000] {processor.py:753} INFO - DAG(s) dict_keys(['example_skip_dag']) retrieved from /home/airflow/.local/lib/python3.7/site-packages/airflow/example_dags/example_skip_dag.py
[2023-05-06T02:06:48.388+0000] {logging_mixin.py:137} INFO - [2023-05-06T02:06:48.388+0000] {dag.py:2705} INFO - Sync 1 DAGs
[2023-05-06T02:06:48.432+0000] {logging_mixin.py:137} INFO - [2023-05-06T02:06:48.432+0000] {dag.py:3456} INFO - Setting next_dagrun for example_skip_dag to 2023-05-05T02:06:48.432103+00:00, run_after=2023-05-06T02:06:48.432103+00:00
[2023-05-06T02:06:48.465+0000] {processor.py:175} INFO - Processing /home/airflow/.local/lib/python3.7/site-packages/airflow/example_dags/example_skip_dag.py took 0.170 seconds
[2023-05-06T02:07:18.933+0000] {processor.py:153} INFO - Started process (PID=5054) to work on /home/airflow/.local/lib/python3.7/site-packages/airflow/example_dags/example_skip_dag.py
[2023-05-06T02:07:18.937+0000] {processor.py:743} INFO - Processing file /home/airflow/.local/lib/python3.7/site-packages/airflow/example_dags/example_skip_dag.py for tasks to queue
[2023-05-06T02:07:18.956+0000] {logging_mixin.py:137} INFO - [2023-05-06T02:07:18.955+0000] {dagbag.py:532} INFO - Filling up the DagBag from /home/airflow/.local/lib/python3.7/site-packages/airflow/example_dags/example_skip_dag.py
[2023-05-06T02:07:19.024+0000] {processor.py:753} INFO - DAG(s) dict_keys(['example_skip_dag']) retrieved from /home/airflow/.local/lib/python3.7/site-packages/airflow/example_dags/example_skip_dag.py
[2023-05-06T02:07:19.076+0000] {logging_mixin.py:137} INFO - [2023-05-06T02:07:19.076+0000] {dag.py:2705} INFO - Sync 1 DAGs
[2023-05-06T02:07:19.117+0000] {logging_mixin.py:137} INFO - [2023-05-06T02:07:19.117+0000] {dag.py:3456} INFO - Setting next_dagrun for example_skip_dag to 2023-05-05T02:07:19.116766+00:00, run_after=2023-05-06T02:07:19.116766+00:00
[2023-05-06T02:07:19.144+0000] {processor.py:175} INFO - Processing /home/airflow/.local/lib/python3.7/site-packages/airflow/example_dags/example_skip_dag.py took 0.223 seconds
[2023-05-06T02:07:49.746+0000] {processor.py:153} INFO - Started process (PID=5105) to work on /home/airflow/.local/lib/python3.7/site-packages/airflow/example_dags/example_skip_dag.py
[2023-05-06T02:07:49.749+0000] {processor.py:743} INFO - Processing file /home/airflow/.local/lib/python3.7/site-packages/airflow/example_dags/example_skip_dag.py for tasks to queue
[2023-05-06T02:07:49.752+0000] {logging_mixin.py:137} INFO - [2023-05-06T02:07:49.751+0000] {dagbag.py:532} INFO - Filling up the DagBag from /home/airflow/.local/lib/python3.7/site-packages/airflow/example_dags/example_skip_dag.py
[2023-05-06T02:07:49.782+0000] {processor.py:753} INFO - DAG(s) dict_keys(['example_skip_dag']) retrieved from /home/airflow/.local/lib/python3.7/site-packages/airflow/example_dags/example_skip_dag.py
[2023-05-06T02:07:49.846+0000] {logging_mixin.py:137} INFO - [2023-05-06T02:07:49.846+0000] {dag.py:2705} INFO - Sync 1 DAGs
[2023-05-06T02:07:49.889+0000] {logging_mixin.py:137} INFO - [2023-05-06T02:07:49.889+0000] {dag.py:3456} INFO - Setting next_dagrun for example_skip_dag to 2023-05-05T02:07:49.889216+00:00, run_after=2023-05-06T02:07:49.889216+00:00
[2023-05-06T02:07:49.919+0000] {processor.py:175} INFO - Processing /home/airflow/.local/lib/python3.7/site-packages/airflow/example_dags/example_skip_dag.py took 0.183 seconds
[2023-05-06T02:08:20.085+0000] {processor.py:153} INFO - Started process (PID=5156) to work on /home/airflow/.local/lib/python3.7/site-packages/airflow/example_dags/example_skip_dag.py
[2023-05-06T02:08:20.090+0000] {processor.py:743} INFO - Processing file /home/airflow/.local/lib/python3.7/site-packages/airflow/example_dags/example_skip_dag.py for tasks to queue
[2023-05-06T02:08:20.095+0000] {logging_mixin.py:137} INFO - [2023-05-06T02:08:20.094+0000] {dagbag.py:532} INFO - Filling up the DagBag from /home/airflow/.local/lib/python3.7/site-packages/airflow/example_dags/example_skip_dag.py
[2023-05-06T02:08:20.192+0000] {processor.py:753} INFO - DAG(s) dict_keys(['example_skip_dag']) retrieved from /home/airflow/.local/lib/python3.7/site-packages/airflow/example_dags/example_skip_dag.py
[2023-05-06T02:08:20.301+0000] {logging_mixin.py:137} INFO - [2023-05-06T02:08:20.301+0000] {dag.py:2705} INFO - Sync 1 DAGs
[2023-05-06T02:08:20.411+0000] {logging_mixin.py:137} INFO - [2023-05-06T02:08:20.410+0000] {dag.py:3456} INFO - Setting next_dagrun for example_skip_dag to 2023-05-05T02:08:20.410519+00:00, run_after=2023-05-06T02:08:20.410519+00:00
[2023-05-06T02:08:20.475+0000] {processor.py:175} INFO - Processing /home/airflow/.local/lib/python3.7/site-packages/airflow/example_dags/example_skip_dag.py took 0.413 seconds
[2023-05-06T02:08:50.541+0000] {processor.py:153} INFO - Started process (PID=5208) to work on /home/airflow/.local/lib/python3.7/site-packages/airflow/example_dags/example_skip_dag.py
[2023-05-06T02:08:50.548+0000] {processor.py:743} INFO - Processing file /home/airflow/.local/lib/python3.7/site-packages/airflow/example_dags/example_skip_dag.py for tasks to queue
[2023-05-06T02:08:50.550+0000] {logging_mixin.py:137} INFO - [2023-05-06T02:08:50.550+0000] {dagbag.py:532} INFO - Filling up the DagBag from /home/airflow/.local/lib/python3.7/site-packages/airflow/example_dags/example_skip_dag.py
[2023-05-06T02:08:50.577+0000] {processor.py:753} INFO - DAG(s) dict_keys(['example_skip_dag']) retrieved from /home/airflow/.local/lib/python3.7/site-packages/airflow/example_dags/example_skip_dag.py
[2023-05-06T02:08:50.631+0000] {logging_mixin.py:137} INFO - [2023-05-06T02:08:50.630+0000] {dag.py:2705} INFO - Sync 1 DAGs
[2023-05-06T02:08:50.686+0000] {logging_mixin.py:137} INFO - [2023-05-06T02:08:50.686+0000] {dag.py:3456} INFO - Setting next_dagrun for example_skip_dag to 2023-05-05T02:08:50.686406+00:00, run_after=2023-05-06T02:08:50.686406+00:00
[2023-05-06T02:08:50.734+0000] {processor.py:175} INFO - Processing /home/airflow/.local/lib/python3.7/site-packages/airflow/example_dags/example_skip_dag.py took 0.202 seconds
[2023-05-06T02:09:21.527+0000] {processor.py:153} INFO - Started process (PID=5260) to work on /home/airflow/.local/lib/python3.7/site-packages/airflow/example_dags/example_skip_dag.py
[2023-05-06T02:09:21.538+0000] {processor.py:743} INFO - Processing file /home/airflow/.local/lib/python3.7/site-packages/airflow/example_dags/example_skip_dag.py for tasks to queue
[2023-05-06T02:09:21.541+0000] {logging_mixin.py:137} INFO - [2023-05-06T02:09:21.540+0000] {dagbag.py:532} INFO - Filling up the DagBag from /home/airflow/.local/lib/python3.7/site-packages/airflow/example_dags/example_skip_dag.py
[2023-05-06T02:09:21.578+0000] {processor.py:753} INFO - DAG(s) dict_keys(['example_skip_dag']) retrieved from /home/airflow/.local/lib/python3.7/site-packages/airflow/example_dags/example_skip_dag.py
[2023-05-06T02:09:21.629+0000] {logging_mixin.py:137} INFO - [2023-05-06T02:09:21.629+0000] {dag.py:2705} INFO - Sync 1 DAGs
[2023-05-06T02:09:21.670+0000] {logging_mixin.py:137} INFO - [2023-05-06T02:09:21.670+0000] {dag.py:3456} INFO - Setting next_dagrun for example_skip_dag to 2023-05-05T02:09:21.669562+00:00, run_after=2023-05-06T02:09:21.669562+00:00
[2023-05-06T02:09:21.702+0000] {processor.py:175} INFO - Processing /home/airflow/.local/lib/python3.7/site-packages/airflow/example_dags/example_skip_dag.py took 0.185 seconds
[2023-05-06T02:09:52.059+0000] {processor.py:153} INFO - Started process (PID=5313) to work on /home/airflow/.local/lib/python3.7/site-packages/airflow/example_dags/example_skip_dag.py
[2023-05-06T02:09:52.062+0000] {processor.py:743} INFO - Processing file /home/airflow/.local/lib/python3.7/site-packages/airflow/example_dags/example_skip_dag.py for tasks to queue
[2023-05-06T02:09:52.065+0000] {logging_mixin.py:137} INFO - [2023-05-06T02:09:52.065+0000] {dagbag.py:532} INFO - Filling up the DagBag from /home/airflow/.local/lib/python3.7/site-packages/airflow/example_dags/example_skip_dag.py
[2023-05-06T02:09:52.100+0000] {processor.py:753} INFO - DAG(s) dict_keys(['example_skip_dag']) retrieved from /home/airflow/.local/lib/python3.7/site-packages/airflow/example_dags/example_skip_dag.py
[2023-05-06T02:09:52.148+0000] {logging_mixin.py:137} INFO - [2023-05-06T02:09:52.148+0000] {dag.py:2705} INFO - Sync 1 DAGs
[2023-05-06T02:09:52.191+0000] {logging_mixin.py:137} INFO - [2023-05-06T02:09:52.191+0000] {dag.py:3456} INFO - Setting next_dagrun for example_skip_dag to 2023-05-05T02:09:52.191386+00:00, run_after=2023-05-06T02:09:52.191386+00:00
[2023-05-06T02:09:52.228+0000] {processor.py:175} INFO - Processing /home/airflow/.local/lib/python3.7/site-packages/airflow/example_dags/example_skip_dag.py took 0.183 seconds
[2023-05-06T02:10:22.385+0000] {processor.py:153} INFO - Started process (PID=5364) to work on /home/airflow/.local/lib/python3.7/site-packages/airflow/example_dags/example_skip_dag.py
[2023-05-06T02:10:22.387+0000] {processor.py:743} INFO - Processing file /home/airflow/.local/lib/python3.7/site-packages/airflow/example_dags/example_skip_dag.py for tasks to queue
[2023-05-06T02:10:22.390+0000] {logging_mixin.py:137} INFO - [2023-05-06T02:10:22.389+0000] {dagbag.py:532} INFO - Filling up the DagBag from /home/airflow/.local/lib/python3.7/site-packages/airflow/example_dags/example_skip_dag.py
[2023-05-06T02:10:22.418+0000] {processor.py:753} INFO - DAG(s) dict_keys(['example_skip_dag']) retrieved from /home/airflow/.local/lib/python3.7/site-packages/airflow/example_dags/example_skip_dag.py
[2023-05-06T02:10:22.489+0000] {logging_mixin.py:137} INFO - [2023-05-06T02:10:22.489+0000] {dag.py:2705} INFO - Sync 1 DAGs
[2023-05-06T02:10:22.530+0000] {logging_mixin.py:137} INFO - [2023-05-06T02:10:22.530+0000] {dag.py:3456} INFO - Setting next_dagrun for example_skip_dag to 2023-05-05T02:10:22.529706+00:00, run_after=2023-05-06T02:10:22.529706+00:00
[2023-05-06T02:10:22.556+0000] {processor.py:175} INFO - Processing /home/airflow/.local/lib/python3.7/site-packages/airflow/example_dags/example_skip_dag.py took 0.180 seconds
[2023-05-06T02:10:53.940+0000] {processor.py:153} INFO - Started process (PID=5416) to work on /home/airflow/.local/lib/python3.7/site-packages/airflow/example_dags/example_skip_dag.py
[2023-05-06T02:10:53.946+0000] {processor.py:743} INFO - Processing file /home/airflow/.local/lib/python3.7/site-packages/airflow/example_dags/example_skip_dag.py for tasks to queue
[2023-05-06T02:10:53.949+0000] {logging_mixin.py:137} INFO - [2023-05-06T02:10:53.949+0000] {dagbag.py:532} INFO - Filling up the DagBag from /home/airflow/.local/lib/python3.7/site-packages/airflow/example_dags/example_skip_dag.py
[2023-05-06T02:10:53.980+0000] {processor.py:753} INFO - DAG(s) dict_keys(['example_skip_dag']) retrieved from /home/airflow/.local/lib/python3.7/site-packages/airflow/example_dags/example_skip_dag.py
[2023-05-06T02:10:54.022+0000] {logging_mixin.py:137} INFO - [2023-05-06T02:10:54.022+0000] {dag.py:2705} INFO - Sync 1 DAGs
[2023-05-06T02:10:54.063+0000] {logging_mixin.py:137} INFO - [2023-05-06T02:10:54.063+0000] {dag.py:3456} INFO - Setting next_dagrun for example_skip_dag to 2023-05-05T02:10:54.062817+00:00, run_after=2023-05-06T02:10:54.062817+00:00
[2023-05-06T02:10:54.092+0000] {processor.py:175} INFO - Processing /home/airflow/.local/lib/python3.7/site-packages/airflow/example_dags/example_skip_dag.py took 0.178 seconds
[2023-05-06T02:11:25.243+0000] {processor.py:153} INFO - Started process (PID=5468) to work on /home/airflow/.local/lib/python3.7/site-packages/airflow/example_dags/example_skip_dag.py
[2023-05-06T02:11:25.255+0000] {processor.py:743} INFO - Processing file /home/airflow/.local/lib/python3.7/site-packages/airflow/example_dags/example_skip_dag.py for tasks to queue
[2023-05-06T02:11:25.259+0000] {logging_mixin.py:137} INFO - [2023-05-06T02:11:25.258+0000] {dagbag.py:532} INFO - Filling up the DagBag from /home/airflow/.local/lib/python3.7/site-packages/airflow/example_dags/example_skip_dag.py
[2023-05-06T02:11:25.306+0000] {processor.py:753} INFO - DAG(s) dict_keys(['example_skip_dag']) retrieved from /home/airflow/.local/lib/python3.7/site-packages/airflow/example_dags/example_skip_dag.py
[2023-05-06T02:11:25.361+0000] {logging_mixin.py:137} INFO - [2023-05-06T02:11:25.360+0000] {dag.py:2705} INFO - Sync 1 DAGs
[2023-05-06T02:11:25.436+0000] {logging_mixin.py:137} INFO - [2023-05-06T02:11:25.436+0000] {dag.py:3456} INFO - Setting next_dagrun for example_skip_dag to 2023-05-05T02:11:25.436341+00:00, run_after=2023-05-06T02:11:25.436341+00:00
[2023-05-06T02:11:25.509+0000] {processor.py:175} INFO - Processing /home/airflow/.local/lib/python3.7/site-packages/airflow/example_dags/example_skip_dag.py took 0.283 seconds
[2023-05-06T02:11:56.142+0000] {processor.py:153} INFO - Started process (PID=5520) to work on /home/airflow/.local/lib/python3.7/site-packages/airflow/example_dags/example_skip_dag.py
[2023-05-06T02:11:56.144+0000] {processor.py:743} INFO - Processing file /home/airflow/.local/lib/python3.7/site-packages/airflow/example_dags/example_skip_dag.py for tasks to queue
[2023-05-06T02:11:56.154+0000] {logging_mixin.py:137} INFO - [2023-05-06T02:11:56.153+0000] {dagbag.py:532} INFO - Filling up the DagBag from /home/airflow/.local/lib/python3.7/site-packages/airflow/example_dags/example_skip_dag.py
[2023-05-06T02:11:56.186+0000] {processor.py:753} INFO - DAG(s) dict_keys(['example_skip_dag']) retrieved from /home/airflow/.local/lib/python3.7/site-packages/airflow/example_dags/example_skip_dag.py
[2023-05-06T02:11:56.232+0000] {logging_mixin.py:137} INFO - [2023-05-06T02:11:56.232+0000] {dag.py:2705} INFO - Sync 1 DAGs
[2023-05-06T02:11:56.280+0000] {logging_mixin.py:137} INFO - [2023-05-06T02:11:56.279+0000] {dag.py:3456} INFO - Setting next_dagrun for example_skip_dag to 2023-05-05T02:11:56.279299+00:00, run_after=2023-05-06T02:11:56.279299+00:00
[2023-05-06T02:11:56.318+0000] {processor.py:175} INFO - Processing /home/airflow/.local/lib/python3.7/site-packages/airflow/example_dags/example_skip_dag.py took 0.181 seconds
[2023-05-06T02:12:26.941+0000] {processor.py:153} INFO - Started process (PID=5571) to work on /home/airflow/.local/lib/python3.7/site-packages/airflow/example_dags/example_skip_dag.py
[2023-05-06T02:12:26.946+0000] {processor.py:743} INFO - Processing file /home/airflow/.local/lib/python3.7/site-packages/airflow/example_dags/example_skip_dag.py for tasks to queue
[2023-05-06T02:12:26.950+0000] {logging_mixin.py:137} INFO - [2023-05-06T02:12:26.949+0000] {dagbag.py:532} INFO - Filling up the DagBag from /home/airflow/.local/lib/python3.7/site-packages/airflow/example_dags/example_skip_dag.py
[2023-05-06T02:12:27.000+0000] {processor.py:753} INFO - DAG(s) dict_keys(['example_skip_dag']) retrieved from /home/airflow/.local/lib/python3.7/site-packages/airflow/example_dags/example_skip_dag.py
[2023-05-06T02:12:27.084+0000] {logging_mixin.py:137} INFO - [2023-05-06T02:12:27.083+0000] {dag.py:2705} INFO - Sync 1 DAGs
[2023-05-06T02:12:27.156+0000] {logging_mixin.py:137} INFO - [2023-05-06T02:12:27.154+0000] {dag.py:3456} INFO - Setting next_dagrun for example_skip_dag to 2023-05-05T02:12:27.154574+00:00, run_after=2023-05-06T02:12:27.154574+00:00
[2023-05-06T02:12:27.229+0000] {processor.py:175} INFO - Processing /home/airflow/.local/lib/python3.7/site-packages/airflow/example_dags/example_skip_dag.py took 0.302 seconds
[2023-05-06T02:12:57.413+0000] {processor.py:153} INFO - Started process (PID=5623) to work on /home/airflow/.local/lib/python3.7/site-packages/airflow/example_dags/example_skip_dag.py
[2023-05-06T02:12:57.416+0000] {processor.py:743} INFO - Processing file /home/airflow/.local/lib/python3.7/site-packages/airflow/example_dags/example_skip_dag.py for tasks to queue
[2023-05-06T02:12:57.418+0000] {logging_mixin.py:137} INFO - [2023-05-06T02:12:57.417+0000] {dagbag.py:532} INFO - Filling up the DagBag from /home/airflow/.local/lib/python3.7/site-packages/airflow/example_dags/example_skip_dag.py
[2023-05-06T02:12:57.440+0000] {processor.py:753} INFO - DAG(s) dict_keys(['example_skip_dag']) retrieved from /home/airflow/.local/lib/python3.7/site-packages/airflow/example_dags/example_skip_dag.py
[2023-05-06T02:12:57.478+0000] {logging_mixin.py:137} INFO - [2023-05-06T02:12:57.478+0000] {dag.py:2705} INFO - Sync 1 DAGs
[2023-05-06T02:12:57.510+0000] {logging_mixin.py:137} INFO - [2023-05-06T02:12:57.510+0000] {dag.py:3456} INFO - Setting next_dagrun for example_skip_dag to 2023-05-05T02:12:57.509793+00:00, run_after=2023-05-06T02:12:57.509793+00:00
[2023-05-06T02:12:57.541+0000] {processor.py:175} INFO - Processing /home/airflow/.local/lib/python3.7/site-packages/airflow/example_dags/example_skip_dag.py took 0.134 seconds
[2023-05-06T02:13:28.001+0000] {processor.py:153} INFO - Started process (PID=5675) to work on /home/airflow/.local/lib/python3.7/site-packages/airflow/example_dags/example_skip_dag.py
[2023-05-06T02:13:28.003+0000] {processor.py:743} INFO - Processing file /home/airflow/.local/lib/python3.7/site-packages/airflow/example_dags/example_skip_dag.py for tasks to queue
[2023-05-06T02:13:28.005+0000] {logging_mixin.py:137} INFO - [2023-05-06T02:13:28.005+0000] {dagbag.py:532} INFO - Filling up the DagBag from /home/airflow/.local/lib/python3.7/site-packages/airflow/example_dags/example_skip_dag.py
[2023-05-06T02:13:28.030+0000] {processor.py:753} INFO - DAG(s) dict_keys(['example_skip_dag']) retrieved from /home/airflow/.local/lib/python3.7/site-packages/airflow/example_dags/example_skip_dag.py
[2023-05-06T02:13:28.074+0000] {logging_mixin.py:137} INFO - [2023-05-06T02:13:28.074+0000] {dag.py:2705} INFO - Sync 1 DAGs
[2023-05-06T02:13:28.109+0000] {logging_mixin.py:137} INFO - [2023-05-06T02:13:28.109+0000] {dag.py:3456} INFO - Setting next_dagrun for example_skip_dag to 2023-05-05T02:13:28.108905+00:00, run_after=2023-05-06T02:13:28.108905+00:00
[2023-05-06T02:13:28.139+0000] {processor.py:175} INFO - Processing /home/airflow/.local/lib/python3.7/site-packages/airflow/example_dags/example_skip_dag.py took 0.143 seconds
[2023-05-06T02:13:58.411+0000] {processor.py:153} INFO - Started process (PID=5727) to work on /home/airflow/.local/lib/python3.7/site-packages/airflow/example_dags/example_skip_dag.py
[2023-05-06T02:13:58.414+0000] {processor.py:743} INFO - Processing file /home/airflow/.local/lib/python3.7/site-packages/airflow/example_dags/example_skip_dag.py for tasks to queue
[2023-05-06T02:13:58.416+0000] {logging_mixin.py:137} INFO - [2023-05-06T02:13:58.416+0000] {dagbag.py:532} INFO - Filling up the DagBag from /home/airflow/.local/lib/python3.7/site-packages/airflow/example_dags/example_skip_dag.py
[2023-05-06T02:13:58.448+0000] {processor.py:753} INFO - DAG(s) dict_keys(['example_skip_dag']) retrieved from /home/airflow/.local/lib/python3.7/site-packages/airflow/example_dags/example_skip_dag.py
[2023-05-06T02:13:58.489+0000] {logging_mixin.py:137} INFO - [2023-05-06T02:13:58.489+0000] {dag.py:2705} INFO - Sync 1 DAGs
[2023-05-06T02:13:58.526+0000] {logging_mixin.py:137} INFO - [2023-05-06T02:13:58.526+0000] {dag.py:3456} INFO - Setting next_dagrun for example_skip_dag to 2023-05-05T02:13:58.525868+00:00, run_after=2023-05-06T02:13:58.525868+00:00
[2023-05-06T02:13:58.556+0000] {processor.py:175} INFO - Processing /home/airflow/.local/lib/python3.7/site-packages/airflow/example_dags/example_skip_dag.py took 0.160 seconds
[2023-05-06T02:14:28.749+0000] {processor.py:153} INFO - Started process (PID=5779) to work on /home/airflow/.local/lib/python3.7/site-packages/airflow/example_dags/example_skip_dag.py
[2023-05-06T02:14:28.752+0000] {processor.py:743} INFO - Processing file /home/airflow/.local/lib/python3.7/site-packages/airflow/example_dags/example_skip_dag.py for tasks to queue
[2023-05-06T02:14:28.755+0000] {logging_mixin.py:137} INFO - [2023-05-06T02:14:28.754+0000] {dagbag.py:532} INFO - Filling up the DagBag from /home/airflow/.local/lib/python3.7/site-packages/airflow/example_dags/example_skip_dag.py
[2023-05-06T02:14:28.790+0000] {processor.py:753} INFO - DAG(s) dict_keys(['example_skip_dag']) retrieved from /home/airflow/.local/lib/python3.7/site-packages/airflow/example_dags/example_skip_dag.py
[2023-05-06T02:14:28.835+0000] {logging_mixin.py:137} INFO - [2023-05-06T02:14:28.835+0000] {dag.py:2705} INFO - Sync 1 DAGs
[2023-05-06T02:14:28.870+0000] {logging_mixin.py:137} INFO - [2023-05-06T02:14:28.870+0000] {dag.py:3456} INFO - Setting next_dagrun for example_skip_dag to 2023-05-05T02:14:28.870439+00:00, run_after=2023-05-06T02:14:28.870439+00:00
[2023-05-06T02:14:28.909+0000] {processor.py:175} INFO - Processing /home/airflow/.local/lib/python3.7/site-packages/airflow/example_dags/example_skip_dag.py took 0.169 seconds
[2023-05-06T02:14:59.113+0000] {processor.py:153} INFO - Started process (PID=5831) to work on /home/airflow/.local/lib/python3.7/site-packages/airflow/example_dags/example_skip_dag.py
[2023-05-06T02:14:59.116+0000] {processor.py:743} INFO - Processing file /home/airflow/.local/lib/python3.7/site-packages/airflow/example_dags/example_skip_dag.py for tasks to queue
[2023-05-06T02:14:59.120+0000] {logging_mixin.py:137} INFO - [2023-05-06T02:14:59.119+0000] {dagbag.py:532} INFO - Filling up the DagBag from /home/airflow/.local/lib/python3.7/site-packages/airflow/example_dags/example_skip_dag.py
[2023-05-06T02:14:59.149+0000] {processor.py:753} INFO - DAG(s) dict_keys(['example_skip_dag']) retrieved from /home/airflow/.local/lib/python3.7/site-packages/airflow/example_dags/example_skip_dag.py
[2023-05-06T02:14:59.191+0000] {logging_mixin.py:137} INFO - [2023-05-06T02:14:59.190+0000] {dag.py:2705} INFO - Sync 1 DAGs
[2023-05-06T02:14:59.227+0000] {logging_mixin.py:137} INFO - [2023-05-06T02:14:59.226+0000] {dag.py:3456} INFO - Setting next_dagrun for example_skip_dag to 2023-05-05T02:14:59.226540+00:00, run_after=2023-05-06T02:14:59.226540+00:00
[2023-05-06T02:14:59.256+0000] {processor.py:175} INFO - Processing /home/airflow/.local/lib/python3.7/site-packages/airflow/example_dags/example_skip_dag.py took 0.152 seconds
[2023-05-06T02:15:29.375+0000] {processor.py:153} INFO - Started process (PID=5883) to work on /home/airflow/.local/lib/python3.7/site-packages/airflow/example_dags/example_skip_dag.py
[2023-05-06T02:15:29.380+0000] {processor.py:743} INFO - Processing file /home/airflow/.local/lib/python3.7/site-packages/airflow/example_dags/example_skip_dag.py for tasks to queue
[2023-05-06T02:15:29.384+0000] {logging_mixin.py:137} INFO - [2023-05-06T02:15:29.384+0000] {dagbag.py:532} INFO - Filling up the DagBag from /home/airflow/.local/lib/python3.7/site-packages/airflow/example_dags/example_skip_dag.py
[2023-05-06T02:15:29.451+0000] {processor.py:753} INFO - DAG(s) dict_keys(['example_skip_dag']) retrieved from /home/airflow/.local/lib/python3.7/site-packages/airflow/example_dags/example_skip_dag.py
[2023-05-06T02:15:29.541+0000] {logging_mixin.py:137} INFO - [2023-05-06T02:15:29.541+0000] {dag.py:2705} INFO - Sync 1 DAGs
[2023-05-06T02:15:29.676+0000] {logging_mixin.py:137} INFO - [2023-05-06T02:15:29.675+0000] {dag.py:3456} INFO - Setting next_dagrun for example_skip_dag to 2023-05-05T02:15:29.675360+00:00, run_after=2023-05-06T02:15:29.675360+00:00
[2023-05-06T02:15:29.797+0000] {processor.py:175} INFO - Processing /home/airflow/.local/lib/python3.7/site-packages/airflow/example_dags/example_skip_dag.py took 0.441 seconds
[2023-05-06T02:16:00.845+0000] {processor.py:153} INFO - Started process (PID=5935) to work on /home/airflow/.local/lib/python3.7/site-packages/airflow/example_dags/example_skip_dag.py
[2023-05-06T02:16:00.850+0000] {processor.py:743} INFO - Processing file /home/airflow/.local/lib/python3.7/site-packages/airflow/example_dags/example_skip_dag.py for tasks to queue
[2023-05-06T02:16:00.862+0000] {logging_mixin.py:137} INFO - [2023-05-06T02:16:00.862+0000] {dagbag.py:532} INFO - Filling up the DagBag from /home/airflow/.local/lib/python3.7/site-packages/airflow/example_dags/example_skip_dag.py
[2023-05-06T02:16:00.945+0000] {processor.py:753} INFO - DAG(s) dict_keys(['example_skip_dag']) retrieved from /home/airflow/.local/lib/python3.7/site-packages/airflow/example_dags/example_skip_dag.py
[2023-05-06T02:16:01.073+0000] {logging_mixin.py:137} INFO - [2023-05-06T02:16:01.073+0000] {dag.py:2705} INFO - Sync 1 DAGs
[2023-05-06T02:16:01.227+0000] {logging_mixin.py:137} INFO - [2023-05-06T02:16:01.226+0000] {dag.py:3456} INFO - Setting next_dagrun for example_skip_dag to 2023-05-05T02:16:01.222698+00:00, run_after=2023-05-06T02:16:01.222698+00:00
[2023-05-06T02:16:01.342+0000] {processor.py:175} INFO - Processing /home/airflow/.local/lib/python3.7/site-packages/airflow/example_dags/example_skip_dag.py took 0.531 seconds
[2023-05-06T02:16:31.561+0000] {processor.py:153} INFO - Started process (PID=5987) to work on /home/airflow/.local/lib/python3.7/site-packages/airflow/example_dags/example_skip_dag.py
[2023-05-06T02:16:31.565+0000] {processor.py:743} INFO - Processing file /home/airflow/.local/lib/python3.7/site-packages/airflow/example_dags/example_skip_dag.py for tasks to queue
[2023-05-06T02:16:31.575+0000] {logging_mixin.py:137} INFO - [2023-05-06T02:16:31.575+0000] {dagbag.py:532} INFO - Filling up the DagBag from /home/airflow/.local/lib/python3.7/site-packages/airflow/example_dags/example_skip_dag.py
[2023-05-06T02:16:31.608+0000] {processor.py:753} INFO - DAG(s) dict_keys(['example_skip_dag']) retrieved from /home/airflow/.local/lib/python3.7/site-packages/airflow/example_dags/example_skip_dag.py
[2023-05-06T02:16:31.660+0000] {logging_mixin.py:137} INFO - [2023-05-06T02:16:31.660+0000] {dag.py:2705} INFO - Sync 1 DAGs
[2023-05-06T02:16:31.702+0000] {logging_mixin.py:137} INFO - [2023-05-06T02:16:31.702+0000] {dag.py:3456} INFO - Setting next_dagrun for example_skip_dag to 2023-05-05T02:16:31.701517+00:00, run_after=2023-05-06T02:16:31.701517+00:00
[2023-05-06T02:16:31.748+0000] {processor.py:175} INFO - Processing /home/airflow/.local/lib/python3.7/site-packages/airflow/example_dags/example_skip_dag.py took 0.198 seconds
[2023-05-06T02:17:04.983+0000] {processor.py:153} INFO - Started process (PID=6037) to work on /home/airflow/.local/lib/python3.7/site-packages/airflow/example_dags/example_skip_dag.py
[2023-05-06T02:17:04.990+0000] {processor.py:743} INFO - Processing file /home/airflow/.local/lib/python3.7/site-packages/airflow/example_dags/example_skip_dag.py for tasks to queue
[2023-05-06T02:17:05.000+0000] {logging_mixin.py:137} INFO - [2023-05-06T02:17:04.998+0000] {dagbag.py:532} INFO - Filling up the DagBag from /home/airflow/.local/lib/python3.7/site-packages/airflow/example_dags/example_skip_dag.py
[2023-05-06T02:17:05.133+0000] {processor.py:753} INFO - DAG(s) dict_keys(['example_skip_dag']) retrieved from /home/airflow/.local/lib/python3.7/site-packages/airflow/example_dags/example_skip_dag.py
[2023-05-06T02:17:05.406+0000] {logging_mixin.py:137} INFO - [2023-05-06T02:17:05.406+0000] {dag.py:2705} INFO - Sync 1 DAGs
[2023-05-06T02:17:05.619+0000] {logging_mixin.py:137} INFO - [2023-05-06T02:17:05.619+0000] {dag.py:3456} INFO - Setting next_dagrun for example_skip_dag to 2023-05-05T02:17:05.618654+00:00, run_after=2023-05-06T02:17:05.618654+00:00
[2023-05-06T02:17:05.809+0000] {processor.py:175} INFO - Processing /home/airflow/.local/lib/python3.7/site-packages/airflow/example_dags/example_skip_dag.py took 0.865 seconds
[2023-05-06T02:17:54.942+0000] {processor.py:153} INFO - Started process (PID=6096) to work on /home/airflow/.local/lib/python3.7/site-packages/airflow/example_dags/example_skip_dag.py
[2023-05-06T02:17:54.985+0000] {processor.py:743} INFO - Processing file /home/airflow/.local/lib/python3.7/site-packages/airflow/example_dags/example_skip_dag.py for tasks to queue
[2023-05-06T02:17:55.026+0000] {logging_mixin.py:137} INFO - [2023-05-06T02:17:55.024+0000] {dagbag.py:532} INFO - Filling up the DagBag from /home/airflow/.local/lib/python3.7/site-packages/airflow/example_dags/example_skip_dag.py
[2023-05-06T02:17:56.173+0000] {processor.py:753} INFO - DAG(s) dict_keys(['example_skip_dag']) retrieved from /home/airflow/.local/lib/python3.7/site-packages/airflow/example_dags/example_skip_dag.py
[2023-05-06T02:17:58.464+0000] {logging_mixin.py:137} INFO - [2023-05-06T02:17:58.463+0000] {dag.py:2705} INFO - Sync 1 DAGs
[2023-05-06T02:17:59.906+0000] {logging_mixin.py:137} INFO - [2023-05-06T02:17:59.873+0000] {dag.py:3456} INFO - Setting next_dagrun for example_skip_dag to 2023-05-05T02:17:59.857513+00:00, run_after=2023-05-06T02:17:59.857513+00:00
[2023-05-06T02:18:00.546+0000] {processor.py:175} INFO - Processing /home/airflow/.local/lib/python3.7/site-packages/airflow/example_dags/example_skip_dag.py took 5.948 seconds
