[2023-05-06T00:03:50.211+0000] {processor.py:153} INFO - Started process (PID=4285) to work on /home/airflow/.local/lib/python3.7/site-packages/airflow/example_dags/example_external_task_marker_dag.py
[2023-05-06T00:03:50.213+0000] {processor.py:743} INFO - Processing file /home/airflow/.local/lib/python3.7/site-packages/airflow/example_dags/example_external_task_marker_dag.py for tasks to queue
[2023-05-06T00:03:50.215+0000] {logging_mixin.py:137} INFO - [2023-05-06T00:03:50.214+0000] {dagbag.py:532} INFO - Filling up the DagBag from /home/airflow/.local/lib/python3.7/site-packages/airflow/example_dags/example_external_task_marker_dag.py
[2023-05-06T00:03:50.241+0000] {processor.py:753} INFO - DAG(s) dict_keys(['example_external_task_marker_child', 'example_external_task_marker_parent']) retrieved from /home/airflow/.local/lib/python3.7/site-packages/airflow/example_dags/example_external_task_marker_dag.py
[2023-05-06T00:03:50.296+0000] {logging_mixin.py:137} INFO - [2023-05-06T00:03:50.295+0000] {dag.py:2705} INFO - Sync 2 DAGs
[2023-05-06T00:03:50.330+0000] {logging_mixin.py:137} INFO - [2023-05-06T00:03:50.330+0000] {dag.py:3456} INFO - Setting next_dagrun for example_external_task_marker_child to None, run_after=None
[2023-05-06T00:03:50.341+0000] {logging_mixin.py:137} INFO - [2023-05-06T00:03:50.341+0000] {dag.py:3456} INFO - Setting next_dagrun for example_external_task_marker_parent to None, run_after=None
[2023-05-06T00:03:50.371+0000] {processor.py:175} INFO - Processing /home/airflow/.local/lib/python3.7/site-packages/airflow/example_dags/example_external_task_marker_dag.py took 0.167 seconds
[2023-05-06T00:17:30.666+0000] {processor.py:153} INFO - Started process (PID=4336) to work on /home/airflow/.local/lib/python3.7/site-packages/airflow/example_dags/example_external_task_marker_dag.py
[2023-05-06T00:17:30.668+0000] {processor.py:743} INFO - Processing file /home/airflow/.local/lib/python3.7/site-packages/airflow/example_dags/example_external_task_marker_dag.py for tasks to queue
[2023-05-06T00:17:30.684+0000] {logging_mixin.py:137} INFO - [2023-05-06T00:17:30.683+0000] {dagbag.py:532} INFO - Filling up the DagBag from /home/airflow/.local/lib/python3.7/site-packages/airflow/example_dags/example_external_task_marker_dag.py
[2023-05-06T00:17:30.709+0000] {processor.py:753} INFO - DAG(s) dict_keys(['example_external_task_marker_parent', 'example_external_task_marker_child']) retrieved from /home/airflow/.local/lib/python3.7/site-packages/airflow/example_dags/example_external_task_marker_dag.py
[2023-05-06T00:17:30.764+0000] {logging_mixin.py:137} INFO - [2023-05-06T00:17:30.763+0000] {dag.py:2705} INFO - Sync 2 DAGs
[2023-05-06T00:17:30.810+0000] {logging_mixin.py:137} INFO - [2023-05-06T00:17:30.810+0000] {dag.py:3456} INFO - Setting next_dagrun for example_external_task_marker_child to None, run_after=None
[2023-05-06T00:17:30.819+0000] {logging_mixin.py:137} INFO - [2023-05-06T00:17:30.818+0000] {dag.py:3456} INFO - Setting next_dagrun for example_external_task_marker_parent to None, run_after=None
[2023-05-06T00:17:30.843+0000] {processor.py:175} INFO - Processing /home/airflow/.local/lib/python3.7/site-packages/airflow/example_dags/example_external_task_marker_dag.py took 0.183 seconds
[2023-05-06T00:20:39.506+0000] {processor.py:153} INFO - Started process (PID=4388) to work on /home/airflow/.local/lib/python3.7/site-packages/airflow/example_dags/example_external_task_marker_dag.py
[2023-05-06T00:20:39.509+0000] {processor.py:743} INFO - Processing file /home/airflow/.local/lib/python3.7/site-packages/airflow/example_dags/example_external_task_marker_dag.py for tasks to queue
[2023-05-06T00:20:39.511+0000] {logging_mixin.py:137} INFO - [2023-05-06T00:20:39.511+0000] {dagbag.py:532} INFO - Filling up the DagBag from /home/airflow/.local/lib/python3.7/site-packages/airflow/example_dags/example_external_task_marker_dag.py
[2023-05-06T00:20:39.534+0000] {processor.py:753} INFO - DAG(s) dict_keys(['example_external_task_marker_parent', 'example_external_task_marker_child']) retrieved from /home/airflow/.local/lib/python3.7/site-packages/airflow/example_dags/example_external_task_marker_dag.py
[2023-05-06T00:20:39.574+0000] {logging_mixin.py:137} INFO - [2023-05-06T00:20:39.574+0000] {dag.py:2705} INFO - Sync 2 DAGs
[2023-05-06T00:20:39.607+0000] {logging_mixin.py:137} INFO - [2023-05-06T00:20:39.607+0000] {dag.py:3456} INFO - Setting next_dagrun for example_external_task_marker_child to None, run_after=None
[2023-05-06T00:20:39.616+0000] {logging_mixin.py:137} INFO - [2023-05-06T00:20:39.616+0000] {dag.py:3456} INFO - Setting next_dagrun for example_external_task_marker_parent to None, run_after=None
[2023-05-06T00:20:39.645+0000] {processor.py:175} INFO - Processing /home/airflow/.local/lib/python3.7/site-packages/airflow/example_dags/example_external_task_marker_dag.py took 0.147 seconds
[2023-05-06T00:36:29.981+0000] {processor.py:153} INFO - Started process (PID=4448) to work on /home/airflow/.local/lib/python3.7/site-packages/airflow/example_dags/example_external_task_marker_dag.py
[2023-05-06T00:36:29.983+0000] {processor.py:743} INFO - Processing file /home/airflow/.local/lib/python3.7/site-packages/airflow/example_dags/example_external_task_marker_dag.py for tasks to queue
[2023-05-06T00:36:29.985+0000] {logging_mixin.py:137} INFO - [2023-05-06T00:36:29.985+0000] {dagbag.py:532} INFO - Filling up the DagBag from /home/airflow/.local/lib/python3.7/site-packages/airflow/example_dags/example_external_task_marker_dag.py
[2023-05-06T00:36:30.044+0000] {processor.py:753} INFO - DAG(s) dict_keys(['example_external_task_marker_parent', 'example_external_task_marker_child']) retrieved from /home/airflow/.local/lib/python3.7/site-packages/airflow/example_dags/example_external_task_marker_dag.py
[2023-05-06T00:36:30.084+0000] {logging_mixin.py:137} INFO - [2023-05-06T00:36:30.084+0000] {dag.py:2705} INFO - Sync 2 DAGs
[2023-05-06T00:36:30.114+0000] {logging_mixin.py:137} INFO - [2023-05-06T00:36:30.114+0000] {dag.py:3456} INFO - Setting next_dagrun for example_external_task_marker_child to None, run_after=None
[2023-05-06T00:36:30.121+0000] {logging_mixin.py:137} INFO - [2023-05-06T00:36:30.121+0000] {dag.py:3456} INFO - Setting next_dagrun for example_external_task_marker_parent to None, run_after=None
[2023-05-06T00:36:30.157+0000] {processor.py:175} INFO - Processing /home/airflow/.local/lib/python3.7/site-packages/airflow/example_dags/example_external_task_marker_dag.py took 0.191 seconds
[2023-05-06T00:37:34.558+0000] {processor.py:153} INFO - Started process (PID=4507) to work on /home/airflow/.local/lib/python3.7/site-packages/airflow/example_dags/example_external_task_marker_dag.py
[2023-05-06T00:37:34.608+0000] {processor.py:743} INFO - Processing file /home/airflow/.local/lib/python3.7/site-packages/airflow/example_dags/example_external_task_marker_dag.py for tasks to queue
[2023-05-06T00:37:34.646+0000] {logging_mixin.py:137} INFO - [2023-05-06T00:37:34.646+0000] {dagbag.py:532} INFO - Filling up the DagBag from /home/airflow/.local/lib/python3.7/site-packages/airflow/example_dags/example_external_task_marker_dag.py
[2023-05-06T00:37:34.952+0000] {processor.py:753} INFO - DAG(s) dict_keys(['example_external_task_marker_child', 'example_external_task_marker_parent']) retrieved from /home/airflow/.local/lib/python3.7/site-packages/airflow/example_dags/example_external_task_marker_dag.py
[2023-05-06T00:37:35.531+0000] {logging_mixin.py:137} INFO - [2023-05-06T00:37:35.530+0000] {dag.py:2705} INFO - Sync 2 DAGs
[2023-05-06T00:37:36.351+0000] {logging_mixin.py:137} INFO - [2023-05-06T00:37:36.350+0000] {dag.py:3456} INFO - Setting next_dagrun for example_external_task_marker_child to None, run_after=None
[2023-05-06T00:37:36.456+0000] {logging_mixin.py:137} INFO - [2023-05-06T00:37:36.455+0000] {dag.py:3456} INFO - Setting next_dagrun for example_external_task_marker_parent to None, run_after=None
[2023-05-06T00:37:36.847+0000] {processor.py:175} INFO - Processing /home/airflow/.local/lib/python3.7/site-packages/airflow/example_dags/example_external_task_marker_dag.py took 2.437 seconds
[2023-05-06T00:38:43.729+0000] {processor.py:153} INFO - Started process (PID=4574) to work on /home/airflow/.local/lib/python3.7/site-packages/airflow/example_dags/example_external_task_marker_dag.py
[2023-05-06T00:38:43.745+0000] {processor.py:743} INFO - Processing file /home/airflow/.local/lib/python3.7/site-packages/airflow/example_dags/example_external_task_marker_dag.py for tasks to queue
[2023-05-06T00:38:43.763+0000] {logging_mixin.py:137} INFO - [2023-05-06T00:38:43.762+0000] {dagbag.py:532} INFO - Filling up the DagBag from /home/airflow/.local/lib/python3.7/site-packages/airflow/example_dags/example_external_task_marker_dag.py
[2023-05-06T00:38:43.881+0000] {processor.py:753} INFO - DAG(s) dict_keys(['example_external_task_marker_child', 'example_external_task_marker_parent']) retrieved from /home/airflow/.local/lib/python3.7/site-packages/airflow/example_dags/example_external_task_marker_dag.py
[2023-05-06T00:38:44.110+0000] {logging_mixin.py:137} INFO - [2023-05-06T00:38:44.109+0000] {dag.py:2705} INFO - Sync 2 DAGs
[2023-05-06T00:38:44.467+0000] {logging_mixin.py:137} INFO - [2023-05-06T00:38:44.467+0000] {dag.py:3456} INFO - Setting next_dagrun for example_external_task_marker_child to None, run_after=None
[2023-05-06T00:38:44.549+0000] {logging_mixin.py:137} INFO - [2023-05-06T00:38:44.539+0000] {dag.py:3456} INFO - Setting next_dagrun for example_external_task_marker_parent to None, run_after=None
[2023-05-06T00:38:44.899+0000] {processor.py:175} INFO - Processing /home/airflow/.local/lib/python3.7/site-packages/airflow/example_dags/example_external_task_marker_dag.py took 1.195 seconds
[2023-05-06T00:54:47.209+0000] {processor.py:153} INFO - Started process (PID=4647) to work on /home/airflow/.local/lib/python3.7/site-packages/airflow/example_dags/example_external_task_marker_dag.py
[2023-05-06T00:54:47.223+0000] {processor.py:743} INFO - Processing file /home/airflow/.local/lib/python3.7/site-packages/airflow/example_dags/example_external_task_marker_dag.py for tasks to queue
[2023-05-06T00:54:47.233+0000] {logging_mixin.py:137} INFO - [2023-05-06T00:54:47.233+0000] {dagbag.py:532} INFO - Filling up the DagBag from /home/airflow/.local/lib/python3.7/site-packages/airflow/example_dags/example_external_task_marker_dag.py
[2023-05-06T00:54:47.335+0000] {processor.py:753} INFO - DAG(s) dict_keys(['example_external_task_marker_child', 'example_external_task_marker_parent']) retrieved from /home/airflow/.local/lib/python3.7/site-packages/airflow/example_dags/example_external_task_marker_dag.py
[2023-05-06T00:54:47.528+0000] {logging_mixin.py:137} INFO - [2023-05-06T00:54:47.528+0000] {dag.py:2705} INFO - Sync 2 DAGs
[2023-05-06T00:54:47.769+0000] {logging_mixin.py:137} INFO - [2023-05-06T00:54:47.769+0000] {dag.py:3456} INFO - Setting next_dagrun for example_external_task_marker_child to None, run_after=None
[2023-05-06T00:54:47.799+0000] {logging_mixin.py:137} INFO - [2023-05-06T00:54:47.798+0000] {dag.py:3456} INFO - Setting next_dagrun for example_external_task_marker_parent to None, run_after=None
[2023-05-06T00:54:47.921+0000] {processor.py:175} INFO - Processing /home/airflow/.local/lib/python3.7/site-packages/airflow/example_dags/example_external_task_marker_dag.py took 0.736 seconds
[2023-05-06T02:03:41.204+0000] {processor.py:153} INFO - Started process (PID=4705) to work on /home/airflow/.local/lib/python3.7/site-packages/airflow/example_dags/example_external_task_marker_dag.py
[2023-05-06T02:03:41.205+0000] {processor.py:743} INFO - Processing file /home/airflow/.local/lib/python3.7/site-packages/airflow/example_dags/example_external_task_marker_dag.py for tasks to queue
[2023-05-06T02:03:41.207+0000] {logging_mixin.py:137} INFO - [2023-05-06T02:03:41.207+0000] {dagbag.py:532} INFO - Filling up the DagBag from /home/airflow/.local/lib/python3.7/site-packages/airflow/example_dags/example_external_task_marker_dag.py
[2023-05-06T02:03:41.236+0000] {processor.py:753} INFO - DAG(s) dict_keys(['example_external_task_marker_parent', 'example_external_task_marker_child']) retrieved from /home/airflow/.local/lib/python3.7/site-packages/airflow/example_dags/example_external_task_marker_dag.py
[2023-05-06T02:03:41.284+0000] {logging_mixin.py:137} INFO - [2023-05-06T02:03:41.284+0000] {dag.py:2705} INFO - Sync 2 DAGs
[2023-05-06T02:03:41.333+0000] {logging_mixin.py:137} INFO - [2023-05-06T02:03:41.333+0000] {dag.py:3456} INFO - Setting next_dagrun for example_external_task_marker_child to None, run_after=None
[2023-05-06T02:03:41.341+0000] {logging_mixin.py:137} INFO - [2023-05-06T02:03:41.341+0000] {dag.py:3456} INFO - Setting next_dagrun for example_external_task_marker_parent to None, run_after=None
[2023-05-06T02:03:41.374+0000] {processor.py:175} INFO - Processing /home/airflow/.local/lib/python3.7/site-packages/airflow/example_dags/example_external_task_marker_dag.py took 0.179 seconds
[2023-05-06T02:04:15.605+0000] {processor.py:153} INFO - Started process (PID=4757) to work on /home/airflow/.local/lib/python3.7/site-packages/airflow/example_dags/example_external_task_marker_dag.py
[2023-05-06T02:04:15.608+0000] {processor.py:743} INFO - Processing file /home/airflow/.local/lib/python3.7/site-packages/airflow/example_dags/example_external_task_marker_dag.py for tasks to queue
[2023-05-06T02:04:15.611+0000] {logging_mixin.py:137} INFO - [2023-05-06T02:04:15.611+0000] {dagbag.py:532} INFO - Filling up the DagBag from /home/airflow/.local/lib/python3.7/site-packages/airflow/example_dags/example_external_task_marker_dag.py
[2023-05-06T02:04:15.643+0000] {processor.py:753} INFO - DAG(s) dict_keys(['example_external_task_marker_child', 'example_external_task_marker_parent']) retrieved from /home/airflow/.local/lib/python3.7/site-packages/airflow/example_dags/example_external_task_marker_dag.py
[2023-05-06T02:04:15.701+0000] {logging_mixin.py:137} INFO - [2023-05-06T02:04:15.700+0000] {dag.py:2705} INFO - Sync 2 DAGs
[2023-05-06T02:04:15.758+0000] {logging_mixin.py:137} INFO - [2023-05-06T02:04:15.758+0000] {dag.py:3456} INFO - Setting next_dagrun for example_external_task_marker_child to None, run_after=None
[2023-05-06T02:04:15.777+0000] {logging_mixin.py:137} INFO - [2023-05-06T02:04:15.775+0000] {dag.py:3456} INFO - Setting next_dagrun for example_external_task_marker_parent to None, run_after=None
[2023-05-06T02:04:15.823+0000] {processor.py:175} INFO - Processing /home/airflow/.local/lib/python3.7/site-packages/airflow/example_dags/example_external_task_marker_dag.py took 0.226 seconds
[2023-05-06T02:04:50.138+0000] {processor.py:153} INFO - Started process (PID=4809) to work on /home/airflow/.local/lib/python3.7/site-packages/airflow/example_dags/example_external_task_marker_dag.py
[2023-05-06T02:04:50.143+0000] {processor.py:743} INFO - Processing file /home/airflow/.local/lib/python3.7/site-packages/airflow/example_dags/example_external_task_marker_dag.py for tasks to queue
[2023-05-06T02:04:50.147+0000] {logging_mixin.py:137} INFO - [2023-05-06T02:04:50.146+0000] {dagbag.py:532} INFO - Filling up the DagBag from /home/airflow/.local/lib/python3.7/site-packages/airflow/example_dags/example_external_task_marker_dag.py
[2023-05-06T02:04:50.225+0000] {processor.py:753} INFO - DAG(s) dict_keys(['example_external_task_marker_parent', 'example_external_task_marker_child']) retrieved from /home/airflow/.local/lib/python3.7/site-packages/airflow/example_dags/example_external_task_marker_dag.py
[2023-05-06T02:04:50.357+0000] {logging_mixin.py:137} INFO - [2023-05-06T02:04:50.357+0000] {dag.py:2705} INFO - Sync 2 DAGs
[2023-05-06T02:04:50.424+0000] {logging_mixin.py:137} INFO - [2023-05-06T02:04:50.423+0000] {dag.py:3456} INFO - Setting next_dagrun for example_external_task_marker_child to None, run_after=None
[2023-05-06T02:04:50.434+0000] {logging_mixin.py:137} INFO - [2023-05-06T02:04:50.434+0000] {dag.py:3456} INFO - Setting next_dagrun for example_external_task_marker_parent to None, run_after=None
[2023-05-06T02:04:50.514+0000] {processor.py:175} INFO - Processing /home/airflow/.local/lib/python3.7/site-packages/airflow/example_dags/example_external_task_marker_dag.py took 0.386 seconds
[2023-05-06T02:05:21.464+0000] {processor.py:153} INFO - Started process (PID=4861) to work on /home/airflow/.local/lib/python3.7/site-packages/airflow/example_dags/example_external_task_marker_dag.py
[2023-05-06T02:05:21.468+0000] {processor.py:743} INFO - Processing file /home/airflow/.local/lib/python3.7/site-packages/airflow/example_dags/example_external_task_marker_dag.py for tasks to queue
[2023-05-06T02:05:21.473+0000] {logging_mixin.py:137} INFO - [2023-05-06T02:05:21.473+0000] {dagbag.py:532} INFO - Filling up the DagBag from /home/airflow/.local/lib/python3.7/site-packages/airflow/example_dags/example_external_task_marker_dag.py
[2023-05-06T02:05:21.519+0000] {processor.py:753} INFO - DAG(s) dict_keys(['example_external_task_marker_parent', 'example_external_task_marker_child']) retrieved from /home/airflow/.local/lib/python3.7/site-packages/airflow/example_dags/example_external_task_marker_dag.py
[2023-05-06T02:05:21.608+0000] {logging_mixin.py:137} INFO - [2023-05-06T02:05:21.608+0000] {dag.py:2705} INFO - Sync 2 DAGs
[2023-05-06T02:05:21.687+0000] {logging_mixin.py:137} INFO - [2023-05-06T02:05:21.687+0000] {dag.py:3456} INFO - Setting next_dagrun for example_external_task_marker_child to None, run_after=None
[2023-05-06T02:05:21.695+0000] {logging_mixin.py:137} INFO - [2023-05-06T02:05:21.694+0000] {dag.py:3456} INFO - Setting next_dagrun for example_external_task_marker_parent to None, run_after=None
[2023-05-06T02:05:21.757+0000] {processor.py:175} INFO - Processing /home/airflow/.local/lib/python3.7/site-packages/airflow/example_dags/example_external_task_marker_dag.py took 0.304 seconds
[2023-05-06T02:05:52.634+0000] {processor.py:153} INFO - Started process (PID=4913) to work on /home/airflow/.local/lib/python3.7/site-packages/airflow/example_dags/example_external_task_marker_dag.py
[2023-05-06T02:05:52.640+0000] {processor.py:743} INFO - Processing file /home/airflow/.local/lib/python3.7/site-packages/airflow/example_dags/example_external_task_marker_dag.py for tasks to queue
[2023-05-06T02:05:52.646+0000] {logging_mixin.py:137} INFO - [2023-05-06T02:05:52.645+0000] {dagbag.py:532} INFO - Filling up the DagBag from /home/airflow/.local/lib/python3.7/site-packages/airflow/example_dags/example_external_task_marker_dag.py
[2023-05-06T02:05:52.702+0000] {processor.py:753} INFO - DAG(s) dict_keys(['example_external_task_marker_child', 'example_external_task_marker_parent']) retrieved from /home/airflow/.local/lib/python3.7/site-packages/airflow/example_dags/example_external_task_marker_dag.py
[2023-05-06T02:05:52.878+0000] {logging_mixin.py:137} INFO - [2023-05-06T02:05:52.877+0000] {dag.py:2705} INFO - Sync 2 DAGs
[2023-05-06T02:05:52.976+0000] {logging_mixin.py:137} INFO - [2023-05-06T02:05:52.974+0000] {dag.py:3456} INFO - Setting next_dagrun for example_external_task_marker_child to None, run_after=None
[2023-05-06T02:05:52.990+0000] {logging_mixin.py:137} INFO - [2023-05-06T02:05:52.990+0000] {dag.py:3456} INFO - Setting next_dagrun for example_external_task_marker_parent to None, run_after=None
[2023-05-06T02:05:53.044+0000] {processor.py:175} INFO - Processing /home/airflow/.local/lib/python3.7/site-packages/airflow/example_dags/example_external_task_marker_dag.py took 0.424 seconds
[2023-05-06T02:06:23.262+0000] {processor.py:153} INFO - Started process (PID=4965) to work on /home/airflow/.local/lib/python3.7/site-packages/airflow/example_dags/example_external_task_marker_dag.py
[2023-05-06T02:06:23.264+0000] {processor.py:743} INFO - Processing file /home/airflow/.local/lib/python3.7/site-packages/airflow/example_dags/example_external_task_marker_dag.py for tasks to queue
[2023-05-06T02:06:23.268+0000] {logging_mixin.py:137} INFO - [2023-05-06T02:06:23.267+0000] {dagbag.py:532} INFO - Filling up the DagBag from /home/airflow/.local/lib/python3.7/site-packages/airflow/example_dags/example_external_task_marker_dag.py
[2023-05-06T02:06:23.300+0000] {processor.py:753} INFO - DAG(s) dict_keys(['example_external_task_marker_child', 'example_external_task_marker_parent']) retrieved from /home/airflow/.local/lib/python3.7/site-packages/airflow/example_dags/example_external_task_marker_dag.py
[2023-05-06T02:06:23.354+0000] {logging_mixin.py:137} INFO - [2023-05-06T02:06:23.354+0000] {dag.py:2705} INFO - Sync 2 DAGs
[2023-05-06T02:06:23.400+0000] {logging_mixin.py:137} INFO - [2023-05-06T02:06:23.399+0000] {dag.py:3456} INFO - Setting next_dagrun for example_external_task_marker_child to None, run_after=None
[2023-05-06T02:06:23.410+0000] {logging_mixin.py:137} INFO - [2023-05-06T02:06:23.410+0000] {dag.py:3456} INFO - Setting next_dagrun for example_external_task_marker_parent to None, run_after=None
[2023-05-06T02:06:23.446+0000] {processor.py:175} INFO - Processing /home/airflow/.local/lib/python3.7/site-packages/airflow/example_dags/example_external_task_marker_dag.py took 0.189 seconds
[2023-05-06T02:06:53.994+0000] {processor.py:153} INFO - Started process (PID=5017) to work on /home/airflow/.local/lib/python3.7/site-packages/airflow/example_dags/example_external_task_marker_dag.py
[2023-05-06T02:06:53.997+0000] {processor.py:743} INFO - Processing file /home/airflow/.local/lib/python3.7/site-packages/airflow/example_dags/example_external_task_marker_dag.py for tasks to queue
[2023-05-06T02:06:53.999+0000] {logging_mixin.py:137} INFO - [2023-05-06T02:06:53.999+0000] {dagbag.py:532} INFO - Filling up the DagBag from /home/airflow/.local/lib/python3.7/site-packages/airflow/example_dags/example_external_task_marker_dag.py
[2023-05-06T02:06:54.030+0000] {processor.py:753} INFO - DAG(s) dict_keys(['example_external_task_marker_parent', 'example_external_task_marker_child']) retrieved from /home/airflow/.local/lib/python3.7/site-packages/airflow/example_dags/example_external_task_marker_dag.py
[2023-05-06T02:06:54.078+0000] {logging_mixin.py:137} INFO - [2023-05-06T02:06:54.077+0000] {dag.py:2705} INFO - Sync 2 DAGs
[2023-05-06T02:06:54.119+0000] {logging_mixin.py:137} INFO - [2023-05-06T02:06:54.118+0000] {dag.py:3456} INFO - Setting next_dagrun for example_external_task_marker_child to None, run_after=None
[2023-05-06T02:06:54.126+0000] {logging_mixin.py:137} INFO - [2023-05-06T02:06:54.126+0000] {dag.py:3456} INFO - Setting next_dagrun for example_external_task_marker_parent to None, run_after=None
[2023-05-06T02:06:54.151+0000] {processor.py:175} INFO - Processing /home/airflow/.local/lib/python3.7/site-packages/airflow/example_dags/example_external_task_marker_dag.py took 0.164 seconds
[2023-05-06T02:07:24.656+0000] {processor.py:153} INFO - Started process (PID=5069) to work on /home/airflow/.local/lib/python3.7/site-packages/airflow/example_dags/example_external_task_marker_dag.py
[2023-05-06T02:07:24.659+0000] {processor.py:743} INFO - Processing file /home/airflow/.local/lib/python3.7/site-packages/airflow/example_dags/example_external_task_marker_dag.py for tasks to queue
[2023-05-06T02:07:24.662+0000] {logging_mixin.py:137} INFO - [2023-05-06T02:07:24.662+0000] {dagbag.py:532} INFO - Filling up the DagBag from /home/airflow/.local/lib/python3.7/site-packages/airflow/example_dags/example_external_task_marker_dag.py
[2023-05-06T02:07:24.692+0000] {processor.py:753} INFO - DAG(s) dict_keys(['example_external_task_marker_parent', 'example_external_task_marker_child']) retrieved from /home/airflow/.local/lib/python3.7/site-packages/airflow/example_dags/example_external_task_marker_dag.py
[2023-05-06T02:07:24.749+0000] {logging_mixin.py:137} INFO - [2023-05-06T02:07:24.749+0000] {dag.py:2705} INFO - Sync 2 DAGs
[2023-05-06T02:07:24.815+0000] {logging_mixin.py:137} INFO - [2023-05-06T02:07:24.815+0000] {dag.py:3456} INFO - Setting next_dagrun for example_external_task_marker_child to None, run_after=None
[2023-05-06T02:07:24.826+0000] {logging_mixin.py:137} INFO - [2023-05-06T02:07:24.826+0000] {dag.py:3456} INFO - Setting next_dagrun for example_external_task_marker_parent to None, run_after=None
[2023-05-06T02:07:24.859+0000] {processor.py:175} INFO - Processing /home/airflow/.local/lib/python3.7/site-packages/airflow/example_dags/example_external_task_marker_dag.py took 0.209 seconds
[2023-05-06T02:07:55.559+0000] {processor.py:153} INFO - Started process (PID=5120) to work on /home/airflow/.local/lib/python3.7/site-packages/airflow/example_dags/example_external_task_marker_dag.py
[2023-05-06T02:07:55.564+0000] {processor.py:743} INFO - Processing file /home/airflow/.local/lib/python3.7/site-packages/airflow/example_dags/example_external_task_marker_dag.py for tasks to queue
[2023-05-06T02:07:55.569+0000] {logging_mixin.py:137} INFO - [2023-05-06T02:07:55.568+0000] {dagbag.py:532} INFO - Filling up the DagBag from /home/airflow/.local/lib/python3.7/site-packages/airflow/example_dags/example_external_task_marker_dag.py
[2023-05-06T02:07:55.604+0000] {processor.py:753} INFO - DAG(s) dict_keys(['example_external_task_marker_parent', 'example_external_task_marker_child']) retrieved from /home/airflow/.local/lib/python3.7/site-packages/airflow/example_dags/example_external_task_marker_dag.py
[2023-05-06T02:07:55.649+0000] {logging_mixin.py:137} INFO - [2023-05-06T02:07:55.649+0000] {dag.py:2705} INFO - Sync 2 DAGs
[2023-05-06T02:07:55.689+0000] {logging_mixin.py:137} INFO - [2023-05-06T02:07:55.688+0000] {dag.py:3456} INFO - Setting next_dagrun for example_external_task_marker_child to None, run_after=None
[2023-05-06T02:07:55.707+0000] {logging_mixin.py:137} INFO - [2023-05-06T02:07:55.707+0000] {dag.py:3456} INFO - Setting next_dagrun for example_external_task_marker_parent to None, run_after=None
[2023-05-06T02:07:55.735+0000] {processor.py:175} INFO - Processing /home/airflow/.local/lib/python3.7/site-packages/airflow/example_dags/example_external_task_marker_dag.py took 0.187 seconds
[2023-05-06T02:08:26.023+0000] {processor.py:153} INFO - Started process (PID=5171) to work on /home/airflow/.local/lib/python3.7/site-packages/airflow/example_dags/example_external_task_marker_dag.py
[2023-05-06T02:08:26.028+0000] {processor.py:743} INFO - Processing file /home/airflow/.local/lib/python3.7/site-packages/airflow/example_dags/example_external_task_marker_dag.py for tasks to queue
[2023-05-06T02:08:26.032+0000] {logging_mixin.py:137} INFO - [2023-05-06T02:08:26.031+0000] {dagbag.py:532} INFO - Filling up the DagBag from /home/airflow/.local/lib/python3.7/site-packages/airflow/example_dags/example_external_task_marker_dag.py
[2023-05-06T02:08:26.058+0000] {processor.py:753} INFO - DAG(s) dict_keys(['example_external_task_marker_child', 'example_external_task_marker_parent']) retrieved from /home/airflow/.local/lib/python3.7/site-packages/airflow/example_dags/example_external_task_marker_dag.py
[2023-05-06T02:08:26.111+0000] {logging_mixin.py:137} INFO - [2023-05-06T02:08:26.111+0000] {dag.py:2705} INFO - Sync 2 DAGs
[2023-05-06T02:08:26.148+0000] {logging_mixin.py:137} INFO - [2023-05-06T02:08:26.148+0000] {dag.py:3456} INFO - Setting next_dagrun for example_external_task_marker_child to None, run_after=None
[2023-05-06T02:08:26.158+0000] {logging_mixin.py:137} INFO - [2023-05-06T02:08:26.158+0000] {dag.py:3456} INFO - Setting next_dagrun for example_external_task_marker_parent to None, run_after=None
[2023-05-06T02:08:26.196+0000] {processor.py:175} INFO - Processing /home/airflow/.local/lib/python3.7/site-packages/airflow/example_dags/example_external_task_marker_dag.py took 0.182 seconds
[2023-05-06T02:08:56.955+0000] {processor.py:153} INFO - Started process (PID=5223) to work on /home/airflow/.local/lib/python3.7/site-packages/airflow/example_dags/example_external_task_marker_dag.py
[2023-05-06T02:08:56.959+0000] {processor.py:743} INFO - Processing file /home/airflow/.local/lib/python3.7/site-packages/airflow/example_dags/example_external_task_marker_dag.py for tasks to queue
[2023-05-06T02:08:56.963+0000] {logging_mixin.py:137} INFO - [2023-05-06T02:08:56.962+0000] {dagbag.py:532} INFO - Filling up the DagBag from /home/airflow/.local/lib/python3.7/site-packages/airflow/example_dags/example_external_task_marker_dag.py
[2023-05-06T02:08:57.043+0000] {processor.py:753} INFO - DAG(s) dict_keys(['example_external_task_marker_child', 'example_external_task_marker_parent']) retrieved from /home/airflow/.local/lib/python3.7/site-packages/airflow/example_dags/example_external_task_marker_dag.py
[2023-05-06T02:08:57.129+0000] {logging_mixin.py:137} INFO - [2023-05-06T02:08:57.129+0000] {dag.py:2705} INFO - Sync 2 DAGs
[2023-05-06T02:08:57.214+0000] {logging_mixin.py:137} INFO - [2023-05-06T02:08:57.214+0000] {dag.py:3456} INFO - Setting next_dagrun for example_external_task_marker_child to None, run_after=None
[2023-05-06T02:08:57.232+0000] {logging_mixin.py:137} INFO - [2023-05-06T02:08:57.232+0000] {dag.py:3456} INFO - Setting next_dagrun for example_external_task_marker_parent to None, run_after=None
[2023-05-06T02:08:57.279+0000] {processor.py:175} INFO - Processing /home/airflow/.local/lib/python3.7/site-packages/airflow/example_dags/example_external_task_marker_dag.py took 0.358 seconds
[2023-05-06T02:09:27.407+0000] {processor.py:153} INFO - Started process (PID=5275) to work on /home/airflow/.local/lib/python3.7/site-packages/airflow/example_dags/example_external_task_marker_dag.py
[2023-05-06T02:09:27.409+0000] {processor.py:743} INFO - Processing file /home/airflow/.local/lib/python3.7/site-packages/airflow/example_dags/example_external_task_marker_dag.py for tasks to queue
[2023-05-06T02:09:27.412+0000] {logging_mixin.py:137} INFO - [2023-05-06T02:09:27.411+0000] {dagbag.py:532} INFO - Filling up the DagBag from /home/airflow/.local/lib/python3.7/site-packages/airflow/example_dags/example_external_task_marker_dag.py
[2023-05-06T02:09:27.435+0000] {processor.py:753} INFO - DAG(s) dict_keys(['example_external_task_marker_parent', 'example_external_task_marker_child']) retrieved from /home/airflow/.local/lib/python3.7/site-packages/airflow/example_dags/example_external_task_marker_dag.py
[2023-05-06T02:09:27.481+0000] {logging_mixin.py:137} INFO - [2023-05-06T02:09:27.480+0000] {dag.py:2705} INFO - Sync 2 DAGs
[2023-05-06T02:09:27.516+0000] {logging_mixin.py:137} INFO - [2023-05-06T02:09:27.515+0000] {dag.py:3456} INFO - Setting next_dagrun for example_external_task_marker_child to None, run_after=None
[2023-05-06T02:09:27.522+0000] {logging_mixin.py:137} INFO - [2023-05-06T02:09:27.522+0000] {dag.py:3456} INFO - Setting next_dagrun for example_external_task_marker_parent to None, run_after=None
[2023-05-06T02:09:27.549+0000] {processor.py:175} INFO - Processing /home/airflow/.local/lib/python3.7/site-packages/airflow/example_dags/example_external_task_marker_dag.py took 0.147 seconds
[2023-05-06T02:09:57.908+0000] {processor.py:153} INFO - Started process (PID=5328) to work on /home/airflow/.local/lib/python3.7/site-packages/airflow/example_dags/example_external_task_marker_dag.py
[2023-05-06T02:09:57.910+0000] {processor.py:743} INFO - Processing file /home/airflow/.local/lib/python3.7/site-packages/airflow/example_dags/example_external_task_marker_dag.py for tasks to queue
[2023-05-06T02:09:57.913+0000] {logging_mixin.py:137} INFO - [2023-05-06T02:09:57.912+0000] {dagbag.py:532} INFO - Filling up the DagBag from /home/airflow/.local/lib/python3.7/site-packages/airflow/example_dags/example_external_task_marker_dag.py
[2023-05-06T02:09:57.943+0000] {processor.py:753} INFO - DAG(s) dict_keys(['example_external_task_marker_child', 'example_external_task_marker_parent']) retrieved from /home/airflow/.local/lib/python3.7/site-packages/airflow/example_dags/example_external_task_marker_dag.py
[2023-05-06T02:09:58.003+0000] {logging_mixin.py:137} INFO - [2023-05-06T02:09:58.002+0000] {dag.py:2705} INFO - Sync 2 DAGs
[2023-05-06T02:09:58.045+0000] {logging_mixin.py:137} INFO - [2023-05-06T02:09:58.045+0000] {dag.py:3456} INFO - Setting next_dagrun for example_external_task_marker_child to None, run_after=None
[2023-05-06T02:09:58.052+0000] {logging_mixin.py:137} INFO - [2023-05-06T02:09:58.052+0000] {dag.py:3456} INFO - Setting next_dagrun for example_external_task_marker_parent to None, run_after=None
[2023-05-06T02:09:58.077+0000] {processor.py:175} INFO - Processing /home/airflow/.local/lib/python3.7/site-packages/airflow/example_dags/example_external_task_marker_dag.py took 0.179 seconds
[2023-05-06T02:10:28.540+0000] {processor.py:153} INFO - Started process (PID=5379) to work on /home/airflow/.local/lib/python3.7/site-packages/airflow/example_dags/example_external_task_marker_dag.py
[2023-05-06T02:10:28.544+0000] {processor.py:743} INFO - Processing file /home/airflow/.local/lib/python3.7/site-packages/airflow/example_dags/example_external_task_marker_dag.py for tasks to queue
[2023-05-06T02:10:28.547+0000] {logging_mixin.py:137} INFO - [2023-05-06T02:10:28.546+0000] {dagbag.py:532} INFO - Filling up the DagBag from /home/airflow/.local/lib/python3.7/site-packages/airflow/example_dags/example_external_task_marker_dag.py
[2023-05-06T02:10:28.573+0000] {processor.py:753} INFO - DAG(s) dict_keys(['example_external_task_marker_child', 'example_external_task_marker_parent']) retrieved from /home/airflow/.local/lib/python3.7/site-packages/airflow/example_dags/example_external_task_marker_dag.py
[2023-05-06T02:10:28.625+0000] {logging_mixin.py:137} INFO - [2023-05-06T02:10:28.625+0000] {dag.py:2705} INFO - Sync 2 DAGs
[2023-05-06T02:10:28.667+0000] {logging_mixin.py:137} INFO - [2023-05-06T02:10:28.667+0000] {dag.py:3456} INFO - Setting next_dagrun for example_external_task_marker_child to None, run_after=None
[2023-05-06T02:10:28.677+0000] {logging_mixin.py:137} INFO - [2023-05-06T02:10:28.676+0000] {dag.py:3456} INFO - Setting next_dagrun for example_external_task_marker_parent to None, run_after=None
[2023-05-06T02:10:28.700+0000] {processor.py:175} INFO - Processing /home/airflow/.local/lib/python3.7/site-packages/airflow/example_dags/example_external_task_marker_dag.py took 0.169 seconds
[2023-05-06T02:10:59.818+0000] {processor.py:153} INFO - Started process (PID=5431) to work on /home/airflow/.local/lib/python3.7/site-packages/airflow/example_dags/example_external_task_marker_dag.py
[2023-05-06T02:10:59.827+0000] {processor.py:743} INFO - Processing file /home/airflow/.local/lib/python3.7/site-packages/airflow/example_dags/example_external_task_marker_dag.py for tasks to queue
[2023-05-06T02:10:59.834+0000] {logging_mixin.py:137} INFO - [2023-05-06T02:10:59.832+0000] {dagbag.py:532} INFO - Filling up the DagBag from /home/airflow/.local/lib/python3.7/site-packages/airflow/example_dags/example_external_task_marker_dag.py
[2023-05-06T02:10:59.887+0000] {processor.py:753} INFO - DAG(s) dict_keys(['example_external_task_marker_child', 'example_external_task_marker_parent']) retrieved from /home/airflow/.local/lib/python3.7/site-packages/airflow/example_dags/example_external_task_marker_dag.py
[2023-05-06T02:10:59.934+0000] {logging_mixin.py:137} INFO - [2023-05-06T02:10:59.934+0000] {dag.py:2705} INFO - Sync 2 DAGs
[2023-05-06T02:10:59.970+0000] {logging_mixin.py:137} INFO - [2023-05-06T02:10:59.970+0000] {dag.py:3456} INFO - Setting next_dagrun for example_external_task_marker_child to None, run_after=None
[2023-05-06T02:10:59.980+0000] {logging_mixin.py:137} INFO - [2023-05-06T02:10:59.980+0000] {dag.py:3456} INFO - Setting next_dagrun for example_external_task_marker_parent to None, run_after=None
[2023-05-06T02:11:00.004+0000] {processor.py:175} INFO - Processing /home/airflow/.local/lib/python3.7/site-packages/airflow/example_dags/example_external_task_marker_dag.py took 0.197 seconds
[2023-05-06T02:11:30.164+0000] {processor.py:153} INFO - Started process (PID=5483) to work on /home/airflow/.local/lib/python3.7/site-packages/airflow/example_dags/example_external_task_marker_dag.py
[2023-05-06T02:11:30.166+0000] {processor.py:743} INFO - Processing file /home/airflow/.local/lib/python3.7/site-packages/airflow/example_dags/example_external_task_marker_dag.py for tasks to queue
[2023-05-06T02:11:30.169+0000] {logging_mixin.py:137} INFO - [2023-05-06T02:11:30.168+0000] {dagbag.py:532} INFO - Filling up the DagBag from /home/airflow/.local/lib/python3.7/site-packages/airflow/example_dags/example_external_task_marker_dag.py
[2023-05-06T02:11:30.191+0000] {processor.py:753} INFO - DAG(s) dict_keys(['example_external_task_marker_child', 'example_external_task_marker_parent']) retrieved from /home/airflow/.local/lib/python3.7/site-packages/airflow/example_dags/example_external_task_marker_dag.py
[2023-05-06T02:11:30.236+0000] {logging_mixin.py:137} INFO - [2023-05-06T02:11:30.236+0000] {dag.py:2705} INFO - Sync 2 DAGs
[2023-05-06T02:11:30.274+0000] {logging_mixin.py:137} INFO - [2023-05-06T02:11:30.274+0000] {dag.py:3456} INFO - Setting next_dagrun for example_external_task_marker_child to None, run_after=None
[2023-05-06T02:11:30.280+0000] {logging_mixin.py:137} INFO - [2023-05-06T02:11:30.280+0000] {dag.py:3456} INFO - Setting next_dagrun for example_external_task_marker_parent to None, run_after=None
[2023-05-06T02:11:30.308+0000] {processor.py:175} INFO - Processing /home/airflow/.local/lib/python3.7/site-packages/airflow/example_dags/example_external_task_marker_dag.py took 0.151 seconds
[2023-05-06T02:12:00.772+0000] {processor.py:153} INFO - Started process (PID=5535) to work on /home/airflow/.local/lib/python3.7/site-packages/airflow/example_dags/example_external_task_marker_dag.py
[2023-05-06T02:12:00.774+0000] {processor.py:743} INFO - Processing file /home/airflow/.local/lib/python3.7/site-packages/airflow/example_dags/example_external_task_marker_dag.py for tasks to queue
[2023-05-06T02:12:00.777+0000] {logging_mixin.py:137} INFO - [2023-05-06T02:12:00.777+0000] {dagbag.py:532} INFO - Filling up the DagBag from /home/airflow/.local/lib/python3.7/site-packages/airflow/example_dags/example_external_task_marker_dag.py
[2023-05-06T02:12:00.806+0000] {processor.py:753} INFO - DAG(s) dict_keys(['example_external_task_marker_child', 'example_external_task_marker_parent']) retrieved from /home/airflow/.local/lib/python3.7/site-packages/airflow/example_dags/example_external_task_marker_dag.py
[2023-05-06T02:12:00.852+0000] {logging_mixin.py:137} INFO - [2023-05-06T02:12:00.852+0000] {dag.py:2705} INFO - Sync 2 DAGs
[2023-05-06T02:12:00.900+0000] {logging_mixin.py:137} INFO - [2023-05-06T02:12:00.899+0000] {dag.py:3456} INFO - Setting next_dagrun for example_external_task_marker_child to None, run_after=None
[2023-05-06T02:12:00.908+0000] {logging_mixin.py:137} INFO - [2023-05-06T02:12:00.908+0000] {dag.py:3456} INFO - Setting next_dagrun for example_external_task_marker_parent to None, run_after=None
[2023-05-06T02:12:00.934+0000] {processor.py:175} INFO - Processing /home/airflow/.local/lib/python3.7/site-packages/airflow/example_dags/example_external_task_marker_dag.py took 0.170 seconds
[2023-05-06T02:12:31.359+0000] {processor.py:153} INFO - Started process (PID=5586) to work on /home/airflow/.local/lib/python3.7/site-packages/airflow/example_dags/example_external_task_marker_dag.py
[2023-05-06T02:12:31.361+0000] {processor.py:743} INFO - Processing file /home/airflow/.local/lib/python3.7/site-packages/airflow/example_dags/example_external_task_marker_dag.py for tasks to queue
[2023-05-06T02:12:31.364+0000] {logging_mixin.py:137} INFO - [2023-05-06T02:12:31.364+0000] {dagbag.py:532} INFO - Filling up the DagBag from /home/airflow/.local/lib/python3.7/site-packages/airflow/example_dags/example_external_task_marker_dag.py
[2023-05-06T02:12:31.394+0000] {processor.py:753} INFO - DAG(s) dict_keys(['example_external_task_marker_parent', 'example_external_task_marker_child']) retrieved from /home/airflow/.local/lib/python3.7/site-packages/airflow/example_dags/example_external_task_marker_dag.py
[2023-05-06T02:12:31.440+0000] {logging_mixin.py:137} INFO - [2023-05-06T02:12:31.440+0000] {dag.py:2705} INFO - Sync 2 DAGs
[2023-05-06T02:12:31.489+0000] {logging_mixin.py:137} INFO - [2023-05-06T02:12:31.489+0000] {dag.py:3456} INFO - Setting next_dagrun for example_external_task_marker_child to None, run_after=None
[2023-05-06T02:12:31.500+0000] {logging_mixin.py:137} INFO - [2023-05-06T02:12:31.500+0000] {dag.py:3456} INFO - Setting next_dagrun for example_external_task_marker_parent to None, run_after=None
[2023-05-06T02:12:31.558+0000] {processor.py:175} INFO - Processing /home/airflow/.local/lib/python3.7/site-packages/airflow/example_dags/example_external_task_marker_dag.py took 0.208 seconds
[2023-05-06T02:13:02.453+0000] {processor.py:153} INFO - Started process (PID=5638) to work on /home/airflow/.local/lib/python3.7/site-packages/airflow/example_dags/example_external_task_marker_dag.py
[2023-05-06T02:13:02.458+0000] {processor.py:743} INFO - Processing file /home/airflow/.local/lib/python3.7/site-packages/airflow/example_dags/example_external_task_marker_dag.py for tasks to queue
[2023-05-06T02:13:02.463+0000] {logging_mixin.py:137} INFO - [2023-05-06T02:13:02.462+0000] {dagbag.py:532} INFO - Filling up the DagBag from /home/airflow/.local/lib/python3.7/site-packages/airflow/example_dags/example_external_task_marker_dag.py
[2023-05-06T02:13:02.532+0000] {processor.py:753} INFO - DAG(s) dict_keys(['example_external_task_marker_parent', 'example_external_task_marker_child']) retrieved from /home/airflow/.local/lib/python3.7/site-packages/airflow/example_dags/example_external_task_marker_dag.py
[2023-05-06T02:13:02.625+0000] {logging_mixin.py:137} INFO - [2023-05-06T02:13:02.625+0000] {dag.py:2705} INFO - Sync 2 DAGs
[2023-05-06T02:13:02.707+0000] {logging_mixin.py:137} INFO - [2023-05-06T02:13:02.707+0000] {dag.py:3456} INFO - Setting next_dagrun for example_external_task_marker_child to None, run_after=None
[2023-05-06T02:13:02.718+0000] {logging_mixin.py:137} INFO - [2023-05-06T02:13:02.718+0000] {dag.py:3456} INFO - Setting next_dagrun for example_external_task_marker_parent to None, run_after=None
[2023-05-06T02:13:02.785+0000] {processor.py:175} INFO - Processing /home/airflow/.local/lib/python3.7/site-packages/airflow/example_dags/example_external_task_marker_dag.py took 0.341 seconds
[2023-05-06T02:13:33.055+0000] {processor.py:153} INFO - Started process (PID=5690) to work on /home/airflow/.local/lib/python3.7/site-packages/airflow/example_dags/example_external_task_marker_dag.py
[2023-05-06T02:13:33.058+0000] {processor.py:743} INFO - Processing file /home/airflow/.local/lib/python3.7/site-packages/airflow/example_dags/example_external_task_marker_dag.py for tasks to queue
[2023-05-06T02:13:33.061+0000] {logging_mixin.py:137} INFO - [2023-05-06T02:13:33.060+0000] {dagbag.py:532} INFO - Filling up the DagBag from /home/airflow/.local/lib/python3.7/site-packages/airflow/example_dags/example_external_task_marker_dag.py
[2023-05-06T02:13:33.089+0000] {processor.py:753} INFO - DAG(s) dict_keys(['example_external_task_marker_parent', 'example_external_task_marker_child']) retrieved from /home/airflow/.local/lib/python3.7/site-packages/airflow/example_dags/example_external_task_marker_dag.py
[2023-05-06T02:13:33.154+0000] {logging_mixin.py:137} INFO - [2023-05-06T02:13:33.153+0000] {dag.py:2705} INFO - Sync 2 DAGs
[2023-05-06T02:13:33.220+0000] {logging_mixin.py:137} INFO - [2023-05-06T02:13:33.220+0000] {dag.py:3456} INFO - Setting next_dagrun for example_external_task_marker_child to None, run_after=None
[2023-05-06T02:13:33.239+0000] {logging_mixin.py:137} INFO - [2023-05-06T02:13:33.238+0000] {dag.py:3456} INFO - Setting next_dagrun for example_external_task_marker_parent to None, run_after=None
[2023-05-06T02:13:33.271+0000] {processor.py:175} INFO - Processing /home/airflow/.local/lib/python3.7/site-packages/airflow/example_dags/example_external_task_marker_dag.py took 0.225 seconds
[2023-05-06T02:14:03.603+0000] {processor.py:153} INFO - Started process (PID=5742) to work on /home/airflow/.local/lib/python3.7/site-packages/airflow/example_dags/example_external_task_marker_dag.py
[2023-05-06T02:14:03.606+0000] {processor.py:743} INFO - Processing file /home/airflow/.local/lib/python3.7/site-packages/airflow/example_dags/example_external_task_marker_dag.py for tasks to queue
[2023-05-06T02:14:03.610+0000] {logging_mixin.py:137} INFO - [2023-05-06T02:14:03.609+0000] {dagbag.py:532} INFO - Filling up the DagBag from /home/airflow/.local/lib/python3.7/site-packages/airflow/example_dags/example_external_task_marker_dag.py
[2023-05-06T02:14:03.650+0000] {processor.py:753} INFO - DAG(s) dict_keys(['example_external_task_marker_parent', 'example_external_task_marker_child']) retrieved from /home/airflow/.local/lib/python3.7/site-packages/airflow/example_dags/example_external_task_marker_dag.py
[2023-05-06T02:14:03.701+0000] {logging_mixin.py:137} INFO - [2023-05-06T02:14:03.700+0000] {dag.py:2705} INFO - Sync 2 DAGs
[2023-05-06T02:14:03.753+0000] {logging_mixin.py:137} INFO - [2023-05-06T02:14:03.752+0000] {dag.py:3456} INFO - Setting next_dagrun for example_external_task_marker_child to None, run_after=None
[2023-05-06T02:14:03.760+0000] {logging_mixin.py:137} INFO - [2023-05-06T02:14:03.760+0000] {dag.py:3456} INFO - Setting next_dagrun for example_external_task_marker_parent to None, run_after=None
[2023-05-06T02:14:03.795+0000] {processor.py:175} INFO - Processing /home/airflow/.local/lib/python3.7/site-packages/airflow/example_dags/example_external_task_marker_dag.py took 0.202 seconds
[2023-05-06T02:14:34.129+0000] {processor.py:153} INFO - Started process (PID=5794) to work on /home/airflow/.local/lib/python3.7/site-packages/airflow/example_dags/example_external_task_marker_dag.py
[2023-05-06T02:14:34.132+0000] {processor.py:743} INFO - Processing file /home/airflow/.local/lib/python3.7/site-packages/airflow/example_dags/example_external_task_marker_dag.py for tasks to queue
[2023-05-06T02:14:34.136+0000] {logging_mixin.py:137} INFO - [2023-05-06T02:14:34.135+0000] {dagbag.py:532} INFO - Filling up the DagBag from /home/airflow/.local/lib/python3.7/site-packages/airflow/example_dags/example_external_task_marker_dag.py
[2023-05-06T02:14:34.172+0000] {processor.py:753} INFO - DAG(s) dict_keys(['example_external_task_marker_parent', 'example_external_task_marker_child']) retrieved from /home/airflow/.local/lib/python3.7/site-packages/airflow/example_dags/example_external_task_marker_dag.py
[2023-05-06T02:14:34.238+0000] {logging_mixin.py:137} INFO - [2023-05-06T02:14:34.237+0000] {dag.py:2705} INFO - Sync 2 DAGs
[2023-05-06T02:14:34.293+0000] {logging_mixin.py:137} INFO - [2023-05-06T02:14:34.293+0000] {dag.py:3456} INFO - Setting next_dagrun for example_external_task_marker_child to None, run_after=None
[2023-05-06T02:14:34.304+0000] {logging_mixin.py:137} INFO - [2023-05-06T02:14:34.303+0000] {dag.py:3456} INFO - Setting next_dagrun for example_external_task_marker_parent to None, run_after=None
[2023-05-06T02:14:34.341+0000] {processor.py:175} INFO - Processing /home/airflow/.local/lib/python3.7/site-packages/airflow/example_dags/example_external_task_marker_dag.py took 0.223 seconds
[2023-05-06T02:15:05.266+0000] {processor.py:153} INFO - Started process (PID=5846) to work on /home/airflow/.local/lib/python3.7/site-packages/airflow/example_dags/example_external_task_marker_dag.py
[2023-05-06T02:15:05.269+0000] {processor.py:743} INFO - Processing file /home/airflow/.local/lib/python3.7/site-packages/airflow/example_dags/example_external_task_marker_dag.py for tasks to queue
[2023-05-06T02:15:05.279+0000] {logging_mixin.py:137} INFO - [2023-05-06T02:15:05.278+0000] {dagbag.py:532} INFO - Filling up the DagBag from /home/airflow/.local/lib/python3.7/site-packages/airflow/example_dags/example_external_task_marker_dag.py
[2023-05-06T02:15:05.320+0000] {processor.py:753} INFO - DAG(s) dict_keys(['example_external_task_marker_parent', 'example_external_task_marker_child']) retrieved from /home/airflow/.local/lib/python3.7/site-packages/airflow/example_dags/example_external_task_marker_dag.py
[2023-05-06T02:15:05.381+0000] {logging_mixin.py:137} INFO - [2023-05-06T02:15:05.381+0000] {dag.py:2705} INFO - Sync 2 DAGs
[2023-05-06T02:15:05.439+0000] {logging_mixin.py:137} INFO - [2023-05-06T02:15:05.439+0000] {dag.py:3456} INFO - Setting next_dagrun for example_external_task_marker_child to None, run_after=None
[2023-05-06T02:15:05.448+0000] {logging_mixin.py:137} INFO - [2023-05-06T02:15:05.448+0000] {dag.py:3456} INFO - Setting next_dagrun for example_external_task_marker_parent to None, run_after=None
[2023-05-06T02:15:05.479+0000] {processor.py:175} INFO - Processing /home/airflow/.local/lib/python3.7/site-packages/airflow/example_dags/example_external_task_marker_dag.py took 0.227 seconds
[2023-05-06T02:15:35.884+0000] {processor.py:153} INFO - Started process (PID=5898) to work on /home/airflow/.local/lib/python3.7/site-packages/airflow/example_dags/example_external_task_marker_dag.py
[2023-05-06T02:15:35.887+0000] {processor.py:743} INFO - Processing file /home/airflow/.local/lib/python3.7/site-packages/airflow/example_dags/example_external_task_marker_dag.py for tasks to queue
[2023-05-06T02:15:35.889+0000] {logging_mixin.py:137} INFO - [2023-05-06T02:15:35.889+0000] {dagbag.py:532} INFO - Filling up the DagBag from /home/airflow/.local/lib/python3.7/site-packages/airflow/example_dags/example_external_task_marker_dag.py
[2023-05-06T02:15:35.913+0000] {processor.py:753} INFO - DAG(s) dict_keys(['example_external_task_marker_parent', 'example_external_task_marker_child']) retrieved from /home/airflow/.local/lib/python3.7/site-packages/airflow/example_dags/example_external_task_marker_dag.py
[2023-05-06T02:15:35.961+0000] {logging_mixin.py:137} INFO - [2023-05-06T02:15:35.961+0000] {dag.py:2705} INFO - Sync 2 DAGs
[2023-05-06T02:15:35.996+0000] {logging_mixin.py:137} INFO - [2023-05-06T02:15:35.996+0000] {dag.py:3456} INFO - Setting next_dagrun for example_external_task_marker_child to None, run_after=None
[2023-05-06T02:15:36.006+0000] {logging_mixin.py:137} INFO - [2023-05-06T02:15:36.006+0000] {dag.py:3456} INFO - Setting next_dagrun for example_external_task_marker_parent to None, run_after=None
[2023-05-06T02:15:36.032+0000] {processor.py:175} INFO - Processing /home/airflow/.local/lib/python3.7/site-packages/airflow/example_dags/example_external_task_marker_dag.py took 0.154 seconds
[2023-05-06T02:16:06.211+0000] {processor.py:153} INFO - Started process (PID=5950) to work on /home/airflow/.local/lib/python3.7/site-packages/airflow/example_dags/example_external_task_marker_dag.py
[2023-05-06T02:16:06.213+0000] {processor.py:743} INFO - Processing file /home/airflow/.local/lib/python3.7/site-packages/airflow/example_dags/example_external_task_marker_dag.py for tasks to queue
[2023-05-06T02:16:06.216+0000] {logging_mixin.py:137} INFO - [2023-05-06T02:16:06.216+0000] {dagbag.py:532} INFO - Filling up the DagBag from /home/airflow/.local/lib/python3.7/site-packages/airflow/example_dags/example_external_task_marker_dag.py
[2023-05-06T02:16:06.240+0000] {processor.py:753} INFO - DAG(s) dict_keys(['example_external_task_marker_child', 'example_external_task_marker_parent']) retrieved from /home/airflow/.local/lib/python3.7/site-packages/airflow/example_dags/example_external_task_marker_dag.py
[2023-05-06T02:16:06.293+0000] {logging_mixin.py:137} INFO - [2023-05-06T02:16:06.293+0000] {dag.py:2705} INFO - Sync 2 DAGs
[2023-05-06T02:16:06.329+0000] {logging_mixin.py:137} INFO - [2023-05-06T02:16:06.329+0000] {dag.py:3456} INFO - Setting next_dagrun for example_external_task_marker_child to None, run_after=None
[2023-05-06T02:16:06.336+0000] {logging_mixin.py:137} INFO - [2023-05-06T02:16:06.336+0000] {dag.py:3456} INFO - Setting next_dagrun for example_external_task_marker_parent to None, run_after=None
[2023-05-06T02:16:06.361+0000] {processor.py:175} INFO - Processing /home/airflow/.local/lib/python3.7/site-packages/airflow/example_dags/example_external_task_marker_dag.py took 0.156 seconds
[2023-05-06T02:16:41.149+0000] {processor.py:153} INFO - Started process (PID=6009) to work on /home/airflow/.local/lib/python3.7/site-packages/airflow/example_dags/example_external_task_marker_dag.py
[2023-05-06T02:16:41.158+0000] {processor.py:743} INFO - Processing file /home/airflow/.local/lib/python3.7/site-packages/airflow/example_dags/example_external_task_marker_dag.py for tasks to queue
[2023-05-06T02:16:41.171+0000] {logging_mixin.py:137} INFO - [2023-05-06T02:16:41.171+0000] {dagbag.py:532} INFO - Filling up the DagBag from /home/airflow/.local/lib/python3.7/site-packages/airflow/example_dags/example_external_task_marker_dag.py
[2023-05-06T02:16:41.418+0000] {processor.py:753} INFO - DAG(s) dict_keys(['example_external_task_marker_parent', 'example_external_task_marker_child']) retrieved from /home/airflow/.local/lib/python3.7/site-packages/airflow/example_dags/example_external_task_marker_dag.py
[2023-05-06T02:16:41.817+0000] {logging_mixin.py:137} INFO - [2023-05-06T02:16:41.817+0000] {dag.py:2705} INFO - Sync 2 DAGs
[2023-05-06T02:16:42.117+0000] {logging_mixin.py:137} INFO - [2023-05-06T02:16:42.117+0000] {dag.py:3456} INFO - Setting next_dagrun for example_external_task_marker_child to None, run_after=None
[2023-05-06T02:16:42.159+0000] {logging_mixin.py:137} INFO - [2023-05-06T02:16:42.159+0000] {dag.py:3456} INFO - Setting next_dagrun for example_external_task_marker_parent to None, run_after=None
[2023-05-06T02:16:42.305+0000] {processor.py:175} INFO - Processing /home/airflow/.local/lib/python3.7/site-packages/airflow/example_dags/example_external_task_marker_dag.py took 1.206 seconds
[2023-05-06T02:17:14.020+0000] {processor.py:153} INFO - Started process (PID=6061) to work on /home/airflow/.local/lib/python3.7/site-packages/airflow/example_dags/example_external_task_marker_dag.py
[2023-05-06T02:17:14.028+0000] {processor.py:743} INFO - Processing file /home/airflow/.local/lib/python3.7/site-packages/airflow/example_dags/example_external_task_marker_dag.py for tasks to queue
[2023-05-06T02:17:14.046+0000] {logging_mixin.py:137} INFO - [2023-05-06T02:17:14.045+0000] {dagbag.py:532} INFO - Filling up the DagBag from /home/airflow/.local/lib/python3.7/site-packages/airflow/example_dags/example_external_task_marker_dag.py
[2023-05-06T02:17:14.131+0000] {processor.py:753} INFO - DAG(s) dict_keys(['example_external_task_marker_child', 'example_external_task_marker_parent']) retrieved from /home/airflow/.local/lib/python3.7/site-packages/airflow/example_dags/example_external_task_marker_dag.py
[2023-05-06T02:17:14.316+0000] {logging_mixin.py:137} INFO - [2023-05-06T02:17:14.315+0000] {dag.py:2705} INFO - Sync 2 DAGs
[2023-05-06T02:17:14.470+0000] {logging_mixin.py:137} INFO - [2023-05-06T02:17:14.470+0000] {dag.py:3456} INFO - Setting next_dagrun for example_external_task_marker_child to None, run_after=None
[2023-05-06T02:17:14.495+0000] {logging_mixin.py:137} INFO - [2023-05-06T02:17:14.495+0000] {dag.py:3456} INFO - Setting next_dagrun for example_external_task_marker_parent to None, run_after=None
[2023-05-06T02:17:14.562+0000] {processor.py:175} INFO - Processing /home/airflow/.local/lib/python3.7/site-packages/airflow/example_dags/example_external_task_marker_dag.py took 0.563 seconds
[2023-05-06T02:22:49.022+0000] {processor.py:153} INFO - Started process (PID=6152) to work on /home/airflow/.local/lib/python3.7/site-packages/airflow/example_dags/example_external_task_marker_dag.py
[2023-05-06T02:22:50.878+0000] {processor.py:743} INFO - Processing file /home/airflow/.local/lib/python3.7/site-packages/airflow/example_dags/example_external_task_marker_dag.py for tasks to queue
[2023-05-06T02:22:53.548+0000] {logging_mixin.py:137} INFO - [2023-05-06T02:22:52.933+0000] {dagbag.py:532} INFO - Filling up the DagBag from /home/airflow/.local/lib/python3.7/site-packages/airflow/example_dags/example_external_task_marker_dag.py
[2023-05-06T02:23:32.340+0000] {logging_mixin.py:137} INFO - [2023-05-06T02:23:32.223+0000] {timeout.py:68} ERROR - Process timed out, PID: 6152
[2023-05-06T02:23:50.471+0000] {logging_mixin.py:137} INFO - [2023-05-06T02:23:35.913+0000] {dagbag.py:341} ERROR - Failed to import: /home/airflow/.local/lib/python3.7/site-packages/airflow/example_dags/example_external_task_marker_dag.py
Traceback (most recent call last):
  File "/home/airflow/.local/lib/python3.7/site-packages/airflow/models/dagbag.py", line 337, in parse
    loader.exec_module(new_module)
  File "<frozen importlib._bootstrap_external>", line 728, in exec_module
  File "<frozen importlib._bootstrap>", line 219, in _call_with_frames_removed
  File "/home/airflow/.local/lib/python3.7/site-packages/airflow/example_dags/example_external_task_marker_dag.py", line 97, in <module>
    child_task1 >> child_task2 >> child_task3
  File "/home/airflow/.local/lib/python3.7/site-packages/airflow/models/taskmixin.py", line 87, in __rshift__
    self.set_downstream(other)
  File "/home/airflow/.local/lib/python3.7/site-packages/airflow/models/taskmixin.py", line 236, in set_downstream
    self._set_relatives(task_or_task_list, upstream=False, edge_modifier=edge_modifier)
  File "/home/airflow/.local/lib/python3.7/site-packages/airflow/models/taskmixin.py", line 176, in _set_relatives
    if not isinstance(task_or_task_list, Sequence):
  File "/usr/local/lib/python3.7/typing.py", line 716, in __instancecheck__
    return self.__subclasscheck__(type(obj))
  File "/usr/local/lib/python3.7/typing.py", line 721, in __subclasscheck__
    return issubclass(cls, self.__origin__)
  File "/usr/local/lib/python3.7/abc.py", line 143, in __subclasscheck__
    return _abc_subclasscheck(cls, subclass)
  File "/usr/local/lib/python3.7/abc.py", line 143, in __subclasscheck__
    return _abc_subclasscheck(cls, subclass)
  File "/home/airflow/.local/lib/python3.7/site-packages/airflow/utils/timeout.py", line 69, in handle_timeout
    raise AirflowTaskTimeout(self.error_message)
airflow.exceptions.AirflowTaskTimeout: DagBag import timeout for /home/airflow/.local/lib/python3.7/site-packages/airflow/example_dags/example_external_task_marker_dag.py after 30.0s.
Please take a look at these docs to improve your DAG import time:
* https://airflow.apache.org/docs/apache-airflow/2.5.3/best-practices.html#top-level-python-code
* https://airflow.apache.org/docs/apache-airflow/2.5.3/best-practices.html#reducing-dag-complexity, PID: 6152
[2023-05-06T02:23:51.188+0000] {processor.py:755} WARNING - No viable dags retrieved from /home/airflow/.local/lib/python3.7/site-packages/airflow/example_dags/example_external_task_marker_dag.py
[2023-05-06T02:24:56.845+0000] {processor.py:175} INFO - Processing /home/airflow/.local/lib/python3.7/site-packages/airflow/example_dags/example_external_task_marker_dag.py took 129.689 seconds
