[2023-05-06T00:03:51.379+0000] {processor.py:153} INFO - Started process (PID=4294) to work on /home/airflow/.local/lib/python3.7/site-packages/airflow/example_dags/example_branch_day_of_week_operator.py
[2023-05-06T00:03:51.381+0000] {processor.py:743} INFO - Processing file /home/airflow/.local/lib/python3.7/site-packages/airflow/example_dags/example_branch_day_of_week_operator.py for tasks to queue
[2023-05-06T00:03:51.384+0000] {logging_mixin.py:137} INFO - [2023-05-06T00:03:51.383+0000] {dagbag.py:532} INFO - Filling up the DagBag from /home/airflow/.local/lib/python3.7/site-packages/airflow/example_dags/example_branch_day_of_week_operator.py
[2023-05-06T00:03:51.416+0000] {processor.py:753} INFO - DAG(s) dict_keys(['example_weekday_branch_operator']) retrieved from /home/airflow/.local/lib/python3.7/site-packages/airflow/example_dags/example_branch_day_of_week_operator.py
[2023-05-06T00:03:51.458+0000] {logging_mixin.py:137} INFO - [2023-05-06T00:03:51.458+0000] {dag.py:2705} INFO - Sync 1 DAGs
[2023-05-06T00:03:51.489+0000] {logging_mixin.py:137} INFO - [2023-05-06T00:03:51.489+0000] {dag.py:3456} INFO - Setting next_dagrun for example_weekday_branch_operator to 2023-05-05T00:00:00+00:00, run_after=2023-05-06T00:00:00+00:00
[2023-05-06T00:03:51.509+0000] {processor.py:175} INFO - Processing /home/airflow/.local/lib/python3.7/site-packages/airflow/example_dags/example_branch_day_of_week_operator.py took 0.136 seconds
[2023-05-06T00:17:31.677+0000] {processor.py:153} INFO - Started process (PID=4345) to work on /home/airflow/.local/lib/python3.7/site-packages/airflow/example_dags/example_branch_day_of_week_operator.py
[2023-05-06T00:17:31.679+0000] {processor.py:743} INFO - Processing file /home/airflow/.local/lib/python3.7/site-packages/airflow/example_dags/example_branch_day_of_week_operator.py for tasks to queue
[2023-05-06T00:17:31.681+0000] {logging_mixin.py:137} INFO - [2023-05-06T00:17:31.681+0000] {dagbag.py:532} INFO - Filling up the DagBag from /home/airflow/.local/lib/python3.7/site-packages/airflow/example_dags/example_branch_day_of_week_operator.py
[2023-05-06T00:17:31.712+0000] {processor.py:753} INFO - DAG(s) dict_keys(['example_weekday_branch_operator']) retrieved from /home/airflow/.local/lib/python3.7/site-packages/airflow/example_dags/example_branch_day_of_week_operator.py
[2023-05-06T00:17:31.762+0000] {logging_mixin.py:137} INFO - [2023-05-06T00:17:31.762+0000] {dag.py:2705} INFO - Sync 1 DAGs
[2023-05-06T00:17:31.800+0000] {logging_mixin.py:137} INFO - [2023-05-06T00:17:31.800+0000] {dag.py:3456} INFO - Setting next_dagrun for example_weekday_branch_operator to 2023-05-05T00:00:00+00:00, run_after=2023-05-06T00:00:00+00:00
[2023-05-06T00:17:31.832+0000] {processor.py:175} INFO - Processing /home/airflow/.local/lib/python3.7/site-packages/airflow/example_dags/example_branch_day_of_week_operator.py took 0.161 seconds
[2023-05-06T00:20:40.990+0000] {processor.py:153} INFO - Started process (PID=4397) to work on /home/airflow/.local/lib/python3.7/site-packages/airflow/example_dags/example_branch_day_of_week_operator.py
[2023-05-06T00:20:40.995+0000] {processor.py:743} INFO - Processing file /home/airflow/.local/lib/python3.7/site-packages/airflow/example_dags/example_branch_day_of_week_operator.py for tasks to queue
[2023-05-06T00:20:40.996+0000] {logging_mixin.py:137} INFO - [2023-05-06T00:20:40.996+0000] {dagbag.py:532} INFO - Filling up the DagBag from /home/airflow/.local/lib/python3.7/site-packages/airflow/example_dags/example_branch_day_of_week_operator.py
[2023-05-06T00:20:41.028+0000] {processor.py:753} INFO - DAG(s) dict_keys(['example_weekday_branch_operator']) retrieved from /home/airflow/.local/lib/python3.7/site-packages/airflow/example_dags/example_branch_day_of_week_operator.py
[2023-05-06T00:20:41.067+0000] {logging_mixin.py:137} INFO - [2023-05-06T00:20:41.066+0000] {dag.py:2705} INFO - Sync 1 DAGs
[2023-05-06T00:20:41.109+0000] {logging_mixin.py:137} INFO - [2023-05-06T00:20:41.109+0000] {dag.py:3456} INFO - Setting next_dagrun for example_weekday_branch_operator to 2023-05-05T00:00:00+00:00, run_after=2023-05-06T00:00:00+00:00
[2023-05-06T00:20:41.134+0000] {processor.py:175} INFO - Processing /home/airflow/.local/lib/python3.7/site-packages/airflow/example_dags/example_branch_day_of_week_operator.py took 0.153 seconds
[2023-05-06T00:36:35.977+0000] {processor.py:153} INFO - Started process (PID=4457) to work on /home/airflow/.local/lib/python3.7/site-packages/airflow/example_dags/example_branch_day_of_week_operator.py
[2023-05-06T00:36:35.997+0000] {processor.py:743} INFO - Processing file /home/airflow/.local/lib/python3.7/site-packages/airflow/example_dags/example_branch_day_of_week_operator.py for tasks to queue
[2023-05-06T00:36:36.004+0000] {logging_mixin.py:137} INFO - [2023-05-06T00:36:36.003+0000] {dagbag.py:532} INFO - Filling up the DagBag from /home/airflow/.local/lib/python3.7/site-packages/airflow/example_dags/example_branch_day_of_week_operator.py
[2023-05-06T00:36:36.138+0000] {processor.py:753} INFO - DAG(s) dict_keys(['example_weekday_branch_operator']) retrieved from /home/airflow/.local/lib/python3.7/site-packages/airflow/example_dags/example_branch_day_of_week_operator.py
[2023-05-06T00:36:36.300+0000] {logging_mixin.py:137} INFO - [2023-05-06T00:36:36.299+0000] {dag.py:2705} INFO - Sync 1 DAGs
[2023-05-06T00:36:36.471+0000] {logging_mixin.py:137} INFO - [2023-05-06T00:36:36.471+0000] {dag.py:3456} INFO - Setting next_dagrun for example_weekday_branch_operator to 2023-05-05T00:00:00+00:00, run_after=2023-05-06T00:00:00+00:00
[2023-05-06T00:36:36.584+0000] {processor.py:175} INFO - Processing /home/airflow/.local/lib/python3.7/site-packages/airflow/example_dags/example_branch_day_of_week_operator.py took 0.677 seconds
[2023-05-06T00:37:58.922+0000] {processor.py:153} INFO - Started process (PID=4533) to work on /home/airflow/.local/lib/python3.7/site-packages/airflow/example_dags/example_branch_day_of_week_operator.py
[2023-05-06T00:37:58.932+0000] {processor.py:743} INFO - Processing file /home/airflow/.local/lib/python3.7/site-packages/airflow/example_dags/example_branch_day_of_week_operator.py for tasks to queue
[2023-05-06T00:37:58.940+0000] {logging_mixin.py:137} INFO - [2023-05-06T00:37:58.939+0000] {dagbag.py:532} INFO - Filling up the DagBag from /home/airflow/.local/lib/python3.7/site-packages/airflow/example_dags/example_branch_day_of_week_operator.py
[2023-05-06T00:37:59.110+0000] {processor.py:753} INFO - DAG(s) dict_keys(['example_weekday_branch_operator']) retrieved from /home/airflow/.local/lib/python3.7/site-packages/airflow/example_dags/example_branch_day_of_week_operator.py
[2023-05-06T00:37:59.385+0000] {logging_mixin.py:137} INFO - [2023-05-06T00:37:59.384+0000] {dag.py:2705} INFO - Sync 1 DAGs
[2023-05-06T00:37:59.557+0000] {logging_mixin.py:137} INFO - [2023-05-06T00:37:59.556+0000] {dag.py:3456} INFO - Setting next_dagrun for example_weekday_branch_operator to 2023-05-05T00:00:00+00:00, run_after=2023-05-06T00:00:00+00:00
[2023-05-06T00:37:59.684+0000] {processor.py:175} INFO - Processing /home/airflow/.local/lib/python3.7/site-packages/airflow/example_dags/example_branch_day_of_week_operator.py took 0.801 seconds
[2023-05-06T00:39:00.829+0000] {processor.py:153} INFO - Started process (PID=4603) to work on /home/airflow/.local/lib/python3.7/site-packages/airflow/example_dags/example_branch_day_of_week_operator.py
[2023-05-06T00:39:00.852+0000] {processor.py:743} INFO - Processing file /home/airflow/.local/lib/python3.7/site-packages/airflow/example_dags/example_branch_day_of_week_operator.py for tasks to queue
[2023-05-06T00:39:00.876+0000] {logging_mixin.py:137} INFO - [2023-05-06T00:39:00.875+0000] {dagbag.py:532} INFO - Filling up the DagBag from /home/airflow/.local/lib/python3.7/site-packages/airflow/example_dags/example_branch_day_of_week_operator.py
[2023-05-06T00:39:01.401+0000] {processor.py:753} INFO - DAG(s) dict_keys(['example_weekday_branch_operator']) retrieved from /home/airflow/.local/lib/python3.7/site-packages/airflow/example_dags/example_branch_day_of_week_operator.py
[2023-05-06T00:39:02.447+0000] {logging_mixin.py:137} INFO - [2023-05-06T00:39:02.447+0000] {dag.py:2705} INFO - Sync 1 DAGs
[2023-05-06T00:39:03.407+0000] {logging_mixin.py:137} INFO - [2023-05-06T00:39:03.385+0000] {dag.py:3456} INFO - Setting next_dagrun for example_weekday_branch_operator to 2023-05-05T00:00:00+00:00, run_after=2023-05-06T00:00:00+00:00
[2023-05-06T00:39:04.198+0000] {processor.py:175} INFO - Processing /home/airflow/.local/lib/python3.7/site-packages/airflow/example_dags/example_branch_day_of_week_operator.py took 3.398 seconds
[2023-05-06T00:54:51.931+0000] {processor.py:153} INFO - Started process (PID=4656) to work on /home/airflow/.local/lib/python3.7/site-packages/airflow/example_dags/example_branch_day_of_week_operator.py
[2023-05-06T00:54:51.943+0000] {processor.py:743} INFO - Processing file /home/airflow/.local/lib/python3.7/site-packages/airflow/example_dags/example_branch_day_of_week_operator.py for tasks to queue
[2023-05-06T00:54:51.962+0000] {logging_mixin.py:137} INFO - [2023-05-06T00:54:51.960+0000] {dagbag.py:532} INFO - Filling up the DagBag from /home/airflow/.local/lib/python3.7/site-packages/airflow/example_dags/example_branch_day_of_week_operator.py
[2023-05-06T00:54:52.067+0000] {processor.py:753} INFO - DAG(s) dict_keys(['example_weekday_branch_operator']) retrieved from /home/airflow/.local/lib/python3.7/site-packages/airflow/example_dags/example_branch_day_of_week_operator.py
[2023-05-06T00:54:52.217+0000] {logging_mixin.py:137} INFO - [2023-05-06T00:54:52.216+0000] {dag.py:2705} INFO - Sync 1 DAGs
[2023-05-06T00:54:52.365+0000] {logging_mixin.py:137} INFO - [2023-05-06T00:54:52.364+0000] {dag.py:3456} INFO - Setting next_dagrun for example_weekday_branch_operator to 2023-05-05T00:00:00+00:00, run_after=2023-05-06T00:00:00+00:00
[2023-05-06T00:54:52.477+0000] {processor.py:175} INFO - Processing /home/airflow/.local/lib/python3.7/site-packages/airflow/example_dags/example_branch_day_of_week_operator.py took 0.569 seconds
[2023-05-06T02:03:44.268+0000] {processor.py:153} INFO - Started process (PID=4714) to work on /home/airflow/.local/lib/python3.7/site-packages/airflow/example_dags/example_branch_day_of_week_operator.py
[2023-05-06T02:03:44.271+0000] {processor.py:743} INFO - Processing file /home/airflow/.local/lib/python3.7/site-packages/airflow/example_dags/example_branch_day_of_week_operator.py for tasks to queue
[2023-05-06T02:03:44.276+0000] {logging_mixin.py:137} INFO - [2023-05-06T02:03:44.275+0000] {dagbag.py:532} INFO - Filling up the DagBag from /home/airflow/.local/lib/python3.7/site-packages/airflow/example_dags/example_branch_day_of_week_operator.py
[2023-05-06T02:03:44.311+0000] {processor.py:753} INFO - DAG(s) dict_keys(['example_weekday_branch_operator']) retrieved from /home/airflow/.local/lib/python3.7/site-packages/airflow/example_dags/example_branch_day_of_week_operator.py
[2023-05-06T02:03:44.486+0000] {logging_mixin.py:137} INFO - [2023-05-06T02:03:44.486+0000] {dag.py:2705} INFO - Sync 1 DAGs
[2023-05-06T02:03:44.660+0000] {logging_mixin.py:137} INFO - [2023-05-06T02:03:44.660+0000] {dag.py:3456} INFO - Setting next_dagrun for example_weekday_branch_operator to 2023-05-05T00:00:00+00:00, run_after=2023-05-06T00:00:00+00:00
[2023-05-06T02:03:44.820+0000] {processor.py:175} INFO - Processing /home/airflow/.local/lib/python3.7/site-packages/airflow/example_dags/example_branch_day_of_week_operator.py took 0.559 seconds
[2023-05-06T02:04:16.834+0000] {processor.py:153} INFO - Started process (PID=4766) to work on /home/airflow/.local/lib/python3.7/site-packages/airflow/example_dags/example_branch_day_of_week_operator.py
[2023-05-06T02:04:16.837+0000] {processor.py:743} INFO - Processing file /home/airflow/.local/lib/python3.7/site-packages/airflow/example_dags/example_branch_day_of_week_operator.py for tasks to queue
[2023-05-06T02:04:16.839+0000] {logging_mixin.py:137} INFO - [2023-05-06T02:04:16.838+0000] {dagbag.py:532} INFO - Filling up the DagBag from /home/airflow/.local/lib/python3.7/site-packages/airflow/example_dags/example_branch_day_of_week_operator.py
[2023-05-06T02:04:16.869+0000] {processor.py:753} INFO - DAG(s) dict_keys(['example_weekday_branch_operator']) retrieved from /home/airflow/.local/lib/python3.7/site-packages/airflow/example_dags/example_branch_day_of_week_operator.py
[2023-05-06T02:04:16.920+0000] {logging_mixin.py:137} INFO - [2023-05-06T02:04:16.920+0000] {dag.py:2705} INFO - Sync 1 DAGs
[2023-05-06T02:04:16.956+0000] {logging_mixin.py:137} INFO - [2023-05-06T02:04:16.956+0000] {dag.py:3456} INFO - Setting next_dagrun for example_weekday_branch_operator to 2023-05-05T00:00:00+00:00, run_after=2023-05-06T00:00:00+00:00
[2023-05-06T02:04:16.984+0000] {processor.py:175} INFO - Processing /home/airflow/.local/lib/python3.7/site-packages/airflow/example_dags/example_branch_day_of_week_operator.py took 0.157 seconds
[2023-05-06T02:04:52.703+0000] {processor.py:153} INFO - Started process (PID=4818) to work on /home/airflow/.local/lib/python3.7/site-packages/airflow/example_dags/example_branch_day_of_week_operator.py
[2023-05-06T02:04:52.710+0000] {processor.py:743} INFO - Processing file /home/airflow/.local/lib/python3.7/site-packages/airflow/example_dags/example_branch_day_of_week_operator.py for tasks to queue
[2023-05-06T02:04:52.716+0000] {logging_mixin.py:137} INFO - [2023-05-06T02:04:52.715+0000] {dagbag.py:532} INFO - Filling up the DagBag from /home/airflow/.local/lib/python3.7/site-packages/airflow/example_dags/example_branch_day_of_week_operator.py
[2023-05-06T02:04:52.795+0000] {processor.py:753} INFO - DAG(s) dict_keys(['example_weekday_branch_operator']) retrieved from /home/airflow/.local/lib/python3.7/site-packages/airflow/example_dags/example_branch_day_of_week_operator.py
[2023-05-06T02:04:52.940+0000] {logging_mixin.py:137} INFO - [2023-05-06T02:04:52.940+0000] {dag.py:2705} INFO - Sync 1 DAGs
[2023-05-06T02:04:53.040+0000] {logging_mixin.py:137} INFO - [2023-05-06T02:04:53.040+0000] {dag.py:3456} INFO - Setting next_dagrun for example_weekday_branch_operator to 2023-05-05T00:00:00+00:00, run_after=2023-05-06T00:00:00+00:00
[2023-05-06T02:04:53.136+0000] {processor.py:175} INFO - Processing /home/airflow/.local/lib/python3.7/site-packages/airflow/example_dags/example_branch_day_of_week_operator.py took 0.440 seconds
[2023-05-06T02:05:23.637+0000] {processor.py:153} INFO - Started process (PID=4870) to work on /home/airflow/.local/lib/python3.7/site-packages/airflow/example_dags/example_branch_day_of_week_operator.py
[2023-05-06T02:05:23.646+0000] {processor.py:743} INFO - Processing file /home/airflow/.local/lib/python3.7/site-packages/airflow/example_dags/example_branch_day_of_week_operator.py for tasks to queue
[2023-05-06T02:05:23.650+0000] {logging_mixin.py:137} INFO - [2023-05-06T02:05:23.650+0000] {dagbag.py:532} INFO - Filling up the DagBag from /home/airflow/.local/lib/python3.7/site-packages/airflow/example_dags/example_branch_day_of_week_operator.py
[2023-05-06T02:05:23.756+0000] {processor.py:753} INFO - DAG(s) dict_keys(['example_weekday_branch_operator']) retrieved from /home/airflow/.local/lib/python3.7/site-packages/airflow/example_dags/example_branch_day_of_week_operator.py
[2023-05-06T02:05:23.917+0000] {logging_mixin.py:137} INFO - [2023-05-06T02:05:23.917+0000] {dag.py:2705} INFO - Sync 1 DAGs
[2023-05-06T02:05:24.017+0000] {logging_mixin.py:137} INFO - [2023-05-06T02:05:24.008+0000] {dag.py:3456} INFO - Setting next_dagrun for example_weekday_branch_operator to 2023-05-05T00:00:00+00:00, run_after=2023-05-06T00:00:00+00:00
[2023-05-06T02:05:24.115+0000] {processor.py:175} INFO - Processing /home/airflow/.local/lib/python3.7/site-packages/airflow/example_dags/example_branch_day_of_week_operator.py took 0.501 seconds
[2023-05-06T02:05:54.597+0000] {processor.py:153} INFO - Started process (PID=4922) to work on /home/airflow/.local/lib/python3.7/site-packages/airflow/example_dags/example_branch_day_of_week_operator.py
[2023-05-06T02:05:54.599+0000] {processor.py:743} INFO - Processing file /home/airflow/.local/lib/python3.7/site-packages/airflow/example_dags/example_branch_day_of_week_operator.py for tasks to queue
[2023-05-06T02:05:54.602+0000] {logging_mixin.py:137} INFO - [2023-05-06T02:05:54.602+0000] {dagbag.py:532} INFO - Filling up the DagBag from /home/airflow/.local/lib/python3.7/site-packages/airflow/example_dags/example_branch_day_of_week_operator.py
[2023-05-06T02:05:54.632+0000] {processor.py:753} INFO - DAG(s) dict_keys(['example_weekday_branch_operator']) retrieved from /home/airflow/.local/lib/python3.7/site-packages/airflow/example_dags/example_branch_day_of_week_operator.py
[2023-05-06T02:05:54.683+0000] {logging_mixin.py:137} INFO - [2023-05-06T02:05:54.683+0000] {dag.py:2705} INFO - Sync 1 DAGs
[2023-05-06T02:05:54.777+0000] {logging_mixin.py:137} INFO - [2023-05-06T02:05:54.776+0000] {dag.py:3456} INFO - Setting next_dagrun for example_weekday_branch_operator to 2023-05-05T00:00:00+00:00, run_after=2023-05-06T00:00:00+00:00
[2023-05-06T02:05:54.837+0000] {processor.py:175} INFO - Processing /home/airflow/.local/lib/python3.7/site-packages/airflow/example_dags/example_branch_day_of_week_operator.py took 0.249 seconds
[2023-05-06T02:06:25.618+0000] {processor.py:153} INFO - Started process (PID=4974) to work on /home/airflow/.local/lib/python3.7/site-packages/airflow/example_dags/example_branch_day_of_week_operator.py
[2023-05-06T02:06:25.620+0000] {processor.py:743} INFO - Processing file /home/airflow/.local/lib/python3.7/site-packages/airflow/example_dags/example_branch_day_of_week_operator.py for tasks to queue
[2023-05-06T02:06:25.622+0000] {logging_mixin.py:137} INFO - [2023-05-06T02:06:25.622+0000] {dagbag.py:532} INFO - Filling up the DagBag from /home/airflow/.local/lib/python3.7/site-packages/airflow/example_dags/example_branch_day_of_week_operator.py
[2023-05-06T02:06:25.650+0000] {processor.py:753} INFO - DAG(s) dict_keys(['example_weekday_branch_operator']) retrieved from /home/airflow/.local/lib/python3.7/site-packages/airflow/example_dags/example_branch_day_of_week_operator.py
[2023-05-06T02:06:25.694+0000] {logging_mixin.py:137} INFO - [2023-05-06T02:06:25.693+0000] {dag.py:2705} INFO - Sync 1 DAGs
[2023-05-06T02:06:25.731+0000] {logging_mixin.py:137} INFO - [2023-05-06T02:06:25.731+0000] {dag.py:3456} INFO - Setting next_dagrun for example_weekday_branch_operator to 2023-05-05T00:00:00+00:00, run_after=2023-05-06T00:00:00+00:00
[2023-05-06T02:06:25.761+0000] {processor.py:175} INFO - Processing /home/airflow/.local/lib/python3.7/site-packages/airflow/example_dags/example_branch_day_of_week_operator.py took 0.149 seconds
[2023-05-06T02:06:56.305+0000] {processor.py:153} INFO - Started process (PID=5026) to work on /home/airflow/.local/lib/python3.7/site-packages/airflow/example_dags/example_branch_day_of_week_operator.py
[2023-05-06T02:06:56.309+0000] {processor.py:743} INFO - Processing file /home/airflow/.local/lib/python3.7/site-packages/airflow/example_dags/example_branch_day_of_week_operator.py for tasks to queue
[2023-05-06T02:06:56.311+0000] {logging_mixin.py:137} INFO - [2023-05-06T02:06:56.311+0000] {dagbag.py:532} INFO - Filling up the DagBag from /home/airflow/.local/lib/python3.7/site-packages/airflow/example_dags/example_branch_day_of_week_operator.py
[2023-05-06T02:06:56.356+0000] {processor.py:753} INFO - DAG(s) dict_keys(['example_weekday_branch_operator']) retrieved from /home/airflow/.local/lib/python3.7/site-packages/airflow/example_dags/example_branch_day_of_week_operator.py
[2023-05-06T02:06:56.430+0000] {logging_mixin.py:137} INFO - [2023-05-06T02:06:56.429+0000] {dag.py:2705} INFO - Sync 1 DAGs
[2023-05-06T02:06:56.470+0000] {logging_mixin.py:137} INFO - [2023-05-06T02:06:56.470+0000] {dag.py:3456} INFO - Setting next_dagrun for example_weekday_branch_operator to 2023-05-05T00:00:00+00:00, run_after=2023-05-06T00:00:00+00:00
[2023-05-06T02:06:56.501+0000] {processor.py:175} INFO - Processing /home/airflow/.local/lib/python3.7/site-packages/airflow/example_dags/example_branch_day_of_week_operator.py took 0.201 seconds
[2023-05-06T02:07:26.970+0000] {processor.py:153} INFO - Started process (PID=5078) to work on /home/airflow/.local/lib/python3.7/site-packages/airflow/example_dags/example_branch_day_of_week_operator.py
[2023-05-06T02:07:26.981+0000] {processor.py:743} INFO - Processing file /home/airflow/.local/lib/python3.7/site-packages/airflow/example_dags/example_branch_day_of_week_operator.py for tasks to queue
[2023-05-06T02:07:26.984+0000] {logging_mixin.py:137} INFO - [2023-05-06T02:07:26.984+0000] {dagbag.py:532} INFO - Filling up the DagBag from /home/airflow/.local/lib/python3.7/site-packages/airflow/example_dags/example_branch_day_of_week_operator.py
[2023-05-06T02:07:27.021+0000] {processor.py:753} INFO - DAG(s) dict_keys(['example_weekday_branch_operator']) retrieved from /home/airflow/.local/lib/python3.7/site-packages/airflow/example_dags/example_branch_day_of_week_operator.py
[2023-05-06T02:07:27.077+0000] {logging_mixin.py:137} INFO - [2023-05-06T02:07:27.077+0000] {dag.py:2705} INFO - Sync 1 DAGs
[2023-05-06T02:07:27.125+0000] {logging_mixin.py:137} INFO - [2023-05-06T02:07:27.125+0000] {dag.py:3456} INFO - Setting next_dagrun for example_weekday_branch_operator to 2023-05-05T00:00:00+00:00, run_after=2023-05-06T00:00:00+00:00
[2023-05-06T02:07:27.166+0000] {processor.py:175} INFO - Processing /home/airflow/.local/lib/python3.7/site-packages/airflow/example_dags/example_branch_day_of_week_operator.py took 0.201 seconds
[2023-05-06T02:07:57.572+0000] {processor.py:153} INFO - Started process (PID=5129) to work on /home/airflow/.local/lib/python3.7/site-packages/airflow/example_dags/example_branch_day_of_week_operator.py
[2023-05-06T02:07:57.576+0000] {processor.py:743} INFO - Processing file /home/airflow/.local/lib/python3.7/site-packages/airflow/example_dags/example_branch_day_of_week_operator.py for tasks to queue
[2023-05-06T02:07:57.580+0000] {logging_mixin.py:137} INFO - [2023-05-06T02:07:57.580+0000] {dagbag.py:532} INFO - Filling up the DagBag from /home/airflow/.local/lib/python3.7/site-packages/airflow/example_dags/example_branch_day_of_week_operator.py
[2023-05-06T02:07:57.608+0000] {processor.py:753} INFO - DAG(s) dict_keys(['example_weekday_branch_operator']) retrieved from /home/airflow/.local/lib/python3.7/site-packages/airflow/example_dags/example_branch_day_of_week_operator.py
[2023-05-06T02:07:57.656+0000] {logging_mixin.py:137} INFO - [2023-05-06T02:07:57.656+0000] {dag.py:2705} INFO - Sync 1 DAGs
[2023-05-06T02:07:57.696+0000] {logging_mixin.py:137} INFO - [2023-05-06T02:07:57.696+0000] {dag.py:3456} INFO - Setting next_dagrun for example_weekday_branch_operator to 2023-05-05T00:00:00+00:00, run_after=2023-05-06T00:00:00+00:00
[2023-05-06T02:07:57.749+0000] {processor.py:175} INFO - Processing /home/airflow/.local/lib/python3.7/site-packages/airflow/example_dags/example_branch_day_of_week_operator.py took 0.189 seconds
[2023-05-06T02:08:28.504+0000] {processor.py:153} INFO - Started process (PID=5180) to work on /home/airflow/.local/lib/python3.7/site-packages/airflow/example_dags/example_branch_day_of_week_operator.py
[2023-05-06T02:08:28.513+0000] {processor.py:743} INFO - Processing file /home/airflow/.local/lib/python3.7/site-packages/airflow/example_dags/example_branch_day_of_week_operator.py for tasks to queue
[2023-05-06T02:08:28.517+0000] {logging_mixin.py:137} INFO - [2023-05-06T02:08:28.516+0000] {dagbag.py:532} INFO - Filling up the DagBag from /home/airflow/.local/lib/python3.7/site-packages/airflow/example_dags/example_branch_day_of_week_operator.py
[2023-05-06T02:08:28.581+0000] {processor.py:753} INFO - DAG(s) dict_keys(['example_weekday_branch_operator']) retrieved from /home/airflow/.local/lib/python3.7/site-packages/airflow/example_dags/example_branch_day_of_week_operator.py
[2023-05-06T02:08:28.634+0000] {logging_mixin.py:137} INFO - [2023-05-06T02:08:28.634+0000] {dag.py:2705} INFO - Sync 1 DAGs
[2023-05-06T02:08:28.684+0000] {logging_mixin.py:137} INFO - [2023-05-06T02:08:28.684+0000] {dag.py:3456} INFO - Setting next_dagrun for example_weekday_branch_operator to 2023-05-05T00:00:00+00:00, run_after=2023-05-06T00:00:00+00:00
[2023-05-06T02:08:28.745+0000] {processor.py:175} INFO - Processing /home/airflow/.local/lib/python3.7/site-packages/airflow/example_dags/example_branch_day_of_week_operator.py took 0.273 seconds
[2023-05-06T02:09:00.007+0000] {processor.py:153} INFO - Started process (PID=5232) to work on /home/airflow/.local/lib/python3.7/site-packages/airflow/example_dags/example_branch_day_of_week_operator.py
[2023-05-06T02:09:00.010+0000] {processor.py:743} INFO - Processing file /home/airflow/.local/lib/python3.7/site-packages/airflow/example_dags/example_branch_day_of_week_operator.py for tasks to queue
[2023-05-06T02:09:00.016+0000] {logging_mixin.py:137} INFO - [2023-05-06T02:09:00.015+0000] {dagbag.py:532} INFO - Filling up the DagBag from /home/airflow/.local/lib/python3.7/site-packages/airflow/example_dags/example_branch_day_of_week_operator.py
[2023-05-06T02:09:00.117+0000] {processor.py:753} INFO - DAG(s) dict_keys(['example_weekday_branch_operator']) retrieved from /home/airflow/.local/lib/python3.7/site-packages/airflow/example_dags/example_branch_day_of_week_operator.py
[2023-05-06T02:09:00.222+0000] {logging_mixin.py:137} INFO - [2023-05-06T02:09:00.222+0000] {dag.py:2705} INFO - Sync 1 DAGs
[2023-05-06T02:09:00.329+0000] {logging_mixin.py:137} INFO - [2023-05-06T02:09:00.327+0000] {dag.py:3456} INFO - Setting next_dagrun for example_weekday_branch_operator to 2023-05-05T00:00:00+00:00, run_after=2023-05-06T00:00:00+00:00
[2023-05-06T02:09:00.393+0000] {processor.py:175} INFO - Processing /home/airflow/.local/lib/python3.7/site-packages/airflow/example_dags/example_branch_day_of_week_operator.py took 0.405 seconds
[2023-05-06T02:09:30.473+0000] {processor.py:153} INFO - Started process (PID=5284) to work on /home/airflow/.local/lib/python3.7/site-packages/airflow/example_dags/example_branch_day_of_week_operator.py
[2023-05-06T02:09:30.476+0000] {processor.py:743} INFO - Processing file /home/airflow/.local/lib/python3.7/site-packages/airflow/example_dags/example_branch_day_of_week_operator.py for tasks to queue
[2023-05-06T02:09:30.478+0000] {logging_mixin.py:137} INFO - [2023-05-06T02:09:30.478+0000] {dagbag.py:532} INFO - Filling up the DagBag from /home/airflow/.local/lib/python3.7/site-packages/airflow/example_dags/example_branch_day_of_week_operator.py
[2023-05-06T02:09:30.503+0000] {processor.py:753} INFO - DAG(s) dict_keys(['example_weekday_branch_operator']) retrieved from /home/airflow/.local/lib/python3.7/site-packages/airflow/example_dags/example_branch_day_of_week_operator.py
[2023-05-06T02:09:30.546+0000] {logging_mixin.py:137} INFO - [2023-05-06T02:09:30.546+0000] {dag.py:2705} INFO - Sync 1 DAGs
[2023-05-06T02:09:30.584+0000] {logging_mixin.py:137} INFO - [2023-05-06T02:09:30.583+0000] {dag.py:3456} INFO - Setting next_dagrun for example_weekday_branch_operator to 2023-05-05T00:00:00+00:00, run_after=2023-05-06T00:00:00+00:00
[2023-05-06T02:09:30.615+0000] {processor.py:175} INFO - Processing /home/airflow/.local/lib/python3.7/site-packages/airflow/example_dags/example_branch_day_of_week_operator.py took 0.147 seconds
[2023-05-06T02:10:00.975+0000] {processor.py:153} INFO - Started process (PID=5337) to work on /home/airflow/.local/lib/python3.7/site-packages/airflow/example_dags/example_branch_day_of_week_operator.py
[2023-05-06T02:10:00.978+0000] {processor.py:743} INFO - Processing file /home/airflow/.local/lib/python3.7/site-packages/airflow/example_dags/example_branch_day_of_week_operator.py for tasks to queue
[2023-05-06T02:10:00.983+0000] {logging_mixin.py:137} INFO - [2023-05-06T02:10:00.983+0000] {dagbag.py:532} INFO - Filling up the DagBag from /home/airflow/.local/lib/python3.7/site-packages/airflow/example_dags/example_branch_day_of_week_operator.py
[2023-05-06T02:10:01.028+0000] {processor.py:753} INFO - DAG(s) dict_keys(['example_weekday_branch_operator']) retrieved from /home/airflow/.local/lib/python3.7/site-packages/airflow/example_dags/example_branch_day_of_week_operator.py
[2023-05-06T02:10:01.081+0000] {logging_mixin.py:137} INFO - [2023-05-06T02:10:01.080+0000] {dag.py:2705} INFO - Sync 1 DAGs
[2023-05-06T02:10:01.137+0000] {logging_mixin.py:137} INFO - [2023-05-06T02:10:01.137+0000] {dag.py:3456} INFO - Setting next_dagrun for example_weekday_branch_operator to 2023-05-05T00:00:00+00:00, run_after=2023-05-06T00:00:00+00:00
[2023-05-06T02:10:01.172+0000] {processor.py:175} INFO - Processing /home/airflow/.local/lib/python3.7/site-packages/airflow/example_dags/example_branch_day_of_week_operator.py took 0.210 seconds
[2023-05-06T02:10:31.754+0000] {processor.py:153} INFO - Started process (PID=5388) to work on /home/airflow/.local/lib/python3.7/site-packages/airflow/example_dags/example_branch_day_of_week_operator.py
[2023-05-06T02:10:31.756+0000] {processor.py:743} INFO - Processing file /home/airflow/.local/lib/python3.7/site-packages/airflow/example_dags/example_branch_day_of_week_operator.py for tasks to queue
[2023-05-06T02:10:31.760+0000] {logging_mixin.py:137} INFO - [2023-05-06T02:10:31.760+0000] {dagbag.py:532} INFO - Filling up the DagBag from /home/airflow/.local/lib/python3.7/site-packages/airflow/example_dags/example_branch_day_of_week_operator.py
[2023-05-06T02:10:31.792+0000] {processor.py:753} INFO - DAG(s) dict_keys(['example_weekday_branch_operator']) retrieved from /home/airflow/.local/lib/python3.7/site-packages/airflow/example_dags/example_branch_day_of_week_operator.py
[2023-05-06T02:10:31.844+0000] {logging_mixin.py:137} INFO - [2023-05-06T02:10:31.844+0000] {dag.py:2705} INFO - Sync 1 DAGs
[2023-05-06T02:10:31.888+0000] {logging_mixin.py:137} INFO - [2023-05-06T02:10:31.888+0000] {dag.py:3456} INFO - Setting next_dagrun for example_weekday_branch_operator to 2023-05-05T00:00:00+00:00, run_after=2023-05-06T00:00:00+00:00
[2023-05-06T02:10:31.941+0000] {processor.py:175} INFO - Processing /home/airflow/.local/lib/python3.7/site-packages/airflow/example_dags/example_branch_day_of_week_operator.py took 0.195 seconds
[2023-05-06T02:11:02.356+0000] {processor.py:153} INFO - Started process (PID=5440) to work on /home/airflow/.local/lib/python3.7/site-packages/airflow/example_dags/example_branch_day_of_week_operator.py
[2023-05-06T02:11:02.360+0000] {processor.py:743} INFO - Processing file /home/airflow/.local/lib/python3.7/site-packages/airflow/example_dags/example_branch_day_of_week_operator.py for tasks to queue
[2023-05-06T02:11:02.365+0000] {logging_mixin.py:137} INFO - [2023-05-06T02:11:02.364+0000] {dagbag.py:532} INFO - Filling up the DagBag from /home/airflow/.local/lib/python3.7/site-packages/airflow/example_dags/example_branch_day_of_week_operator.py
[2023-05-06T02:11:02.404+0000] {processor.py:753} INFO - DAG(s) dict_keys(['example_weekday_branch_operator']) retrieved from /home/airflow/.local/lib/python3.7/site-packages/airflow/example_dags/example_branch_day_of_week_operator.py
[2023-05-06T02:11:02.452+0000] {logging_mixin.py:137} INFO - [2023-05-06T02:11:02.452+0000] {dag.py:2705} INFO - Sync 1 DAGs
[2023-05-06T02:11:02.516+0000] {logging_mixin.py:137} INFO - [2023-05-06T02:11:02.515+0000] {dag.py:3456} INFO - Setting next_dagrun for example_weekday_branch_operator to 2023-05-05T00:00:00+00:00, run_after=2023-05-06T00:00:00+00:00
[2023-05-06T02:11:02.549+0000] {processor.py:175} INFO - Processing /home/airflow/.local/lib/python3.7/site-packages/airflow/example_dags/example_branch_day_of_week_operator.py took 0.205 seconds
[2023-05-06T02:11:33.742+0000] {processor.py:153} INFO - Started process (PID=5492) to work on /home/airflow/.local/lib/python3.7/site-packages/airflow/example_dags/example_branch_day_of_week_operator.py
[2023-05-06T02:11:33.748+0000] {processor.py:743} INFO - Processing file /home/airflow/.local/lib/python3.7/site-packages/airflow/example_dags/example_branch_day_of_week_operator.py for tasks to queue
[2023-05-06T02:11:33.753+0000] {logging_mixin.py:137} INFO - [2023-05-06T02:11:33.752+0000] {dagbag.py:532} INFO - Filling up the DagBag from /home/airflow/.local/lib/python3.7/site-packages/airflow/example_dags/example_branch_day_of_week_operator.py
[2023-05-06T02:11:33.817+0000] {processor.py:753} INFO - DAG(s) dict_keys(['example_weekday_branch_operator']) retrieved from /home/airflow/.local/lib/python3.7/site-packages/airflow/example_dags/example_branch_day_of_week_operator.py
[2023-05-06T02:11:33.873+0000] {logging_mixin.py:137} INFO - [2023-05-06T02:11:33.871+0000] {dag.py:2705} INFO - Sync 1 DAGs
[2023-05-06T02:11:33.915+0000] {logging_mixin.py:137} INFO - [2023-05-06T02:11:33.914+0000] {dag.py:3456} INFO - Setting next_dagrun for example_weekday_branch_operator to 2023-05-05T00:00:00+00:00, run_after=2023-05-06T00:00:00+00:00
[2023-05-06T02:11:33.980+0000] {processor.py:175} INFO - Processing /home/airflow/.local/lib/python3.7/site-packages/airflow/example_dags/example_branch_day_of_week_operator.py took 0.258 seconds
[2023-05-06T02:12:04.710+0000] {processor.py:153} INFO - Started process (PID=5544) to work on /home/airflow/.local/lib/python3.7/site-packages/airflow/example_dags/example_branch_day_of_week_operator.py
[2023-05-06T02:12:04.731+0000] {processor.py:743} INFO - Processing file /home/airflow/.local/lib/python3.7/site-packages/airflow/example_dags/example_branch_day_of_week_operator.py for tasks to queue
[2023-05-06T02:12:04.734+0000] {logging_mixin.py:137} INFO - [2023-05-06T02:12:04.734+0000] {dagbag.py:532} INFO - Filling up the DagBag from /home/airflow/.local/lib/python3.7/site-packages/airflow/example_dags/example_branch_day_of_week_operator.py
[2023-05-06T02:12:04.794+0000] {processor.py:753} INFO - DAG(s) dict_keys(['example_weekday_branch_operator']) retrieved from /home/airflow/.local/lib/python3.7/site-packages/airflow/example_dags/example_branch_day_of_week_operator.py
[2023-05-06T02:12:04.843+0000] {logging_mixin.py:137} INFO - [2023-05-06T02:12:04.843+0000] {dag.py:2705} INFO - Sync 1 DAGs
[2023-05-06T02:12:04.890+0000] {logging_mixin.py:137} INFO - [2023-05-06T02:12:04.890+0000] {dag.py:3456} INFO - Setting next_dagrun for example_weekday_branch_operator to 2023-05-05T00:00:00+00:00, run_after=2023-05-06T00:00:00+00:00
[2023-05-06T02:12:04.924+0000] {processor.py:175} INFO - Processing /home/airflow/.local/lib/python3.7/site-packages/airflow/example_dags/example_branch_day_of_week_operator.py took 0.227 seconds
[2023-05-06T02:12:35.003+0000] {processor.py:153} INFO - Started process (PID=5595) to work on /home/airflow/.local/lib/python3.7/site-packages/airflow/example_dags/example_branch_day_of_week_operator.py
[2023-05-06T02:12:35.011+0000] {processor.py:743} INFO - Processing file /home/airflow/.local/lib/python3.7/site-packages/airflow/example_dags/example_branch_day_of_week_operator.py for tasks to queue
[2023-05-06T02:12:35.014+0000] {logging_mixin.py:137} INFO - [2023-05-06T02:12:35.014+0000] {dagbag.py:532} INFO - Filling up the DagBag from /home/airflow/.local/lib/python3.7/site-packages/airflow/example_dags/example_branch_day_of_week_operator.py
[2023-05-06T02:12:35.050+0000] {processor.py:753} INFO - DAG(s) dict_keys(['example_weekday_branch_operator']) retrieved from /home/airflow/.local/lib/python3.7/site-packages/airflow/example_dags/example_branch_day_of_week_operator.py
[2023-05-06T02:12:35.099+0000] {logging_mixin.py:137} INFO - [2023-05-06T02:12:35.099+0000] {dag.py:2705} INFO - Sync 1 DAGs
[2023-05-06T02:12:35.139+0000] {logging_mixin.py:137} INFO - [2023-05-06T02:12:35.139+0000] {dag.py:3456} INFO - Setting next_dagrun for example_weekday_branch_operator to 2023-05-05T00:00:00+00:00, run_after=2023-05-06T00:00:00+00:00
[2023-05-06T02:12:35.169+0000] {processor.py:175} INFO - Processing /home/airflow/.local/lib/python3.7/site-packages/airflow/example_dags/example_branch_day_of_week_operator.py took 0.171 seconds
[2023-05-06T02:13:06.580+0000] {processor.py:153} INFO - Started process (PID=5647) to work on /home/airflow/.local/lib/python3.7/site-packages/airflow/example_dags/example_branch_day_of_week_operator.py
[2023-05-06T02:13:06.588+0000] {processor.py:743} INFO - Processing file /home/airflow/.local/lib/python3.7/site-packages/airflow/example_dags/example_branch_day_of_week_operator.py for tasks to queue
[2023-05-06T02:13:06.590+0000] {logging_mixin.py:137} INFO - [2023-05-06T02:13:06.590+0000] {dagbag.py:532} INFO - Filling up the DagBag from /home/airflow/.local/lib/python3.7/site-packages/airflow/example_dags/example_branch_day_of_week_operator.py
[2023-05-06T02:13:06.626+0000] {processor.py:753} INFO - DAG(s) dict_keys(['example_weekday_branch_operator']) retrieved from /home/airflow/.local/lib/python3.7/site-packages/airflow/example_dags/example_branch_day_of_week_operator.py
[2023-05-06T02:13:06.753+0000] {logging_mixin.py:137} INFO - [2023-05-06T02:13:06.753+0000] {dag.py:2705} INFO - Sync 1 DAGs
[2023-05-06T02:13:06.850+0000] {logging_mixin.py:137} INFO - [2023-05-06T02:13:06.849+0000] {dag.py:3456} INFO - Setting next_dagrun for example_weekday_branch_operator to 2023-05-05T00:00:00+00:00, run_after=2023-05-06T00:00:00+00:00
[2023-05-06T02:13:06.912+0000] {processor.py:175} INFO - Processing /home/airflow/.local/lib/python3.7/site-packages/airflow/example_dags/example_branch_day_of_week_operator.py took 0.348 seconds
[2023-05-06T02:13:37.679+0000] {processor.py:153} INFO - Started process (PID=5705) to work on /home/airflow/.local/lib/python3.7/site-packages/airflow/example_dags/example_branch_day_of_week_operator.py
[2023-05-06T02:13:37.683+0000] {processor.py:743} INFO - Processing file /home/airflow/.local/lib/python3.7/site-packages/airflow/example_dags/example_branch_day_of_week_operator.py for tasks to queue
[2023-05-06T02:13:37.689+0000] {logging_mixin.py:137} INFO - [2023-05-06T02:13:37.688+0000] {dagbag.py:532} INFO - Filling up the DagBag from /home/airflow/.local/lib/python3.7/site-packages/airflow/example_dags/example_branch_day_of_week_operator.py
[2023-05-06T02:13:37.768+0000] {processor.py:753} INFO - DAG(s) dict_keys(['example_weekday_branch_operator']) retrieved from /home/airflow/.local/lib/python3.7/site-packages/airflow/example_dags/example_branch_day_of_week_operator.py
[2023-05-06T02:13:37.854+0000] {logging_mixin.py:137} INFO - [2023-05-06T02:13:37.853+0000] {dag.py:2705} INFO - Sync 1 DAGs
[2023-05-06T02:13:37.914+0000] {logging_mixin.py:137} INFO - [2023-05-06T02:13:37.914+0000] {dag.py:3456} INFO - Setting next_dagrun for example_weekday_branch_operator to 2023-05-05T00:00:00+00:00, run_after=2023-05-06T00:00:00+00:00
[2023-05-06T02:13:37.976+0000] {processor.py:175} INFO - Processing /home/airflow/.local/lib/python3.7/site-packages/airflow/example_dags/example_branch_day_of_week_operator.py took 0.316 seconds
[2023-05-06T02:14:08.842+0000] {processor.py:153} INFO - Started process (PID=5758) to work on /home/airflow/.local/lib/python3.7/site-packages/airflow/example_dags/example_branch_day_of_week_operator.py
[2023-05-06T02:14:08.845+0000] {processor.py:743} INFO - Processing file /home/airflow/.local/lib/python3.7/site-packages/airflow/example_dags/example_branch_day_of_week_operator.py for tasks to queue
[2023-05-06T02:14:08.848+0000] {logging_mixin.py:137} INFO - [2023-05-06T02:14:08.848+0000] {dagbag.py:532} INFO - Filling up the DagBag from /home/airflow/.local/lib/python3.7/site-packages/airflow/example_dags/example_branch_day_of_week_operator.py
[2023-05-06T02:14:08.873+0000] {processor.py:753} INFO - DAG(s) dict_keys(['example_weekday_branch_operator']) retrieved from /home/airflow/.local/lib/python3.7/site-packages/airflow/example_dags/example_branch_day_of_week_operator.py
[2023-05-06T02:14:08.916+0000] {logging_mixin.py:137} INFO - [2023-05-06T02:14:08.916+0000] {dag.py:2705} INFO - Sync 1 DAGs
[2023-05-06T02:14:08.953+0000] {logging_mixin.py:137} INFO - [2023-05-06T02:14:08.953+0000] {dag.py:3456} INFO - Setting next_dagrun for example_weekday_branch_operator to 2023-05-05T00:00:00+00:00, run_after=2023-05-06T00:00:00+00:00
[2023-05-06T02:14:08.982+0000] {processor.py:175} INFO - Processing /home/airflow/.local/lib/python3.7/site-packages/airflow/example_dags/example_branch_day_of_week_operator.py took 0.145 seconds
[2023-05-06T02:14:39.233+0000] {processor.py:153} INFO - Started process (PID=5810) to work on /home/airflow/.local/lib/python3.7/site-packages/airflow/example_dags/example_branch_day_of_week_operator.py
[2023-05-06T02:14:39.236+0000] {processor.py:743} INFO - Processing file /home/airflow/.local/lib/python3.7/site-packages/airflow/example_dags/example_branch_day_of_week_operator.py for tasks to queue
[2023-05-06T02:14:39.238+0000] {logging_mixin.py:137} INFO - [2023-05-06T02:14:39.238+0000] {dagbag.py:532} INFO - Filling up the DagBag from /home/airflow/.local/lib/python3.7/site-packages/airflow/example_dags/example_branch_day_of_week_operator.py
[2023-05-06T02:14:39.267+0000] {processor.py:753} INFO - DAG(s) dict_keys(['example_weekday_branch_operator']) retrieved from /home/airflow/.local/lib/python3.7/site-packages/airflow/example_dags/example_branch_day_of_week_operator.py
[2023-05-06T02:14:39.313+0000] {logging_mixin.py:137} INFO - [2023-05-06T02:14:39.312+0000] {dag.py:2705} INFO - Sync 1 DAGs
[2023-05-06T02:14:39.359+0000] {logging_mixin.py:137} INFO - [2023-05-06T02:14:39.359+0000] {dag.py:3456} INFO - Setting next_dagrun for example_weekday_branch_operator to 2023-05-05T00:00:00+00:00, run_after=2023-05-06T00:00:00+00:00
[2023-05-06T02:14:39.389+0000] {processor.py:175} INFO - Processing /home/airflow/.local/lib/python3.7/site-packages/airflow/example_dags/example_branch_day_of_week_operator.py took 0.162 seconds
[2023-05-06T02:15:10.347+0000] {processor.py:153} INFO - Started process (PID=5862) to work on /home/airflow/.local/lib/python3.7/site-packages/airflow/example_dags/example_branch_day_of_week_operator.py
[2023-05-06T02:15:10.357+0000] {processor.py:743} INFO - Processing file /home/airflow/.local/lib/python3.7/site-packages/airflow/example_dags/example_branch_day_of_week_operator.py for tasks to queue
[2023-05-06T02:15:10.368+0000] {logging_mixin.py:137} INFO - [2023-05-06T02:15:10.368+0000] {dagbag.py:532} INFO - Filling up the DagBag from /home/airflow/.local/lib/python3.7/site-packages/airflow/example_dags/example_branch_day_of_week_operator.py
[2023-05-06T02:15:10.416+0000] {processor.py:753} INFO - DAG(s) dict_keys(['example_weekday_branch_operator']) retrieved from /home/airflow/.local/lib/python3.7/site-packages/airflow/example_dags/example_branch_day_of_week_operator.py
[2023-05-06T02:15:10.464+0000] {logging_mixin.py:137} INFO - [2023-05-06T02:15:10.464+0000] {dag.py:2705} INFO - Sync 1 DAGs
[2023-05-06T02:15:10.503+0000] {logging_mixin.py:137} INFO - [2023-05-06T02:15:10.503+0000] {dag.py:3456} INFO - Setting next_dagrun for example_weekday_branch_operator to 2023-05-05T00:00:00+00:00, run_after=2023-05-06T00:00:00+00:00
[2023-05-06T02:15:10.540+0000] {processor.py:175} INFO - Processing /home/airflow/.local/lib/python3.7/site-packages/airflow/example_dags/example_branch_day_of_week_operator.py took 0.203 seconds
[2023-05-06T02:15:40.815+0000] {processor.py:153} INFO - Started process (PID=5914) to work on /home/airflow/.local/lib/python3.7/site-packages/airflow/example_dags/example_branch_day_of_week_operator.py
[2023-05-06T02:15:40.818+0000] {processor.py:743} INFO - Processing file /home/airflow/.local/lib/python3.7/site-packages/airflow/example_dags/example_branch_day_of_week_operator.py for tasks to queue
[2023-05-06T02:15:40.821+0000] {logging_mixin.py:137} INFO - [2023-05-06T02:15:40.820+0000] {dagbag.py:532} INFO - Filling up the DagBag from /home/airflow/.local/lib/python3.7/site-packages/airflow/example_dags/example_branch_day_of_week_operator.py
[2023-05-06T02:15:40.851+0000] {processor.py:753} INFO - DAG(s) dict_keys(['example_weekday_branch_operator']) retrieved from /home/airflow/.local/lib/python3.7/site-packages/airflow/example_dags/example_branch_day_of_week_operator.py
[2023-05-06T02:15:40.906+0000] {logging_mixin.py:137} INFO - [2023-05-06T02:15:40.906+0000] {dag.py:2705} INFO - Sync 1 DAGs
[2023-05-06T02:15:40.949+0000] {logging_mixin.py:137} INFO - [2023-05-06T02:15:40.949+0000] {dag.py:3456} INFO - Setting next_dagrun for example_weekday_branch_operator to 2023-05-05T00:00:00+00:00, run_after=2023-05-06T00:00:00+00:00
[2023-05-06T02:15:40.985+0000] {processor.py:175} INFO - Processing /home/airflow/.local/lib/python3.7/site-packages/airflow/example_dags/example_branch_day_of_week_operator.py took 0.179 seconds
[2023-05-06T02:16:11.434+0000] {processor.py:153} INFO - Started process (PID=5966) to work on /home/airflow/.local/lib/python3.7/site-packages/airflow/example_dags/example_branch_day_of_week_operator.py
[2023-05-06T02:16:11.438+0000] {processor.py:743} INFO - Processing file /home/airflow/.local/lib/python3.7/site-packages/airflow/example_dags/example_branch_day_of_week_operator.py for tasks to queue
[2023-05-06T02:16:11.441+0000] {logging_mixin.py:137} INFO - [2023-05-06T02:16:11.441+0000] {dagbag.py:532} INFO - Filling up the DagBag from /home/airflow/.local/lib/python3.7/site-packages/airflow/example_dags/example_branch_day_of_week_operator.py
[2023-05-06T02:16:11.478+0000] {processor.py:753} INFO - DAG(s) dict_keys(['example_weekday_branch_operator']) retrieved from /home/airflow/.local/lib/python3.7/site-packages/airflow/example_dags/example_branch_day_of_week_operator.py
[2023-05-06T02:16:11.536+0000] {logging_mixin.py:137} INFO - [2023-05-06T02:16:11.536+0000] {dag.py:2705} INFO - Sync 1 DAGs
[2023-05-06T02:16:11.591+0000] {logging_mixin.py:137} INFO - [2023-05-06T02:16:11.590+0000] {dag.py:3456} INFO - Setting next_dagrun for example_weekday_branch_operator to 2023-05-05T00:00:00+00:00, run_after=2023-05-06T00:00:00+00:00
[2023-05-06T02:16:11.628+0000] {processor.py:175} INFO - Processing /home/airflow/.local/lib/python3.7/site-packages/airflow/example_dags/example_branch_day_of_week_operator.py took 0.203 seconds
[2023-05-06T02:16:46.332+0000] {processor.py:153} INFO - Started process (PID=6018) to work on /home/airflow/.local/lib/python3.7/site-packages/airflow/example_dags/example_branch_day_of_week_operator.py
[2023-05-06T02:16:46.338+0000] {processor.py:743} INFO - Processing file /home/airflow/.local/lib/python3.7/site-packages/airflow/example_dags/example_branch_day_of_week_operator.py for tasks to queue
[2023-05-06T02:16:46.348+0000] {logging_mixin.py:137} INFO - [2023-05-06T02:16:46.346+0000] {dagbag.py:532} INFO - Filling up the DagBag from /home/airflow/.local/lib/python3.7/site-packages/airflow/example_dags/example_branch_day_of_week_operator.py
[2023-05-06T02:16:46.621+0000] {processor.py:753} INFO - DAG(s) dict_keys(['example_weekday_branch_operator']) retrieved from /home/airflow/.local/lib/python3.7/site-packages/airflow/example_dags/example_branch_day_of_week_operator.py
[2023-05-06T02:16:46.836+0000] {logging_mixin.py:137} INFO - [2023-05-06T02:16:46.836+0000] {dag.py:2705} INFO - Sync 1 DAGs
[2023-05-06T02:16:47.072+0000] {logging_mixin.py:137} INFO - [2023-05-06T02:16:47.072+0000] {dag.py:3456} INFO - Setting next_dagrun for example_weekday_branch_operator to 2023-05-05T00:00:00+00:00, run_after=2023-05-06T00:00:00+00:00
[2023-05-06T02:16:47.252+0000] {processor.py:175} INFO - Processing /home/airflow/.local/lib/python3.7/site-packages/airflow/example_dags/example_branch_day_of_week_operator.py took 0.948 seconds
[2023-05-06T02:17:22.895+0000] {processor.py:153} INFO - Started process (PID=6070) to work on /home/airflow/.local/lib/python3.7/site-packages/airflow/example_dags/example_branch_day_of_week_operator.py
[2023-05-06T02:17:22.915+0000] {processor.py:743} INFO - Processing file /home/airflow/.local/lib/python3.7/site-packages/airflow/example_dags/example_branch_day_of_week_operator.py for tasks to queue
[2023-05-06T02:17:22.936+0000] {logging_mixin.py:137} INFO - [2023-05-06T02:17:22.935+0000] {dagbag.py:532} INFO - Filling up the DagBag from /home/airflow/.local/lib/python3.7/site-packages/airflow/example_dags/example_branch_day_of_week_operator.py
[2023-05-06T02:17:23.555+0000] {processor.py:753} INFO - DAG(s) dict_keys(['example_weekday_branch_operator']) retrieved from /home/airflow/.local/lib/python3.7/site-packages/airflow/example_dags/example_branch_day_of_week_operator.py
[2023-05-06T02:17:24.391+0000] {logging_mixin.py:137} INFO - [2023-05-06T02:17:24.369+0000] {dag.py:2705} INFO - Sync 1 DAGs
[2023-05-06T02:17:25.567+0000] {logging_mixin.py:137} INFO - [2023-05-06T02:17:25.565+0000] {dag.py:3456} INFO - Setting next_dagrun for example_weekday_branch_operator to 2023-05-05T00:00:00+00:00, run_after=2023-05-06T00:00:00+00:00
[2023-05-06T02:17:25.947+0000] {processor.py:175} INFO - Processing /home/airflow/.local/lib/python3.7/site-packages/airflow/example_dags/example_branch_day_of_week_operator.py took 3.119 seconds
