[2023-05-06T00:03:51.174+0000] {processor.py:153} INFO - Started process (PID=4293) to work on /home/airflow/.local/lib/python3.7/site-packages/airflow/example_dags/example_branch_labels.py
[2023-05-06T00:03:51.176+0000] {processor.py:743} INFO - Processing file /home/airflow/.local/lib/python3.7/site-packages/airflow/example_dags/example_branch_labels.py for tasks to queue
[2023-05-06T00:03:51.185+0000] {logging_mixin.py:137} INFO - [2023-05-06T00:03:51.185+0000] {dagbag.py:532} INFO - Filling up the DagBag from /home/airflow/.local/lib/python3.7/site-packages/airflow/example_dags/example_branch_labels.py
[2023-05-06T00:03:51.206+0000] {processor.py:753} INFO - DAG(s) dict_keys(['example_branch_labels']) retrieved from /home/airflow/.local/lib/python3.7/site-packages/airflow/example_dags/example_branch_labels.py
[2023-05-06T00:03:51.256+0000] {logging_mixin.py:137} INFO - [2023-05-06T00:03:51.256+0000] {dag.py:2705} INFO - Sync 1 DAGs
[2023-05-06T00:03:51.296+0000] {logging_mixin.py:137} INFO - [2023-05-06T00:03:51.296+0000] {dag.py:3456} INFO - Setting next_dagrun for example_branch_labels to 2023-05-05T00:00:00+00:00, run_after=2023-05-06T00:00:00+00:00
[2023-05-06T00:03:51.329+0000] {processor.py:175} INFO - Processing /home/airflow/.local/lib/python3.7/site-packages/airflow/example_dags/example_branch_labels.py took 0.159 seconds
[2023-05-06T00:17:31.537+0000] {processor.py:153} INFO - Started process (PID=4344) to work on /home/airflow/.local/lib/python3.7/site-packages/airflow/example_dags/example_branch_labels.py
[2023-05-06T00:17:31.540+0000] {processor.py:743} INFO - Processing file /home/airflow/.local/lib/python3.7/site-packages/airflow/example_dags/example_branch_labels.py for tasks to queue
[2023-05-06T00:17:31.542+0000] {logging_mixin.py:137} INFO - [2023-05-06T00:17:31.542+0000] {dagbag.py:532} INFO - Filling up the DagBag from /home/airflow/.local/lib/python3.7/site-packages/airflow/example_dags/example_branch_labels.py
[2023-05-06T00:17:31.566+0000] {processor.py:753} INFO - DAG(s) dict_keys(['example_branch_labels']) retrieved from /home/airflow/.local/lib/python3.7/site-packages/airflow/example_dags/example_branch_labels.py
[2023-05-06T00:17:31.616+0000] {logging_mixin.py:137} INFO - [2023-05-06T00:17:31.615+0000] {dag.py:2705} INFO - Sync 1 DAGs
[2023-05-06T00:17:31.658+0000] {logging_mixin.py:137} INFO - [2023-05-06T00:17:31.658+0000] {dag.py:3456} INFO - Setting next_dagrun for example_branch_labels to 2023-05-05T00:00:00+00:00, run_after=2023-05-06T00:00:00+00:00
[2023-05-06T00:17:31.686+0000] {processor.py:175} INFO - Processing /home/airflow/.local/lib/python3.7/site-packages/airflow/example_dags/example_branch_labels.py took 0.155 seconds
[2023-05-06T00:20:40.835+0000] {processor.py:153} INFO - Started process (PID=4396) to work on /home/airflow/.local/lib/python3.7/site-packages/airflow/example_dags/example_branch_labels.py
[2023-05-06T00:20:40.837+0000] {processor.py:743} INFO - Processing file /home/airflow/.local/lib/python3.7/site-packages/airflow/example_dags/example_branch_labels.py for tasks to queue
[2023-05-06T00:20:40.839+0000] {logging_mixin.py:137} INFO - [2023-05-06T00:20:40.839+0000] {dagbag.py:532} INFO - Filling up the DagBag from /home/airflow/.local/lib/python3.7/site-packages/airflow/example_dags/example_branch_labels.py
[2023-05-06T00:20:40.866+0000] {processor.py:753} INFO - DAG(s) dict_keys(['example_branch_labels']) retrieved from /home/airflow/.local/lib/python3.7/site-packages/airflow/example_dags/example_branch_labels.py
[2023-05-06T00:20:40.908+0000] {logging_mixin.py:137} INFO - [2023-05-06T00:20:40.908+0000] {dag.py:2705} INFO - Sync 1 DAGs
[2023-05-06T00:20:40.947+0000] {logging_mixin.py:137} INFO - [2023-05-06T00:20:40.947+0000] {dag.py:3456} INFO - Setting next_dagrun for example_branch_labels to 2023-05-05T00:00:00+00:00, run_after=2023-05-06T00:00:00+00:00
[2023-05-06T00:20:40.981+0000] {processor.py:175} INFO - Processing /home/airflow/.local/lib/python3.7/site-packages/airflow/example_dags/example_branch_labels.py took 0.154 seconds
[2023-05-06T00:36:35.203+0000] {processor.py:153} INFO - Started process (PID=4456) to work on /home/airflow/.local/lib/python3.7/site-packages/airflow/example_dags/example_branch_labels.py
[2023-05-06T00:36:35.221+0000] {processor.py:743} INFO - Processing file /home/airflow/.local/lib/python3.7/site-packages/airflow/example_dags/example_branch_labels.py for tasks to queue
[2023-05-06T00:36:35.244+0000] {logging_mixin.py:137} INFO - [2023-05-06T00:36:35.238+0000] {dagbag.py:532} INFO - Filling up the DagBag from /home/airflow/.local/lib/python3.7/site-packages/airflow/example_dags/example_branch_labels.py
[2023-05-06T00:36:35.370+0000] {processor.py:753} INFO - DAG(s) dict_keys(['example_branch_labels']) retrieved from /home/airflow/.local/lib/python3.7/site-packages/airflow/example_dags/example_branch_labels.py
[2023-05-06T00:36:35.539+0000] {logging_mixin.py:137} INFO - [2023-05-06T00:36:35.538+0000] {dag.py:2705} INFO - Sync 1 DAGs
[2023-05-06T00:36:35.708+0000] {logging_mixin.py:137} INFO - [2023-05-06T00:36:35.707+0000] {dag.py:3456} INFO - Setting next_dagrun for example_branch_labels to 2023-05-05T00:00:00+00:00, run_after=2023-05-06T00:00:00+00:00
[2023-05-06T00:36:35.881+0000] {processor.py:175} INFO - Processing /home/airflow/.local/lib/python3.7/site-packages/airflow/example_dags/example_branch_labels.py took 0.697 seconds
[2023-05-06T00:37:57.931+0000] {processor.py:153} INFO - Started process (PID=4532) to work on /home/airflow/.local/lib/python3.7/site-packages/airflow/example_dags/example_branch_labels.py
[2023-05-06T00:37:57.959+0000] {processor.py:743} INFO - Processing file /home/airflow/.local/lib/python3.7/site-packages/airflow/example_dags/example_branch_labels.py for tasks to queue
[2023-05-06T00:37:58.033+0000] {logging_mixin.py:137} INFO - [2023-05-06T00:37:58.027+0000] {dagbag.py:532} INFO - Filling up the DagBag from /home/airflow/.local/lib/python3.7/site-packages/airflow/example_dags/example_branch_labels.py
[2023-05-06T00:37:58.392+0000] {processor.py:753} INFO - DAG(s) dict_keys(['example_branch_labels']) retrieved from /home/airflow/.local/lib/python3.7/site-packages/airflow/example_dags/example_branch_labels.py
[2023-05-06T00:37:58.589+0000] {logging_mixin.py:137} INFO - [2023-05-06T00:37:58.588+0000] {dag.py:2705} INFO - Sync 1 DAGs
[2023-05-06T00:37:58.780+0000] {logging_mixin.py:137} INFO - [2023-05-06T00:37:58.779+0000] {dag.py:3456} INFO - Setting next_dagrun for example_branch_labels to 2023-05-05T00:00:00+00:00, run_after=2023-05-06T00:00:00+00:00
[2023-05-06T00:37:58.959+0000] {processor.py:175} INFO - Processing /home/airflow/.local/lib/python3.7/site-packages/airflow/example_dags/example_branch_labels.py took 1.143 seconds
[2023-05-06T00:38:59.635+0000] {processor.py:153} INFO - Started process (PID=4602) to work on /home/airflow/.local/lib/python3.7/site-packages/airflow/example_dags/example_branch_labels.py
[2023-05-06T00:38:59.651+0000] {processor.py:743} INFO - Processing file /home/airflow/.local/lib/python3.7/site-packages/airflow/example_dags/example_branch_labels.py for tasks to queue
[2023-05-06T00:38:59.672+0000] {logging_mixin.py:137} INFO - [2023-05-06T00:38:59.663+0000] {dagbag.py:532} INFO - Filling up the DagBag from /home/airflow/.local/lib/python3.7/site-packages/airflow/example_dags/example_branch_labels.py
[2023-05-06T00:38:59.953+0000] {processor.py:753} INFO - DAG(s) dict_keys(['example_branch_labels']) retrieved from /home/airflow/.local/lib/python3.7/site-packages/airflow/example_dags/example_branch_labels.py
[2023-05-06T00:39:00.678+0000] {logging_mixin.py:137} INFO - [2023-05-06T00:39:00.677+0000] {dag.py:2705} INFO - Sync 1 DAGs
[2023-05-06T00:39:01.326+0000] {logging_mixin.py:137} INFO - [2023-05-06T00:39:01.325+0000] {dag.py:3456} INFO - Setting next_dagrun for example_branch_labels to 2023-05-05T00:00:00+00:00, run_after=2023-05-06T00:00:00+00:00
[2023-05-06T00:39:01.936+0000] {processor.py:175} INFO - Processing /home/airflow/.local/lib/python3.7/site-packages/airflow/example_dags/example_branch_labels.py took 2.412 seconds
[2023-05-06T00:54:51.183+0000] {processor.py:153} INFO - Started process (PID=4655) to work on /home/airflow/.local/lib/python3.7/site-packages/airflow/example_dags/example_branch_labels.py
[2023-05-06T00:54:51.200+0000] {processor.py:743} INFO - Processing file /home/airflow/.local/lib/python3.7/site-packages/airflow/example_dags/example_branch_labels.py for tasks to queue
[2023-05-06T00:54:51.220+0000] {logging_mixin.py:137} INFO - [2023-05-06T00:54:51.220+0000] {dagbag.py:532} INFO - Filling up the DagBag from /home/airflow/.local/lib/python3.7/site-packages/airflow/example_dags/example_branch_labels.py
[2023-05-06T00:54:51.348+0000] {processor.py:753} INFO - DAG(s) dict_keys(['example_branch_labels']) retrieved from /home/airflow/.local/lib/python3.7/site-packages/airflow/example_dags/example_branch_labels.py
[2023-05-06T00:54:51.526+0000] {logging_mixin.py:137} INFO - [2023-05-06T00:54:51.525+0000] {dag.py:2705} INFO - Sync 1 DAGs
[2023-05-06T00:54:51.683+0000] {logging_mixin.py:137} INFO - [2023-05-06T00:54:51.682+0000] {dag.py:3456} INFO - Setting next_dagrun for example_branch_labels to 2023-05-05T00:00:00+00:00, run_after=2023-05-06T00:00:00+00:00
[2023-05-06T00:54:51.816+0000] {processor.py:175} INFO - Processing /home/airflow/.local/lib/python3.7/site-packages/airflow/example_dags/example_branch_labels.py took 0.664 seconds
[2023-05-06T02:03:44.187+0000] {processor.py:153} INFO - Started process (PID=4713) to work on /home/airflow/.local/lib/python3.7/site-packages/airflow/example_dags/example_branch_labels.py
[2023-05-06T02:03:44.192+0000] {processor.py:743} INFO - Processing file /home/airflow/.local/lib/python3.7/site-packages/airflow/example_dags/example_branch_labels.py for tasks to queue
[2023-05-06T02:03:44.199+0000] {logging_mixin.py:137} INFO - [2023-05-06T02:03:44.199+0000] {dagbag.py:532} INFO - Filling up the DagBag from /home/airflow/.local/lib/python3.7/site-packages/airflow/example_dags/example_branch_labels.py
[2023-05-06T02:03:44.243+0000] {processor.py:753} INFO - DAG(s) dict_keys(['example_branch_labels']) retrieved from /home/airflow/.local/lib/python3.7/site-packages/airflow/example_dags/example_branch_labels.py
[2023-05-06T02:03:44.327+0000] {logging_mixin.py:137} INFO - [2023-05-06T02:03:44.326+0000] {dag.py:2705} INFO - Sync 1 DAGs
[2023-05-06T02:03:44.423+0000] {logging_mixin.py:137} INFO - [2023-05-06T02:03:44.422+0000] {dag.py:3456} INFO - Setting next_dagrun for example_branch_labels to 2023-05-05T00:00:00+00:00, run_after=2023-05-06T00:00:00+00:00
[2023-05-06T02:03:44.576+0000] {processor.py:175} INFO - Processing /home/airflow/.local/lib/python3.7/site-packages/airflow/example_dags/example_branch_labels.py took 0.400 seconds
[2023-05-06T02:04:16.696+0000] {processor.py:153} INFO - Started process (PID=4765) to work on /home/airflow/.local/lib/python3.7/site-packages/airflow/example_dags/example_branch_labels.py
[2023-05-06T02:04:16.698+0000] {processor.py:743} INFO - Processing file /home/airflow/.local/lib/python3.7/site-packages/airflow/example_dags/example_branch_labels.py for tasks to queue
[2023-05-06T02:04:16.702+0000] {logging_mixin.py:137} INFO - [2023-05-06T02:04:16.701+0000] {dagbag.py:532} INFO - Filling up the DagBag from /home/airflow/.local/lib/python3.7/site-packages/airflow/example_dags/example_branch_labels.py
[2023-05-06T02:04:16.727+0000] {processor.py:753} INFO - DAG(s) dict_keys(['example_branch_labels']) retrieved from /home/airflow/.local/lib/python3.7/site-packages/airflow/example_dags/example_branch_labels.py
[2023-05-06T02:04:16.779+0000] {logging_mixin.py:137} INFO - [2023-05-06T02:04:16.779+0000] {dag.py:2705} INFO - Sync 1 DAGs
[2023-05-06T02:04:16.826+0000] {logging_mixin.py:137} INFO - [2023-05-06T02:04:16.826+0000] {dag.py:3456} INFO - Setting next_dagrun for example_branch_labels to 2023-05-05T00:00:00+00:00, run_after=2023-05-06T00:00:00+00:00
[2023-05-06T02:04:16.857+0000] {processor.py:175} INFO - Processing /home/airflow/.local/lib/python3.7/site-packages/airflow/example_dags/example_branch_labels.py took 0.170 seconds
[2023-05-06T02:04:52.288+0000] {processor.py:153} INFO - Started process (PID=4817) to work on /home/airflow/.local/lib/python3.7/site-packages/airflow/example_dags/example_branch_labels.py
[2023-05-06T02:04:52.297+0000] {processor.py:743} INFO - Processing file /home/airflow/.local/lib/python3.7/site-packages/airflow/example_dags/example_branch_labels.py for tasks to queue
[2023-05-06T02:04:52.304+0000] {logging_mixin.py:137} INFO - [2023-05-06T02:04:52.303+0000] {dagbag.py:532} INFO - Filling up the DagBag from /home/airflow/.local/lib/python3.7/site-packages/airflow/example_dags/example_branch_labels.py
[2023-05-06T02:04:52.365+0000] {processor.py:753} INFO - DAG(s) dict_keys(['example_branch_labels']) retrieved from /home/airflow/.local/lib/python3.7/site-packages/airflow/example_dags/example_branch_labels.py
[2023-05-06T02:04:52.443+0000] {logging_mixin.py:137} INFO - [2023-05-06T02:04:52.443+0000] {dag.py:2705} INFO - Sync 1 DAGs
[2023-05-06T02:04:52.557+0000] {logging_mixin.py:137} INFO - [2023-05-06T02:04:52.557+0000] {dag.py:3456} INFO - Setting next_dagrun for example_branch_labels to 2023-05-05T00:00:00+00:00, run_after=2023-05-06T00:00:00+00:00
[2023-05-06T02:04:52.656+0000] {processor.py:175} INFO - Processing /home/airflow/.local/lib/python3.7/site-packages/airflow/example_dags/example_branch_labels.py took 0.384 seconds
[2023-05-06T02:05:23.014+0000] {processor.py:153} INFO - Started process (PID=4869) to work on /home/airflow/.local/lib/python3.7/site-packages/airflow/example_dags/example_branch_labels.py
[2023-05-06T02:05:23.018+0000] {processor.py:743} INFO - Processing file /home/airflow/.local/lib/python3.7/site-packages/airflow/example_dags/example_branch_labels.py for tasks to queue
[2023-05-06T02:05:23.023+0000] {logging_mixin.py:137} INFO - [2023-05-06T02:05:23.022+0000] {dagbag.py:532} INFO - Filling up the DagBag from /home/airflow/.local/lib/python3.7/site-packages/airflow/example_dags/example_branch_labels.py
[2023-05-06T02:05:23.082+0000] {processor.py:753} INFO - DAG(s) dict_keys(['example_branch_labels']) retrieved from /home/airflow/.local/lib/python3.7/site-packages/airflow/example_dags/example_branch_labels.py
[2023-05-06T02:05:23.180+0000] {logging_mixin.py:137} INFO - [2023-05-06T02:05:23.180+0000] {dag.py:2705} INFO - Sync 1 DAGs
[2023-05-06T02:05:23.322+0000] {logging_mixin.py:137} INFO - [2023-05-06T02:05:23.322+0000] {dag.py:3456} INFO - Setting next_dagrun for example_branch_labels to 2023-05-05T00:00:00+00:00, run_after=2023-05-06T00:00:00+00:00
[2023-05-06T02:05:23.452+0000] {processor.py:175} INFO - Processing /home/airflow/.local/lib/python3.7/site-packages/airflow/example_dags/example_branch_labels.py took 0.451 seconds
[2023-05-06T02:05:54.345+0000] {processor.py:153} INFO - Started process (PID=4921) to work on /home/airflow/.local/lib/python3.7/site-packages/airflow/example_dags/example_branch_labels.py
[2023-05-06T02:05:54.348+0000] {processor.py:743} INFO - Processing file /home/airflow/.local/lib/python3.7/site-packages/airflow/example_dags/example_branch_labels.py for tasks to queue
[2023-05-06T02:05:54.351+0000] {logging_mixin.py:137} INFO - [2023-05-06T02:05:54.350+0000] {dagbag.py:532} INFO - Filling up the DagBag from /home/airflow/.local/lib/python3.7/site-packages/airflow/example_dags/example_branch_labels.py
[2023-05-06T02:05:54.386+0000] {processor.py:753} INFO - DAG(s) dict_keys(['example_branch_labels']) retrieved from /home/airflow/.local/lib/python3.7/site-packages/airflow/example_dags/example_branch_labels.py
[2023-05-06T02:05:54.500+0000] {logging_mixin.py:137} INFO - [2023-05-06T02:05:54.500+0000] {dag.py:2705} INFO - Sync 1 DAGs
[2023-05-06T02:05:54.585+0000] {logging_mixin.py:137} INFO - [2023-05-06T02:05:54.583+0000] {dag.py:3456} INFO - Setting next_dagrun for example_branch_labels to 2023-05-05T00:00:00+00:00, run_after=2023-05-06T00:00:00+00:00
[2023-05-06T02:05:54.659+0000] {processor.py:175} INFO - Processing /home/airflow/.local/lib/python3.7/site-packages/airflow/example_dags/example_branch_labels.py took 0.324 seconds
[2023-05-06T02:06:25.369+0000] {processor.py:153} INFO - Started process (PID=4973) to work on /home/airflow/.local/lib/python3.7/site-packages/airflow/example_dags/example_branch_labels.py
[2023-05-06T02:06:25.381+0000] {processor.py:743} INFO - Processing file /home/airflow/.local/lib/python3.7/site-packages/airflow/example_dags/example_branch_labels.py for tasks to queue
[2023-05-06T02:06:25.394+0000] {logging_mixin.py:137} INFO - [2023-05-06T02:06:25.393+0000] {dagbag.py:532} INFO - Filling up the DagBag from /home/airflow/.local/lib/python3.7/site-packages/airflow/example_dags/example_branch_labels.py
[2023-05-06T02:06:25.430+0000] {processor.py:753} INFO - DAG(s) dict_keys(['example_branch_labels']) retrieved from /home/airflow/.local/lib/python3.7/site-packages/airflow/example_dags/example_branch_labels.py
[2023-05-06T02:06:25.487+0000] {logging_mixin.py:137} INFO - [2023-05-06T02:06:25.487+0000] {dag.py:2705} INFO - Sync 1 DAGs
[2023-05-06T02:06:25.531+0000] {logging_mixin.py:137} INFO - [2023-05-06T02:06:25.531+0000] {dag.py:3456} INFO - Setting next_dagrun for example_branch_labels to 2023-05-05T00:00:00+00:00, run_after=2023-05-06T00:00:00+00:00
[2023-05-06T02:06:25.565+0000] {processor.py:175} INFO - Processing /home/airflow/.local/lib/python3.7/site-packages/airflow/example_dags/example_branch_labels.py took 0.219 seconds
[2023-05-06T02:06:56.079+0000] {processor.py:153} INFO - Started process (PID=5025) to work on /home/airflow/.local/lib/python3.7/site-packages/airflow/example_dags/example_branch_labels.py
[2023-05-06T02:06:56.088+0000] {processor.py:743} INFO - Processing file /home/airflow/.local/lib/python3.7/site-packages/airflow/example_dags/example_branch_labels.py for tasks to queue
[2023-05-06T02:06:56.092+0000] {logging_mixin.py:137} INFO - [2023-05-06T02:06:56.091+0000] {dagbag.py:532} INFO - Filling up the DagBag from /home/airflow/.local/lib/python3.7/site-packages/airflow/example_dags/example_branch_labels.py
[2023-05-06T02:06:56.121+0000] {processor.py:753} INFO - DAG(s) dict_keys(['example_branch_labels']) retrieved from /home/airflow/.local/lib/python3.7/site-packages/airflow/example_dags/example_branch_labels.py
[2023-05-06T02:06:56.173+0000] {logging_mixin.py:137} INFO - [2023-05-06T02:06:56.173+0000] {dag.py:2705} INFO - Sync 1 DAGs
[2023-05-06T02:06:56.219+0000] {logging_mixin.py:137} INFO - [2023-05-06T02:06:56.219+0000] {dag.py:3456} INFO - Setting next_dagrun for example_branch_labels to 2023-05-05T00:00:00+00:00, run_after=2023-05-06T00:00:00+00:00
[2023-05-06T02:06:56.249+0000] {processor.py:175} INFO - Processing /home/airflow/.local/lib/python3.7/site-packages/airflow/example_dags/example_branch_labels.py took 0.179 seconds
[2023-05-06T02:07:26.723+0000] {processor.py:153} INFO - Started process (PID=5077) to work on /home/airflow/.local/lib/python3.7/site-packages/airflow/example_dags/example_branch_labels.py
[2023-05-06T02:07:26.726+0000] {processor.py:743} INFO - Processing file /home/airflow/.local/lib/python3.7/site-packages/airflow/example_dags/example_branch_labels.py for tasks to queue
[2023-05-06T02:07:26.729+0000] {logging_mixin.py:137} INFO - [2023-05-06T02:07:26.729+0000] {dagbag.py:532} INFO - Filling up the DagBag from /home/airflow/.local/lib/python3.7/site-packages/airflow/example_dags/example_branch_labels.py
[2023-05-06T02:07:26.761+0000] {processor.py:753} INFO - DAG(s) dict_keys(['example_branch_labels']) retrieved from /home/airflow/.local/lib/python3.7/site-packages/airflow/example_dags/example_branch_labels.py
[2023-05-06T02:07:26.813+0000] {logging_mixin.py:137} INFO - [2023-05-06T02:07:26.813+0000] {dag.py:2705} INFO - Sync 1 DAGs
[2023-05-06T02:07:26.869+0000] {logging_mixin.py:137} INFO - [2023-05-06T02:07:26.868+0000] {dag.py:3456} INFO - Setting next_dagrun for example_branch_labels to 2023-05-05T00:00:00+00:00, run_after=2023-05-06T00:00:00+00:00
[2023-05-06T02:07:26.906+0000] {processor.py:175} INFO - Processing /home/airflow/.local/lib/python3.7/site-packages/airflow/example_dags/example_branch_labels.py took 0.191 seconds
[2023-05-06T02:07:57.512+0000] {processor.py:153} INFO - Started process (PID=5128) to work on /home/airflow/.local/lib/python3.7/site-packages/airflow/example_dags/example_branch_labels.py
[2023-05-06T02:07:57.517+0000] {processor.py:743} INFO - Processing file /home/airflow/.local/lib/python3.7/site-packages/airflow/example_dags/example_branch_labels.py for tasks to queue
[2023-05-06T02:07:57.520+0000] {logging_mixin.py:137} INFO - [2023-05-06T02:07:57.519+0000] {dagbag.py:532} INFO - Filling up the DagBag from /home/airflow/.local/lib/python3.7/site-packages/airflow/example_dags/example_branch_labels.py
[2023-05-06T02:07:57.557+0000] {processor.py:753} INFO - DAG(s) dict_keys(['example_branch_labels']) retrieved from /home/airflow/.local/lib/python3.7/site-packages/airflow/example_dags/example_branch_labels.py
[2023-05-06T02:07:57.607+0000] {logging_mixin.py:137} INFO - [2023-05-06T02:07:57.607+0000] {dag.py:2705} INFO - Sync 1 DAGs
[2023-05-06T02:07:57.651+0000] {logging_mixin.py:137} INFO - [2023-05-06T02:07:57.651+0000] {dag.py:3456} INFO - Setting next_dagrun for example_branch_labels to 2023-05-05T00:00:00+00:00, run_after=2023-05-06T00:00:00+00:00
[2023-05-06T02:07:57.681+0000] {processor.py:175} INFO - Processing /home/airflow/.local/lib/python3.7/site-packages/airflow/example_dags/example_branch_labels.py took 0.178 seconds
[2023-05-06T02:08:28.473+0000] {processor.py:153} INFO - Started process (PID=5179) to work on /home/airflow/.local/lib/python3.7/site-packages/airflow/example_dags/example_branch_labels.py
[2023-05-06T02:08:28.476+0000] {processor.py:743} INFO - Processing file /home/airflow/.local/lib/python3.7/site-packages/airflow/example_dags/example_branch_labels.py for tasks to queue
[2023-05-06T02:08:28.478+0000] {logging_mixin.py:137} INFO - [2023-05-06T02:08:28.478+0000] {dagbag.py:532} INFO - Filling up the DagBag from /home/airflow/.local/lib/python3.7/site-packages/airflow/example_dags/example_branch_labels.py
[2023-05-06T02:08:28.529+0000] {processor.py:753} INFO - DAG(s) dict_keys(['example_branch_labels']) retrieved from /home/airflow/.local/lib/python3.7/site-packages/airflow/example_dags/example_branch_labels.py
[2023-05-06T02:08:28.613+0000] {logging_mixin.py:137} INFO - [2023-05-06T02:08:28.613+0000] {dag.py:2705} INFO - Sync 1 DAGs
[2023-05-06T02:08:28.658+0000] {logging_mixin.py:137} INFO - [2023-05-06T02:08:28.657+0000] {dag.py:3456} INFO - Setting next_dagrun for example_branch_labels to 2023-05-05T00:00:00+00:00, run_after=2023-05-06T00:00:00+00:00
[2023-05-06T02:08:28.713+0000] {processor.py:175} INFO - Processing /home/airflow/.local/lib/python3.7/site-packages/airflow/example_dags/example_branch_labels.py took 0.262 seconds
[2023-05-06T02:08:59.740+0000] {processor.py:153} INFO - Started process (PID=5231) to work on /home/airflow/.local/lib/python3.7/site-packages/airflow/example_dags/example_branch_labels.py
[2023-05-06T02:08:59.743+0000] {processor.py:743} INFO - Processing file /home/airflow/.local/lib/python3.7/site-packages/airflow/example_dags/example_branch_labels.py for tasks to queue
[2023-05-06T02:08:59.746+0000] {logging_mixin.py:137} INFO - [2023-05-06T02:08:59.745+0000] {dagbag.py:532} INFO - Filling up the DagBag from /home/airflow/.local/lib/python3.7/site-packages/airflow/example_dags/example_branch_labels.py
[2023-05-06T02:08:59.776+0000] {processor.py:753} INFO - DAG(s) dict_keys(['example_branch_labels']) retrieved from /home/airflow/.local/lib/python3.7/site-packages/airflow/example_dags/example_branch_labels.py
[2023-05-06T02:08:59.826+0000] {logging_mixin.py:137} INFO - [2023-05-06T02:08:59.826+0000] {dag.py:2705} INFO - Sync 1 DAGs
[2023-05-06T02:08:59.875+0000] {logging_mixin.py:137} INFO - [2023-05-06T02:08:59.874+0000] {dag.py:3456} INFO - Setting next_dagrun for example_branch_labels to 2023-05-05T00:00:00+00:00, run_after=2023-05-06T00:00:00+00:00
[2023-05-06T02:08:59.929+0000] {processor.py:175} INFO - Processing /home/airflow/.local/lib/python3.7/site-packages/airflow/example_dags/example_branch_labels.py took 0.199 seconds
[2023-05-06T02:09:30.258+0000] {processor.py:153} INFO - Started process (PID=5283) to work on /home/airflow/.local/lib/python3.7/site-packages/airflow/example_dags/example_branch_labels.py
[2023-05-06T02:09:30.262+0000] {processor.py:743} INFO - Processing file /home/airflow/.local/lib/python3.7/site-packages/airflow/example_dags/example_branch_labels.py for tasks to queue
[2023-05-06T02:09:30.265+0000] {logging_mixin.py:137} INFO - [2023-05-06T02:09:30.265+0000] {dagbag.py:532} INFO - Filling up the DagBag from /home/airflow/.local/lib/python3.7/site-packages/airflow/example_dags/example_branch_labels.py
[2023-05-06T02:09:30.296+0000] {processor.py:753} INFO - DAG(s) dict_keys(['example_branch_labels']) retrieved from /home/airflow/.local/lib/python3.7/site-packages/airflow/example_dags/example_branch_labels.py
[2023-05-06T02:09:30.347+0000] {logging_mixin.py:137} INFO - [2023-05-06T02:09:30.346+0000] {dag.py:2705} INFO - Sync 1 DAGs
[2023-05-06T02:09:30.390+0000] {logging_mixin.py:137} INFO - [2023-05-06T02:09:30.390+0000] {dag.py:3456} INFO - Setting next_dagrun for example_branch_labels to 2023-05-05T00:00:00+00:00, run_after=2023-05-06T00:00:00+00:00
[2023-05-06T02:09:30.431+0000] {processor.py:175} INFO - Processing /home/airflow/.local/lib/python3.7/site-packages/airflow/example_dags/example_branch_labels.py took 0.184 seconds
[2023-05-06T02:10:00.879+0000] {processor.py:153} INFO - Started process (PID=5336) to work on /home/airflow/.local/lib/python3.7/site-packages/airflow/example_dags/example_branch_labels.py
[2023-05-06T02:10:00.881+0000] {processor.py:743} INFO - Processing file /home/airflow/.local/lib/python3.7/site-packages/airflow/example_dags/example_branch_labels.py for tasks to queue
[2023-05-06T02:10:00.884+0000] {logging_mixin.py:137} INFO - [2023-05-06T02:10:00.883+0000] {dagbag.py:532} INFO - Filling up the DagBag from /home/airflow/.local/lib/python3.7/site-packages/airflow/example_dags/example_branch_labels.py
[2023-05-06T02:10:00.912+0000] {processor.py:753} INFO - DAG(s) dict_keys(['example_branch_labels']) retrieved from /home/airflow/.local/lib/python3.7/site-packages/airflow/example_dags/example_branch_labels.py
[2023-05-06T02:10:00.984+0000] {logging_mixin.py:137} INFO - [2023-05-06T02:10:00.984+0000] {dag.py:2705} INFO - Sync 1 DAGs
[2023-05-06T02:10:01.029+0000] {logging_mixin.py:137} INFO - [2023-05-06T02:10:01.029+0000] {dag.py:3456} INFO - Setting next_dagrun for example_branch_labels to 2023-05-05T00:00:00+00:00, run_after=2023-05-06T00:00:00+00:00
[2023-05-06T02:10:01.062+0000] {processor.py:175} INFO - Processing /home/airflow/.local/lib/python3.7/site-packages/airflow/example_dags/example_branch_labels.py took 0.191 seconds
[2023-05-06T02:10:31.709+0000] {processor.py:153} INFO - Started process (PID=5387) to work on /home/airflow/.local/lib/python3.7/site-packages/airflow/example_dags/example_branch_labels.py
[2023-05-06T02:10:31.712+0000] {processor.py:743} INFO - Processing file /home/airflow/.local/lib/python3.7/site-packages/airflow/example_dags/example_branch_labels.py for tasks to queue
[2023-05-06T02:10:31.715+0000] {logging_mixin.py:137} INFO - [2023-05-06T02:10:31.715+0000] {dagbag.py:532} INFO - Filling up the DagBag from /home/airflow/.local/lib/python3.7/site-packages/airflow/example_dags/example_branch_labels.py
[2023-05-06T02:10:31.748+0000] {processor.py:753} INFO - DAG(s) dict_keys(['example_branch_labels']) retrieved from /home/airflow/.local/lib/python3.7/site-packages/airflow/example_dags/example_branch_labels.py
[2023-05-06T02:10:31.795+0000] {logging_mixin.py:137} INFO - [2023-05-06T02:10:31.794+0000] {dag.py:2705} INFO - Sync 1 DAGs
[2023-05-06T02:10:31.838+0000] {logging_mixin.py:137} INFO - [2023-05-06T02:10:31.838+0000] {dag.py:3456} INFO - Setting next_dagrun for example_branch_labels to 2023-05-05T00:00:00+00:00, run_after=2023-05-06T00:00:00+00:00
[2023-05-06T02:10:31.881+0000] {processor.py:175} INFO - Processing /home/airflow/.local/lib/python3.7/site-packages/airflow/example_dags/example_branch_labels.py took 0.186 seconds
[2023-05-06T02:11:02.254+0000] {processor.py:153} INFO - Started process (PID=5439) to work on /home/airflow/.local/lib/python3.7/site-packages/airflow/example_dags/example_branch_labels.py
[2023-05-06T02:11:02.258+0000] {processor.py:743} INFO - Processing file /home/airflow/.local/lib/python3.7/site-packages/airflow/example_dags/example_branch_labels.py for tasks to queue
[2023-05-06T02:11:02.262+0000] {logging_mixin.py:137} INFO - [2023-05-06T02:11:02.262+0000] {dagbag.py:532} INFO - Filling up the DagBag from /home/airflow/.local/lib/python3.7/site-packages/airflow/example_dags/example_branch_labels.py
[2023-05-06T02:11:02.295+0000] {processor.py:753} INFO - DAG(s) dict_keys(['example_branch_labels']) retrieved from /home/airflow/.local/lib/python3.7/site-packages/airflow/example_dags/example_branch_labels.py
[2023-05-06T02:11:02.358+0000] {logging_mixin.py:137} INFO - [2023-05-06T02:11:02.357+0000] {dag.py:2705} INFO - Sync 1 DAGs
[2023-05-06T02:11:02.410+0000] {logging_mixin.py:137} INFO - [2023-05-06T02:11:02.410+0000] {dag.py:3456} INFO - Setting next_dagrun for example_branch_labels to 2023-05-05T00:00:00+00:00, run_after=2023-05-06T00:00:00+00:00
[2023-05-06T02:11:02.438+0000] {processor.py:175} INFO - Processing /home/airflow/.local/lib/python3.7/site-packages/airflow/example_dags/example_branch_labels.py took 0.191 seconds
[2023-05-06T02:11:33.359+0000] {processor.py:153} INFO - Started process (PID=5491) to work on /home/airflow/.local/lib/python3.7/site-packages/airflow/example_dags/example_branch_labels.py
[2023-05-06T02:11:33.367+0000] {processor.py:743} INFO - Processing file /home/airflow/.local/lib/python3.7/site-packages/airflow/example_dags/example_branch_labels.py for tasks to queue
[2023-05-06T02:11:33.370+0000] {logging_mixin.py:137} INFO - [2023-05-06T02:11:33.370+0000] {dagbag.py:532} INFO - Filling up the DagBag from /home/airflow/.local/lib/python3.7/site-packages/airflow/example_dags/example_branch_labels.py
[2023-05-06T02:11:33.428+0000] {processor.py:753} INFO - DAG(s) dict_keys(['example_branch_labels']) retrieved from /home/airflow/.local/lib/python3.7/site-packages/airflow/example_dags/example_branch_labels.py
[2023-05-06T02:11:33.524+0000] {logging_mixin.py:137} INFO - [2023-05-06T02:11:33.524+0000] {dag.py:2705} INFO - Sync 1 DAGs
[2023-05-06T02:11:33.609+0000] {logging_mixin.py:137} INFO - [2023-05-06T02:11:33.609+0000] {dag.py:3456} INFO - Setting next_dagrun for example_branch_labels to 2023-05-05T00:00:00+00:00, run_after=2023-05-06T00:00:00+00:00
[2023-05-06T02:11:33.657+0000] {processor.py:175} INFO - Processing /home/airflow/.local/lib/python3.7/site-packages/airflow/example_dags/example_branch_labels.py took 0.321 seconds
[2023-05-06T02:12:04.480+0000] {processor.py:153} INFO - Started process (PID=5543) to work on /home/airflow/.local/lib/python3.7/site-packages/airflow/example_dags/example_branch_labels.py
[2023-05-06T02:12:04.483+0000] {processor.py:743} INFO - Processing file /home/airflow/.local/lib/python3.7/site-packages/airflow/example_dags/example_branch_labels.py for tasks to queue
[2023-05-06T02:12:04.485+0000] {logging_mixin.py:137} INFO - [2023-05-06T02:12:04.485+0000] {dagbag.py:532} INFO - Filling up the DagBag from /home/airflow/.local/lib/python3.7/site-packages/airflow/example_dags/example_branch_labels.py
[2023-05-06T02:12:04.510+0000] {processor.py:753} INFO - DAG(s) dict_keys(['example_branch_labels']) retrieved from /home/airflow/.local/lib/python3.7/site-packages/airflow/example_dags/example_branch_labels.py
[2023-05-06T02:12:04.568+0000] {logging_mixin.py:137} INFO - [2023-05-06T02:12:04.568+0000] {dag.py:2705} INFO - Sync 1 DAGs
[2023-05-06T02:12:04.612+0000] {logging_mixin.py:137} INFO - [2023-05-06T02:12:04.611+0000] {dag.py:3456} INFO - Setting next_dagrun for example_branch_labels to 2023-05-05T00:00:00+00:00, run_after=2023-05-06T00:00:00+00:00
[2023-05-06T02:12:04.657+0000] {processor.py:175} INFO - Processing /home/airflow/.local/lib/python3.7/site-packages/airflow/example_dags/example_branch_labels.py took 0.186 seconds
[2023-05-06T02:12:34.770+0000] {processor.py:153} INFO - Started process (PID=5594) to work on /home/airflow/.local/lib/python3.7/site-packages/airflow/example_dags/example_branch_labels.py
[2023-05-06T02:12:34.772+0000] {processor.py:743} INFO - Processing file /home/airflow/.local/lib/python3.7/site-packages/airflow/example_dags/example_branch_labels.py for tasks to queue
[2023-05-06T02:12:34.776+0000] {logging_mixin.py:137} INFO - [2023-05-06T02:12:34.776+0000] {dagbag.py:532} INFO - Filling up the DagBag from /home/airflow/.local/lib/python3.7/site-packages/airflow/example_dags/example_branch_labels.py
[2023-05-06T02:12:34.807+0000] {processor.py:753} INFO - DAG(s) dict_keys(['example_branch_labels']) retrieved from /home/airflow/.local/lib/python3.7/site-packages/airflow/example_dags/example_branch_labels.py
[2023-05-06T02:12:34.862+0000] {logging_mixin.py:137} INFO - [2023-05-06T02:12:34.861+0000] {dag.py:2705} INFO - Sync 1 DAGs
[2023-05-06T02:12:34.905+0000] {logging_mixin.py:137} INFO - [2023-05-06T02:12:34.905+0000] {dag.py:3456} INFO - Setting next_dagrun for example_branch_labels to 2023-05-05T00:00:00+00:00, run_after=2023-05-06T00:00:00+00:00
[2023-05-06T02:12:34.939+0000] {processor.py:175} INFO - Processing /home/airflow/.local/lib/python3.7/site-packages/airflow/example_dags/example_branch_labels.py took 0.179 seconds
[2023-05-06T02:13:06.438+0000] {processor.py:153} INFO - Started process (PID=5646) to work on /home/airflow/.local/lib/python3.7/site-packages/airflow/example_dags/example_branch_labels.py
[2023-05-06T02:13:06.444+0000] {processor.py:743} INFO - Processing file /home/airflow/.local/lib/python3.7/site-packages/airflow/example_dags/example_branch_labels.py for tasks to queue
[2023-05-06T02:13:06.454+0000] {logging_mixin.py:137} INFO - [2023-05-06T02:13:06.453+0000] {dagbag.py:532} INFO - Filling up the DagBag from /home/airflow/.local/lib/python3.7/site-packages/airflow/example_dags/example_branch_labels.py
[2023-05-06T02:13:06.529+0000] {processor.py:753} INFO - DAG(s) dict_keys(['example_branch_labels']) retrieved from /home/airflow/.local/lib/python3.7/site-packages/airflow/example_dags/example_branch_labels.py
[2023-05-06T02:13:06.602+0000] {logging_mixin.py:137} INFO - [2023-05-06T02:13:06.602+0000] {dag.py:2705} INFO - Sync 1 DAGs
[2023-05-06T02:13:06.670+0000] {logging_mixin.py:137} INFO - [2023-05-06T02:13:06.669+0000] {dag.py:3456} INFO - Setting next_dagrun for example_branch_labels to 2023-05-05T00:00:00+00:00, run_after=2023-05-06T00:00:00+00:00
[2023-05-06T02:13:06.727+0000] {processor.py:175} INFO - Processing /home/airflow/.local/lib/python3.7/site-packages/airflow/example_dags/example_branch_labels.py took 0.308 seconds
[2023-05-06T02:13:37.598+0000] {processor.py:153} INFO - Started process (PID=5698) to work on /home/airflow/.local/lib/python3.7/site-packages/airflow/example_dags/example_branch_labels.py
[2023-05-06T02:13:37.607+0000] {processor.py:743} INFO - Processing file /home/airflow/.local/lib/python3.7/site-packages/airflow/example_dags/example_branch_labels.py for tasks to queue
[2023-05-06T02:13:37.616+0000] {logging_mixin.py:137} INFO - [2023-05-06T02:13:37.614+0000] {dagbag.py:532} INFO - Filling up the DagBag from /home/airflow/.local/lib/python3.7/site-packages/airflow/example_dags/example_branch_labels.py
[2023-05-06T02:13:37.717+0000] {processor.py:753} INFO - DAG(s) dict_keys(['example_branch_labels']) retrieved from /home/airflow/.local/lib/python3.7/site-packages/airflow/example_dags/example_branch_labels.py
[2023-05-06T02:13:37.811+0000] {logging_mixin.py:137} INFO - [2023-05-06T02:13:37.811+0000] {dag.py:2705} INFO - Sync 1 DAGs
[2023-05-06T02:13:37.883+0000] {logging_mixin.py:137} INFO - [2023-05-06T02:13:37.883+0000] {dag.py:3456} INFO - Setting next_dagrun for example_branch_labels to 2023-05-05T00:00:00+00:00, run_after=2023-05-06T00:00:00+00:00
[2023-05-06T02:13:37.947+0000] {processor.py:175} INFO - Processing /home/airflow/.local/lib/python3.7/site-packages/airflow/example_dags/example_branch_labels.py took 0.388 seconds
[2023-05-06T02:14:08.659+0000] {processor.py:153} INFO - Started process (PID=5757) to work on /home/airflow/.local/lib/python3.7/site-packages/airflow/example_dags/example_branch_labels.py
[2023-05-06T02:14:08.661+0000] {processor.py:743} INFO - Processing file /home/airflow/.local/lib/python3.7/site-packages/airflow/example_dags/example_branch_labels.py for tasks to queue
[2023-05-06T02:14:08.664+0000] {logging_mixin.py:137} INFO - [2023-05-06T02:14:08.664+0000] {dagbag.py:532} INFO - Filling up the DagBag from /home/airflow/.local/lib/python3.7/site-packages/airflow/example_dags/example_branch_labels.py
[2023-05-06T02:14:08.689+0000] {processor.py:753} INFO - DAG(s) dict_keys(['example_branch_labels']) retrieved from /home/airflow/.local/lib/python3.7/site-packages/airflow/example_dags/example_branch_labels.py
[2023-05-06T02:14:08.734+0000] {logging_mixin.py:137} INFO - [2023-05-06T02:14:08.733+0000] {dag.py:2705} INFO - Sync 1 DAGs
[2023-05-06T02:14:08.773+0000] {logging_mixin.py:137} INFO - [2023-05-06T02:14:08.772+0000] {dag.py:3456} INFO - Setting next_dagrun for example_branch_labels to 2023-05-05T00:00:00+00:00, run_after=2023-05-06T00:00:00+00:00
[2023-05-06T02:14:08.800+0000] {processor.py:175} INFO - Processing /home/airflow/.local/lib/python3.7/site-packages/airflow/example_dags/example_branch_labels.py took 0.147 seconds
[2023-05-06T02:14:39.046+0000] {processor.py:153} INFO - Started process (PID=5809) to work on /home/airflow/.local/lib/python3.7/site-packages/airflow/example_dags/example_branch_labels.py
[2023-05-06T02:14:39.049+0000] {processor.py:743} INFO - Processing file /home/airflow/.local/lib/python3.7/site-packages/airflow/example_dags/example_branch_labels.py for tasks to queue
[2023-05-06T02:14:39.051+0000] {logging_mixin.py:137} INFO - [2023-05-06T02:14:39.050+0000] {dagbag.py:532} INFO - Filling up the DagBag from /home/airflow/.local/lib/python3.7/site-packages/airflow/example_dags/example_branch_labels.py
[2023-05-06T02:14:39.076+0000] {processor.py:753} INFO - DAG(s) dict_keys(['example_branch_labels']) retrieved from /home/airflow/.local/lib/python3.7/site-packages/airflow/example_dags/example_branch_labels.py
[2023-05-06T02:14:39.120+0000] {logging_mixin.py:137} INFO - [2023-05-06T02:14:39.119+0000] {dag.py:2705} INFO - Sync 1 DAGs
[2023-05-06T02:14:39.161+0000] {logging_mixin.py:137} INFO - [2023-05-06T02:14:39.161+0000] {dag.py:3456} INFO - Setting next_dagrun for example_branch_labels to 2023-05-05T00:00:00+00:00, run_after=2023-05-06T00:00:00+00:00
[2023-05-06T02:14:39.190+0000] {processor.py:175} INFO - Processing /home/airflow/.local/lib/python3.7/site-packages/airflow/example_dags/example_branch_labels.py took 0.150 seconds
[2023-05-06T02:15:10.282+0000] {processor.py:153} INFO - Started process (PID=5861) to work on /home/airflow/.local/lib/python3.7/site-packages/airflow/example_dags/example_branch_labels.py
[2023-05-06T02:15:10.285+0000] {processor.py:743} INFO - Processing file /home/airflow/.local/lib/python3.7/site-packages/airflow/example_dags/example_branch_labels.py for tasks to queue
[2023-05-06T02:15:10.289+0000] {logging_mixin.py:137} INFO - [2023-05-06T02:15:10.289+0000] {dagbag.py:532} INFO - Filling up the DagBag from /home/airflow/.local/lib/python3.7/site-packages/airflow/example_dags/example_branch_labels.py
[2023-05-06T02:15:10.328+0000] {processor.py:753} INFO - DAG(s) dict_keys(['example_branch_labels']) retrieved from /home/airflow/.local/lib/python3.7/site-packages/airflow/example_dags/example_branch_labels.py
[2023-05-06T02:15:10.422+0000] {logging_mixin.py:137} INFO - [2023-05-06T02:15:10.421+0000] {dag.py:2705} INFO - Sync 1 DAGs
[2023-05-06T02:15:10.468+0000] {logging_mixin.py:137} INFO - [2023-05-06T02:15:10.467+0000] {dag.py:3456} INFO - Setting next_dagrun for example_branch_labels to 2023-05-05T00:00:00+00:00, run_after=2023-05-06T00:00:00+00:00
[2023-05-06T02:15:10.515+0000] {processor.py:175} INFO - Processing /home/airflow/.local/lib/python3.7/site-packages/airflow/example_dags/example_branch_labels.py took 0.243 seconds
[2023-05-06T02:15:40.782+0000] {processor.py:153} INFO - Started process (PID=5913) to work on /home/airflow/.local/lib/python3.7/site-packages/airflow/example_dags/example_branch_labels.py
[2023-05-06T02:15:40.785+0000] {processor.py:743} INFO - Processing file /home/airflow/.local/lib/python3.7/site-packages/airflow/example_dags/example_branch_labels.py for tasks to queue
[2023-05-06T02:15:40.789+0000] {logging_mixin.py:137} INFO - [2023-05-06T02:15:40.789+0000] {dagbag.py:532} INFO - Filling up the DagBag from /home/airflow/.local/lib/python3.7/site-packages/airflow/example_dags/example_branch_labels.py
[2023-05-06T02:15:40.822+0000] {processor.py:753} INFO - DAG(s) dict_keys(['example_branch_labels']) retrieved from /home/airflow/.local/lib/python3.7/site-packages/airflow/example_dags/example_branch_labels.py
[2023-05-06T02:15:40.868+0000] {logging_mixin.py:137} INFO - [2023-05-06T02:15:40.866+0000] {dag.py:2705} INFO - Sync 1 DAGs
[2023-05-06T02:15:40.904+0000] {logging_mixin.py:137} INFO - [2023-05-06T02:15:40.904+0000] {dag.py:3456} INFO - Setting next_dagrun for example_branch_labels to 2023-05-05T00:00:00+00:00, run_after=2023-05-06T00:00:00+00:00
[2023-05-06T02:15:40.934+0000] {processor.py:175} INFO - Processing /home/airflow/.local/lib/python3.7/site-packages/airflow/example_dags/example_branch_labels.py took 0.157 seconds
[2023-05-06T02:16:11.394+0000] {processor.py:153} INFO - Started process (PID=5965) to work on /home/airflow/.local/lib/python3.7/site-packages/airflow/example_dags/example_branch_labels.py
[2023-05-06T02:16:11.396+0000] {processor.py:743} INFO - Processing file /home/airflow/.local/lib/python3.7/site-packages/airflow/example_dags/example_branch_labels.py for tasks to queue
[2023-05-06T02:16:11.400+0000] {logging_mixin.py:137} INFO - [2023-05-06T02:16:11.400+0000] {dagbag.py:532} INFO - Filling up the DagBag from /home/airflow/.local/lib/python3.7/site-packages/airflow/example_dags/example_branch_labels.py
[2023-05-06T02:16:11.431+0000] {processor.py:753} INFO - DAG(s) dict_keys(['example_branch_labels']) retrieved from /home/airflow/.local/lib/python3.7/site-packages/airflow/example_dags/example_branch_labels.py
[2023-05-06T02:16:11.489+0000] {logging_mixin.py:137} INFO - [2023-05-06T02:16:11.489+0000] {dag.py:2705} INFO - Sync 1 DAGs
[2023-05-06T02:16:11.540+0000] {logging_mixin.py:137} INFO - [2023-05-06T02:16:11.540+0000] {dag.py:3456} INFO - Setting next_dagrun for example_branch_labels to 2023-05-05T00:00:00+00:00, run_after=2023-05-06T00:00:00+00:00
[2023-05-06T02:16:11.574+0000] {processor.py:175} INFO - Processing /home/airflow/.local/lib/python3.7/site-packages/airflow/example_dags/example_branch_labels.py took 0.189 seconds
[2023-05-06T02:16:46.046+0000] {processor.py:153} INFO - Started process (PID=6017) to work on /home/airflow/.local/lib/python3.7/site-packages/airflow/example_dags/example_branch_labels.py
[2023-05-06T02:16:46.061+0000] {processor.py:743} INFO - Processing file /home/airflow/.local/lib/python3.7/site-packages/airflow/example_dags/example_branch_labels.py for tasks to queue
[2023-05-06T02:16:46.072+0000] {logging_mixin.py:137} INFO - [2023-05-06T02:16:46.069+0000] {dagbag.py:532} INFO - Filling up the DagBag from /home/airflow/.local/lib/python3.7/site-packages/airflow/example_dags/example_branch_labels.py
[2023-05-06T02:16:46.208+0000] {processor.py:753} INFO - DAG(s) dict_keys(['example_branch_labels']) retrieved from /home/airflow/.local/lib/python3.7/site-packages/airflow/example_dags/example_branch_labels.py
[2023-05-06T02:16:46.612+0000] {logging_mixin.py:137} INFO - [2023-05-06T02:16:46.612+0000] {dag.py:2705} INFO - Sync 1 DAGs
[2023-05-06T02:16:46.816+0000] {logging_mixin.py:137} INFO - [2023-05-06T02:16:46.815+0000] {dag.py:3456} INFO - Setting next_dagrun for example_branch_labels to 2023-05-05T00:00:00+00:00, run_after=2023-05-06T00:00:00+00:00
[2023-05-06T02:16:46.946+0000] {processor.py:175} INFO - Processing /home/airflow/.local/lib/python3.7/site-packages/airflow/example_dags/example_branch_labels.py took 0.916 seconds
[2023-05-06T02:17:21.302+0000] {processor.py:153} INFO - Started process (PID=6069) to work on /home/airflow/.local/lib/python3.7/site-packages/airflow/example_dags/example_branch_labels.py
[2023-05-06T02:17:21.344+0000] {processor.py:743} INFO - Processing file /home/airflow/.local/lib/python3.7/site-packages/airflow/example_dags/example_branch_labels.py for tasks to queue
[2023-05-06T02:17:21.378+0000] {logging_mixin.py:137} INFO - [2023-05-06T02:17:21.368+0000] {dagbag.py:532} INFO - Filling up the DagBag from /home/airflow/.local/lib/python3.7/site-packages/airflow/example_dags/example_branch_labels.py
[2023-05-06T02:17:22.036+0000] {processor.py:753} INFO - DAG(s) dict_keys(['example_branch_labels']) retrieved from /home/airflow/.local/lib/python3.7/site-packages/airflow/example_dags/example_branch_labels.py
[2023-05-06T02:17:22.870+0000] {logging_mixin.py:137} INFO - [2023-05-06T02:17:22.867+0000] {dag.py:2705} INFO - Sync 1 DAGs
[2023-05-06T02:17:23.691+0000] {logging_mixin.py:137} INFO - [2023-05-06T02:17:23.690+0000] {dag.py:3456} INFO - Setting next_dagrun for example_branch_labels to 2023-05-05T00:00:00+00:00, run_after=2023-05-06T00:00:00+00:00
[2023-05-06T02:17:24.093+0000] {processor.py:175} INFO - Processing /home/airflow/.local/lib/python3.7/site-packages/airflow/example_dags/example_branch_labels.py took 2.980 seconds
