[2023-05-06T00:03:49.419+0000] {processor.py:153} INFO - Started process (PID=4278) to work on /home/airflow/.local/lib/python3.7/site-packages/airflow/example_dags/example_short_circuit_operator.py
[2023-05-06T00:03:49.421+0000] {processor.py:743} INFO - Processing file /home/airflow/.local/lib/python3.7/site-packages/airflow/example_dags/example_short_circuit_operator.py for tasks to queue
[2023-05-06T00:03:49.423+0000] {logging_mixin.py:137} INFO - [2023-05-06T00:03:49.423+0000] {dagbag.py:532} INFO - Filling up the DagBag from /home/airflow/.local/lib/python3.7/site-packages/airflow/example_dags/example_short_circuit_operator.py
[2023-05-06T00:03:49.449+0000] {processor.py:753} INFO - DAG(s) dict_keys(['example_short_circuit_operator']) retrieved from /home/airflow/.local/lib/python3.7/site-packages/airflow/example_dags/example_short_circuit_operator.py
[2023-05-06T00:03:49.491+0000] {logging_mixin.py:137} INFO - [2023-05-06T00:03:49.491+0000] {dag.py:2705} INFO - Sync 1 DAGs
[2023-05-06T00:03:49.529+0000] {logging_mixin.py:137} INFO - [2023-05-06T00:03:49.529+0000] {dag.py:3456} INFO - Setting next_dagrun for example_short_circuit_operator to 2023-05-05T00:03:49.528559+00:00, run_after=2023-05-06T00:03:49.528559+00:00
[2023-05-06T00:03:49.568+0000] {processor.py:175} INFO - Processing /home/airflow/.local/lib/python3.7/site-packages/airflow/example_dags/example_short_circuit_operator.py took 0.164 seconds
[2023-05-06T00:17:29.546+0000] {processor.py:153} INFO - Started process (PID=4329) to work on /home/airflow/.local/lib/python3.7/site-packages/airflow/example_dags/example_short_circuit_operator.py
[2023-05-06T00:17:29.549+0000] {processor.py:743} INFO - Processing file /home/airflow/.local/lib/python3.7/site-packages/airflow/example_dags/example_short_circuit_operator.py for tasks to queue
[2023-05-06T00:17:29.551+0000] {logging_mixin.py:137} INFO - [2023-05-06T00:17:29.551+0000] {dagbag.py:532} INFO - Filling up the DagBag from /home/airflow/.local/lib/python3.7/site-packages/airflow/example_dags/example_short_circuit_operator.py
[2023-05-06T00:17:29.616+0000] {processor.py:753} INFO - DAG(s) dict_keys(['example_short_circuit_operator']) retrieved from /home/airflow/.local/lib/python3.7/site-packages/airflow/example_dags/example_short_circuit_operator.py
[2023-05-06T00:17:29.725+0000] {logging_mixin.py:137} INFO - [2023-05-06T00:17:29.725+0000] {dag.py:2705} INFO - Sync 1 DAGs
[2023-05-06T00:17:29.762+0000] {logging_mixin.py:137} INFO - [2023-05-06T00:17:29.762+0000] {dag.py:3456} INFO - Setting next_dagrun for example_short_circuit_operator to 2023-05-05T00:17:29.761723+00:00, run_after=2023-05-06T00:17:29.761723+00:00
[2023-05-06T00:17:29.812+0000] {processor.py:175} INFO - Processing /home/airflow/.local/lib/python3.7/site-packages/airflow/example_dags/example_short_circuit_operator.py took 0.273 seconds
[2023-05-06T00:20:38.350+0000] {processor.py:153} INFO - Started process (PID=4381) to work on /home/airflow/.local/lib/python3.7/site-packages/airflow/example_dags/example_short_circuit_operator.py
[2023-05-06T00:20:38.352+0000] {processor.py:743} INFO - Processing file /home/airflow/.local/lib/python3.7/site-packages/airflow/example_dags/example_short_circuit_operator.py for tasks to queue
[2023-05-06T00:20:38.364+0000] {logging_mixin.py:137} INFO - [2023-05-06T00:20:38.364+0000] {dagbag.py:532} INFO - Filling up the DagBag from /home/airflow/.local/lib/python3.7/site-packages/airflow/example_dags/example_short_circuit_operator.py
[2023-05-06T00:20:38.424+0000] {processor.py:753} INFO - DAG(s) dict_keys(['example_short_circuit_operator']) retrieved from /home/airflow/.local/lib/python3.7/site-packages/airflow/example_dags/example_short_circuit_operator.py
[2023-05-06T00:20:38.537+0000] {logging_mixin.py:137} INFO - [2023-05-06T00:20:38.537+0000] {dag.py:2705} INFO - Sync 1 DAGs
[2023-05-06T00:20:38.616+0000] {logging_mixin.py:137} INFO - [2023-05-06T00:20:38.616+0000] {dag.py:3456} INFO - Setting next_dagrun for example_short_circuit_operator to 2023-05-05T00:20:38.616051+00:00, run_after=2023-05-06T00:20:38.616051+00:00
[2023-05-06T00:20:38.674+0000] {processor.py:175} INFO - Processing /home/airflow/.local/lib/python3.7/site-packages/airflow/example_dags/example_short_circuit_operator.py took 0.339 seconds
[2023-05-06T00:36:28.849+0000] {processor.py:153} INFO - Started process (PID=4441) to work on /home/airflow/.local/lib/python3.7/site-packages/airflow/example_dags/example_short_circuit_operator.py
[2023-05-06T00:36:28.860+0000] {processor.py:743} INFO - Processing file /home/airflow/.local/lib/python3.7/site-packages/airflow/example_dags/example_short_circuit_operator.py for tasks to queue
[2023-05-06T00:36:28.862+0000] {logging_mixin.py:137} INFO - [2023-05-06T00:36:28.862+0000] {dagbag.py:532} INFO - Filling up the DagBag from /home/airflow/.local/lib/python3.7/site-packages/airflow/example_dags/example_short_circuit_operator.py
[2023-05-06T00:36:28.942+0000] {processor.py:753} INFO - DAG(s) dict_keys(['example_short_circuit_operator']) retrieved from /home/airflow/.local/lib/python3.7/site-packages/airflow/example_dags/example_short_circuit_operator.py
[2023-05-06T00:36:29.048+0000] {logging_mixin.py:137} INFO - [2023-05-06T00:36:29.047+0000] {dag.py:2705} INFO - Sync 1 DAGs
[2023-05-06T00:36:29.123+0000] {logging_mixin.py:137} INFO - [2023-05-06T00:36:29.123+0000] {dag.py:3456} INFO - Setting next_dagrun for example_short_circuit_operator to 2023-05-05T00:36:29.122899+00:00, run_after=2023-05-06T00:36:29.122899+00:00
[2023-05-06T00:36:29.206+0000] {processor.py:175} INFO - Processing /home/airflow/.local/lib/python3.7/site-packages/airflow/example_dags/example_short_circuit_operator.py took 0.361 seconds
[2023-05-06T00:37:26.525+0000] {processor.py:153} INFO - Started process (PID=4500) to work on /home/airflow/.local/lib/python3.7/site-packages/airflow/example_dags/example_short_circuit_operator.py
[2023-05-06T00:37:26.549+0000] {processor.py:743} INFO - Processing file /home/airflow/.local/lib/python3.7/site-packages/airflow/example_dags/example_short_circuit_operator.py for tasks to queue
[2023-05-06T00:37:26.567+0000] {logging_mixin.py:137} INFO - [2023-05-06T00:37:26.566+0000] {dagbag.py:532} INFO - Filling up the DagBag from /home/airflow/.local/lib/python3.7/site-packages/airflow/example_dags/example_short_circuit_operator.py
[2023-05-06T00:37:26.873+0000] {processor.py:753} INFO - DAG(s) dict_keys(['example_short_circuit_operator']) retrieved from /home/airflow/.local/lib/python3.7/site-packages/airflow/example_dags/example_short_circuit_operator.py
[2023-05-06T00:37:27.280+0000] {logging_mixin.py:137} INFO - [2023-05-06T00:37:27.279+0000] {dag.py:2705} INFO - Sync 1 DAGs
[2023-05-06T00:37:27.894+0000] {logging_mixin.py:137} INFO - [2023-05-06T00:37:27.884+0000] {dag.py:3456} INFO - Setting next_dagrun for example_short_circuit_operator to 2023-05-05T00:37:27.883573+00:00, run_after=2023-05-06T00:37:27.883573+00:00
[2023-05-06T00:37:28.224+0000] {processor.py:175} INFO - Processing /home/airflow/.local/lib/python3.7/site-packages/airflow/example_dags/example_short_circuit_operator.py took 1.751 seconds
[2023-05-06T00:38:15.231+0000] {processor.py:153} INFO - Started process (PID=4552) to work on /home/airflow/.local/lib/python3.7/site-packages/airflow/example_dags/example_short_circuit_operator.py
[2023-05-06T00:38:15.303+0000] {processor.py:743} INFO - Processing file /home/airflow/.local/lib/python3.7/site-packages/airflow/example_dags/example_short_circuit_operator.py for tasks to queue
[2023-05-06T00:38:15.328+0000] {logging_mixin.py:137} INFO - [2023-05-06T00:38:15.327+0000] {dagbag.py:532} INFO - Filling up the DagBag from /home/airflow/.local/lib/python3.7/site-packages/airflow/example_dags/example_short_circuit_operator.py
[2023-05-06T00:38:15.794+0000] {processor.py:753} INFO - DAG(s) dict_keys(['example_short_circuit_operator']) retrieved from /home/airflow/.local/lib/python3.7/site-packages/airflow/example_dags/example_short_circuit_operator.py
[2023-05-06T00:38:16.540+0000] {logging_mixin.py:137} INFO - [2023-05-06T00:38:16.539+0000] {dag.py:2705} INFO - Sync 1 DAGs
[2023-05-06T00:38:17.023+0000] {logging_mixin.py:137} INFO - [2023-05-06T00:38:17.022+0000] {dag.py:3456} INFO - Setting next_dagrun for example_short_circuit_operator to 2023-05-05T00:38:17.000258+00:00, run_after=2023-05-06T00:38:17.000258+00:00
[2023-05-06T00:38:17.333+0000] {processor.py:175} INFO - Processing /home/airflow/.local/lib/python3.7/site-packages/airflow/example_dags/example_short_circuit_operator.py took 2.212 seconds
[2023-05-06T00:38:54.838+0000] {processor.py:153} INFO - Started process (PID=4592) to work on /home/airflow/.local/lib/python3.7/site-packages/airflow/example_dags/example_short_circuit_operator.py
[2023-05-06T00:38:54.851+0000] {processor.py:743} INFO - Processing file /home/airflow/.local/lib/python3.7/site-packages/airflow/example_dags/example_short_circuit_operator.py for tasks to queue
[2023-05-06T00:38:54.867+0000] {logging_mixin.py:137} INFO - [2023-05-06T00:38:54.867+0000] {dagbag.py:532} INFO - Filling up the DagBag from /home/airflow/.local/lib/python3.7/site-packages/airflow/example_dags/example_short_circuit_operator.py
[2023-05-06T00:38:55.008+0000] {processor.py:753} INFO - DAG(s) dict_keys(['example_short_circuit_operator']) retrieved from /home/airflow/.local/lib/python3.7/site-packages/airflow/example_dags/example_short_circuit_operator.py
[2023-05-06T00:38:55.263+0000] {logging_mixin.py:137} INFO - [2023-05-06T00:38:55.262+0000] {dag.py:2705} INFO - Sync 1 DAGs
[2023-05-06T00:38:55.773+0000] {logging_mixin.py:137} INFO - [2023-05-06T00:38:55.772+0000] {dag.py:3456} INFO - Setting next_dagrun for example_short_circuit_operator to 2023-05-05T00:38:55.770948+00:00, run_after=2023-05-06T00:38:55.770948+00:00
[2023-05-06T00:38:56.002+0000] {processor.py:175} INFO - Processing /home/airflow/.local/lib/python3.7/site-packages/airflow/example_dags/example_short_circuit_operator.py took 1.222 seconds
[2023-05-06T00:54:41.669+0000] {processor.py:153} INFO - Started process (PID=4640) to work on /home/airflow/.local/lib/python3.7/site-packages/airflow/example_dags/example_short_circuit_operator.py
[2023-05-06T00:54:41.670+0000] {processor.py:743} INFO - Processing file /home/airflow/.local/lib/python3.7/site-packages/airflow/example_dags/example_short_circuit_operator.py for tasks to queue
[2023-05-06T00:54:41.674+0000] {logging_mixin.py:137} INFO - [2023-05-06T00:54:41.674+0000] {dagbag.py:532} INFO - Filling up the DagBag from /home/airflow/.local/lib/python3.7/site-packages/airflow/example_dags/example_short_circuit_operator.py
[2023-05-06T00:54:41.704+0000] {processor.py:753} INFO - DAG(s) dict_keys(['example_short_circuit_operator']) retrieved from /home/airflow/.local/lib/python3.7/site-packages/airflow/example_dags/example_short_circuit_operator.py
[2023-05-06T00:54:41.743+0000] {logging_mixin.py:137} INFO - [2023-05-06T00:54:41.743+0000] {dag.py:2705} INFO - Sync 1 DAGs
[2023-05-06T00:54:41.780+0000] {logging_mixin.py:137} INFO - [2023-05-06T00:54:41.780+0000] {dag.py:3456} INFO - Setting next_dagrun for example_short_circuit_operator to 2023-05-05T00:54:41.779882+00:00, run_after=2023-05-06T00:54:41.779882+00:00
[2023-05-06T00:54:41.807+0000] {processor.py:175} INFO - Processing /home/airflow/.local/lib/python3.7/site-packages/airflow/example_dags/example_short_circuit_operator.py took 0.145 seconds
[2023-05-06T02:03:40.381+0000] {processor.py:153} INFO - Started process (PID=4698) to work on /home/airflow/.local/lib/python3.7/site-packages/airflow/example_dags/example_short_circuit_operator.py
[2023-05-06T02:03:40.382+0000] {processor.py:743} INFO - Processing file /home/airflow/.local/lib/python3.7/site-packages/airflow/example_dags/example_short_circuit_operator.py for tasks to queue
[2023-05-06T02:03:40.401+0000] {logging_mixin.py:137} INFO - [2023-05-06T02:03:40.400+0000] {dagbag.py:532} INFO - Filling up the DagBag from /home/airflow/.local/lib/python3.7/site-packages/airflow/example_dags/example_short_circuit_operator.py
[2023-05-06T02:03:40.430+0000] {processor.py:753} INFO - DAG(s) dict_keys(['example_short_circuit_operator']) retrieved from /home/airflow/.local/lib/python3.7/site-packages/airflow/example_dags/example_short_circuit_operator.py
[2023-05-06T02:03:40.482+0000] {logging_mixin.py:137} INFO - [2023-05-06T02:03:40.482+0000] {dag.py:2705} INFO - Sync 1 DAGs
[2023-05-06T02:03:40.519+0000] {logging_mixin.py:137} INFO - [2023-05-06T02:03:40.519+0000] {dag.py:3456} INFO - Setting next_dagrun for example_short_circuit_operator to 2023-05-05T02:03:40.518702+00:00, run_after=2023-05-06T02:03:40.518702+00:00
[2023-05-06T02:03:40.543+0000] {processor.py:175} INFO - Processing /home/airflow/.local/lib/python3.7/site-packages/airflow/example_dags/example_short_circuit_operator.py took 0.168 seconds
[2023-05-06T02:04:14.748+0000] {processor.py:153} INFO - Started process (PID=4750) to work on /home/airflow/.local/lib/python3.7/site-packages/airflow/example_dags/example_short_circuit_operator.py
[2023-05-06T02:04:14.755+0000] {processor.py:743} INFO - Processing file /home/airflow/.local/lib/python3.7/site-packages/airflow/example_dags/example_short_circuit_operator.py for tasks to queue
[2023-05-06T02:04:14.757+0000] {logging_mixin.py:137} INFO - [2023-05-06T02:04:14.757+0000] {dagbag.py:532} INFO - Filling up the DagBag from /home/airflow/.local/lib/python3.7/site-packages/airflow/example_dags/example_short_circuit_operator.py
[2023-05-06T02:04:14.794+0000] {processor.py:753} INFO - DAG(s) dict_keys(['example_short_circuit_operator']) retrieved from /home/airflow/.local/lib/python3.7/site-packages/airflow/example_dags/example_short_circuit_operator.py
[2023-05-06T02:04:14.858+0000] {logging_mixin.py:137} INFO - [2023-05-06T02:04:14.857+0000] {dag.py:2705} INFO - Sync 1 DAGs
[2023-05-06T02:04:14.933+0000] {logging_mixin.py:137} INFO - [2023-05-06T02:04:14.932+0000] {dag.py:3456} INFO - Setting next_dagrun for example_short_circuit_operator to 2023-05-05T02:04:14.931129+00:00, run_after=2023-05-06T02:04:14.931129+00:00
[2023-05-06T02:04:14.983+0000] {processor.py:175} INFO - Processing /home/airflow/.local/lib/python3.7/site-packages/airflow/example_dags/example_short_circuit_operator.py took 0.244 seconds
[2023-05-06T02:04:48.590+0000] {processor.py:153} INFO - Started process (PID=4802) to work on /home/airflow/.local/lib/python3.7/site-packages/airflow/example_dags/example_short_circuit_operator.py
[2023-05-06T02:04:48.595+0000] {processor.py:743} INFO - Processing file /home/airflow/.local/lib/python3.7/site-packages/airflow/example_dags/example_short_circuit_operator.py for tasks to queue
[2023-05-06T02:04:48.602+0000] {logging_mixin.py:137} INFO - [2023-05-06T02:04:48.601+0000] {dagbag.py:532} INFO - Filling up the DagBag from /home/airflow/.local/lib/python3.7/site-packages/airflow/example_dags/example_short_circuit_operator.py
[2023-05-06T02:04:48.720+0000] {processor.py:753} INFO - DAG(s) dict_keys(['example_short_circuit_operator']) retrieved from /home/airflow/.local/lib/python3.7/site-packages/airflow/example_dags/example_short_circuit_operator.py
[2023-05-06T02:04:48.813+0000] {logging_mixin.py:137} INFO - [2023-05-06T02:04:48.812+0000] {dag.py:2705} INFO - Sync 1 DAGs
[2023-05-06T02:04:48.896+0000] {logging_mixin.py:137} INFO - [2023-05-06T02:04:48.896+0000] {dag.py:3456} INFO - Setting next_dagrun for example_short_circuit_operator to 2023-05-05T02:04:48.896066+00:00, run_after=2023-05-06T02:04:48.896066+00:00
[2023-05-06T02:04:49.067+0000] {processor.py:175} INFO - Processing /home/airflow/.local/lib/python3.7/site-packages/airflow/example_dags/example_short_circuit_operator.py took 0.499 seconds
[2023-05-06T02:05:19.476+0000] {processor.py:153} INFO - Started process (PID=4854) to work on /home/airflow/.local/lib/python3.7/site-packages/airflow/example_dags/example_short_circuit_operator.py
[2023-05-06T02:05:19.481+0000] {processor.py:743} INFO - Processing file /home/airflow/.local/lib/python3.7/site-packages/airflow/example_dags/example_short_circuit_operator.py for tasks to queue
[2023-05-06T02:05:19.488+0000] {logging_mixin.py:137} INFO - [2023-05-06T02:05:19.487+0000] {dagbag.py:532} INFO - Filling up the DagBag from /home/airflow/.local/lib/python3.7/site-packages/airflow/example_dags/example_short_circuit_operator.py
[2023-05-06T02:05:19.548+0000] {processor.py:753} INFO - DAG(s) dict_keys(['example_short_circuit_operator']) retrieved from /home/airflow/.local/lib/python3.7/site-packages/airflow/example_dags/example_short_circuit_operator.py
[2023-05-06T02:05:19.658+0000] {logging_mixin.py:137} INFO - [2023-05-06T02:05:19.658+0000] {dag.py:2705} INFO - Sync 1 DAGs
[2023-05-06T02:05:19.751+0000] {logging_mixin.py:137} INFO - [2023-05-06T02:05:19.750+0000] {dag.py:3456} INFO - Setting next_dagrun for example_short_circuit_operator to 2023-05-05T02:05:19.748368+00:00, run_after=2023-05-06T02:05:19.748368+00:00
[2023-05-06T02:05:19.831+0000] {processor.py:175} INFO - Processing /home/airflow/.local/lib/python3.7/site-packages/airflow/example_dags/example_short_circuit_operator.py took 0.372 seconds
[2023-05-06T02:05:50.053+0000] {processor.py:153} INFO - Started process (PID=4906) to work on /home/airflow/.local/lib/python3.7/site-packages/airflow/example_dags/example_short_circuit_operator.py
[2023-05-06T02:05:50.057+0000] {processor.py:743} INFO - Processing file /home/airflow/.local/lib/python3.7/site-packages/airflow/example_dags/example_short_circuit_operator.py for tasks to queue
[2023-05-06T02:05:50.061+0000] {logging_mixin.py:137} INFO - [2023-05-06T02:05:50.060+0000] {dagbag.py:532} INFO - Filling up the DagBag from /home/airflow/.local/lib/python3.7/site-packages/airflow/example_dags/example_short_circuit_operator.py
[2023-05-06T02:05:50.096+0000] {processor.py:753} INFO - DAG(s) dict_keys(['example_short_circuit_operator']) retrieved from /home/airflow/.local/lib/python3.7/site-packages/airflow/example_dags/example_short_circuit_operator.py
[2023-05-06T02:05:50.143+0000] {logging_mixin.py:137} INFO - [2023-05-06T02:05:50.143+0000] {dag.py:2705} INFO - Sync 1 DAGs
[2023-05-06T02:05:50.184+0000] {logging_mixin.py:137} INFO - [2023-05-06T02:05:50.184+0000] {dag.py:3456} INFO - Setting next_dagrun for example_short_circuit_operator to 2023-05-05T02:05:50.183906+00:00, run_after=2023-05-06T02:05:50.183906+00:00
[2023-05-06T02:05:50.225+0000] {processor.py:175} INFO - Processing /home/airflow/.local/lib/python3.7/site-packages/airflow/example_dags/example_short_circuit_operator.py took 0.177 seconds
[2023-05-06T02:06:20.515+0000] {processor.py:153} INFO - Started process (PID=4958) to work on /home/airflow/.local/lib/python3.7/site-packages/airflow/example_dags/example_short_circuit_operator.py
[2023-05-06T02:06:20.518+0000] {processor.py:743} INFO - Processing file /home/airflow/.local/lib/python3.7/site-packages/airflow/example_dags/example_short_circuit_operator.py for tasks to queue
[2023-05-06T02:06:20.520+0000] {logging_mixin.py:137} INFO - [2023-05-06T02:06:20.520+0000] {dagbag.py:532} INFO - Filling up the DagBag from /home/airflow/.local/lib/python3.7/site-packages/airflow/example_dags/example_short_circuit_operator.py
[2023-05-06T02:06:20.557+0000] {processor.py:753} INFO - DAG(s) dict_keys(['example_short_circuit_operator']) retrieved from /home/airflow/.local/lib/python3.7/site-packages/airflow/example_dags/example_short_circuit_operator.py
[2023-05-06T02:06:20.600+0000] {logging_mixin.py:137} INFO - [2023-05-06T02:06:20.599+0000] {dag.py:2705} INFO - Sync 1 DAGs
[2023-05-06T02:06:20.635+0000] {logging_mixin.py:137} INFO - [2023-05-06T02:06:20.634+0000] {dag.py:3456} INFO - Setting next_dagrun for example_short_circuit_operator to 2023-05-05T02:06:20.634511+00:00, run_after=2023-05-06T02:06:20.634511+00:00
[2023-05-06T02:06:20.660+0000] {processor.py:175} INFO - Processing /home/airflow/.local/lib/python3.7/site-packages/airflow/example_dags/example_short_circuit_operator.py took 0.153 seconds
[2023-05-06T02:06:51.160+0000] {processor.py:153} INFO - Started process (PID=5010) to work on /home/airflow/.local/lib/python3.7/site-packages/airflow/example_dags/example_short_circuit_operator.py
[2023-05-06T02:06:51.163+0000] {processor.py:743} INFO - Processing file /home/airflow/.local/lib/python3.7/site-packages/airflow/example_dags/example_short_circuit_operator.py for tasks to queue
[2023-05-06T02:06:51.166+0000] {logging_mixin.py:137} INFO - [2023-05-06T02:06:51.166+0000] {dagbag.py:532} INFO - Filling up the DagBag from /home/airflow/.local/lib/python3.7/site-packages/airflow/example_dags/example_short_circuit_operator.py
[2023-05-06T02:06:51.200+0000] {processor.py:753} INFO - DAG(s) dict_keys(['example_short_circuit_operator']) retrieved from /home/airflow/.local/lib/python3.7/site-packages/airflow/example_dags/example_short_circuit_operator.py
[2023-05-06T02:06:51.258+0000] {logging_mixin.py:137} INFO - [2023-05-06T02:06:51.257+0000] {dag.py:2705} INFO - Sync 1 DAGs
[2023-05-06T02:06:51.300+0000] {logging_mixin.py:137} INFO - [2023-05-06T02:06:51.299+0000] {dag.py:3456} INFO - Setting next_dagrun for example_short_circuit_operator to 2023-05-05T02:06:51.299648+00:00, run_after=2023-05-06T02:06:51.299648+00:00
[2023-05-06T02:06:51.328+0000] {processor.py:175} INFO - Processing /home/airflow/.local/lib/python3.7/site-packages/airflow/example_dags/example_short_circuit_operator.py took 0.177 seconds
[2023-05-06T02:07:21.852+0000] {processor.py:153} INFO - Started process (PID=5062) to work on /home/airflow/.local/lib/python3.7/site-packages/airflow/example_dags/example_short_circuit_operator.py
[2023-05-06T02:07:21.855+0000] {processor.py:743} INFO - Processing file /home/airflow/.local/lib/python3.7/site-packages/airflow/example_dags/example_short_circuit_operator.py for tasks to queue
[2023-05-06T02:07:21.857+0000] {logging_mixin.py:137} INFO - [2023-05-06T02:07:21.857+0000] {dagbag.py:532} INFO - Filling up the DagBag from /home/airflow/.local/lib/python3.7/site-packages/airflow/example_dags/example_short_circuit_operator.py
[2023-05-06T02:07:21.890+0000] {processor.py:753} INFO - DAG(s) dict_keys(['example_short_circuit_operator']) retrieved from /home/airflow/.local/lib/python3.7/site-packages/airflow/example_dags/example_short_circuit_operator.py
[2023-05-06T02:07:21.944+0000] {logging_mixin.py:137} INFO - [2023-05-06T02:07:21.943+0000] {dag.py:2705} INFO - Sync 1 DAGs
[2023-05-06T02:07:21.987+0000] {logging_mixin.py:137} INFO - [2023-05-06T02:07:21.987+0000] {dag.py:3456} INFO - Setting next_dagrun for example_short_circuit_operator to 2023-05-05T02:07:21.987244+00:00, run_after=2023-05-06T02:07:21.987244+00:00
[2023-05-06T02:07:22.019+0000] {processor.py:175} INFO - Processing /home/airflow/.local/lib/python3.7/site-packages/airflow/example_dags/example_short_circuit_operator.py took 0.176 seconds
[2023-05-06T02:07:52.625+0000] {processor.py:153} INFO - Started process (PID=5113) to work on /home/airflow/.local/lib/python3.7/site-packages/airflow/example_dags/example_short_circuit_operator.py
[2023-05-06T02:07:52.628+0000] {processor.py:743} INFO - Processing file /home/airflow/.local/lib/python3.7/site-packages/airflow/example_dags/example_short_circuit_operator.py for tasks to queue
[2023-05-06T02:07:52.631+0000] {logging_mixin.py:137} INFO - [2023-05-06T02:07:52.631+0000] {dagbag.py:532} INFO - Filling up the DagBag from /home/airflow/.local/lib/python3.7/site-packages/airflow/example_dags/example_short_circuit_operator.py
[2023-05-06T02:07:52.674+0000] {processor.py:753} INFO - DAG(s) dict_keys(['example_short_circuit_operator']) retrieved from /home/airflow/.local/lib/python3.7/site-packages/airflow/example_dags/example_short_circuit_operator.py
[2023-05-06T02:07:52.725+0000] {logging_mixin.py:137} INFO - [2023-05-06T02:07:52.725+0000] {dag.py:2705} INFO - Sync 1 DAGs
[2023-05-06T02:07:52.775+0000] {logging_mixin.py:137} INFO - [2023-05-06T02:07:52.775+0000] {dag.py:3456} INFO - Setting next_dagrun for example_short_circuit_operator to 2023-05-05T02:07:52.775097+00:00, run_after=2023-05-06T02:07:52.775097+00:00
[2023-05-06T02:07:52.806+0000] {processor.py:175} INFO - Processing /home/airflow/.local/lib/python3.7/site-packages/airflow/example_dags/example_short_circuit_operator.py took 0.193 seconds
[2023-05-06T02:08:23.803+0000] {processor.py:153} INFO - Started process (PID=5164) to work on /home/airflow/.local/lib/python3.7/site-packages/airflow/example_dags/example_short_circuit_operator.py
[2023-05-06T02:08:23.809+0000] {processor.py:743} INFO - Processing file /home/airflow/.local/lib/python3.7/site-packages/airflow/example_dags/example_short_circuit_operator.py for tasks to queue
[2023-05-06T02:08:23.813+0000] {logging_mixin.py:137} INFO - [2023-05-06T02:08:23.812+0000] {dagbag.py:532} INFO - Filling up the DagBag from /home/airflow/.local/lib/python3.7/site-packages/airflow/example_dags/example_short_circuit_operator.py
[2023-05-06T02:08:23.878+0000] {processor.py:753} INFO - DAG(s) dict_keys(['example_short_circuit_operator']) retrieved from /home/airflow/.local/lib/python3.7/site-packages/airflow/example_dags/example_short_circuit_operator.py
[2023-05-06T02:08:23.961+0000] {logging_mixin.py:137} INFO - [2023-05-06T02:08:23.961+0000] {dag.py:2705} INFO - Sync 1 DAGs
[2023-05-06T02:08:24.003+0000] {logging_mixin.py:137} INFO - [2023-05-06T02:08:24.002+0000] {dag.py:3456} INFO - Setting next_dagrun for example_short_circuit_operator to 2023-05-05T02:08:24.002384+00:00, run_after=2023-05-06T02:08:24.002384+00:00
[2023-05-06T02:08:24.055+0000] {processor.py:175} INFO - Processing /home/airflow/.local/lib/python3.7/site-packages/airflow/example_dags/example_short_circuit_operator.py took 0.269 seconds
[2023-05-06T02:08:54.509+0000] {processor.py:153} INFO - Started process (PID=5216) to work on /home/airflow/.local/lib/python3.7/site-packages/airflow/example_dags/example_short_circuit_operator.py
[2023-05-06T02:08:54.511+0000] {processor.py:743} INFO - Processing file /home/airflow/.local/lib/python3.7/site-packages/airflow/example_dags/example_short_circuit_operator.py for tasks to queue
[2023-05-06T02:08:54.514+0000] {logging_mixin.py:137} INFO - [2023-05-06T02:08:54.513+0000] {dagbag.py:532} INFO - Filling up the DagBag from /home/airflow/.local/lib/python3.7/site-packages/airflow/example_dags/example_short_circuit_operator.py
[2023-05-06T02:08:54.572+0000] {processor.py:753} INFO - DAG(s) dict_keys(['example_short_circuit_operator']) retrieved from /home/airflow/.local/lib/python3.7/site-packages/airflow/example_dags/example_short_circuit_operator.py
[2023-05-06T02:08:54.671+0000] {logging_mixin.py:137} INFO - [2023-05-06T02:08:54.671+0000] {dag.py:2705} INFO - Sync 1 DAGs
[2023-05-06T02:08:54.746+0000] {logging_mixin.py:137} INFO - [2023-05-06T02:08:54.746+0000] {dag.py:3456} INFO - Setting next_dagrun for example_short_circuit_operator to 2023-05-05T02:08:54.746037+00:00, run_after=2023-05-06T02:08:54.746037+00:00
[2023-05-06T02:08:54.892+0000] {processor.py:175} INFO - Processing /home/airflow/.local/lib/python3.7/site-packages/airflow/example_dags/example_short_circuit_operator.py took 0.392 seconds
[2023-05-06T02:09:25.477+0000] {processor.py:153} INFO - Started process (PID=5268) to work on /home/airflow/.local/lib/python3.7/site-packages/airflow/example_dags/example_short_circuit_operator.py
[2023-05-06T02:09:25.480+0000] {processor.py:743} INFO - Processing file /home/airflow/.local/lib/python3.7/site-packages/airflow/example_dags/example_short_circuit_operator.py for tasks to queue
[2023-05-06T02:09:25.482+0000] {logging_mixin.py:137} INFO - [2023-05-06T02:09:25.482+0000] {dagbag.py:532} INFO - Filling up the DagBag from /home/airflow/.local/lib/python3.7/site-packages/airflow/example_dags/example_short_circuit_operator.py
[2023-05-06T02:09:25.509+0000] {processor.py:753} INFO - DAG(s) dict_keys(['example_short_circuit_operator']) retrieved from /home/airflow/.local/lib/python3.7/site-packages/airflow/example_dags/example_short_circuit_operator.py
[2023-05-06T02:09:25.560+0000] {logging_mixin.py:137} INFO - [2023-05-06T02:09:25.560+0000] {dag.py:2705} INFO - Sync 1 DAGs
[2023-05-06T02:09:25.612+0000] {logging_mixin.py:137} INFO - [2023-05-06T02:09:25.612+0000] {dag.py:3456} INFO - Setting next_dagrun for example_short_circuit_operator to 2023-05-05T02:09:25.612393+00:00, run_after=2023-05-06T02:09:25.612393+00:00
[2023-05-06T02:09:25.639+0000] {processor.py:175} INFO - Processing /home/airflow/.local/lib/python3.7/site-packages/airflow/example_dags/example_short_circuit_operator.py took 0.170 seconds
[2023-05-06T02:09:55.993+0000] {processor.py:153} INFO - Started process (PID=5321) to work on /home/airflow/.local/lib/python3.7/site-packages/airflow/example_dags/example_short_circuit_operator.py
[2023-05-06T02:09:55.996+0000] {processor.py:743} INFO - Processing file /home/airflow/.local/lib/python3.7/site-packages/airflow/example_dags/example_short_circuit_operator.py for tasks to queue
[2023-05-06T02:09:55.998+0000] {logging_mixin.py:137} INFO - [2023-05-06T02:09:55.998+0000] {dagbag.py:532} INFO - Filling up the DagBag from /home/airflow/.local/lib/python3.7/site-packages/airflow/example_dags/example_short_circuit_operator.py
[2023-05-06T02:09:56.029+0000] {processor.py:753} INFO - DAG(s) dict_keys(['example_short_circuit_operator']) retrieved from /home/airflow/.local/lib/python3.7/site-packages/airflow/example_dags/example_short_circuit_operator.py
[2023-05-06T02:09:56.085+0000] {logging_mixin.py:137} INFO - [2023-05-06T02:09:56.084+0000] {dag.py:2705} INFO - Sync 1 DAGs
[2023-05-06T02:09:56.129+0000] {logging_mixin.py:137} INFO - [2023-05-06T02:09:56.129+0000] {dag.py:3456} INFO - Setting next_dagrun for example_short_circuit_operator to 2023-05-05T02:09:56.129174+00:00, run_after=2023-05-06T02:09:56.129174+00:00
[2023-05-06T02:09:56.187+0000] {processor.py:175} INFO - Processing /home/airflow/.local/lib/python3.7/site-packages/airflow/example_dags/example_short_circuit_operator.py took 0.201 seconds
[2023-05-06T02:10:26.825+0000] {processor.py:153} INFO - Started process (PID=5372) to work on /home/airflow/.local/lib/python3.7/site-packages/airflow/example_dags/example_short_circuit_operator.py
[2023-05-06T02:10:26.827+0000] {processor.py:743} INFO - Processing file /home/airflow/.local/lib/python3.7/site-packages/airflow/example_dags/example_short_circuit_operator.py for tasks to queue
[2023-05-06T02:10:26.829+0000] {logging_mixin.py:137} INFO - [2023-05-06T02:10:26.829+0000] {dagbag.py:532} INFO - Filling up the DagBag from /home/airflow/.local/lib/python3.7/site-packages/airflow/example_dags/example_short_circuit_operator.py
[2023-05-06T02:10:26.861+0000] {processor.py:753} INFO - DAG(s) dict_keys(['example_short_circuit_operator']) retrieved from /home/airflow/.local/lib/python3.7/site-packages/airflow/example_dags/example_short_circuit_operator.py
[2023-05-06T02:10:26.907+0000] {logging_mixin.py:137} INFO - [2023-05-06T02:10:26.907+0000] {dag.py:2705} INFO - Sync 1 DAGs
[2023-05-06T02:10:26.944+0000] {logging_mixin.py:137} INFO - [2023-05-06T02:10:26.943+0000] {dag.py:3456} INFO - Setting next_dagrun for example_short_circuit_operator to 2023-05-05T02:10:26.943199+00:00, run_after=2023-05-06T02:10:26.943199+00:00
[2023-05-06T02:10:26.972+0000] {processor.py:175} INFO - Processing /home/airflow/.local/lib/python3.7/site-packages/airflow/example_dags/example_short_circuit_operator.py took 0.152 seconds
[2023-05-06T02:10:58.311+0000] {processor.py:153} INFO - Started process (PID=5424) to work on /home/airflow/.local/lib/python3.7/site-packages/airflow/example_dags/example_short_circuit_operator.py
[2023-05-06T02:10:58.314+0000] {processor.py:743} INFO - Processing file /home/airflow/.local/lib/python3.7/site-packages/airflow/example_dags/example_short_circuit_operator.py for tasks to queue
[2023-05-06T02:10:58.319+0000] {logging_mixin.py:137} INFO - [2023-05-06T02:10:58.318+0000] {dagbag.py:532} INFO - Filling up the DagBag from /home/airflow/.local/lib/python3.7/site-packages/airflow/example_dags/example_short_circuit_operator.py
[2023-05-06T02:10:58.397+0000] {processor.py:753} INFO - DAG(s) dict_keys(['example_short_circuit_operator']) retrieved from /home/airflow/.local/lib/python3.7/site-packages/airflow/example_dags/example_short_circuit_operator.py
[2023-05-06T02:10:58.484+0000] {logging_mixin.py:137} INFO - [2023-05-06T02:10:58.484+0000] {dag.py:2705} INFO - Sync 1 DAGs
[2023-05-06T02:10:58.560+0000] {logging_mixin.py:137} INFO - [2023-05-06T02:10:58.560+0000] {dag.py:3456} INFO - Setting next_dagrun for example_short_circuit_operator to 2023-05-05T02:10:58.560318+00:00, run_after=2023-05-06T02:10:58.560318+00:00
[2023-05-06T02:10:58.609+0000] {processor.py:175} INFO - Processing /home/airflow/.local/lib/python3.7/site-packages/airflow/example_dags/example_short_circuit_operator.py took 0.316 seconds
[2023-05-06T02:11:28.856+0000] {processor.py:153} INFO - Started process (PID=5476) to work on /home/airflow/.local/lib/python3.7/site-packages/airflow/example_dags/example_short_circuit_operator.py
[2023-05-06T02:11:28.860+0000] {processor.py:743} INFO - Processing file /home/airflow/.local/lib/python3.7/site-packages/airflow/example_dags/example_short_circuit_operator.py for tasks to queue
[2023-05-06T02:11:28.863+0000] {logging_mixin.py:137} INFO - [2023-05-06T02:11:28.862+0000] {dagbag.py:532} INFO - Filling up the DagBag from /home/airflow/.local/lib/python3.7/site-packages/airflow/example_dags/example_short_circuit_operator.py
[2023-05-06T02:11:28.890+0000] {processor.py:753} INFO - DAG(s) dict_keys(['example_short_circuit_operator']) retrieved from /home/airflow/.local/lib/python3.7/site-packages/airflow/example_dags/example_short_circuit_operator.py
[2023-05-06T02:11:28.934+0000] {logging_mixin.py:137} INFO - [2023-05-06T02:11:28.934+0000] {dag.py:2705} INFO - Sync 1 DAGs
[2023-05-06T02:11:28.973+0000] {logging_mixin.py:137} INFO - [2023-05-06T02:11:28.973+0000] {dag.py:3456} INFO - Setting next_dagrun for example_short_circuit_operator to 2023-05-05T02:11:28.973089+00:00, run_after=2023-05-06T02:11:28.973089+00:00
[2023-05-06T02:11:29.001+0000] {processor.py:175} INFO - Processing /home/airflow/.local/lib/python3.7/site-packages/airflow/example_dags/example_short_circuit_operator.py took 0.150 seconds
[2023-05-06T02:11:59.350+0000] {processor.py:153} INFO - Started process (PID=5528) to work on /home/airflow/.local/lib/python3.7/site-packages/airflow/example_dags/example_short_circuit_operator.py
[2023-05-06T02:11:59.357+0000] {processor.py:743} INFO - Processing file /home/airflow/.local/lib/python3.7/site-packages/airflow/example_dags/example_short_circuit_operator.py for tasks to queue
[2023-05-06T02:11:59.359+0000] {logging_mixin.py:137} INFO - [2023-05-06T02:11:59.359+0000] {dagbag.py:532} INFO - Filling up the DagBag from /home/airflow/.local/lib/python3.7/site-packages/airflow/example_dags/example_short_circuit_operator.py
[2023-05-06T02:11:59.417+0000] {processor.py:753} INFO - DAG(s) dict_keys(['example_short_circuit_operator']) retrieved from /home/airflow/.local/lib/python3.7/site-packages/airflow/example_dags/example_short_circuit_operator.py
[2023-05-06T02:11:59.539+0000] {logging_mixin.py:137} INFO - [2023-05-06T02:11:59.539+0000] {dag.py:2705} INFO - Sync 1 DAGs
[2023-05-06T02:11:59.612+0000] {logging_mixin.py:137} INFO - [2023-05-06T02:11:59.611+0000] {dag.py:3456} INFO - Setting next_dagrun for example_short_circuit_operator to 2023-05-05T02:11:59.611454+00:00, run_after=2023-05-06T02:11:59.611454+00:00
[2023-05-06T02:11:59.687+0000] {processor.py:175} INFO - Processing /home/airflow/.local/lib/python3.7/site-packages/airflow/example_dags/example_short_circuit_operator.py took 0.351 seconds
[2023-05-06T02:12:30.314+0000] {processor.py:153} INFO - Started process (PID=5579) to work on /home/airflow/.local/lib/python3.7/site-packages/airflow/example_dags/example_short_circuit_operator.py
[2023-05-06T02:12:30.317+0000] {processor.py:743} INFO - Processing file /home/airflow/.local/lib/python3.7/site-packages/airflow/example_dags/example_short_circuit_operator.py for tasks to queue
[2023-05-06T02:12:30.320+0000] {logging_mixin.py:137} INFO - [2023-05-06T02:12:30.319+0000] {dagbag.py:532} INFO - Filling up the DagBag from /home/airflow/.local/lib/python3.7/site-packages/airflow/example_dags/example_short_circuit_operator.py
[2023-05-06T02:12:30.375+0000] {processor.py:753} INFO - DAG(s) dict_keys(['example_short_circuit_operator']) retrieved from /home/airflow/.local/lib/python3.7/site-packages/airflow/example_dags/example_short_circuit_operator.py
[2023-05-06T02:12:30.419+0000] {logging_mixin.py:137} INFO - [2023-05-06T02:12:30.419+0000] {dag.py:2705} INFO - Sync 1 DAGs
[2023-05-06T02:12:30.461+0000] {logging_mixin.py:137} INFO - [2023-05-06T02:12:30.461+0000] {dag.py:3456} INFO - Setting next_dagrun for example_short_circuit_operator to 2023-05-05T02:12:30.461181+00:00, run_after=2023-05-06T02:12:30.461181+00:00
[2023-05-06T02:12:30.490+0000] {processor.py:175} INFO - Processing /home/airflow/.local/lib/python3.7/site-packages/airflow/example_dags/example_short_circuit_operator.py took 0.185 seconds
[2023-05-06T02:13:01.038+0000] {processor.py:153} INFO - Started process (PID=5631) to work on /home/airflow/.local/lib/python3.7/site-packages/airflow/example_dags/example_short_circuit_operator.py
[2023-05-06T02:13:01.042+0000] {processor.py:743} INFO - Processing file /home/airflow/.local/lib/python3.7/site-packages/airflow/example_dags/example_short_circuit_operator.py for tasks to queue
[2023-05-06T02:13:01.045+0000] {logging_mixin.py:137} INFO - [2023-05-06T02:13:01.044+0000] {dagbag.py:532} INFO - Filling up the DagBag from /home/airflow/.local/lib/python3.7/site-packages/airflow/example_dags/example_short_circuit_operator.py
[2023-05-06T02:13:01.109+0000] {processor.py:753} INFO - DAG(s) dict_keys(['example_short_circuit_operator']) retrieved from /home/airflow/.local/lib/python3.7/site-packages/airflow/example_dags/example_short_circuit_operator.py
[2023-05-06T02:13:01.203+0000] {logging_mixin.py:137} INFO - [2023-05-06T02:13:01.203+0000] {dag.py:2705} INFO - Sync 1 DAGs
[2023-05-06T02:13:01.302+0000] {logging_mixin.py:137} INFO - [2023-05-06T02:13:01.302+0000] {dag.py:3456} INFO - Setting next_dagrun for example_short_circuit_operator to 2023-05-05T02:13:01.299560+00:00, run_after=2023-05-06T02:13:01.299560+00:00
[2023-05-06T02:13:01.361+0000] {processor.py:175} INFO - Processing /home/airflow/.local/lib/python3.7/site-packages/airflow/example_dags/example_short_circuit_operator.py took 0.333 seconds
[2023-05-06T02:13:32.044+0000] {processor.py:153} INFO - Started process (PID=5683) to work on /home/airflow/.local/lib/python3.7/site-packages/airflow/example_dags/example_short_circuit_operator.py
[2023-05-06T02:13:32.047+0000] {processor.py:743} INFO - Processing file /home/airflow/.local/lib/python3.7/site-packages/airflow/example_dags/example_short_circuit_operator.py for tasks to queue
[2023-05-06T02:13:32.049+0000] {logging_mixin.py:137} INFO - [2023-05-06T02:13:32.049+0000] {dagbag.py:532} INFO - Filling up the DagBag from /home/airflow/.local/lib/python3.7/site-packages/airflow/example_dags/example_short_circuit_operator.py
[2023-05-06T02:13:32.083+0000] {processor.py:753} INFO - DAG(s) dict_keys(['example_short_circuit_operator']) retrieved from /home/airflow/.local/lib/python3.7/site-packages/airflow/example_dags/example_short_circuit_operator.py
[2023-05-06T02:13:32.212+0000] {logging_mixin.py:137} INFO - [2023-05-06T02:13:32.212+0000] {dag.py:2705} INFO - Sync 1 DAGs
[2023-05-06T02:13:32.263+0000] {logging_mixin.py:137} INFO - [2023-05-06T02:13:32.263+0000] {dag.py:3456} INFO - Setting next_dagrun for example_short_circuit_operator to 2023-05-05T02:13:32.262640+00:00, run_after=2023-05-06T02:13:32.262640+00:00
[2023-05-06T02:13:32.294+0000] {processor.py:175} INFO - Processing /home/airflow/.local/lib/python3.7/site-packages/airflow/example_dags/example_short_circuit_operator.py took 0.258 seconds
[2023-05-06T02:14:02.545+0000] {processor.py:153} INFO - Started process (PID=5735) to work on /home/airflow/.local/lib/python3.7/site-packages/airflow/example_dags/example_short_circuit_operator.py
[2023-05-06T02:14:02.547+0000] {processor.py:743} INFO - Processing file /home/airflow/.local/lib/python3.7/site-packages/airflow/example_dags/example_short_circuit_operator.py for tasks to queue
[2023-05-06T02:14:02.550+0000] {logging_mixin.py:137} INFO - [2023-05-06T02:14:02.550+0000] {dagbag.py:532} INFO - Filling up the DagBag from /home/airflow/.local/lib/python3.7/site-packages/airflow/example_dags/example_short_circuit_operator.py
[2023-05-06T02:14:02.587+0000] {processor.py:753} INFO - DAG(s) dict_keys(['example_short_circuit_operator']) retrieved from /home/airflow/.local/lib/python3.7/site-packages/airflow/example_dags/example_short_circuit_operator.py
[2023-05-06T02:14:02.664+0000] {logging_mixin.py:137} INFO - [2023-05-06T02:14:02.663+0000] {dag.py:2705} INFO - Sync 1 DAGs
[2023-05-06T02:14:02.705+0000] {logging_mixin.py:137} INFO - [2023-05-06T02:14:02.705+0000] {dag.py:3456} INFO - Setting next_dagrun for example_short_circuit_operator to 2023-05-05T02:14:02.705110+00:00, run_after=2023-05-06T02:14:02.705110+00:00
[2023-05-06T02:14:02.754+0000] {processor.py:175} INFO - Processing /home/airflow/.local/lib/python3.7/site-packages/airflow/example_dags/example_short_circuit_operator.py took 0.217 seconds
[2023-05-06T02:14:32.861+0000] {processor.py:153} INFO - Started process (PID=5787) to work on /home/airflow/.local/lib/python3.7/site-packages/airflow/example_dags/example_short_circuit_operator.py
[2023-05-06T02:14:32.864+0000] {processor.py:743} INFO - Processing file /home/airflow/.local/lib/python3.7/site-packages/airflow/example_dags/example_short_circuit_operator.py for tasks to queue
[2023-05-06T02:14:32.868+0000] {logging_mixin.py:137} INFO - [2023-05-06T02:14:32.867+0000] {dagbag.py:532} INFO - Filling up the DagBag from /home/airflow/.local/lib/python3.7/site-packages/airflow/example_dags/example_short_circuit_operator.py
[2023-05-06T02:14:32.901+0000] {processor.py:753} INFO - DAG(s) dict_keys(['example_short_circuit_operator']) retrieved from /home/airflow/.local/lib/python3.7/site-packages/airflow/example_dags/example_short_circuit_operator.py
[2023-05-06T02:14:32.958+0000] {logging_mixin.py:137} INFO - [2023-05-06T02:14:32.957+0000] {dag.py:2705} INFO - Sync 1 DAGs
[2023-05-06T02:14:33.010+0000] {logging_mixin.py:137} INFO - [2023-05-06T02:14:33.009+0000] {dag.py:3456} INFO - Setting next_dagrun for example_short_circuit_operator to 2023-05-05T02:14:33.009279+00:00, run_after=2023-05-06T02:14:33.009279+00:00
[2023-05-06T02:14:33.045+0000] {processor.py:175} INFO - Processing /home/airflow/.local/lib/python3.7/site-packages/airflow/example_dags/example_short_circuit_operator.py took 0.195 seconds
[2023-05-06T02:15:03.256+0000] {processor.py:153} INFO - Started process (PID=5839) to work on /home/airflow/.local/lib/python3.7/site-packages/airflow/example_dags/example_short_circuit_operator.py
[2023-05-06T02:15:03.258+0000] {processor.py:743} INFO - Processing file /home/airflow/.local/lib/python3.7/site-packages/airflow/example_dags/example_short_circuit_operator.py for tasks to queue
[2023-05-06T02:15:03.261+0000] {logging_mixin.py:137} INFO - [2023-05-06T02:15:03.260+0000] {dagbag.py:532} INFO - Filling up the DagBag from /home/airflow/.local/lib/python3.7/site-packages/airflow/example_dags/example_short_circuit_operator.py
[2023-05-06T02:15:03.293+0000] {processor.py:753} INFO - DAG(s) dict_keys(['example_short_circuit_operator']) retrieved from /home/airflow/.local/lib/python3.7/site-packages/airflow/example_dags/example_short_circuit_operator.py
[2023-05-06T02:15:03.343+0000] {logging_mixin.py:137} INFO - [2023-05-06T02:15:03.342+0000] {dag.py:2705} INFO - Sync 1 DAGs
[2023-05-06T02:15:03.403+0000] {logging_mixin.py:137} INFO - [2023-05-06T02:15:03.403+0000] {dag.py:3456} INFO - Setting next_dagrun for example_short_circuit_operator to 2023-05-05T02:15:03.403083+00:00, run_after=2023-05-06T02:15:03.403083+00:00
[2023-05-06T02:15:03.430+0000] {processor.py:175} INFO - Processing /home/airflow/.local/lib/python3.7/site-packages/airflow/example_dags/example_short_circuit_operator.py took 0.181 seconds
[2023-05-06T02:15:33.601+0000] {processor.py:153} INFO - Started process (PID=5890) to work on /home/airflow/.local/lib/python3.7/site-packages/airflow/example_dags/example_short_circuit_operator.py
[2023-05-06T02:15:33.609+0000] {processor.py:743} INFO - Processing file /home/airflow/.local/lib/python3.7/site-packages/airflow/example_dags/example_short_circuit_operator.py for tasks to queue
[2023-05-06T02:15:33.611+0000] {logging_mixin.py:137} INFO - [2023-05-06T02:15:33.610+0000] {dagbag.py:532} INFO - Filling up the DagBag from /home/airflow/.local/lib/python3.7/site-packages/airflow/example_dags/example_short_circuit_operator.py
[2023-05-06T02:15:33.641+0000] {processor.py:753} INFO - DAG(s) dict_keys(['example_short_circuit_operator']) retrieved from /home/airflow/.local/lib/python3.7/site-packages/airflow/example_dags/example_short_circuit_operator.py
[2023-05-06T02:15:33.699+0000] {logging_mixin.py:137} INFO - [2023-05-06T02:15:33.699+0000] {dag.py:2705} INFO - Sync 1 DAGs
[2023-05-06T02:15:33.739+0000] {logging_mixin.py:137} INFO - [2023-05-06T02:15:33.739+0000] {dag.py:3456} INFO - Setting next_dagrun for example_short_circuit_operator to 2023-05-05T02:15:33.738907+00:00, run_after=2023-05-06T02:15:33.738907+00:00
[2023-05-06T02:15:33.773+0000] {processor.py:175} INFO - Processing /home/airflow/.local/lib/python3.7/site-packages/airflow/example_dags/example_short_circuit_operator.py took 0.186 seconds
[2023-05-06T02:16:05.103+0000] {processor.py:153} INFO - Started process (PID=5943) to work on /home/airflow/.local/lib/python3.7/site-packages/airflow/example_dags/example_short_circuit_operator.py
[2023-05-06T02:16:05.110+0000] {processor.py:743} INFO - Processing file /home/airflow/.local/lib/python3.7/site-packages/airflow/example_dags/example_short_circuit_operator.py for tasks to queue
[2023-05-06T02:16:05.115+0000] {logging_mixin.py:137} INFO - [2023-05-06T02:16:05.115+0000] {dagbag.py:532} INFO - Filling up the DagBag from /home/airflow/.local/lib/python3.7/site-packages/airflow/example_dags/example_short_circuit_operator.py
[2023-05-06T02:16:05.166+0000] {processor.py:753} INFO - DAG(s) dict_keys(['example_short_circuit_operator']) retrieved from /home/airflow/.local/lib/python3.7/site-packages/airflow/example_dags/example_short_circuit_operator.py
[2023-05-06T02:16:05.367+0000] {logging_mixin.py:137} INFO - [2023-05-06T02:16:05.367+0000] {dag.py:2705} INFO - Sync 1 DAGs
[2023-05-06T02:16:05.419+0000] {logging_mixin.py:137} INFO - [2023-05-06T02:16:05.418+0000] {dag.py:3456} INFO - Setting next_dagrun for example_short_circuit_operator to 2023-05-05T02:16:05.418499+00:00, run_after=2023-05-06T02:16:05.418499+00:00
[2023-05-06T02:16:05.448+0000] {processor.py:175} INFO - Processing /home/airflow/.local/lib/python3.7/site-packages/airflow/example_dags/example_short_circuit_operator.py took 0.355 seconds
[2023-05-06T02:16:37.195+0000] {processor.py:153} INFO - Started process (PID=5995) to work on /home/airflow/.local/lib/python3.7/site-packages/airflow/example_dags/example_short_circuit_operator.py
[2023-05-06T02:16:37.230+0000] {processor.py:743} INFO - Processing file /home/airflow/.local/lib/python3.7/site-packages/airflow/example_dags/example_short_circuit_operator.py for tasks to queue
[2023-05-06T02:16:37.254+0000] {logging_mixin.py:137} INFO - [2023-05-06T02:16:37.252+0000] {dagbag.py:532} INFO - Filling up the DagBag from /home/airflow/.local/lib/python3.7/site-packages/airflow/example_dags/example_short_circuit_operator.py
[2023-05-06T02:16:37.473+0000] {processor.py:753} INFO - DAG(s) dict_keys(['example_short_circuit_operator']) retrieved from /home/airflow/.local/lib/python3.7/site-packages/airflow/example_dags/example_short_circuit_operator.py
[2023-05-06T02:16:37.708+0000] {logging_mixin.py:137} INFO - [2023-05-06T02:16:37.707+0000] {dag.py:2705} INFO - Sync 1 DAGs
[2023-05-06T02:16:37.951+0000] {logging_mixin.py:137} INFO - [2023-05-06T02:16:37.950+0000] {dag.py:3456} INFO - Setting next_dagrun for example_short_circuit_operator to 2023-05-05T02:16:37.950271+00:00, run_after=2023-05-06T02:16:37.950271+00:00
[2023-05-06T02:16:38.097+0000] {processor.py:175} INFO - Processing /home/airflow/.local/lib/python3.7/site-packages/airflow/example_dags/example_short_circuit_operator.py took 0.940 seconds
[2023-05-06T02:17:11.266+0000] {processor.py:153} INFO - Started process (PID=6054) to work on /home/airflow/.local/lib/python3.7/site-packages/airflow/example_dags/example_short_circuit_operator.py
[2023-05-06T02:17:11.277+0000] {processor.py:743} INFO - Processing file /home/airflow/.local/lib/python3.7/site-packages/airflow/example_dags/example_short_circuit_operator.py for tasks to queue
[2023-05-06T02:17:11.292+0000] {logging_mixin.py:137} INFO - [2023-05-06T02:17:11.291+0000] {dagbag.py:532} INFO - Filling up the DagBag from /home/airflow/.local/lib/python3.7/site-packages/airflow/example_dags/example_short_circuit_operator.py
[2023-05-06T02:17:11.405+0000] {processor.py:753} INFO - DAG(s) dict_keys(['example_short_circuit_operator']) retrieved from /home/airflow/.local/lib/python3.7/site-packages/airflow/example_dags/example_short_circuit_operator.py
[2023-05-06T02:17:11.544+0000] {logging_mixin.py:137} INFO - [2023-05-06T02:17:11.543+0000] {dag.py:2705} INFO - Sync 1 DAGs
[2023-05-06T02:17:11.653+0000] {logging_mixin.py:137} INFO - [2023-05-06T02:17:11.652+0000] {dag.py:3456} INFO - Setting next_dagrun for example_short_circuit_operator to 2023-05-05T02:17:11.651589+00:00, run_after=2023-05-06T02:17:11.651589+00:00
[2023-05-06T02:17:11.857+0000] {processor.py:175} INFO - Processing /home/airflow/.local/lib/python3.7/site-packages/airflow/example_dags/example_short_circuit_operator.py took 0.617 seconds
[2023-05-06T02:18:58.993+0000] {processor.py:153} INFO - Started process (PID=6117) to work on /home/airflow/.local/lib/python3.7/site-packages/airflow/example_dags/example_short_circuit_operator.py
[2023-05-06T02:18:59.270+0000] {processor.py:743} INFO - Processing file /home/airflow/.local/lib/python3.7/site-packages/airflow/example_dags/example_short_circuit_operator.py for tasks to queue
[2023-05-06T02:18:59.362+0000] {logging_mixin.py:137} INFO - [2023-05-06T02:18:59.306+0000] {dagbag.py:532} INFO - Filling up the DagBag from /home/airflow/.local/lib/python3.7/site-packages/airflow/example_dags/example_short_circuit_operator.py
[2023-05-06T02:19:02.513+0000] {processor.py:753} INFO - DAG(s) dict_keys(['example_short_circuit_operator']) retrieved from /home/airflow/.local/lib/python3.7/site-packages/airflow/example_dags/example_short_circuit_operator.py
[2023-05-06T02:19:07.836+0000] {logging_mixin.py:137} INFO - [2023-05-06T02:19:07.786+0000] {dag.py:2705} INFO - Sync 1 DAGs
[2023-05-06T02:19:11.520+0000] {logging_mixin.py:137} INFO - [2023-05-06T02:19:11.505+0000] {dag.py:3456} INFO - Setting next_dagrun for example_short_circuit_operator to 2023-05-05T02:19:11.500301+00:00, run_after=2023-05-06T02:19:11.500301+00:00
[2023-05-06T02:19:17.672+0000] {processor.py:175} INFO - Processing /home/airflow/.local/lib/python3.7/site-packages/airflow/example_dags/example_short_circuit_operator.py took 19.122 seconds
