[2023-05-06T00:03:51.150+0000] {processor.py:153} INFO - Started process (PID=4292) to work on /home/airflow/.local/lib/python3.7/site-packages/airflow/example_dags/example_nested_branch_dag.py
[2023-05-06T00:03:51.155+0000] {processor.py:743} INFO - Processing file /home/airflow/.local/lib/python3.7/site-packages/airflow/example_dags/example_nested_branch_dag.py for tasks to queue
[2023-05-06T00:03:51.156+0000] {logging_mixin.py:137} INFO - [2023-05-06T00:03:51.156+0000] {dagbag.py:532} INFO - Filling up the DagBag from /home/airflow/.local/lib/python3.7/site-packages/airflow/example_dags/example_nested_branch_dag.py
[2023-05-06T00:03:51.213+0000] {processor.py:753} INFO - DAG(s) dict_keys(['example_nested_branch_dag']) retrieved from /home/airflow/.local/lib/python3.7/site-packages/airflow/example_dags/example_nested_branch_dag.py
[2023-05-06T00:03:51.258+0000] {logging_mixin.py:137} INFO - [2023-05-06T00:03:51.258+0000] {dag.py:2705} INFO - Sync 1 DAGs
[2023-05-06T00:03:51.296+0000] {logging_mixin.py:137} INFO - [2023-05-06T00:03:51.296+0000] {dag.py:3456} INFO - Setting next_dagrun for example_nested_branch_dag to 2023-05-05T00:00:00+00:00, run_after=2023-05-06T00:00:00+00:00
[2023-05-06T00:03:51.325+0000] {processor.py:175} INFO - Processing /home/airflow/.local/lib/python3.7/site-packages/airflow/example_dags/example_nested_branch_dag.py took 0.180 seconds
[2023-05-06T00:17:31.466+0000] {processor.py:153} INFO - Started process (PID=4343) to work on /home/airflow/.local/lib/python3.7/site-packages/airflow/example_dags/example_nested_branch_dag.py
[2023-05-06T00:17:31.469+0000] {processor.py:743} INFO - Processing file /home/airflow/.local/lib/python3.7/site-packages/airflow/example_dags/example_nested_branch_dag.py for tasks to queue
[2023-05-06T00:17:31.471+0000] {logging_mixin.py:137} INFO - [2023-05-06T00:17:31.471+0000] {dagbag.py:532} INFO - Filling up the DagBag from /home/airflow/.local/lib/python3.7/site-packages/airflow/example_dags/example_nested_branch_dag.py
[2023-05-06T00:17:31.516+0000] {processor.py:753} INFO - DAG(s) dict_keys(['example_nested_branch_dag']) retrieved from /home/airflow/.local/lib/python3.7/site-packages/airflow/example_dags/example_nested_branch_dag.py
[2023-05-06T00:17:31.567+0000] {logging_mixin.py:137} INFO - [2023-05-06T00:17:31.567+0000] {dag.py:2705} INFO - Sync 1 DAGs
[2023-05-06T00:17:31.601+0000] {logging_mixin.py:137} INFO - [2023-05-06T00:17:31.601+0000] {dag.py:3456} INFO - Setting next_dagrun for example_nested_branch_dag to 2023-05-05T00:00:00+00:00, run_after=2023-05-06T00:00:00+00:00
[2023-05-06T00:17:31.629+0000] {processor.py:175} INFO - Processing /home/airflow/.local/lib/python3.7/site-packages/airflow/example_dags/example_nested_branch_dag.py took 0.167 seconds
[2023-05-06T00:20:40.726+0000] {processor.py:153} INFO - Started process (PID=4395) to work on /home/airflow/.local/lib/python3.7/site-packages/airflow/example_dags/example_nested_branch_dag.py
[2023-05-06T00:20:40.728+0000] {processor.py:743} INFO - Processing file /home/airflow/.local/lib/python3.7/site-packages/airflow/example_dags/example_nested_branch_dag.py for tasks to queue
[2023-05-06T00:20:40.730+0000] {logging_mixin.py:137} INFO - [2023-05-06T00:20:40.730+0000] {dagbag.py:532} INFO - Filling up the DagBag from /home/airflow/.local/lib/python3.7/site-packages/airflow/example_dags/example_nested_branch_dag.py
[2023-05-06T00:20:40.773+0000] {processor.py:753} INFO - DAG(s) dict_keys(['example_nested_branch_dag']) retrieved from /home/airflow/.local/lib/python3.7/site-packages/airflow/example_dags/example_nested_branch_dag.py
[2023-05-06T00:20:40.827+0000] {logging_mixin.py:137} INFO - [2023-05-06T00:20:40.826+0000] {dag.py:2705} INFO - Sync 1 DAGs
[2023-05-06T00:20:40.879+0000] {logging_mixin.py:137} INFO - [2023-05-06T00:20:40.879+0000] {dag.py:3456} INFO - Setting next_dagrun for example_nested_branch_dag to 2023-05-05T00:00:00+00:00, run_after=2023-05-06T00:00:00+00:00
[2023-05-06T00:20:40.927+0000] {processor.py:175} INFO - Processing /home/airflow/.local/lib/python3.7/site-packages/airflow/example_dags/example_nested_branch_dag.py took 0.217 seconds
[2023-05-06T00:36:34.958+0000] {processor.py:153} INFO - Started process (PID=4455) to work on /home/airflow/.local/lib/python3.7/site-packages/airflow/example_dags/example_nested_branch_dag.py
[2023-05-06T00:36:34.972+0000] {processor.py:743} INFO - Processing file /home/airflow/.local/lib/python3.7/site-packages/airflow/example_dags/example_nested_branch_dag.py for tasks to queue
[2023-05-06T00:36:34.997+0000] {logging_mixin.py:137} INFO - [2023-05-06T00:36:34.993+0000] {dagbag.py:532} INFO - Filling up the DagBag from /home/airflow/.local/lib/python3.7/site-packages/airflow/example_dags/example_nested_branch_dag.py
[2023-05-06T00:36:35.231+0000] {processor.py:753} INFO - DAG(s) dict_keys(['example_nested_branch_dag']) retrieved from /home/airflow/.local/lib/python3.7/site-packages/airflow/example_dags/example_nested_branch_dag.py
[2023-05-06T00:36:35.416+0000] {logging_mixin.py:137} INFO - [2023-05-06T00:36:35.416+0000] {dag.py:2705} INFO - Sync 1 DAGs
[2023-05-06T00:36:35.602+0000] {logging_mixin.py:137} INFO - [2023-05-06T00:36:35.602+0000] {dag.py:3456} INFO - Setting next_dagrun for example_nested_branch_dag to 2023-05-05T00:00:00+00:00, run_after=2023-05-06T00:00:00+00:00
[2023-05-06T00:36:35.707+0000] {processor.py:175} INFO - Processing /home/airflow/.local/lib/python3.7/site-packages/airflow/example_dags/example_nested_branch_dag.py took 0.770 seconds
[2023-05-06T00:37:57.408+0000] {processor.py:153} INFO - Started process (PID=4531) to work on /home/airflow/.local/lib/python3.7/site-packages/airflow/example_dags/example_nested_branch_dag.py
[2023-05-06T00:37:57.432+0000] {processor.py:743} INFO - Processing file /home/airflow/.local/lib/python3.7/site-packages/airflow/example_dags/example_nested_branch_dag.py for tasks to queue
[2023-05-06T00:37:57.464+0000] {logging_mixin.py:137} INFO - [2023-05-06T00:37:57.449+0000] {dagbag.py:532} INFO - Filling up the DagBag from /home/airflow/.local/lib/python3.7/site-packages/airflow/example_dags/example_nested_branch_dag.py
[2023-05-06T00:37:58.124+0000] {processor.py:753} INFO - DAG(s) dict_keys(['example_nested_branch_dag']) retrieved from /home/airflow/.local/lib/python3.7/site-packages/airflow/example_dags/example_nested_branch_dag.py
[2023-05-06T00:37:58.459+0000] {logging_mixin.py:137} INFO - [2023-05-06T00:37:58.458+0000] {dag.py:2705} INFO - Sync 1 DAGs
[2023-05-06T00:37:58.635+0000] {logging_mixin.py:137} INFO - [2023-05-06T00:37:58.634+0000] {dag.py:3456} INFO - Setting next_dagrun for example_nested_branch_dag to 2023-05-05T00:00:00+00:00, run_after=2023-05-06T00:00:00+00:00
[2023-05-06T00:37:58.741+0000] {processor.py:175} INFO - Processing /home/airflow/.local/lib/python3.7/site-packages/airflow/example_dags/example_nested_branch_dag.py took 1.418 seconds
[2023-05-06T00:38:57.956+0000] {processor.py:153} INFO - Started process (PID=4595) to work on /home/airflow/.local/lib/python3.7/site-packages/airflow/example_dags/example_nested_branch_dag.py
[2023-05-06T00:38:57.985+0000] {processor.py:743} INFO - Processing file /home/airflow/.local/lib/python3.7/site-packages/airflow/example_dags/example_nested_branch_dag.py for tasks to queue
[2023-05-06T00:38:58.015+0000] {logging_mixin.py:137} INFO - [2023-05-06T00:38:58.006+0000] {dagbag.py:532} INFO - Filling up the DagBag from /home/airflow/.local/lib/python3.7/site-packages/airflow/example_dags/example_nested_branch_dag.py
[2023-05-06T00:38:58.958+0000] {processor.py:753} INFO - DAG(s) dict_keys(['example_nested_branch_dag']) retrieved from /home/airflow/.local/lib/python3.7/site-packages/airflow/example_dags/example_nested_branch_dag.py
[2023-05-06T00:38:59.465+0000] {logging_mixin.py:137} INFO - [2023-05-06T00:38:59.459+0000] {dag.py:2705} INFO - Sync 1 DAGs
[2023-05-06T00:38:59.912+0000] {logging_mixin.py:137} INFO - [2023-05-06T00:38:59.909+0000] {dag.py:3456} INFO - Setting next_dagrun for example_nested_branch_dag to 2023-05-05T00:00:00+00:00, run_after=2023-05-06T00:00:00+00:00
[2023-05-06T00:39:00.366+0000] {processor.py:175} INFO - Processing /home/airflow/.local/lib/python3.7/site-packages/airflow/example_dags/example_nested_branch_dag.py took 2.458 seconds
[2023-05-06T00:54:50.974+0000] {processor.py:153} INFO - Started process (PID=4654) to work on /home/airflow/.local/lib/python3.7/site-packages/airflow/example_dags/example_nested_branch_dag.py
[2023-05-06T00:54:50.993+0000] {processor.py:743} INFO - Processing file /home/airflow/.local/lib/python3.7/site-packages/airflow/example_dags/example_nested_branch_dag.py for tasks to queue
[2023-05-06T00:54:51.010+0000] {logging_mixin.py:137} INFO - [2023-05-06T00:54:51.009+0000] {dagbag.py:532} INFO - Filling up the DagBag from /home/airflow/.local/lib/python3.7/site-packages/airflow/example_dags/example_nested_branch_dag.py
[2023-05-06T00:54:51.265+0000] {processor.py:753} INFO - DAG(s) dict_keys(['example_nested_branch_dag']) retrieved from /home/airflow/.local/lib/python3.7/site-packages/airflow/example_dags/example_nested_branch_dag.py
[2023-05-06T00:54:51.447+0000] {logging_mixin.py:137} INFO - [2023-05-06T00:54:51.446+0000] {dag.py:2705} INFO - Sync 1 DAGs
[2023-05-06T00:54:51.620+0000] {logging_mixin.py:137} INFO - [2023-05-06T00:54:51.619+0000] {dag.py:3456} INFO - Setting next_dagrun for example_nested_branch_dag to 2023-05-05T00:00:00+00:00, run_after=2023-05-06T00:00:00+00:00
[2023-05-06T00:54:51.732+0000] {processor.py:175} INFO - Processing /home/airflow/.local/lib/python3.7/site-packages/airflow/example_dags/example_nested_branch_dag.py took 0.798 seconds
[2023-05-06T02:03:43.656+0000] {processor.py:153} INFO - Started process (PID=4712) to work on /home/airflow/.local/lib/python3.7/site-packages/airflow/example_dags/example_nested_branch_dag.py
[2023-05-06T02:03:43.659+0000] {processor.py:743} INFO - Processing file /home/airflow/.local/lib/python3.7/site-packages/airflow/example_dags/example_nested_branch_dag.py for tasks to queue
[2023-05-06T02:03:43.712+0000] {logging_mixin.py:137} INFO - [2023-05-06T02:03:43.711+0000] {dagbag.py:532} INFO - Filling up the DagBag from /home/airflow/.local/lib/python3.7/site-packages/airflow/example_dags/example_nested_branch_dag.py
[2023-05-06T02:03:43.870+0000] {processor.py:753} INFO - DAG(s) dict_keys(['example_nested_branch_dag']) retrieved from /home/airflow/.local/lib/python3.7/site-packages/airflow/example_dags/example_nested_branch_dag.py
[2023-05-06T02:03:43.949+0000] {logging_mixin.py:137} INFO - [2023-05-06T02:03:43.949+0000] {dag.py:2705} INFO - Sync 1 DAGs
[2023-05-06T02:03:44.031+0000] {logging_mixin.py:137} INFO - [2023-05-06T02:03:44.031+0000] {dag.py:3456} INFO - Setting next_dagrun for example_nested_branch_dag to 2023-05-05T00:00:00+00:00, run_after=2023-05-06T00:00:00+00:00
[2023-05-06T02:03:44.080+0000] {processor.py:175} INFO - Processing /home/airflow/.local/lib/python3.7/site-packages/airflow/example_dags/example_nested_branch_dag.py took 0.474 seconds
[2023-05-06T02:04:16.598+0000] {processor.py:153} INFO - Started process (PID=4764) to work on /home/airflow/.local/lib/python3.7/site-packages/airflow/example_dags/example_nested_branch_dag.py
[2023-05-06T02:04:16.601+0000] {processor.py:743} INFO - Processing file /home/airflow/.local/lib/python3.7/site-packages/airflow/example_dags/example_nested_branch_dag.py for tasks to queue
[2023-05-06T02:04:16.604+0000] {logging_mixin.py:137} INFO - [2023-05-06T02:04:16.603+0000] {dagbag.py:532} INFO - Filling up the DagBag from /home/airflow/.local/lib/python3.7/site-packages/airflow/example_dags/example_nested_branch_dag.py
[2023-05-06T02:04:16.650+0000] {processor.py:753} INFO - DAG(s) dict_keys(['example_nested_branch_dag']) retrieved from /home/airflow/.local/lib/python3.7/site-packages/airflow/example_dags/example_nested_branch_dag.py
[2023-05-06T02:04:16.698+0000] {logging_mixin.py:137} INFO - [2023-05-06T02:04:16.698+0000] {dag.py:2705} INFO - Sync 1 DAGs
[2023-05-06T02:04:16.744+0000] {logging_mixin.py:137} INFO - [2023-05-06T02:04:16.744+0000] {dag.py:3456} INFO - Setting next_dagrun for example_nested_branch_dag to 2023-05-05T00:00:00+00:00, run_after=2023-05-06T00:00:00+00:00
[2023-05-06T02:04:16.772+0000] {processor.py:175} INFO - Processing /home/airflow/.local/lib/python3.7/site-packages/airflow/example_dags/example_nested_branch_dag.py took 0.185 seconds
[2023-05-06T02:04:52.124+0000] {processor.py:153} INFO - Started process (PID=4816) to work on /home/airflow/.local/lib/python3.7/site-packages/airflow/example_dags/example_nested_branch_dag.py
[2023-05-06T02:04:52.160+0000] {processor.py:743} INFO - Processing file /home/airflow/.local/lib/python3.7/site-packages/airflow/example_dags/example_nested_branch_dag.py for tasks to queue
[2023-05-06T02:04:52.182+0000] {logging_mixin.py:137} INFO - [2023-05-06T02:04:52.181+0000] {dagbag.py:532} INFO - Filling up the DagBag from /home/airflow/.local/lib/python3.7/site-packages/airflow/example_dags/example_nested_branch_dag.py
[2023-05-06T02:04:52.303+0000] {processor.py:753} INFO - DAG(s) dict_keys(['example_nested_branch_dag']) retrieved from /home/airflow/.local/lib/python3.7/site-packages/airflow/example_dags/example_nested_branch_dag.py
[2023-05-06T02:04:52.404+0000] {logging_mixin.py:137} INFO - [2023-05-06T02:04:52.403+0000] {dag.py:2705} INFO - Sync 1 DAGs
[2023-05-06T02:04:52.501+0000] {logging_mixin.py:137} INFO - [2023-05-06T02:04:52.501+0000] {dag.py:3456} INFO - Setting next_dagrun for example_nested_branch_dag to 2023-05-05T00:00:00+00:00, run_after=2023-05-06T00:00:00+00:00
[2023-05-06T02:04:52.606+0000] {processor.py:175} INFO - Processing /home/airflow/.local/lib/python3.7/site-packages/airflow/example_dags/example_nested_branch_dag.py took 0.512 seconds
[2023-05-06T02:05:22.966+0000] {processor.py:153} INFO - Started process (PID=4868) to work on /home/airflow/.local/lib/python3.7/site-packages/airflow/example_dags/example_nested_branch_dag.py
[2023-05-06T02:05:22.970+0000] {processor.py:743} INFO - Processing file /home/airflow/.local/lib/python3.7/site-packages/airflow/example_dags/example_nested_branch_dag.py for tasks to queue
[2023-05-06T02:05:22.976+0000] {logging_mixin.py:137} INFO - [2023-05-06T02:05:22.975+0000] {dagbag.py:532} INFO - Filling up the DagBag from /home/airflow/.local/lib/python3.7/site-packages/airflow/example_dags/example_nested_branch_dag.py
[2023-05-06T02:05:23.068+0000] {processor.py:753} INFO - DAG(s) dict_keys(['example_nested_branch_dag']) retrieved from /home/airflow/.local/lib/python3.7/site-packages/airflow/example_dags/example_nested_branch_dag.py
[2023-05-06T02:05:23.255+0000] {logging_mixin.py:137} INFO - [2023-05-06T02:05:23.255+0000] {dag.py:2705} INFO - Sync 1 DAGs
[2023-05-06T02:05:23.438+0000] {logging_mixin.py:137} INFO - [2023-05-06T02:05:23.438+0000] {dag.py:3456} INFO - Setting next_dagrun for example_nested_branch_dag to 2023-05-05T00:00:00+00:00, run_after=2023-05-06T00:00:00+00:00
[2023-05-06T02:05:23.548+0000] {processor.py:175} INFO - Processing /home/airflow/.local/lib/python3.7/site-packages/airflow/example_dags/example_nested_branch_dag.py took 0.593 seconds
[2023-05-06T02:05:54.137+0000] {processor.py:153} INFO - Started process (PID=4920) to work on /home/airflow/.local/lib/python3.7/site-packages/airflow/example_dags/example_nested_branch_dag.py
[2023-05-06T02:05:54.148+0000] {processor.py:743} INFO - Processing file /home/airflow/.local/lib/python3.7/site-packages/airflow/example_dags/example_nested_branch_dag.py for tasks to queue
[2023-05-06T02:05:54.151+0000] {logging_mixin.py:137} INFO - [2023-05-06T02:05:54.151+0000] {dagbag.py:532} INFO - Filling up the DagBag from /home/airflow/.local/lib/python3.7/site-packages/airflow/example_dags/example_nested_branch_dag.py
[2023-05-06T02:05:54.289+0000] {processor.py:753} INFO - DAG(s) dict_keys(['example_nested_branch_dag']) retrieved from /home/airflow/.local/lib/python3.7/site-packages/airflow/example_dags/example_nested_branch_dag.py
[2023-05-06T02:05:54.375+0000] {logging_mixin.py:137} INFO - [2023-05-06T02:05:54.374+0000] {dag.py:2705} INFO - Sync 1 DAGs
[2023-05-06T02:05:54.471+0000] {logging_mixin.py:137} INFO - [2023-05-06T02:05:54.470+0000] {dag.py:3456} INFO - Setting next_dagrun for example_nested_branch_dag to 2023-05-05T00:00:00+00:00, run_after=2023-05-06T00:00:00+00:00
[2023-05-06T02:05:54.536+0000] {processor.py:175} INFO - Processing /home/airflow/.local/lib/python3.7/site-packages/airflow/example_dags/example_nested_branch_dag.py took 0.419 seconds
[2023-05-06T02:06:25.316+0000] {processor.py:153} INFO - Started process (PID=4972) to work on /home/airflow/.local/lib/python3.7/site-packages/airflow/example_dags/example_nested_branch_dag.py
[2023-05-06T02:06:25.330+0000] {processor.py:743} INFO - Processing file /home/airflow/.local/lib/python3.7/site-packages/airflow/example_dags/example_nested_branch_dag.py for tasks to queue
[2023-05-06T02:06:25.336+0000] {logging_mixin.py:137} INFO - [2023-05-06T02:06:25.336+0000] {dagbag.py:532} INFO - Filling up the DagBag from /home/airflow/.local/lib/python3.7/site-packages/airflow/example_dags/example_nested_branch_dag.py
[2023-05-06T02:06:25.442+0000] {processor.py:753} INFO - DAG(s) dict_keys(['example_nested_branch_dag']) retrieved from /home/airflow/.local/lib/python3.7/site-packages/airflow/example_dags/example_nested_branch_dag.py
[2023-05-06T02:06:25.493+0000] {logging_mixin.py:137} INFO - [2023-05-06T02:06:25.493+0000] {dag.py:2705} INFO - Sync 1 DAGs
[2023-05-06T02:06:25.536+0000] {logging_mixin.py:137} INFO - [2023-05-06T02:06:25.536+0000] {dag.py:3456} INFO - Setting next_dagrun for example_nested_branch_dag to 2023-05-05T00:00:00+00:00, run_after=2023-05-06T00:00:00+00:00
[2023-05-06T02:06:25.571+0000] {processor.py:175} INFO - Processing /home/airflow/.local/lib/python3.7/site-packages/airflow/example_dags/example_nested_branch_dag.py took 0.265 seconds
[2023-05-06T02:06:56.073+0000] {processor.py:153} INFO - Started process (PID=5024) to work on /home/airflow/.local/lib/python3.7/site-packages/airflow/example_dags/example_nested_branch_dag.py
[2023-05-06T02:06:56.088+0000] {processor.py:743} INFO - Processing file /home/airflow/.local/lib/python3.7/site-packages/airflow/example_dags/example_nested_branch_dag.py for tasks to queue
[2023-05-06T02:06:56.090+0000] {logging_mixin.py:137} INFO - [2023-05-06T02:06:56.090+0000] {dagbag.py:532} INFO - Filling up the DagBag from /home/airflow/.local/lib/python3.7/site-packages/airflow/example_dags/example_nested_branch_dag.py
[2023-05-06T02:06:56.133+0000] {processor.py:753} INFO - DAG(s) dict_keys(['example_nested_branch_dag']) retrieved from /home/airflow/.local/lib/python3.7/site-packages/airflow/example_dags/example_nested_branch_dag.py
[2023-05-06T02:06:56.183+0000] {logging_mixin.py:137} INFO - [2023-05-06T02:06:56.183+0000] {dag.py:2705} INFO - Sync 1 DAGs
[2023-05-06T02:06:56.223+0000] {logging_mixin.py:137} INFO - [2023-05-06T02:06:56.222+0000] {dag.py:3456} INFO - Setting next_dagrun for example_nested_branch_dag to 2023-05-05T00:00:00+00:00, run_after=2023-05-06T00:00:00+00:00
[2023-05-06T02:06:56.253+0000] {processor.py:175} INFO - Processing /home/airflow/.local/lib/python3.7/site-packages/airflow/example_dags/example_nested_branch_dag.py took 0.192 seconds
[2023-05-06T02:07:26.712+0000] {processor.py:153} INFO - Started process (PID=5076) to work on /home/airflow/.local/lib/python3.7/site-packages/airflow/example_dags/example_nested_branch_dag.py
[2023-05-06T02:07:26.715+0000] {processor.py:743} INFO - Processing file /home/airflow/.local/lib/python3.7/site-packages/airflow/example_dags/example_nested_branch_dag.py for tasks to queue
[2023-05-06T02:07:26.719+0000] {logging_mixin.py:137} INFO - [2023-05-06T02:07:26.718+0000] {dagbag.py:532} INFO - Filling up the DagBag from /home/airflow/.local/lib/python3.7/site-packages/airflow/example_dags/example_nested_branch_dag.py
[2023-05-06T02:07:26.768+0000] {processor.py:753} INFO - DAG(s) dict_keys(['example_nested_branch_dag']) retrieved from /home/airflow/.local/lib/python3.7/site-packages/airflow/example_dags/example_nested_branch_dag.py
[2023-05-06T02:07:26.823+0000] {logging_mixin.py:137} INFO - [2023-05-06T02:07:26.822+0000] {dag.py:2705} INFO - Sync 1 DAGs
[2023-05-06T02:07:26.872+0000] {logging_mixin.py:137} INFO - [2023-05-06T02:07:26.872+0000] {dag.py:3456} INFO - Setting next_dagrun for example_nested_branch_dag to 2023-05-05T00:00:00+00:00, run_after=2023-05-06T00:00:00+00:00
[2023-05-06T02:07:26.916+0000] {processor.py:175} INFO - Processing /home/airflow/.local/lib/python3.7/site-packages/airflow/example_dags/example_nested_branch_dag.py took 0.215 seconds
[2023-05-06T02:07:57.324+0000] {processor.py:153} INFO - Started process (PID=5127) to work on /home/airflow/.local/lib/python3.7/site-packages/airflow/example_dags/example_nested_branch_dag.py
[2023-05-06T02:07:57.327+0000] {processor.py:743} INFO - Processing file /home/airflow/.local/lib/python3.7/site-packages/airflow/example_dags/example_nested_branch_dag.py for tasks to queue
[2023-05-06T02:07:57.332+0000] {logging_mixin.py:137} INFO - [2023-05-06T02:07:57.330+0000] {dagbag.py:532} INFO - Filling up the DagBag from /home/airflow/.local/lib/python3.7/site-packages/airflow/example_dags/example_nested_branch_dag.py
[2023-05-06T02:07:57.377+0000] {processor.py:753} INFO - DAG(s) dict_keys(['example_nested_branch_dag']) retrieved from /home/airflow/.local/lib/python3.7/site-packages/airflow/example_dags/example_nested_branch_dag.py
[2023-05-06T02:07:57.428+0000] {logging_mixin.py:137} INFO - [2023-05-06T02:07:57.428+0000] {dag.py:2705} INFO - Sync 1 DAGs
[2023-05-06T02:07:57.476+0000] {logging_mixin.py:137} INFO - [2023-05-06T02:07:57.476+0000] {dag.py:3456} INFO - Setting next_dagrun for example_nested_branch_dag to 2023-05-05T00:00:00+00:00, run_after=2023-05-06T00:00:00+00:00
[2023-05-06T02:07:57.512+0000] {processor.py:175} INFO - Processing /home/airflow/.local/lib/python3.7/site-packages/airflow/example_dags/example_nested_branch_dag.py took 0.197 seconds
[2023-05-06T02:08:28.194+0000] {processor.py:153} INFO - Started process (PID=5178) to work on /home/airflow/.local/lib/python3.7/site-packages/airflow/example_dags/example_nested_branch_dag.py
[2023-05-06T02:08:28.196+0000] {processor.py:743} INFO - Processing file /home/airflow/.local/lib/python3.7/site-packages/airflow/example_dags/example_nested_branch_dag.py for tasks to queue
[2023-05-06T02:08:28.199+0000] {logging_mixin.py:137} INFO - [2023-05-06T02:08:28.199+0000] {dagbag.py:532} INFO - Filling up the DagBag from /home/airflow/.local/lib/python3.7/site-packages/airflow/example_dags/example_nested_branch_dag.py
[2023-05-06T02:08:28.242+0000] {processor.py:753} INFO - DAG(s) dict_keys(['example_nested_branch_dag']) retrieved from /home/airflow/.local/lib/python3.7/site-packages/airflow/example_dags/example_nested_branch_dag.py
[2023-05-06T02:08:28.290+0000] {logging_mixin.py:137} INFO - [2023-05-06T02:08:28.290+0000] {dag.py:2705} INFO - Sync 1 DAGs
[2023-05-06T02:08:28.335+0000] {logging_mixin.py:137} INFO - [2023-05-06T02:08:28.335+0000] {dag.py:3456} INFO - Setting next_dagrun for example_nested_branch_dag to 2023-05-05T00:00:00+00:00, run_after=2023-05-06T00:00:00+00:00
[2023-05-06T02:08:28.366+0000] {processor.py:175} INFO - Processing /home/airflow/.local/lib/python3.7/site-packages/airflow/example_dags/example_nested_branch_dag.py took 0.177 seconds
[2023-05-06T02:08:59.466+0000] {processor.py:153} INFO - Started process (PID=5230) to work on /home/airflow/.local/lib/python3.7/site-packages/airflow/example_dags/example_nested_branch_dag.py
[2023-05-06T02:08:59.469+0000] {processor.py:743} INFO - Processing file /home/airflow/.local/lib/python3.7/site-packages/airflow/example_dags/example_nested_branch_dag.py for tasks to queue
[2023-05-06T02:08:59.473+0000] {logging_mixin.py:137} INFO - [2023-05-06T02:08:59.473+0000] {dagbag.py:532} INFO - Filling up the DagBag from /home/airflow/.local/lib/python3.7/site-packages/airflow/example_dags/example_nested_branch_dag.py
[2023-05-06T02:08:59.525+0000] {processor.py:753} INFO - DAG(s) dict_keys(['example_nested_branch_dag']) retrieved from /home/airflow/.local/lib/python3.7/site-packages/airflow/example_dags/example_nested_branch_dag.py
[2023-05-06T02:08:59.579+0000] {logging_mixin.py:137} INFO - [2023-05-06T02:08:59.579+0000] {dag.py:2705} INFO - Sync 1 DAGs
[2023-05-06T02:08:59.632+0000] {logging_mixin.py:137} INFO - [2023-05-06T02:08:59.632+0000] {dag.py:3456} INFO - Setting next_dagrun for example_nested_branch_dag to 2023-05-05T00:00:00+00:00, run_after=2023-05-06T00:00:00+00:00
[2023-05-06T02:08:59.682+0000] {processor.py:175} INFO - Processing /home/airflow/.local/lib/python3.7/site-packages/airflow/example_dags/example_nested_branch_dag.py took 0.226 seconds
[2023-05-06T02:09:30.039+0000] {processor.py:153} INFO - Started process (PID=5281) to work on /home/airflow/.local/lib/python3.7/site-packages/airflow/example_dags/example_nested_branch_dag.py
[2023-05-06T02:09:30.042+0000] {processor.py:743} INFO - Processing file /home/airflow/.local/lib/python3.7/site-packages/airflow/example_dags/example_nested_branch_dag.py for tasks to queue
[2023-05-06T02:09:30.044+0000] {logging_mixin.py:137} INFO - [2023-05-06T02:09:30.044+0000] {dagbag.py:532} INFO - Filling up the DagBag from /home/airflow/.local/lib/python3.7/site-packages/airflow/example_dags/example_nested_branch_dag.py
[2023-05-06T02:09:30.085+0000] {processor.py:753} INFO - DAG(s) dict_keys(['example_nested_branch_dag']) retrieved from /home/airflow/.local/lib/python3.7/site-packages/airflow/example_dags/example_nested_branch_dag.py
[2023-05-06T02:09:30.129+0000] {logging_mixin.py:137} INFO - [2023-05-06T02:09:30.129+0000] {dag.py:2705} INFO - Sync 1 DAGs
[2023-05-06T02:09:30.167+0000] {logging_mixin.py:137} INFO - [2023-05-06T02:09:30.167+0000] {dag.py:3456} INFO - Setting next_dagrun for example_nested_branch_dag to 2023-05-05T00:00:00+00:00, run_after=2023-05-06T00:00:00+00:00
[2023-05-06T02:09:30.195+0000] {processor.py:175} INFO - Processing /home/airflow/.local/lib/python3.7/site-packages/airflow/example_dags/example_nested_branch_dag.py took 0.162 seconds
[2023-05-06T02:10:00.638+0000] {processor.py:153} INFO - Started process (PID=5334) to work on /home/airflow/.local/lib/python3.7/site-packages/airflow/example_dags/example_nested_branch_dag.py
[2023-05-06T02:10:00.641+0000] {processor.py:743} INFO - Processing file /home/airflow/.local/lib/python3.7/site-packages/airflow/example_dags/example_nested_branch_dag.py for tasks to queue
[2023-05-06T02:10:00.643+0000] {logging_mixin.py:137} INFO - [2023-05-06T02:10:00.643+0000] {dagbag.py:532} INFO - Filling up the DagBag from /home/airflow/.local/lib/python3.7/site-packages/airflow/example_dags/example_nested_branch_dag.py
[2023-05-06T02:10:00.696+0000] {processor.py:753} INFO - DAG(s) dict_keys(['example_nested_branch_dag']) retrieved from /home/airflow/.local/lib/python3.7/site-packages/airflow/example_dags/example_nested_branch_dag.py
[2023-05-06T02:10:00.742+0000] {logging_mixin.py:137} INFO - [2023-05-06T02:10:00.742+0000] {dag.py:2705} INFO - Sync 1 DAGs
[2023-05-06T02:10:00.786+0000] {logging_mixin.py:137} INFO - [2023-05-06T02:10:00.786+0000] {dag.py:3456} INFO - Setting next_dagrun for example_nested_branch_dag to 2023-05-05T00:00:00+00:00, run_after=2023-05-06T00:00:00+00:00
[2023-05-06T02:10:00.826+0000] {processor.py:175} INFO - Processing /home/airflow/.local/lib/python3.7/site-packages/airflow/example_dags/example_nested_branch_dag.py took 0.198 seconds
[2023-05-06T02:10:31.477+0000] {processor.py:153} INFO - Started process (PID=5386) to work on /home/airflow/.local/lib/python3.7/site-packages/airflow/example_dags/example_nested_branch_dag.py
[2023-05-06T02:10:31.479+0000] {processor.py:743} INFO - Processing file /home/airflow/.local/lib/python3.7/site-packages/airflow/example_dags/example_nested_branch_dag.py for tasks to queue
[2023-05-06T02:10:31.482+0000] {logging_mixin.py:137} INFO - [2023-05-06T02:10:31.482+0000] {dagbag.py:532} INFO - Filling up the DagBag from /home/airflow/.local/lib/python3.7/site-packages/airflow/example_dags/example_nested_branch_dag.py
[2023-05-06T02:10:31.533+0000] {processor.py:753} INFO - DAG(s) dict_keys(['example_nested_branch_dag']) retrieved from /home/airflow/.local/lib/python3.7/site-packages/airflow/example_dags/example_nested_branch_dag.py
[2023-05-06T02:10:31.584+0000] {logging_mixin.py:137} INFO - [2023-05-06T02:10:31.584+0000] {dag.py:2705} INFO - Sync 1 DAGs
[2023-05-06T02:10:31.631+0000] {logging_mixin.py:137} INFO - [2023-05-06T02:10:31.631+0000] {dag.py:3456} INFO - Setting next_dagrun for example_nested_branch_dag to 2023-05-05T00:00:00+00:00, run_after=2023-05-06T00:00:00+00:00
[2023-05-06T02:10:31.696+0000] {processor.py:175} INFO - Processing /home/airflow/.local/lib/python3.7/site-packages/airflow/example_dags/example_nested_branch_dag.py took 0.228 seconds
[2023-05-06T02:11:02.089+0000] {processor.py:153} INFO - Started process (PID=5438) to work on /home/airflow/.local/lib/python3.7/site-packages/airflow/example_dags/example_nested_branch_dag.py
[2023-05-06T02:11:02.092+0000] {processor.py:743} INFO - Processing file /home/airflow/.local/lib/python3.7/site-packages/airflow/example_dags/example_nested_branch_dag.py for tasks to queue
[2023-05-06T02:11:02.095+0000] {logging_mixin.py:137} INFO - [2023-05-06T02:11:02.094+0000] {dagbag.py:532} INFO - Filling up the DagBag from /home/airflow/.local/lib/python3.7/site-packages/airflow/example_dags/example_nested_branch_dag.py
[2023-05-06T02:11:02.141+0000] {processor.py:753} INFO - DAG(s) dict_keys(['example_nested_branch_dag']) retrieved from /home/airflow/.local/lib/python3.7/site-packages/airflow/example_dags/example_nested_branch_dag.py
[2023-05-06T02:11:02.182+0000] {logging_mixin.py:137} INFO - [2023-05-06T02:11:02.182+0000] {dag.py:2705} INFO - Sync 1 DAGs
[2023-05-06T02:11:02.233+0000] {logging_mixin.py:137} INFO - [2023-05-06T02:11:02.233+0000] {dag.py:3456} INFO - Setting next_dagrun for example_nested_branch_dag to 2023-05-05T00:00:00+00:00, run_after=2023-05-06T00:00:00+00:00
[2023-05-06T02:11:02.276+0000] {processor.py:175} INFO - Processing /home/airflow/.local/lib/python3.7/site-packages/airflow/example_dags/example_nested_branch_dag.py took 0.194 seconds
[2023-05-06T02:11:33.330+0000] {processor.py:153} INFO - Started process (PID=5490) to work on /home/airflow/.local/lib/python3.7/site-packages/airflow/example_dags/example_nested_branch_dag.py
[2023-05-06T02:11:33.345+0000] {processor.py:743} INFO - Processing file /home/airflow/.local/lib/python3.7/site-packages/airflow/example_dags/example_nested_branch_dag.py for tasks to queue
[2023-05-06T02:11:33.348+0000] {logging_mixin.py:137} INFO - [2023-05-06T02:11:33.347+0000] {dagbag.py:532} INFO - Filling up the DagBag from /home/airflow/.local/lib/python3.7/site-packages/airflow/example_dags/example_nested_branch_dag.py
[2023-05-06T02:11:33.453+0000] {processor.py:753} INFO - DAG(s) dict_keys(['example_nested_branch_dag']) retrieved from /home/airflow/.local/lib/python3.7/site-packages/airflow/example_dags/example_nested_branch_dag.py
[2023-05-06T02:11:33.562+0000] {logging_mixin.py:137} INFO - [2023-05-06T02:11:33.562+0000] {dag.py:2705} INFO - Sync 1 DAGs
[2023-05-06T02:11:33.641+0000] {logging_mixin.py:137} INFO - [2023-05-06T02:11:33.640+0000] {dag.py:3456} INFO - Setting next_dagrun for example_nested_branch_dag to 2023-05-05T00:00:00+00:00, run_after=2023-05-06T00:00:00+00:00
[2023-05-06T02:11:33.726+0000] {processor.py:175} INFO - Processing /home/airflow/.local/lib/python3.7/site-packages/airflow/example_dags/example_nested_branch_dag.py took 0.415 seconds
[2023-05-06T02:12:04.469+0000] {processor.py:153} INFO - Started process (PID=5542) to work on /home/airflow/.local/lib/python3.7/site-packages/airflow/example_dags/example_nested_branch_dag.py
[2023-05-06T02:12:04.471+0000] {processor.py:743} INFO - Processing file /home/airflow/.local/lib/python3.7/site-packages/airflow/example_dags/example_nested_branch_dag.py for tasks to queue
[2023-05-06T02:12:04.474+0000] {logging_mixin.py:137} INFO - [2023-05-06T02:12:04.474+0000] {dagbag.py:532} INFO - Filling up the DagBag from /home/airflow/.local/lib/python3.7/site-packages/airflow/example_dags/example_nested_branch_dag.py
[2023-05-06T02:12:04.535+0000] {processor.py:753} INFO - DAG(s) dict_keys(['example_nested_branch_dag']) retrieved from /home/airflow/.local/lib/python3.7/site-packages/airflow/example_dags/example_nested_branch_dag.py
[2023-05-06T02:12:04.594+0000] {logging_mixin.py:137} INFO - [2023-05-06T02:12:04.593+0000] {dag.py:2705} INFO - Sync 1 DAGs
[2023-05-06T02:12:04.644+0000] {logging_mixin.py:137} INFO - [2023-05-06T02:12:04.644+0000] {dag.py:3456} INFO - Setting next_dagrun for example_nested_branch_dag to 2023-05-05T00:00:00+00:00, run_after=2023-05-06T00:00:00+00:00
[2023-05-06T02:12:04.678+0000] {processor.py:175} INFO - Processing /home/airflow/.local/lib/python3.7/site-packages/airflow/example_dags/example_nested_branch_dag.py took 0.221 seconds
[2023-05-06T02:12:34.760+0000] {processor.py:153} INFO - Started process (PID=5593) to work on /home/airflow/.local/lib/python3.7/site-packages/airflow/example_dags/example_nested_branch_dag.py
[2023-05-06T02:12:34.763+0000] {processor.py:743} INFO - Processing file /home/airflow/.local/lib/python3.7/site-packages/airflow/example_dags/example_nested_branch_dag.py for tasks to queue
[2023-05-06T02:12:34.767+0000] {logging_mixin.py:137} INFO - [2023-05-06T02:12:34.767+0000] {dagbag.py:532} INFO - Filling up the DagBag from /home/airflow/.local/lib/python3.7/site-packages/airflow/example_dags/example_nested_branch_dag.py
[2023-05-06T02:12:34.815+0000] {processor.py:753} INFO - DAG(s) dict_keys(['example_nested_branch_dag']) retrieved from /home/airflow/.local/lib/python3.7/site-packages/airflow/example_dags/example_nested_branch_dag.py
[2023-05-06T02:12:34.870+0000] {logging_mixin.py:137} INFO - [2023-05-06T02:12:34.869+0000] {dag.py:2705} INFO - Sync 1 DAGs
[2023-05-06T02:12:34.917+0000] {logging_mixin.py:137} INFO - [2023-05-06T02:12:34.917+0000] {dag.py:3456} INFO - Setting next_dagrun for example_nested_branch_dag to 2023-05-05T00:00:00+00:00, run_after=2023-05-06T00:00:00+00:00
[2023-05-06T02:12:34.956+0000] {processor.py:175} INFO - Processing /home/airflow/.local/lib/python3.7/site-packages/airflow/example_dags/example_nested_branch_dag.py took 0.209 seconds
[2023-05-06T02:13:06.028+0000] {processor.py:153} INFO - Started process (PID=5645) to work on /home/airflow/.local/lib/python3.7/site-packages/airflow/example_dags/example_nested_branch_dag.py
[2023-05-06T02:13:06.031+0000] {processor.py:743} INFO - Processing file /home/airflow/.local/lib/python3.7/site-packages/airflow/example_dags/example_nested_branch_dag.py for tasks to queue
[2023-05-06T02:13:06.036+0000] {logging_mixin.py:137} INFO - [2023-05-06T02:13:06.036+0000] {dagbag.py:532} INFO - Filling up the DagBag from /home/airflow/.local/lib/python3.7/site-packages/airflow/example_dags/example_nested_branch_dag.py
[2023-05-06T02:13:06.133+0000] {processor.py:753} INFO - DAG(s) dict_keys(['example_nested_branch_dag']) retrieved from /home/airflow/.local/lib/python3.7/site-packages/airflow/example_dags/example_nested_branch_dag.py
[2023-05-06T02:13:06.239+0000] {logging_mixin.py:137} INFO - [2023-05-06T02:13:06.238+0000] {dag.py:2705} INFO - Sync 1 DAGs
[2023-05-06T02:13:06.391+0000] {logging_mixin.py:137} INFO - [2023-05-06T02:13:06.390+0000] {dag.py:3456} INFO - Setting next_dagrun for example_nested_branch_dag to 2023-05-05T00:00:00+00:00, run_after=2023-05-06T00:00:00+00:00
[2023-05-06T02:13:06.480+0000] {processor.py:175} INFO - Processing /home/airflow/.local/lib/python3.7/site-packages/airflow/example_dags/example_nested_branch_dag.py took 0.473 seconds
[2023-05-06T02:13:37.098+0000] {processor.py:153} INFO - Started process (PID=5697) to work on /home/airflow/.local/lib/python3.7/site-packages/airflow/example_dags/example_nested_branch_dag.py
[2023-05-06T02:13:37.104+0000] {processor.py:743} INFO - Processing file /home/airflow/.local/lib/python3.7/site-packages/airflow/example_dags/example_nested_branch_dag.py for tasks to queue
[2023-05-06T02:13:37.112+0000] {logging_mixin.py:137} INFO - [2023-05-06T02:13:37.110+0000] {dagbag.py:532} INFO - Filling up the DagBag from /home/airflow/.local/lib/python3.7/site-packages/airflow/example_dags/example_nested_branch_dag.py
[2023-05-06T02:13:37.222+0000] {processor.py:753} INFO - DAG(s) dict_keys(['example_nested_branch_dag']) retrieved from /home/airflow/.local/lib/python3.7/site-packages/airflow/example_dags/example_nested_branch_dag.py
[2023-05-06T02:13:37.388+0000] {logging_mixin.py:137} INFO - [2023-05-06T02:13:37.384+0000] {dag.py:2705} INFO - Sync 1 DAGs
[2023-05-06T02:13:37.480+0000] {logging_mixin.py:137} INFO - [2023-05-06T02:13:37.480+0000] {dag.py:3456} INFO - Setting next_dagrun for example_nested_branch_dag to 2023-05-05T00:00:00+00:00, run_after=2023-05-06T00:00:00+00:00
[2023-05-06T02:13:37.573+0000] {processor.py:175} INFO - Processing /home/airflow/.local/lib/python3.7/site-packages/airflow/example_dags/example_nested_branch_dag.py took 0.494 seconds
[2023-05-06T02:14:08.436+0000] {processor.py:153} INFO - Started process (PID=5756) to work on /home/airflow/.local/lib/python3.7/site-packages/airflow/example_dags/example_nested_branch_dag.py
[2023-05-06T02:14:08.442+0000] {processor.py:743} INFO - Processing file /home/airflow/.local/lib/python3.7/site-packages/airflow/example_dags/example_nested_branch_dag.py for tasks to queue
[2023-05-06T02:14:08.446+0000] {logging_mixin.py:137} INFO - [2023-05-06T02:14:08.446+0000] {dagbag.py:532} INFO - Filling up the DagBag from /home/airflow/.local/lib/python3.7/site-packages/airflow/example_dags/example_nested_branch_dag.py
[2023-05-06T02:14:08.502+0000] {processor.py:753} INFO - DAG(s) dict_keys(['example_nested_branch_dag']) retrieved from /home/airflow/.local/lib/python3.7/site-packages/airflow/example_dags/example_nested_branch_dag.py
[2023-05-06T02:14:08.545+0000] {logging_mixin.py:137} INFO - [2023-05-06T02:14:08.545+0000] {dag.py:2705} INFO - Sync 1 DAGs
[2023-05-06T02:14:08.586+0000] {logging_mixin.py:137} INFO - [2023-05-06T02:14:08.586+0000] {dag.py:3456} INFO - Setting next_dagrun for example_nested_branch_dag to 2023-05-05T00:00:00+00:00, run_after=2023-05-06T00:00:00+00:00
[2023-05-06T02:14:08.612+0000] {processor.py:175} INFO - Processing /home/airflow/.local/lib/python3.7/site-packages/airflow/example_dags/example_nested_branch_dag.py took 0.181 seconds
[2023-05-06T02:14:38.799+0000] {processor.py:153} INFO - Started process (PID=5808) to work on /home/airflow/.local/lib/python3.7/site-packages/airflow/example_dags/example_nested_branch_dag.py
[2023-05-06T02:14:38.802+0000] {processor.py:743} INFO - Processing file /home/airflow/.local/lib/python3.7/site-packages/airflow/example_dags/example_nested_branch_dag.py for tasks to queue
[2023-05-06T02:14:38.805+0000] {logging_mixin.py:137} INFO - [2023-05-06T02:14:38.805+0000] {dagbag.py:532} INFO - Filling up the DagBag from /home/airflow/.local/lib/python3.7/site-packages/airflow/example_dags/example_nested_branch_dag.py
[2023-05-06T02:14:38.855+0000] {processor.py:753} INFO - DAG(s) dict_keys(['example_nested_branch_dag']) retrieved from /home/airflow/.local/lib/python3.7/site-packages/airflow/example_dags/example_nested_branch_dag.py
[2023-05-06T02:14:38.907+0000] {logging_mixin.py:137} INFO - [2023-05-06T02:14:38.907+0000] {dag.py:2705} INFO - Sync 1 DAGs
[2023-05-06T02:14:38.971+0000] {logging_mixin.py:137} INFO - [2023-05-06T02:14:38.970+0000] {dag.py:3456} INFO - Setting next_dagrun for example_nested_branch_dag to 2023-05-05T00:00:00+00:00, run_after=2023-05-06T00:00:00+00:00
[2023-05-06T02:14:39.004+0000] {processor.py:175} INFO - Processing /home/airflow/.local/lib/python3.7/site-packages/airflow/example_dags/example_nested_branch_dag.py took 0.214 seconds
[2023-05-06T02:15:10.021+0000] {processor.py:153} INFO - Started process (PID=5860) to work on /home/airflow/.local/lib/python3.7/site-packages/airflow/example_dags/example_nested_branch_dag.py
[2023-05-06T02:15:10.026+0000] {processor.py:743} INFO - Processing file /home/airflow/.local/lib/python3.7/site-packages/airflow/example_dags/example_nested_branch_dag.py for tasks to queue
[2023-05-06T02:15:10.030+0000] {logging_mixin.py:137} INFO - [2023-05-06T02:15:10.029+0000] {dagbag.py:532} INFO - Filling up the DagBag from /home/airflow/.local/lib/python3.7/site-packages/airflow/example_dags/example_nested_branch_dag.py
[2023-05-06T02:15:10.077+0000] {processor.py:753} INFO - DAG(s) dict_keys(['example_nested_branch_dag']) retrieved from /home/airflow/.local/lib/python3.7/site-packages/airflow/example_dags/example_nested_branch_dag.py
[2023-05-06T02:15:10.172+0000] {logging_mixin.py:137} INFO - [2023-05-06T02:15:10.172+0000] {dag.py:2705} INFO - Sync 1 DAGs
[2023-05-06T02:15:10.223+0000] {logging_mixin.py:137} INFO - [2023-05-06T02:15:10.223+0000] {dag.py:3456} INFO - Setting next_dagrun for example_nested_branch_dag to 2023-05-05T00:00:00+00:00, run_after=2023-05-06T00:00:00+00:00
[2023-05-06T02:15:10.273+0000] {processor.py:175} INFO - Processing /home/airflow/.local/lib/python3.7/site-packages/airflow/example_dags/example_nested_branch_dag.py took 0.263 seconds
[2023-05-06T02:15:40.538+0000] {processor.py:153} INFO - Started process (PID=5912) to work on /home/airflow/.local/lib/python3.7/site-packages/airflow/example_dags/example_nested_branch_dag.py
[2023-05-06T02:15:40.541+0000] {processor.py:743} INFO - Processing file /home/airflow/.local/lib/python3.7/site-packages/airflow/example_dags/example_nested_branch_dag.py for tasks to queue
[2023-05-06T02:15:40.545+0000] {logging_mixin.py:137} INFO - [2023-05-06T02:15:40.543+0000] {dagbag.py:532} INFO - Filling up the DagBag from /home/airflow/.local/lib/python3.7/site-packages/airflow/example_dags/example_nested_branch_dag.py
[2023-05-06T02:15:40.593+0000] {processor.py:753} INFO - DAG(s) dict_keys(['example_nested_branch_dag']) retrieved from /home/airflow/.local/lib/python3.7/site-packages/airflow/example_dags/example_nested_branch_dag.py
[2023-05-06T02:15:40.643+0000] {logging_mixin.py:137} INFO - [2023-05-06T02:15:40.643+0000] {dag.py:2705} INFO - Sync 1 DAGs
[2023-05-06T02:15:40.690+0000] {logging_mixin.py:137} INFO - [2023-05-06T02:15:40.690+0000] {dag.py:3456} INFO - Setting next_dagrun for example_nested_branch_dag to 2023-05-05T00:00:00+00:00, run_after=2023-05-06T00:00:00+00:00
[2023-05-06T02:15:40.723+0000] {processor.py:175} INFO - Processing /home/airflow/.local/lib/python3.7/site-packages/airflow/example_dags/example_nested_branch_dag.py took 0.193 seconds
[2023-05-06T02:16:11.141+0000] {processor.py:153} INFO - Started process (PID=5964) to work on /home/airflow/.local/lib/python3.7/site-packages/airflow/example_dags/example_nested_branch_dag.py
[2023-05-06T02:16:11.151+0000] {processor.py:743} INFO - Processing file /home/airflow/.local/lib/python3.7/site-packages/airflow/example_dags/example_nested_branch_dag.py for tasks to queue
[2023-05-06T02:16:11.153+0000] {logging_mixin.py:137} INFO - [2023-05-06T02:16:11.153+0000] {dagbag.py:532} INFO - Filling up the DagBag from /home/airflow/.local/lib/python3.7/site-packages/airflow/example_dags/example_nested_branch_dag.py
[2023-05-06T02:16:11.205+0000] {processor.py:753} INFO - DAG(s) dict_keys(['example_nested_branch_dag']) retrieved from /home/airflow/.local/lib/python3.7/site-packages/airflow/example_dags/example_nested_branch_dag.py
[2023-05-06T02:16:11.263+0000] {logging_mixin.py:137} INFO - [2023-05-06T02:16:11.263+0000] {dag.py:2705} INFO - Sync 1 DAGs
[2023-05-06T02:16:11.307+0000] {logging_mixin.py:137} INFO - [2023-05-06T02:16:11.307+0000] {dag.py:3456} INFO - Setting next_dagrun for example_nested_branch_dag to 2023-05-05T00:00:00+00:00, run_after=2023-05-06T00:00:00+00:00
[2023-05-06T02:16:11.344+0000] {processor.py:175} INFO - Processing /home/airflow/.local/lib/python3.7/site-packages/airflow/example_dags/example_nested_branch_dag.py took 0.211 seconds
[2023-05-06T02:16:45.505+0000] {processor.py:153} INFO - Started process (PID=6016) to work on /home/airflow/.local/lib/python3.7/site-packages/airflow/example_dags/example_nested_branch_dag.py
[2023-05-06T02:16:45.510+0000] {processor.py:743} INFO - Processing file /home/airflow/.local/lib/python3.7/site-packages/airflow/example_dags/example_nested_branch_dag.py for tasks to queue
[2023-05-06T02:16:45.516+0000] {logging_mixin.py:137} INFO - [2023-05-06T02:16:45.515+0000] {dagbag.py:532} INFO - Filling up the DagBag from /home/airflow/.local/lib/python3.7/site-packages/airflow/example_dags/example_nested_branch_dag.py
[2023-05-06T02:16:45.634+0000] {processor.py:753} INFO - DAG(s) dict_keys(['example_nested_branch_dag']) retrieved from /home/airflow/.local/lib/python3.7/site-packages/airflow/example_dags/example_nested_branch_dag.py
[2023-05-06T02:16:45.840+0000] {logging_mixin.py:137} INFO - [2023-05-06T02:16:45.840+0000] {dag.py:2705} INFO - Sync 1 DAGs
[2023-05-06T02:16:45.957+0000] {logging_mixin.py:137} INFO - [2023-05-06T02:16:45.956+0000] {dag.py:3456} INFO - Setting next_dagrun for example_nested_branch_dag to 2023-05-05T00:00:00+00:00, run_after=2023-05-06T00:00:00+00:00
[2023-05-06T02:16:46.078+0000] {processor.py:175} INFO - Processing /home/airflow/.local/lib/python3.7/site-packages/airflow/example_dags/example_nested_branch_dag.py took 0.589 seconds
[2023-05-06T02:17:17.779+0000] {processor.py:153} INFO - Started process (PID=6068) to work on /home/airflow/.local/lib/python3.7/site-packages/airflow/example_dags/example_nested_branch_dag.py
[2023-05-06T02:17:17.796+0000] {processor.py:743} INFO - Processing file /home/airflow/.local/lib/python3.7/site-packages/airflow/example_dags/example_nested_branch_dag.py for tasks to queue
[2023-05-06T02:17:17.819+0000] {logging_mixin.py:137} INFO - [2023-05-06T02:17:17.818+0000] {dagbag.py:532} INFO - Filling up the DagBag from /home/airflow/.local/lib/python3.7/site-packages/airflow/example_dags/example_nested_branch_dag.py
[2023-05-06T02:17:18.064+0000] {processor.py:753} INFO - DAG(s) dict_keys(['example_nested_branch_dag']) retrieved from /home/airflow/.local/lib/python3.7/site-packages/airflow/example_dags/example_nested_branch_dag.py
[2023-05-06T02:17:19.604+0000] {logging_mixin.py:137} INFO - [2023-05-06T02:17:19.602+0000] {dag.py:2705} INFO - Sync 1 DAGs
[2023-05-06T02:17:21.678+0000] {logging_mixin.py:137} INFO - [2023-05-06T02:17:21.659+0000] {dag.py:3456} INFO - Setting next_dagrun for example_nested_branch_dag to 2023-05-05T00:00:00+00:00, run_after=2023-05-06T00:00:00+00:00
[2023-05-06T02:17:22.361+0000] {processor.py:175} INFO - Processing /home/airflow/.local/lib/python3.7/site-packages/airflow/example_dags/example_nested_branch_dag.py took 4.638 seconds
