[2023-05-06T00:03:50.972+0000] {processor.py:153} INFO - Started process (PID=4291) to work on /home/airflow/.local/lib/python3.7/site-packages/airflow/example_dags/example_branch_operator_decorator.py
[2023-05-06T00:03:50.974+0000] {processor.py:743} INFO - Processing file /home/airflow/.local/lib/python3.7/site-packages/airflow/example_dags/example_branch_operator_decorator.py for tasks to queue
[2023-05-06T00:03:50.978+0000] {logging_mixin.py:137} INFO - [2023-05-06T00:03:50.977+0000] {dagbag.py:532} INFO - Filling up the DagBag from /home/airflow/.local/lib/python3.7/site-packages/airflow/example_dags/example_branch_operator_decorator.py
[2023-05-06T00:03:51.020+0000] {processor.py:753} INFO - DAG(s) dict_keys(['example_branch_python_operator_decorator']) retrieved from /home/airflow/.local/lib/python3.7/site-packages/airflow/example_dags/example_branch_operator_decorator.py
[2023-05-06T00:03:51.056+0000] {logging_mixin.py:137} INFO - [2023-05-06T00:03:51.056+0000] {dag.py:2705} INFO - Sync 1 DAGs
[2023-05-06T00:03:51.084+0000] {logging_mixin.py:137} INFO - [2023-05-06T00:03:51.084+0000] {dag.py:3456} INFO - Setting next_dagrun for example_branch_python_operator_decorator to 2023-05-05T00:00:00+00:00, run_after=2023-05-06T00:00:00+00:00
[2023-05-06T00:03:51.106+0000] {processor.py:175} INFO - Processing /home/airflow/.local/lib/python3.7/site-packages/airflow/example_dags/example_branch_operator_decorator.py took 0.139 seconds
[2023-05-06T00:17:31.316+0000] {processor.py:153} INFO - Started process (PID=4342) to work on /home/airflow/.local/lib/python3.7/site-packages/airflow/example_dags/example_branch_operator_decorator.py
[2023-05-06T00:17:31.319+0000] {processor.py:743} INFO - Processing file /home/airflow/.local/lib/python3.7/site-packages/airflow/example_dags/example_branch_operator_decorator.py for tasks to queue
[2023-05-06T00:17:31.323+0000] {logging_mixin.py:137} INFO - [2023-05-06T00:17:31.322+0000] {dagbag.py:532} INFO - Filling up the DagBag from /home/airflow/.local/lib/python3.7/site-packages/airflow/example_dags/example_branch_operator_decorator.py
[2023-05-06T00:17:31.369+0000] {processor.py:753} INFO - DAG(s) dict_keys(['example_branch_python_operator_decorator']) retrieved from /home/airflow/.local/lib/python3.7/site-packages/airflow/example_dags/example_branch_operator_decorator.py
[2023-05-06T00:17:31.405+0000] {logging_mixin.py:137} INFO - [2023-05-06T00:17:31.405+0000] {dag.py:2705} INFO - Sync 1 DAGs
[2023-05-06T00:17:31.439+0000] {logging_mixin.py:137} INFO - [2023-05-06T00:17:31.438+0000] {dag.py:3456} INFO - Setting next_dagrun for example_branch_python_operator_decorator to 2023-05-05T00:00:00+00:00, run_after=2023-05-06T00:00:00+00:00
[2023-05-06T00:17:31.472+0000] {processor.py:175} INFO - Processing /home/airflow/.local/lib/python3.7/site-packages/airflow/example_dags/example_branch_operator_decorator.py took 0.162 seconds
[2023-05-06T00:20:40.547+0000] {processor.py:153} INFO - Started process (PID=4394) to work on /home/airflow/.local/lib/python3.7/site-packages/airflow/example_dags/example_branch_operator_decorator.py
[2023-05-06T00:20:40.551+0000] {processor.py:743} INFO - Processing file /home/airflow/.local/lib/python3.7/site-packages/airflow/example_dags/example_branch_operator_decorator.py for tasks to queue
[2023-05-06T00:20:40.554+0000] {logging_mixin.py:137} INFO - [2023-05-06T00:20:40.553+0000] {dagbag.py:532} INFO - Filling up the DagBag from /home/airflow/.local/lib/python3.7/site-packages/airflow/example_dags/example_branch_operator_decorator.py
[2023-05-06T00:20:40.622+0000] {processor.py:753} INFO - DAG(s) dict_keys(['example_branch_python_operator_decorator']) retrieved from /home/airflow/.local/lib/python3.7/site-packages/airflow/example_dags/example_branch_operator_decorator.py
[2023-05-06T00:20:40.704+0000] {logging_mixin.py:137} INFO - [2023-05-06T00:20:40.702+0000] {dag.py:2705} INFO - Sync 1 DAGs
[2023-05-06T00:20:40.758+0000] {logging_mixin.py:137} INFO - [2023-05-06T00:20:40.758+0000] {dag.py:3456} INFO - Setting next_dagrun for example_branch_python_operator_decorator to 2023-05-05T00:00:00+00:00, run_after=2023-05-06T00:00:00+00:00
[2023-05-06T00:20:40.788+0000] {processor.py:175} INFO - Processing /home/airflow/.local/lib/python3.7/site-packages/airflow/example_dags/example_branch_operator_decorator.py took 0.254 seconds
[2023-05-06T00:36:34.229+0000] {processor.py:153} INFO - Started process (PID=4454) to work on /home/airflow/.local/lib/python3.7/site-packages/airflow/example_dags/example_branch_operator_decorator.py
[2023-05-06T00:36:34.246+0000] {processor.py:743} INFO - Processing file /home/airflow/.local/lib/python3.7/site-packages/airflow/example_dags/example_branch_operator_decorator.py for tasks to queue
[2023-05-06T00:36:34.268+0000] {logging_mixin.py:137} INFO - [2023-05-06T00:36:34.267+0000] {dagbag.py:532} INFO - Filling up the DagBag from /home/airflow/.local/lib/python3.7/site-packages/airflow/example_dags/example_branch_operator_decorator.py
[2023-05-06T00:36:34.456+0000] {processor.py:753} INFO - DAG(s) dict_keys(['example_branch_python_operator_decorator']) retrieved from /home/airflow/.local/lib/python3.7/site-packages/airflow/example_dags/example_branch_operator_decorator.py
[2023-05-06T00:36:34.658+0000] {logging_mixin.py:137} INFO - [2023-05-06T00:36:34.657+0000] {dag.py:2705} INFO - Sync 1 DAGs
[2023-05-06T00:36:34.895+0000] {logging_mixin.py:137} INFO - [2023-05-06T00:36:34.894+0000] {dag.py:3456} INFO - Setting next_dagrun for example_branch_python_operator_decorator to 2023-05-05T00:00:00+00:00, run_after=2023-05-06T00:00:00+00:00
[2023-05-06T00:36:35.009+0000] {processor.py:175} INFO - Processing /home/airflow/.local/lib/python3.7/site-packages/airflow/example_dags/example_branch_operator_decorator.py took 0.803 seconds
[2023-05-06T00:37:55.945+0000] {processor.py:153} INFO - Started process (PID=4530) to work on /home/airflow/.local/lib/python3.7/site-packages/airflow/example_dags/example_branch_operator_decorator.py
[2023-05-06T00:37:55.972+0000] {processor.py:743} INFO - Processing file /home/airflow/.local/lib/python3.7/site-packages/airflow/example_dags/example_branch_operator_decorator.py for tasks to queue
[2023-05-06T00:37:55.989+0000] {logging_mixin.py:137} INFO - [2023-05-06T00:37:55.988+0000] {dagbag.py:532} INFO - Filling up the DagBag from /home/airflow/.local/lib/python3.7/site-packages/airflow/example_dags/example_branch_operator_decorator.py
[2023-05-06T00:37:56.429+0000] {processor.py:753} INFO - DAG(s) dict_keys(['example_branch_python_operator_decorator']) retrieved from /home/airflow/.local/lib/python3.7/site-packages/airflow/example_dags/example_branch_operator_decorator.py
[2023-05-06T00:37:56.740+0000] {logging_mixin.py:137} INFO - [2023-05-06T00:37:56.739+0000] {dag.py:2705} INFO - Sync 1 DAGs
[2023-05-06T00:37:57.213+0000] {logging_mixin.py:137} INFO - [2023-05-06T00:37:57.212+0000] {dag.py:3456} INFO - Setting next_dagrun for example_branch_python_operator_decorator to 2023-05-05T00:00:00+00:00, run_after=2023-05-06T00:00:00+00:00
[2023-05-06T00:37:57.495+0000] {processor.py:175} INFO - Processing /home/airflow/.local/lib/python3.7/site-packages/airflow/example_dags/example_branch_operator_decorator.py took 1.602 seconds
[2023-05-06T00:38:56.334+0000] {processor.py:153} INFO - Started process (PID=4594) to work on /home/airflow/.local/lib/python3.7/site-packages/airflow/example_dags/example_branch_operator_decorator.py
[2023-05-06T00:38:56.362+0000] {processor.py:743} INFO - Processing file /home/airflow/.local/lib/python3.7/site-packages/airflow/example_dags/example_branch_operator_decorator.py for tasks to queue
[2023-05-06T00:38:56.389+0000] {logging_mixin.py:137} INFO - [2023-05-06T00:38:56.388+0000] {dagbag.py:532} INFO - Filling up the DagBag from /home/airflow/.local/lib/python3.7/site-packages/airflow/example_dags/example_branch_operator_decorator.py
[2023-05-06T00:38:57.400+0000] {processor.py:753} INFO - DAG(s) dict_keys(['example_branch_python_operator_decorator']) retrieved from /home/airflow/.local/lib/python3.7/site-packages/airflow/example_dags/example_branch_operator_decorator.py
[2023-05-06T00:38:58.365+0000] {logging_mixin.py:137} INFO - [2023-05-06T00:38:58.364+0000] {dag.py:2705} INFO - Sync 1 DAGs
[2023-05-06T00:38:59.116+0000] {logging_mixin.py:137} INFO - [2023-05-06T00:38:59.115+0000] {dag.py:3456} INFO - Setting next_dagrun for example_branch_python_operator_decorator to 2023-05-05T00:00:00+00:00, run_after=2023-05-06T00:00:00+00:00
[2023-05-06T00:38:59.303+0000] {processor.py:175} INFO - Processing /home/airflow/.local/lib/python3.7/site-packages/airflow/example_dags/example_branch_operator_decorator.py took 3.041 seconds
[2023-05-06T00:54:50.130+0000] {processor.py:153} INFO - Started process (PID=4653) to work on /home/airflow/.local/lib/python3.7/site-packages/airflow/example_dags/example_branch_operator_decorator.py
[2023-05-06T00:54:50.142+0000] {processor.py:743} INFO - Processing file /home/airflow/.local/lib/python3.7/site-packages/airflow/example_dags/example_branch_operator_decorator.py for tasks to queue
[2023-05-06T00:54:50.159+0000] {logging_mixin.py:137} INFO - [2023-05-06T00:54:50.158+0000] {dagbag.py:532} INFO - Filling up the DagBag from /home/airflow/.local/lib/python3.7/site-packages/airflow/example_dags/example_branch_operator_decorator.py
[2023-05-06T00:54:50.350+0000] {processor.py:753} INFO - DAG(s) dict_keys(['example_branch_python_operator_decorator']) retrieved from /home/airflow/.local/lib/python3.7/site-packages/airflow/example_dags/example_branch_operator_decorator.py
[2023-05-06T00:54:50.532+0000] {logging_mixin.py:137} INFO - [2023-05-06T00:54:50.532+0000] {dag.py:2705} INFO - Sync 1 DAGs
[2023-05-06T00:54:50.705+0000] {logging_mixin.py:137} INFO - [2023-05-06T00:54:50.705+0000] {dag.py:3456} INFO - Setting next_dagrun for example_branch_python_operator_decorator to 2023-05-05T00:00:00+00:00, run_after=2023-05-06T00:00:00+00:00
[2023-05-06T00:54:50.945+0000] {processor.py:175} INFO - Processing /home/airflow/.local/lib/python3.7/site-packages/airflow/example_dags/example_branch_operator_decorator.py took 0.844 seconds
[2023-05-06T02:03:43.657+0000] {processor.py:153} INFO - Started process (PID=4711) to work on /home/airflow/.local/lib/python3.7/site-packages/airflow/example_dags/example_branch_operator_decorator.py
[2023-05-06T02:03:43.724+0000] {processor.py:743} INFO - Processing file /home/airflow/.local/lib/python3.7/site-packages/airflow/example_dags/example_branch_operator_decorator.py for tasks to queue
[2023-05-06T02:03:43.757+0000] {logging_mixin.py:137} INFO - [2023-05-06T02:03:43.757+0000] {dagbag.py:532} INFO - Filling up the DagBag from /home/airflow/.local/lib/python3.7/site-packages/airflow/example_dags/example_branch_operator_decorator.py
[2023-05-06T02:03:43.902+0000] {processor.py:753} INFO - DAG(s) dict_keys(['example_branch_python_operator_decorator']) retrieved from /home/airflow/.local/lib/python3.7/site-packages/airflow/example_dags/example_branch_operator_decorator.py
[2023-05-06T02:03:43.967+0000] {logging_mixin.py:137} INFO - [2023-05-06T02:03:43.967+0000] {dag.py:2705} INFO - Sync 1 DAGs
[2023-05-06T02:03:44.047+0000] {logging_mixin.py:137} INFO - [2023-05-06T02:03:44.046+0000] {dag.py:3456} INFO - Setting next_dagrun for example_branch_python_operator_decorator to 2023-05-05T00:00:00+00:00, run_after=2023-05-06T00:00:00+00:00
[2023-05-06T02:03:44.110+0000] {processor.py:175} INFO - Processing /home/airflow/.local/lib/python3.7/site-packages/airflow/example_dags/example_branch_operator_decorator.py took 0.505 seconds
[2023-05-06T02:04:16.413+0000] {processor.py:153} INFO - Started process (PID=4763) to work on /home/airflow/.local/lib/python3.7/site-packages/airflow/example_dags/example_branch_operator_decorator.py
[2023-05-06T02:04:16.419+0000] {processor.py:743} INFO - Processing file /home/airflow/.local/lib/python3.7/site-packages/airflow/example_dags/example_branch_operator_decorator.py for tasks to queue
[2023-05-06T02:04:16.425+0000] {logging_mixin.py:137} INFO - [2023-05-06T02:04:16.424+0000] {dagbag.py:532} INFO - Filling up the DagBag from /home/airflow/.local/lib/python3.7/site-packages/airflow/example_dags/example_branch_operator_decorator.py
[2023-05-06T02:04:16.490+0000] {processor.py:753} INFO - DAG(s) dict_keys(['example_branch_python_operator_decorator']) retrieved from /home/airflow/.local/lib/python3.7/site-packages/airflow/example_dags/example_branch_operator_decorator.py
[2023-05-06T02:04:16.541+0000] {logging_mixin.py:137} INFO - [2023-05-06T02:04:16.541+0000] {dag.py:2705} INFO - Sync 1 DAGs
[2023-05-06T02:04:16.602+0000] {logging_mixin.py:137} INFO - [2023-05-06T02:04:16.602+0000] {dag.py:3456} INFO - Setting next_dagrun for example_branch_python_operator_decorator to 2023-05-05T00:00:00+00:00, run_after=2023-05-06T00:00:00+00:00
[2023-05-06T02:04:16.633+0000] {processor.py:175} INFO - Processing /home/airflow/.local/lib/python3.7/site-packages/airflow/example_dags/example_branch_operator_decorator.py took 0.243 seconds
[2023-05-06T02:04:51.727+0000] {processor.py:153} INFO - Started process (PID=4815) to work on /home/airflow/.local/lib/python3.7/site-packages/airflow/example_dags/example_branch_operator_decorator.py
[2023-05-06T02:04:51.730+0000] {processor.py:743} INFO - Processing file /home/airflow/.local/lib/python3.7/site-packages/airflow/example_dags/example_branch_operator_decorator.py for tasks to queue
[2023-05-06T02:04:51.732+0000] {logging_mixin.py:137} INFO - [2023-05-06T02:04:51.731+0000] {dagbag.py:532} INFO - Filling up the DagBag from /home/airflow/.local/lib/python3.7/site-packages/airflow/example_dags/example_branch_operator_decorator.py
[2023-05-06T02:04:51.833+0000] {processor.py:753} INFO - DAG(s) dict_keys(['example_branch_python_operator_decorator']) retrieved from /home/airflow/.local/lib/python3.7/site-packages/airflow/example_dags/example_branch_operator_decorator.py
[2023-05-06T02:04:51.959+0000] {logging_mixin.py:137} INFO - [2023-05-06T02:04:51.959+0000] {dag.py:2705} INFO - Sync 1 DAGs
[2023-05-06T02:04:52.057+0000] {logging_mixin.py:137} INFO - [2023-05-06T02:04:52.056+0000] {dag.py:3456} INFO - Setting next_dagrun for example_branch_python_operator_decorator to 2023-05-05T00:00:00+00:00, run_after=2023-05-06T00:00:00+00:00
[2023-05-06T02:04:52.170+0000] {processor.py:175} INFO - Processing /home/airflow/.local/lib/python3.7/site-packages/airflow/example_dags/example_branch_operator_decorator.py took 0.465 seconds
[2023-05-06T02:05:22.609+0000] {processor.py:153} INFO - Started process (PID=4867) to work on /home/airflow/.local/lib/python3.7/site-packages/airflow/example_dags/example_branch_operator_decorator.py
[2023-05-06T02:05:22.611+0000] {processor.py:743} INFO - Processing file /home/airflow/.local/lib/python3.7/site-packages/airflow/example_dags/example_branch_operator_decorator.py for tasks to queue
[2023-05-06T02:05:22.615+0000] {logging_mixin.py:137} INFO - [2023-05-06T02:05:22.614+0000] {dagbag.py:532} INFO - Filling up the DagBag from /home/airflow/.local/lib/python3.7/site-packages/airflow/example_dags/example_branch_operator_decorator.py
[2023-05-06T02:05:22.658+0000] {processor.py:753} INFO - DAG(s) dict_keys(['example_branch_python_operator_decorator']) retrieved from /home/airflow/.local/lib/python3.7/site-packages/airflow/example_dags/example_branch_operator_decorator.py
[2023-05-06T02:05:22.767+0000] {logging_mixin.py:137} INFO - [2023-05-06T02:05:22.767+0000] {dag.py:2705} INFO - Sync 1 DAGs
[2023-05-06T02:05:22.845+0000] {logging_mixin.py:137} INFO - [2023-05-06T02:05:22.844+0000] {dag.py:3456} INFO - Setting next_dagrun for example_branch_python_operator_decorator to 2023-05-05T00:00:00+00:00, run_after=2023-05-06T00:00:00+00:00
[2023-05-06T02:05:22.909+0000] {processor.py:175} INFO - Processing /home/airflow/.local/lib/python3.7/site-packages/airflow/example_dags/example_branch_operator_decorator.py took 0.309 seconds
[2023-05-06T02:05:53.964+0000] {processor.py:153} INFO - Started process (PID=4919) to work on /home/airflow/.local/lib/python3.7/site-packages/airflow/example_dags/example_branch_operator_decorator.py
[2023-05-06T02:05:53.966+0000] {processor.py:743} INFO - Processing file /home/airflow/.local/lib/python3.7/site-packages/airflow/example_dags/example_branch_operator_decorator.py for tasks to queue
[2023-05-06T02:05:53.971+0000] {logging_mixin.py:137} INFO - [2023-05-06T02:05:53.970+0000] {dagbag.py:532} INFO - Filling up the DagBag from /home/airflow/.local/lib/python3.7/site-packages/airflow/example_dags/example_branch_operator_decorator.py
[2023-05-06T02:05:54.097+0000] {processor.py:753} INFO - DAG(s) dict_keys(['example_branch_python_operator_decorator']) retrieved from /home/airflow/.local/lib/python3.7/site-packages/airflow/example_dags/example_branch_operator_decorator.py
[2023-05-06T02:05:54.169+0000] {logging_mixin.py:137} INFO - [2023-05-06T02:05:54.169+0000] {dag.py:2705} INFO - Sync 1 DAGs
[2023-05-06T02:05:54.211+0000] {logging_mixin.py:137} INFO - [2023-05-06T02:05:54.211+0000] {dag.py:3456} INFO - Setting next_dagrun for example_branch_python_operator_decorator to 2023-05-05T00:00:00+00:00, run_after=2023-05-06T00:00:00+00:00
[2023-05-06T02:05:54.253+0000] {processor.py:175} INFO - Processing /home/airflow/.local/lib/python3.7/site-packages/airflow/example_dags/example_branch_operator_decorator.py took 0.302 seconds
[2023-05-06T02:06:25.073+0000] {processor.py:153} INFO - Started process (PID=4971) to work on /home/airflow/.local/lib/python3.7/site-packages/airflow/example_dags/example_branch_operator_decorator.py
[2023-05-06T02:06:25.076+0000] {processor.py:743} INFO - Processing file /home/airflow/.local/lib/python3.7/site-packages/airflow/example_dags/example_branch_operator_decorator.py for tasks to queue
[2023-05-06T02:06:25.078+0000] {logging_mixin.py:137} INFO - [2023-05-06T02:06:25.077+0000] {dagbag.py:532} INFO - Filling up the DagBag from /home/airflow/.local/lib/python3.7/site-packages/airflow/example_dags/example_branch_operator_decorator.py
[2023-05-06T02:06:25.123+0000] {processor.py:753} INFO - DAG(s) dict_keys(['example_branch_python_operator_decorator']) retrieved from /home/airflow/.local/lib/python3.7/site-packages/airflow/example_dags/example_branch_operator_decorator.py
[2023-05-06T02:06:25.172+0000] {logging_mixin.py:137} INFO - [2023-05-06T02:06:25.172+0000] {dag.py:2705} INFO - Sync 1 DAGs
[2023-05-06T02:06:25.209+0000] {logging_mixin.py:137} INFO - [2023-05-06T02:06:25.209+0000] {dag.py:3456} INFO - Setting next_dagrun for example_branch_python_operator_decorator to 2023-05-05T00:00:00+00:00, run_after=2023-05-06T00:00:00+00:00
[2023-05-06T02:06:25.249+0000] {processor.py:175} INFO - Processing /home/airflow/.local/lib/python3.7/site-packages/airflow/example_dags/example_branch_operator_decorator.py took 0.182 seconds
[2023-05-06T02:06:55.833+0000] {processor.py:153} INFO - Started process (PID=5023) to work on /home/airflow/.local/lib/python3.7/site-packages/airflow/example_dags/example_branch_operator_decorator.py
[2023-05-06T02:06:55.835+0000] {processor.py:743} INFO - Processing file /home/airflow/.local/lib/python3.7/site-packages/airflow/example_dags/example_branch_operator_decorator.py for tasks to queue
[2023-05-06T02:06:55.839+0000] {logging_mixin.py:137} INFO - [2023-05-06T02:06:55.839+0000] {dagbag.py:532} INFO - Filling up the DagBag from /home/airflow/.local/lib/python3.7/site-packages/airflow/example_dags/example_branch_operator_decorator.py
[2023-05-06T02:06:55.881+0000] {processor.py:753} INFO - DAG(s) dict_keys(['example_branch_python_operator_decorator']) retrieved from /home/airflow/.local/lib/python3.7/site-packages/airflow/example_dags/example_branch_operator_decorator.py
[2023-05-06T02:06:55.928+0000] {logging_mixin.py:137} INFO - [2023-05-06T02:06:55.927+0000] {dag.py:2705} INFO - Sync 1 DAGs
[2023-05-06T02:06:55.968+0000] {logging_mixin.py:137} INFO - [2023-05-06T02:06:55.967+0000] {dag.py:3456} INFO - Setting next_dagrun for example_branch_python_operator_decorator to 2023-05-05T00:00:00+00:00, run_after=2023-05-06T00:00:00+00:00
[2023-05-06T02:06:56.000+0000] {processor.py:175} INFO - Processing /home/airflow/.local/lib/python3.7/site-packages/airflow/example_dags/example_branch_operator_decorator.py took 0.174 seconds
[2023-05-06T02:07:26.493+0000] {processor.py:153} INFO - Started process (PID=5075) to work on /home/airflow/.local/lib/python3.7/site-packages/airflow/example_dags/example_branch_operator_decorator.py
[2023-05-06T02:07:26.497+0000] {processor.py:743} INFO - Processing file /home/airflow/.local/lib/python3.7/site-packages/airflow/example_dags/example_branch_operator_decorator.py for tasks to queue
[2023-05-06T02:07:26.498+0000] {logging_mixin.py:137} INFO - [2023-05-06T02:07:26.498+0000] {dagbag.py:532} INFO - Filling up the DagBag from /home/airflow/.local/lib/python3.7/site-packages/airflow/example_dags/example_branch_operator_decorator.py
[2023-05-06T02:07:26.541+0000] {processor.py:753} INFO - DAG(s) dict_keys(['example_branch_python_operator_decorator']) retrieved from /home/airflow/.local/lib/python3.7/site-packages/airflow/example_dags/example_branch_operator_decorator.py
[2023-05-06T02:07:26.589+0000] {logging_mixin.py:137} INFO - [2023-05-06T02:07:26.589+0000] {dag.py:2705} INFO - Sync 1 DAGs
[2023-05-06T02:07:26.628+0000] {logging_mixin.py:137} INFO - [2023-05-06T02:07:26.628+0000] {dag.py:3456} INFO - Setting next_dagrun for example_branch_python_operator_decorator to 2023-05-05T00:00:00+00:00, run_after=2023-05-06T00:00:00+00:00
[2023-05-06T02:07:26.659+0000] {processor.py:175} INFO - Processing /home/airflow/.local/lib/python3.7/site-packages/airflow/example_dags/example_branch_operator_decorator.py took 0.173 seconds
[2023-05-06T02:07:57.259+0000] {processor.py:153} INFO - Started process (PID=5126) to work on /home/airflow/.local/lib/python3.7/site-packages/airflow/example_dags/example_branch_operator_decorator.py
[2023-05-06T02:07:57.262+0000] {processor.py:743} INFO - Processing file /home/airflow/.local/lib/python3.7/site-packages/airflow/example_dags/example_branch_operator_decorator.py for tasks to queue
[2023-05-06T02:07:57.265+0000] {logging_mixin.py:137} INFO - [2023-05-06T02:07:57.265+0000] {dagbag.py:532} INFO - Filling up the DagBag from /home/airflow/.local/lib/python3.7/site-packages/airflow/example_dags/example_branch_operator_decorator.py
[2023-05-06T02:07:57.325+0000] {processor.py:753} INFO - DAG(s) dict_keys(['example_branch_python_operator_decorator']) retrieved from /home/airflow/.local/lib/python3.7/site-packages/airflow/example_dags/example_branch_operator_decorator.py
[2023-05-06T02:07:57.374+0000] {logging_mixin.py:137} INFO - [2023-05-06T02:07:57.374+0000] {dag.py:2705} INFO - Sync 1 DAGs
[2023-05-06T02:07:57.427+0000] {logging_mixin.py:137} INFO - [2023-05-06T02:07:57.426+0000] {dag.py:3456} INFO - Setting next_dagrun for example_branch_python_operator_decorator to 2023-05-05T00:00:00+00:00, run_after=2023-05-06T00:00:00+00:00
[2023-05-06T02:07:57.457+0000] {processor.py:175} INFO - Processing /home/airflow/.local/lib/python3.7/site-packages/airflow/example_dags/example_branch_operator_decorator.py took 0.211 seconds
[2023-05-06T02:08:27.974+0000] {processor.py:153} INFO - Started process (PID=5177) to work on /home/airflow/.local/lib/python3.7/site-packages/airflow/example_dags/example_branch_operator_decorator.py
[2023-05-06T02:08:27.977+0000] {processor.py:743} INFO - Processing file /home/airflow/.local/lib/python3.7/site-packages/airflow/example_dags/example_branch_operator_decorator.py for tasks to queue
[2023-05-06T02:08:27.979+0000] {logging_mixin.py:137} INFO - [2023-05-06T02:08:27.979+0000] {dagbag.py:532} INFO - Filling up the DagBag from /home/airflow/.local/lib/python3.7/site-packages/airflow/example_dags/example_branch_operator_decorator.py
[2023-05-06T02:08:28.023+0000] {processor.py:753} INFO - DAG(s) dict_keys(['example_branch_python_operator_decorator']) retrieved from /home/airflow/.local/lib/python3.7/site-packages/airflow/example_dags/example_branch_operator_decorator.py
[2023-05-06T02:08:28.070+0000] {logging_mixin.py:137} INFO - [2023-05-06T02:08:28.070+0000] {dag.py:2705} INFO - Sync 1 DAGs
[2023-05-06T02:08:28.110+0000] {logging_mixin.py:137} INFO - [2023-05-06T02:08:28.110+0000] {dag.py:3456} INFO - Setting next_dagrun for example_branch_python_operator_decorator to 2023-05-05T00:00:00+00:00, run_after=2023-05-06T00:00:00+00:00
[2023-05-06T02:08:28.141+0000] {processor.py:175} INFO - Processing /home/airflow/.local/lib/python3.7/site-packages/airflow/example_dags/example_branch_operator_decorator.py took 0.172 seconds
[2023-05-06T02:08:59.400+0000] {processor.py:153} INFO - Started process (PID=5229) to work on /home/airflow/.local/lib/python3.7/site-packages/airflow/example_dags/example_branch_operator_decorator.py
[2023-05-06T02:08:59.407+0000] {processor.py:743} INFO - Processing file /home/airflow/.local/lib/python3.7/site-packages/airflow/example_dags/example_branch_operator_decorator.py for tasks to queue
[2023-05-06T02:08:59.417+0000] {logging_mixin.py:137} INFO - [2023-05-06T02:08:59.414+0000] {dagbag.py:532} INFO - Filling up the DagBag from /home/airflow/.local/lib/python3.7/site-packages/airflow/example_dags/example_branch_operator_decorator.py
[2023-05-06T02:08:59.599+0000] {processor.py:753} INFO - DAG(s) dict_keys(['example_branch_python_operator_decorator']) retrieved from /home/airflow/.local/lib/python3.7/site-packages/airflow/example_dags/example_branch_operator_decorator.py
[2023-05-06T02:08:59.777+0000] {logging_mixin.py:137} INFO - [2023-05-06T02:08:59.777+0000] {dag.py:2705} INFO - Sync 1 DAGs
[2023-05-06T02:08:59.901+0000] {logging_mixin.py:137} INFO - [2023-05-06T02:08:59.901+0000] {dag.py:3456} INFO - Setting next_dagrun for example_branch_python_operator_decorator to 2023-05-05T00:00:00+00:00, run_after=2023-05-06T00:00:00+00:00
[2023-05-06T02:08:59.987+0000] {processor.py:175} INFO - Processing /home/airflow/.local/lib/python3.7/site-packages/airflow/example_dags/example_branch_operator_decorator.py took 0.604 seconds
[2023-05-06T02:09:30.245+0000] {processor.py:153} INFO - Started process (PID=5282) to work on /home/airflow/.local/lib/python3.7/site-packages/airflow/example_dags/example_branch_operator_decorator.py
[2023-05-06T02:09:30.249+0000] {processor.py:743} INFO - Processing file /home/airflow/.local/lib/python3.7/site-packages/airflow/example_dags/example_branch_operator_decorator.py for tasks to queue
[2023-05-06T02:09:30.251+0000] {logging_mixin.py:137} INFO - [2023-05-06T02:09:30.251+0000] {dagbag.py:532} INFO - Filling up the DagBag from /home/airflow/.local/lib/python3.7/site-packages/airflow/example_dags/example_branch_operator_decorator.py
[2023-05-06T02:09:30.298+0000] {processor.py:753} INFO - DAG(s) dict_keys(['example_branch_python_operator_decorator']) retrieved from /home/airflow/.local/lib/python3.7/site-packages/airflow/example_dags/example_branch_operator_decorator.py
[2023-05-06T02:09:30.353+0000] {logging_mixin.py:137} INFO - [2023-05-06T02:09:30.353+0000] {dag.py:2705} INFO - Sync 1 DAGs
[2023-05-06T02:09:30.390+0000] {logging_mixin.py:137} INFO - [2023-05-06T02:09:30.390+0000] {dag.py:3456} INFO - Setting next_dagrun for example_branch_python_operator_decorator to 2023-05-05T00:00:00+00:00, run_after=2023-05-06T00:00:00+00:00
[2023-05-06T02:09:30.424+0000] {processor.py:175} INFO - Processing /home/airflow/.local/lib/python3.7/site-packages/airflow/example_dags/example_branch_operator_decorator.py took 0.191 seconds
[2023-05-06T02:10:00.671+0000] {processor.py:153} INFO - Started process (PID=5335) to work on /home/airflow/.local/lib/python3.7/site-packages/airflow/example_dags/example_branch_operator_decorator.py
[2023-05-06T02:10:00.674+0000] {processor.py:743} INFO - Processing file /home/airflow/.local/lib/python3.7/site-packages/airflow/example_dags/example_branch_operator_decorator.py for tasks to queue
[2023-05-06T02:10:00.677+0000] {logging_mixin.py:137} INFO - [2023-05-06T02:10:00.677+0000] {dagbag.py:532} INFO - Filling up the DagBag from /home/airflow/.local/lib/python3.7/site-packages/airflow/example_dags/example_branch_operator_decorator.py
[2023-05-06T02:10:00.730+0000] {processor.py:753} INFO - DAG(s) dict_keys(['example_branch_python_operator_decorator']) retrieved from /home/airflow/.local/lib/python3.7/site-packages/airflow/example_dags/example_branch_operator_decorator.py
[2023-05-06T02:10:00.796+0000] {logging_mixin.py:137} INFO - [2023-05-06T02:10:00.795+0000] {dag.py:2705} INFO - Sync 1 DAGs
[2023-05-06T02:10:00.844+0000] {logging_mixin.py:137} INFO - [2023-05-06T02:10:00.844+0000] {dag.py:3456} INFO - Setting next_dagrun for example_branch_python_operator_decorator to 2023-05-05T00:00:00+00:00, run_after=2023-05-06T00:00:00+00:00
[2023-05-06T02:10:00.894+0000] {processor.py:175} INFO - Processing /home/airflow/.local/lib/python3.7/site-packages/airflow/example_dags/example_branch_operator_decorator.py took 0.231 seconds
[2023-05-06T02:10:31.444+0000] {processor.py:153} INFO - Started process (PID=5385) to work on /home/airflow/.local/lib/python3.7/site-packages/airflow/example_dags/example_branch_operator_decorator.py
[2023-05-06T02:10:31.452+0000] {processor.py:743} INFO - Processing file /home/airflow/.local/lib/python3.7/site-packages/airflow/example_dags/example_branch_operator_decorator.py for tasks to queue
[2023-05-06T02:10:31.454+0000] {logging_mixin.py:137} INFO - [2023-05-06T02:10:31.454+0000] {dagbag.py:532} INFO - Filling up the DagBag from /home/airflow/.local/lib/python3.7/site-packages/airflow/example_dags/example_branch_operator_decorator.py
[2023-05-06T02:10:31.504+0000] {processor.py:753} INFO - DAG(s) dict_keys(['example_branch_python_operator_decorator']) retrieved from /home/airflow/.local/lib/python3.7/site-packages/airflow/example_dags/example_branch_operator_decorator.py
[2023-05-06T02:10:31.552+0000] {logging_mixin.py:137} INFO - [2023-05-06T02:10:31.552+0000] {dag.py:2705} INFO - Sync 1 DAGs
[2023-05-06T02:10:31.598+0000] {logging_mixin.py:137} INFO - [2023-05-06T02:10:31.597+0000] {dag.py:3456} INFO - Setting next_dagrun for example_branch_python_operator_decorator to 2023-05-05T00:00:00+00:00, run_after=2023-05-06T00:00:00+00:00
[2023-05-06T02:10:31.649+0000] {processor.py:175} INFO - Processing /home/airflow/.local/lib/python3.7/site-packages/airflow/example_dags/example_branch_operator_decorator.py took 0.210 seconds
[2023-05-06T02:11:02.025+0000] {processor.py:153} INFO - Started process (PID=5437) to work on /home/airflow/.local/lib/python3.7/site-packages/airflow/example_dags/example_branch_operator_decorator.py
[2023-05-06T02:11:02.028+0000] {processor.py:743} INFO - Processing file /home/airflow/.local/lib/python3.7/site-packages/airflow/example_dags/example_branch_operator_decorator.py for tasks to queue
[2023-05-06T02:11:02.030+0000] {logging_mixin.py:137} INFO - [2023-05-06T02:11:02.030+0000] {dagbag.py:532} INFO - Filling up the DagBag from /home/airflow/.local/lib/python3.7/site-packages/airflow/example_dags/example_branch_operator_decorator.py
[2023-05-06T02:11:02.084+0000] {processor.py:753} INFO - DAG(s) dict_keys(['example_branch_python_operator_decorator']) retrieved from /home/airflow/.local/lib/python3.7/site-packages/airflow/example_dags/example_branch_operator_decorator.py
[2023-05-06T02:11:02.129+0000] {logging_mixin.py:137} INFO - [2023-05-06T02:11:02.129+0000] {dag.py:2705} INFO - Sync 1 DAGs
[2023-05-06T02:11:02.169+0000] {logging_mixin.py:137} INFO - [2023-05-06T02:11:02.169+0000] {dag.py:3456} INFO - Setting next_dagrun for example_branch_python_operator_decorator to 2023-05-05T00:00:00+00:00, run_after=2023-05-06T00:00:00+00:00
[2023-05-06T02:11:02.200+0000] {processor.py:175} INFO - Processing /home/airflow/.local/lib/python3.7/site-packages/airflow/example_dags/example_branch_operator_decorator.py took 0.183 seconds
[2023-05-06T02:11:33.071+0000] {processor.py:153} INFO - Started process (PID=5489) to work on /home/airflow/.local/lib/python3.7/site-packages/airflow/example_dags/example_branch_operator_decorator.py
[2023-05-06T02:11:33.076+0000] {processor.py:743} INFO - Processing file /home/airflow/.local/lib/python3.7/site-packages/airflow/example_dags/example_branch_operator_decorator.py for tasks to queue
[2023-05-06T02:11:33.080+0000] {logging_mixin.py:137} INFO - [2023-05-06T02:11:33.080+0000] {dagbag.py:532} INFO - Filling up the DagBag from /home/airflow/.local/lib/python3.7/site-packages/airflow/example_dags/example_branch_operator_decorator.py
[2023-05-06T02:11:33.127+0000] {processor.py:753} INFO - DAG(s) dict_keys(['example_branch_python_operator_decorator']) retrieved from /home/airflow/.local/lib/python3.7/site-packages/airflow/example_dags/example_branch_operator_decorator.py
[2023-05-06T02:11:33.176+0000] {logging_mixin.py:137} INFO - [2023-05-06T02:11:33.176+0000] {dag.py:2705} INFO - Sync 1 DAGs
[2023-05-06T02:11:33.218+0000] {logging_mixin.py:137} INFO - [2023-05-06T02:11:33.217+0000] {dag.py:3456} INFO - Setting next_dagrun for example_branch_python_operator_decorator to 2023-05-05T00:00:00+00:00, run_after=2023-05-06T00:00:00+00:00
[2023-05-06T02:11:33.250+0000] {processor.py:175} INFO - Processing /home/airflow/.local/lib/python3.7/site-packages/airflow/example_dags/example_branch_operator_decorator.py took 0.192 seconds
[2023-05-06T02:12:03.450+0000] {processor.py:153} INFO - Started process (PID=5541) to work on /home/airflow/.local/lib/python3.7/site-packages/airflow/example_dags/example_branch_operator_decorator.py
[2023-05-06T02:12:03.452+0000] {processor.py:743} INFO - Processing file /home/airflow/.local/lib/python3.7/site-packages/airflow/example_dags/example_branch_operator_decorator.py for tasks to queue
[2023-05-06T02:12:03.454+0000] {logging_mixin.py:137} INFO - [2023-05-06T02:12:03.454+0000] {dagbag.py:532} INFO - Filling up the DagBag from /home/airflow/.local/lib/python3.7/site-packages/airflow/example_dags/example_branch_operator_decorator.py
[2023-05-06T02:12:03.493+0000] {processor.py:753} INFO - DAG(s) dict_keys(['example_branch_python_operator_decorator']) retrieved from /home/airflow/.local/lib/python3.7/site-packages/airflow/example_dags/example_branch_operator_decorator.py
[2023-05-06T02:12:03.535+0000] {logging_mixin.py:137} INFO - [2023-05-06T02:12:03.535+0000] {dag.py:2705} INFO - Sync 1 DAGs
[2023-05-06T02:12:03.568+0000] {logging_mixin.py:137} INFO - [2023-05-06T02:12:03.568+0000] {dag.py:3456} INFO - Setting next_dagrun for example_branch_python_operator_decorator to 2023-05-05T00:00:00+00:00, run_after=2023-05-06T00:00:00+00:00
[2023-05-06T02:12:03.592+0000] {processor.py:175} INFO - Processing /home/airflow/.local/lib/python3.7/site-packages/airflow/example_dags/example_branch_operator_decorator.py took 0.149 seconds
[2023-05-06T02:12:34.546+0000] {processor.py:153} INFO - Started process (PID=5592) to work on /home/airflow/.local/lib/python3.7/site-packages/airflow/example_dags/example_branch_operator_decorator.py
[2023-05-06T02:12:34.549+0000] {processor.py:743} INFO - Processing file /home/airflow/.local/lib/python3.7/site-packages/airflow/example_dags/example_branch_operator_decorator.py for tasks to queue
[2023-05-06T02:12:34.551+0000] {logging_mixin.py:137} INFO - [2023-05-06T02:12:34.551+0000] {dagbag.py:532} INFO - Filling up the DagBag from /home/airflow/.local/lib/python3.7/site-packages/airflow/example_dags/example_branch_operator_decorator.py
[2023-05-06T02:12:34.593+0000] {processor.py:753} INFO - DAG(s) dict_keys(['example_branch_python_operator_decorator']) retrieved from /home/airflow/.local/lib/python3.7/site-packages/airflow/example_dags/example_branch_operator_decorator.py
[2023-05-06T02:12:34.638+0000] {logging_mixin.py:137} INFO - [2023-05-06T02:12:34.638+0000] {dag.py:2705} INFO - Sync 1 DAGs
[2023-05-06T02:12:34.677+0000] {logging_mixin.py:137} INFO - [2023-05-06T02:12:34.677+0000] {dag.py:3456} INFO - Setting next_dagrun for example_branch_python_operator_decorator to 2023-05-05T00:00:00+00:00, run_after=2023-05-06T00:00:00+00:00
[2023-05-06T02:12:34.708+0000] {processor.py:175} INFO - Processing /home/airflow/.local/lib/python3.7/site-packages/airflow/example_dags/example_branch_operator_decorator.py took 0.166 seconds
[2023-05-06T02:13:05.972+0000] {processor.py:153} INFO - Started process (PID=5644) to work on /home/airflow/.local/lib/python3.7/site-packages/airflow/example_dags/example_branch_operator_decorator.py
[2023-05-06T02:13:05.979+0000] {processor.py:743} INFO - Processing file /home/airflow/.local/lib/python3.7/site-packages/airflow/example_dags/example_branch_operator_decorator.py for tasks to queue
[2023-05-06T02:13:05.987+0000] {logging_mixin.py:137} INFO - [2023-05-06T02:13:05.986+0000] {dagbag.py:532} INFO - Filling up the DagBag from /home/airflow/.local/lib/python3.7/site-packages/airflow/example_dags/example_branch_operator_decorator.py
[2023-05-06T02:13:06.044+0000] {processor.py:753} INFO - DAG(s) dict_keys(['example_branch_python_operator_decorator']) retrieved from /home/airflow/.local/lib/python3.7/site-packages/airflow/example_dags/example_branch_operator_decorator.py
[2023-05-06T02:13:06.127+0000] {logging_mixin.py:137} INFO - [2023-05-06T02:13:06.126+0000] {dag.py:2705} INFO - Sync 1 DAGs
[2023-05-06T02:13:06.216+0000] {logging_mixin.py:137} INFO - [2023-05-06T02:13:06.216+0000] {dag.py:3456} INFO - Setting next_dagrun for example_branch_python_operator_decorator to 2023-05-05T00:00:00+00:00, run_after=2023-05-06T00:00:00+00:00
[2023-05-06T02:13:06.328+0000] {processor.py:175} INFO - Processing /home/airflow/.local/lib/python3.7/site-packages/airflow/example_dags/example_branch_operator_decorator.py took 0.380 seconds
[2023-05-06T02:13:37.010+0000] {processor.py:153} INFO - Started process (PID=5696) to work on /home/airflow/.local/lib/python3.7/site-packages/airflow/example_dags/example_branch_operator_decorator.py
[2023-05-06T02:13:37.016+0000] {processor.py:743} INFO - Processing file /home/airflow/.local/lib/python3.7/site-packages/airflow/example_dags/example_branch_operator_decorator.py for tasks to queue
[2023-05-06T02:13:37.021+0000] {logging_mixin.py:137} INFO - [2023-05-06T02:13:37.020+0000] {dagbag.py:532} INFO - Filling up the DagBag from /home/airflow/.local/lib/python3.7/site-packages/airflow/example_dags/example_branch_operator_decorator.py
[2023-05-06T02:13:37.176+0000] {processor.py:753} INFO - DAG(s) dict_keys(['example_branch_python_operator_decorator']) retrieved from /home/airflow/.local/lib/python3.7/site-packages/airflow/example_dags/example_branch_operator_decorator.py
[2023-05-06T02:13:37.269+0000] {logging_mixin.py:137} INFO - [2023-05-06T02:13:37.269+0000] {dag.py:2705} INFO - Sync 1 DAGs
[2023-05-06T02:13:37.413+0000] {logging_mixin.py:137} INFO - [2023-05-06T02:13:37.412+0000] {dag.py:3456} INFO - Setting next_dagrun for example_branch_python_operator_decorator to 2023-05-05T00:00:00+00:00, run_after=2023-05-06T00:00:00+00:00
[2023-05-06T02:13:37.470+0000] {processor.py:175} INFO - Processing /home/airflow/.local/lib/python3.7/site-packages/airflow/example_dags/example_branch_operator_decorator.py took 0.478 seconds
[2023-05-06T02:14:08.424+0000] {processor.py:153} INFO - Started process (PID=5755) to work on /home/airflow/.local/lib/python3.7/site-packages/airflow/example_dags/example_branch_operator_decorator.py
[2023-05-06T02:14:08.427+0000] {processor.py:743} INFO - Processing file /home/airflow/.local/lib/python3.7/site-packages/airflow/example_dags/example_branch_operator_decorator.py for tasks to queue
[2023-05-06T02:14:08.429+0000] {logging_mixin.py:137} INFO - [2023-05-06T02:14:08.429+0000] {dagbag.py:532} INFO - Filling up the DagBag from /home/airflow/.local/lib/python3.7/site-packages/airflow/example_dags/example_branch_operator_decorator.py
[2023-05-06T02:14:08.479+0000] {processor.py:753} INFO - DAG(s) dict_keys(['example_branch_python_operator_decorator']) retrieved from /home/airflow/.local/lib/python3.7/site-packages/airflow/example_dags/example_branch_operator_decorator.py
[2023-05-06T02:14:08.533+0000] {logging_mixin.py:137} INFO - [2023-05-06T02:14:08.533+0000] {dag.py:2705} INFO - Sync 1 DAGs
[2023-05-06T02:14:08.576+0000] {logging_mixin.py:137} INFO - [2023-05-06T02:14:08.576+0000] {dag.py:3456} INFO - Setting next_dagrun for example_branch_python_operator_decorator to 2023-05-05T00:00:00+00:00, run_after=2023-05-06T00:00:00+00:00
[2023-05-06T02:14:08.608+0000] {processor.py:175} INFO - Processing /home/airflow/.local/lib/python3.7/site-packages/airflow/example_dags/example_branch_operator_decorator.py took 0.194 seconds
[2023-05-06T02:14:38.780+0000] {processor.py:153} INFO - Started process (PID=5807) to work on /home/airflow/.local/lib/python3.7/site-packages/airflow/example_dags/example_branch_operator_decorator.py
[2023-05-06T02:14:38.783+0000] {processor.py:743} INFO - Processing file /home/airflow/.local/lib/python3.7/site-packages/airflow/example_dags/example_branch_operator_decorator.py for tasks to queue
[2023-05-06T02:14:38.787+0000] {logging_mixin.py:137} INFO - [2023-05-06T02:14:38.787+0000] {dagbag.py:532} INFO - Filling up the DagBag from /home/airflow/.local/lib/python3.7/site-packages/airflow/example_dags/example_branch_operator_decorator.py
[2023-05-06T02:14:38.840+0000] {processor.py:753} INFO - DAG(s) dict_keys(['example_branch_python_operator_decorator']) retrieved from /home/airflow/.local/lib/python3.7/site-packages/airflow/example_dags/example_branch_operator_decorator.py
[2023-05-06T02:14:38.902+0000] {logging_mixin.py:137} INFO - [2023-05-06T02:14:38.901+0000] {dag.py:2705} INFO - Sync 1 DAGs
[2023-05-06T02:14:38.963+0000] {logging_mixin.py:137} INFO - [2023-05-06T02:14:38.963+0000] {dag.py:3456} INFO - Setting next_dagrun for example_branch_python_operator_decorator to 2023-05-05T00:00:00+00:00, run_after=2023-05-06T00:00:00+00:00
[2023-05-06T02:14:38.999+0000] {processor.py:175} INFO - Processing /home/airflow/.local/lib/python3.7/site-packages/airflow/example_dags/example_branch_operator_decorator.py took 0.226 seconds
[2023-05-06T02:15:10.013+0000] {processor.py:153} INFO - Started process (PID=5859) to work on /home/airflow/.local/lib/python3.7/site-packages/airflow/example_dags/example_branch_operator_decorator.py
[2023-05-06T02:15:10.017+0000] {processor.py:743} INFO - Processing file /home/airflow/.local/lib/python3.7/site-packages/airflow/example_dags/example_branch_operator_decorator.py for tasks to queue
[2023-05-06T02:15:10.021+0000] {logging_mixin.py:137} INFO - [2023-05-06T02:15:10.021+0000] {dagbag.py:532} INFO - Filling up the DagBag from /home/airflow/.local/lib/python3.7/site-packages/airflow/example_dags/example_branch_operator_decorator.py
[2023-05-06T02:15:10.070+0000] {processor.py:753} INFO - DAG(s) dict_keys(['example_branch_python_operator_decorator']) retrieved from /home/airflow/.local/lib/python3.7/site-packages/airflow/example_dags/example_branch_operator_decorator.py
[2023-05-06T02:15:10.134+0000] {logging_mixin.py:137} INFO - [2023-05-06T02:15:10.134+0000] {dag.py:2705} INFO - Sync 1 DAGs
[2023-05-06T02:15:10.185+0000] {logging_mixin.py:137} INFO - [2023-05-06T02:15:10.185+0000] {dag.py:3456} INFO - Setting next_dagrun for example_branch_python_operator_decorator to 2023-05-05T00:00:00+00:00, run_after=2023-05-06T00:00:00+00:00
[2023-05-06T02:15:10.223+0000] {processor.py:175} INFO - Processing /home/airflow/.local/lib/python3.7/site-packages/airflow/example_dags/example_branch_operator_decorator.py took 0.221 seconds
[2023-05-06T02:15:40.529+0000] {processor.py:153} INFO - Started process (PID=5911) to work on /home/airflow/.local/lib/python3.7/site-packages/airflow/example_dags/example_branch_operator_decorator.py
[2023-05-06T02:15:40.533+0000] {processor.py:743} INFO - Processing file /home/airflow/.local/lib/python3.7/site-packages/airflow/example_dags/example_branch_operator_decorator.py for tasks to queue
[2023-05-06T02:15:40.537+0000] {logging_mixin.py:137} INFO - [2023-05-06T02:15:40.537+0000] {dagbag.py:532} INFO - Filling up the DagBag from /home/airflow/.local/lib/python3.7/site-packages/airflow/example_dags/example_branch_operator_decorator.py
[2023-05-06T02:15:40.602+0000] {processor.py:753} INFO - DAG(s) dict_keys(['example_branch_python_operator_decorator']) retrieved from /home/airflow/.local/lib/python3.7/site-packages/airflow/example_dags/example_branch_operator_decorator.py
[2023-05-06T02:15:40.651+0000] {logging_mixin.py:137} INFO - [2023-05-06T02:15:40.651+0000] {dag.py:2705} INFO - Sync 1 DAGs
[2023-05-06T02:15:40.703+0000] {logging_mixin.py:137} INFO - [2023-05-06T02:15:40.703+0000] {dag.py:3456} INFO - Setting next_dagrun for example_branch_python_operator_decorator to 2023-05-05T00:00:00+00:00, run_after=2023-05-06T00:00:00+00:00
[2023-05-06T02:15:40.749+0000] {processor.py:175} INFO - Processing /home/airflow/.local/lib/python3.7/site-packages/airflow/example_dags/example_branch_operator_decorator.py took 0.232 seconds
[2023-05-06T02:16:11.134+0000] {processor.py:153} INFO - Started process (PID=5963) to work on /home/airflow/.local/lib/python3.7/site-packages/airflow/example_dags/example_branch_operator_decorator.py
[2023-05-06T02:16:11.138+0000] {processor.py:743} INFO - Processing file /home/airflow/.local/lib/python3.7/site-packages/airflow/example_dags/example_branch_operator_decorator.py for tasks to queue
[2023-05-06T02:16:11.142+0000] {logging_mixin.py:137} INFO - [2023-05-06T02:16:11.141+0000] {dagbag.py:532} INFO - Filling up the DagBag from /home/airflow/.local/lib/python3.7/site-packages/airflow/example_dags/example_branch_operator_decorator.py
[2023-05-06T02:16:11.205+0000] {processor.py:753} INFO - DAG(s) dict_keys(['example_branch_python_operator_decorator']) retrieved from /home/airflow/.local/lib/python3.7/site-packages/airflow/example_dags/example_branch_operator_decorator.py
[2023-05-06T02:16:11.273+0000] {logging_mixin.py:137} INFO - [2023-05-06T02:16:11.273+0000] {dag.py:2705} INFO - Sync 1 DAGs
[2023-05-06T02:16:11.325+0000] {logging_mixin.py:137} INFO - [2023-05-06T02:16:11.325+0000] {dag.py:3456} INFO - Setting next_dagrun for example_branch_python_operator_decorator to 2023-05-05T00:00:00+00:00, run_after=2023-05-06T00:00:00+00:00
[2023-05-06T02:16:11.374+0000] {processor.py:175} INFO - Processing /home/airflow/.local/lib/python3.7/site-packages/airflow/example_dags/example_branch_operator_decorator.py took 0.255 seconds
[2023-05-06T02:16:45.264+0000] {processor.py:153} INFO - Started process (PID=6015) to work on /home/airflow/.local/lib/python3.7/site-packages/airflow/example_dags/example_branch_operator_decorator.py
[2023-05-06T02:16:45.271+0000] {processor.py:743} INFO - Processing file /home/airflow/.local/lib/python3.7/site-packages/airflow/example_dags/example_branch_operator_decorator.py for tasks to queue
[2023-05-06T02:16:45.283+0000] {logging_mixin.py:137} INFO - [2023-05-06T02:16:45.283+0000] {dagbag.py:532} INFO - Filling up the DagBag from /home/airflow/.local/lib/python3.7/site-packages/airflow/example_dags/example_branch_operator_decorator.py
[2023-05-06T02:16:45.387+0000] {processor.py:753} INFO - DAG(s) dict_keys(['example_branch_python_operator_decorator']) retrieved from /home/airflow/.local/lib/python3.7/site-packages/airflow/example_dags/example_branch_operator_decorator.py
[2023-05-06T02:16:45.604+0000] {logging_mixin.py:137} INFO - [2023-05-06T02:16:45.604+0000] {dag.py:2705} INFO - Sync 1 DAGs
[2023-05-06T02:16:45.778+0000] {logging_mixin.py:137} INFO - [2023-05-06T02:16:45.778+0000] {dag.py:3456} INFO - Setting next_dagrun for example_branch_python_operator_decorator to 2023-05-05T00:00:00+00:00, run_after=2023-05-06T00:00:00+00:00
[2023-05-06T02:16:45.916+0000] {processor.py:175} INFO - Processing /home/airflow/.local/lib/python3.7/site-packages/airflow/example_dags/example_branch_operator_decorator.py took 0.678 seconds
[2023-05-06T02:17:17.485+0000] {processor.py:153} INFO - Started process (PID=6067) to work on /home/airflow/.local/lib/python3.7/site-packages/airflow/example_dags/example_branch_operator_decorator.py
[2023-05-06T02:17:17.502+0000] {processor.py:743} INFO - Processing file /home/airflow/.local/lib/python3.7/site-packages/airflow/example_dags/example_branch_operator_decorator.py for tasks to queue
[2023-05-06T02:17:17.520+0000] {logging_mixin.py:137} INFO - [2023-05-06T02:17:17.519+0000] {dagbag.py:532} INFO - Filling up the DagBag from /home/airflow/.local/lib/python3.7/site-packages/airflow/example_dags/example_branch_operator_decorator.py
[2023-05-06T02:17:17.740+0000] {processor.py:753} INFO - DAG(s) dict_keys(['example_branch_python_operator_decorator']) retrieved from /home/airflow/.local/lib/python3.7/site-packages/airflow/example_dags/example_branch_operator_decorator.py
[2023-05-06T02:17:17.911+0000] {logging_mixin.py:137} INFO - [2023-05-06T02:17:17.911+0000] {dag.py:2705} INFO - Sync 1 DAGs
[2023-05-06T02:17:18.848+0000] {logging_mixin.py:137} INFO - [2023-05-06T02:17:18.847+0000] {dag.py:3456} INFO - Setting next_dagrun for example_branch_python_operator_decorator to 2023-05-05T00:00:00+00:00, run_after=2023-05-06T00:00:00+00:00
[2023-05-06T02:17:20.293+0000] {processor.py:175} INFO - Processing /home/airflow/.local/lib/python3.7/site-packages/airflow/example_dags/example_branch_operator_decorator.py took 2.829 seconds
