[2023-05-06T00:03:48.176+0000] {processor.py:153} INFO - Started process (PID=4271) to work on /home/airflow/.local/lib/python3.7/site-packages/airflow/example_dags/example_bash_operator.py
[2023-05-06T00:03:48.179+0000] {processor.py:743} INFO - Processing file /home/airflow/.local/lib/python3.7/site-packages/airflow/example_dags/example_bash_operator.py for tasks to queue
[2023-05-06T00:03:48.181+0000] {logging_mixin.py:137} INFO - [2023-05-06T00:03:48.181+0000] {dagbag.py:532} INFO - Filling up the DagBag from /home/airflow/.local/lib/python3.7/site-packages/airflow/example_dags/example_bash_operator.py
[2023-05-06T00:03:48.226+0000] {processor.py:753} INFO - DAG(s) dict_keys(['example_bash_operator']) retrieved from /home/airflow/.local/lib/python3.7/site-packages/airflow/example_dags/example_bash_operator.py
[2023-05-06T00:03:48.315+0000] {logging_mixin.py:137} INFO - [2023-05-06T00:03:48.315+0000] {dag.py:2705} INFO - Sync 1 DAGs
[2023-05-06T00:03:48.357+0000] {logging_mixin.py:137} INFO - [2023-05-06T00:03:48.356+0000] {dag.py:3456} INFO - Setting next_dagrun for example_bash_operator to 2023-05-05T00:00:00+00:00, run_after=2023-05-06T00:00:00+00:00
[2023-05-06T00:03:48.393+0000] {processor.py:175} INFO - Processing /home/airflow/.local/lib/python3.7/site-packages/airflow/example_dags/example_bash_operator.py took 0.226 seconds
[2023-05-06T00:17:28.730+0000] {processor.py:153} INFO - Started process (PID=4322) to work on /home/airflow/.local/lib/python3.7/site-packages/airflow/example_dags/example_bash_operator.py
[2023-05-06T00:17:28.732+0000] {processor.py:743} INFO - Processing file /home/airflow/.local/lib/python3.7/site-packages/airflow/example_dags/example_bash_operator.py for tasks to queue
[2023-05-06T00:17:28.734+0000] {logging_mixin.py:137} INFO - [2023-05-06T00:17:28.734+0000] {dagbag.py:532} INFO - Filling up the DagBag from /home/airflow/.local/lib/python3.7/site-packages/airflow/example_dags/example_bash_operator.py
[2023-05-06T00:17:28.770+0000] {processor.py:753} INFO - DAG(s) dict_keys(['example_bash_operator']) retrieved from /home/airflow/.local/lib/python3.7/site-packages/airflow/example_dags/example_bash_operator.py
[2023-05-06T00:17:28.840+0000] {logging_mixin.py:137} INFO - [2023-05-06T00:17:28.840+0000] {dag.py:2705} INFO - Sync 1 DAGs
[2023-05-06T00:17:28.877+0000] {logging_mixin.py:137} INFO - [2023-05-06T00:17:28.877+0000] {dag.py:3456} INFO - Setting next_dagrun for example_bash_operator to 2023-05-05T00:00:00+00:00, run_after=2023-05-06T00:00:00+00:00
[2023-05-06T00:17:28.904+0000] {processor.py:175} INFO - Processing /home/airflow/.local/lib/python3.7/site-packages/airflow/example_dags/example_bash_operator.py took 0.182 seconds
[2023-05-06T00:20:36.874+0000] {processor.py:153} INFO - Started process (PID=4374) to work on /home/airflow/.local/lib/python3.7/site-packages/airflow/example_dags/example_bash_operator.py
[2023-05-06T00:20:36.878+0000] {processor.py:743} INFO - Processing file /home/airflow/.local/lib/python3.7/site-packages/airflow/example_dags/example_bash_operator.py for tasks to queue
[2023-05-06T00:20:36.882+0000] {logging_mixin.py:137} INFO - [2023-05-06T00:20:36.882+0000] {dagbag.py:532} INFO - Filling up the DagBag from /home/airflow/.local/lib/python3.7/site-packages/airflow/example_dags/example_bash_operator.py
[2023-05-06T00:20:36.969+0000] {processor.py:753} INFO - DAG(s) dict_keys(['example_bash_operator']) retrieved from /home/airflow/.local/lib/python3.7/site-packages/airflow/example_dags/example_bash_operator.py
[2023-05-06T00:20:37.146+0000] {logging_mixin.py:137} INFO - [2023-05-06T00:20:37.146+0000] {dag.py:2705} INFO - Sync 1 DAGs
[2023-05-06T00:20:37.190+0000] {logging_mixin.py:137} INFO - [2023-05-06T00:20:37.189+0000] {dag.py:3456} INFO - Setting next_dagrun for example_bash_operator to 2023-05-05T00:00:00+00:00, run_after=2023-05-06T00:00:00+00:00
[2023-05-06T00:20:37.225+0000] {processor.py:175} INFO - Processing /home/airflow/.local/lib/python3.7/site-packages/airflow/example_dags/example_bash_operator.py took 0.377 seconds
[2023-05-06T00:36:26.846+0000] {processor.py:153} INFO - Started process (PID=4434) to work on /home/airflow/.local/lib/python3.7/site-packages/airflow/example_dags/example_bash_operator.py
[2023-05-06T00:36:26.851+0000] {processor.py:743} INFO - Processing file /home/airflow/.local/lib/python3.7/site-packages/airflow/example_dags/example_bash_operator.py for tasks to queue
[2023-05-06T00:36:26.856+0000] {logging_mixin.py:137} INFO - [2023-05-06T00:36:26.855+0000] {dagbag.py:532} INFO - Filling up the DagBag from /home/airflow/.local/lib/python3.7/site-packages/airflow/example_dags/example_bash_operator.py
[2023-05-06T00:36:27.048+0000] {processor.py:753} INFO - DAG(s) dict_keys(['example_bash_operator']) retrieved from /home/airflow/.local/lib/python3.7/site-packages/airflow/example_dags/example_bash_operator.py
[2023-05-06T00:36:27.190+0000] {logging_mixin.py:137} INFO - [2023-05-06T00:36:27.189+0000] {dag.py:2705} INFO - Sync 1 DAGs
[2023-05-06T00:36:27.386+0000] {logging_mixin.py:137} INFO - [2023-05-06T00:36:27.377+0000] {dag.py:3456} INFO - Setting next_dagrun for example_bash_operator to 2023-05-05T00:00:00+00:00, run_after=2023-05-06T00:00:00+00:00
[2023-05-06T00:36:27.456+0000] {processor.py:175} INFO - Processing /home/airflow/.local/lib/python3.7/site-packages/airflow/example_dags/example_bash_operator.py took 0.660 seconds
[2023-05-06T00:37:15.323+0000] {processor.py:153} INFO - Started process (PID=4486) to work on /home/airflow/.local/lib/python3.7/site-packages/airflow/example_dags/example_bash_operator.py
[2023-05-06T00:37:15.419+0000] {processor.py:743} INFO - Processing file /home/airflow/.local/lib/python3.7/site-packages/airflow/example_dags/example_bash_operator.py for tasks to queue
[2023-05-06T00:37:15.460+0000] {logging_mixin.py:137} INFO - [2023-05-06T00:37:15.451+0000] {dagbag.py:532} INFO - Filling up the DagBag from /home/airflow/.local/lib/python3.7/site-packages/airflow/example_dags/example_bash_operator.py
[2023-05-06T00:37:16.172+0000] {processor.py:753} INFO - DAG(s) dict_keys(['example_bash_operator']) retrieved from /home/airflow/.local/lib/python3.7/site-packages/airflow/example_dags/example_bash_operator.py
[2023-05-06T00:37:17.610+0000] {logging_mixin.py:137} INFO - [2023-05-06T00:37:17.608+0000] {dag.py:2705} INFO - Sync 1 DAGs
[2023-05-06T00:37:18.231+0000] {logging_mixin.py:137} INFO - [2023-05-06T00:37:18.230+0000] {dag.py:3456} INFO - Setting next_dagrun for example_bash_operator to 2023-05-05T00:00:00+00:00, run_after=2023-05-06T00:00:00+00:00
[2023-05-06T00:37:18.719+0000] {processor.py:175} INFO - Processing /home/airflow/.local/lib/python3.7/site-packages/airflow/example_dags/example_bash_operator.py took 3.569 seconds
[2023-05-06T00:38:07.776+0000] {processor.py:153} INFO - Started process (PID=4545) to work on /home/airflow/.local/lib/python3.7/site-packages/airflow/example_dags/example_bash_operator.py
[2023-05-06T00:38:07.799+0000] {processor.py:743} INFO - Processing file /home/airflow/.local/lib/python3.7/site-packages/airflow/example_dags/example_bash_operator.py for tasks to queue
[2023-05-06T00:38:07.812+0000] {logging_mixin.py:137} INFO - [2023-05-06T00:38:07.811+0000] {dagbag.py:532} INFO - Filling up the DagBag from /home/airflow/.local/lib/python3.7/site-packages/airflow/example_dags/example_bash_operator.py
[2023-05-06T00:38:08.438+0000] {processor.py:753} INFO - DAG(s) dict_keys(['example_bash_operator']) retrieved from /home/airflow/.local/lib/python3.7/site-packages/airflow/example_dags/example_bash_operator.py
[2023-05-06T00:38:08.922+0000] {logging_mixin.py:137} INFO - [2023-05-06T00:38:08.921+0000] {dag.py:2705} INFO - Sync 1 DAGs
[2023-05-06T00:38:09.294+0000] {logging_mixin.py:137} INFO - [2023-05-06T00:38:09.290+0000] {dag.py:3456} INFO - Setting next_dagrun for example_bash_operator to 2023-05-05T00:00:00+00:00, run_after=2023-05-06T00:00:00+00:00
[2023-05-06T00:38:09.497+0000] {processor.py:175} INFO - Processing /home/airflow/.local/lib/python3.7/site-packages/airflow/example_dags/example_bash_operator.py took 1.800 seconds
[2023-05-06T00:38:50.875+0000] {processor.py:153} INFO - Started process (PID=4585) to work on /home/airflow/.local/lib/python3.7/site-packages/airflow/example_dags/example_bash_operator.py
[2023-05-06T00:38:50.907+0000] {processor.py:743} INFO - Processing file /home/airflow/.local/lib/python3.7/site-packages/airflow/example_dags/example_bash_operator.py for tasks to queue
[2023-05-06T00:38:50.917+0000] {logging_mixin.py:137} INFO - [2023-05-06T00:38:50.916+0000] {dagbag.py:532} INFO - Filling up the DagBag from /home/airflow/.local/lib/python3.7/site-packages/airflow/example_dags/example_bash_operator.py
[2023-05-06T00:38:51.204+0000] {processor.py:753} INFO - DAG(s) dict_keys(['example_bash_operator']) retrieved from /home/airflow/.local/lib/python3.7/site-packages/airflow/example_dags/example_bash_operator.py
[2023-05-06T00:38:51.760+0000] {logging_mixin.py:137} INFO - [2023-05-06T00:38:51.759+0000] {dag.py:2705} INFO - Sync 1 DAGs
[2023-05-06T00:38:51.953+0000] {logging_mixin.py:137} INFO - [2023-05-06T00:38:51.952+0000] {dag.py:3456} INFO - Setting next_dagrun for example_bash_operator to 2023-05-05T00:00:00+00:00, run_after=2023-05-06T00:00:00+00:00
[2023-05-06T00:38:52.065+0000] {processor.py:175} INFO - Processing /home/airflow/.local/lib/python3.7/site-packages/airflow/example_dags/example_bash_operator.py took 1.213 seconds
[2023-05-06T00:54:40.452+0000] {processor.py:153} INFO - Started process (PID=4633) to work on /home/airflow/.local/lib/python3.7/site-packages/airflow/example_dags/example_bash_operator.py
[2023-05-06T00:54:40.457+0000] {processor.py:743} INFO - Processing file /home/airflow/.local/lib/python3.7/site-packages/airflow/example_dags/example_bash_operator.py for tasks to queue
[2023-05-06T00:54:40.463+0000] {logging_mixin.py:137} INFO - [2023-05-06T00:54:40.463+0000] {dagbag.py:532} INFO - Filling up the DagBag from /home/airflow/.local/lib/python3.7/site-packages/airflow/example_dags/example_bash_operator.py
[2023-05-06T00:54:40.531+0000] {processor.py:753} INFO - DAG(s) dict_keys(['example_bash_operator']) retrieved from /home/airflow/.local/lib/python3.7/site-packages/airflow/example_dags/example_bash_operator.py
[2023-05-06T00:54:40.616+0000] {logging_mixin.py:137} INFO - [2023-05-06T00:54:40.616+0000] {dag.py:2705} INFO - Sync 1 DAGs
[2023-05-06T00:54:40.673+0000] {logging_mixin.py:137} INFO - [2023-05-06T00:54:40.673+0000] {dag.py:3456} INFO - Setting next_dagrun for example_bash_operator to 2023-05-05T00:00:00+00:00, run_after=2023-05-06T00:00:00+00:00
[2023-05-06T00:54:40.706+0000] {processor.py:175} INFO - Processing /home/airflow/.local/lib/python3.7/site-packages/airflow/example_dags/example_bash_operator.py took 0.267 seconds
[2023-05-06T02:03:38.940+0000] {processor.py:153} INFO - Started process (PID=4691) to work on /home/airflow/.local/lib/python3.7/site-packages/airflow/example_dags/example_bash_operator.py
[2023-05-06T02:03:38.944+0000] {processor.py:743} INFO - Processing file /home/airflow/.local/lib/python3.7/site-packages/airflow/example_dags/example_bash_operator.py for tasks to queue
[2023-05-06T02:03:38.948+0000] {logging_mixin.py:137} INFO - [2023-05-06T02:03:38.947+0000] {dagbag.py:532} INFO - Filling up the DagBag from /home/airflow/.local/lib/python3.7/site-packages/airflow/example_dags/example_bash_operator.py
[2023-05-06T02:03:39.020+0000] {processor.py:753} INFO - DAG(s) dict_keys(['example_bash_operator']) retrieved from /home/airflow/.local/lib/python3.7/site-packages/airflow/example_dags/example_bash_operator.py
[2023-05-06T02:03:39.155+0000] {logging_mixin.py:137} INFO - [2023-05-06T02:03:39.147+0000] {dag.py:2705} INFO - Sync 1 DAGs
[2023-05-06T02:03:39.254+0000] {logging_mixin.py:137} INFO - [2023-05-06T02:03:39.254+0000] {dag.py:3456} INFO - Setting next_dagrun for example_bash_operator to 2023-05-05T00:00:00+00:00, run_after=2023-05-06T00:00:00+00:00
[2023-05-06T02:03:39.301+0000] {processor.py:175} INFO - Processing /home/airflow/.local/lib/python3.7/site-packages/airflow/example_dags/example_bash_operator.py took 0.375 seconds
[2023-05-06T02:04:13.348+0000] {processor.py:153} INFO - Started process (PID=4743) to work on /home/airflow/.local/lib/python3.7/site-packages/airflow/example_dags/example_bash_operator.py
[2023-05-06T02:04:13.353+0000] {processor.py:743} INFO - Processing file /home/airflow/.local/lib/python3.7/site-packages/airflow/example_dags/example_bash_operator.py for tasks to queue
[2023-05-06T02:04:13.357+0000] {logging_mixin.py:137} INFO - [2023-05-06T02:04:13.355+0000] {dagbag.py:532} INFO - Filling up the DagBag from /home/airflow/.local/lib/python3.7/site-packages/airflow/example_dags/example_bash_operator.py
[2023-05-06T02:04:13.440+0000] {processor.py:753} INFO - DAG(s) dict_keys(['example_bash_operator']) retrieved from /home/airflow/.local/lib/python3.7/site-packages/airflow/example_dags/example_bash_operator.py
[2023-05-06T02:04:13.580+0000] {logging_mixin.py:137} INFO - [2023-05-06T02:04:13.579+0000] {dag.py:2705} INFO - Sync 1 DAGs
[2023-05-06T02:04:13.648+0000] {logging_mixin.py:137} INFO - [2023-05-06T02:04:13.648+0000] {dag.py:3456} INFO - Setting next_dagrun for example_bash_operator to 2023-05-05T00:00:00+00:00, run_after=2023-05-06T00:00:00+00:00
[2023-05-06T02:04:13.716+0000] {processor.py:175} INFO - Processing /home/airflow/.local/lib/python3.7/site-packages/airflow/example_dags/example_bash_operator.py took 0.395 seconds
[2023-05-06T02:04:45.534+0000] {processor.py:153} INFO - Started process (PID=4795) to work on /home/airflow/.local/lib/python3.7/site-packages/airflow/example_dags/example_bash_operator.py
[2023-05-06T02:04:45.540+0000] {processor.py:743} INFO - Processing file /home/airflow/.local/lib/python3.7/site-packages/airflow/example_dags/example_bash_operator.py for tasks to queue
[2023-05-06T02:04:45.552+0000] {logging_mixin.py:137} INFO - [2023-05-06T02:04:45.552+0000] {dagbag.py:532} INFO - Filling up the DagBag from /home/airflow/.local/lib/python3.7/site-packages/airflow/example_dags/example_bash_operator.py
[2023-05-06T02:04:45.728+0000] {processor.py:753} INFO - DAG(s) dict_keys(['example_bash_operator']) retrieved from /home/airflow/.local/lib/python3.7/site-packages/airflow/example_dags/example_bash_operator.py
[2023-05-06T02:04:46.052+0000] {logging_mixin.py:137} INFO - [2023-05-06T02:04:46.051+0000] {dag.py:2705} INFO - Sync 1 DAGs
[2023-05-06T02:04:46.207+0000] {logging_mixin.py:137} INFO - [2023-05-06T02:04:46.207+0000] {dag.py:3456} INFO - Setting next_dagrun for example_bash_operator to 2023-05-05T00:00:00+00:00, run_after=2023-05-06T00:00:00+00:00
[2023-05-06T02:04:46.357+0000] {processor.py:175} INFO - Processing /home/airflow/.local/lib/python3.7/site-packages/airflow/example_dags/example_bash_operator.py took 0.851 seconds
[2023-05-06T02:05:16.597+0000] {processor.py:153} INFO - Started process (PID=4847) to work on /home/airflow/.local/lib/python3.7/site-packages/airflow/example_dags/example_bash_operator.py
[2023-05-06T02:05:16.599+0000] {processor.py:743} INFO - Processing file /home/airflow/.local/lib/python3.7/site-packages/airflow/example_dags/example_bash_operator.py for tasks to queue
[2023-05-06T02:05:16.602+0000] {logging_mixin.py:137} INFO - [2023-05-06T02:05:16.601+0000] {dagbag.py:532} INFO - Filling up the DagBag from /home/airflow/.local/lib/python3.7/site-packages/airflow/example_dags/example_bash_operator.py
[2023-05-06T02:05:16.651+0000] {processor.py:753} INFO - DAG(s) dict_keys(['example_bash_operator']) retrieved from /home/airflow/.local/lib/python3.7/site-packages/airflow/example_dags/example_bash_operator.py
[2023-05-06T02:05:16.736+0000] {logging_mixin.py:137} INFO - [2023-05-06T02:05:16.736+0000] {dag.py:2705} INFO - Sync 1 DAGs
[2023-05-06T02:05:16.789+0000] {logging_mixin.py:137} INFO - [2023-05-06T02:05:16.789+0000] {dag.py:3456} INFO - Setting next_dagrun for example_bash_operator to 2023-05-05T00:00:00+00:00, run_after=2023-05-06T00:00:00+00:00
[2023-05-06T02:05:16.835+0000] {processor.py:175} INFO - Processing /home/airflow/.local/lib/python3.7/site-packages/airflow/example_dags/example_bash_operator.py took 0.245 seconds
[2023-05-06T02:05:47.074+0000] {processor.py:153} INFO - Started process (PID=4899) to work on /home/airflow/.local/lib/python3.7/site-packages/airflow/example_dags/example_bash_operator.py
[2023-05-06T02:05:47.077+0000] {processor.py:743} INFO - Processing file /home/airflow/.local/lib/python3.7/site-packages/airflow/example_dags/example_bash_operator.py for tasks to queue
[2023-05-06T02:05:47.080+0000] {logging_mixin.py:137} INFO - [2023-05-06T02:05:47.080+0000] {dagbag.py:532} INFO - Filling up the DagBag from /home/airflow/.local/lib/python3.7/site-packages/airflow/example_dags/example_bash_operator.py
[2023-05-06T02:05:47.136+0000] {processor.py:753} INFO - DAG(s) dict_keys(['example_bash_operator']) retrieved from /home/airflow/.local/lib/python3.7/site-packages/airflow/example_dags/example_bash_operator.py
[2023-05-06T02:05:47.210+0000] {logging_mixin.py:137} INFO - [2023-05-06T02:05:47.210+0000] {dag.py:2705} INFO - Sync 1 DAGs
[2023-05-06T02:05:47.264+0000] {logging_mixin.py:137} INFO - [2023-05-06T02:05:47.264+0000] {dag.py:3456} INFO - Setting next_dagrun for example_bash_operator to 2023-05-05T00:00:00+00:00, run_after=2023-05-06T00:00:00+00:00
[2023-05-06T02:05:47.296+0000] {processor.py:175} INFO - Processing /home/airflow/.local/lib/python3.7/site-packages/airflow/example_dags/example_bash_operator.py took 0.233 seconds
[2023-05-06T02:06:17.503+0000] {processor.py:153} INFO - Started process (PID=4951) to work on /home/airflow/.local/lib/python3.7/site-packages/airflow/example_dags/example_bash_operator.py
[2023-05-06T02:06:17.507+0000] {processor.py:743} INFO - Processing file /home/airflow/.local/lib/python3.7/site-packages/airflow/example_dags/example_bash_operator.py for tasks to queue
[2023-05-06T02:06:17.510+0000] {logging_mixin.py:137} INFO - [2023-05-06T02:06:17.509+0000] {dagbag.py:532} INFO - Filling up the DagBag from /home/airflow/.local/lib/python3.7/site-packages/airflow/example_dags/example_bash_operator.py
[2023-05-06T02:06:17.551+0000] {processor.py:753} INFO - DAG(s) dict_keys(['example_bash_operator']) retrieved from /home/airflow/.local/lib/python3.7/site-packages/airflow/example_dags/example_bash_operator.py
[2023-05-06T02:06:17.620+0000] {logging_mixin.py:137} INFO - [2023-05-06T02:06:17.619+0000] {dag.py:2705} INFO - Sync 1 DAGs
[2023-05-06T02:06:17.673+0000] {logging_mixin.py:137} INFO - [2023-05-06T02:06:17.673+0000] {dag.py:3456} INFO - Setting next_dagrun for example_bash_operator to 2023-05-05T00:00:00+00:00, run_after=2023-05-06T00:00:00+00:00
[2023-05-06T02:06:17.708+0000] {processor.py:175} INFO - Processing /home/airflow/.local/lib/python3.7/site-packages/airflow/example_dags/example_bash_operator.py took 0.221 seconds
[2023-05-06T02:06:48.314+0000] {processor.py:153} INFO - Started process (PID=5003) to work on /home/airflow/.local/lib/python3.7/site-packages/airflow/example_dags/example_bash_operator.py
[2023-05-06T02:06:48.317+0000] {processor.py:743} INFO - Processing file /home/airflow/.local/lib/python3.7/site-packages/airflow/example_dags/example_bash_operator.py for tasks to queue
[2023-05-06T02:06:48.320+0000] {logging_mixin.py:137} INFO - [2023-05-06T02:06:48.319+0000] {dagbag.py:532} INFO - Filling up the DagBag from /home/airflow/.local/lib/python3.7/site-packages/airflow/example_dags/example_bash_operator.py
[2023-05-06T02:06:48.373+0000] {processor.py:753} INFO - DAG(s) dict_keys(['example_bash_operator']) retrieved from /home/airflow/.local/lib/python3.7/site-packages/airflow/example_dags/example_bash_operator.py
[2023-05-06T02:06:48.494+0000] {logging_mixin.py:137} INFO - [2023-05-06T02:06:48.494+0000] {dag.py:2705} INFO - Sync 1 DAGs
[2023-05-06T02:06:48.530+0000] {logging_mixin.py:137} INFO - [2023-05-06T02:06:48.530+0000] {dag.py:3456} INFO - Setting next_dagrun for example_bash_operator to 2023-05-05T00:00:00+00:00, run_after=2023-05-06T00:00:00+00:00
[2023-05-06T02:06:48.557+0000] {processor.py:175} INFO - Processing /home/airflow/.local/lib/python3.7/site-packages/airflow/example_dags/example_bash_operator.py took 0.251 seconds
[2023-05-06T02:07:18.940+0000] {processor.py:153} INFO - Started process (PID=5055) to work on /home/airflow/.local/lib/python3.7/site-packages/airflow/example_dags/example_bash_operator.py
[2023-05-06T02:07:18.957+0000] {processor.py:743} INFO - Processing file /home/airflow/.local/lib/python3.7/site-packages/airflow/example_dags/example_bash_operator.py for tasks to queue
[2023-05-06T02:07:18.996+0000] {logging_mixin.py:137} INFO - [2023-05-06T02:07:18.995+0000] {dagbag.py:532} INFO - Filling up the DagBag from /home/airflow/.local/lib/python3.7/site-packages/airflow/example_dags/example_bash_operator.py
[2023-05-06T02:07:19.037+0000] {processor.py:753} INFO - DAG(s) dict_keys(['example_bash_operator']) retrieved from /home/airflow/.local/lib/python3.7/site-packages/airflow/example_dags/example_bash_operator.py
[2023-05-06T02:07:19.107+0000] {logging_mixin.py:137} INFO - [2023-05-06T02:07:19.106+0000] {dag.py:2705} INFO - Sync 1 DAGs
[2023-05-06T02:07:19.150+0000] {logging_mixin.py:137} INFO - [2023-05-06T02:07:19.149+0000] {dag.py:3456} INFO - Setting next_dagrun for example_bash_operator to 2023-05-05T00:00:00+00:00, run_after=2023-05-06T00:00:00+00:00
[2023-05-06T02:07:19.183+0000] {processor.py:175} INFO - Processing /home/airflow/.local/lib/python3.7/site-packages/airflow/example_dags/example_bash_operator.py took 0.252 seconds
[2023-05-06T02:07:49.757+0000] {processor.py:153} INFO - Started process (PID=5106) to work on /home/airflow/.local/lib/python3.7/site-packages/airflow/example_dags/example_bash_operator.py
[2023-05-06T02:07:49.759+0000] {processor.py:743} INFO - Processing file /home/airflow/.local/lib/python3.7/site-packages/airflow/example_dags/example_bash_operator.py for tasks to queue
[2023-05-06T02:07:49.763+0000] {logging_mixin.py:137} INFO - [2023-05-06T02:07:49.762+0000] {dagbag.py:532} INFO - Filling up the DagBag from /home/airflow/.local/lib/python3.7/site-packages/airflow/example_dags/example_bash_operator.py
[2023-05-06T02:07:49.811+0000] {processor.py:753} INFO - DAG(s) dict_keys(['example_bash_operator']) retrieved from /home/airflow/.local/lib/python3.7/site-packages/airflow/example_dags/example_bash_operator.py
[2023-05-06T02:07:49.882+0000] {logging_mixin.py:137} INFO - [2023-05-06T02:07:49.882+0000] {dag.py:2705} INFO - Sync 1 DAGs
[2023-05-06T02:07:49.924+0000] {logging_mixin.py:137} INFO - [2023-05-06T02:07:49.923+0000] {dag.py:3456} INFO - Setting next_dagrun for example_bash_operator to 2023-05-05T00:00:00+00:00, run_after=2023-05-06T00:00:00+00:00
[2023-05-06T02:07:49.961+0000] {processor.py:175} INFO - Processing /home/airflow/.local/lib/python3.7/site-packages/airflow/example_dags/example_bash_operator.py took 0.212 seconds
[2023-05-06T02:08:20.103+0000] {processor.py:153} INFO - Started process (PID=5157) to work on /home/airflow/.local/lib/python3.7/site-packages/airflow/example_dags/example_bash_operator.py
[2023-05-06T02:08:20.108+0000] {processor.py:743} INFO - Processing file /home/airflow/.local/lib/python3.7/site-packages/airflow/example_dags/example_bash_operator.py for tasks to queue
[2023-05-06T02:08:20.113+0000] {logging_mixin.py:137} INFO - [2023-05-06T02:08:20.112+0000] {dagbag.py:532} INFO - Filling up the DagBag from /home/airflow/.local/lib/python3.7/site-packages/airflow/example_dags/example_bash_operator.py
[2023-05-06T02:08:20.224+0000] {processor.py:753} INFO - DAG(s) dict_keys(['example_bash_operator']) retrieved from /home/airflow/.local/lib/python3.7/site-packages/airflow/example_dags/example_bash_operator.py
[2023-05-06T02:08:20.329+0000] {logging_mixin.py:137} INFO - [2023-05-06T02:08:20.329+0000] {dag.py:2705} INFO - Sync 1 DAGs
[2023-05-06T02:08:20.432+0000] {logging_mixin.py:137} INFO - [2023-05-06T02:08:20.432+0000] {dag.py:3456} INFO - Setting next_dagrun for example_bash_operator to 2023-05-05T00:00:00+00:00, run_after=2023-05-06T00:00:00+00:00
[2023-05-06T02:08:20.509+0000] {processor.py:175} INFO - Processing /home/airflow/.local/lib/python3.7/site-packages/airflow/example_dags/example_bash_operator.py took 0.430 seconds
[2023-05-06T02:08:50.570+0000] {processor.py:153} INFO - Started process (PID=5209) to work on /home/airflow/.local/lib/python3.7/site-packages/airflow/example_dags/example_bash_operator.py
[2023-05-06T02:08:50.572+0000] {processor.py:743} INFO - Processing file /home/airflow/.local/lib/python3.7/site-packages/airflow/example_dags/example_bash_operator.py for tasks to queue
[2023-05-06T02:08:50.574+0000] {logging_mixin.py:137} INFO - [2023-05-06T02:08:50.574+0000] {dagbag.py:532} INFO - Filling up the DagBag from /home/airflow/.local/lib/python3.7/site-packages/airflow/example_dags/example_bash_operator.py
[2023-05-06T02:08:50.626+0000] {processor.py:753} INFO - DAG(s) dict_keys(['example_bash_operator']) retrieved from /home/airflow/.local/lib/python3.7/site-packages/airflow/example_dags/example_bash_operator.py
[2023-05-06T02:08:50.712+0000] {logging_mixin.py:137} INFO - [2023-05-06T02:08:50.712+0000] {dag.py:2705} INFO - Sync 1 DAGs
[2023-05-06T02:08:50.760+0000] {logging_mixin.py:137} INFO - [2023-05-06T02:08:50.759+0000] {dag.py:3456} INFO - Setting next_dagrun for example_bash_operator to 2023-05-05T00:00:00+00:00, run_after=2023-05-06T00:00:00+00:00
[2023-05-06T02:08:50.791+0000] {processor.py:175} INFO - Processing /home/airflow/.local/lib/python3.7/site-packages/airflow/example_dags/example_bash_operator.py took 0.227 seconds
[2023-05-06T02:09:21.551+0000] {processor.py:153} INFO - Started process (PID=5261) to work on /home/airflow/.local/lib/python3.7/site-packages/airflow/example_dags/example_bash_operator.py
[2023-05-06T02:09:21.556+0000] {processor.py:743} INFO - Processing file /home/airflow/.local/lib/python3.7/site-packages/airflow/example_dags/example_bash_operator.py for tasks to queue
[2023-05-06T02:09:21.560+0000] {logging_mixin.py:137} INFO - [2023-05-06T02:09:21.560+0000] {dagbag.py:532} INFO - Filling up the DagBag from /home/airflow/.local/lib/python3.7/site-packages/airflow/example_dags/example_bash_operator.py
[2023-05-06T02:09:21.607+0000] {processor.py:753} INFO - DAG(s) dict_keys(['example_bash_operator']) retrieved from /home/airflow/.local/lib/python3.7/site-packages/airflow/example_dags/example_bash_operator.py
[2023-05-06T02:09:21.676+0000] {logging_mixin.py:137} INFO - [2023-05-06T02:09:21.676+0000] {dag.py:2705} INFO - Sync 1 DAGs
[2023-05-06T02:09:21.721+0000] {logging_mixin.py:137} INFO - [2023-05-06T02:09:21.721+0000] {dag.py:3456} INFO - Setting next_dagrun for example_bash_operator to 2023-05-05T00:00:00+00:00, run_after=2023-05-06T00:00:00+00:00
[2023-05-06T02:09:21.792+0000] {processor.py:175} INFO - Processing /home/airflow/.local/lib/python3.7/site-packages/airflow/example_dags/example_bash_operator.py took 0.255 seconds
[2023-05-06T02:09:52.069+0000] {processor.py:153} INFO - Started process (PID=5314) to work on /home/airflow/.local/lib/python3.7/site-packages/airflow/example_dags/example_bash_operator.py
[2023-05-06T02:09:52.077+0000] {processor.py:743} INFO - Processing file /home/airflow/.local/lib/python3.7/site-packages/airflow/example_dags/example_bash_operator.py for tasks to queue
[2023-05-06T02:09:52.079+0000] {logging_mixin.py:137} INFO - [2023-05-06T02:09:52.079+0000] {dagbag.py:532} INFO - Filling up the DagBag from /home/airflow/.local/lib/python3.7/site-packages/airflow/example_dags/example_bash_operator.py
[2023-05-06T02:09:52.205+0000] {processor.py:753} INFO - DAG(s) dict_keys(['example_bash_operator']) retrieved from /home/airflow/.local/lib/python3.7/site-packages/airflow/example_dags/example_bash_operator.py
[2023-05-06T02:09:52.303+0000] {logging_mixin.py:137} INFO - [2023-05-06T02:09:52.303+0000] {dag.py:2705} INFO - Sync 1 DAGs
[2023-05-06T02:09:52.383+0000] {logging_mixin.py:137} INFO - [2023-05-06T02:09:52.383+0000] {dag.py:3456} INFO - Setting next_dagrun for example_bash_operator to 2023-05-05T00:00:00+00:00, run_after=2023-05-06T00:00:00+00:00
[2023-05-06T02:09:52.412+0000] {processor.py:175} INFO - Processing /home/airflow/.local/lib/python3.7/site-packages/airflow/example_dags/example_bash_operator.py took 0.358 seconds
[2023-05-06T02:10:22.605+0000] {processor.py:153} INFO - Started process (PID=5365) to work on /home/airflow/.local/lib/python3.7/site-packages/airflow/example_dags/example_bash_operator.py
[2023-05-06T02:10:22.608+0000] {processor.py:743} INFO - Processing file /home/airflow/.local/lib/python3.7/site-packages/airflow/example_dags/example_bash_operator.py for tasks to queue
[2023-05-06T02:10:22.610+0000] {logging_mixin.py:137} INFO - [2023-05-06T02:10:22.610+0000] {dagbag.py:532} INFO - Filling up the DagBag from /home/airflow/.local/lib/python3.7/site-packages/airflow/example_dags/example_bash_operator.py
[2023-05-06T02:10:22.644+0000] {processor.py:753} INFO - DAG(s) dict_keys(['example_bash_operator']) retrieved from /home/airflow/.local/lib/python3.7/site-packages/airflow/example_dags/example_bash_operator.py
[2023-05-06T02:10:22.704+0000] {logging_mixin.py:137} INFO - [2023-05-06T02:10:22.704+0000] {dag.py:2705} INFO - Sync 1 DAGs
[2023-05-06T02:10:22.740+0000] {logging_mixin.py:137} INFO - [2023-05-06T02:10:22.740+0000] {dag.py:3456} INFO - Setting next_dagrun for example_bash_operator to 2023-05-05T00:00:00+00:00, run_after=2023-05-06T00:00:00+00:00
[2023-05-06T02:10:22.767+0000] {processor.py:175} INFO - Processing /home/airflow/.local/lib/python3.7/site-packages/airflow/example_dags/example_bash_operator.py took 0.167 seconds
[2023-05-06T02:10:53.986+0000] {processor.py:153} INFO - Started process (PID=5417) to work on /home/airflow/.local/lib/python3.7/site-packages/airflow/example_dags/example_bash_operator.py
[2023-05-06T02:10:53.988+0000] {processor.py:743} INFO - Processing file /home/airflow/.local/lib/python3.7/site-packages/airflow/example_dags/example_bash_operator.py for tasks to queue
[2023-05-06T02:10:53.992+0000] {logging_mixin.py:137} INFO - [2023-05-06T02:10:53.992+0000] {dagbag.py:532} INFO - Filling up the DagBag from /home/airflow/.local/lib/python3.7/site-packages/airflow/example_dags/example_bash_operator.py
[2023-05-06T02:10:54.037+0000] {processor.py:753} INFO - DAG(s) dict_keys(['example_bash_operator']) retrieved from /home/airflow/.local/lib/python3.7/site-packages/airflow/example_dags/example_bash_operator.py
[2023-05-06T02:10:54.105+0000] {logging_mixin.py:137} INFO - [2023-05-06T02:10:54.104+0000] {dag.py:2705} INFO - Sync 1 DAGs
[2023-05-06T02:10:54.147+0000] {logging_mixin.py:137} INFO - [2023-05-06T02:10:54.146+0000] {dag.py:3456} INFO - Setting next_dagrun for example_bash_operator to 2023-05-05T00:00:00+00:00, run_after=2023-05-06T00:00:00+00:00
[2023-05-06T02:10:54.175+0000] {processor.py:175} INFO - Processing /home/airflow/.local/lib/python3.7/site-packages/airflow/example_dags/example_bash_operator.py took 0.196 seconds
[2023-05-06T02:11:25.318+0000] {processor.py:153} INFO - Started process (PID=5469) to work on /home/airflow/.local/lib/python3.7/site-packages/airflow/example_dags/example_bash_operator.py
[2023-05-06T02:11:25.329+0000] {processor.py:743} INFO - Processing file /home/airflow/.local/lib/python3.7/site-packages/airflow/example_dags/example_bash_operator.py for tasks to queue
[2023-05-06T02:11:25.335+0000] {logging_mixin.py:137} INFO - [2023-05-06T02:11:25.332+0000] {dagbag.py:532} INFO - Filling up the DagBag from /home/airflow/.local/lib/python3.7/site-packages/airflow/example_dags/example_bash_operator.py
[2023-05-06T02:11:25.424+0000] {processor.py:753} INFO - DAG(s) dict_keys(['example_bash_operator']) retrieved from /home/airflow/.local/lib/python3.7/site-packages/airflow/example_dags/example_bash_operator.py
[2023-05-06T02:11:25.505+0000] {logging_mixin.py:137} INFO - [2023-05-06T02:11:25.505+0000] {dag.py:2705} INFO - Sync 1 DAGs
[2023-05-06T02:11:25.595+0000] {logging_mixin.py:137} INFO - [2023-05-06T02:11:25.595+0000] {dag.py:3456} INFO - Setting next_dagrun for example_bash_operator to 2023-05-05T00:00:00+00:00, run_after=2023-05-06T00:00:00+00:00
[2023-05-06T02:11:25.667+0000] {processor.py:175} INFO - Processing /home/airflow/.local/lib/python3.7/site-packages/airflow/example_dags/example_bash_operator.py took 0.368 seconds
[2023-05-06T02:11:56.172+0000] {processor.py:153} INFO - Started process (PID=5521) to work on /home/airflow/.local/lib/python3.7/site-packages/airflow/example_dags/example_bash_operator.py
[2023-05-06T02:11:56.175+0000] {processor.py:743} INFO - Processing file /home/airflow/.local/lib/python3.7/site-packages/airflow/example_dags/example_bash_operator.py for tasks to queue
[2023-05-06T02:11:56.180+0000] {logging_mixin.py:137} INFO - [2023-05-06T02:11:56.179+0000] {dagbag.py:532} INFO - Filling up the DagBag from /home/airflow/.local/lib/python3.7/site-packages/airflow/example_dags/example_bash_operator.py
[2023-05-06T02:11:56.232+0000] {processor.py:753} INFO - DAG(s) dict_keys(['example_bash_operator']) retrieved from /home/airflow/.local/lib/python3.7/site-packages/airflow/example_dags/example_bash_operator.py
[2023-05-06T02:11:56.301+0000] {logging_mixin.py:137} INFO - [2023-05-06T02:11:56.300+0000] {dag.py:2705} INFO - Sync 1 DAGs
[2023-05-06T02:11:56.356+0000] {logging_mixin.py:137} INFO - [2023-05-06T02:11:56.355+0000] {dag.py:3456} INFO - Setting next_dagrun for example_bash_operator to 2023-05-05T00:00:00+00:00, run_after=2023-05-06T00:00:00+00:00
[2023-05-06T02:11:56.401+0000] {processor.py:175} INFO - Processing /home/airflow/.local/lib/python3.7/site-packages/airflow/example_dags/example_bash_operator.py took 0.236 seconds
[2023-05-06T02:12:27.088+0000] {processor.py:153} INFO - Started process (PID=5572) to work on /home/airflow/.local/lib/python3.7/site-packages/airflow/example_dags/example_bash_operator.py
[2023-05-06T02:12:27.092+0000] {processor.py:743} INFO - Processing file /home/airflow/.local/lib/python3.7/site-packages/airflow/example_dags/example_bash_operator.py for tasks to queue
[2023-05-06T02:12:27.095+0000] {logging_mixin.py:137} INFO - [2023-05-06T02:12:27.095+0000] {dagbag.py:532} INFO - Filling up the DagBag from /home/airflow/.local/lib/python3.7/site-packages/airflow/example_dags/example_bash_operator.py
[2023-05-06T02:12:27.174+0000] {processor.py:753} INFO - DAG(s) dict_keys(['example_bash_operator']) retrieved from /home/airflow/.local/lib/python3.7/site-packages/airflow/example_dags/example_bash_operator.py
[2023-05-06T02:12:27.339+0000] {logging_mixin.py:137} INFO - [2023-05-06T02:12:27.339+0000] {dag.py:2705} INFO - Sync 1 DAGs
[2023-05-06T02:12:27.434+0000] {logging_mixin.py:137} INFO - [2023-05-06T02:12:27.434+0000] {dag.py:3456} INFO - Setting next_dagrun for example_bash_operator to 2023-05-05T00:00:00+00:00, run_after=2023-05-06T00:00:00+00:00
[2023-05-06T02:12:27.489+0000] {processor.py:175} INFO - Processing /home/airflow/.local/lib/python3.7/site-packages/airflow/example_dags/example_bash_operator.py took 0.420 seconds
[2023-05-06T02:12:57.582+0000] {processor.py:153} INFO - Started process (PID=5624) to work on /home/airflow/.local/lib/python3.7/site-packages/airflow/example_dags/example_bash_operator.py
[2023-05-06T02:12:57.584+0000] {processor.py:743} INFO - Processing file /home/airflow/.local/lib/python3.7/site-packages/airflow/example_dags/example_bash_operator.py for tasks to queue
[2023-05-06T02:12:57.586+0000] {logging_mixin.py:137} INFO - [2023-05-06T02:12:57.586+0000] {dagbag.py:532} INFO - Filling up the DagBag from /home/airflow/.local/lib/python3.7/site-packages/airflow/example_dags/example_bash_operator.py
[2023-05-06T02:12:57.623+0000] {processor.py:753} INFO - DAG(s) dict_keys(['example_bash_operator']) retrieved from /home/airflow/.local/lib/python3.7/site-packages/airflow/example_dags/example_bash_operator.py
[2023-05-06T02:12:57.679+0000] {logging_mixin.py:137} INFO - [2023-05-06T02:12:57.679+0000] {dag.py:2705} INFO - Sync 1 DAGs
[2023-05-06T02:12:57.713+0000] {logging_mixin.py:137} INFO - [2023-05-06T02:12:57.713+0000] {dag.py:3456} INFO - Setting next_dagrun for example_bash_operator to 2023-05-05T00:00:00+00:00, run_after=2023-05-06T00:00:00+00:00
[2023-05-06T02:12:57.739+0000] {processor.py:175} INFO - Processing /home/airflow/.local/lib/python3.7/site-packages/airflow/example_dags/example_bash_operator.py took 0.163 seconds
[2023-05-06T02:13:28.193+0000] {processor.py:153} INFO - Started process (PID=5676) to work on /home/airflow/.local/lib/python3.7/site-packages/airflow/example_dags/example_bash_operator.py
[2023-05-06T02:13:28.195+0000] {processor.py:743} INFO - Processing file /home/airflow/.local/lib/python3.7/site-packages/airflow/example_dags/example_bash_operator.py for tasks to queue
[2023-05-06T02:13:28.198+0000] {logging_mixin.py:137} INFO - [2023-05-06T02:13:28.197+0000] {dagbag.py:532} INFO - Filling up the DagBag from /home/airflow/.local/lib/python3.7/site-packages/airflow/example_dags/example_bash_operator.py
[2023-05-06T02:13:28.253+0000] {processor.py:753} INFO - DAG(s) dict_keys(['example_bash_operator']) retrieved from /home/airflow/.local/lib/python3.7/site-packages/airflow/example_dags/example_bash_operator.py
[2023-05-06T02:13:28.333+0000] {logging_mixin.py:137} INFO - [2023-05-06T02:13:28.332+0000] {dag.py:2705} INFO - Sync 1 DAGs
[2023-05-06T02:13:28.391+0000] {logging_mixin.py:137} INFO - [2023-05-06T02:13:28.391+0000] {dag.py:3456} INFO - Setting next_dagrun for example_bash_operator to 2023-05-05T00:00:00+00:00, run_after=2023-05-06T00:00:00+00:00
[2023-05-06T02:13:28.432+0000] {processor.py:175} INFO - Processing /home/airflow/.local/lib/python3.7/site-packages/airflow/example_dags/example_bash_operator.py took 0.251 seconds
[2023-05-06T02:13:58.602+0000] {processor.py:153} INFO - Started process (PID=5728) to work on /home/airflow/.local/lib/python3.7/site-packages/airflow/example_dags/example_bash_operator.py
[2023-05-06T02:13:58.605+0000] {processor.py:743} INFO - Processing file /home/airflow/.local/lib/python3.7/site-packages/airflow/example_dags/example_bash_operator.py for tasks to queue
[2023-05-06T02:13:58.608+0000] {logging_mixin.py:137} INFO - [2023-05-06T02:13:58.608+0000] {dagbag.py:532} INFO - Filling up the DagBag from /home/airflow/.local/lib/python3.7/site-packages/airflow/example_dags/example_bash_operator.py
[2023-05-06T02:13:58.657+0000] {processor.py:753} INFO - DAG(s) dict_keys(['example_bash_operator']) retrieved from /home/airflow/.local/lib/python3.7/site-packages/airflow/example_dags/example_bash_operator.py
[2023-05-06T02:13:58.759+0000] {logging_mixin.py:137} INFO - [2023-05-06T02:13:58.759+0000] {dag.py:2705} INFO - Sync 1 DAGs
[2023-05-06T02:13:58.815+0000] {logging_mixin.py:137} INFO - [2023-05-06T02:13:58.814+0000] {dag.py:3456} INFO - Setting next_dagrun for example_bash_operator to 2023-05-05T00:00:00+00:00, run_after=2023-05-06T00:00:00+00:00
[2023-05-06T02:13:58.863+0000] {processor.py:175} INFO - Processing /home/airflow/.local/lib/python3.7/site-packages/airflow/example_dags/example_bash_operator.py took 0.266 seconds
[2023-05-06T02:14:28.956+0000] {processor.py:153} INFO - Started process (PID=5780) to work on /home/airflow/.local/lib/python3.7/site-packages/airflow/example_dags/example_bash_operator.py
[2023-05-06T02:14:28.958+0000] {processor.py:743} INFO - Processing file /home/airflow/.local/lib/python3.7/site-packages/airflow/example_dags/example_bash_operator.py for tasks to queue
[2023-05-06T02:14:28.961+0000] {logging_mixin.py:137} INFO - [2023-05-06T02:14:28.961+0000] {dagbag.py:532} INFO - Filling up the DagBag from /home/airflow/.local/lib/python3.7/site-packages/airflow/example_dags/example_bash_operator.py
[2023-05-06T02:14:29.019+0000] {processor.py:753} INFO - DAG(s) dict_keys(['example_bash_operator']) retrieved from /home/airflow/.local/lib/python3.7/site-packages/airflow/example_dags/example_bash_operator.py
[2023-05-06T02:14:29.099+0000] {logging_mixin.py:137} INFO - [2023-05-06T02:14:29.098+0000] {dag.py:2705} INFO - Sync 1 DAGs
[2023-05-06T02:14:29.144+0000] {logging_mixin.py:137} INFO - [2023-05-06T02:14:29.144+0000] {dag.py:3456} INFO - Setting next_dagrun for example_bash_operator to 2023-05-05T00:00:00+00:00, run_after=2023-05-06T00:00:00+00:00
[2023-05-06T02:14:29.181+0000] {processor.py:175} INFO - Processing /home/airflow/.local/lib/python3.7/site-packages/airflow/example_dags/example_bash_operator.py took 0.231 seconds
[2023-05-06T02:14:59.304+0000] {processor.py:153} INFO - Started process (PID=5832) to work on /home/airflow/.local/lib/python3.7/site-packages/airflow/example_dags/example_bash_operator.py
[2023-05-06T02:14:59.312+0000] {processor.py:743} INFO - Processing file /home/airflow/.local/lib/python3.7/site-packages/airflow/example_dags/example_bash_operator.py for tasks to queue
[2023-05-06T02:14:59.316+0000] {logging_mixin.py:137} INFO - [2023-05-06T02:14:59.315+0000] {dagbag.py:532} INFO - Filling up the DagBag from /home/airflow/.local/lib/python3.7/site-packages/airflow/example_dags/example_bash_operator.py
[2023-05-06T02:14:59.367+0000] {processor.py:753} INFO - DAG(s) dict_keys(['example_bash_operator']) retrieved from /home/airflow/.local/lib/python3.7/site-packages/airflow/example_dags/example_bash_operator.py
[2023-05-06T02:14:59.474+0000] {logging_mixin.py:137} INFO - [2023-05-06T02:14:59.473+0000] {dag.py:2705} INFO - Sync 1 DAGs
[2023-05-06T02:14:59.519+0000] {logging_mixin.py:137} INFO - [2023-05-06T02:14:59.519+0000] {dag.py:3456} INFO - Setting next_dagrun for example_bash_operator to 2023-05-05T00:00:00+00:00, run_after=2023-05-06T00:00:00+00:00
[2023-05-06T02:14:59.551+0000] {processor.py:175} INFO - Processing /home/airflow/.local/lib/python3.7/site-packages/airflow/example_dags/example_bash_operator.py took 0.256 seconds
[2023-05-06T02:15:29.905+0000] {processor.py:153} INFO - Started process (PID=5884) to work on /home/airflow/.local/lib/python3.7/site-packages/airflow/example_dags/example_bash_operator.py
[2023-05-06T02:15:29.910+0000] {processor.py:743} INFO - Processing file /home/airflow/.local/lib/python3.7/site-packages/airflow/example_dags/example_bash_operator.py for tasks to queue
[2023-05-06T02:15:29.913+0000] {logging_mixin.py:137} INFO - [2023-05-06T02:15:29.913+0000] {dagbag.py:532} INFO - Filling up the DagBag from /home/airflow/.local/lib/python3.7/site-packages/airflow/example_dags/example_bash_operator.py
[2023-05-06T02:15:29.970+0000] {processor.py:753} INFO - DAG(s) dict_keys(['example_bash_operator']) retrieved from /home/airflow/.local/lib/python3.7/site-packages/airflow/example_dags/example_bash_operator.py
[2023-05-06T02:15:30.037+0000] {logging_mixin.py:137} INFO - [2023-05-06T02:15:30.037+0000] {dag.py:2705} INFO - Sync 1 DAGs
[2023-05-06T02:15:30.092+0000] {logging_mixin.py:137} INFO - [2023-05-06T02:15:30.090+0000] {dag.py:3456} INFO - Setting next_dagrun for example_bash_operator to 2023-05-05T00:00:00+00:00, run_after=2023-05-06T00:00:00+00:00
[2023-05-06T02:15:30.139+0000] {processor.py:175} INFO - Processing /home/airflow/.local/lib/python3.7/site-packages/airflow/example_dags/example_bash_operator.py took 0.248 seconds
[2023-05-06T02:16:01.036+0000] {processor.py:153} INFO - Started process (PID=5936) to work on /home/airflow/.local/lib/python3.7/site-packages/airflow/example_dags/example_bash_operator.py
[2023-05-06T02:16:01.045+0000] {processor.py:743} INFO - Processing file /home/airflow/.local/lib/python3.7/site-packages/airflow/example_dags/example_bash_operator.py for tasks to queue
[2023-05-06T02:16:01.047+0000] {logging_mixin.py:137} INFO - [2023-05-06T02:16:01.047+0000] {dagbag.py:532} INFO - Filling up the DagBag from /home/airflow/.local/lib/python3.7/site-packages/airflow/example_dags/example_bash_operator.py
[2023-05-06T02:16:01.219+0000] {processor.py:753} INFO - DAG(s) dict_keys(['example_bash_operator']) retrieved from /home/airflow/.local/lib/python3.7/site-packages/airflow/example_dags/example_bash_operator.py
[2023-05-06T02:16:01.437+0000] {logging_mixin.py:137} INFO - [2023-05-06T02:16:01.435+0000] {dag.py:2705} INFO - Sync 1 DAGs
[2023-05-06T02:16:01.559+0000] {logging_mixin.py:137} INFO - [2023-05-06T02:16:01.559+0000] {dag.py:3456} INFO - Setting next_dagrun for example_bash_operator to 2023-05-05T00:00:00+00:00, run_after=2023-05-06T00:00:00+00:00
[2023-05-06T02:16:01.625+0000] {processor.py:175} INFO - Processing /home/airflow/.local/lib/python3.7/site-packages/airflow/example_dags/example_bash_operator.py took 0.613 seconds
[2023-05-06T02:16:31.807+0000] {processor.py:153} INFO - Started process (PID=5988) to work on /home/airflow/.local/lib/python3.7/site-packages/airflow/example_dags/example_bash_operator.py
[2023-05-06T02:16:31.810+0000] {processor.py:743} INFO - Processing file /home/airflow/.local/lib/python3.7/site-packages/airflow/example_dags/example_bash_operator.py for tasks to queue
[2023-05-06T02:16:31.814+0000] {logging_mixin.py:137} INFO - [2023-05-06T02:16:31.814+0000] {dagbag.py:532} INFO - Filling up the DagBag from /home/airflow/.local/lib/python3.7/site-packages/airflow/example_dags/example_bash_operator.py
[2023-05-06T02:16:31.879+0000] {processor.py:753} INFO - DAG(s) dict_keys(['example_bash_operator']) retrieved from /home/airflow/.local/lib/python3.7/site-packages/airflow/example_dags/example_bash_operator.py
[2023-05-06T02:16:31.958+0000] {logging_mixin.py:137} INFO - [2023-05-06T02:16:31.957+0000] {dag.py:2705} INFO - Sync 1 DAGs
[2023-05-06T02:16:32.010+0000] {logging_mixin.py:137} INFO - [2023-05-06T02:16:32.010+0000] {dag.py:3456} INFO - Setting next_dagrun for example_bash_operator to 2023-05-05T00:00:00+00:00, run_after=2023-05-06T00:00:00+00:00
[2023-05-06T02:16:32.048+0000] {processor.py:175} INFO - Processing /home/airflow/.local/lib/python3.7/site-packages/airflow/example_dags/example_bash_operator.py took 0.249 seconds
[2023-05-06T02:17:05.486+0000] {processor.py:153} INFO - Started process (PID=6038) to work on /home/airflow/.local/lib/python3.7/site-packages/airflow/example_dags/example_bash_operator.py
[2023-05-06T02:17:05.493+0000] {processor.py:743} INFO - Processing file /home/airflow/.local/lib/python3.7/site-packages/airflow/example_dags/example_bash_operator.py for tasks to queue
[2023-05-06T02:17:05.516+0000] {logging_mixin.py:137} INFO - [2023-05-06T02:17:05.516+0000] {dagbag.py:532} INFO - Filling up the DagBag from /home/airflow/.local/lib/python3.7/site-packages/airflow/example_dags/example_bash_operator.py
[2023-05-06T02:17:05.756+0000] {processor.py:753} INFO - DAG(s) dict_keys(['example_bash_operator']) retrieved from /home/airflow/.local/lib/python3.7/site-packages/airflow/example_dags/example_bash_operator.py
[2023-05-06T02:17:06.205+0000] {logging_mixin.py:137} INFO - [2023-05-06T02:17:06.204+0000] {dag.py:2705} INFO - Sync 1 DAGs
[2023-05-06T02:17:06.513+0000] {logging_mixin.py:137} INFO - [2023-05-06T02:17:06.512+0000] {dag.py:3456} INFO - Setting next_dagrun for example_bash_operator to 2023-05-05T00:00:00+00:00, run_after=2023-05-06T00:00:00+00:00
[2023-05-06T02:17:06.708+0000] {processor.py:175} INFO - Processing /home/airflow/.local/lib/python3.7/site-packages/airflow/example_dags/example_bash_operator.py took 1.254 seconds
[2023-05-06T02:17:57.857+0000] {processor.py:153} INFO - Started process (PID=6097) to work on /home/airflow/.local/lib/python3.7/site-packages/airflow/example_dags/example_bash_operator.py
[2023-05-06T02:17:57.937+0000] {processor.py:743} INFO - Processing file /home/airflow/.local/lib/python3.7/site-packages/airflow/example_dags/example_bash_operator.py for tasks to queue
[2023-05-06T02:17:58.017+0000] {logging_mixin.py:137} INFO - [2023-05-06T02:17:57.995+0000] {dagbag.py:532} INFO - Filling up the DagBag from /home/airflow/.local/lib/python3.7/site-packages/airflow/example_dags/example_bash_operator.py
[2023-05-06T02:17:59.454+0000] {processor.py:753} INFO - DAG(s) dict_keys(['example_bash_operator']) retrieved from /home/airflow/.local/lib/python3.7/site-packages/airflow/example_dags/example_bash_operator.py
[2023-05-06T02:18:01.382+0000] {logging_mixin.py:137} INFO - [2023-05-06T02:18:01.367+0000] {dag.py:2705} INFO - Sync 1 DAGs
[2023-05-06T02:18:03.360+0000] {logging_mixin.py:137} INFO - [2023-05-06T02:18:03.346+0000] {dag.py:3456} INFO - Setting next_dagrun for example_bash_operator to 2023-05-05T00:00:00+00:00, run_after=2023-05-06T00:00:00+00:00
[2023-05-06T02:18:04.207+0000] {processor.py:175} INFO - Processing /home/airflow/.local/lib/python3.7/site-packages/airflow/example_dags/example_bash_operator.py took 6.577 seconds
