[2023-05-06T00:03:48.514+0000] {processor.py:153} INFO - Started process (PID=4273) to work on /home/airflow/.local/lib/python3.7/site-packages/airflow/example_dags/example_local_kubernetes_executor.py
[2023-05-06T00:03:48.518+0000] {processor.py:743} INFO - Processing file /home/airflow/.local/lib/python3.7/site-packages/airflow/example_dags/example_local_kubernetes_executor.py for tasks to queue
[2023-05-06T00:03:48.520+0000] {logging_mixin.py:137} INFO - [2023-05-06T00:03:48.520+0000] {dagbag.py:532} INFO - Filling up the DagBag from /home/airflow/.local/lib/python3.7/site-packages/airflow/example_dags/example_local_kubernetes_executor.py
[2023-05-06T00:03:48.596+0000] {processor.py:753} INFO - DAG(s) dict_keys(['example_local_kubernetes_executor']) retrieved from /home/airflow/.local/lib/python3.7/site-packages/airflow/example_dags/example_local_kubernetes_executor.py
[2023-05-06T00:03:48.652+0000] {logging_mixin.py:137} INFO - [2023-05-06T00:03:48.652+0000] {dag.py:2705} INFO - Sync 1 DAGs
[2023-05-06T00:03:48.758+0000] {logging_mixin.py:137} INFO - [2023-05-06T00:03:48.758+0000] {dag.py:3456} INFO - Setting next_dagrun for example_local_kubernetes_executor to None, run_after=None
[2023-05-06T00:03:48.859+0000] {processor.py:175} INFO - Processing /home/airflow/.local/lib/python3.7/site-packages/airflow/example_dags/example_local_kubernetes_executor.py took 0.364 seconds
[2023-05-06T00:17:28.952+0000] {processor.py:153} INFO - Started process (PID=4324) to work on /home/airflow/.local/lib/python3.7/site-packages/airflow/example_dags/example_local_kubernetes_executor.py
[2023-05-06T00:17:28.955+0000] {processor.py:743} INFO - Processing file /home/airflow/.local/lib/python3.7/site-packages/airflow/example_dags/example_local_kubernetes_executor.py for tasks to queue
[2023-05-06T00:17:28.957+0000] {logging_mixin.py:137} INFO - [2023-05-06T00:17:28.957+0000] {dagbag.py:532} INFO - Filling up the DagBag from /home/airflow/.local/lib/python3.7/site-packages/airflow/example_dags/example_local_kubernetes_executor.py
[2023-05-06T00:17:29.001+0000] {processor.py:753} INFO - DAG(s) dict_keys(['example_local_kubernetes_executor']) retrieved from /home/airflow/.local/lib/python3.7/site-packages/airflow/example_dags/example_local_kubernetes_executor.py
[2023-05-06T00:17:29.047+0000] {logging_mixin.py:137} INFO - [2023-05-06T00:17:29.047+0000] {dag.py:2705} INFO - Sync 1 DAGs
[2023-05-06T00:17:29.085+0000] {logging_mixin.py:137} INFO - [2023-05-06T00:17:29.085+0000] {dag.py:3456} INFO - Setting next_dagrun for example_local_kubernetes_executor to None, run_after=None
[2023-05-06T00:17:29.108+0000] {processor.py:175} INFO - Processing /home/airflow/.local/lib/python3.7/site-packages/airflow/example_dags/example_local_kubernetes_executor.py took 0.164 seconds
[2023-05-06T00:20:37.309+0000] {processor.py:153} INFO - Started process (PID=4376) to work on /home/airflow/.local/lib/python3.7/site-packages/airflow/example_dags/example_local_kubernetes_executor.py
[2023-05-06T00:20:37.312+0000] {processor.py:743} INFO - Processing file /home/airflow/.local/lib/python3.7/site-packages/airflow/example_dags/example_local_kubernetes_executor.py for tasks to queue
[2023-05-06T00:20:37.315+0000] {logging_mixin.py:137} INFO - [2023-05-06T00:20:37.314+0000] {dagbag.py:532} INFO - Filling up the DagBag from /home/airflow/.local/lib/python3.7/site-packages/airflow/example_dags/example_local_kubernetes_executor.py
[2023-05-06T00:20:37.387+0000] {processor.py:753} INFO - DAG(s) dict_keys(['example_local_kubernetes_executor']) retrieved from /home/airflow/.local/lib/python3.7/site-packages/airflow/example_dags/example_local_kubernetes_executor.py
[2023-05-06T00:20:37.442+0000] {logging_mixin.py:137} INFO - [2023-05-06T00:20:37.442+0000] {dag.py:2705} INFO - Sync 1 DAGs
[2023-05-06T00:20:37.482+0000] {logging_mixin.py:137} INFO - [2023-05-06T00:20:37.482+0000] {dag.py:3456} INFO - Setting next_dagrun for example_local_kubernetes_executor to None, run_after=None
[2023-05-06T00:20:37.510+0000] {processor.py:175} INFO - Processing /home/airflow/.local/lib/python3.7/site-packages/airflow/example_dags/example_local_kubernetes_executor.py took 0.222 seconds
[2023-05-06T00:36:27.583+0000] {processor.py:153} INFO - Started process (PID=4436) to work on /home/airflow/.local/lib/python3.7/site-packages/airflow/example_dags/example_local_kubernetes_executor.py
[2023-05-06T00:36:27.594+0000] {processor.py:743} INFO - Processing file /home/airflow/.local/lib/python3.7/site-packages/airflow/example_dags/example_local_kubernetes_executor.py for tasks to queue
[2023-05-06T00:36:27.600+0000] {logging_mixin.py:137} INFO - [2023-05-06T00:36:27.599+0000] {dagbag.py:532} INFO - Filling up the DagBag from /home/airflow/.local/lib/python3.7/site-packages/airflow/example_dags/example_local_kubernetes_executor.py
[2023-05-06T00:36:27.708+0000] {processor.py:753} INFO - DAG(s) dict_keys(['example_local_kubernetes_executor']) retrieved from /home/airflow/.local/lib/python3.7/site-packages/airflow/example_dags/example_local_kubernetes_executor.py
[2023-05-06T00:36:27.870+0000] {logging_mixin.py:137} INFO - [2023-05-06T00:36:27.870+0000] {dag.py:2705} INFO - Sync 1 DAGs
[2023-05-06T00:36:28.008+0000] {logging_mixin.py:137} INFO - [2023-05-06T00:36:28.008+0000] {dag.py:3456} INFO - Setting next_dagrun for example_local_kubernetes_executor to None, run_after=None
[2023-05-06T00:36:28.128+0000] {processor.py:175} INFO - Processing /home/airflow/.local/lib/python3.7/site-packages/airflow/example_dags/example_local_kubernetes_executor.py took 0.557 seconds
[2023-05-06T00:37:19.067+0000] {processor.py:153} INFO - Started process (PID=4488) to work on /home/airflow/.local/lib/python3.7/site-packages/airflow/example_dags/example_local_kubernetes_executor.py
[2023-05-06T00:37:19.082+0000] {processor.py:743} INFO - Processing file /home/airflow/.local/lib/python3.7/site-packages/airflow/example_dags/example_local_kubernetes_executor.py for tasks to queue
[2023-05-06T00:37:19.099+0000] {logging_mixin.py:137} INFO - [2023-05-06T00:37:19.099+0000] {dagbag.py:532} INFO - Filling up the DagBag from /home/airflow/.local/lib/python3.7/site-packages/airflow/example_dags/example_local_kubernetes_executor.py
[2023-05-06T00:37:19.273+0000] {processor.py:753} INFO - DAG(s) dict_keys(['example_local_kubernetes_executor']) retrieved from /home/airflow/.local/lib/python3.7/site-packages/airflow/example_dags/example_local_kubernetes_executor.py
[2023-05-06T00:37:19.463+0000] {logging_mixin.py:137} INFO - [2023-05-06T00:37:19.462+0000] {dag.py:2705} INFO - Sync 1 DAGs
[2023-05-06T00:37:19.622+0000] {logging_mixin.py:137} INFO - [2023-05-06T00:37:19.621+0000] {dag.py:3456} INFO - Setting next_dagrun for example_local_kubernetes_executor to None, run_after=None
[2023-05-06T00:37:19.907+0000] {processor.py:175} INFO - Processing /home/airflow/.local/lib/python3.7/site-packages/airflow/example_dags/example_local_kubernetes_executor.py took 0.863 seconds
[2023-05-06T00:38:09.869+0000] {processor.py:153} INFO - Started process (PID=4547) to work on /home/airflow/.local/lib/python3.7/site-packages/airflow/example_dags/example_local_kubernetes_executor.py
[2023-05-06T00:38:09.900+0000] {processor.py:743} INFO - Processing file /home/airflow/.local/lib/python3.7/site-packages/airflow/example_dags/example_local_kubernetes_executor.py for tasks to queue
[2023-05-06T00:38:09.973+0000] {logging_mixin.py:137} INFO - [2023-05-06T00:38:09.951+0000] {dagbag.py:532} INFO - Filling up the DagBag from /home/airflow/.local/lib/python3.7/site-packages/airflow/example_dags/example_local_kubernetes_executor.py
[2023-05-06T00:38:10.475+0000] {processor.py:753} INFO - DAG(s) dict_keys(['example_local_kubernetes_executor']) retrieved from /home/airflow/.local/lib/python3.7/site-packages/airflow/example_dags/example_local_kubernetes_executor.py
[2023-05-06T00:38:10.846+0000] {logging_mixin.py:137} INFO - [2023-05-06T00:38:10.845+0000] {dag.py:2705} INFO - Sync 1 DAGs
[2023-05-06T00:38:11.055+0000] {logging_mixin.py:137} INFO - [2023-05-06T00:38:11.055+0000] {dag.py:3456} INFO - Setting next_dagrun for example_local_kubernetes_executor to None, run_after=None
[2023-05-06T00:38:11.271+0000] {processor.py:175} INFO - Processing /home/airflow/.local/lib/python3.7/site-packages/airflow/example_dags/example_local_kubernetes_executor.py took 1.493 seconds
[2023-05-06T00:38:52.272+0000] {processor.py:153} INFO - Started process (PID=4587) to work on /home/airflow/.local/lib/python3.7/site-packages/airflow/example_dags/example_local_kubernetes_executor.py
[2023-05-06T00:38:52.283+0000] {processor.py:743} INFO - Processing file /home/airflow/.local/lib/python3.7/site-packages/airflow/example_dags/example_local_kubernetes_executor.py for tasks to queue
[2023-05-06T00:38:52.303+0000] {logging_mixin.py:137} INFO - [2023-05-06T00:38:52.302+0000] {dagbag.py:532} INFO - Filling up the DagBag from /home/airflow/.local/lib/python3.7/site-packages/airflow/example_dags/example_local_kubernetes_executor.py
[2023-05-06T00:38:52.506+0000] {processor.py:753} INFO - DAG(s) dict_keys(['example_local_kubernetes_executor']) retrieved from /home/airflow/.local/lib/python3.7/site-packages/airflow/example_dags/example_local_kubernetes_executor.py
[2023-05-06T00:38:52.774+0000] {logging_mixin.py:137} INFO - [2023-05-06T00:38:52.773+0000] {dag.py:2705} INFO - Sync 1 DAGs
[2023-05-06T00:38:52.960+0000] {logging_mixin.py:137} INFO - [2023-05-06T00:38:52.960+0000] {dag.py:3456} INFO - Setting next_dagrun for example_local_kubernetes_executor to None, run_after=None
[2023-05-06T00:38:53.068+0000] {processor.py:175} INFO - Processing /home/airflow/.local/lib/python3.7/site-packages/airflow/example_dags/example_local_kubernetes_executor.py took 0.818 seconds
[2023-05-06T00:54:40.781+0000] {processor.py:153} INFO - Started process (PID=4635) to work on /home/airflow/.local/lib/python3.7/site-packages/airflow/example_dags/example_local_kubernetes_executor.py
[2023-05-06T00:54:40.792+0000] {processor.py:743} INFO - Processing file /home/airflow/.local/lib/python3.7/site-packages/airflow/example_dags/example_local_kubernetes_executor.py for tasks to queue
[2023-05-06T00:54:40.793+0000] {logging_mixin.py:137} INFO - [2023-05-06T00:54:40.793+0000] {dagbag.py:532} INFO - Filling up the DagBag from /home/airflow/.local/lib/python3.7/site-packages/airflow/example_dags/example_local_kubernetes_executor.py
[2023-05-06T00:54:40.945+0000] {processor.py:753} INFO - DAG(s) dict_keys(['example_local_kubernetes_executor']) retrieved from /home/airflow/.local/lib/python3.7/site-packages/airflow/example_dags/example_local_kubernetes_executor.py
[2023-05-06T00:54:41.037+0000] {logging_mixin.py:137} INFO - [2023-05-06T00:54:41.037+0000] {dag.py:2705} INFO - Sync 1 DAGs
[2023-05-06T00:54:41.103+0000] {logging_mixin.py:137} INFO - [2023-05-06T00:54:41.102+0000] {dag.py:3456} INFO - Setting next_dagrun for example_local_kubernetes_executor to None, run_after=None
[2023-05-06T00:54:41.152+0000] {processor.py:175} INFO - Processing /home/airflow/.local/lib/python3.7/site-packages/airflow/example_dags/example_local_kubernetes_executor.py took 0.381 seconds
[2023-05-06T02:03:39.383+0000] {processor.py:153} INFO - Started process (PID=4693) to work on /home/airflow/.local/lib/python3.7/site-packages/airflow/example_dags/example_local_kubernetes_executor.py
[2023-05-06T02:03:39.391+0000] {processor.py:743} INFO - Processing file /home/airflow/.local/lib/python3.7/site-packages/airflow/example_dags/example_local_kubernetes_executor.py for tasks to queue
[2023-05-06T02:03:39.394+0000] {logging_mixin.py:137} INFO - [2023-05-06T02:03:39.393+0000] {dagbag.py:532} INFO - Filling up the DagBag from /home/airflow/.local/lib/python3.7/site-packages/airflow/example_dags/example_local_kubernetes_executor.py
[2023-05-06T02:03:39.457+0000] {processor.py:753} INFO - DAG(s) dict_keys(['example_local_kubernetes_executor']) retrieved from /home/airflow/.local/lib/python3.7/site-packages/airflow/example_dags/example_local_kubernetes_executor.py
[2023-05-06T02:03:39.556+0000] {logging_mixin.py:137} INFO - [2023-05-06T02:03:39.555+0000] {dag.py:2705} INFO - Sync 1 DAGs
[2023-05-06T02:03:39.623+0000] {logging_mixin.py:137} INFO - [2023-05-06T02:03:39.623+0000] {dag.py:3456} INFO - Setting next_dagrun for example_local_kubernetes_executor to None, run_after=None
[2023-05-06T02:03:39.674+0000] {processor.py:175} INFO - Processing /home/airflow/.local/lib/python3.7/site-packages/airflow/example_dags/example_local_kubernetes_executor.py took 0.301 seconds
[2023-05-06T02:04:13.814+0000] {processor.py:153} INFO - Started process (PID=4745) to work on /home/airflow/.local/lib/python3.7/site-packages/airflow/example_dags/example_local_kubernetes_executor.py
[2023-05-06T02:04:13.818+0000] {processor.py:743} INFO - Processing file /home/airflow/.local/lib/python3.7/site-packages/airflow/example_dags/example_local_kubernetes_executor.py for tasks to queue
[2023-05-06T02:04:13.827+0000] {logging_mixin.py:137} INFO - [2023-05-06T02:04:13.826+0000] {dagbag.py:532} INFO - Filling up the DagBag from /home/airflow/.local/lib/python3.7/site-packages/airflow/example_dags/example_local_kubernetes_executor.py
[2023-05-06T02:04:13.916+0000] {processor.py:753} INFO - DAG(s) dict_keys(['example_local_kubernetes_executor']) retrieved from /home/airflow/.local/lib/python3.7/site-packages/airflow/example_dags/example_local_kubernetes_executor.py
[2023-05-06T02:04:14.082+0000] {logging_mixin.py:137} INFO - [2023-05-06T02:04:14.082+0000] {dag.py:2705} INFO - Sync 1 DAGs
[2023-05-06T02:04:14.200+0000] {logging_mixin.py:137} INFO - [2023-05-06T02:04:14.200+0000] {dag.py:3456} INFO - Setting next_dagrun for example_local_kubernetes_executor to None, run_after=None
[2023-05-06T02:04:14.263+0000] {processor.py:175} INFO - Processing /home/airflow/.local/lib/python3.7/site-packages/airflow/example_dags/example_local_kubernetes_executor.py took 0.469 seconds
[2023-05-06T02:04:46.478+0000] {processor.py:153} INFO - Started process (PID=4797) to work on /home/airflow/.local/lib/python3.7/site-packages/airflow/example_dags/example_local_kubernetes_executor.py
[2023-05-06T02:04:46.482+0000] {processor.py:743} INFO - Processing file /home/airflow/.local/lib/python3.7/site-packages/airflow/example_dags/example_local_kubernetes_executor.py for tasks to queue
[2023-05-06T02:04:46.490+0000] {logging_mixin.py:137} INFO - [2023-05-06T02:04:46.489+0000] {dagbag.py:532} INFO - Filling up the DagBag from /home/airflow/.local/lib/python3.7/site-packages/airflow/example_dags/example_local_kubernetes_executor.py
[2023-05-06T02:04:46.629+0000] {processor.py:753} INFO - DAG(s) dict_keys(['example_local_kubernetes_executor']) retrieved from /home/airflow/.local/lib/python3.7/site-packages/airflow/example_dags/example_local_kubernetes_executor.py
[2023-05-06T02:04:46.880+0000] {logging_mixin.py:137} INFO - [2023-05-06T02:04:46.880+0000] {dag.py:2705} INFO - Sync 1 DAGs
[2023-05-06T02:04:46.988+0000] {logging_mixin.py:137} INFO - [2023-05-06T02:04:46.988+0000] {dag.py:3456} INFO - Setting next_dagrun for example_local_kubernetes_executor to None, run_after=None
[2023-05-06T02:04:47.112+0000] {processor.py:175} INFO - Processing /home/airflow/.local/lib/python3.7/site-packages/airflow/example_dags/example_local_kubernetes_executor.py took 0.654 seconds
[2023-05-06T02:05:17.907+0000] {processor.py:153} INFO - Started process (PID=4849) to work on /home/airflow/.local/lib/python3.7/site-packages/airflow/example_dags/example_local_kubernetes_executor.py
[2023-05-06T02:05:17.917+0000] {processor.py:743} INFO - Processing file /home/airflow/.local/lib/python3.7/site-packages/airflow/example_dags/example_local_kubernetes_executor.py for tasks to queue
[2023-05-06T02:05:17.919+0000] {logging_mixin.py:137} INFO - [2023-05-06T02:05:17.919+0000] {dagbag.py:532} INFO - Filling up the DagBag from /home/airflow/.local/lib/python3.7/site-packages/airflow/example_dags/example_local_kubernetes_executor.py
[2023-05-06T02:05:17.988+0000] {processor.py:753} INFO - DAG(s) dict_keys(['example_local_kubernetes_executor']) retrieved from /home/airflow/.local/lib/python3.7/site-packages/airflow/example_dags/example_local_kubernetes_executor.py
[2023-05-06T02:05:18.097+0000] {logging_mixin.py:137} INFO - [2023-05-06T02:05:18.097+0000] {dag.py:2705} INFO - Sync 1 DAGs
[2023-05-06T02:05:18.188+0000] {logging_mixin.py:137} INFO - [2023-05-06T02:05:18.187+0000] {dag.py:3456} INFO - Setting next_dagrun for example_local_kubernetes_executor to None, run_after=None
[2023-05-06T02:05:18.271+0000] {processor.py:175} INFO - Processing /home/airflow/.local/lib/python3.7/site-packages/airflow/example_dags/example_local_kubernetes_executor.py took 0.370 seconds
[2023-05-06T02:05:48.358+0000] {processor.py:153} INFO - Started process (PID=4901) to work on /home/airflow/.local/lib/python3.7/site-packages/airflow/example_dags/example_local_kubernetes_executor.py
[2023-05-06T02:05:48.360+0000] {processor.py:743} INFO - Processing file /home/airflow/.local/lib/python3.7/site-packages/airflow/example_dags/example_local_kubernetes_executor.py for tasks to queue
[2023-05-06T02:05:48.363+0000] {logging_mixin.py:137} INFO - [2023-05-06T02:05:48.363+0000] {dagbag.py:532} INFO - Filling up the DagBag from /home/airflow/.local/lib/python3.7/site-packages/airflow/example_dags/example_local_kubernetes_executor.py
[2023-05-06T02:05:48.417+0000] {processor.py:753} INFO - DAG(s) dict_keys(['example_local_kubernetes_executor']) retrieved from /home/airflow/.local/lib/python3.7/site-packages/airflow/example_dags/example_local_kubernetes_executor.py
[2023-05-06T02:05:48.484+0000] {logging_mixin.py:137} INFO - [2023-05-06T02:05:48.484+0000] {dag.py:2705} INFO - Sync 1 DAGs
[2023-05-06T02:05:48.525+0000] {logging_mixin.py:137} INFO - [2023-05-06T02:05:48.524+0000] {dag.py:3456} INFO - Setting next_dagrun for example_local_kubernetes_executor to None, run_after=None
[2023-05-06T02:05:48.559+0000] {processor.py:175} INFO - Processing /home/airflow/.local/lib/python3.7/site-packages/airflow/example_dags/example_local_kubernetes_executor.py took 0.210 seconds
[2023-05-06T02:06:18.737+0000] {processor.py:153} INFO - Started process (PID=4953) to work on /home/airflow/.local/lib/python3.7/site-packages/airflow/example_dags/example_local_kubernetes_executor.py
[2023-05-06T02:06:18.743+0000] {processor.py:743} INFO - Processing file /home/airflow/.local/lib/python3.7/site-packages/airflow/example_dags/example_local_kubernetes_executor.py for tasks to queue
[2023-05-06T02:06:18.747+0000] {logging_mixin.py:137} INFO - [2023-05-06T02:06:18.747+0000] {dagbag.py:532} INFO - Filling up the DagBag from /home/airflow/.local/lib/python3.7/site-packages/airflow/example_dags/example_local_kubernetes_executor.py
[2023-05-06T02:06:18.786+0000] {processor.py:753} INFO - DAG(s) dict_keys(['example_local_kubernetes_executor']) retrieved from /home/airflow/.local/lib/python3.7/site-packages/airflow/example_dags/example_local_kubernetes_executor.py
[2023-05-06T02:06:18.839+0000] {logging_mixin.py:137} INFO - [2023-05-06T02:06:18.839+0000] {dag.py:2705} INFO - Sync 1 DAGs
[2023-05-06T02:06:18.886+0000] {logging_mixin.py:137} INFO - [2023-05-06T02:06:18.886+0000] {dag.py:3456} INFO - Setting next_dagrun for example_local_kubernetes_executor to None, run_after=None
[2023-05-06T02:06:18.929+0000] {processor.py:175} INFO - Processing /home/airflow/.local/lib/python3.7/site-packages/airflow/example_dags/example_local_kubernetes_executor.py took 0.206 seconds
[2023-05-06T02:06:49.543+0000] {processor.py:153} INFO - Started process (PID=5005) to work on /home/airflow/.local/lib/python3.7/site-packages/airflow/example_dags/example_local_kubernetes_executor.py
[2023-05-06T02:06:49.546+0000] {processor.py:743} INFO - Processing file /home/airflow/.local/lib/python3.7/site-packages/airflow/example_dags/example_local_kubernetes_executor.py for tasks to queue
[2023-05-06T02:06:49.549+0000] {logging_mixin.py:137} INFO - [2023-05-06T02:06:49.549+0000] {dagbag.py:532} INFO - Filling up the DagBag from /home/airflow/.local/lib/python3.7/site-packages/airflow/example_dags/example_local_kubernetes_executor.py
[2023-05-06T02:06:49.596+0000] {processor.py:753} INFO - DAG(s) dict_keys(['example_local_kubernetes_executor']) retrieved from /home/airflow/.local/lib/python3.7/site-packages/airflow/example_dags/example_local_kubernetes_executor.py
[2023-05-06T02:06:49.649+0000] {logging_mixin.py:137} INFO - [2023-05-06T02:06:49.649+0000] {dag.py:2705} INFO - Sync 1 DAGs
[2023-05-06T02:06:49.687+0000] {logging_mixin.py:137} INFO - [2023-05-06T02:06:49.687+0000] {dag.py:3456} INFO - Setting next_dagrun for example_local_kubernetes_executor to None, run_after=None
[2023-05-06T02:06:49.718+0000] {processor.py:175} INFO - Processing /home/airflow/.local/lib/python3.7/site-packages/airflow/example_dags/example_local_kubernetes_executor.py took 0.186 seconds
[2023-05-06T02:07:20.218+0000] {processor.py:153} INFO - Started process (PID=5057) to work on /home/airflow/.local/lib/python3.7/site-packages/airflow/example_dags/example_local_kubernetes_executor.py
[2023-05-06T02:07:20.223+0000] {processor.py:743} INFO - Processing file /home/airflow/.local/lib/python3.7/site-packages/airflow/example_dags/example_local_kubernetes_executor.py for tasks to queue
[2023-05-06T02:07:20.225+0000] {logging_mixin.py:137} INFO - [2023-05-06T02:07:20.225+0000] {dagbag.py:532} INFO - Filling up the DagBag from /home/airflow/.local/lib/python3.7/site-packages/airflow/example_dags/example_local_kubernetes_executor.py
[2023-05-06T02:07:20.268+0000] {processor.py:753} INFO - DAG(s) dict_keys(['example_local_kubernetes_executor']) retrieved from /home/airflow/.local/lib/python3.7/site-packages/airflow/example_dags/example_local_kubernetes_executor.py
[2023-05-06T02:07:20.324+0000] {logging_mixin.py:137} INFO - [2023-05-06T02:07:20.323+0000] {dag.py:2705} INFO - Sync 1 DAGs
[2023-05-06T02:07:20.375+0000] {logging_mixin.py:137} INFO - [2023-05-06T02:07:20.375+0000] {dag.py:3456} INFO - Setting next_dagrun for example_local_kubernetes_executor to None, run_after=None
[2023-05-06T02:07:20.420+0000] {processor.py:175} INFO - Processing /home/airflow/.local/lib/python3.7/site-packages/airflow/example_dags/example_local_kubernetes_executor.py took 0.207 seconds
[2023-05-06T02:07:50.998+0000] {processor.py:153} INFO - Started process (PID=5108) to work on /home/airflow/.local/lib/python3.7/site-packages/airflow/example_dags/example_local_kubernetes_executor.py
[2023-05-06T02:07:51.002+0000] {processor.py:743} INFO - Processing file /home/airflow/.local/lib/python3.7/site-packages/airflow/example_dags/example_local_kubernetes_executor.py for tasks to queue
[2023-05-06T02:07:51.005+0000] {logging_mixin.py:137} INFO - [2023-05-06T02:07:51.005+0000] {dagbag.py:532} INFO - Filling up the DagBag from /home/airflow/.local/lib/python3.7/site-packages/airflow/example_dags/example_local_kubernetes_executor.py
[2023-05-06T02:07:51.051+0000] {processor.py:753} INFO - DAG(s) dict_keys(['example_local_kubernetes_executor']) retrieved from /home/airflow/.local/lib/python3.7/site-packages/airflow/example_dags/example_local_kubernetes_executor.py
[2023-05-06T02:07:51.101+0000] {logging_mixin.py:137} INFO - [2023-05-06T02:07:51.101+0000] {dag.py:2705} INFO - Sync 1 DAGs
[2023-05-06T02:07:51.143+0000] {logging_mixin.py:137} INFO - [2023-05-06T02:07:51.143+0000] {dag.py:3456} INFO - Setting next_dagrun for example_local_kubernetes_executor to None, run_after=None
[2023-05-06T02:07:51.187+0000] {processor.py:175} INFO - Processing /home/airflow/.local/lib/python3.7/site-packages/airflow/example_dags/example_local_kubernetes_executor.py took 0.193 seconds
[2023-05-06T02:08:21.607+0000] {processor.py:153} INFO - Started process (PID=5159) to work on /home/airflow/.local/lib/python3.7/site-packages/airflow/example_dags/example_local_kubernetes_executor.py
[2023-05-06T02:08:21.609+0000] {processor.py:743} INFO - Processing file /home/airflow/.local/lib/python3.7/site-packages/airflow/example_dags/example_local_kubernetes_executor.py for tasks to queue
[2023-05-06T02:08:21.612+0000] {logging_mixin.py:137} INFO - [2023-05-06T02:08:21.612+0000] {dagbag.py:532} INFO - Filling up the DagBag from /home/airflow/.local/lib/python3.7/site-packages/airflow/example_dags/example_local_kubernetes_executor.py
[2023-05-06T02:08:21.702+0000] {processor.py:753} INFO - DAG(s) dict_keys(['example_local_kubernetes_executor']) retrieved from /home/airflow/.local/lib/python3.7/site-packages/airflow/example_dags/example_local_kubernetes_executor.py
[2023-05-06T02:08:21.828+0000] {logging_mixin.py:137} INFO - [2023-05-06T02:08:21.828+0000] {dag.py:2705} INFO - Sync 1 DAGs
[2023-05-06T02:08:21.924+0000] {logging_mixin.py:137} INFO - [2023-05-06T02:08:21.924+0000] {dag.py:3456} INFO - Setting next_dagrun for example_local_kubernetes_executor to None, run_after=None
[2023-05-06T02:08:21.992+0000] {processor.py:175} INFO - Processing /home/airflow/.local/lib/python3.7/site-packages/airflow/example_dags/example_local_kubernetes_executor.py took 0.410 seconds
[2023-05-06T02:08:52.827+0000] {processor.py:153} INFO - Started process (PID=5211) to work on /home/airflow/.local/lib/python3.7/site-packages/airflow/example_dags/example_local_kubernetes_executor.py
[2023-05-06T02:08:52.831+0000] {processor.py:743} INFO - Processing file /home/airflow/.local/lib/python3.7/site-packages/airflow/example_dags/example_local_kubernetes_executor.py for tasks to queue
[2023-05-06T02:08:52.834+0000] {logging_mixin.py:137} INFO - [2023-05-06T02:08:52.834+0000] {dagbag.py:532} INFO - Filling up the DagBag from /home/airflow/.local/lib/python3.7/site-packages/airflow/example_dags/example_local_kubernetes_executor.py
[2023-05-06T02:08:52.892+0000] {processor.py:753} INFO - DAG(s) dict_keys(['example_local_kubernetes_executor']) retrieved from /home/airflow/.local/lib/python3.7/site-packages/airflow/example_dags/example_local_kubernetes_executor.py
[2023-05-06T02:08:52.943+0000] {logging_mixin.py:137} INFO - [2023-05-06T02:08:52.943+0000] {dag.py:2705} INFO - Sync 1 DAGs
[2023-05-06T02:08:52.989+0000] {logging_mixin.py:137} INFO - [2023-05-06T02:08:52.989+0000] {dag.py:3456} INFO - Setting next_dagrun for example_local_kubernetes_executor to None, run_after=None
[2023-05-06T02:08:53.027+0000] {processor.py:175} INFO - Processing /home/airflow/.local/lib/python3.7/site-packages/airflow/example_dags/example_local_kubernetes_executor.py took 0.221 seconds
[2023-05-06T02:09:23.783+0000] {processor.py:153} INFO - Started process (PID=5263) to work on /home/airflow/.local/lib/python3.7/site-packages/airflow/example_dags/example_local_kubernetes_executor.py
[2023-05-06T02:09:23.785+0000] {processor.py:743} INFO - Processing file /home/airflow/.local/lib/python3.7/site-packages/airflow/example_dags/example_local_kubernetes_executor.py for tasks to queue
[2023-05-06T02:09:23.789+0000] {logging_mixin.py:137} INFO - [2023-05-06T02:09:23.788+0000] {dagbag.py:532} INFO - Filling up the DagBag from /home/airflow/.local/lib/python3.7/site-packages/airflow/example_dags/example_local_kubernetes_executor.py
[2023-05-06T02:09:23.839+0000] {processor.py:753} INFO - DAG(s) dict_keys(['example_local_kubernetes_executor']) retrieved from /home/airflow/.local/lib/python3.7/site-packages/airflow/example_dags/example_local_kubernetes_executor.py
[2023-05-06T02:09:23.886+0000] {logging_mixin.py:137} INFO - [2023-05-06T02:09:23.886+0000] {dag.py:2705} INFO - Sync 1 DAGs
[2023-05-06T02:09:23.935+0000] {logging_mixin.py:137} INFO - [2023-05-06T02:09:23.934+0000] {dag.py:3456} INFO - Setting next_dagrun for example_local_kubernetes_executor to None, run_after=None
[2023-05-06T02:09:23.967+0000] {processor.py:175} INFO - Processing /home/airflow/.local/lib/python3.7/site-packages/airflow/example_dags/example_local_kubernetes_executor.py took 0.190 seconds
[2023-05-06T02:09:54.325+0000] {processor.py:153} INFO - Started process (PID=5316) to work on /home/airflow/.local/lib/python3.7/site-packages/airflow/example_dags/example_local_kubernetes_executor.py
[2023-05-06T02:09:54.338+0000] {processor.py:743} INFO - Processing file /home/airflow/.local/lib/python3.7/site-packages/airflow/example_dags/example_local_kubernetes_executor.py for tasks to queue
[2023-05-06T02:09:54.342+0000] {logging_mixin.py:137} INFO - [2023-05-06T02:09:54.341+0000] {dagbag.py:532} INFO - Filling up the DagBag from /home/airflow/.local/lib/python3.7/site-packages/airflow/example_dags/example_local_kubernetes_executor.py
[2023-05-06T02:09:54.407+0000] {processor.py:753} INFO - DAG(s) dict_keys(['example_local_kubernetes_executor']) retrieved from /home/airflow/.local/lib/python3.7/site-packages/airflow/example_dags/example_local_kubernetes_executor.py
[2023-05-06T02:09:54.491+0000] {logging_mixin.py:137} INFO - [2023-05-06T02:09:54.490+0000] {dag.py:2705} INFO - Sync 1 DAGs
[2023-05-06T02:09:54.534+0000] {logging_mixin.py:137} INFO - [2023-05-06T02:09:54.534+0000] {dag.py:3456} INFO - Setting next_dagrun for example_local_kubernetes_executor to None, run_after=None
[2023-05-06T02:09:54.567+0000] {processor.py:175} INFO - Processing /home/airflow/.local/lib/python3.7/site-packages/airflow/example_dags/example_local_kubernetes_executor.py took 0.249 seconds
[2023-05-06T02:10:24.845+0000] {processor.py:153} INFO - Started process (PID=5367) to work on /home/airflow/.local/lib/python3.7/site-packages/airflow/example_dags/example_local_kubernetes_executor.py
[2023-05-06T02:10:24.857+0000] {processor.py:743} INFO - Processing file /home/airflow/.local/lib/python3.7/site-packages/airflow/example_dags/example_local_kubernetes_executor.py for tasks to queue
[2023-05-06T02:10:24.862+0000] {logging_mixin.py:137} INFO - [2023-05-06T02:10:24.861+0000] {dagbag.py:532} INFO - Filling up the DagBag from /home/airflow/.local/lib/python3.7/site-packages/airflow/example_dags/example_local_kubernetes_executor.py
[2023-05-06T02:10:24.957+0000] {processor.py:753} INFO - DAG(s) dict_keys(['example_local_kubernetes_executor']) retrieved from /home/airflow/.local/lib/python3.7/site-packages/airflow/example_dags/example_local_kubernetes_executor.py
[2023-05-06T02:10:25.030+0000] {logging_mixin.py:137} INFO - [2023-05-06T02:10:25.029+0000] {dag.py:2705} INFO - Sync 1 DAGs
[2023-05-06T02:10:25.102+0000] {logging_mixin.py:137} INFO - [2023-05-06T02:10:25.102+0000] {dag.py:3456} INFO - Setting next_dagrun for example_local_kubernetes_executor to None, run_after=None
[2023-05-06T02:10:25.162+0000] {processor.py:175} INFO - Processing /home/airflow/.local/lib/python3.7/site-packages/airflow/example_dags/example_local_kubernetes_executor.py took 0.334 seconds
[2023-05-06T02:10:55.231+0000] {processor.py:153} INFO - Started process (PID=5419) to work on /home/airflow/.local/lib/python3.7/site-packages/airflow/example_dags/example_local_kubernetes_executor.py
[2023-05-06T02:10:55.234+0000] {processor.py:743} INFO - Processing file /home/airflow/.local/lib/python3.7/site-packages/airflow/example_dags/example_local_kubernetes_executor.py for tasks to queue
[2023-05-06T02:10:55.236+0000] {logging_mixin.py:137} INFO - [2023-05-06T02:10:55.236+0000] {dagbag.py:532} INFO - Filling up the DagBag from /home/airflow/.local/lib/python3.7/site-packages/airflow/example_dags/example_local_kubernetes_executor.py
[2023-05-06T02:10:55.284+0000] {processor.py:753} INFO - DAG(s) dict_keys(['example_local_kubernetes_executor']) retrieved from /home/airflow/.local/lib/python3.7/site-packages/airflow/example_dags/example_local_kubernetes_executor.py
[2023-05-06T02:10:55.343+0000] {logging_mixin.py:137} INFO - [2023-05-06T02:10:55.342+0000] {dag.py:2705} INFO - Sync 1 DAGs
[2023-05-06T02:10:55.390+0000] {logging_mixin.py:137} INFO - [2023-05-06T02:10:55.390+0000] {dag.py:3456} INFO - Setting next_dagrun for example_local_kubernetes_executor to None, run_after=None
[2023-05-06T02:10:55.426+0000] {processor.py:175} INFO - Processing /home/airflow/.local/lib/python3.7/site-packages/airflow/example_dags/example_local_kubernetes_executor.py took 0.203 seconds
[2023-05-06T02:11:25.790+0000] {processor.py:153} INFO - Started process (PID=5471) to work on /home/airflow/.local/lib/python3.7/site-packages/airflow/example_dags/example_local_kubernetes_executor.py
[2023-05-06T02:11:25.792+0000] {processor.py:743} INFO - Processing file /home/airflow/.local/lib/python3.7/site-packages/airflow/example_dags/example_local_kubernetes_executor.py for tasks to queue
[2023-05-06T02:11:25.794+0000] {logging_mixin.py:137} INFO - [2023-05-06T02:11:25.793+0000] {dagbag.py:532} INFO - Filling up the DagBag from /home/airflow/.local/lib/python3.7/site-packages/airflow/example_dags/example_local_kubernetes_executor.py
[2023-05-06T02:11:25.861+0000] {processor.py:753} INFO - DAG(s) dict_keys(['example_local_kubernetes_executor']) retrieved from /home/airflow/.local/lib/python3.7/site-packages/airflow/example_dags/example_local_kubernetes_executor.py
[2023-05-06T02:11:25.964+0000] {logging_mixin.py:137} INFO - [2023-05-06T02:11:25.964+0000] {dag.py:2705} INFO - Sync 1 DAGs
[2023-05-06T02:11:26.073+0000] {logging_mixin.py:137} INFO - [2023-05-06T02:11:26.073+0000] {dag.py:3456} INFO - Setting next_dagrun for example_local_kubernetes_executor to None, run_after=None
[2023-05-06T02:11:26.122+0000] {processor.py:175} INFO - Processing /home/airflow/.local/lib/python3.7/site-packages/airflow/example_dags/example_local_kubernetes_executor.py took 0.353 seconds
[2023-05-06T02:11:56.454+0000] {processor.py:153} INFO - Started process (PID=5523) to work on /home/airflow/.local/lib/python3.7/site-packages/airflow/example_dags/example_local_kubernetes_executor.py
[2023-05-06T02:11:56.457+0000] {processor.py:743} INFO - Processing file /home/airflow/.local/lib/python3.7/site-packages/airflow/example_dags/example_local_kubernetes_executor.py for tasks to queue
[2023-05-06T02:11:56.460+0000] {logging_mixin.py:137} INFO - [2023-05-06T02:11:56.459+0000] {dagbag.py:532} INFO - Filling up the DagBag from /home/airflow/.local/lib/python3.7/site-packages/airflow/example_dags/example_local_kubernetes_executor.py
[2023-05-06T02:11:56.505+0000] {processor.py:753} INFO - DAG(s) dict_keys(['example_local_kubernetes_executor']) retrieved from /home/airflow/.local/lib/python3.7/site-packages/airflow/example_dags/example_local_kubernetes_executor.py
[2023-05-06T02:11:56.561+0000] {logging_mixin.py:137} INFO - [2023-05-06T02:11:56.560+0000] {dag.py:2705} INFO - Sync 1 DAGs
[2023-05-06T02:11:56.601+0000] {logging_mixin.py:137} INFO - [2023-05-06T02:11:56.601+0000] {dag.py:3456} INFO - Setting next_dagrun for example_local_kubernetes_executor to None, run_after=None
[2023-05-06T02:11:56.647+0000] {processor.py:175} INFO - Processing /home/airflow/.local/lib/python3.7/site-packages/airflow/example_dags/example_local_kubernetes_executor.py took 0.199 seconds
[2023-05-06T02:12:27.561+0000] {processor.py:153} INFO - Started process (PID=5574) to work on /home/airflow/.local/lib/python3.7/site-packages/airflow/example_dags/example_local_kubernetes_executor.py
[2023-05-06T02:12:27.571+0000] {processor.py:743} INFO - Processing file /home/airflow/.local/lib/python3.7/site-packages/airflow/example_dags/example_local_kubernetes_executor.py for tasks to queue
[2023-05-06T02:12:27.576+0000] {logging_mixin.py:137} INFO - [2023-05-06T02:12:27.575+0000] {dagbag.py:532} INFO - Filling up the DagBag from /home/airflow/.local/lib/python3.7/site-packages/airflow/example_dags/example_local_kubernetes_executor.py
[2023-05-06T02:12:27.673+0000] {processor.py:753} INFO - DAG(s) dict_keys(['example_local_kubernetes_executor']) retrieved from /home/airflow/.local/lib/python3.7/site-packages/airflow/example_dags/example_local_kubernetes_executor.py
[2023-05-06T02:12:27.770+0000] {logging_mixin.py:137} INFO - [2023-05-06T02:12:27.769+0000] {dag.py:2705} INFO - Sync 1 DAGs
[2023-05-06T02:12:27.823+0000] {logging_mixin.py:137} INFO - [2023-05-06T02:12:27.823+0000] {dag.py:3456} INFO - Setting next_dagrun for example_local_kubernetes_executor to None, run_after=None
[2023-05-06T02:12:27.851+0000] {processor.py:175} INFO - Processing /home/airflow/.local/lib/python3.7/site-packages/airflow/example_dags/example_local_kubernetes_executor.py took 0.300 seconds
[2023-05-06T02:12:57.990+0000] {processor.py:153} INFO - Started process (PID=5626) to work on /home/airflow/.local/lib/python3.7/site-packages/airflow/example_dags/example_local_kubernetes_executor.py
[2023-05-06T02:12:57.993+0000] {processor.py:743} INFO - Processing file /home/airflow/.local/lib/python3.7/site-packages/airflow/example_dags/example_local_kubernetes_executor.py for tasks to queue
[2023-05-06T02:12:57.995+0000] {logging_mixin.py:137} INFO - [2023-05-06T02:12:57.995+0000] {dagbag.py:532} INFO - Filling up the DagBag from /home/airflow/.local/lib/python3.7/site-packages/airflow/example_dags/example_local_kubernetes_executor.py
[2023-05-06T02:12:58.031+0000] {processor.py:753} INFO - DAG(s) dict_keys(['example_local_kubernetes_executor']) retrieved from /home/airflow/.local/lib/python3.7/site-packages/airflow/example_dags/example_local_kubernetes_executor.py
[2023-05-06T02:12:58.071+0000] {logging_mixin.py:137} INFO - [2023-05-06T02:12:58.071+0000] {dag.py:2705} INFO - Sync 1 DAGs
[2023-05-06T02:12:58.105+0000] {logging_mixin.py:137} INFO - [2023-05-06T02:12:58.104+0000] {dag.py:3456} INFO - Setting next_dagrun for example_local_kubernetes_executor to None, run_after=None
[2023-05-06T02:12:58.130+0000] {processor.py:175} INFO - Processing /home/airflow/.local/lib/python3.7/site-packages/airflow/example_dags/example_local_kubernetes_executor.py took 0.145 seconds
[2023-05-06T02:13:28.475+0000] {processor.py:153} INFO - Started process (PID=5678) to work on /home/airflow/.local/lib/python3.7/site-packages/airflow/example_dags/example_local_kubernetes_executor.py
[2023-05-06T02:13:28.477+0000] {processor.py:743} INFO - Processing file /home/airflow/.local/lib/python3.7/site-packages/airflow/example_dags/example_local_kubernetes_executor.py for tasks to queue
[2023-05-06T02:13:28.479+0000] {logging_mixin.py:137} INFO - [2023-05-06T02:13:28.478+0000] {dagbag.py:532} INFO - Filling up the DagBag from /home/airflow/.local/lib/python3.7/site-packages/airflow/example_dags/example_local_kubernetes_executor.py
[2023-05-06T02:13:28.524+0000] {processor.py:753} INFO - DAG(s) dict_keys(['example_local_kubernetes_executor']) retrieved from /home/airflow/.local/lib/python3.7/site-packages/airflow/example_dags/example_local_kubernetes_executor.py
[2023-05-06T02:13:28.579+0000] {logging_mixin.py:137} INFO - [2023-05-06T02:13:28.579+0000] {dag.py:2705} INFO - Sync 1 DAGs
[2023-05-06T02:13:28.635+0000] {logging_mixin.py:137} INFO - [2023-05-06T02:13:28.635+0000] {dag.py:3456} INFO - Setting next_dagrun for example_local_kubernetes_executor to None, run_after=None
[2023-05-06T02:13:28.674+0000] {processor.py:175} INFO - Processing /home/airflow/.local/lib/python3.7/site-packages/airflow/example_dags/example_local_kubernetes_executor.py took 0.207 seconds
[2023-05-06T02:13:58.916+0000] {processor.py:153} INFO - Started process (PID=5730) to work on /home/airflow/.local/lib/python3.7/site-packages/airflow/example_dags/example_local_kubernetes_executor.py
[2023-05-06T02:13:58.920+0000] {processor.py:743} INFO - Processing file /home/airflow/.local/lib/python3.7/site-packages/airflow/example_dags/example_local_kubernetes_executor.py for tasks to queue
[2023-05-06T02:13:58.923+0000] {logging_mixin.py:137} INFO - [2023-05-06T02:13:58.922+0000] {dagbag.py:532} INFO - Filling up the DagBag from /home/airflow/.local/lib/python3.7/site-packages/airflow/example_dags/example_local_kubernetes_executor.py
[2023-05-06T02:13:58.973+0000] {processor.py:753} INFO - DAG(s) dict_keys(['example_local_kubernetes_executor']) retrieved from /home/airflow/.local/lib/python3.7/site-packages/airflow/example_dags/example_local_kubernetes_executor.py
[2023-05-06T02:13:59.015+0000] {logging_mixin.py:137} INFO - [2023-05-06T02:13:59.014+0000] {dag.py:2705} INFO - Sync 1 DAGs
[2023-05-06T02:13:59.093+0000] {logging_mixin.py:137} INFO - [2023-05-06T02:13:59.090+0000] {dag.py:3456} INFO - Setting next_dagrun for example_local_kubernetes_executor to None, run_after=None
[2023-05-06T02:13:59.142+0000] {processor.py:175} INFO - Processing /home/airflow/.local/lib/python3.7/site-packages/airflow/example_dags/example_local_kubernetes_executor.py took 0.235 seconds
[2023-05-06T02:14:29.253+0000] {processor.py:153} INFO - Started process (PID=5782) to work on /home/airflow/.local/lib/python3.7/site-packages/airflow/example_dags/example_local_kubernetes_executor.py
[2023-05-06T02:14:29.256+0000] {processor.py:743} INFO - Processing file /home/airflow/.local/lib/python3.7/site-packages/airflow/example_dags/example_local_kubernetes_executor.py for tasks to queue
[2023-05-06T02:14:29.260+0000] {logging_mixin.py:137} INFO - [2023-05-06T02:14:29.259+0000] {dagbag.py:532} INFO - Filling up the DagBag from /home/airflow/.local/lib/python3.7/site-packages/airflow/example_dags/example_local_kubernetes_executor.py
[2023-05-06T02:14:29.319+0000] {processor.py:753} INFO - DAG(s) dict_keys(['example_local_kubernetes_executor']) retrieved from /home/airflow/.local/lib/python3.7/site-packages/airflow/example_dags/example_local_kubernetes_executor.py
[2023-05-06T02:14:29.371+0000] {logging_mixin.py:137} INFO - [2023-05-06T02:14:29.371+0000] {dag.py:2705} INFO - Sync 1 DAGs
[2023-05-06T02:14:29.414+0000] {logging_mixin.py:137} INFO - [2023-05-06T02:14:29.413+0000] {dag.py:3456} INFO - Setting next_dagrun for example_local_kubernetes_executor to None, run_after=None
[2023-05-06T02:14:29.440+0000] {processor.py:175} INFO - Processing /home/airflow/.local/lib/python3.7/site-packages/airflow/example_dags/example_local_kubernetes_executor.py took 0.193 seconds
[2023-05-06T02:14:59.602+0000] {processor.py:153} INFO - Started process (PID=5834) to work on /home/airflow/.local/lib/python3.7/site-packages/airflow/example_dags/example_local_kubernetes_executor.py
[2023-05-06T02:14:59.604+0000] {processor.py:743} INFO - Processing file /home/airflow/.local/lib/python3.7/site-packages/airflow/example_dags/example_local_kubernetes_executor.py for tasks to queue
[2023-05-06T02:14:59.606+0000] {logging_mixin.py:137} INFO - [2023-05-06T02:14:59.606+0000] {dagbag.py:532} INFO - Filling up the DagBag from /home/airflow/.local/lib/python3.7/site-packages/airflow/example_dags/example_local_kubernetes_executor.py
[2023-05-06T02:14:59.645+0000] {processor.py:753} INFO - DAG(s) dict_keys(['example_local_kubernetes_executor']) retrieved from /home/airflow/.local/lib/python3.7/site-packages/airflow/example_dags/example_local_kubernetes_executor.py
[2023-05-06T02:14:59.690+0000] {logging_mixin.py:137} INFO - [2023-05-06T02:14:59.690+0000] {dag.py:2705} INFO - Sync 1 DAGs
[2023-05-06T02:14:59.726+0000] {logging_mixin.py:137} INFO - [2023-05-06T02:14:59.726+0000] {dag.py:3456} INFO - Setting next_dagrun for example_local_kubernetes_executor to None, run_after=None
[2023-05-06T02:14:59.755+0000] {processor.py:175} INFO - Processing /home/airflow/.local/lib/python3.7/site-packages/airflow/example_dags/example_local_kubernetes_executor.py took 0.159 seconds
[2023-05-06T02:15:30.202+0000] {processor.py:153} INFO - Started process (PID=5886) to work on /home/airflow/.local/lib/python3.7/site-packages/airflow/example_dags/example_local_kubernetes_executor.py
[2023-05-06T02:15:30.205+0000] {processor.py:743} INFO - Processing file /home/airflow/.local/lib/python3.7/site-packages/airflow/example_dags/example_local_kubernetes_executor.py for tasks to queue
[2023-05-06T02:15:30.208+0000] {logging_mixin.py:137} INFO - [2023-05-06T02:15:30.207+0000] {dagbag.py:532} INFO - Filling up the DagBag from /home/airflow/.local/lib/python3.7/site-packages/airflow/example_dags/example_local_kubernetes_executor.py
[2023-05-06T02:15:30.254+0000] {processor.py:753} INFO - DAG(s) dict_keys(['example_local_kubernetes_executor']) retrieved from /home/airflow/.local/lib/python3.7/site-packages/airflow/example_dags/example_local_kubernetes_executor.py
[2023-05-06T02:15:30.320+0000] {logging_mixin.py:137} INFO - [2023-05-06T02:15:30.320+0000] {dag.py:2705} INFO - Sync 1 DAGs
[2023-05-06T02:15:30.360+0000] {logging_mixin.py:137} INFO - [2023-05-06T02:15:30.360+0000] {dag.py:3456} INFO - Setting next_dagrun for example_local_kubernetes_executor to None, run_after=None
[2023-05-06T02:15:30.390+0000] {processor.py:175} INFO - Processing /home/airflow/.local/lib/python3.7/site-packages/airflow/example_dags/example_local_kubernetes_executor.py took 0.193 seconds
[2023-05-06T02:16:01.719+0000] {processor.py:153} INFO - Started process (PID=5938) to work on /home/airflow/.local/lib/python3.7/site-packages/airflow/example_dags/example_local_kubernetes_executor.py
[2023-05-06T02:16:01.727+0000] {processor.py:743} INFO - Processing file /home/airflow/.local/lib/python3.7/site-packages/airflow/example_dags/example_local_kubernetes_executor.py for tasks to queue
[2023-05-06T02:16:01.733+0000] {logging_mixin.py:137} INFO - [2023-05-06T02:16:01.732+0000] {dagbag.py:532} INFO - Filling up the DagBag from /home/airflow/.local/lib/python3.7/site-packages/airflow/example_dags/example_local_kubernetes_executor.py
[2023-05-06T02:16:01.846+0000] {processor.py:753} INFO - DAG(s) dict_keys(['example_local_kubernetes_executor']) retrieved from /home/airflow/.local/lib/python3.7/site-packages/airflow/example_dags/example_local_kubernetes_executor.py
[2023-05-06T02:16:02.083+0000] {logging_mixin.py:137} INFO - [2023-05-06T02:16:02.083+0000] {dag.py:2705} INFO - Sync 1 DAGs
[2023-05-06T02:16:02.186+0000] {logging_mixin.py:137} INFO - [2023-05-06T02:16:02.184+0000] {dag.py:3456} INFO - Setting next_dagrun for example_local_kubernetes_executor to None, run_after=None
[2023-05-06T02:16:02.264+0000] {processor.py:175} INFO - Processing /home/airflow/.local/lib/python3.7/site-packages/airflow/example_dags/example_local_kubernetes_executor.py took 0.564 seconds
[2023-05-06T02:16:32.846+0000] {processor.py:153} INFO - Started process (PID=5990) to work on /home/airflow/.local/lib/python3.7/site-packages/airflow/example_dags/example_local_kubernetes_executor.py
[2023-05-06T02:16:32.851+0000] {processor.py:743} INFO - Processing file /home/airflow/.local/lib/python3.7/site-packages/airflow/example_dags/example_local_kubernetes_executor.py for tasks to queue
[2023-05-06T02:16:32.864+0000] {logging_mixin.py:137} INFO - [2023-05-06T02:16:32.864+0000] {dagbag.py:532} INFO - Filling up the DagBag from /home/airflow/.local/lib/python3.7/site-packages/airflow/example_dags/example_local_kubernetes_executor.py
[2023-05-06T02:16:32.926+0000] {processor.py:753} INFO - DAG(s) dict_keys(['example_local_kubernetes_executor']) retrieved from /home/airflow/.local/lib/python3.7/site-packages/airflow/example_dags/example_local_kubernetes_executor.py
[2023-05-06T02:16:33.013+0000] {logging_mixin.py:137} INFO - [2023-05-06T02:16:33.013+0000] {dag.py:2705} INFO - Sync 1 DAGs
[2023-05-06T02:16:33.072+0000] {logging_mixin.py:137} INFO - [2023-05-06T02:16:33.071+0000] {dag.py:3456} INFO - Setting next_dagrun for example_local_kubernetes_executor to None, run_after=None
[2023-05-06T02:16:33.118+0000] {processor.py:175} INFO - Processing /home/airflow/.local/lib/python3.7/site-packages/airflow/example_dags/example_local_kubernetes_executor.py took 0.295 seconds
[2023-05-06T02:17:06.925+0000] {processor.py:153} INFO - Started process (PID=6040) to work on /home/airflow/.local/lib/python3.7/site-packages/airflow/example_dags/example_local_kubernetes_executor.py
[2023-05-06T02:17:06.946+0000] {processor.py:743} INFO - Processing file /home/airflow/.local/lib/python3.7/site-packages/airflow/example_dags/example_local_kubernetes_executor.py for tasks to queue
[2023-05-06T02:17:06.968+0000] {logging_mixin.py:137} INFO - [2023-05-06T02:17:06.967+0000] {dagbag.py:532} INFO - Filling up the DagBag from /home/airflow/.local/lib/python3.7/site-packages/airflow/example_dags/example_local_kubernetes_executor.py
[2023-05-06T02:17:07.262+0000] {processor.py:753} INFO - DAG(s) dict_keys(['example_local_kubernetes_executor']) retrieved from /home/airflow/.local/lib/python3.7/site-packages/airflow/example_dags/example_local_kubernetes_executor.py
[2023-05-06T02:17:08.017+0000] {logging_mixin.py:137} INFO - [2023-05-06T02:17:08.017+0000] {dag.py:2705} INFO - Sync 1 DAGs
[2023-05-06T02:17:08.251+0000] {logging_mixin.py:137} INFO - [2023-05-06T02:17:08.250+0000] {dag.py:3456} INFO - Setting next_dagrun for example_local_kubernetes_executor to None, run_after=None
[2023-05-06T02:17:08.379+0000] {processor.py:175} INFO - Processing /home/airflow/.local/lib/python3.7/site-packages/airflow/example_dags/example_local_kubernetes_executor.py took 1.514 seconds
[2023-05-06T02:18:05.575+0000] {processor.py:153} INFO - Started process (PID=6099) to work on /home/airflow/.local/lib/python3.7/site-packages/airflow/example_dags/example_local_kubernetes_executor.py
[2023-05-06T02:18:05.712+0000] {processor.py:743} INFO - Processing file /home/airflow/.local/lib/python3.7/site-packages/airflow/example_dags/example_local_kubernetes_executor.py for tasks to queue
[2023-05-06T02:18:05.812+0000] {logging_mixin.py:137} INFO - [2023-05-06T02:18:05.768+0000] {dagbag.py:532} INFO - Filling up the DagBag from /home/airflow/.local/lib/python3.7/site-packages/airflow/example_dags/example_local_kubernetes_executor.py
[2023-05-06T02:18:09.705+0000] {processor.py:753} INFO - DAG(s) dict_keys(['example_local_kubernetes_executor']) retrieved from /home/airflow/.local/lib/python3.7/site-packages/airflow/example_dags/example_local_kubernetes_executor.py
[2023-05-06T02:18:12.520+0000] {logging_mixin.py:137} INFO - [2023-05-06T02:18:12.519+0000] {dag.py:2705} INFO - Sync 1 DAGs
[2023-05-06T02:18:16.047+0000] {logging_mixin.py:137} INFO - [2023-05-06T02:18:16.046+0000] {dag.py:3456} INFO - Setting next_dagrun for example_local_kubernetes_executor to None, run_after=None
[2023-05-06T02:18:17.476+0000] {processor.py:175} INFO - Processing /home/airflow/.local/lib/python3.7/site-packages/airflow/example_dags/example_local_kubernetes_executor.py took 12.528 seconds
