[2023-05-06T00:03:49.615+0000] {processor.py:153} INFO - Started process (PID=4280) to work on /home/airflow/.local/lib/python3.7/site-packages/airflow/example_dags/example_kubernetes_executor.py
[2023-05-06T00:03:49.617+0000] {processor.py:743} INFO - Processing file /home/airflow/.local/lib/python3.7/site-packages/airflow/example_dags/example_kubernetes_executor.py for tasks to queue
[2023-05-06T00:03:49.618+0000] {logging_mixin.py:137} INFO - [2023-05-06T00:03:49.618+0000] {dagbag.py:532} INFO - Filling up the DagBag from /home/airflow/.local/lib/python3.7/site-packages/airflow/example_dags/example_kubernetes_executor.py
[2023-05-06T00:03:49.661+0000] {processor.py:753} INFO - DAG(s) dict_keys(['example_kubernetes_executor']) retrieved from /home/airflow/.local/lib/python3.7/site-packages/airflow/example_dags/example_kubernetes_executor.py
[2023-05-06T00:03:49.745+0000] {logging_mixin.py:137} INFO - [2023-05-06T00:03:49.745+0000] {dag.py:2705} INFO - Sync 1 DAGs
[2023-05-06T00:03:49.787+0000] {logging_mixin.py:137} INFO - [2023-05-06T00:03:49.786+0000] {dag.py:3456} INFO - Setting next_dagrun for example_kubernetes_executor to None, run_after=None
[2023-05-06T00:03:49.810+0000] {processor.py:175} INFO - Processing /home/airflow/.local/lib/python3.7/site-packages/airflow/example_dags/example_kubernetes_executor.py took 0.202 seconds
[2023-05-06T00:17:29.858+0000] {processor.py:153} INFO - Started process (PID=4331) to work on /home/airflow/.local/lib/python3.7/site-packages/airflow/example_dags/example_kubernetes_executor.py
[2023-05-06T00:17:29.860+0000] {processor.py:743} INFO - Processing file /home/airflow/.local/lib/python3.7/site-packages/airflow/example_dags/example_kubernetes_executor.py for tasks to queue
[2023-05-06T00:17:29.863+0000] {logging_mixin.py:137} INFO - [2023-05-06T00:17:29.863+0000] {dagbag.py:532} INFO - Filling up the DagBag from /home/airflow/.local/lib/python3.7/site-packages/airflow/example_dags/example_kubernetes_executor.py
[2023-05-06T00:17:29.911+0000] {processor.py:753} INFO - DAG(s) dict_keys(['example_kubernetes_executor']) retrieved from /home/airflow/.local/lib/python3.7/site-packages/airflow/example_dags/example_kubernetes_executor.py
[2023-05-06T00:17:29.960+0000] {logging_mixin.py:137} INFO - [2023-05-06T00:17:29.960+0000] {dag.py:2705} INFO - Sync 1 DAGs
[2023-05-06T00:17:29.999+0000] {logging_mixin.py:137} INFO - [2023-05-06T00:17:29.998+0000] {dag.py:3456} INFO - Setting next_dagrun for example_kubernetes_executor to None, run_after=None
[2023-05-06T00:17:30.105+0000] {processor.py:175} INFO - Processing /home/airflow/.local/lib/python3.7/site-packages/airflow/example_dags/example_kubernetes_executor.py took 0.255 seconds
[2023-05-06T00:20:38.758+0000] {processor.py:153} INFO - Started process (PID=4383) to work on /home/airflow/.local/lib/python3.7/site-packages/airflow/example_dags/example_kubernetes_executor.py
[2023-05-06T00:20:38.763+0000] {processor.py:743} INFO - Processing file /home/airflow/.local/lib/python3.7/site-packages/airflow/example_dags/example_kubernetes_executor.py for tasks to queue
[2023-05-06T00:20:38.770+0000] {logging_mixin.py:137} INFO - [2023-05-06T00:20:38.769+0000] {dagbag.py:532} INFO - Filling up the DagBag from /home/airflow/.local/lib/python3.7/site-packages/airflow/example_dags/example_kubernetes_executor.py
[2023-05-06T00:20:38.880+0000] {processor.py:753} INFO - DAG(s) dict_keys(['example_kubernetes_executor']) retrieved from /home/airflow/.local/lib/python3.7/site-packages/airflow/example_dags/example_kubernetes_executor.py
[2023-05-06T00:20:38.956+0000] {logging_mixin.py:137} INFO - [2023-05-06T00:20:38.956+0000] {dag.py:2705} INFO - Sync 1 DAGs
[2023-05-06T00:20:38.987+0000] {logging_mixin.py:137} INFO - [2023-05-06T00:20:38.987+0000] {dag.py:3456} INFO - Setting next_dagrun for example_kubernetes_executor to None, run_after=None
[2023-05-06T00:20:39.012+0000] {processor.py:175} INFO - Processing /home/airflow/.local/lib/python3.7/site-packages/airflow/example_dags/example_kubernetes_executor.py took 0.270 seconds
[2023-05-06T00:36:29.329+0000] {processor.py:153} INFO - Started process (PID=4443) to work on /home/airflow/.local/lib/python3.7/site-packages/airflow/example_dags/example_kubernetes_executor.py
[2023-05-06T00:36:29.335+0000] {processor.py:743} INFO - Processing file /home/airflow/.local/lib/python3.7/site-packages/airflow/example_dags/example_kubernetes_executor.py for tasks to queue
[2023-05-06T00:36:29.337+0000] {logging_mixin.py:137} INFO - [2023-05-06T00:36:29.337+0000] {dagbag.py:532} INFO - Filling up the DagBag from /home/airflow/.local/lib/python3.7/site-packages/airflow/example_dags/example_kubernetes_executor.py
[2023-05-06T00:36:29.372+0000] {processor.py:753} INFO - DAG(s) dict_keys(['example_kubernetes_executor']) retrieved from /home/airflow/.local/lib/python3.7/site-packages/airflow/example_dags/example_kubernetes_executor.py
[2023-05-06T00:36:29.437+0000] {logging_mixin.py:137} INFO - [2023-05-06T00:36:29.437+0000] {dag.py:2705} INFO - Sync 1 DAGs
[2023-05-06T00:36:29.495+0000] {logging_mixin.py:137} INFO - [2023-05-06T00:36:29.494+0000] {dag.py:3456} INFO - Setting next_dagrun for example_kubernetes_executor to None, run_after=None
[2023-05-06T00:36:29.535+0000] {processor.py:175} INFO - Processing /home/airflow/.local/lib/python3.7/site-packages/airflow/example_dags/example_kubernetes_executor.py took 0.211 seconds
[2023-05-06T00:37:28.690+0000] {processor.py:153} INFO - Started process (PID=4502) to work on /home/airflow/.local/lib/python3.7/site-packages/airflow/example_dags/example_kubernetes_executor.py
[2023-05-06T00:37:28.714+0000] {processor.py:743} INFO - Processing file /home/airflow/.local/lib/python3.7/site-packages/airflow/example_dags/example_kubernetes_executor.py for tasks to queue
[2023-05-06T00:37:28.741+0000] {logging_mixin.py:137} INFO - [2023-05-06T00:37:28.738+0000] {dagbag.py:532} INFO - Filling up the DagBag from /home/airflow/.local/lib/python3.7/site-packages/airflow/example_dags/example_kubernetes_executor.py
[2023-05-06T00:37:29.371+0000] {processor.py:753} INFO - DAG(s) dict_keys(['example_kubernetes_executor']) retrieved from /home/airflow/.local/lib/python3.7/site-packages/airflow/example_dags/example_kubernetes_executor.py
[2023-05-06T00:37:29.652+0000] {logging_mixin.py:137} INFO - [2023-05-06T00:37:29.652+0000] {dag.py:2705} INFO - Sync 1 DAGs
[2023-05-06T00:37:29.953+0000] {logging_mixin.py:137} INFO - [2023-05-06T00:37:29.953+0000] {dag.py:3456} INFO - Setting next_dagrun for example_kubernetes_executor to None, run_after=None
[2023-05-06T00:37:30.323+0000] {processor.py:175} INFO - Processing /home/airflow/.local/lib/python3.7/site-packages/airflow/example_dags/example_kubernetes_executor.py took 1.659 seconds
[2023-05-06T00:38:18.314+0000] {processor.py:153} INFO - Started process (PID=4554) to work on /home/airflow/.local/lib/python3.7/site-packages/airflow/example_dags/example_kubernetes_executor.py
[2023-05-06T00:38:18.336+0000] {processor.py:743} INFO - Processing file /home/airflow/.local/lib/python3.7/site-packages/airflow/example_dags/example_kubernetes_executor.py for tasks to queue
[2023-05-06T00:38:18.364+0000] {logging_mixin.py:137} INFO - [2023-05-06T00:38:18.363+0000] {dagbag.py:532} INFO - Filling up the DagBag from /home/airflow/.local/lib/python3.7/site-packages/airflow/example_dags/example_kubernetes_executor.py
[2023-05-06T00:38:19.792+0000] {processor.py:753} INFO - DAG(s) dict_keys(['example_kubernetes_executor']) retrieved from /home/airflow/.local/lib/python3.7/site-packages/airflow/example_dags/example_kubernetes_executor.py
[2023-05-06T00:38:20.758+0000] {logging_mixin.py:137} INFO - [2023-05-06T00:38:20.742+0000] {dag.py:2705} INFO - Sync 1 DAGs
[2023-05-06T00:38:21.849+0000] {logging_mixin.py:137} INFO - [2023-05-06T00:38:21.849+0000] {dag.py:3456} INFO - Setting next_dagrun for example_kubernetes_executor to None, run_after=None
[2023-05-06T00:38:22.229+0000] {processor.py:175} INFO - Processing /home/airflow/.local/lib/python3.7/site-packages/airflow/example_dags/example_kubernetes_executor.py took 4.007 seconds
[2023-05-06T00:54:42.042+0000] {processor.py:153} INFO - Started process (PID=4642) to work on /home/airflow/.local/lib/python3.7/site-packages/airflow/example_dags/example_kubernetes_executor.py
[2023-05-06T00:54:42.044+0000] {processor.py:743} INFO - Processing file /home/airflow/.local/lib/python3.7/site-packages/airflow/example_dags/example_kubernetes_executor.py for tasks to queue
[2023-05-06T00:54:42.047+0000] {logging_mixin.py:137} INFO - [2023-05-06T00:54:42.047+0000] {dagbag.py:532} INFO - Filling up the DagBag from /home/airflow/.local/lib/python3.7/site-packages/airflow/example_dags/example_kubernetes_executor.py
[2023-05-06T00:54:42.138+0000] {processor.py:753} INFO - DAG(s) dict_keys(['example_kubernetes_executor']) retrieved from /home/airflow/.local/lib/python3.7/site-packages/airflow/example_dags/example_kubernetes_executor.py
[2023-05-06T00:54:42.261+0000] {logging_mixin.py:137} INFO - [2023-05-06T00:54:42.261+0000] {dag.py:2705} INFO - Sync 1 DAGs
[2023-05-06T00:54:42.501+0000] {logging_mixin.py:137} INFO - [2023-05-06T00:54:42.500+0000] {dag.py:3456} INFO - Setting next_dagrun for example_kubernetes_executor to None, run_after=None
[2023-05-06T00:54:43.584+0000] {processor.py:175} INFO - Processing /home/airflow/.local/lib/python3.7/site-packages/airflow/example_dags/example_kubernetes_executor.py took 1.560 seconds
[2023-05-06T02:03:40.756+0000] {processor.py:153} INFO - Started process (PID=4700) to work on /home/airflow/.local/lib/python3.7/site-packages/airflow/example_dags/example_kubernetes_executor.py
[2023-05-06T02:03:40.764+0000] {processor.py:743} INFO - Processing file /home/airflow/.local/lib/python3.7/site-packages/airflow/example_dags/example_kubernetes_executor.py for tasks to queue
[2023-05-06T02:03:40.766+0000] {logging_mixin.py:137} INFO - [2023-05-06T02:03:40.766+0000] {dagbag.py:532} INFO - Filling up the DagBag from /home/airflow/.local/lib/python3.7/site-packages/airflow/example_dags/example_kubernetes_executor.py
[2023-05-06T02:03:40.821+0000] {processor.py:753} INFO - DAG(s) dict_keys(['example_kubernetes_executor']) retrieved from /home/airflow/.local/lib/python3.7/site-packages/airflow/example_dags/example_kubernetes_executor.py
[2023-05-06T02:03:40.868+0000] {logging_mixin.py:137} INFO - [2023-05-06T02:03:40.868+0000] {dag.py:2705} INFO - Sync 1 DAGs
[2023-05-06T02:03:40.910+0000] {logging_mixin.py:137} INFO - [2023-05-06T02:03:40.910+0000] {dag.py:3456} INFO - Setting next_dagrun for example_kubernetes_executor to None, run_after=None
[2023-05-06T02:03:40.957+0000] {processor.py:175} INFO - Processing /home/airflow/.local/lib/python3.7/site-packages/airflow/example_dags/example_kubernetes_executor.py took 0.208 seconds
[2023-05-06T02:04:15.040+0000] {processor.py:153} INFO - Started process (PID=4752) to work on /home/airflow/.local/lib/python3.7/site-packages/airflow/example_dags/example_kubernetes_executor.py
[2023-05-06T02:04:15.042+0000] {processor.py:743} INFO - Processing file /home/airflow/.local/lib/python3.7/site-packages/airflow/example_dags/example_kubernetes_executor.py for tasks to queue
[2023-05-06T02:04:15.045+0000] {logging_mixin.py:137} INFO - [2023-05-06T02:04:15.044+0000] {dagbag.py:532} INFO - Filling up the DagBag from /home/airflow/.local/lib/python3.7/site-packages/airflow/example_dags/example_kubernetes_executor.py
[2023-05-06T02:04:15.094+0000] {processor.py:753} INFO - DAG(s) dict_keys(['example_kubernetes_executor']) retrieved from /home/airflow/.local/lib/python3.7/site-packages/airflow/example_dags/example_kubernetes_executor.py
[2023-05-06T02:04:15.145+0000] {logging_mixin.py:137} INFO - [2023-05-06T02:04:15.145+0000] {dag.py:2705} INFO - Sync 1 DAGs
[2023-05-06T02:04:15.197+0000] {logging_mixin.py:137} INFO - [2023-05-06T02:04:15.196+0000] {dag.py:3456} INFO - Setting next_dagrun for example_kubernetes_executor to None, run_after=None
[2023-05-06T02:04:15.223+0000] {processor.py:175} INFO - Processing /home/airflow/.local/lib/python3.7/site-packages/airflow/example_dags/example_kubernetes_executor.py took 0.192 seconds
[2023-05-06T02:04:49.224+0000] {processor.py:153} INFO - Started process (PID=4804) to work on /home/airflow/.local/lib/python3.7/site-packages/airflow/example_dags/example_kubernetes_executor.py
[2023-05-06T02:04:49.228+0000] {processor.py:743} INFO - Processing file /home/airflow/.local/lib/python3.7/site-packages/airflow/example_dags/example_kubernetes_executor.py for tasks to queue
[2023-05-06T02:04:49.232+0000] {logging_mixin.py:137} INFO - [2023-05-06T02:04:49.231+0000] {dagbag.py:532} INFO - Filling up the DagBag from /home/airflow/.local/lib/python3.7/site-packages/airflow/example_dags/example_kubernetes_executor.py
[2023-05-06T02:04:49.347+0000] {processor.py:753} INFO - DAG(s) dict_keys(['example_kubernetes_executor']) retrieved from /home/airflow/.local/lib/python3.7/site-packages/airflow/example_dags/example_kubernetes_executor.py
[2023-05-06T02:04:49.476+0000] {logging_mixin.py:137} INFO - [2023-05-06T02:04:49.475+0000] {dag.py:2705} INFO - Sync 1 DAGs
[2023-05-06T02:04:49.577+0000] {logging_mixin.py:137} INFO - [2023-05-06T02:04:49.577+0000] {dag.py:3456} INFO - Setting next_dagrun for example_kubernetes_executor to None, run_after=None
[2023-05-06T02:04:49.634+0000] {processor.py:175} INFO - Processing /home/airflow/.local/lib/python3.7/site-packages/airflow/example_dags/example_kubernetes_executor.py took 0.430 seconds
[2023-05-06T02:05:19.931+0000] {processor.py:153} INFO - Started process (PID=4856) to work on /home/airflow/.local/lib/python3.7/site-packages/airflow/example_dags/example_kubernetes_executor.py
[2023-05-06T02:05:19.937+0000] {processor.py:743} INFO - Processing file /home/airflow/.local/lib/python3.7/site-packages/airflow/example_dags/example_kubernetes_executor.py for tasks to queue
[2023-05-06T02:05:19.943+0000] {logging_mixin.py:137} INFO - [2023-05-06T02:05:19.942+0000] {dagbag.py:532} INFO - Filling up the DagBag from /home/airflow/.local/lib/python3.7/site-packages/airflow/example_dags/example_kubernetes_executor.py
[2023-05-06T02:05:20.070+0000] {processor.py:753} INFO - DAG(s) dict_keys(['example_kubernetes_executor']) retrieved from /home/airflow/.local/lib/python3.7/site-packages/airflow/example_dags/example_kubernetes_executor.py
[2023-05-06T02:05:20.269+0000] {logging_mixin.py:137} INFO - [2023-05-06T02:05:20.269+0000] {dag.py:2705} INFO - Sync 1 DAGs
[2023-05-06T02:05:20.396+0000] {logging_mixin.py:137} INFO - [2023-05-06T02:05:20.396+0000] {dag.py:3456} INFO - Setting next_dagrun for example_kubernetes_executor to None, run_after=None
[2023-05-06T02:05:20.490+0000] {processor.py:175} INFO - Processing /home/airflow/.local/lib/python3.7/site-packages/airflow/example_dags/example_kubernetes_executor.py took 0.572 seconds
[2023-05-06T02:05:51.339+0000] {processor.py:153} INFO - Started process (PID=4908) to work on /home/airflow/.local/lib/python3.7/site-packages/airflow/example_dags/example_kubernetes_executor.py
[2023-05-06T02:05:51.350+0000] {processor.py:743} INFO - Processing file /home/airflow/.local/lib/python3.7/site-packages/airflow/example_dags/example_kubernetes_executor.py for tasks to queue
[2023-05-06T02:05:51.415+0000] {logging_mixin.py:137} INFO - [2023-05-06T02:05:51.413+0000] {dagbag.py:532} INFO - Filling up the DagBag from /home/airflow/.local/lib/python3.7/site-packages/airflow/example_dags/example_kubernetes_executor.py
[2023-05-06T02:05:51.573+0000] {processor.py:753} INFO - DAG(s) dict_keys(['example_kubernetes_executor']) retrieved from /home/airflow/.local/lib/python3.7/site-packages/airflow/example_dags/example_kubernetes_executor.py
[2023-05-06T02:05:51.738+0000] {logging_mixin.py:137} INFO - [2023-05-06T02:05:51.737+0000] {dag.py:2705} INFO - Sync 1 DAGs
[2023-05-06T02:05:51.844+0000] {logging_mixin.py:137} INFO - [2023-05-06T02:05:51.844+0000] {dag.py:3456} INFO - Setting next_dagrun for example_kubernetes_executor to None, run_after=None
[2023-05-06T02:05:51.935+0000] {processor.py:175} INFO - Processing /home/airflow/.local/lib/python3.7/site-packages/airflow/example_dags/example_kubernetes_executor.py took 0.636 seconds
[2023-05-06T02:06:22.729+0000] {processor.py:153} INFO - Started process (PID=4960) to work on /home/airflow/.local/lib/python3.7/site-packages/airflow/example_dags/example_kubernetes_executor.py
[2023-05-06T02:06:22.732+0000] {processor.py:743} INFO - Processing file /home/airflow/.local/lib/python3.7/site-packages/airflow/example_dags/example_kubernetes_executor.py for tasks to queue
[2023-05-06T02:06:22.735+0000] {logging_mixin.py:137} INFO - [2023-05-06T02:06:22.735+0000] {dagbag.py:532} INFO - Filling up the DagBag from /home/airflow/.local/lib/python3.7/site-packages/airflow/example_dags/example_kubernetes_executor.py
[2023-05-06T02:06:22.786+0000] {processor.py:753} INFO - DAG(s) dict_keys(['example_kubernetes_executor']) retrieved from /home/airflow/.local/lib/python3.7/site-packages/airflow/example_dags/example_kubernetes_executor.py
[2023-05-06T02:06:22.846+0000] {logging_mixin.py:137} INFO - [2023-05-06T02:06:22.845+0000] {dag.py:2705} INFO - Sync 1 DAGs
[2023-05-06T02:06:22.889+0000] {logging_mixin.py:137} INFO - [2023-05-06T02:06:22.889+0000] {dag.py:3456} INFO - Setting next_dagrun for example_kubernetes_executor to None, run_after=None
[2023-05-06T02:06:22.935+0000] {processor.py:175} INFO - Processing /home/airflow/.local/lib/python3.7/site-packages/airflow/example_dags/example_kubernetes_executor.py took 0.218 seconds
[2023-05-06T02:06:53.395+0000] {processor.py:153} INFO - Started process (PID=5012) to work on /home/airflow/.local/lib/python3.7/site-packages/airflow/example_dags/example_kubernetes_executor.py
[2023-05-06T02:06:53.398+0000] {processor.py:743} INFO - Processing file /home/airflow/.local/lib/python3.7/site-packages/airflow/example_dags/example_kubernetes_executor.py for tasks to queue
[2023-05-06T02:06:53.401+0000] {logging_mixin.py:137} INFO - [2023-05-06T02:06:53.400+0000] {dagbag.py:532} INFO - Filling up the DagBag from /home/airflow/.local/lib/python3.7/site-packages/airflow/example_dags/example_kubernetes_executor.py
[2023-05-06T02:06:53.458+0000] {processor.py:753} INFO - DAG(s) dict_keys(['example_kubernetes_executor']) retrieved from /home/airflow/.local/lib/python3.7/site-packages/airflow/example_dags/example_kubernetes_executor.py
[2023-05-06T02:06:53.536+0000] {logging_mixin.py:137} INFO - [2023-05-06T02:06:53.536+0000] {dag.py:2705} INFO - Sync 1 DAGs
[2023-05-06T02:06:53.599+0000] {logging_mixin.py:137} INFO - [2023-05-06T02:06:53.599+0000] {dag.py:3456} INFO - Setting next_dagrun for example_kubernetes_executor to None, run_after=None
[2023-05-06T02:06:53.634+0000] {processor.py:175} INFO - Processing /home/airflow/.local/lib/python3.7/site-packages/airflow/example_dags/example_kubernetes_executor.py took 0.252 seconds
[2023-05-06T02:07:24.103+0000] {processor.py:153} INFO - Started process (PID=5064) to work on /home/airflow/.local/lib/python3.7/site-packages/airflow/example_dags/example_kubernetes_executor.py
[2023-05-06T02:07:24.109+0000] {processor.py:743} INFO - Processing file /home/airflow/.local/lib/python3.7/site-packages/airflow/example_dags/example_kubernetes_executor.py for tasks to queue
[2023-05-06T02:07:24.113+0000] {logging_mixin.py:137} INFO - [2023-05-06T02:07:24.112+0000] {dagbag.py:532} INFO - Filling up the DagBag from /home/airflow/.local/lib/python3.7/site-packages/airflow/example_dags/example_kubernetes_executor.py
[2023-05-06T02:07:24.178+0000] {processor.py:753} INFO - DAG(s) dict_keys(['example_kubernetes_executor']) retrieved from /home/airflow/.local/lib/python3.7/site-packages/airflow/example_dags/example_kubernetes_executor.py
[2023-05-06T02:07:24.252+0000] {logging_mixin.py:137} INFO - [2023-05-06T02:07:24.252+0000] {dag.py:2705} INFO - Sync 1 DAGs
[2023-05-06T02:07:24.296+0000] {logging_mixin.py:137} INFO - [2023-05-06T02:07:24.296+0000] {dag.py:3456} INFO - Setting next_dagrun for example_kubernetes_executor to None, run_after=None
[2023-05-06T02:07:24.347+0000] {processor.py:175} INFO - Processing /home/airflow/.local/lib/python3.7/site-packages/airflow/example_dags/example_kubernetes_executor.py took 0.254 seconds
[2023-05-06T02:07:54.882+0000] {processor.py:153} INFO - Started process (PID=5115) to work on /home/airflow/.local/lib/python3.7/site-packages/airflow/example_dags/example_kubernetes_executor.py
[2023-05-06T02:07:54.885+0000] {processor.py:743} INFO - Processing file /home/airflow/.local/lib/python3.7/site-packages/airflow/example_dags/example_kubernetes_executor.py for tasks to queue
[2023-05-06T02:07:54.888+0000] {logging_mixin.py:137} INFO - [2023-05-06T02:07:54.887+0000] {dagbag.py:532} INFO - Filling up the DagBag from /home/airflow/.local/lib/python3.7/site-packages/airflow/example_dags/example_kubernetes_executor.py
[2023-05-06T02:07:54.940+0000] {processor.py:753} INFO - DAG(s) dict_keys(['example_kubernetes_executor']) retrieved from /home/airflow/.local/lib/python3.7/site-packages/airflow/example_dags/example_kubernetes_executor.py
[2023-05-06T02:07:55.009+0000] {logging_mixin.py:137} INFO - [2023-05-06T02:07:55.009+0000] {dag.py:2705} INFO - Sync 1 DAGs
[2023-05-06T02:07:55.052+0000] {logging_mixin.py:137} INFO - [2023-05-06T02:07:55.051+0000] {dag.py:3456} INFO - Setting next_dagrun for example_kubernetes_executor to None, run_after=None
[2023-05-06T02:07:55.082+0000] {processor.py:175} INFO - Processing /home/airflow/.local/lib/python3.7/site-packages/airflow/example_dags/example_kubernetes_executor.py took 0.213 seconds
[2023-05-06T02:08:25.382+0000] {processor.py:153} INFO - Started process (PID=5166) to work on /home/airflow/.local/lib/python3.7/site-packages/airflow/example_dags/example_kubernetes_executor.py
[2023-05-06T02:08:25.385+0000] {processor.py:743} INFO - Processing file /home/airflow/.local/lib/python3.7/site-packages/airflow/example_dags/example_kubernetes_executor.py for tasks to queue
[2023-05-06T02:08:25.388+0000] {logging_mixin.py:137} INFO - [2023-05-06T02:08:25.388+0000] {dagbag.py:532} INFO - Filling up the DagBag from /home/airflow/.local/lib/python3.7/site-packages/airflow/example_dags/example_kubernetes_executor.py
[2023-05-06T02:08:25.447+0000] {processor.py:753} INFO - DAG(s) dict_keys(['example_kubernetes_executor']) retrieved from /home/airflow/.local/lib/python3.7/site-packages/airflow/example_dags/example_kubernetes_executor.py
[2023-05-06T02:08:25.510+0000] {logging_mixin.py:137} INFO - [2023-05-06T02:08:25.510+0000] {dag.py:2705} INFO - Sync 1 DAGs
[2023-05-06T02:08:25.558+0000] {logging_mixin.py:137} INFO - [2023-05-06T02:08:25.558+0000] {dag.py:3456} INFO - Setting next_dagrun for example_kubernetes_executor to None, run_after=None
[2023-05-06T02:08:25.595+0000] {processor.py:175} INFO - Processing /home/airflow/.local/lib/python3.7/site-packages/airflow/example_dags/example_kubernetes_executor.py took 0.225 seconds
[2023-05-06T02:08:56.001+0000] {processor.py:153} INFO - Started process (PID=5218) to work on /home/airflow/.local/lib/python3.7/site-packages/airflow/example_dags/example_kubernetes_executor.py
[2023-05-06T02:08:56.020+0000] {processor.py:743} INFO - Processing file /home/airflow/.local/lib/python3.7/site-packages/airflow/example_dags/example_kubernetes_executor.py for tasks to queue
[2023-05-06T02:08:56.027+0000] {logging_mixin.py:137} INFO - [2023-05-06T02:08:56.026+0000] {dagbag.py:532} INFO - Filling up the DagBag from /home/airflow/.local/lib/python3.7/site-packages/airflow/example_dags/example_kubernetes_executor.py
[2023-05-06T02:08:56.157+0000] {processor.py:753} INFO - DAG(s) dict_keys(['example_kubernetes_executor']) retrieved from /home/airflow/.local/lib/python3.7/site-packages/airflow/example_dags/example_kubernetes_executor.py
[2023-05-06T02:08:56.298+0000] {logging_mixin.py:137} INFO - [2023-05-06T02:08:56.298+0000] {dag.py:2705} INFO - Sync 1 DAGs
[2023-05-06T02:08:56.377+0000] {logging_mixin.py:137} INFO - [2023-05-06T02:08:56.377+0000] {dag.py:3456} INFO - Setting next_dagrun for example_kubernetes_executor to None, run_after=None
[2023-05-06T02:08:56.421+0000] {processor.py:175} INFO - Processing /home/airflow/.local/lib/python3.7/site-packages/airflow/example_dags/example_kubernetes_executor.py took 0.435 seconds
[2023-05-06T02:09:26.703+0000] {processor.py:153} INFO - Started process (PID=5270) to work on /home/airflow/.local/lib/python3.7/site-packages/airflow/example_dags/example_kubernetes_executor.py
[2023-05-06T02:09:26.706+0000] {processor.py:743} INFO - Processing file /home/airflow/.local/lib/python3.7/site-packages/airflow/example_dags/example_kubernetes_executor.py for tasks to queue
[2023-05-06T02:09:26.709+0000] {logging_mixin.py:137} INFO - [2023-05-06T02:09:26.709+0000] {dagbag.py:532} INFO - Filling up the DagBag from /home/airflow/.local/lib/python3.7/site-packages/airflow/example_dags/example_kubernetes_executor.py
[2023-05-06T02:09:26.761+0000] {processor.py:753} INFO - DAG(s) dict_keys(['example_kubernetes_executor']) retrieved from /home/airflow/.local/lib/python3.7/site-packages/airflow/example_dags/example_kubernetes_executor.py
[2023-05-06T02:09:26.826+0000] {logging_mixin.py:137} INFO - [2023-05-06T02:09:26.826+0000] {dag.py:2705} INFO - Sync 1 DAGs
[2023-05-06T02:09:26.865+0000] {logging_mixin.py:137} INFO - [2023-05-06T02:09:26.865+0000] {dag.py:3456} INFO - Setting next_dagrun for example_kubernetes_executor to None, run_after=None
[2023-05-06T02:09:26.896+0000] {processor.py:175} INFO - Processing /home/airflow/.local/lib/python3.7/site-packages/airflow/example_dags/example_kubernetes_executor.py took 0.206 seconds
[2023-05-06T02:09:57.248+0000] {processor.py:153} INFO - Started process (PID=5323) to work on /home/airflow/.local/lib/python3.7/site-packages/airflow/example_dags/example_kubernetes_executor.py
[2023-05-06T02:09:57.250+0000] {processor.py:743} INFO - Processing file /home/airflow/.local/lib/python3.7/site-packages/airflow/example_dags/example_kubernetes_executor.py for tasks to queue
[2023-05-06T02:09:57.253+0000] {logging_mixin.py:137} INFO - [2023-05-06T02:09:57.253+0000] {dagbag.py:532} INFO - Filling up the DagBag from /home/airflow/.local/lib/python3.7/site-packages/airflow/example_dags/example_kubernetes_executor.py
[2023-05-06T02:09:57.336+0000] {processor.py:753} INFO - DAG(s) dict_keys(['example_kubernetes_executor']) retrieved from /home/airflow/.local/lib/python3.7/site-packages/airflow/example_dags/example_kubernetes_executor.py
[2023-05-06T02:09:57.428+0000] {logging_mixin.py:137} INFO - [2023-05-06T02:09:57.428+0000] {dag.py:2705} INFO - Sync 1 DAGs
[2023-05-06T02:09:57.471+0000] {logging_mixin.py:137} INFO - [2023-05-06T02:09:57.471+0000] {dag.py:3456} INFO - Setting next_dagrun for example_kubernetes_executor to None, run_after=None
[2023-05-06T02:09:57.506+0000] {processor.py:175} INFO - Processing /home/airflow/.local/lib/python3.7/site-packages/airflow/example_dags/example_kubernetes_executor.py took 0.270 seconds
[2023-05-06T02:10:28.055+0000] {processor.py:153} INFO - Started process (PID=5374) to work on /home/airflow/.local/lib/python3.7/site-packages/airflow/example_dags/example_kubernetes_executor.py
[2023-05-06T02:10:28.059+0000] {processor.py:743} INFO - Processing file /home/airflow/.local/lib/python3.7/site-packages/airflow/example_dags/example_kubernetes_executor.py for tasks to queue
[2023-05-06T02:10:28.061+0000] {logging_mixin.py:137} INFO - [2023-05-06T02:10:28.061+0000] {dagbag.py:532} INFO - Filling up the DagBag from /home/airflow/.local/lib/python3.7/site-packages/airflow/example_dags/example_kubernetes_executor.py
[2023-05-06T02:10:28.111+0000] {processor.py:753} INFO - DAG(s) dict_keys(['example_kubernetes_executor']) retrieved from /home/airflow/.local/lib/python3.7/site-packages/airflow/example_dags/example_kubernetes_executor.py
[2023-05-06T02:10:28.161+0000] {logging_mixin.py:137} INFO - [2023-05-06T02:10:28.161+0000] {dag.py:2705} INFO - Sync 1 DAGs
[2023-05-06T02:10:28.201+0000] {logging_mixin.py:137} INFO - [2023-05-06T02:10:28.201+0000] {dag.py:3456} INFO - Setting next_dagrun for example_kubernetes_executor to None, run_after=None
[2023-05-06T02:10:28.233+0000] {processor.py:175} INFO - Processing /home/airflow/.local/lib/python3.7/site-packages/airflow/example_dags/example_kubernetes_executor.py took 0.188 seconds
[2023-05-06T02:10:58.685+0000] {processor.py:153} INFO - Started process (PID=5426) to work on /home/airflow/.local/lib/python3.7/site-packages/airflow/example_dags/example_kubernetes_executor.py
[2023-05-06T02:10:58.689+0000] {processor.py:743} INFO - Processing file /home/airflow/.local/lib/python3.7/site-packages/airflow/example_dags/example_kubernetes_executor.py for tasks to queue
[2023-05-06T02:10:58.691+0000] {logging_mixin.py:137} INFO - [2023-05-06T02:10:58.691+0000] {dagbag.py:532} INFO - Filling up the DagBag from /home/airflow/.local/lib/python3.7/site-packages/airflow/example_dags/example_kubernetes_executor.py
[2023-05-06T02:10:58.791+0000] {processor.py:753} INFO - DAG(s) dict_keys(['example_kubernetes_executor']) retrieved from /home/airflow/.local/lib/python3.7/site-packages/airflow/example_dags/example_kubernetes_executor.py
[2023-05-06T02:10:58.897+0000] {logging_mixin.py:137} INFO - [2023-05-06T02:10:58.897+0000] {dag.py:2705} INFO - Sync 1 DAGs
[2023-05-06T02:10:58.976+0000] {logging_mixin.py:137} INFO - [2023-05-06T02:10:58.976+0000] {dag.py:3456} INFO - Setting next_dagrun for example_kubernetes_executor to None, run_after=None
[2023-05-06T02:10:59.034+0000] {processor.py:175} INFO - Processing /home/airflow/.local/lib/python3.7/site-packages/airflow/example_dags/example_kubernetes_executor.py took 0.361 seconds
[2023-05-06T02:11:29.239+0000] {processor.py:153} INFO - Started process (PID=5478) to work on /home/airflow/.local/lib/python3.7/site-packages/airflow/example_dags/example_kubernetes_executor.py
[2023-05-06T02:11:29.241+0000] {processor.py:743} INFO - Processing file /home/airflow/.local/lib/python3.7/site-packages/airflow/example_dags/example_kubernetes_executor.py for tasks to queue
[2023-05-06T02:11:29.243+0000] {logging_mixin.py:137} INFO - [2023-05-06T02:11:29.243+0000] {dagbag.py:532} INFO - Filling up the DagBag from /home/airflow/.local/lib/python3.7/site-packages/airflow/example_dags/example_kubernetes_executor.py
[2023-05-06T02:11:29.291+0000] {processor.py:753} INFO - DAG(s) dict_keys(['example_kubernetes_executor']) retrieved from /home/airflow/.local/lib/python3.7/site-packages/airflow/example_dags/example_kubernetes_executor.py
[2023-05-06T02:11:29.342+0000] {logging_mixin.py:137} INFO - [2023-05-06T02:11:29.342+0000] {dag.py:2705} INFO - Sync 1 DAGs
[2023-05-06T02:11:29.376+0000] {logging_mixin.py:137} INFO - [2023-05-06T02:11:29.376+0000] {dag.py:3456} INFO - Setting next_dagrun for example_kubernetes_executor to None, run_after=None
[2023-05-06T02:11:29.402+0000] {processor.py:175} INFO - Processing /home/airflow/.local/lib/python3.7/site-packages/airflow/example_dags/example_kubernetes_executor.py took 0.169 seconds
[2023-05-06T02:11:59.774+0000] {processor.py:153} INFO - Started process (PID=5530) to work on /home/airflow/.local/lib/python3.7/site-packages/airflow/example_dags/example_kubernetes_executor.py
[2023-05-06T02:11:59.776+0000] {processor.py:743} INFO - Processing file /home/airflow/.local/lib/python3.7/site-packages/airflow/example_dags/example_kubernetes_executor.py for tasks to queue
[2023-05-06T02:11:59.778+0000] {logging_mixin.py:137} INFO - [2023-05-06T02:11:59.778+0000] {dagbag.py:532} INFO - Filling up the DagBag from /home/airflow/.local/lib/python3.7/site-packages/airflow/example_dags/example_kubernetes_executor.py
[2023-05-06T02:11:59.885+0000] {processor.py:753} INFO - DAG(s) dict_keys(['example_kubernetes_executor']) retrieved from /home/airflow/.local/lib/python3.7/site-packages/airflow/example_dags/example_kubernetes_executor.py
[2023-05-06T02:12:00.016+0000] {logging_mixin.py:137} INFO - [2023-05-06T02:12:00.016+0000] {dag.py:2705} INFO - Sync 1 DAGs
[2023-05-06T02:12:00.087+0000] {logging_mixin.py:137} INFO - [2023-05-06T02:12:00.087+0000] {dag.py:3456} INFO - Setting next_dagrun for example_kubernetes_executor to None, run_after=None
[2023-05-06T02:12:00.144+0000] {processor.py:175} INFO - Processing /home/airflow/.local/lib/python3.7/site-packages/airflow/example_dags/example_kubernetes_executor.py took 0.386 seconds
[2023-05-06T02:12:30.543+0000] {processor.py:153} INFO - Started process (PID=5581) to work on /home/airflow/.local/lib/python3.7/site-packages/airflow/example_dags/example_kubernetes_executor.py
[2023-05-06T02:12:30.546+0000] {processor.py:743} INFO - Processing file /home/airflow/.local/lib/python3.7/site-packages/airflow/example_dags/example_kubernetes_executor.py for tasks to queue
[2023-05-06T02:12:30.549+0000] {logging_mixin.py:137} INFO - [2023-05-06T02:12:30.549+0000] {dagbag.py:532} INFO - Filling up the DagBag from /home/airflow/.local/lib/python3.7/site-packages/airflow/example_dags/example_kubernetes_executor.py
[2023-05-06T02:12:30.594+0000] {processor.py:753} INFO - DAG(s) dict_keys(['example_kubernetes_executor']) retrieved from /home/airflow/.local/lib/python3.7/site-packages/airflow/example_dags/example_kubernetes_executor.py
[2023-05-06T02:12:30.642+0000] {logging_mixin.py:137} INFO - [2023-05-06T02:12:30.642+0000] {dag.py:2705} INFO - Sync 1 DAGs
[2023-05-06T02:12:30.692+0000] {logging_mixin.py:137} INFO - [2023-05-06T02:12:30.692+0000] {dag.py:3456} INFO - Setting next_dagrun for example_kubernetes_executor to None, run_after=None
[2023-05-06T02:12:30.717+0000] {processor.py:175} INFO - Processing /home/airflow/.local/lib/python3.7/site-packages/airflow/example_dags/example_kubernetes_executor.py took 0.181 seconds
[2023-05-06T02:13:01.454+0000] {processor.py:153} INFO - Started process (PID=5633) to work on /home/airflow/.local/lib/python3.7/site-packages/airflow/example_dags/example_kubernetes_executor.py
[2023-05-06T02:13:01.457+0000] {processor.py:743} INFO - Processing file /home/airflow/.local/lib/python3.7/site-packages/airflow/example_dags/example_kubernetes_executor.py for tasks to queue
[2023-05-06T02:13:01.461+0000] {logging_mixin.py:137} INFO - [2023-05-06T02:13:01.460+0000] {dagbag.py:532} INFO - Filling up the DagBag from /home/airflow/.local/lib/python3.7/site-packages/airflow/example_dags/example_kubernetes_executor.py
[2023-05-06T02:13:01.546+0000] {processor.py:753} INFO - DAG(s) dict_keys(['example_kubernetes_executor']) retrieved from /home/airflow/.local/lib/python3.7/site-packages/airflow/example_dags/example_kubernetes_executor.py
[2023-05-06T02:13:01.668+0000] {logging_mixin.py:137} INFO - [2023-05-06T02:13:01.668+0000] {dag.py:2705} INFO - Sync 1 DAGs
[2023-05-06T02:13:01.738+0000] {logging_mixin.py:137} INFO - [2023-05-06T02:13:01.737+0000] {dag.py:3456} INFO - Setting next_dagrun for example_kubernetes_executor to None, run_after=None
[2023-05-06T02:13:01.795+0000] {processor.py:175} INFO - Processing /home/airflow/.local/lib/python3.7/site-packages/airflow/example_dags/example_kubernetes_executor.py took 0.358 seconds
[2023-05-06T02:13:32.357+0000] {processor.py:153} INFO - Started process (PID=5685) to work on /home/airflow/.local/lib/python3.7/site-packages/airflow/example_dags/example_kubernetes_executor.py
[2023-05-06T02:13:32.360+0000] {processor.py:743} INFO - Processing file /home/airflow/.local/lib/python3.7/site-packages/airflow/example_dags/example_kubernetes_executor.py for tasks to queue
[2023-05-06T02:13:32.364+0000] {logging_mixin.py:137} INFO - [2023-05-06T02:13:32.363+0000] {dagbag.py:532} INFO - Filling up the DagBag from /home/airflow/.local/lib/python3.7/site-packages/airflow/example_dags/example_kubernetes_executor.py
[2023-05-06T02:13:32.420+0000] {processor.py:753} INFO - DAG(s) dict_keys(['example_kubernetes_executor']) retrieved from /home/airflow/.local/lib/python3.7/site-packages/airflow/example_dags/example_kubernetes_executor.py
[2023-05-06T02:13:32.505+0000] {logging_mixin.py:137} INFO - [2023-05-06T02:13:32.505+0000] {dag.py:2705} INFO - Sync 1 DAGs
[2023-05-06T02:13:32.563+0000] {logging_mixin.py:137} INFO - [2023-05-06T02:13:32.563+0000] {dag.py:3456} INFO - Setting next_dagrun for example_kubernetes_executor to None, run_after=None
[2023-05-06T02:13:32.597+0000] {processor.py:175} INFO - Processing /home/airflow/.local/lib/python3.7/site-packages/airflow/example_dags/example_kubernetes_executor.py took 0.249 seconds
[2023-05-06T02:14:02.813+0000] {processor.py:153} INFO - Started process (PID=5737) to work on /home/airflow/.local/lib/python3.7/site-packages/airflow/example_dags/example_kubernetes_executor.py
[2023-05-06T02:14:02.816+0000] {processor.py:743} INFO - Processing file /home/airflow/.local/lib/python3.7/site-packages/airflow/example_dags/example_kubernetes_executor.py for tasks to queue
[2023-05-06T02:14:02.826+0000] {logging_mixin.py:137} INFO - [2023-05-06T02:14:02.826+0000] {dagbag.py:532} INFO - Filling up the DagBag from /home/airflow/.local/lib/python3.7/site-packages/airflow/example_dags/example_kubernetes_executor.py
[2023-05-06T02:14:02.879+0000] {processor.py:753} INFO - DAG(s) dict_keys(['example_kubernetes_executor']) retrieved from /home/airflow/.local/lib/python3.7/site-packages/airflow/example_dags/example_kubernetes_executor.py
[2023-05-06T02:14:02.938+0000] {logging_mixin.py:137} INFO - [2023-05-06T02:14:02.938+0000] {dag.py:2705} INFO - Sync 1 DAGs
[2023-05-06T02:14:02.976+0000] {logging_mixin.py:137} INFO - [2023-05-06T02:14:02.976+0000] {dag.py:3456} INFO - Setting next_dagrun for example_kubernetes_executor to None, run_after=None
[2023-05-06T02:14:03.010+0000] {processor.py:175} INFO - Processing /home/airflow/.local/lib/python3.7/site-packages/airflow/example_dags/example_kubernetes_executor.py took 0.205 seconds
[2023-05-06T02:14:33.235+0000] {processor.py:153} INFO - Started process (PID=5789) to work on /home/airflow/.local/lib/python3.7/site-packages/airflow/example_dags/example_kubernetes_executor.py
[2023-05-06T02:14:33.237+0000] {processor.py:743} INFO - Processing file /home/airflow/.local/lib/python3.7/site-packages/airflow/example_dags/example_kubernetes_executor.py for tasks to queue
[2023-05-06T02:14:33.241+0000] {logging_mixin.py:137} INFO - [2023-05-06T02:14:33.240+0000] {dagbag.py:532} INFO - Filling up the DagBag from /home/airflow/.local/lib/python3.7/site-packages/airflow/example_dags/example_kubernetes_executor.py
[2023-05-06T02:14:33.304+0000] {processor.py:753} INFO - DAG(s) dict_keys(['example_kubernetes_executor']) retrieved from /home/airflow/.local/lib/python3.7/site-packages/airflow/example_dags/example_kubernetes_executor.py
[2023-05-06T02:14:33.378+0000] {logging_mixin.py:137} INFO - [2023-05-06T02:14:33.377+0000] {dag.py:2705} INFO - Sync 1 DAGs
[2023-05-06T02:14:33.418+0000] {logging_mixin.py:137} INFO - [2023-05-06T02:14:33.417+0000] {dag.py:3456} INFO - Setting next_dagrun for example_kubernetes_executor to None, run_after=None
[2023-05-06T02:14:33.453+0000] {processor.py:175} INFO - Processing /home/airflow/.local/lib/python3.7/site-packages/airflow/example_dags/example_kubernetes_executor.py took 0.226 seconds
[2023-05-06T02:15:03.601+0000] {processor.py:153} INFO - Started process (PID=5841) to work on /home/airflow/.local/lib/python3.7/site-packages/airflow/example_dags/example_kubernetes_executor.py
[2023-05-06T02:15:03.603+0000] {processor.py:743} INFO - Processing file /home/airflow/.local/lib/python3.7/site-packages/airflow/example_dags/example_kubernetes_executor.py for tasks to queue
[2023-05-06T02:15:03.605+0000] {logging_mixin.py:137} INFO - [2023-05-06T02:15:03.605+0000] {dagbag.py:532} INFO - Filling up the DagBag from /home/airflow/.local/lib/python3.7/site-packages/airflow/example_dags/example_kubernetes_executor.py
[2023-05-06T02:15:03.658+0000] {processor.py:753} INFO - DAG(s) dict_keys(['example_kubernetes_executor']) retrieved from /home/airflow/.local/lib/python3.7/site-packages/airflow/example_dags/example_kubernetes_executor.py
[2023-05-06T02:15:03.713+0000] {logging_mixin.py:137} INFO - [2023-05-06T02:15:03.713+0000] {dag.py:2705} INFO - Sync 1 DAGs
[2023-05-06T02:15:03.747+0000] {logging_mixin.py:137} INFO - [2023-05-06T02:15:03.747+0000] {dag.py:3456} INFO - Setting next_dagrun for example_kubernetes_executor to None, run_after=None
[2023-05-06T02:15:03.777+0000] {processor.py:175} INFO - Processing /home/airflow/.local/lib/python3.7/site-packages/airflow/example_dags/example_kubernetes_executor.py took 0.184 seconds
[2023-05-06T02:15:34.139+0000] {processor.py:153} INFO - Started process (PID=5893) to work on /home/airflow/.local/lib/python3.7/site-packages/airflow/example_dags/example_kubernetes_executor.py
[2023-05-06T02:15:34.147+0000] {processor.py:743} INFO - Processing file /home/airflow/.local/lib/python3.7/site-packages/airflow/example_dags/example_kubernetes_executor.py for tasks to queue
[2023-05-06T02:15:34.150+0000] {logging_mixin.py:137} INFO - [2023-05-06T02:15:34.150+0000] {dagbag.py:532} INFO - Filling up the DagBag from /home/airflow/.local/lib/python3.7/site-packages/airflow/example_dags/example_kubernetes_executor.py
[2023-05-06T02:15:34.210+0000] {processor.py:753} INFO - DAG(s) dict_keys(['example_kubernetes_executor']) retrieved from /home/airflow/.local/lib/python3.7/site-packages/airflow/example_dags/example_kubernetes_executor.py
[2023-05-06T02:15:34.267+0000] {logging_mixin.py:137} INFO - [2023-05-06T02:15:34.267+0000] {dag.py:2705} INFO - Sync 1 DAGs
[2023-05-06T02:15:34.324+0000] {logging_mixin.py:137} INFO - [2023-05-06T02:15:34.324+0000] {dag.py:3456} INFO - Setting next_dagrun for example_kubernetes_executor to None, run_after=None
[2023-05-06T02:15:34.376+0000] {processor.py:175} INFO - Processing /home/airflow/.local/lib/python3.7/site-packages/airflow/example_dags/example_kubernetes_executor.py took 0.245 seconds
[2023-05-06T02:16:05.506+0000] {processor.py:153} INFO - Started process (PID=5945) to work on /home/airflow/.local/lib/python3.7/site-packages/airflow/example_dags/example_kubernetes_executor.py
[2023-05-06T02:16:05.509+0000] {processor.py:743} INFO - Processing file /home/airflow/.local/lib/python3.7/site-packages/airflow/example_dags/example_kubernetes_executor.py for tasks to queue
[2023-05-06T02:16:05.511+0000] {logging_mixin.py:137} INFO - [2023-05-06T02:16:05.510+0000] {dagbag.py:532} INFO - Filling up the DagBag from /home/airflow/.local/lib/python3.7/site-packages/airflow/example_dags/example_kubernetes_executor.py
[2023-05-06T02:16:05.578+0000] {processor.py:753} INFO - DAG(s) dict_keys(['example_kubernetes_executor']) retrieved from /home/airflow/.local/lib/python3.7/site-packages/airflow/example_dags/example_kubernetes_executor.py
[2023-05-06T02:16:05.630+0000] {logging_mixin.py:137} INFO - [2023-05-06T02:16:05.630+0000] {dag.py:2705} INFO - Sync 1 DAGs
[2023-05-06T02:16:05.669+0000] {logging_mixin.py:137} INFO - [2023-05-06T02:16:05.668+0000] {dag.py:3456} INFO - Setting next_dagrun for example_kubernetes_executor to None, run_after=None
[2023-05-06T02:16:05.711+0000] {processor.py:175} INFO - Processing /home/airflow/.local/lib/python3.7/site-packages/airflow/example_dags/example_kubernetes_executor.py took 0.214 seconds
[2023-05-06T02:16:38.848+0000] {processor.py:153} INFO - Started process (PID=6004) to work on /home/airflow/.local/lib/python3.7/site-packages/airflow/example_dags/example_kubernetes_executor.py
[2023-05-06T02:16:38.882+0000] {processor.py:743} INFO - Processing file /home/airflow/.local/lib/python3.7/site-packages/airflow/example_dags/example_kubernetes_executor.py for tasks to queue
[2023-05-06T02:16:38.887+0000] {logging_mixin.py:137} INFO - [2023-05-06T02:16:38.886+0000] {dagbag.py:532} INFO - Filling up the DagBag from /home/airflow/.local/lib/python3.7/site-packages/airflow/example_dags/example_kubernetes_executor.py
[2023-05-06T02:16:39.173+0000] {processor.py:753} INFO - DAG(s) dict_keys(['example_kubernetes_executor']) retrieved from /home/airflow/.local/lib/python3.7/site-packages/airflow/example_dags/example_kubernetes_executor.py
[2023-05-06T02:16:39.531+0000] {logging_mixin.py:137} INFO - [2023-05-06T02:16:39.531+0000] {dag.py:2705} INFO - Sync 1 DAGs
[2023-05-06T02:16:39.715+0000] {logging_mixin.py:137} INFO - [2023-05-06T02:16:39.715+0000] {dag.py:3456} INFO - Setting next_dagrun for example_kubernetes_executor to None, run_after=None
[2023-05-06T02:16:39.837+0000] {processor.py:175} INFO - Processing /home/airflow/.local/lib/python3.7/site-packages/airflow/example_dags/example_kubernetes_executor.py took 1.021 seconds
[2023-05-06T02:17:12.084+0000] {processor.py:153} INFO - Started process (PID=6056) to work on /home/airflow/.local/lib/python3.7/site-packages/airflow/example_dags/example_kubernetes_executor.py
[2023-05-06T02:17:12.095+0000] {processor.py:743} INFO - Processing file /home/airflow/.local/lib/python3.7/site-packages/airflow/example_dags/example_kubernetes_executor.py for tasks to queue
[2023-05-06T02:17:12.108+0000] {logging_mixin.py:137} INFO - [2023-05-06T02:17:12.106+0000] {dagbag.py:532} INFO - Filling up the DagBag from /home/airflow/.local/lib/python3.7/site-packages/airflow/example_dags/example_kubernetes_executor.py
[2023-05-06T02:17:12.247+0000] {processor.py:753} INFO - DAG(s) dict_keys(['example_kubernetes_executor']) retrieved from /home/airflow/.local/lib/python3.7/site-packages/airflow/example_dags/example_kubernetes_executor.py
[2023-05-06T02:17:12.412+0000] {logging_mixin.py:137} INFO - [2023-05-06T02:17:12.411+0000] {dag.py:2705} INFO - Sync 1 DAGs
[2023-05-06T02:17:12.541+0000] {logging_mixin.py:137} INFO - [2023-05-06T02:17:12.540+0000] {dag.py:3456} INFO - Setting next_dagrun for example_kubernetes_executor to None, run_after=None
[2023-05-06T02:17:12.630+0000] {processor.py:175} INFO - Processing /home/airflow/.local/lib/python3.7/site-packages/airflow/example_dags/example_kubernetes_executor.py took 0.563 seconds
[2023-05-06T02:19:40.555+0000] {processor.py:153} INFO - Started process (PID=6124) to work on /home/airflow/.local/lib/python3.7/site-packages/airflow/example_dags/example_kubernetes_executor.py
[2023-05-06T02:19:40.978+0000] {processor.py:743} INFO - Processing file /home/airflow/.local/lib/python3.7/site-packages/airflow/example_dags/example_kubernetes_executor.py for tasks to queue
[2023-05-06T02:19:41.305+0000] {logging_mixin.py:137} INFO - [2023-05-06T02:19:41.282+0000] {dagbag.py:532} INFO - Filling up the DagBag from /home/airflow/.local/lib/python3.7/site-packages/airflow/example_dags/example_kubernetes_executor.py
[2023-05-06T02:20:03.340+0000] {processor.py:753} INFO - DAG(s) dict_keys(['example_kubernetes_executor']) retrieved from /home/airflow/.local/lib/python3.7/site-packages/airflow/example_dags/example_kubernetes_executor.py
[2023-05-06T02:20:20.305+0000] {logging_mixin.py:137} INFO - [2023-05-06T02:20:20.287+0000] {dag.py:2705} INFO - Sync 1 DAGs
[2023-05-06T02:20:27.827+0000] {logging_mixin.py:137} INFO - [2023-05-06T02:20:27.826+0000] {dag.py:3456} INFO - Setting next_dagrun for example_kubernetes_executor to None, run_after=None
