[2023-05-06T00:03:46.868+0000] {processor.py:153} INFO - Started process (PID=4260) to work on /home/airflow/.local/lib/python3.7/site-packages/airflow/example_dags/example_sensor_decorator.py
[2023-05-06T00:03:46.872+0000] {processor.py:743} INFO - Processing file /home/airflow/.local/lib/python3.7/site-packages/airflow/example_dags/example_sensor_decorator.py for tasks to queue
[2023-05-06T00:03:46.874+0000] {logging_mixin.py:137} INFO - [2023-05-06T00:03:46.874+0000] {dagbag.py:532} INFO - Filling up the DagBag from /home/airflow/.local/lib/python3.7/site-packages/airflow/example_dags/example_sensor_decorator.py
[2023-05-06T00:03:46.937+0000] {processor.py:753} INFO - DAG(s) dict_keys(['example_sensor_decorator']) retrieved from /home/airflow/.local/lib/python3.7/site-packages/airflow/example_dags/example_sensor_decorator.py
[2023-05-06T00:03:46.989+0000] {logging_mixin.py:137} INFO - [2023-05-06T00:03:46.989+0000] {dag.py:2705} INFO - Sync 1 DAGs
[2023-05-06T00:03:47.039+0000] {logging_mixin.py:137} INFO - [2023-05-06T00:03:47.039+0000] {dag.py:3456} INFO - Setting next_dagrun for example_sensor_decorator to None, run_after=None
[2023-05-06T00:03:47.079+0000] {processor.py:175} INFO - Processing /home/airflow/.local/lib/python3.7/site-packages/airflow/example_dags/example_sensor_decorator.py took 0.218 seconds
[2023-05-06T00:17:27.167+0000] {processor.py:153} INFO - Started process (PID=4311) to work on /home/airflow/.local/lib/python3.7/site-packages/airflow/example_dags/example_sensor_decorator.py
[2023-05-06T00:17:27.171+0000] {processor.py:743} INFO - Processing file /home/airflow/.local/lib/python3.7/site-packages/airflow/example_dags/example_sensor_decorator.py for tasks to queue
[2023-05-06T00:17:27.175+0000] {logging_mixin.py:137} INFO - [2023-05-06T00:17:27.174+0000] {dagbag.py:532} INFO - Filling up the DagBag from /home/airflow/.local/lib/python3.7/site-packages/airflow/example_dags/example_sensor_decorator.py
[2023-05-06T00:17:27.256+0000] {processor.py:753} INFO - DAG(s) dict_keys(['example_sensor_decorator']) retrieved from /home/airflow/.local/lib/python3.7/site-packages/airflow/example_dags/example_sensor_decorator.py
[2023-05-06T00:17:27.382+0000] {logging_mixin.py:137} INFO - [2023-05-06T00:17:27.382+0000] {dag.py:2705} INFO - Sync 1 DAGs
[2023-05-06T00:17:27.474+0000] {logging_mixin.py:137} INFO - [2023-05-06T00:17:27.474+0000] {dag.py:3456} INFO - Setting next_dagrun for example_sensor_decorator to None, run_after=None
[2023-05-06T00:17:27.538+0000] {processor.py:175} INFO - Processing /home/airflow/.local/lib/python3.7/site-packages/airflow/example_dags/example_sensor_decorator.py took 0.376 seconds
[2023-05-06T00:20:34.221+0000] {processor.py:153} INFO - Started process (PID=4363) to work on /home/airflow/.local/lib/python3.7/site-packages/airflow/example_dags/example_sensor_decorator.py
[2023-05-06T00:20:34.226+0000] {processor.py:743} INFO - Processing file /home/airflow/.local/lib/python3.7/site-packages/airflow/example_dags/example_sensor_decorator.py for tasks to queue
[2023-05-06T00:20:34.235+0000] {logging_mixin.py:137} INFO - [2023-05-06T00:20:34.234+0000] {dagbag.py:532} INFO - Filling up the DagBag from /home/airflow/.local/lib/python3.7/site-packages/airflow/example_dags/example_sensor_decorator.py
[2023-05-06T00:20:34.387+0000] {processor.py:753} INFO - DAG(s) dict_keys(['example_sensor_decorator']) retrieved from /home/airflow/.local/lib/python3.7/site-packages/airflow/example_dags/example_sensor_decorator.py
[2023-05-06T00:20:34.492+0000] {logging_mixin.py:137} INFO - [2023-05-06T00:20:34.491+0000] {dag.py:2705} INFO - Sync 1 DAGs
[2023-05-06T00:20:34.609+0000] {logging_mixin.py:137} INFO - [2023-05-06T00:20:34.609+0000] {dag.py:3456} INFO - Setting next_dagrun for example_sensor_decorator to None, run_after=None
[2023-05-06T00:20:34.662+0000] {processor.py:175} INFO - Processing /home/airflow/.local/lib/python3.7/site-packages/airflow/example_dags/example_sensor_decorator.py took 0.465 seconds
[2023-05-06T00:36:22.939+0000] {processor.py:153} INFO - Started process (PID=4423) to work on /home/airflow/.local/lib/python3.7/site-packages/airflow/example_dags/example_sensor_decorator.py
[2023-05-06T00:36:22.946+0000] {processor.py:743} INFO - Processing file /home/airflow/.local/lib/python3.7/site-packages/airflow/example_dags/example_sensor_decorator.py for tasks to queue
[2023-05-06T00:36:22.951+0000] {logging_mixin.py:137} INFO - [2023-05-06T00:36:22.950+0000] {dagbag.py:532} INFO - Filling up the DagBag from /home/airflow/.local/lib/python3.7/site-packages/airflow/example_dags/example_sensor_decorator.py
[2023-05-06T00:36:23.073+0000] {processor.py:753} INFO - DAG(s) dict_keys(['example_sensor_decorator']) retrieved from /home/airflow/.local/lib/python3.7/site-packages/airflow/example_dags/example_sensor_decorator.py
[2023-05-06T00:36:23.268+0000] {logging_mixin.py:137} INFO - [2023-05-06T00:36:23.267+0000] {dag.py:2705} INFO - Sync 1 DAGs
[2023-05-06T00:36:23.399+0000] {logging_mixin.py:137} INFO - [2023-05-06T00:36:23.399+0000] {dag.py:3456} INFO - Setting next_dagrun for example_sensor_decorator to None, run_after=None
[2023-05-06T00:36:23.495+0000] {processor.py:175} INFO - Processing /home/airflow/.local/lib/python3.7/site-packages/airflow/example_dags/example_sensor_decorator.py took 0.588 seconds
[2023-05-06T00:36:55.978+0000] {processor.py:153} INFO - Started process (PID=4475) to work on /home/airflow/.local/lib/python3.7/site-packages/airflow/example_dags/example_sensor_decorator.py
[2023-05-06T00:36:55.996+0000] {processor.py:743} INFO - Processing file /home/airflow/.local/lib/python3.7/site-packages/airflow/example_dags/example_sensor_decorator.py for tasks to queue
[2023-05-06T00:36:56.019+0000] {logging_mixin.py:137} INFO - [2023-05-06T00:36:56.018+0000] {dagbag.py:532} INFO - Filling up the DagBag from /home/airflow/.local/lib/python3.7/site-packages/airflow/example_dags/example_sensor_decorator.py
[2023-05-06T00:36:56.327+0000] {processor.py:753} INFO - DAG(s) dict_keys(['example_sensor_decorator']) retrieved from /home/airflow/.local/lib/python3.7/site-packages/airflow/example_dags/example_sensor_decorator.py
[2023-05-06T00:36:56.624+0000] {logging_mixin.py:137} INFO - [2023-05-06T00:36:56.623+0000] {dag.py:2705} INFO - Sync 1 DAGs
[2023-05-06T00:36:57.097+0000] {logging_mixin.py:137} INFO - [2023-05-06T00:36:57.096+0000] {dag.py:3456} INFO - Setting next_dagrun for example_sensor_decorator to None, run_after=None
[2023-05-06T00:36:57.393+0000] {processor.py:175} INFO - Processing /home/airflow/.local/lib/python3.7/site-packages/airflow/example_dags/example_sensor_decorator.py took 1.463 seconds
[2023-05-06T00:37:46.160+0000] {processor.py:153} INFO - Started process (PID=4515) to work on /home/airflow/.local/lib/python3.7/site-packages/airflow/example_dags/example_sensor_decorator.py
[2023-05-06T00:37:46.233+0000] {processor.py:743} INFO - Processing file /home/airflow/.local/lib/python3.7/site-packages/airflow/example_dags/example_sensor_decorator.py for tasks to queue
[2023-05-06T00:37:46.281+0000] {logging_mixin.py:137} INFO - [2023-05-06T00:37:46.279+0000] {dagbag.py:532} INFO - Filling up the DagBag from /home/airflow/.local/lib/python3.7/site-packages/airflow/example_dags/example_sensor_decorator.py
[2023-05-06T00:37:47.179+0000] {processor.py:753} INFO - DAG(s) dict_keys(['example_sensor_decorator']) retrieved from /home/airflow/.local/lib/python3.7/site-packages/airflow/example_dags/example_sensor_decorator.py
[2023-05-06T00:37:47.727+0000] {logging_mixin.py:137} INFO - [2023-05-06T00:37:47.726+0000] {dag.py:2705} INFO - Sync 1 DAGs
[2023-05-06T00:37:48.411+0000] {logging_mixin.py:137} INFO - [2023-05-06T00:37:48.410+0000] {dag.py:3456} INFO - Setting next_dagrun for example_sensor_decorator to None, run_after=None
[2023-05-06T00:37:48.821+0000] {processor.py:175} INFO - Processing /home/airflow/.local/lib/python3.7/site-packages/airflow/example_dags/example_sensor_decorator.py took 2.750 seconds
[2023-05-06T00:38:33.278+0000] {processor.py:153} INFO - Started process (PID=4567) to work on /home/airflow/.local/lib/python3.7/site-packages/airflow/example_dags/example_sensor_decorator.py
[2023-05-06T00:38:33.324+0000] {processor.py:743} INFO - Processing file /home/airflow/.local/lib/python3.7/site-packages/airflow/example_dags/example_sensor_decorator.py for tasks to queue
[2023-05-06T00:38:33.356+0000] {logging_mixin.py:137} INFO - [2023-05-06T00:38:33.355+0000] {dagbag.py:532} INFO - Filling up the DagBag from /home/airflow/.local/lib/python3.7/site-packages/airflow/example_dags/example_sensor_decorator.py
[2023-05-06T00:38:34.253+0000] {processor.py:753} INFO - DAG(s) dict_keys(['example_sensor_decorator']) retrieved from /home/airflow/.local/lib/python3.7/site-packages/airflow/example_dags/example_sensor_decorator.py
[2023-05-06T00:38:35.470+0000] {logging_mixin.py:137} INFO - [2023-05-06T00:38:35.470+0000] {dag.py:2705} INFO - Sync 1 DAGs
[2023-05-06T00:38:36.194+0000] {logging_mixin.py:137} INFO - [2023-05-06T00:38:36.193+0000] {dag.py:3456} INFO - Setting next_dagrun for example_sensor_decorator to None, run_after=None
[2023-05-06T00:38:36.544+0000] {processor.py:175} INFO - Processing /home/airflow/.local/lib/python3.7/site-packages/airflow/example_dags/example_sensor_decorator.py took 3.802 seconds
[2023-05-06T00:54:36.138+0000] {processor.py:153} INFO - Started process (PID=4622) to work on /home/airflow/.local/lib/python3.7/site-packages/airflow/example_dags/example_sensor_decorator.py
[2023-05-06T00:54:36.147+0000] {processor.py:743} INFO - Processing file /home/airflow/.local/lib/python3.7/site-packages/airflow/example_dags/example_sensor_decorator.py for tasks to queue
[2023-05-06T00:54:36.149+0000] {logging_mixin.py:137} INFO - [2023-05-06T00:54:36.149+0000] {dagbag.py:532} INFO - Filling up the DagBag from /home/airflow/.local/lib/python3.7/site-packages/airflow/example_dags/example_sensor_decorator.py
[2023-05-06T00:54:36.310+0000] {processor.py:753} INFO - DAG(s) dict_keys(['example_sensor_decorator']) retrieved from /home/airflow/.local/lib/python3.7/site-packages/airflow/example_dags/example_sensor_decorator.py
[2023-05-06T00:54:36.479+0000] {logging_mixin.py:137} INFO - [2023-05-06T00:54:36.479+0000] {dag.py:2705} INFO - Sync 1 DAGs
[2023-05-06T00:54:36.616+0000] {logging_mixin.py:137} INFO - [2023-05-06T00:54:36.616+0000] {dag.py:3456} INFO - Setting next_dagrun for example_sensor_decorator to None, run_after=None
[2023-05-06T00:54:36.740+0000] {processor.py:175} INFO - Processing /home/airflow/.local/lib/python3.7/site-packages/airflow/example_dags/example_sensor_decorator.py took 0.631 seconds
[2023-05-06T02:03:37.062+0000] {processor.py:153} INFO - Started process (PID=4680) to work on /home/airflow/.local/lib/python3.7/site-packages/airflow/example_dags/example_sensor_decorator.py
[2023-05-06T02:03:37.064+0000] {processor.py:743} INFO - Processing file /home/airflow/.local/lib/python3.7/site-packages/airflow/example_dags/example_sensor_decorator.py for tasks to queue
[2023-05-06T02:03:37.065+0000] {logging_mixin.py:137} INFO - [2023-05-06T02:03:37.065+0000] {dagbag.py:532} INFO - Filling up the DagBag from /home/airflow/.local/lib/python3.7/site-packages/airflow/example_dags/example_sensor_decorator.py
[2023-05-06T02:03:37.101+0000] {processor.py:753} INFO - DAG(s) dict_keys(['example_sensor_decorator']) retrieved from /home/airflow/.local/lib/python3.7/site-packages/airflow/example_dags/example_sensor_decorator.py
[2023-05-06T02:03:37.143+0000] {logging_mixin.py:137} INFO - [2023-05-06T02:03:37.142+0000] {dag.py:2705} INFO - Sync 1 DAGs
[2023-05-06T02:03:37.182+0000] {logging_mixin.py:137} INFO - [2023-05-06T02:03:37.182+0000] {dag.py:3456} INFO - Setting next_dagrun for example_sensor_decorator to None, run_after=None
[2023-05-06T02:03:37.209+0000] {processor.py:175} INFO - Processing /home/airflow/.local/lib/python3.7/site-packages/airflow/example_dags/example_sensor_decorator.py took 0.155 seconds
[2023-05-06T02:04:08.983+0000] {processor.py:153} INFO - Started process (PID=4730) to work on /home/airflow/.local/lib/python3.7/site-packages/airflow/example_dags/example_sensor_decorator.py
[2023-05-06T02:04:09.004+0000] {processor.py:743} INFO - Processing file /home/airflow/.local/lib/python3.7/site-packages/airflow/example_dags/example_sensor_decorator.py for tasks to queue
[2023-05-06T02:04:09.008+0000] {logging_mixin.py:137} INFO - [2023-05-06T02:04:09.007+0000] {dagbag.py:532} INFO - Filling up the DagBag from /home/airflow/.local/lib/python3.7/site-packages/airflow/example_dags/example_sensor_decorator.py
[2023-05-06T02:04:09.163+0000] {processor.py:753} INFO - DAG(s) dict_keys(['example_sensor_decorator']) retrieved from /home/airflow/.local/lib/python3.7/site-packages/airflow/example_dags/example_sensor_decorator.py
[2023-05-06T02:04:09.307+0000] {logging_mixin.py:137} INFO - [2023-05-06T02:04:09.307+0000] {dag.py:2705} INFO - Sync 1 DAGs
[2023-05-06T02:04:09.481+0000] {logging_mixin.py:137} INFO - [2023-05-06T02:04:09.480+0000] {dag.py:3456} INFO - Setting next_dagrun for example_sensor_decorator to None, run_after=None
[2023-05-06T02:04:09.610+0000] {processor.py:175} INFO - Processing /home/airflow/.local/lib/python3.7/site-packages/airflow/example_dags/example_sensor_decorator.py took 0.640 seconds
[2023-05-06T02:04:39.766+0000] {processor.py:153} INFO - Started process (PID=4782) to work on /home/airflow/.local/lib/python3.7/site-packages/airflow/example_dags/example_sensor_decorator.py
[2023-05-06T02:04:39.769+0000] {processor.py:743} INFO - Processing file /home/airflow/.local/lib/python3.7/site-packages/airflow/example_dags/example_sensor_decorator.py for tasks to queue
[2023-05-06T02:04:39.772+0000] {logging_mixin.py:137} INFO - [2023-05-06T02:04:39.772+0000] {dagbag.py:532} INFO - Filling up the DagBag from /home/airflow/.local/lib/python3.7/site-packages/airflow/example_dags/example_sensor_decorator.py
[2023-05-06T02:04:39.814+0000] {processor.py:753} INFO - DAG(s) dict_keys(['example_sensor_decorator']) retrieved from /home/airflow/.local/lib/python3.7/site-packages/airflow/example_dags/example_sensor_decorator.py
[2023-05-06T02:04:39.856+0000] {logging_mixin.py:137} INFO - [2023-05-06T02:04:39.856+0000] {dag.py:2705} INFO - Sync 1 DAGs
[2023-05-06T02:04:39.895+0000] {logging_mixin.py:137} INFO - [2023-05-06T02:04:39.895+0000] {dag.py:3456} INFO - Setting next_dagrun for example_sensor_decorator to None, run_after=None
[2023-05-06T02:04:39.924+0000] {processor.py:175} INFO - Processing /home/airflow/.local/lib/python3.7/site-packages/airflow/example_dags/example_sensor_decorator.py took 0.167 seconds
[2023-05-06T02:05:10.690+0000] {processor.py:153} INFO - Started process (PID=4832) to work on /home/airflow/.local/lib/python3.7/site-packages/airflow/example_dags/example_sensor_decorator.py
[2023-05-06T02:05:10.692+0000] {processor.py:743} INFO - Processing file /home/airflow/.local/lib/python3.7/site-packages/airflow/example_dags/example_sensor_decorator.py for tasks to queue
[2023-05-06T02:05:10.697+0000] {logging_mixin.py:137} INFO - [2023-05-06T02:05:10.696+0000] {dagbag.py:532} INFO - Filling up the DagBag from /home/airflow/.local/lib/python3.7/site-packages/airflow/example_dags/example_sensor_decorator.py
[2023-05-06T02:05:10.741+0000] {processor.py:753} INFO - DAG(s) dict_keys(['example_sensor_decorator']) retrieved from /home/airflow/.local/lib/python3.7/site-packages/airflow/example_dags/example_sensor_decorator.py
[2023-05-06T02:05:10.785+0000] {logging_mixin.py:137} INFO - [2023-05-06T02:05:10.785+0000] {dag.py:2705} INFO - Sync 1 DAGs
[2023-05-06T02:05:10.834+0000] {logging_mixin.py:137} INFO - [2023-05-06T02:05:10.834+0000] {dag.py:3456} INFO - Setting next_dagrun for example_sensor_decorator to None, run_after=None
[2023-05-06T02:05:10.865+0000] {processor.py:175} INFO - Processing /home/airflow/.local/lib/python3.7/site-packages/airflow/example_dags/example_sensor_decorator.py took 0.183 seconds
[2023-05-06T02:05:41.097+0000] {processor.py:153} INFO - Started process (PID=4884) to work on /home/airflow/.local/lib/python3.7/site-packages/airflow/example_dags/example_sensor_decorator.py
[2023-05-06T02:05:41.099+0000] {processor.py:743} INFO - Processing file /home/airflow/.local/lib/python3.7/site-packages/airflow/example_dags/example_sensor_decorator.py for tasks to queue
[2023-05-06T02:05:41.101+0000] {logging_mixin.py:137} INFO - [2023-05-06T02:05:41.101+0000] {dagbag.py:532} INFO - Filling up the DagBag from /home/airflow/.local/lib/python3.7/site-packages/airflow/example_dags/example_sensor_decorator.py
[2023-05-06T02:05:41.158+0000] {processor.py:753} INFO - DAG(s) dict_keys(['example_sensor_decorator']) retrieved from /home/airflow/.local/lib/python3.7/site-packages/airflow/example_dags/example_sensor_decorator.py
[2023-05-06T02:05:41.211+0000] {logging_mixin.py:137} INFO - [2023-05-06T02:05:41.211+0000] {dag.py:2705} INFO - Sync 1 DAGs
[2023-05-06T02:05:41.260+0000] {logging_mixin.py:137} INFO - [2023-05-06T02:05:41.260+0000] {dag.py:3456} INFO - Setting next_dagrun for example_sensor_decorator to None, run_after=None
[2023-05-06T02:05:41.309+0000] {processor.py:175} INFO - Processing /home/airflow/.local/lib/python3.7/site-packages/airflow/example_dags/example_sensor_decorator.py took 0.218 seconds
[2023-05-06T02:06:11.574+0000] {processor.py:153} INFO - Started process (PID=4936) to work on /home/airflow/.local/lib/python3.7/site-packages/airflow/example_dags/example_sensor_decorator.py
[2023-05-06T02:06:11.576+0000] {processor.py:743} INFO - Processing file /home/airflow/.local/lib/python3.7/site-packages/airflow/example_dags/example_sensor_decorator.py for tasks to queue
[2023-05-06T02:06:11.579+0000] {logging_mixin.py:137} INFO - [2023-05-06T02:06:11.579+0000] {dagbag.py:532} INFO - Filling up the DagBag from /home/airflow/.local/lib/python3.7/site-packages/airflow/example_dags/example_sensor_decorator.py
[2023-05-06T02:06:11.623+0000] {processor.py:753} INFO - DAG(s) dict_keys(['example_sensor_decorator']) retrieved from /home/airflow/.local/lib/python3.7/site-packages/airflow/example_dags/example_sensor_decorator.py
[2023-05-06T02:06:11.664+0000] {logging_mixin.py:137} INFO - [2023-05-06T02:06:11.663+0000] {dag.py:2705} INFO - Sync 1 DAGs
[2023-05-06T02:06:11.719+0000] {logging_mixin.py:137} INFO - [2023-05-06T02:06:11.719+0000] {dag.py:3456} INFO - Setting next_dagrun for example_sensor_decorator to None, run_after=None
[2023-05-06T02:06:11.763+0000] {processor.py:175} INFO - Processing /home/airflow/.local/lib/python3.7/site-packages/airflow/example_dags/example_sensor_decorator.py took 0.197 seconds
[2023-05-06T02:06:42.607+0000] {processor.py:153} INFO - Started process (PID=4988) to work on /home/airflow/.local/lib/python3.7/site-packages/airflow/example_dags/example_sensor_decorator.py
[2023-05-06T02:06:42.610+0000] {processor.py:743} INFO - Processing file /home/airflow/.local/lib/python3.7/site-packages/airflow/example_dags/example_sensor_decorator.py for tasks to queue
[2023-05-06T02:06:42.613+0000] {logging_mixin.py:137} INFO - [2023-05-06T02:06:42.612+0000] {dagbag.py:532} INFO - Filling up the DagBag from /home/airflow/.local/lib/python3.7/site-packages/airflow/example_dags/example_sensor_decorator.py
[2023-05-06T02:06:42.654+0000] {processor.py:753} INFO - DAG(s) dict_keys(['example_sensor_decorator']) retrieved from /home/airflow/.local/lib/python3.7/site-packages/airflow/example_dags/example_sensor_decorator.py
[2023-05-06T02:06:42.700+0000] {logging_mixin.py:137} INFO - [2023-05-06T02:06:42.700+0000] {dag.py:2705} INFO - Sync 1 DAGs
[2023-05-06T02:06:42.748+0000] {logging_mixin.py:137} INFO - [2023-05-06T02:06:42.748+0000] {dag.py:3456} INFO - Setting next_dagrun for example_sensor_decorator to None, run_after=None
[2023-05-06T02:06:42.789+0000] {processor.py:175} INFO - Processing /home/airflow/.local/lib/python3.7/site-packages/airflow/example_dags/example_sensor_decorator.py took 0.191 seconds
[2023-05-06T02:07:13.029+0000] {processor.py:153} INFO - Started process (PID=5040) to work on /home/airflow/.local/lib/python3.7/site-packages/airflow/example_dags/example_sensor_decorator.py
[2023-05-06T02:07:13.031+0000] {processor.py:743} INFO - Processing file /home/airflow/.local/lib/python3.7/site-packages/airflow/example_dags/example_sensor_decorator.py for tasks to queue
[2023-05-06T02:07:13.034+0000] {logging_mixin.py:137} INFO - [2023-05-06T02:07:13.034+0000] {dagbag.py:532} INFO - Filling up the DagBag from /home/airflow/.local/lib/python3.7/site-packages/airflow/example_dags/example_sensor_decorator.py
[2023-05-06T02:07:13.115+0000] {processor.py:753} INFO - DAG(s) dict_keys(['example_sensor_decorator']) retrieved from /home/airflow/.local/lib/python3.7/site-packages/airflow/example_dags/example_sensor_decorator.py
[2023-05-06T02:07:13.192+0000] {logging_mixin.py:137} INFO - [2023-05-06T02:07:13.192+0000] {dag.py:2705} INFO - Sync 1 DAGs
[2023-05-06T02:07:13.264+0000] {logging_mixin.py:137} INFO - [2023-05-06T02:07:13.264+0000] {dag.py:3456} INFO - Setting next_dagrun for example_sensor_decorator to None, run_after=None
[2023-05-06T02:07:13.320+0000] {processor.py:175} INFO - Processing /home/airflow/.local/lib/python3.7/site-packages/airflow/example_dags/example_sensor_decorator.py took 0.296 seconds
[2023-05-06T02:07:43.523+0000] {processor.py:153} INFO - Started process (PID=5091) to work on /home/airflow/.local/lib/python3.7/site-packages/airflow/example_dags/example_sensor_decorator.py
[2023-05-06T02:07:43.526+0000] {processor.py:743} INFO - Processing file /home/airflow/.local/lib/python3.7/site-packages/airflow/example_dags/example_sensor_decorator.py for tasks to queue
[2023-05-06T02:07:43.529+0000] {logging_mixin.py:137} INFO - [2023-05-06T02:07:43.528+0000] {dagbag.py:532} INFO - Filling up the DagBag from /home/airflow/.local/lib/python3.7/site-packages/airflow/example_dags/example_sensor_decorator.py
[2023-05-06T02:07:43.568+0000] {processor.py:753} INFO - DAG(s) dict_keys(['example_sensor_decorator']) retrieved from /home/airflow/.local/lib/python3.7/site-packages/airflow/example_dags/example_sensor_decorator.py
[2023-05-06T02:07:43.611+0000] {logging_mixin.py:137} INFO - [2023-05-06T02:07:43.610+0000] {dag.py:2705} INFO - Sync 1 DAGs
[2023-05-06T02:07:43.653+0000] {logging_mixin.py:137} INFO - [2023-05-06T02:07:43.653+0000] {dag.py:3456} INFO - Setting next_dagrun for example_sensor_decorator to None, run_after=None
[2023-05-06T02:07:43.684+0000] {processor.py:175} INFO - Processing /home/airflow/.local/lib/python3.7/site-packages/airflow/example_dags/example_sensor_decorator.py took 0.169 seconds
[2023-05-06T02:08:14.390+0000] {processor.py:153} INFO - Started process (PID=5142) to work on /home/airflow/.local/lib/python3.7/site-packages/airflow/example_dags/example_sensor_decorator.py
[2023-05-06T02:08:14.392+0000] {processor.py:743} INFO - Processing file /home/airflow/.local/lib/python3.7/site-packages/airflow/example_dags/example_sensor_decorator.py for tasks to queue
[2023-05-06T02:08:14.395+0000] {logging_mixin.py:137} INFO - [2023-05-06T02:08:14.395+0000] {dagbag.py:532} INFO - Filling up the DagBag from /home/airflow/.local/lib/python3.7/site-packages/airflow/example_dags/example_sensor_decorator.py
[2023-05-06T02:08:14.438+0000] {processor.py:753} INFO - DAG(s) dict_keys(['example_sensor_decorator']) retrieved from /home/airflow/.local/lib/python3.7/site-packages/airflow/example_dags/example_sensor_decorator.py
[2023-05-06T02:08:14.479+0000] {logging_mixin.py:137} INFO - [2023-05-06T02:08:14.479+0000] {dag.py:2705} INFO - Sync 1 DAGs
[2023-05-06T02:08:14.529+0000] {logging_mixin.py:137} INFO - [2023-05-06T02:08:14.529+0000] {dag.py:3456} INFO - Setting next_dagrun for example_sensor_decorator to None, run_after=None
[2023-05-06T02:08:14.588+0000] {processor.py:175} INFO - Processing /home/airflow/.local/lib/python3.7/site-packages/airflow/example_dags/example_sensor_decorator.py took 0.204 seconds
[2023-05-06T02:08:44.692+0000] {processor.py:153} INFO - Started process (PID=5194) to work on /home/airflow/.local/lib/python3.7/site-packages/airflow/example_dags/example_sensor_decorator.py
[2023-05-06T02:08:44.694+0000] {processor.py:743} INFO - Processing file /home/airflow/.local/lib/python3.7/site-packages/airflow/example_dags/example_sensor_decorator.py for tasks to queue
[2023-05-06T02:08:44.700+0000] {logging_mixin.py:137} INFO - [2023-05-06T02:08:44.699+0000] {dagbag.py:532} INFO - Filling up the DagBag from /home/airflow/.local/lib/python3.7/site-packages/airflow/example_dags/example_sensor_decorator.py
[2023-05-06T02:08:44.751+0000] {processor.py:753} INFO - DAG(s) dict_keys(['example_sensor_decorator']) retrieved from /home/airflow/.local/lib/python3.7/site-packages/airflow/example_dags/example_sensor_decorator.py
[2023-05-06T02:08:44.834+0000] {logging_mixin.py:137} INFO - [2023-05-06T02:08:44.833+0000] {dag.py:2705} INFO - Sync 1 DAGs
[2023-05-06T02:08:44.928+0000] {logging_mixin.py:137} INFO - [2023-05-06T02:08:44.926+0000] {dag.py:3456} INFO - Setting next_dagrun for example_sensor_decorator to None, run_after=None
[2023-05-06T02:08:45.046+0000] {processor.py:175} INFO - Processing /home/airflow/.local/lib/python3.7/site-packages/airflow/example_dags/example_sensor_decorator.py took 0.367 seconds
[2023-05-06T02:09:15.879+0000] {processor.py:153} INFO - Started process (PID=5246) to work on /home/airflow/.local/lib/python3.7/site-packages/airflow/example_dags/example_sensor_decorator.py
[2023-05-06T02:09:15.889+0000] {processor.py:743} INFO - Processing file /home/airflow/.local/lib/python3.7/site-packages/airflow/example_dags/example_sensor_decorator.py for tasks to queue
[2023-05-06T02:09:15.894+0000] {logging_mixin.py:137} INFO - [2023-05-06T02:09:15.893+0000] {dagbag.py:532} INFO - Filling up the DagBag from /home/airflow/.local/lib/python3.7/site-packages/airflow/example_dags/example_sensor_decorator.py
[2023-05-06T02:09:15.990+0000] {processor.py:753} INFO - DAG(s) dict_keys(['example_sensor_decorator']) retrieved from /home/airflow/.local/lib/python3.7/site-packages/airflow/example_dags/example_sensor_decorator.py
[2023-05-06T02:09:16.032+0000] {logging_mixin.py:137} INFO - [2023-05-06T02:09:16.032+0000] {dag.py:2705} INFO - Sync 1 DAGs
[2023-05-06T02:09:16.146+0000] {logging_mixin.py:137} INFO - [2023-05-06T02:09:16.146+0000] {dag.py:3456} INFO - Setting next_dagrun for example_sensor_decorator to None, run_after=None
[2023-05-06T02:09:16.211+0000] {processor.py:175} INFO - Processing /home/airflow/.local/lib/python3.7/site-packages/airflow/example_dags/example_sensor_decorator.py took 0.346 seconds
[2023-05-06T02:09:46.453+0000] {processor.py:153} INFO - Started process (PID=5299) to work on /home/airflow/.local/lib/python3.7/site-packages/airflow/example_dags/example_sensor_decorator.py
[2023-05-06T02:09:46.457+0000] {processor.py:743} INFO - Processing file /home/airflow/.local/lib/python3.7/site-packages/airflow/example_dags/example_sensor_decorator.py for tasks to queue
[2023-05-06T02:09:46.459+0000] {logging_mixin.py:137} INFO - [2023-05-06T02:09:46.459+0000] {dagbag.py:532} INFO - Filling up the DagBag from /home/airflow/.local/lib/python3.7/site-packages/airflow/example_dags/example_sensor_decorator.py
[2023-05-06T02:09:46.533+0000] {processor.py:753} INFO - DAG(s) dict_keys(['example_sensor_decorator']) retrieved from /home/airflow/.local/lib/python3.7/site-packages/airflow/example_dags/example_sensor_decorator.py
[2023-05-06T02:09:46.599+0000] {logging_mixin.py:137} INFO - [2023-05-06T02:09:46.599+0000] {dag.py:2705} INFO - Sync 1 DAGs
[2023-05-06T02:09:46.637+0000] {logging_mixin.py:137} INFO - [2023-05-06T02:09:46.637+0000] {dag.py:3456} INFO - Setting next_dagrun for example_sensor_decorator to None, run_after=None
[2023-05-06T02:09:46.670+0000] {processor.py:175} INFO - Processing /home/airflow/.local/lib/python3.7/site-packages/airflow/example_dags/example_sensor_decorator.py took 0.235 seconds
[2023-05-06T02:10:16.720+0000] {processor.py:153} INFO - Started process (PID=5349) to work on /home/airflow/.local/lib/python3.7/site-packages/airflow/example_dags/example_sensor_decorator.py
[2023-05-06T02:10:16.723+0000] {processor.py:743} INFO - Processing file /home/airflow/.local/lib/python3.7/site-packages/airflow/example_dags/example_sensor_decorator.py for tasks to queue
[2023-05-06T02:10:16.725+0000] {logging_mixin.py:137} INFO - [2023-05-06T02:10:16.725+0000] {dagbag.py:532} INFO - Filling up the DagBag from /home/airflow/.local/lib/python3.7/site-packages/airflow/example_dags/example_sensor_decorator.py
[2023-05-06T02:10:16.763+0000] {processor.py:753} INFO - DAG(s) dict_keys(['example_sensor_decorator']) retrieved from /home/airflow/.local/lib/python3.7/site-packages/airflow/example_dags/example_sensor_decorator.py
[2023-05-06T02:10:16.803+0000] {logging_mixin.py:137} INFO - [2023-05-06T02:10:16.803+0000] {dag.py:2705} INFO - Sync 1 DAGs
[2023-05-06T02:10:16.838+0000] {logging_mixin.py:137} INFO - [2023-05-06T02:10:16.838+0000] {dag.py:3456} INFO - Setting next_dagrun for example_sensor_decorator to None, run_after=None
[2023-05-06T02:10:16.867+0000] {processor.py:175} INFO - Processing /home/airflow/.local/lib/python3.7/site-packages/airflow/example_dags/example_sensor_decorator.py took 0.152 seconds
[2023-05-06T02:10:47.566+0000] {processor.py:153} INFO - Started process (PID=5402) to work on /home/airflow/.local/lib/python3.7/site-packages/airflow/example_dags/example_sensor_decorator.py
[2023-05-06T02:10:47.569+0000] {processor.py:743} INFO - Processing file /home/airflow/.local/lib/python3.7/site-packages/airflow/example_dags/example_sensor_decorator.py for tasks to queue
[2023-05-06T02:10:47.571+0000] {logging_mixin.py:137} INFO - [2023-05-06T02:10:47.571+0000] {dagbag.py:532} INFO - Filling up the DagBag from /home/airflow/.local/lib/python3.7/site-packages/airflow/example_dags/example_sensor_decorator.py
[2023-05-06T02:10:47.634+0000] {processor.py:753} INFO - DAG(s) dict_keys(['example_sensor_decorator']) retrieved from /home/airflow/.local/lib/python3.7/site-packages/airflow/example_dags/example_sensor_decorator.py
[2023-05-06T02:10:47.702+0000] {logging_mixin.py:137} INFO - [2023-05-06T02:10:47.702+0000] {dag.py:2705} INFO - Sync 1 DAGs
[2023-05-06T02:10:47.772+0000] {logging_mixin.py:137} INFO - [2023-05-06T02:10:47.772+0000] {dag.py:3456} INFO - Setting next_dagrun for example_sensor_decorator to None, run_after=None
[2023-05-06T02:10:47.821+0000] {processor.py:175} INFO - Processing /home/airflow/.local/lib/python3.7/site-packages/airflow/example_dags/example_sensor_decorator.py took 0.262 seconds
[2023-05-06T02:11:18.394+0000] {processor.py:153} INFO - Started process (PID=5454) to work on /home/airflow/.local/lib/python3.7/site-packages/airflow/example_dags/example_sensor_decorator.py
[2023-05-06T02:11:18.398+0000] {processor.py:743} INFO - Processing file /home/airflow/.local/lib/python3.7/site-packages/airflow/example_dags/example_sensor_decorator.py for tasks to queue
[2023-05-06T02:11:18.400+0000] {logging_mixin.py:137} INFO - [2023-05-06T02:11:18.400+0000] {dagbag.py:532} INFO - Filling up the DagBag from /home/airflow/.local/lib/python3.7/site-packages/airflow/example_dags/example_sensor_decorator.py
[2023-05-06T02:11:18.474+0000] {processor.py:753} INFO - DAG(s) dict_keys(['example_sensor_decorator']) retrieved from /home/airflow/.local/lib/python3.7/site-packages/airflow/example_dags/example_sensor_decorator.py
[2023-05-06T02:11:18.542+0000] {logging_mixin.py:137} INFO - [2023-05-06T02:11:18.542+0000] {dag.py:2705} INFO - Sync 1 DAGs
[2023-05-06T02:11:18.616+0000] {logging_mixin.py:137} INFO - [2023-05-06T02:11:18.616+0000] {dag.py:3456} INFO - Setting next_dagrun for example_sensor_decorator to None, run_after=None
[2023-05-06T02:11:18.676+0000] {processor.py:175} INFO - Processing /home/airflow/.local/lib/python3.7/site-packages/airflow/example_dags/example_sensor_decorator.py took 0.297 seconds
[2023-05-06T02:11:49.415+0000] {processor.py:153} INFO - Started process (PID=5506) to work on /home/airflow/.local/lib/python3.7/site-packages/airflow/example_dags/example_sensor_decorator.py
[2023-05-06T02:11:49.419+0000] {processor.py:743} INFO - Processing file /home/airflow/.local/lib/python3.7/site-packages/airflow/example_dags/example_sensor_decorator.py for tasks to queue
[2023-05-06T02:11:49.422+0000] {logging_mixin.py:137} INFO - [2023-05-06T02:11:49.421+0000] {dagbag.py:532} INFO - Filling up the DagBag from /home/airflow/.local/lib/python3.7/site-packages/airflow/example_dags/example_sensor_decorator.py
[2023-05-06T02:11:49.511+0000] {processor.py:753} INFO - DAG(s) dict_keys(['example_sensor_decorator']) retrieved from /home/airflow/.local/lib/python3.7/site-packages/airflow/example_dags/example_sensor_decorator.py
[2023-05-06T02:11:49.563+0000] {logging_mixin.py:137} INFO - [2023-05-06T02:11:49.562+0000] {dag.py:2705} INFO - Sync 1 DAGs
[2023-05-06T02:11:49.610+0000] {logging_mixin.py:137} INFO - [2023-05-06T02:11:49.610+0000] {dag.py:3456} INFO - Setting next_dagrun for example_sensor_decorator to None, run_after=None
[2023-05-06T02:11:49.646+0000] {processor.py:175} INFO - Processing /home/airflow/.local/lib/python3.7/site-packages/airflow/example_dags/example_sensor_decorator.py took 0.248 seconds
[2023-05-06T02:12:20.291+0000] {processor.py:153} INFO - Started process (PID=5557) to work on /home/airflow/.local/lib/python3.7/site-packages/airflow/example_dags/example_sensor_decorator.py
[2023-05-06T02:12:20.296+0000] {processor.py:743} INFO - Processing file /home/airflow/.local/lib/python3.7/site-packages/airflow/example_dags/example_sensor_decorator.py for tasks to queue
[2023-05-06T02:12:20.300+0000] {logging_mixin.py:137} INFO - [2023-05-06T02:12:20.300+0000] {dagbag.py:532} INFO - Filling up the DagBag from /home/airflow/.local/lib/python3.7/site-packages/airflow/example_dags/example_sensor_decorator.py
[2023-05-06T02:12:20.348+0000] {processor.py:753} INFO - DAG(s) dict_keys(['example_sensor_decorator']) retrieved from /home/airflow/.local/lib/python3.7/site-packages/airflow/example_dags/example_sensor_decorator.py
[2023-05-06T02:12:20.398+0000] {logging_mixin.py:137} INFO - [2023-05-06T02:12:20.398+0000] {dag.py:2705} INFO - Sync 1 DAGs
[2023-05-06T02:12:20.436+0000] {logging_mixin.py:137} INFO - [2023-05-06T02:12:20.436+0000] {dag.py:3456} INFO - Setting next_dagrun for example_sensor_decorator to None, run_after=None
[2023-05-06T02:12:20.468+0000] {processor.py:175} INFO - Processing /home/airflow/.local/lib/python3.7/site-packages/airflow/example_dags/example_sensor_decorator.py took 0.197 seconds
[2023-05-06T02:12:50.635+0000] {processor.py:153} INFO - Started process (PID=5609) to work on /home/airflow/.local/lib/python3.7/site-packages/airflow/example_dags/example_sensor_decorator.py
[2023-05-06T02:12:50.638+0000] {processor.py:743} INFO - Processing file /home/airflow/.local/lib/python3.7/site-packages/airflow/example_dags/example_sensor_decorator.py for tasks to queue
[2023-05-06T02:12:50.642+0000] {logging_mixin.py:137} INFO - [2023-05-06T02:12:50.641+0000] {dagbag.py:532} INFO - Filling up the DagBag from /home/airflow/.local/lib/python3.7/site-packages/airflow/example_dags/example_sensor_decorator.py
[2023-05-06T02:12:50.691+0000] {processor.py:753} INFO - DAG(s) dict_keys(['example_sensor_decorator']) retrieved from /home/airflow/.local/lib/python3.7/site-packages/airflow/example_dags/example_sensor_decorator.py
[2023-05-06T02:12:50.731+0000] {logging_mixin.py:137} INFO - [2023-05-06T02:12:50.731+0000] {dag.py:2705} INFO - Sync 1 DAGs
[2023-05-06T02:12:50.768+0000] {logging_mixin.py:137} INFO - [2023-05-06T02:12:50.768+0000] {dag.py:3456} INFO - Setting next_dagrun for example_sensor_decorator to None, run_after=None
[2023-05-06T02:12:50.798+0000] {processor.py:175} INFO - Processing /home/airflow/.local/lib/python3.7/site-packages/airflow/example_dags/example_sensor_decorator.py took 0.175 seconds
[2023-05-06T02:13:21.535+0000] {processor.py:153} INFO - Started process (PID=5661) to work on /home/airflow/.local/lib/python3.7/site-packages/airflow/example_dags/example_sensor_decorator.py
[2023-05-06T02:13:21.540+0000] {processor.py:743} INFO - Processing file /home/airflow/.local/lib/python3.7/site-packages/airflow/example_dags/example_sensor_decorator.py for tasks to queue
[2023-05-06T02:13:21.544+0000] {logging_mixin.py:137} INFO - [2023-05-06T02:13:21.544+0000] {dagbag.py:532} INFO - Filling up the DagBag from /home/airflow/.local/lib/python3.7/site-packages/airflow/example_dags/example_sensor_decorator.py
[2023-05-06T02:13:21.595+0000] {processor.py:753} INFO - DAG(s) dict_keys(['example_sensor_decorator']) retrieved from /home/airflow/.local/lib/python3.7/site-packages/airflow/example_dags/example_sensor_decorator.py
[2023-05-06T02:13:21.651+0000] {logging_mixin.py:137} INFO - [2023-05-06T02:13:21.651+0000] {dag.py:2705} INFO - Sync 1 DAGs
[2023-05-06T02:13:21.705+0000] {logging_mixin.py:137} INFO - [2023-05-06T02:13:21.705+0000] {dag.py:3456} INFO - Setting next_dagrun for example_sensor_decorator to None, run_after=None
[2023-05-06T02:13:21.761+0000] {processor.py:175} INFO - Processing /home/airflow/.local/lib/python3.7/site-packages/airflow/example_dags/example_sensor_decorator.py took 0.232 seconds
[2023-05-06T02:13:51.927+0000] {processor.py:153} INFO - Started process (PID=5713) to work on /home/airflow/.local/lib/python3.7/site-packages/airflow/example_dags/example_sensor_decorator.py
[2023-05-06T02:13:51.929+0000] {processor.py:743} INFO - Processing file /home/airflow/.local/lib/python3.7/site-packages/airflow/example_dags/example_sensor_decorator.py for tasks to queue
[2023-05-06T02:13:51.932+0000] {logging_mixin.py:137} INFO - [2023-05-06T02:13:51.932+0000] {dagbag.py:532} INFO - Filling up the DagBag from /home/airflow/.local/lib/python3.7/site-packages/airflow/example_dags/example_sensor_decorator.py
[2023-05-06T02:13:51.975+0000] {processor.py:753} INFO - DAG(s) dict_keys(['example_sensor_decorator']) retrieved from /home/airflow/.local/lib/python3.7/site-packages/airflow/example_dags/example_sensor_decorator.py
[2023-05-06T02:13:52.024+0000] {logging_mixin.py:137} INFO - [2023-05-06T02:13:52.024+0000] {dag.py:2705} INFO - Sync 1 DAGs
[2023-05-06T02:13:52.065+0000] {logging_mixin.py:137} INFO - [2023-05-06T02:13:52.065+0000] {dag.py:3456} INFO - Setting next_dagrun for example_sensor_decorator to None, run_after=None
[2023-05-06T02:13:52.107+0000] {processor.py:175} INFO - Processing /home/airflow/.local/lib/python3.7/site-packages/airflow/example_dags/example_sensor_decorator.py took 0.192 seconds
[2023-05-06T02:14:22.832+0000] {processor.py:153} INFO - Started process (PID=5765) to work on /home/airflow/.local/lib/python3.7/site-packages/airflow/example_dags/example_sensor_decorator.py
[2023-05-06T02:14:22.834+0000] {processor.py:743} INFO - Processing file /home/airflow/.local/lib/python3.7/site-packages/airflow/example_dags/example_sensor_decorator.py for tasks to queue
[2023-05-06T02:14:22.837+0000] {logging_mixin.py:137} INFO - [2023-05-06T02:14:22.837+0000] {dagbag.py:532} INFO - Filling up the DagBag from /home/airflow/.local/lib/python3.7/site-packages/airflow/example_dags/example_sensor_decorator.py
[2023-05-06T02:14:22.895+0000] {processor.py:753} INFO - DAG(s) dict_keys(['example_sensor_decorator']) retrieved from /home/airflow/.local/lib/python3.7/site-packages/airflow/example_dags/example_sensor_decorator.py
[2023-05-06T02:14:22.947+0000] {logging_mixin.py:137} INFO - [2023-05-06T02:14:22.947+0000] {dag.py:2705} INFO - Sync 1 DAGs
[2023-05-06T02:14:22.990+0000] {logging_mixin.py:137} INFO - [2023-05-06T02:14:22.990+0000] {dag.py:3456} INFO - Setting next_dagrun for example_sensor_decorator to None, run_after=None
[2023-05-06T02:14:23.038+0000] {processor.py:175} INFO - Processing /home/airflow/.local/lib/python3.7/site-packages/airflow/example_dags/example_sensor_decorator.py took 0.218 seconds
[2023-05-06T02:14:53.304+0000] {processor.py:153} INFO - Started process (PID=5817) to work on /home/airflow/.local/lib/python3.7/site-packages/airflow/example_dags/example_sensor_decorator.py
[2023-05-06T02:14:53.309+0000] {processor.py:743} INFO - Processing file /home/airflow/.local/lib/python3.7/site-packages/airflow/example_dags/example_sensor_decorator.py for tasks to queue
[2023-05-06T02:14:53.321+0000] {logging_mixin.py:137} INFO - [2023-05-06T02:14:53.321+0000] {dagbag.py:532} INFO - Filling up the DagBag from /home/airflow/.local/lib/python3.7/site-packages/airflow/example_dags/example_sensor_decorator.py
[2023-05-06T02:14:53.435+0000] {processor.py:753} INFO - DAG(s) dict_keys(['example_sensor_decorator']) retrieved from /home/airflow/.local/lib/python3.7/site-packages/airflow/example_dags/example_sensor_decorator.py
[2023-05-06T02:14:53.548+0000] {logging_mixin.py:137} INFO - [2023-05-06T02:14:53.548+0000] {dag.py:2705} INFO - Sync 1 DAGs
[2023-05-06T02:14:53.643+0000] {logging_mixin.py:137} INFO - [2023-05-06T02:14:53.643+0000] {dag.py:3456} INFO - Setting next_dagrun for example_sensor_decorator to None, run_after=None
[2023-05-06T02:14:53.700+0000] {processor.py:175} INFO - Processing /home/airflow/.local/lib/python3.7/site-packages/airflow/example_dags/example_sensor_decorator.py took 0.427 seconds
[2023-05-06T02:15:24.199+0000] {processor.py:153} INFO - Started process (PID=5869) to work on /home/airflow/.local/lib/python3.7/site-packages/airflow/example_dags/example_sensor_decorator.py
[2023-05-06T02:15:24.203+0000] {processor.py:743} INFO - Processing file /home/airflow/.local/lib/python3.7/site-packages/airflow/example_dags/example_sensor_decorator.py for tasks to queue
[2023-05-06T02:15:24.209+0000] {logging_mixin.py:137} INFO - [2023-05-06T02:15:24.208+0000] {dagbag.py:532} INFO - Filling up the DagBag from /home/airflow/.local/lib/python3.7/site-packages/airflow/example_dags/example_sensor_decorator.py
[2023-05-06T02:15:24.271+0000] {processor.py:753} INFO - DAG(s) dict_keys(['example_sensor_decorator']) retrieved from /home/airflow/.local/lib/python3.7/site-packages/airflow/example_dags/example_sensor_decorator.py
[2023-05-06T02:15:24.355+0000] {logging_mixin.py:137} INFO - [2023-05-06T02:15:24.354+0000] {dag.py:2705} INFO - Sync 1 DAGs
[2023-05-06T02:15:24.433+0000] {logging_mixin.py:137} INFO - [2023-05-06T02:15:24.432+0000] {dag.py:3456} INFO - Setting next_dagrun for example_sensor_decorator to None, run_after=None
[2023-05-06T02:15:24.555+0000] {processor.py:175} INFO - Processing /home/airflow/.local/lib/python3.7/site-packages/airflow/example_dags/example_sensor_decorator.py took 0.379 seconds
[2023-05-06T02:15:54.747+0000] {processor.py:153} INFO - Started process (PID=5921) to work on /home/airflow/.local/lib/python3.7/site-packages/airflow/example_dags/example_sensor_decorator.py
[2023-05-06T02:15:54.762+0000] {processor.py:743} INFO - Processing file /home/airflow/.local/lib/python3.7/site-packages/airflow/example_dags/example_sensor_decorator.py for tasks to queue
[2023-05-06T02:15:54.767+0000] {logging_mixin.py:137} INFO - [2023-05-06T02:15:54.766+0000] {dagbag.py:532} INFO - Filling up the DagBag from /home/airflow/.local/lib/python3.7/site-packages/airflow/example_dags/example_sensor_decorator.py
[2023-05-06T02:15:54.882+0000] {processor.py:753} INFO - DAG(s) dict_keys(['example_sensor_decorator']) retrieved from /home/airflow/.local/lib/python3.7/site-packages/airflow/example_dags/example_sensor_decorator.py
[2023-05-06T02:15:55.035+0000] {logging_mixin.py:137} INFO - [2023-05-06T02:15:55.035+0000] {dag.py:2705} INFO - Sync 1 DAGs
[2023-05-06T02:15:55.122+0000] {logging_mixin.py:137} INFO - [2023-05-06T02:15:55.121+0000] {dag.py:3456} INFO - Setting next_dagrun for example_sensor_decorator to None, run_after=None
[2023-05-06T02:15:55.169+0000] {processor.py:175} INFO - Processing /home/airflow/.local/lib/python3.7/site-packages/airflow/example_dags/example_sensor_decorator.py took 0.436 seconds
[2023-05-06T02:16:25.353+0000] {processor.py:153} INFO - Started process (PID=5973) to work on /home/airflow/.local/lib/python3.7/site-packages/airflow/example_dags/example_sensor_decorator.py
[2023-05-06T02:16:25.358+0000] {processor.py:743} INFO - Processing file /home/airflow/.local/lib/python3.7/site-packages/airflow/example_dags/example_sensor_decorator.py for tasks to queue
[2023-05-06T02:16:25.361+0000] {logging_mixin.py:137} INFO - [2023-05-06T02:16:25.361+0000] {dagbag.py:532} INFO - Filling up the DagBag from /home/airflow/.local/lib/python3.7/site-packages/airflow/example_dags/example_sensor_decorator.py
[2023-05-06T02:16:25.416+0000] {processor.py:753} INFO - DAG(s) dict_keys(['example_sensor_decorator']) retrieved from /home/airflow/.local/lib/python3.7/site-packages/airflow/example_dags/example_sensor_decorator.py
[2023-05-06T02:16:25.535+0000] {logging_mixin.py:137} INFO - [2023-05-06T02:16:25.535+0000] {dag.py:2705} INFO - Sync 1 DAGs
[2023-05-06T02:16:25.662+0000] {logging_mixin.py:137} INFO - [2023-05-06T02:16:25.662+0000] {dag.py:3456} INFO - Setting next_dagrun for example_sensor_decorator to None, run_after=None
[2023-05-06T02:16:25.775+0000] {processor.py:175} INFO - Processing /home/airflow/.local/lib/python3.7/site-packages/airflow/example_dags/example_sensor_decorator.py took 0.446 seconds
[2023-05-06T02:16:56.623+0000] {processor.py:153} INFO - Started process (PID=6025) to work on /home/airflow/.local/lib/python3.7/site-packages/airflow/example_dags/example_sensor_decorator.py
[2023-05-06T02:16:56.630+0000] {processor.py:743} INFO - Processing file /home/airflow/.local/lib/python3.7/site-packages/airflow/example_dags/example_sensor_decorator.py for tasks to queue
[2023-05-06T02:16:56.641+0000] {logging_mixin.py:137} INFO - [2023-05-06T02:16:56.640+0000] {dagbag.py:532} INFO - Filling up the DagBag from /home/airflow/.local/lib/python3.7/site-packages/airflow/example_dags/example_sensor_decorator.py
[2023-05-06T02:16:56.834+0000] {processor.py:753} INFO - DAG(s) dict_keys(['example_sensor_decorator']) retrieved from /home/airflow/.local/lib/python3.7/site-packages/airflow/example_dags/example_sensor_decorator.py
[2023-05-06T02:16:56.967+0000] {logging_mixin.py:137} INFO - [2023-05-06T02:16:56.967+0000] {dag.py:2705} INFO - Sync 1 DAGs
[2023-05-06T02:16:57.064+0000] {logging_mixin.py:137} INFO - [2023-05-06T02:16:57.064+0000] {dag.py:3456} INFO - Setting next_dagrun for example_sensor_decorator to None, run_after=None
[2023-05-06T02:16:57.202+0000] {processor.py:175} INFO - Processing /home/airflow/.local/lib/python3.7/site-packages/airflow/example_dags/example_sensor_decorator.py took 0.601 seconds
[2023-05-06T02:17:32.552+0000] {processor.py:153} INFO - Started process (PID=6077) to work on /home/airflow/.local/lib/python3.7/site-packages/airflow/example_dags/example_sensor_decorator.py
[2023-05-06T02:17:32.564+0000] {processor.py:743} INFO - Processing file /home/airflow/.local/lib/python3.7/site-packages/airflow/example_dags/example_sensor_decorator.py for tasks to queue
[2023-05-06T02:17:32.603+0000] {logging_mixin.py:137} INFO - [2023-05-06T02:17:32.602+0000] {dagbag.py:532} INFO - Filling up the DagBag from /home/airflow/.local/lib/python3.7/site-packages/airflow/example_dags/example_sensor_decorator.py
[2023-05-06T02:17:33.350+0000] {processor.py:753} INFO - DAG(s) dict_keys(['example_sensor_decorator']) retrieved from /home/airflow/.local/lib/python3.7/site-packages/airflow/example_dags/example_sensor_decorator.py
[2023-05-06T02:17:33.642+0000] {logging_mixin.py:137} INFO - [2023-05-06T02:17:33.641+0000] {dag.py:2705} INFO - Sync 1 DAGs
[2023-05-06T02:17:33.964+0000] {logging_mixin.py:137} INFO - [2023-05-06T02:17:33.963+0000] {dag.py:3456} INFO - Setting next_dagrun for example_sensor_decorator to None, run_after=None
[2023-05-06T02:17:34.138+0000] {processor.py:175} INFO - Processing /home/airflow/.local/lib/python3.7/site-packages/airflow/example_dags/example_sensor_decorator.py took 1.703 seconds
