[2023-05-06T00:03:50.023+0000] {processor.py:153} INFO - Started process (PID=4283) to work on /home/airflow/.local/lib/python3.7/site-packages/airflow/example_dags/tutorial_dag.py
[2023-05-06T00:03:50.025+0000] {processor.py:743} INFO - Processing file /home/airflow/.local/lib/python3.7/site-packages/airflow/example_dags/tutorial_dag.py for tasks to queue
[2023-05-06T00:03:50.027+0000] {logging_mixin.py:137} INFO - [2023-05-06T00:03:50.026+0000] {dagbag.py:532} INFO - Filling up the DagBag from /home/airflow/.local/lib/python3.7/site-packages/airflow/example_dags/tutorial_dag.py
[2023-05-06T00:03:50.051+0000] {processor.py:753} INFO - DAG(s) dict_keys(['tutorial_dag']) retrieved from /home/airflow/.local/lib/python3.7/site-packages/airflow/example_dags/tutorial_dag.py
[2023-05-06T00:03:50.089+0000] {logging_mixin.py:137} INFO - [2023-05-06T00:03:50.089+0000] {dag.py:2705} INFO - Sync 1 DAGs
[2023-05-06T00:03:50.125+0000] {logging_mixin.py:137} INFO - [2023-05-06T00:03:50.125+0000] {dag.py:3456} INFO - Setting next_dagrun for tutorial_dag to None, run_after=None
[2023-05-06T00:03:50.152+0000] {processor.py:175} INFO - Processing /home/airflow/.local/lib/python3.7/site-packages/airflow/example_dags/tutorial_dag.py took 0.137 seconds
[2023-05-06T00:17:30.408+0000] {processor.py:153} INFO - Started process (PID=4334) to work on /home/airflow/.local/lib/python3.7/site-packages/airflow/example_dags/tutorial_dag.py
[2023-05-06T00:17:30.411+0000] {processor.py:743} INFO - Processing file /home/airflow/.local/lib/python3.7/site-packages/airflow/example_dags/tutorial_dag.py for tasks to queue
[2023-05-06T00:17:30.413+0000] {logging_mixin.py:137} INFO - [2023-05-06T00:17:30.412+0000] {dagbag.py:532} INFO - Filling up the DagBag from /home/airflow/.local/lib/python3.7/site-packages/airflow/example_dags/tutorial_dag.py
[2023-05-06T00:17:30.485+0000] {processor.py:753} INFO - DAG(s) dict_keys(['tutorial_dag']) retrieved from /home/airflow/.local/lib/python3.7/site-packages/airflow/example_dags/tutorial_dag.py
[2023-05-06T00:17:30.559+0000] {logging_mixin.py:137} INFO - [2023-05-06T00:17:30.559+0000] {dag.py:2705} INFO - Sync 1 DAGs
[2023-05-06T00:17:30.598+0000] {logging_mixin.py:137} INFO - [2023-05-06T00:17:30.597+0000] {dag.py:3456} INFO - Setting next_dagrun for tutorial_dag to None, run_after=None
[2023-05-06T00:17:30.625+0000] {processor.py:175} INFO - Processing /home/airflow/.local/lib/python3.7/site-packages/airflow/example_dags/tutorial_dag.py took 0.229 seconds
[2023-05-06T00:20:39.294+0000] {processor.py:153} INFO - Started process (PID=4386) to work on /home/airflow/.local/lib/python3.7/site-packages/airflow/example_dags/tutorial_dag.py
[2023-05-06T00:20:39.300+0000] {processor.py:743} INFO - Processing file /home/airflow/.local/lib/python3.7/site-packages/airflow/example_dags/tutorial_dag.py for tasks to queue
[2023-05-06T00:20:39.305+0000] {logging_mixin.py:137} INFO - [2023-05-06T00:20:39.304+0000] {dagbag.py:532} INFO - Filling up the DagBag from /home/airflow/.local/lib/python3.7/site-packages/airflow/example_dags/tutorial_dag.py
[2023-05-06T00:20:39.350+0000] {processor.py:753} INFO - DAG(s) dict_keys(['tutorial_dag']) retrieved from /home/airflow/.local/lib/python3.7/site-packages/airflow/example_dags/tutorial_dag.py
[2023-05-06T00:20:39.396+0000] {logging_mixin.py:137} INFO - [2023-05-06T00:20:39.395+0000] {dag.py:2705} INFO - Sync 1 DAGs
[2023-05-06T00:20:39.427+0000] {logging_mixin.py:137} INFO - [2023-05-06T00:20:39.427+0000] {dag.py:3456} INFO - Setting next_dagrun for tutorial_dag to None, run_after=None
[2023-05-06T00:20:39.454+0000] {processor.py:175} INFO - Processing /home/airflow/.local/lib/python3.7/site-packages/airflow/example_dags/tutorial_dag.py took 0.172 seconds
[2023-05-06T00:36:29.780+0000] {processor.py:153} INFO - Started process (PID=4446) to work on /home/airflow/.local/lib/python3.7/site-packages/airflow/example_dags/tutorial_dag.py
[2023-05-06T00:36:29.782+0000] {processor.py:743} INFO - Processing file /home/airflow/.local/lib/python3.7/site-packages/airflow/example_dags/tutorial_dag.py for tasks to queue
[2023-05-06T00:36:29.785+0000] {logging_mixin.py:137} INFO - [2023-05-06T00:36:29.785+0000] {dagbag.py:532} INFO - Filling up the DagBag from /home/airflow/.local/lib/python3.7/site-packages/airflow/example_dags/tutorial_dag.py
[2023-05-06T00:36:29.807+0000] {processor.py:753} INFO - DAG(s) dict_keys(['tutorial_dag']) retrieved from /home/airflow/.local/lib/python3.7/site-packages/airflow/example_dags/tutorial_dag.py
[2023-05-06T00:36:29.839+0000] {logging_mixin.py:137} INFO - [2023-05-06T00:36:29.838+0000] {dag.py:2705} INFO - Sync 1 DAGs
[2023-05-06T00:36:29.867+0000] {logging_mixin.py:137} INFO - [2023-05-06T00:36:29.867+0000] {dag.py:3456} INFO - Setting next_dagrun for tutorial_dag to None, run_after=None
[2023-05-06T00:36:29.891+0000] {processor.py:175} INFO - Processing /home/airflow/.local/lib/python3.7/site-packages/airflow/example_dags/tutorial_dag.py took 0.118 seconds
[2023-05-06T00:37:32.506+0000] {processor.py:153} INFO - Started process (PID=4505) to work on /home/airflow/.local/lib/python3.7/site-packages/airflow/example_dags/tutorial_dag.py
[2023-05-06T00:37:32.536+0000] {processor.py:743} INFO - Processing file /home/airflow/.local/lib/python3.7/site-packages/airflow/example_dags/tutorial_dag.py for tasks to queue
[2023-05-06T00:37:32.568+0000] {logging_mixin.py:137} INFO - [2023-05-06T00:37:32.563+0000] {dagbag.py:532} INFO - Filling up the DagBag from /home/airflow/.local/lib/python3.7/site-packages/airflow/example_dags/tutorial_dag.py
[2023-05-06T00:37:32.757+0000] {processor.py:753} INFO - DAG(s) dict_keys(['tutorial_dag']) retrieved from /home/airflow/.local/lib/python3.7/site-packages/airflow/example_dags/tutorial_dag.py
[2023-05-06T00:37:33.114+0000] {logging_mixin.py:137} INFO - [2023-05-06T00:37:33.113+0000] {dag.py:2705} INFO - Sync 1 DAGs
[2023-05-06T00:37:33.463+0000] {logging_mixin.py:137} INFO - [2023-05-06T00:37:33.462+0000] {dag.py:3456} INFO - Setting next_dagrun for tutorial_dag to None, run_after=None
[2023-05-06T00:37:33.755+0000] {processor.py:175} INFO - Processing /home/airflow/.local/lib/python3.7/site-packages/airflow/example_dags/tutorial_dag.py took 1.289 seconds
[2023-05-06T00:38:42.638+0000] {processor.py:153} INFO - Started process (PID=4572) to work on /home/airflow/.local/lib/python3.7/site-packages/airflow/example_dags/tutorial_dag.py
[2023-05-06T00:38:42.649+0000] {processor.py:743} INFO - Processing file /home/airflow/.local/lib/python3.7/site-packages/airflow/example_dags/tutorial_dag.py for tasks to queue
[2023-05-06T00:38:42.664+0000] {logging_mixin.py:137} INFO - [2023-05-06T00:38:42.662+0000] {dagbag.py:532} INFO - Filling up the DagBag from /home/airflow/.local/lib/python3.7/site-packages/airflow/example_dags/tutorial_dag.py
[2023-05-06T00:38:42.931+0000] {processor.py:753} INFO - DAG(s) dict_keys(['tutorial_dag']) retrieved from /home/airflow/.local/lib/python3.7/site-packages/airflow/example_dags/tutorial_dag.py
[2023-05-06T00:38:43.099+0000] {logging_mixin.py:137} INFO - [2023-05-06T00:38:43.098+0000] {dag.py:2705} INFO - Sync 1 DAGs
[2023-05-06T00:38:43.411+0000] {logging_mixin.py:137} INFO - [2023-05-06T00:38:43.410+0000] {dag.py:3456} INFO - Setting next_dagrun for tutorial_dag to None, run_after=None
[2023-05-06T00:38:43.522+0000] {processor.py:175} INFO - Processing /home/airflow/.local/lib/python3.7/site-packages/airflow/example_dags/tutorial_dag.py took 0.946 seconds
[2023-05-06T00:54:45.777+0000] {processor.py:153} INFO - Started process (PID=4645) to work on /home/airflow/.local/lib/python3.7/site-packages/airflow/example_dags/tutorial_dag.py
[2023-05-06T00:54:45.825+0000] {processor.py:743} INFO - Processing file /home/airflow/.local/lib/python3.7/site-packages/airflow/example_dags/tutorial_dag.py for tasks to queue
[2023-05-06T00:54:45.866+0000] {logging_mixin.py:137} INFO - [2023-05-06T00:54:45.865+0000] {dagbag.py:532} INFO - Filling up the DagBag from /home/airflow/.local/lib/python3.7/site-packages/airflow/example_dags/tutorial_dag.py
[2023-05-06T00:54:46.141+0000] {processor.py:753} INFO - DAG(s) dict_keys(['tutorial_dag']) retrieved from /home/airflow/.local/lib/python3.7/site-packages/airflow/example_dags/tutorial_dag.py
[2023-05-06T00:54:46.508+0000] {logging_mixin.py:137} INFO - [2023-05-06T00:54:46.507+0000] {dag.py:2705} INFO - Sync 1 DAGs
[2023-05-06T00:54:46.793+0000] {logging_mixin.py:137} INFO - [2023-05-06T00:54:46.792+0000] {dag.py:3456} INFO - Setting next_dagrun for tutorial_dag to None, run_after=None
[2023-05-06T00:54:47.002+0000] {processor.py:175} INFO - Processing /home/airflow/.local/lib/python3.7/site-packages/airflow/example_dags/tutorial_dag.py took 1.349 seconds
[2023-05-06T02:03:41.006+0000] {processor.py:153} INFO - Started process (PID=4703) to work on /home/airflow/.local/lib/python3.7/site-packages/airflow/example_dags/tutorial_dag.py
[2023-05-06T02:03:41.008+0000] {processor.py:743} INFO - Processing file /home/airflow/.local/lib/python3.7/site-packages/airflow/example_dags/tutorial_dag.py for tasks to queue
[2023-05-06T02:03:41.011+0000] {logging_mixin.py:137} INFO - [2023-05-06T02:03:41.010+0000] {dagbag.py:532} INFO - Filling up the DagBag from /home/airflow/.local/lib/python3.7/site-packages/airflow/example_dags/tutorial_dag.py
[2023-05-06T02:03:41.034+0000] {processor.py:753} INFO - DAG(s) dict_keys(['tutorial_dag']) retrieved from /home/airflow/.local/lib/python3.7/site-packages/airflow/example_dags/tutorial_dag.py
[2023-05-06T02:03:41.074+0000] {logging_mixin.py:137} INFO - [2023-05-06T02:03:41.074+0000] {dag.py:2705} INFO - Sync 1 DAGs
[2023-05-06T02:03:41.109+0000] {logging_mixin.py:137} INFO - [2023-05-06T02:03:41.109+0000] {dag.py:3456} INFO - Setting next_dagrun for tutorial_dag to None, run_after=None
[2023-05-06T02:03:41.147+0000] {processor.py:175} INFO - Processing /home/airflow/.local/lib/python3.7/site-packages/airflow/example_dags/tutorial_dag.py took 0.149 seconds
[2023-05-06T02:04:15.404+0000] {processor.py:153} INFO - Started process (PID=4755) to work on /home/airflow/.local/lib/python3.7/site-packages/airflow/example_dags/tutorial_dag.py
[2023-05-06T02:04:15.407+0000] {processor.py:743} INFO - Processing file /home/airflow/.local/lib/python3.7/site-packages/airflow/example_dags/tutorial_dag.py for tasks to queue
[2023-05-06T02:04:15.411+0000] {logging_mixin.py:137} INFO - [2023-05-06T02:04:15.411+0000] {dagbag.py:532} INFO - Filling up the DagBag from /home/airflow/.local/lib/python3.7/site-packages/airflow/example_dags/tutorial_dag.py
[2023-05-06T02:04:15.436+0000] {processor.py:753} INFO - DAG(s) dict_keys(['tutorial_dag']) retrieved from /home/airflow/.local/lib/python3.7/site-packages/airflow/example_dags/tutorial_dag.py
[2023-05-06T02:04:15.480+0000] {logging_mixin.py:137} INFO - [2023-05-06T02:04:15.479+0000] {dag.py:2705} INFO - Sync 1 DAGs
[2023-05-06T02:04:15.516+0000] {logging_mixin.py:137} INFO - [2023-05-06T02:04:15.516+0000] {dag.py:3456} INFO - Setting next_dagrun for tutorial_dag to None, run_after=None
[2023-05-06T02:04:15.549+0000] {processor.py:175} INFO - Processing /home/airflow/.local/lib/python3.7/site-packages/airflow/example_dags/tutorial_dag.py took 0.150 seconds
[2023-05-06T02:04:49.738+0000] {processor.py:153} INFO - Started process (PID=4807) to work on /home/airflow/.local/lib/python3.7/site-packages/airflow/example_dags/tutorial_dag.py
[2023-05-06T02:04:49.741+0000] {processor.py:743} INFO - Processing file /home/airflow/.local/lib/python3.7/site-packages/airflow/example_dags/tutorial_dag.py for tasks to queue
[2023-05-06T02:04:49.744+0000] {logging_mixin.py:137} INFO - [2023-05-06T02:04:49.743+0000] {dagbag.py:532} INFO - Filling up the DagBag from /home/airflow/.local/lib/python3.7/site-packages/airflow/example_dags/tutorial_dag.py
[2023-05-06T02:04:49.805+0000] {processor.py:753} INFO - DAG(s) dict_keys(['tutorial_dag']) retrieved from /home/airflow/.local/lib/python3.7/site-packages/airflow/example_dags/tutorial_dag.py
[2023-05-06T02:04:49.906+0000] {logging_mixin.py:137} INFO - [2023-05-06T02:04:49.905+0000] {dag.py:2705} INFO - Sync 1 DAGs
[2023-05-06T02:04:49.993+0000] {logging_mixin.py:137} INFO - [2023-05-06T02:04:49.993+0000] {dag.py:3456} INFO - Setting next_dagrun for tutorial_dag to None, run_after=None
[2023-05-06T02:04:50.061+0000] {processor.py:175} INFO - Processing /home/airflow/.local/lib/python3.7/site-packages/airflow/example_dags/tutorial_dag.py took 0.344 seconds
[2023-05-06T02:05:21.028+0000] {processor.py:153} INFO - Started process (PID=4859) to work on /home/airflow/.local/lib/python3.7/site-packages/airflow/example_dags/tutorial_dag.py
[2023-05-06T02:05:21.039+0000] {processor.py:743} INFO - Processing file /home/airflow/.local/lib/python3.7/site-packages/airflow/example_dags/tutorial_dag.py for tasks to queue
[2023-05-06T02:05:21.041+0000] {logging_mixin.py:137} INFO - [2023-05-06T02:05:21.040+0000] {dagbag.py:532} INFO - Filling up the DagBag from /home/airflow/.local/lib/python3.7/site-packages/airflow/example_dags/tutorial_dag.py
[2023-05-06T02:05:21.144+0000] {processor.py:753} INFO - DAG(s) dict_keys(['tutorial_dag']) retrieved from /home/airflow/.local/lib/python3.7/site-packages/airflow/example_dags/tutorial_dag.py
[2023-05-06T02:05:21.228+0000] {logging_mixin.py:137} INFO - [2023-05-06T02:05:21.228+0000] {dag.py:2705} INFO - Sync 1 DAGs
[2023-05-06T02:05:21.305+0000] {logging_mixin.py:137} INFO - [2023-05-06T02:05:21.305+0000] {dag.py:3456} INFO - Setting next_dagrun for tutorial_dag to None, run_after=None
[2023-05-06T02:05:21.380+0000] {processor.py:175} INFO - Processing /home/airflow/.local/lib/python3.7/site-packages/airflow/example_dags/tutorial_dag.py took 0.367 seconds
[2023-05-06T02:05:52.278+0000] {processor.py:153} INFO - Started process (PID=4911) to work on /home/airflow/.local/lib/python3.7/site-packages/airflow/example_dags/tutorial_dag.py
[2023-05-06T02:05:52.285+0000] {processor.py:743} INFO - Processing file /home/airflow/.local/lib/python3.7/site-packages/airflow/example_dags/tutorial_dag.py for tasks to queue
[2023-05-06T02:05:52.295+0000] {logging_mixin.py:137} INFO - [2023-05-06T02:05:52.293+0000] {dagbag.py:532} INFO - Filling up the DagBag from /home/airflow/.local/lib/python3.7/site-packages/airflow/example_dags/tutorial_dag.py
[2023-05-06T02:05:52.349+0000] {processor.py:753} INFO - DAG(s) dict_keys(['tutorial_dag']) retrieved from /home/airflow/.local/lib/python3.7/site-packages/airflow/example_dags/tutorial_dag.py
[2023-05-06T02:05:52.435+0000] {logging_mixin.py:137} INFO - [2023-05-06T02:05:52.435+0000] {dag.py:2705} INFO - Sync 1 DAGs
[2023-05-06T02:05:52.491+0000] {logging_mixin.py:137} INFO - [2023-05-06T02:05:52.491+0000] {dag.py:3456} INFO - Setting next_dagrun for tutorial_dag to None, run_after=None
[2023-05-06T02:05:52.539+0000] {processor.py:175} INFO - Processing /home/airflow/.local/lib/python3.7/site-packages/airflow/example_dags/tutorial_dag.py took 0.289 seconds
[2023-05-06T02:06:22.994+0000] {processor.py:153} INFO - Started process (PID=4963) to work on /home/airflow/.local/lib/python3.7/site-packages/airflow/example_dags/tutorial_dag.py
[2023-05-06T02:06:22.999+0000] {processor.py:743} INFO - Processing file /home/airflow/.local/lib/python3.7/site-packages/airflow/example_dags/tutorial_dag.py for tasks to queue
[2023-05-06T02:06:23.002+0000] {logging_mixin.py:137} INFO - [2023-05-06T02:06:23.001+0000] {dagbag.py:532} INFO - Filling up the DagBag from /home/airflow/.local/lib/python3.7/site-packages/airflow/example_dags/tutorial_dag.py
[2023-05-06T02:06:23.029+0000] {processor.py:753} INFO - DAG(s) dict_keys(['tutorial_dag']) retrieved from /home/airflow/.local/lib/python3.7/site-packages/airflow/example_dags/tutorial_dag.py
[2023-05-06T02:06:23.087+0000] {logging_mixin.py:137} INFO - [2023-05-06T02:06:23.086+0000] {dag.py:2705} INFO - Sync 1 DAGs
[2023-05-06T02:06:23.133+0000] {logging_mixin.py:137} INFO - [2023-05-06T02:06:23.133+0000] {dag.py:3456} INFO - Setting next_dagrun for tutorial_dag to None, run_after=None
[2023-05-06T02:06:23.181+0000] {processor.py:175} INFO - Processing /home/airflow/.local/lib/python3.7/site-packages/airflow/example_dags/tutorial_dag.py took 0.193 seconds
[2023-05-06T02:06:53.728+0000] {processor.py:153} INFO - Started process (PID=5015) to work on /home/airflow/.local/lib/python3.7/site-packages/airflow/example_dags/tutorial_dag.py
[2023-05-06T02:06:53.732+0000] {processor.py:743} INFO - Processing file /home/airflow/.local/lib/python3.7/site-packages/airflow/example_dags/tutorial_dag.py for tasks to queue
[2023-05-06T02:06:53.735+0000] {logging_mixin.py:137} INFO - [2023-05-06T02:06:53.735+0000] {dagbag.py:532} INFO - Filling up the DagBag from /home/airflow/.local/lib/python3.7/site-packages/airflow/example_dags/tutorial_dag.py
[2023-05-06T02:06:53.766+0000] {processor.py:753} INFO - DAG(s) dict_keys(['tutorial_dag']) retrieved from /home/airflow/.local/lib/python3.7/site-packages/airflow/example_dags/tutorial_dag.py
[2023-05-06T02:06:53.815+0000] {logging_mixin.py:137} INFO - [2023-05-06T02:06:53.815+0000] {dag.py:2705} INFO - Sync 1 DAGs
[2023-05-06T02:06:53.858+0000] {logging_mixin.py:137} INFO - [2023-05-06T02:06:53.858+0000] {dag.py:3456} INFO - Setting next_dagrun for tutorial_dag to None, run_after=None
[2023-05-06T02:06:53.918+0000] {processor.py:175} INFO - Processing /home/airflow/.local/lib/python3.7/site-packages/airflow/example_dags/tutorial_dag.py took 0.199 seconds
[2023-05-06T02:07:24.405+0000] {processor.py:153} INFO - Started process (PID=5067) to work on /home/airflow/.local/lib/python3.7/site-packages/airflow/example_dags/tutorial_dag.py
[2023-05-06T02:07:24.408+0000] {processor.py:743} INFO - Processing file /home/airflow/.local/lib/python3.7/site-packages/airflow/example_dags/tutorial_dag.py for tasks to queue
[2023-05-06T02:07:24.411+0000] {logging_mixin.py:137} INFO - [2023-05-06T02:07:24.411+0000] {dagbag.py:532} INFO - Filling up the DagBag from /home/airflow/.local/lib/python3.7/site-packages/airflow/example_dags/tutorial_dag.py
[2023-05-06T02:07:24.439+0000] {processor.py:753} INFO - DAG(s) dict_keys(['tutorial_dag']) retrieved from /home/airflow/.local/lib/python3.7/site-packages/airflow/example_dags/tutorial_dag.py
[2023-05-06T02:07:24.486+0000] {logging_mixin.py:137} INFO - [2023-05-06T02:07:24.486+0000] {dag.py:2705} INFO - Sync 1 DAGs
[2023-05-06T02:07:24.532+0000] {logging_mixin.py:137} INFO - [2023-05-06T02:07:24.532+0000] {dag.py:3456} INFO - Setting next_dagrun for tutorial_dag to None, run_after=None
[2023-05-06T02:07:24.591+0000] {processor.py:175} INFO - Processing /home/airflow/.local/lib/python3.7/site-packages/airflow/example_dags/tutorial_dag.py took 0.195 seconds
[2023-05-06T02:07:55.143+0000] {processor.py:153} INFO - Started process (PID=5118) to work on /home/airflow/.local/lib/python3.7/site-packages/airflow/example_dags/tutorial_dag.py
[2023-05-06T02:07:55.145+0000] {processor.py:743} INFO - Processing file /home/airflow/.local/lib/python3.7/site-packages/airflow/example_dags/tutorial_dag.py for tasks to queue
[2023-05-06T02:07:55.148+0000] {logging_mixin.py:137} INFO - [2023-05-06T02:07:55.148+0000] {dagbag.py:532} INFO - Filling up the DagBag from /home/airflow/.local/lib/python3.7/site-packages/airflow/example_dags/tutorial_dag.py
[2023-05-06T02:07:55.180+0000] {processor.py:753} INFO - DAG(s) dict_keys(['tutorial_dag']) retrieved from /home/airflow/.local/lib/python3.7/site-packages/airflow/example_dags/tutorial_dag.py
[2023-05-06T02:07:55.230+0000] {logging_mixin.py:137} INFO - [2023-05-06T02:07:55.230+0000] {dag.py:2705} INFO - Sync 1 DAGs
[2023-05-06T02:07:55.278+0000] {logging_mixin.py:137} INFO - [2023-05-06T02:07:55.277+0000] {dag.py:3456} INFO - Setting next_dagrun for tutorial_dag to None, run_after=None
[2023-05-06T02:07:55.313+0000] {processor.py:175} INFO - Processing /home/airflow/.local/lib/python3.7/site-packages/airflow/example_dags/tutorial_dag.py took 0.177 seconds
[2023-05-06T02:08:25.832+0000] {processor.py:153} INFO - Started process (PID=5169) to work on /home/airflow/.local/lib/python3.7/site-packages/airflow/example_dags/tutorial_dag.py
[2023-05-06T02:08:25.834+0000] {processor.py:743} INFO - Processing file /home/airflow/.local/lib/python3.7/site-packages/airflow/example_dags/tutorial_dag.py for tasks to queue
[2023-05-06T02:08:25.838+0000] {logging_mixin.py:137} INFO - [2023-05-06T02:08:25.837+0000] {dagbag.py:532} INFO - Filling up the DagBag from /home/airflow/.local/lib/python3.7/site-packages/airflow/example_dags/tutorial_dag.py
[2023-05-06T02:08:25.861+0000] {processor.py:753} INFO - DAG(s) dict_keys(['tutorial_dag']) retrieved from /home/airflow/.local/lib/python3.7/site-packages/airflow/example_dags/tutorial_dag.py
[2023-05-06T02:08:25.903+0000] {logging_mixin.py:137} INFO - [2023-05-06T02:08:25.903+0000] {dag.py:2705} INFO - Sync 1 DAGs
[2023-05-06T02:08:25.938+0000] {logging_mixin.py:137} INFO - [2023-05-06T02:08:25.938+0000] {dag.py:3456} INFO - Setting next_dagrun for tutorial_dag to None, run_after=None
[2023-05-06T02:08:25.966+0000] {processor.py:175} INFO - Processing /home/airflow/.local/lib/python3.7/site-packages/airflow/example_dags/tutorial_dag.py took 0.140 seconds
[2023-05-06T02:08:56.495+0000] {processor.py:153} INFO - Started process (PID=5221) to work on /home/airflow/.local/lib/python3.7/site-packages/airflow/example_dags/tutorial_dag.py
[2023-05-06T02:08:56.498+0000] {processor.py:743} INFO - Processing file /home/airflow/.local/lib/python3.7/site-packages/airflow/example_dags/tutorial_dag.py for tasks to queue
[2023-05-06T02:08:56.504+0000] {logging_mixin.py:137} INFO - [2023-05-06T02:08:56.503+0000] {dagbag.py:532} INFO - Filling up the DagBag from /home/airflow/.local/lib/python3.7/site-packages/airflow/example_dags/tutorial_dag.py
[2023-05-06T02:08:56.551+0000] {processor.py:753} INFO - DAG(s) dict_keys(['tutorial_dag']) retrieved from /home/airflow/.local/lib/python3.7/site-packages/airflow/example_dags/tutorial_dag.py
[2023-05-06T02:08:56.638+0000] {logging_mixin.py:137} INFO - [2023-05-06T02:08:56.637+0000] {dag.py:2705} INFO - Sync 1 DAGs
[2023-05-06T02:08:56.729+0000] {logging_mixin.py:137} INFO - [2023-05-06T02:08:56.727+0000] {dag.py:3456} INFO - Setting next_dagrun for tutorial_dag to None, run_after=None
[2023-05-06T02:08:56.810+0000] {processor.py:175} INFO - Processing /home/airflow/.local/lib/python3.7/site-packages/airflow/example_dags/tutorial_dag.py took 0.328 seconds
[2023-05-06T02:09:26.976+0000] {processor.py:153} INFO - Started process (PID=5273) to work on /home/airflow/.local/lib/python3.7/site-packages/airflow/example_dags/tutorial_dag.py
[2023-05-06T02:09:26.979+0000] {processor.py:743} INFO - Processing file /home/airflow/.local/lib/python3.7/site-packages/airflow/example_dags/tutorial_dag.py for tasks to queue
[2023-05-06T02:09:26.982+0000] {logging_mixin.py:137} INFO - [2023-05-06T02:09:26.982+0000] {dagbag.py:532} INFO - Filling up the DagBag from /home/airflow/.local/lib/python3.7/site-packages/airflow/example_dags/tutorial_dag.py
[2023-05-06T02:09:27.011+0000] {processor.py:753} INFO - DAG(s) dict_keys(['tutorial_dag']) retrieved from /home/airflow/.local/lib/python3.7/site-packages/airflow/example_dags/tutorial_dag.py
[2023-05-06T02:09:27.065+0000] {logging_mixin.py:137} INFO - [2023-05-06T02:09:27.065+0000] {dag.py:2705} INFO - Sync 1 DAGs
[2023-05-06T02:09:27.148+0000] {logging_mixin.py:137} INFO - [2023-05-06T02:09:27.147+0000] {dag.py:3456} INFO - Setting next_dagrun for tutorial_dag to None, run_after=None
[2023-05-06T02:09:27.188+0000] {processor.py:175} INFO - Processing /home/airflow/.local/lib/python3.7/site-packages/airflow/example_dags/tutorial_dag.py took 0.221 seconds
[2023-05-06T02:09:57.628+0000] {processor.py:153} INFO - Started process (PID=5326) to work on /home/airflow/.local/lib/python3.7/site-packages/airflow/example_dags/tutorial_dag.py
[2023-05-06T02:09:57.639+0000] {processor.py:743} INFO - Processing file /home/airflow/.local/lib/python3.7/site-packages/airflow/example_dags/tutorial_dag.py for tasks to queue
[2023-05-06T02:09:57.642+0000] {logging_mixin.py:137} INFO - [2023-05-06T02:09:57.642+0000] {dagbag.py:532} INFO - Filling up the DagBag from /home/airflow/.local/lib/python3.7/site-packages/airflow/example_dags/tutorial_dag.py
[2023-05-06T02:09:57.673+0000] {processor.py:753} INFO - DAG(s) dict_keys(['tutorial_dag']) retrieved from /home/airflow/.local/lib/python3.7/site-packages/airflow/example_dags/tutorial_dag.py
[2023-05-06T02:09:57.728+0000] {logging_mixin.py:137} INFO - [2023-05-06T02:09:57.727+0000] {dag.py:2705} INFO - Sync 1 DAGs
[2023-05-06T02:09:57.773+0000] {logging_mixin.py:137} INFO - [2023-05-06T02:09:57.773+0000] {dag.py:3456} INFO - Setting next_dagrun for tutorial_dag to None, run_after=None
[2023-05-06T02:09:57.840+0000] {processor.py:175} INFO - Processing /home/airflow/.local/lib/python3.7/site-packages/airflow/example_dags/tutorial_dag.py took 0.225 seconds
[2023-05-06T02:10:28.320+0000] {processor.py:153} INFO - Started process (PID=5377) to work on /home/airflow/.local/lib/python3.7/site-packages/airflow/example_dags/tutorial_dag.py
[2023-05-06T02:10:28.322+0000] {processor.py:743} INFO - Processing file /home/airflow/.local/lib/python3.7/site-packages/airflow/example_dags/tutorial_dag.py for tasks to queue
[2023-05-06T02:10:28.324+0000] {logging_mixin.py:137} INFO - [2023-05-06T02:10:28.323+0000] {dagbag.py:532} INFO - Filling up the DagBag from /home/airflow/.local/lib/python3.7/site-packages/airflow/example_dags/tutorial_dag.py
[2023-05-06T02:10:28.351+0000] {processor.py:753} INFO - DAG(s) dict_keys(['tutorial_dag']) retrieved from /home/airflow/.local/lib/python3.7/site-packages/airflow/example_dags/tutorial_dag.py
[2023-05-06T02:10:28.404+0000] {logging_mixin.py:137} INFO - [2023-05-06T02:10:28.404+0000] {dag.py:2705} INFO - Sync 1 DAGs
[2023-05-06T02:10:28.444+0000] {logging_mixin.py:137} INFO - [2023-05-06T02:10:28.444+0000] {dag.py:3456} INFO - Setting next_dagrun for tutorial_dag to None, run_after=None
[2023-05-06T02:10:28.479+0000] {processor.py:175} INFO - Processing /home/airflow/.local/lib/python3.7/site-packages/airflow/example_dags/tutorial_dag.py took 0.166 seconds
[2023-05-06T02:10:59.463+0000] {processor.py:153} INFO - Started process (PID=5429) to work on /home/airflow/.local/lib/python3.7/site-packages/airflow/example_dags/tutorial_dag.py
[2023-05-06T02:10:59.470+0000] {processor.py:743} INFO - Processing file /home/airflow/.local/lib/python3.7/site-packages/airflow/example_dags/tutorial_dag.py for tasks to queue
[2023-05-06T02:10:59.475+0000] {logging_mixin.py:137} INFO - [2023-05-06T02:10:59.474+0000] {dagbag.py:532} INFO - Filling up the DagBag from /home/airflow/.local/lib/python3.7/site-packages/airflow/example_dags/tutorial_dag.py
[2023-05-06T02:10:59.540+0000] {processor.py:753} INFO - DAG(s) dict_keys(['tutorial_dag']) retrieved from /home/airflow/.local/lib/python3.7/site-packages/airflow/example_dags/tutorial_dag.py
[2023-05-06T02:10:59.618+0000] {logging_mixin.py:137} INFO - [2023-05-06T02:10:59.618+0000] {dag.py:2705} INFO - Sync 1 DAGs
[2023-05-06T02:10:59.695+0000] {logging_mixin.py:137} INFO - [2023-05-06T02:10:59.695+0000] {dag.py:3456} INFO - Setting next_dagrun for tutorial_dag to None, run_after=None
[2023-05-06T02:10:59.750+0000] {processor.py:175} INFO - Processing /home/airflow/.local/lib/python3.7/site-packages/airflow/example_dags/tutorial_dag.py took 0.294 seconds
[2023-05-06T02:11:29.815+0000] {processor.py:153} INFO - Started process (PID=5481) to work on /home/airflow/.local/lib/python3.7/site-packages/airflow/example_dags/tutorial_dag.py
[2023-05-06T02:11:29.818+0000] {processor.py:743} INFO - Processing file /home/airflow/.local/lib/python3.7/site-packages/airflow/example_dags/tutorial_dag.py for tasks to queue
[2023-05-06T02:11:29.820+0000] {logging_mixin.py:137} INFO - [2023-05-06T02:11:29.820+0000] {dagbag.py:532} INFO - Filling up the DagBag from /home/airflow/.local/lib/python3.7/site-packages/airflow/example_dags/tutorial_dag.py
[2023-05-06T02:11:29.841+0000] {processor.py:753} INFO - DAG(s) dict_keys(['tutorial_dag']) retrieved from /home/airflow/.local/lib/python3.7/site-packages/airflow/example_dags/tutorial_dag.py
[2023-05-06T02:11:29.883+0000] {logging_mixin.py:137} INFO - [2023-05-06T02:11:29.883+0000] {dag.py:2705} INFO - Sync 1 DAGs
[2023-05-06T02:11:29.917+0000] {logging_mixin.py:137} INFO - [2023-05-06T02:11:29.917+0000] {dag.py:3456} INFO - Setting next_dagrun for tutorial_dag to None, run_after=None
[2023-05-06T02:11:29.945+0000] {processor.py:175} INFO - Processing /home/airflow/.local/lib/python3.7/site-packages/airflow/example_dags/tutorial_dag.py took 0.135 seconds
[2023-05-06T02:12:00.419+0000] {processor.py:153} INFO - Started process (PID=5533) to work on /home/airflow/.local/lib/python3.7/site-packages/airflow/example_dags/tutorial_dag.py
[2023-05-06T02:12:00.423+0000] {processor.py:743} INFO - Processing file /home/airflow/.local/lib/python3.7/site-packages/airflow/example_dags/tutorial_dag.py for tasks to queue
[2023-05-06T02:12:00.430+0000] {logging_mixin.py:137} INFO - [2023-05-06T02:12:00.429+0000] {dagbag.py:532} INFO - Filling up the DagBag from /home/airflow/.local/lib/python3.7/site-packages/airflow/example_dags/tutorial_dag.py
[2023-05-06T02:12:00.481+0000] {processor.py:753} INFO - DAG(s) dict_keys(['tutorial_dag']) retrieved from /home/airflow/.local/lib/python3.7/site-packages/airflow/example_dags/tutorial_dag.py
[2023-05-06T02:12:00.605+0000] {logging_mixin.py:137} INFO - [2023-05-06T02:12:00.605+0000] {dag.py:2705} INFO - Sync 1 DAGs
[2023-05-06T02:12:00.647+0000] {logging_mixin.py:137} INFO - [2023-05-06T02:12:00.647+0000] {dag.py:3456} INFO - Setting next_dagrun for tutorial_dag to None, run_after=None
[2023-05-06T02:12:00.696+0000] {processor.py:175} INFO - Processing /home/airflow/.local/lib/python3.7/site-packages/airflow/example_dags/tutorial_dag.py took 0.295 seconds
[2023-05-06T02:12:31.012+0000] {processor.py:153} INFO - Started process (PID=5584) to work on /home/airflow/.local/lib/python3.7/site-packages/airflow/example_dags/tutorial_dag.py
[2023-05-06T02:12:31.020+0000] {processor.py:743} INFO - Processing file /home/airflow/.local/lib/python3.7/site-packages/airflow/example_dags/tutorial_dag.py for tasks to queue
[2023-05-06T02:12:31.022+0000] {logging_mixin.py:137} INFO - [2023-05-06T02:12:31.022+0000] {dagbag.py:532} INFO - Filling up the DagBag from /home/airflow/.local/lib/python3.7/site-packages/airflow/example_dags/tutorial_dag.py
[2023-05-06T02:12:31.069+0000] {processor.py:753} INFO - DAG(s) dict_keys(['tutorial_dag']) retrieved from /home/airflow/.local/lib/python3.7/site-packages/airflow/example_dags/tutorial_dag.py
[2023-05-06T02:12:31.160+0000] {logging_mixin.py:137} INFO - [2023-05-06T02:12:31.160+0000] {dag.py:2705} INFO - Sync 1 DAGs
[2023-05-06T02:12:31.237+0000] {logging_mixin.py:137} INFO - [2023-05-06T02:12:31.236+0000] {dag.py:3456} INFO - Setting next_dagrun for tutorial_dag to None, run_after=None
[2023-05-06T02:12:31.300+0000] {processor.py:175} INFO - Processing /home/airflow/.local/lib/python3.7/site-packages/airflow/example_dags/tutorial_dag.py took 0.298 seconds
[2023-05-06T02:13:02.083+0000] {processor.py:153} INFO - Started process (PID=5636) to work on /home/airflow/.local/lib/python3.7/site-packages/airflow/example_dags/tutorial_dag.py
[2023-05-06T02:13:02.086+0000] {processor.py:743} INFO - Processing file /home/airflow/.local/lib/python3.7/site-packages/airflow/example_dags/tutorial_dag.py for tasks to queue
[2023-05-06T02:13:02.089+0000] {logging_mixin.py:137} INFO - [2023-05-06T02:13:02.088+0000] {dagbag.py:532} INFO - Filling up the DagBag from /home/airflow/.local/lib/python3.7/site-packages/airflow/example_dags/tutorial_dag.py
[2023-05-06T02:13:02.116+0000] {processor.py:753} INFO - DAG(s) dict_keys(['tutorial_dag']) retrieved from /home/airflow/.local/lib/python3.7/site-packages/airflow/example_dags/tutorial_dag.py
[2023-05-06T02:13:02.166+0000] {logging_mixin.py:137} INFO - [2023-05-06T02:13:02.166+0000] {dag.py:2705} INFO - Sync 1 DAGs
[2023-05-06T02:13:02.205+0000] {logging_mixin.py:137} INFO - [2023-05-06T02:13:02.205+0000] {dag.py:3456} INFO - Setting next_dagrun for tutorial_dag to None, run_after=None
[2023-05-06T02:13:02.237+0000] {processor.py:175} INFO - Processing /home/airflow/.local/lib/python3.7/site-packages/airflow/example_dags/tutorial_dag.py took 0.162 seconds
[2023-05-06T02:13:32.658+0000] {processor.py:153} INFO - Started process (PID=5687) to work on /home/airflow/.local/lib/python3.7/site-packages/airflow/example_dags/tutorial_dag.py
[2023-05-06T02:13:32.662+0000] {processor.py:743} INFO - Processing file /home/airflow/.local/lib/python3.7/site-packages/airflow/example_dags/tutorial_dag.py for tasks to queue
[2023-05-06T02:13:32.666+0000] {logging_mixin.py:137} INFO - [2023-05-06T02:13:32.666+0000] {dagbag.py:532} INFO - Filling up the DagBag from /home/airflow/.local/lib/python3.7/site-packages/airflow/example_dags/tutorial_dag.py
[2023-05-06T02:13:32.701+0000] {processor.py:753} INFO - DAG(s) dict_keys(['tutorial_dag']) retrieved from /home/airflow/.local/lib/python3.7/site-packages/airflow/example_dags/tutorial_dag.py
[2023-05-06T02:13:32.764+0000] {logging_mixin.py:137} INFO - [2023-05-06T02:13:32.764+0000] {dag.py:2705} INFO - Sync 1 DAGs
[2023-05-06T02:13:32.833+0000] {logging_mixin.py:137} INFO - [2023-05-06T02:13:32.829+0000] {dag.py:3456} INFO - Setting next_dagrun for tutorial_dag to None, run_after=None
[2023-05-06T02:13:32.878+0000] {processor.py:175} INFO - Processing /home/airflow/.local/lib/python3.7/site-packages/airflow/example_dags/tutorial_dag.py took 0.230 seconds
[2023-05-06T02:14:03.265+0000] {processor.py:153} INFO - Started process (PID=5740) to work on /home/airflow/.local/lib/python3.7/site-packages/airflow/example_dags/tutorial_dag.py
[2023-05-06T02:14:03.271+0000] {processor.py:743} INFO - Processing file /home/airflow/.local/lib/python3.7/site-packages/airflow/example_dags/tutorial_dag.py for tasks to queue
[2023-05-06T02:14:03.277+0000] {logging_mixin.py:137} INFO - [2023-05-06T02:14:03.277+0000] {dagbag.py:532} INFO - Filling up the DagBag from /home/airflow/.local/lib/python3.7/site-packages/airflow/example_dags/tutorial_dag.py
[2023-05-06T02:14:03.382+0000] {processor.py:753} INFO - DAG(s) dict_keys(['tutorial_dag']) retrieved from /home/airflow/.local/lib/python3.7/site-packages/airflow/example_dags/tutorial_dag.py
[2023-05-06T02:14:03.464+0000] {logging_mixin.py:137} INFO - [2023-05-06T02:14:03.463+0000] {dag.py:2705} INFO - Sync 1 DAGs
[2023-05-06T02:14:03.514+0000] {logging_mixin.py:137} INFO - [2023-05-06T02:14:03.514+0000] {dag.py:3456} INFO - Setting next_dagrun for tutorial_dag to None, run_after=None
[2023-05-06T02:14:03.547+0000] {processor.py:175} INFO - Processing /home/airflow/.local/lib/python3.7/site-packages/airflow/example_dags/tutorial_dag.py took 0.308 seconds
[2023-05-06T02:14:33.630+0000] {processor.py:153} INFO - Started process (PID=5792) to work on /home/airflow/.local/lib/python3.7/site-packages/airflow/example_dags/tutorial_dag.py
[2023-05-06T02:14:33.633+0000] {processor.py:743} INFO - Processing file /home/airflow/.local/lib/python3.7/site-packages/airflow/example_dags/tutorial_dag.py for tasks to queue
[2023-05-06T02:14:33.637+0000] {logging_mixin.py:137} INFO - [2023-05-06T02:14:33.637+0000] {dagbag.py:532} INFO - Filling up the DagBag from /home/airflow/.local/lib/python3.7/site-packages/airflow/example_dags/tutorial_dag.py
[2023-05-06T02:14:33.681+0000] {processor.py:753} INFO - DAG(s) dict_keys(['tutorial_dag']) retrieved from /home/airflow/.local/lib/python3.7/site-packages/airflow/example_dags/tutorial_dag.py
[2023-05-06T02:14:33.822+0000] {logging_mixin.py:137} INFO - [2023-05-06T02:14:33.822+0000] {dag.py:2705} INFO - Sync 1 DAGs
[2023-05-06T02:14:33.958+0000] {logging_mixin.py:137} INFO - [2023-05-06T02:14:33.958+0000] {dag.py:3456} INFO - Setting next_dagrun for tutorial_dag to None, run_after=None
[2023-05-06T02:14:34.001+0000] {processor.py:175} INFO - Processing /home/airflow/.local/lib/python3.7/site-packages/airflow/example_dags/tutorial_dag.py took 0.380 seconds
[2023-05-06T02:15:04.948+0000] {processor.py:153} INFO - Started process (PID=5844) to work on /home/airflow/.local/lib/python3.7/site-packages/airflow/example_dags/tutorial_dag.py
[2023-05-06T02:15:04.953+0000] {processor.py:743} INFO - Processing file /home/airflow/.local/lib/python3.7/site-packages/airflow/example_dags/tutorial_dag.py for tasks to queue
[2023-05-06T02:15:04.958+0000] {logging_mixin.py:137} INFO - [2023-05-06T02:15:04.957+0000] {dagbag.py:532} INFO - Filling up the DagBag from /home/airflow/.local/lib/python3.7/site-packages/airflow/example_dags/tutorial_dag.py
[2023-05-06T02:15:05.018+0000] {processor.py:753} INFO - DAG(s) dict_keys(['tutorial_dag']) retrieved from /home/airflow/.local/lib/python3.7/site-packages/airflow/example_dags/tutorial_dag.py
[2023-05-06T02:15:05.129+0000] {logging_mixin.py:137} INFO - [2023-05-06T02:15:05.128+0000] {dag.py:2705} INFO - Sync 1 DAGs
[2023-05-06T02:15:05.170+0000] {logging_mixin.py:137} INFO - [2023-05-06T02:15:05.170+0000] {dag.py:3456} INFO - Setting next_dagrun for tutorial_dag to None, run_after=None
[2023-05-06T02:15:05.202+0000] {processor.py:175} INFO - Processing /home/airflow/.local/lib/python3.7/site-packages/airflow/example_dags/tutorial_dag.py took 0.267 seconds
[2023-05-06T02:15:35.660+0000] {processor.py:153} INFO - Started process (PID=5896) to work on /home/airflow/.local/lib/python3.7/site-packages/airflow/example_dags/tutorial_dag.py
[2023-05-06T02:15:35.663+0000] {processor.py:743} INFO - Processing file /home/airflow/.local/lib/python3.7/site-packages/airflow/example_dags/tutorial_dag.py for tasks to queue
[2023-05-06T02:15:35.667+0000] {logging_mixin.py:137} INFO - [2023-05-06T02:15:35.666+0000] {dagbag.py:532} INFO - Filling up the DagBag from /home/airflow/.local/lib/python3.7/site-packages/airflow/example_dags/tutorial_dag.py
[2023-05-06T02:15:35.696+0000] {processor.py:753} INFO - DAG(s) dict_keys(['tutorial_dag']) retrieved from /home/airflow/.local/lib/python3.7/site-packages/airflow/example_dags/tutorial_dag.py
[2023-05-06T02:15:35.756+0000] {logging_mixin.py:137} INFO - [2023-05-06T02:15:35.756+0000] {dag.py:2705} INFO - Sync 1 DAGs
[2023-05-06T02:15:35.803+0000] {logging_mixin.py:137} INFO - [2023-05-06T02:15:35.803+0000] {dag.py:3456} INFO - Setting next_dagrun for tutorial_dag to None, run_after=None
[2023-05-06T02:15:35.837+0000] {processor.py:175} INFO - Processing /home/airflow/.local/lib/python3.7/site-packages/airflow/example_dags/tutorial_dag.py took 0.188 seconds
[2023-05-06T02:16:05.970+0000] {processor.py:153} INFO - Started process (PID=5948) to work on /home/airflow/.local/lib/python3.7/site-packages/airflow/example_dags/tutorial_dag.py
[2023-05-06T02:16:05.972+0000] {processor.py:743} INFO - Processing file /home/airflow/.local/lib/python3.7/site-packages/airflow/example_dags/tutorial_dag.py for tasks to queue
[2023-05-06T02:16:05.975+0000] {logging_mixin.py:137} INFO - [2023-05-06T02:16:05.975+0000] {dagbag.py:532} INFO - Filling up the DagBag from /home/airflow/.local/lib/python3.7/site-packages/airflow/example_dags/tutorial_dag.py
[2023-05-06T02:16:06.004+0000] {processor.py:753} INFO - DAG(s) dict_keys(['tutorial_dag']) retrieved from /home/airflow/.local/lib/python3.7/site-packages/airflow/example_dags/tutorial_dag.py
[2023-05-06T02:16:06.056+0000] {logging_mixin.py:137} INFO - [2023-05-06T02:16:06.056+0000] {dag.py:2705} INFO - Sync 1 DAGs
[2023-05-06T02:16:06.100+0000] {logging_mixin.py:137} INFO - [2023-05-06T02:16:06.100+0000] {dag.py:3456} INFO - Setting next_dagrun for tutorial_dag to None, run_after=None
[2023-05-06T02:16:06.139+0000] {processor.py:175} INFO - Processing /home/airflow/.local/lib/python3.7/site-packages/airflow/example_dags/tutorial_dag.py took 0.177 seconds
[2023-05-06T02:16:40.046+0000] {processor.py:153} INFO - Started process (PID=6007) to work on /home/airflow/.local/lib/python3.7/site-packages/airflow/example_dags/tutorial_dag.py
[2023-05-06T02:16:40.055+0000] {processor.py:743} INFO - Processing file /home/airflow/.local/lib/python3.7/site-packages/airflow/example_dags/tutorial_dag.py for tasks to queue
[2023-05-06T02:16:40.058+0000] {logging_mixin.py:137} INFO - [2023-05-06T02:16:40.057+0000] {dagbag.py:532} INFO - Filling up the DagBag from /home/airflow/.local/lib/python3.7/site-packages/airflow/example_dags/tutorial_dag.py
[2023-05-06T02:16:40.235+0000] {processor.py:753} INFO - DAG(s) dict_keys(['tutorial_dag']) retrieved from /home/airflow/.local/lib/python3.7/site-packages/airflow/example_dags/tutorial_dag.py
[2023-05-06T02:16:40.477+0000] {logging_mixin.py:137} INFO - [2023-05-06T02:16:40.477+0000] {dag.py:2705} INFO - Sync 1 DAGs
[2023-05-06T02:16:40.649+0000] {logging_mixin.py:137} INFO - [2023-05-06T02:16:40.649+0000] {dag.py:3456} INFO - Setting next_dagrun for tutorial_dag to None, run_after=None
[2023-05-06T02:16:40.809+0000] {processor.py:175} INFO - Processing /home/airflow/.local/lib/python3.7/site-packages/airflow/example_dags/tutorial_dag.py took 0.802 seconds
[2023-05-06T02:17:13.294+0000] {processor.py:153} INFO - Started process (PID=6059) to work on /home/airflow/.local/lib/python3.7/site-packages/airflow/example_dags/tutorial_dag.py
[2023-05-06T02:17:13.301+0000] {processor.py:743} INFO - Processing file /home/airflow/.local/lib/python3.7/site-packages/airflow/example_dags/tutorial_dag.py for tasks to queue
[2023-05-06T02:17:13.316+0000] {logging_mixin.py:137} INFO - [2023-05-06T02:17:13.315+0000] {dagbag.py:532} INFO - Filling up the DagBag from /home/airflow/.local/lib/python3.7/site-packages/airflow/example_dags/tutorial_dag.py
[2023-05-06T02:17:13.393+0000] {processor.py:753} INFO - DAG(s) dict_keys(['tutorial_dag']) retrieved from /home/airflow/.local/lib/python3.7/site-packages/airflow/example_dags/tutorial_dag.py
[2023-05-06T02:17:13.639+0000] {logging_mixin.py:137} INFO - [2023-05-06T02:17:13.638+0000] {dag.py:2705} INFO - Sync 1 DAGs
[2023-05-06T02:17:13.791+0000] {logging_mixin.py:137} INFO - [2023-05-06T02:17:13.790+0000] {dag.py:3456} INFO - Setting next_dagrun for tutorial_dag to None, run_after=None
[2023-05-06T02:17:13.873+0000] {processor.py:175} INFO - Processing /home/airflow/.local/lib/python3.7/site-packages/airflow/example_dags/tutorial_dag.py took 0.603 seconds
[2023-05-06T02:21:22.950+0000] {processor.py:153} INFO - Started process (PID=6142) to work on /home/airflow/.local/lib/python3.7/site-packages/airflow/example_dags/tutorial_dag.py
[2023-05-06T02:21:23.606+0000] {processor.py:743} INFO - Processing file /home/airflow/.local/lib/python3.7/site-packages/airflow/example_dags/tutorial_dag.py for tasks to queue
[2023-05-06T02:21:23.807+0000] {logging_mixin.py:137} INFO - [2023-05-06T02:21:23.785+0000] {dagbag.py:532} INFO - Filling up the DagBag from /home/airflow/.local/lib/python3.7/site-packages/airflow/example_dags/tutorial_dag.py
[2023-05-06T02:21:43.282+0000] {processor.py:753} INFO - DAG(s) dict_keys(['tutorial_dag']) retrieved from /home/airflow/.local/lib/python3.7/site-packages/airflow/example_dags/tutorial_dag.py
[2023-05-06T02:22:07.935+0000] {logging_mixin.py:137} INFO - [2023-05-06T02:22:07.934+0000] {dag.py:2705} INFO - Sync 1 DAGs
