[2023-04-19T08:57:50.181+0000] {processor.py:153} INFO - Started process (PID=36) to work on /home/airflow/.local/lib/python3.7/site-packages/airflow/example_dags/example_branch_operator.py
[2023-04-19T08:57:50.193+0000] {processor.py:743} INFO - Processing file /home/airflow/.local/lib/python3.7/site-packages/airflow/example_dags/example_branch_operator.py for tasks to queue
[2023-04-19T08:57:50.206+0000] {logging_mixin.py:137} INFO - [2023-04-19T08:57:50.206+0000] {dagbag.py:532} INFO - Filling up the DagBag from /home/airflow/.local/lib/python3.7/site-packages/airflow/example_dags/example_branch_operator.py
[2023-04-19T08:57:50.395+0000] {processor.py:753} INFO - DAG(s) dict_keys(['example_branch_operator']) retrieved from /home/airflow/.local/lib/python3.7/site-packages/airflow/example_dags/example_branch_operator.py
[2023-04-19T08:57:50.579+0000] {logging_mixin.py:137} INFO - [2023-04-19T08:57:50.578+0000] {dag.py:2705} INFO - Sync 1 DAGs
[2023-04-19T08:57:50.695+0000] {logging_mixin.py:137} INFO - [2023-04-19T08:57:50.695+0000] {dag.py:3456} INFO - Setting next_dagrun for example_branch_operator to 2023-04-18T00:00:00+00:00, run_after=2023-04-19T00:00:00+00:00
[2023-04-19T08:57:50.868+0000] {processor.py:175} INFO - Processing /home/airflow/.local/lib/python3.7/site-packages/airflow/example_dags/example_branch_operator.py took 0.705 seconds
[2023-04-19T08:58:20.951+0000] {processor.py:153} INFO - Started process (PID=86) to work on /home/airflow/.local/lib/python3.7/site-packages/airflow/example_dags/example_branch_operator.py
[2023-04-19T08:58:20.954+0000] {processor.py:743} INFO - Processing file /home/airflow/.local/lib/python3.7/site-packages/airflow/example_dags/example_branch_operator.py for tasks to queue
[2023-04-19T08:58:20.957+0000] {logging_mixin.py:137} INFO - [2023-04-19T08:58:20.957+0000] {dagbag.py:532} INFO - Filling up the DagBag from /home/airflow/.local/lib/python3.7/site-packages/airflow/example_dags/example_branch_operator.py
[2023-04-19T08:58:20.987+0000] {processor.py:753} INFO - DAG(s) dict_keys(['example_branch_operator']) retrieved from /home/airflow/.local/lib/python3.7/site-packages/airflow/example_dags/example_branch_operator.py
[2023-04-19T08:58:21.024+0000] {logging_mixin.py:137} INFO - [2023-04-19T08:58:21.024+0000] {dag.py:2705} INFO - Sync 1 DAGs
[2023-04-19T08:58:21.062+0000] {logging_mixin.py:137} INFO - [2023-04-19T08:58:21.062+0000] {dag.py:3456} INFO - Setting next_dagrun for example_branch_operator to 2023-04-18T00:00:00+00:00, run_after=2023-04-19T00:00:00+00:00
[2023-04-19T08:58:21.091+0000] {processor.py:175} INFO - Processing /home/airflow/.local/lib/python3.7/site-packages/airflow/example_dags/example_branch_operator.py took 0.151 seconds
[2023-04-19T08:58:51.180+0000] {processor.py:153} INFO - Started process (PID=139) to work on /home/airflow/.local/lib/python3.7/site-packages/airflow/example_dags/example_branch_operator.py
[2023-04-19T08:58:51.182+0000] {processor.py:743} INFO - Processing file /home/airflow/.local/lib/python3.7/site-packages/airflow/example_dags/example_branch_operator.py for tasks to queue
[2023-04-19T08:58:51.184+0000] {logging_mixin.py:137} INFO - [2023-04-19T08:58:51.184+0000] {dagbag.py:532} INFO - Filling up the DagBag from /home/airflow/.local/lib/python3.7/site-packages/airflow/example_dags/example_branch_operator.py
[2023-04-19T08:58:51.219+0000] {processor.py:753} INFO - DAG(s) dict_keys(['example_branch_operator']) retrieved from /home/airflow/.local/lib/python3.7/site-packages/airflow/example_dags/example_branch_operator.py
[2023-04-19T08:58:51.267+0000] {logging_mixin.py:137} INFO - [2023-04-19T08:58:51.267+0000] {dag.py:2705} INFO - Sync 1 DAGs
[2023-04-19T08:58:51.315+0000] {logging_mixin.py:137} INFO - [2023-04-19T08:58:51.315+0000] {dag.py:3456} INFO - Setting next_dagrun for example_branch_operator to 2023-04-18T00:00:00+00:00, run_after=2023-04-19T00:00:00+00:00
[2023-04-19T08:58:51.348+0000] {processor.py:175} INFO - Processing /home/airflow/.local/lib/python3.7/site-packages/airflow/example_dags/example_branch_operator.py took 0.178 seconds
[2023-04-19T08:59:21.620+0000] {processor.py:153} INFO - Started process (PID=190) to work on /home/airflow/.local/lib/python3.7/site-packages/airflow/example_dags/example_branch_operator.py
[2023-04-19T08:59:21.625+0000] {processor.py:743} INFO - Processing file /home/airflow/.local/lib/python3.7/site-packages/airflow/example_dags/example_branch_operator.py for tasks to queue
[2023-04-19T08:59:21.629+0000] {logging_mixin.py:137} INFO - [2023-04-19T08:59:21.628+0000] {dagbag.py:532} INFO - Filling up the DagBag from /home/airflow/.local/lib/python3.7/site-packages/airflow/example_dags/example_branch_operator.py
[2023-04-19T08:59:21.667+0000] {processor.py:753} INFO - DAG(s) dict_keys(['example_branch_operator']) retrieved from /home/airflow/.local/lib/python3.7/site-packages/airflow/example_dags/example_branch_operator.py
[2023-04-19T08:59:21.714+0000] {logging_mixin.py:137} INFO - [2023-04-19T08:59:21.714+0000] {dag.py:2705} INFO - Sync 1 DAGs
[2023-04-19T08:59:21.759+0000] {logging_mixin.py:137} INFO - [2023-04-19T08:59:21.758+0000] {dag.py:3456} INFO - Setting next_dagrun for example_branch_operator to 2023-04-18T00:00:00+00:00, run_after=2023-04-19T00:00:00+00:00
[2023-04-19T08:59:21.788+0000] {processor.py:175} INFO - Processing /home/airflow/.local/lib/python3.7/site-packages/airflow/example_dags/example_branch_operator.py took 0.185 seconds
[2023-04-19T08:59:52.244+0000] {processor.py:153} INFO - Started process (PID=241) to work on /home/airflow/.local/lib/python3.7/site-packages/airflow/example_dags/example_branch_operator.py
[2023-04-19T08:59:52.247+0000] {processor.py:743} INFO - Processing file /home/airflow/.local/lib/python3.7/site-packages/airflow/example_dags/example_branch_operator.py for tasks to queue
[2023-04-19T08:59:52.249+0000] {logging_mixin.py:137} INFO - [2023-04-19T08:59:52.249+0000] {dagbag.py:532} INFO - Filling up the DagBag from /home/airflow/.local/lib/python3.7/site-packages/airflow/example_dags/example_branch_operator.py
[2023-04-19T08:59:52.282+0000] {processor.py:753} INFO - DAG(s) dict_keys(['example_branch_operator']) retrieved from /home/airflow/.local/lib/python3.7/site-packages/airflow/example_dags/example_branch_operator.py
[2023-04-19T08:59:52.344+0000] {logging_mixin.py:137} INFO - [2023-04-19T08:59:52.344+0000] {dag.py:2705} INFO - Sync 1 DAGs
[2023-04-19T08:59:52.402+0000] {logging_mixin.py:137} INFO - [2023-04-19T08:59:52.402+0000] {dag.py:3456} INFO - Setting next_dagrun for example_branch_operator to 2023-04-18T00:00:00+00:00, run_after=2023-04-19T00:00:00+00:00
[2023-04-19T08:59:52.444+0000] {processor.py:175} INFO - Processing /home/airflow/.local/lib/python3.7/site-packages/airflow/example_dags/example_branch_operator.py took 0.208 seconds
[2023-04-19T09:00:22.605+0000] {processor.py:153} INFO - Started process (PID=294) to work on /home/airflow/.local/lib/python3.7/site-packages/airflow/example_dags/example_branch_operator.py
[2023-04-19T09:00:22.607+0000] {processor.py:743} INFO - Processing file /home/airflow/.local/lib/python3.7/site-packages/airflow/example_dags/example_branch_operator.py for tasks to queue
[2023-04-19T09:00:22.610+0000] {logging_mixin.py:137} INFO - [2023-04-19T09:00:22.609+0000] {dagbag.py:532} INFO - Filling up the DagBag from /home/airflow/.local/lib/python3.7/site-packages/airflow/example_dags/example_branch_operator.py
[2023-04-19T09:00:22.662+0000] {processor.py:753} INFO - DAG(s) dict_keys(['example_branch_operator']) retrieved from /home/airflow/.local/lib/python3.7/site-packages/airflow/example_dags/example_branch_operator.py
[2023-04-19T09:00:22.761+0000] {logging_mixin.py:137} INFO - [2023-04-19T09:00:22.760+0000] {dag.py:2705} INFO - Sync 1 DAGs
[2023-04-19T09:00:22.875+0000] {logging_mixin.py:137} INFO - [2023-04-19T09:00:22.874+0000] {dag.py:3456} INFO - Setting next_dagrun for example_branch_operator to 2023-04-18T00:00:00+00:00, run_after=2023-04-19T00:00:00+00:00
[2023-04-19T09:00:22.956+0000] {processor.py:175} INFO - Processing /home/airflow/.local/lib/python3.7/site-packages/airflow/example_dags/example_branch_operator.py took 0.380 seconds
[2023-04-19T09:00:53.813+0000] {processor.py:153} INFO - Started process (PID=345) to work on /home/airflow/.local/lib/python3.7/site-packages/airflow/example_dags/example_branch_operator.py
[2023-04-19T09:00:53.820+0000] {processor.py:743} INFO - Processing file /home/airflow/.local/lib/python3.7/site-packages/airflow/example_dags/example_branch_operator.py for tasks to queue
[2023-04-19T09:00:53.833+0000] {logging_mixin.py:137} INFO - [2023-04-19T09:00:53.833+0000] {dagbag.py:532} INFO - Filling up the DagBag from /home/airflow/.local/lib/python3.7/site-packages/airflow/example_dags/example_branch_operator.py
[2023-04-19T09:00:53.982+0000] {processor.py:753} INFO - DAG(s) dict_keys(['example_branch_operator']) retrieved from /home/airflow/.local/lib/python3.7/site-packages/airflow/example_dags/example_branch_operator.py
[2023-04-19T09:00:54.133+0000] {logging_mixin.py:137} INFO - [2023-04-19T09:00:54.132+0000] {dag.py:2705} INFO - Sync 1 DAGs
[2023-04-19T09:00:54.360+0000] {logging_mixin.py:137} INFO - [2023-04-19T09:00:54.358+0000] {dag.py:3456} INFO - Setting next_dagrun for example_branch_operator to 2023-04-18T00:00:00+00:00, run_after=2023-04-19T00:00:00+00:00
[2023-04-19T09:00:54.506+0000] {processor.py:175} INFO - Processing /home/airflow/.local/lib/python3.7/site-packages/airflow/example_dags/example_branch_operator.py took 0.703 seconds
[2023-04-19T09:01:25.110+0000] {processor.py:153} INFO - Started process (PID=398) to work on /home/airflow/.local/lib/python3.7/site-packages/airflow/example_dags/example_branch_operator.py
[2023-04-19T09:01:25.124+0000] {processor.py:743} INFO - Processing file /home/airflow/.local/lib/python3.7/site-packages/airflow/example_dags/example_branch_operator.py for tasks to queue
[2023-04-19T09:01:25.127+0000] {logging_mixin.py:137} INFO - [2023-04-19T09:01:25.127+0000] {dagbag.py:532} INFO - Filling up the DagBag from /home/airflow/.local/lib/python3.7/site-packages/airflow/example_dags/example_branch_operator.py
[2023-04-19T09:01:25.171+0000] {processor.py:753} INFO - DAG(s) dict_keys(['example_branch_operator']) retrieved from /home/airflow/.local/lib/python3.7/site-packages/airflow/example_dags/example_branch_operator.py
[2023-04-19T09:01:25.232+0000] {logging_mixin.py:137} INFO - [2023-04-19T09:01:25.231+0000] {dag.py:2705} INFO - Sync 1 DAGs
[2023-04-19T09:01:25.282+0000] {logging_mixin.py:137} INFO - [2023-04-19T09:01:25.282+0000] {dag.py:3456} INFO - Setting next_dagrun for example_branch_operator to 2023-04-18T00:00:00+00:00, run_after=2023-04-19T00:00:00+00:00
[2023-04-19T09:01:25.311+0000] {processor.py:175} INFO - Processing /home/airflow/.local/lib/python3.7/site-packages/airflow/example_dags/example_branch_operator.py took 0.206 seconds
[2023-04-19T09:01:55.434+0000] {processor.py:153} INFO - Started process (PID=452) to work on /home/airflow/.local/lib/python3.7/site-packages/airflow/example_dags/example_branch_operator.py
[2023-04-19T09:01:55.436+0000] {processor.py:743} INFO - Processing file /home/airflow/.local/lib/python3.7/site-packages/airflow/example_dags/example_branch_operator.py for tasks to queue
[2023-04-19T09:01:55.438+0000] {logging_mixin.py:137} INFO - [2023-04-19T09:01:55.438+0000] {dagbag.py:532} INFO - Filling up the DagBag from /home/airflow/.local/lib/python3.7/site-packages/airflow/example_dags/example_branch_operator.py
[2023-04-19T09:01:55.492+0000] {processor.py:753} INFO - DAG(s) dict_keys(['example_branch_operator']) retrieved from /home/airflow/.local/lib/python3.7/site-packages/airflow/example_dags/example_branch_operator.py
[2023-04-19T09:01:55.557+0000] {logging_mixin.py:137} INFO - [2023-04-19T09:01:55.556+0000] {dag.py:2705} INFO - Sync 1 DAGs
[2023-04-19T09:01:55.605+0000] {logging_mixin.py:137} INFO - [2023-04-19T09:01:55.605+0000] {dag.py:3456} INFO - Setting next_dagrun for example_branch_operator to 2023-04-18T00:00:00+00:00, run_after=2023-04-19T00:00:00+00:00
[2023-04-19T09:01:55.655+0000] {processor.py:175} INFO - Processing /home/airflow/.local/lib/python3.7/site-packages/airflow/example_dags/example_branch_operator.py took 0.226 seconds
[2023-04-19T09:02:25.785+0000] {processor.py:153} INFO - Started process (PID=505) to work on /home/airflow/.local/lib/python3.7/site-packages/airflow/example_dags/example_branch_operator.py
[2023-04-19T09:02:25.787+0000] {processor.py:743} INFO - Processing file /home/airflow/.local/lib/python3.7/site-packages/airflow/example_dags/example_branch_operator.py for tasks to queue
[2023-04-19T09:02:25.791+0000] {logging_mixin.py:137} INFO - [2023-04-19T09:02:25.790+0000] {dagbag.py:532} INFO - Filling up the DagBag from /home/airflow/.local/lib/python3.7/site-packages/airflow/example_dags/example_branch_operator.py
[2023-04-19T09:02:25.829+0000] {processor.py:753} INFO - DAG(s) dict_keys(['example_branch_operator']) retrieved from /home/airflow/.local/lib/python3.7/site-packages/airflow/example_dags/example_branch_operator.py
[2023-04-19T09:02:25.885+0000] {logging_mixin.py:137} INFO - [2023-04-19T09:02:25.885+0000] {dag.py:2705} INFO - Sync 1 DAGs
[2023-04-19T09:02:25.939+0000] {logging_mixin.py:137} INFO - [2023-04-19T09:02:25.939+0000] {dag.py:3456} INFO - Setting next_dagrun for example_branch_operator to 2023-04-18T00:00:00+00:00, run_after=2023-04-19T00:00:00+00:00
[2023-04-19T09:02:25.967+0000] {processor.py:175} INFO - Processing /home/airflow/.local/lib/python3.7/site-packages/airflow/example_dags/example_branch_operator.py took 0.187 seconds
[2023-04-19T09:02:56.167+0000] {processor.py:153} INFO - Started process (PID=556) to work on /home/airflow/.local/lib/python3.7/site-packages/airflow/example_dags/example_branch_operator.py
[2023-04-19T09:02:56.169+0000] {processor.py:743} INFO - Processing file /home/airflow/.local/lib/python3.7/site-packages/airflow/example_dags/example_branch_operator.py for tasks to queue
[2023-04-19T09:02:56.172+0000] {logging_mixin.py:137} INFO - [2023-04-19T09:02:56.172+0000] {dagbag.py:532} INFO - Filling up the DagBag from /home/airflow/.local/lib/python3.7/site-packages/airflow/example_dags/example_branch_operator.py
[2023-04-19T09:02:56.213+0000] {processor.py:753} INFO - DAG(s) dict_keys(['example_branch_operator']) retrieved from /home/airflow/.local/lib/python3.7/site-packages/airflow/example_dags/example_branch_operator.py
[2023-04-19T09:02:56.268+0000] {logging_mixin.py:137} INFO - [2023-04-19T09:02:56.268+0000] {dag.py:2705} INFO - Sync 1 DAGs
[2023-04-19T09:02:56.341+0000] {logging_mixin.py:137} INFO - [2023-04-19T09:02:56.341+0000] {dag.py:3456} INFO - Setting next_dagrun for example_branch_operator to 2023-04-18T00:00:00+00:00, run_after=2023-04-19T00:00:00+00:00
[2023-04-19T09:02:56.375+0000] {processor.py:175} INFO - Processing /home/airflow/.local/lib/python3.7/site-packages/airflow/example_dags/example_branch_operator.py took 0.218 seconds
[2023-04-19T09:03:26.495+0000] {processor.py:153} INFO - Started process (PID=611) to work on /home/airflow/.local/lib/python3.7/site-packages/airflow/example_dags/example_branch_operator.py
[2023-04-19T09:03:26.497+0000] {processor.py:743} INFO - Processing file /home/airflow/.local/lib/python3.7/site-packages/airflow/example_dags/example_branch_operator.py for tasks to queue
[2023-04-19T09:03:26.499+0000] {logging_mixin.py:137} INFO - [2023-04-19T09:03:26.498+0000] {dagbag.py:532} INFO - Filling up the DagBag from /home/airflow/.local/lib/python3.7/site-packages/airflow/example_dags/example_branch_operator.py
[2023-04-19T09:03:26.526+0000] {processor.py:753} INFO - DAG(s) dict_keys(['example_branch_operator']) retrieved from /home/airflow/.local/lib/python3.7/site-packages/airflow/example_dags/example_branch_operator.py
[2023-04-19T09:03:26.569+0000] {logging_mixin.py:137} INFO - [2023-04-19T09:03:26.569+0000] {dag.py:2705} INFO - Sync 1 DAGs
[2023-04-19T09:03:26.619+0000] {logging_mixin.py:137} INFO - [2023-04-19T09:03:26.619+0000] {dag.py:3456} INFO - Setting next_dagrun for example_branch_operator to 2023-04-18T00:00:00+00:00, run_after=2023-04-19T00:00:00+00:00
[2023-04-19T09:03:26.665+0000] {processor.py:175} INFO - Processing /home/airflow/.local/lib/python3.7/site-packages/airflow/example_dags/example_branch_operator.py took 0.175 seconds
[2023-04-19T09:03:56.873+0000] {processor.py:153} INFO - Started process (PID=663) to work on /home/airflow/.local/lib/python3.7/site-packages/airflow/example_dags/example_branch_operator.py
[2023-04-19T09:03:56.875+0000] {processor.py:743} INFO - Processing file /home/airflow/.local/lib/python3.7/site-packages/airflow/example_dags/example_branch_operator.py for tasks to queue
[2023-04-19T09:03:56.877+0000] {logging_mixin.py:137} INFO - [2023-04-19T09:03:56.877+0000] {dagbag.py:532} INFO - Filling up the DagBag from /home/airflow/.local/lib/python3.7/site-packages/airflow/example_dags/example_branch_operator.py
[2023-04-19T09:03:56.908+0000] {processor.py:753} INFO - DAG(s) dict_keys(['example_branch_operator']) retrieved from /home/airflow/.local/lib/python3.7/site-packages/airflow/example_dags/example_branch_operator.py
[2023-04-19T09:03:56.951+0000] {logging_mixin.py:137} INFO - [2023-04-19T09:03:56.951+0000] {dag.py:2705} INFO - Sync 1 DAGs
[2023-04-19T09:03:56.994+0000] {logging_mixin.py:137} INFO - [2023-04-19T09:03:56.994+0000] {dag.py:3456} INFO - Setting next_dagrun for example_branch_operator to 2023-04-18T00:00:00+00:00, run_after=2023-04-19T00:00:00+00:00
[2023-04-19T09:03:57.037+0000] {processor.py:175} INFO - Processing /home/airflow/.local/lib/python3.7/site-packages/airflow/example_dags/example_branch_operator.py took 0.169 seconds
[2023-04-19T09:04:27.535+0000] {processor.py:153} INFO - Started process (PID=714) to work on /home/airflow/.local/lib/python3.7/site-packages/airflow/example_dags/example_branch_operator.py
[2023-04-19T09:04:27.539+0000] {processor.py:743} INFO - Processing file /home/airflow/.local/lib/python3.7/site-packages/airflow/example_dags/example_branch_operator.py for tasks to queue
[2023-04-19T09:04:27.542+0000] {logging_mixin.py:137} INFO - [2023-04-19T09:04:27.542+0000] {dagbag.py:532} INFO - Filling up the DagBag from /home/airflow/.local/lib/python3.7/site-packages/airflow/example_dags/example_branch_operator.py
[2023-04-19T09:04:27.575+0000] {processor.py:753} INFO - DAG(s) dict_keys(['example_branch_operator']) retrieved from /home/airflow/.local/lib/python3.7/site-packages/airflow/example_dags/example_branch_operator.py
[2023-04-19T09:04:27.625+0000] {logging_mixin.py:137} INFO - [2023-04-19T09:04:27.625+0000] {dag.py:2705} INFO - Sync 1 DAGs
[2023-04-19T09:04:27.704+0000] {logging_mixin.py:137} INFO - [2023-04-19T09:04:27.704+0000] {dag.py:3456} INFO - Setting next_dagrun for example_branch_operator to 2023-04-18T00:00:00+00:00, run_after=2023-04-19T00:00:00+00:00
[2023-04-19T09:04:27.737+0000] {processor.py:175} INFO - Processing /home/airflow/.local/lib/python3.7/site-packages/airflow/example_dags/example_branch_operator.py took 0.220 seconds
[2023-04-19T09:04:57.839+0000] {processor.py:153} INFO - Started process (PID=768) to work on /home/airflow/.local/lib/python3.7/site-packages/airflow/example_dags/example_branch_operator.py
[2023-04-19T09:04:57.841+0000] {processor.py:743} INFO - Processing file /home/airflow/.local/lib/python3.7/site-packages/airflow/example_dags/example_branch_operator.py for tasks to queue
[2023-04-19T09:04:57.842+0000] {logging_mixin.py:137} INFO - [2023-04-19T09:04:57.842+0000] {dagbag.py:532} INFO - Filling up the DagBag from /home/airflow/.local/lib/python3.7/site-packages/airflow/example_dags/example_branch_operator.py
[2023-04-19T09:04:57.867+0000] {processor.py:753} INFO - DAG(s) dict_keys(['example_branch_operator']) retrieved from /home/airflow/.local/lib/python3.7/site-packages/airflow/example_dags/example_branch_operator.py
[2023-04-19T09:04:57.907+0000] {logging_mixin.py:137} INFO - [2023-04-19T09:04:57.907+0000] {dag.py:2705} INFO - Sync 1 DAGs
[2023-04-19T09:04:57.943+0000] {logging_mixin.py:137} INFO - [2023-04-19T09:04:57.943+0000] {dag.py:3456} INFO - Setting next_dagrun for example_branch_operator to 2023-04-18T00:00:00+00:00, run_after=2023-04-19T00:00:00+00:00
[2023-04-19T09:04:57.967+0000] {processor.py:175} INFO - Processing /home/airflow/.local/lib/python3.7/site-packages/airflow/example_dags/example_branch_operator.py took 0.132 seconds
[2023-04-19T09:05:28.017+0000] {processor.py:153} INFO - Started process (PID=818) to work on /home/airflow/.local/lib/python3.7/site-packages/airflow/example_dags/example_branch_operator.py
[2023-04-19T09:05:28.019+0000] {processor.py:743} INFO - Processing file /home/airflow/.local/lib/python3.7/site-packages/airflow/example_dags/example_branch_operator.py for tasks to queue
[2023-04-19T09:05:28.021+0000] {logging_mixin.py:137} INFO - [2023-04-19T09:05:28.021+0000] {dagbag.py:532} INFO - Filling up the DagBag from /home/airflow/.local/lib/python3.7/site-packages/airflow/example_dags/example_branch_operator.py
[2023-04-19T09:05:28.047+0000] {processor.py:753} INFO - DAG(s) dict_keys(['example_branch_operator']) retrieved from /home/airflow/.local/lib/python3.7/site-packages/airflow/example_dags/example_branch_operator.py
[2023-04-19T09:05:28.089+0000] {logging_mixin.py:137} INFO - [2023-04-19T09:05:28.089+0000] {dag.py:2705} INFO - Sync 1 DAGs
[2023-04-19T09:05:28.125+0000] {logging_mixin.py:137} INFO - [2023-04-19T09:05:28.125+0000] {dag.py:3456} INFO - Setting next_dagrun for example_branch_operator to 2023-04-18T00:00:00+00:00, run_after=2023-04-19T00:00:00+00:00
[2023-04-19T09:05:28.159+0000] {processor.py:175} INFO - Processing /home/airflow/.local/lib/python3.7/site-packages/airflow/example_dags/example_branch_operator.py took 0.147 seconds
[2023-04-19T09:05:58.253+0000] {processor.py:153} INFO - Started process (PID=870) to work on /home/airflow/.local/lib/python3.7/site-packages/airflow/example_dags/example_branch_operator.py
[2023-04-19T09:05:58.255+0000] {processor.py:743} INFO - Processing file /home/airflow/.local/lib/python3.7/site-packages/airflow/example_dags/example_branch_operator.py for tasks to queue
[2023-04-19T09:05:58.256+0000] {logging_mixin.py:137} INFO - [2023-04-19T09:05:58.256+0000] {dagbag.py:532} INFO - Filling up the DagBag from /home/airflow/.local/lib/python3.7/site-packages/airflow/example_dags/example_branch_operator.py
[2023-04-19T09:05:58.282+0000] {processor.py:753} INFO - DAG(s) dict_keys(['example_branch_operator']) retrieved from /home/airflow/.local/lib/python3.7/site-packages/airflow/example_dags/example_branch_operator.py
[2023-04-19T09:05:58.338+0000] {logging_mixin.py:137} INFO - [2023-04-19T09:05:58.338+0000] {dag.py:2705} INFO - Sync 1 DAGs
[2023-04-19T09:05:58.382+0000] {logging_mixin.py:137} INFO - [2023-04-19T09:05:58.382+0000] {dag.py:3456} INFO - Setting next_dagrun for example_branch_operator to 2023-04-18T00:00:00+00:00, run_after=2023-04-19T00:00:00+00:00
[2023-04-19T09:05:58.414+0000] {processor.py:175} INFO - Processing /home/airflow/.local/lib/python3.7/site-packages/airflow/example_dags/example_branch_operator.py took 0.167 seconds
[2023-04-19T09:06:28.885+0000] {processor.py:153} INFO - Started process (PID=923) to work on /home/airflow/.local/lib/python3.7/site-packages/airflow/example_dags/example_branch_operator.py
[2023-04-19T09:06:28.887+0000] {processor.py:743} INFO - Processing file /home/airflow/.local/lib/python3.7/site-packages/airflow/example_dags/example_branch_operator.py for tasks to queue
[2023-04-19T09:06:28.889+0000] {logging_mixin.py:137} INFO - [2023-04-19T09:06:28.889+0000] {dagbag.py:532} INFO - Filling up the DagBag from /home/airflow/.local/lib/python3.7/site-packages/airflow/example_dags/example_branch_operator.py
[2023-04-19T09:06:28.921+0000] {processor.py:753} INFO - DAG(s) dict_keys(['example_branch_operator']) retrieved from /home/airflow/.local/lib/python3.7/site-packages/airflow/example_dags/example_branch_operator.py
[2023-04-19T09:06:29.014+0000] {logging_mixin.py:137} INFO - [2023-04-19T09:06:29.013+0000] {dag.py:2705} INFO - Sync 1 DAGs
[2023-04-19T09:06:29.072+0000] {logging_mixin.py:137} INFO - [2023-04-19T09:06:29.071+0000] {dag.py:3456} INFO - Setting next_dagrun for example_branch_operator to 2023-04-18T00:00:00+00:00, run_after=2023-04-19T00:00:00+00:00
[2023-04-19T09:06:29.113+0000] {processor.py:175} INFO - Processing /home/airflow/.local/lib/python3.7/site-packages/airflow/example_dags/example_branch_operator.py took 0.233 seconds
[2023-04-19T09:06:59.267+0000] {processor.py:153} INFO - Started process (PID=975) to work on /home/airflow/.local/lib/python3.7/site-packages/airflow/example_dags/example_branch_operator.py
[2023-04-19T09:06:59.277+0000] {processor.py:743} INFO - Processing file /home/airflow/.local/lib/python3.7/site-packages/airflow/example_dags/example_branch_operator.py for tasks to queue
[2023-04-19T09:06:59.280+0000] {logging_mixin.py:137} INFO - [2023-04-19T09:06:59.280+0000] {dagbag.py:532} INFO - Filling up the DagBag from /home/airflow/.local/lib/python3.7/site-packages/airflow/example_dags/example_branch_operator.py
[2023-04-19T09:06:59.355+0000] {processor.py:753} INFO - DAG(s) dict_keys(['example_branch_operator']) retrieved from /home/airflow/.local/lib/python3.7/site-packages/airflow/example_dags/example_branch_operator.py
[2023-04-19T09:06:59.505+0000] {logging_mixin.py:137} INFO - [2023-04-19T09:06:59.504+0000] {dag.py:2705} INFO - Sync 1 DAGs
[2023-04-19T09:06:59.584+0000] {logging_mixin.py:137} INFO - [2023-04-19T09:06:59.584+0000] {dag.py:3456} INFO - Setting next_dagrun for example_branch_operator to 2023-04-18T00:00:00+00:00, run_after=2023-04-19T00:00:00+00:00
[2023-04-19T09:06:59.642+0000] {processor.py:175} INFO - Processing /home/airflow/.local/lib/python3.7/site-packages/airflow/example_dags/example_branch_operator.py took 0.382 seconds
[2023-04-19T09:07:29.772+0000] {processor.py:153} INFO - Started process (PID=1027) to work on /home/airflow/.local/lib/python3.7/site-packages/airflow/example_dags/example_branch_operator.py
[2023-04-19T09:07:29.775+0000] {processor.py:743} INFO - Processing file /home/airflow/.local/lib/python3.7/site-packages/airflow/example_dags/example_branch_operator.py for tasks to queue
[2023-04-19T09:07:29.780+0000] {logging_mixin.py:137} INFO - [2023-04-19T09:07:29.779+0000] {dagbag.py:532} INFO - Filling up the DagBag from /home/airflow/.local/lib/python3.7/site-packages/airflow/example_dags/example_branch_operator.py
[2023-04-19T09:07:29.820+0000] {processor.py:753} INFO - DAG(s) dict_keys(['example_branch_operator']) retrieved from /home/airflow/.local/lib/python3.7/site-packages/airflow/example_dags/example_branch_operator.py
[2023-04-19T09:07:29.892+0000] {logging_mixin.py:137} INFO - [2023-04-19T09:07:29.891+0000] {dag.py:2705} INFO - Sync 1 DAGs
[2023-04-19T09:07:29.965+0000] {logging_mixin.py:137} INFO - [2023-04-19T09:07:29.965+0000] {dag.py:3456} INFO - Setting next_dagrun for example_branch_operator to 2023-04-18T00:00:00+00:00, run_after=2023-04-19T00:00:00+00:00
[2023-04-19T09:07:30.011+0000] {processor.py:175} INFO - Processing /home/airflow/.local/lib/python3.7/site-packages/airflow/example_dags/example_branch_operator.py took 0.250 seconds
[2023-04-19T09:08:00.764+0000] {processor.py:153} INFO - Started process (PID=1079) to work on /home/airflow/.local/lib/python3.7/site-packages/airflow/example_dags/example_branch_operator.py
[2023-04-19T09:08:00.766+0000] {processor.py:743} INFO - Processing file /home/airflow/.local/lib/python3.7/site-packages/airflow/example_dags/example_branch_operator.py for tasks to queue
[2023-04-19T09:08:00.767+0000] {logging_mixin.py:137} INFO - [2023-04-19T09:08:00.767+0000] {dagbag.py:532} INFO - Filling up the DagBag from /home/airflow/.local/lib/python3.7/site-packages/airflow/example_dags/example_branch_operator.py
[2023-04-19T09:08:00.808+0000] {processor.py:753} INFO - DAG(s) dict_keys(['example_branch_operator']) retrieved from /home/airflow/.local/lib/python3.7/site-packages/airflow/example_dags/example_branch_operator.py
[2023-04-19T09:08:00.848+0000] {logging_mixin.py:137} INFO - [2023-04-19T09:08:00.848+0000] {dag.py:2705} INFO - Sync 1 DAGs
[2023-04-19T09:08:00.914+0000] {logging_mixin.py:137} INFO - [2023-04-19T09:08:00.914+0000] {dag.py:3456} INFO - Setting next_dagrun for example_branch_operator to 2023-04-18T00:00:00+00:00, run_after=2023-04-19T00:00:00+00:00
[2023-04-19T09:08:00.940+0000] {processor.py:175} INFO - Processing /home/airflow/.local/lib/python3.7/site-packages/airflow/example_dags/example_branch_operator.py took 0.182 seconds
[2023-04-19T09:09:25.467+0000] {processor.py:153} INFO - Started process (PID=1129) to work on /home/airflow/.local/lib/python3.7/site-packages/airflow/example_dags/example_branch_operator.py
[2023-04-19T09:09:25.472+0000] {processor.py:743} INFO - Processing file /home/airflow/.local/lib/python3.7/site-packages/airflow/example_dags/example_branch_operator.py for tasks to queue
[2023-04-19T09:09:25.474+0000] {logging_mixin.py:137} INFO - [2023-04-19T09:09:25.474+0000] {dagbag.py:532} INFO - Filling up the DagBag from /home/airflow/.local/lib/python3.7/site-packages/airflow/example_dags/example_branch_operator.py
[2023-04-19T09:09:25.519+0000] {processor.py:753} INFO - DAG(s) dict_keys(['example_branch_operator']) retrieved from /home/airflow/.local/lib/python3.7/site-packages/airflow/example_dags/example_branch_operator.py
[2023-04-19T09:09:25.563+0000] {logging_mixin.py:137} INFO - [2023-04-19T09:09:25.563+0000] {dag.py:2705} INFO - Sync 1 DAGs
[2023-04-19T09:09:25.615+0000] {logging_mixin.py:137} INFO - [2023-04-19T09:09:25.615+0000] {dag.py:3456} INFO - Setting next_dagrun for example_branch_operator to 2023-04-18T00:00:00+00:00, run_after=2023-04-19T00:00:00+00:00
[2023-04-19T09:09:25.646+0000] {processor.py:175} INFO - Processing /home/airflow/.local/lib/python3.7/site-packages/airflow/example_dags/example_branch_operator.py took 0.184 seconds
[2023-04-19T09:09:55.837+0000] {processor.py:153} INFO - Started process (PID=1182) to work on /home/airflow/.local/lib/python3.7/site-packages/airflow/example_dags/example_branch_operator.py
[2023-04-19T09:09:55.838+0000] {processor.py:743} INFO - Processing file /home/airflow/.local/lib/python3.7/site-packages/airflow/example_dags/example_branch_operator.py for tasks to queue
[2023-04-19T09:09:55.840+0000] {logging_mixin.py:137} INFO - [2023-04-19T09:09:55.840+0000] {dagbag.py:532} INFO - Filling up the DagBag from /home/airflow/.local/lib/python3.7/site-packages/airflow/example_dags/example_branch_operator.py
[2023-04-19T09:09:55.864+0000] {processor.py:753} INFO - DAG(s) dict_keys(['example_branch_operator']) retrieved from /home/airflow/.local/lib/python3.7/site-packages/airflow/example_dags/example_branch_operator.py
[2023-04-19T09:09:55.904+0000] {logging_mixin.py:137} INFO - [2023-04-19T09:09:55.904+0000] {dag.py:2705} INFO - Sync 1 DAGs
[2023-04-19T09:09:55.939+0000] {logging_mixin.py:137} INFO - [2023-04-19T09:09:55.939+0000] {dag.py:3456} INFO - Setting next_dagrun for example_branch_operator to 2023-04-18T00:00:00+00:00, run_after=2023-04-19T00:00:00+00:00
[2023-04-19T09:09:55.966+0000] {processor.py:175} INFO - Processing /home/airflow/.local/lib/python3.7/site-packages/airflow/example_dags/example_branch_operator.py took 0.134 seconds
[2023-04-19T09:10:26.203+0000] {processor.py:153} INFO - Started process (PID=1236) to work on /home/airflow/.local/lib/python3.7/site-packages/airflow/example_dags/example_branch_operator.py
[2023-04-19T09:10:26.205+0000] {processor.py:743} INFO - Processing file /home/airflow/.local/lib/python3.7/site-packages/airflow/example_dags/example_branch_operator.py for tasks to queue
[2023-04-19T09:10:26.207+0000] {logging_mixin.py:137} INFO - [2023-04-19T09:10:26.206+0000] {dagbag.py:532} INFO - Filling up the DagBag from /home/airflow/.local/lib/python3.7/site-packages/airflow/example_dags/example_branch_operator.py
[2023-04-19T09:10:26.230+0000] {processor.py:753} INFO - DAG(s) dict_keys(['example_branch_operator']) retrieved from /home/airflow/.local/lib/python3.7/site-packages/airflow/example_dags/example_branch_operator.py
[2023-04-19T09:10:26.268+0000] {logging_mixin.py:137} INFO - [2023-04-19T09:10:26.268+0000] {dag.py:2705} INFO - Sync 1 DAGs
[2023-04-19T09:10:26.302+0000] {logging_mixin.py:137} INFO - [2023-04-19T09:10:26.302+0000] {dag.py:3456} INFO - Setting next_dagrun for example_branch_operator to 2023-04-18T00:00:00+00:00, run_after=2023-04-19T00:00:00+00:00
[2023-04-19T09:10:26.329+0000] {processor.py:175} INFO - Processing /home/airflow/.local/lib/python3.7/site-packages/airflow/example_dags/example_branch_operator.py took 0.130 seconds
[2023-04-19T09:10:56.538+0000] {processor.py:153} INFO - Started process (PID=1288) to work on /home/airflow/.local/lib/python3.7/site-packages/airflow/example_dags/example_branch_operator.py
[2023-04-19T09:10:56.543+0000] {processor.py:743} INFO - Processing file /home/airflow/.local/lib/python3.7/site-packages/airflow/example_dags/example_branch_operator.py for tasks to queue
[2023-04-19T09:10:56.552+0000] {logging_mixin.py:137} INFO - [2023-04-19T09:10:56.550+0000] {dagbag.py:532} INFO - Filling up the DagBag from /home/airflow/.local/lib/python3.7/site-packages/airflow/example_dags/example_branch_operator.py
[2023-04-19T09:10:56.625+0000] {processor.py:753} INFO - DAG(s) dict_keys(['example_branch_operator']) retrieved from /home/airflow/.local/lib/python3.7/site-packages/airflow/example_dags/example_branch_operator.py
[2023-04-19T09:10:56.717+0000] {logging_mixin.py:137} INFO - [2023-04-19T09:10:56.717+0000] {dag.py:2705} INFO - Sync 1 DAGs
[2023-04-19T09:10:56.840+0000] {logging_mixin.py:137} INFO - [2023-04-19T09:10:56.839+0000] {dag.py:3456} INFO - Setting next_dagrun for example_branch_operator to 2023-04-18T00:00:00+00:00, run_after=2023-04-19T00:00:00+00:00
[2023-04-19T09:10:56.866+0000] {processor.py:175} INFO - Processing /home/airflow/.local/lib/python3.7/site-packages/airflow/example_dags/example_branch_operator.py took 0.344 seconds
[2023-04-19T09:11:27.673+0000] {processor.py:153} INFO - Started process (PID=1338) to work on /home/airflow/.local/lib/python3.7/site-packages/airflow/example_dags/example_branch_operator.py
[2023-04-19T09:11:27.682+0000] {processor.py:743} INFO - Processing file /home/airflow/.local/lib/python3.7/site-packages/airflow/example_dags/example_branch_operator.py for tasks to queue
[2023-04-19T09:11:27.696+0000] {logging_mixin.py:137} INFO - [2023-04-19T09:11:27.696+0000] {dagbag.py:532} INFO - Filling up the DagBag from /home/airflow/.local/lib/python3.7/site-packages/airflow/example_dags/example_branch_operator.py
[2023-04-19T09:11:27.779+0000] {processor.py:753} INFO - DAG(s) dict_keys(['example_branch_operator']) retrieved from /home/airflow/.local/lib/python3.7/site-packages/airflow/example_dags/example_branch_operator.py
[2023-04-19T09:11:27.861+0000] {logging_mixin.py:137} INFO - [2023-04-19T09:11:27.860+0000] {dag.py:2705} INFO - Sync 1 DAGs
[2023-04-19T09:11:27.947+0000] {logging_mixin.py:137} INFO - [2023-04-19T09:11:27.946+0000] {dag.py:3456} INFO - Setting next_dagrun for example_branch_operator to 2023-04-18T00:00:00+00:00, run_after=2023-04-19T00:00:00+00:00
[2023-04-19T09:11:28.008+0000] {processor.py:175} INFO - Processing /home/airflow/.local/lib/python3.7/site-packages/airflow/example_dags/example_branch_operator.py took 0.350 seconds
[2023-04-19T09:11:58.477+0000] {processor.py:153} INFO - Started process (PID=1389) to work on /home/airflow/.local/lib/python3.7/site-packages/airflow/example_dags/example_branch_operator.py
[2023-04-19T09:11:58.484+0000] {processor.py:743} INFO - Processing file /home/airflow/.local/lib/python3.7/site-packages/airflow/example_dags/example_branch_operator.py for tasks to queue
[2023-04-19T09:11:58.490+0000] {logging_mixin.py:137} INFO - [2023-04-19T09:11:58.488+0000] {dagbag.py:532} INFO - Filling up the DagBag from /home/airflow/.local/lib/python3.7/site-packages/airflow/example_dags/example_branch_operator.py
[2023-04-19T09:11:58.602+0000] {processor.py:753} INFO - DAG(s) dict_keys(['example_branch_operator']) retrieved from /home/airflow/.local/lib/python3.7/site-packages/airflow/example_dags/example_branch_operator.py
[2023-04-19T09:11:58.674+0000] {logging_mixin.py:137} INFO - [2023-04-19T09:11:58.670+0000] {dag.py:2705} INFO - Sync 1 DAGs
[2023-04-19T09:11:58.729+0000] {logging_mixin.py:137} INFO - [2023-04-19T09:11:58.729+0000] {dag.py:3456} INFO - Setting next_dagrun for example_branch_operator to 2023-04-18T00:00:00+00:00, run_after=2023-04-19T00:00:00+00:00
[2023-04-19T09:11:58.764+0000] {processor.py:175} INFO - Processing /home/airflow/.local/lib/python3.7/site-packages/airflow/example_dags/example_branch_operator.py took 0.307 seconds
[2023-04-19T09:29:35.947+0000] {processor.py:153} INFO - Started process (PID=1440) to work on /home/airflow/.local/lib/python3.7/site-packages/airflow/example_dags/example_branch_operator.py
[2023-04-19T09:29:35.949+0000] {processor.py:743} INFO - Processing file /home/airflow/.local/lib/python3.7/site-packages/airflow/example_dags/example_branch_operator.py for tasks to queue
[2023-04-19T09:29:35.951+0000] {logging_mixin.py:137} INFO - [2023-04-19T09:29:35.950+0000] {dagbag.py:532} INFO - Filling up the DagBag from /home/airflow/.local/lib/python3.7/site-packages/airflow/example_dags/example_branch_operator.py
[2023-04-19T09:29:36.018+0000] {processor.py:753} INFO - DAG(s) dict_keys(['example_branch_operator']) retrieved from /home/airflow/.local/lib/python3.7/site-packages/airflow/example_dags/example_branch_operator.py
[2023-04-19T09:29:36.121+0000] {logging_mixin.py:137} INFO - [2023-04-19T09:29:36.121+0000] {dag.py:2705} INFO - Sync 1 DAGs
[2023-04-19T09:29:36.207+0000] {logging_mixin.py:137} INFO - [2023-04-19T09:29:36.206+0000] {dag.py:3456} INFO - Setting next_dagrun for example_branch_operator to 2023-04-18T00:00:00+00:00, run_after=2023-04-19T00:00:00+00:00
[2023-04-19T09:29:36.254+0000] {processor.py:175} INFO - Processing /home/airflow/.local/lib/python3.7/site-packages/airflow/example_dags/example_branch_operator.py took 0.322 seconds
[2023-04-19T10:00:56.925+0000] {processor.py:153} INFO - Started process (PID=1491) to work on /home/airflow/.local/lib/python3.7/site-packages/airflow/example_dags/example_branch_operator.py
[2023-04-19T10:00:56.936+0000] {processor.py:743} INFO - Processing file /home/airflow/.local/lib/python3.7/site-packages/airflow/example_dags/example_branch_operator.py for tasks to queue
[2023-04-19T10:00:56.950+0000] {logging_mixin.py:137} INFO - [2023-04-19T10:00:56.947+0000] {dagbag.py:532} INFO - Filling up the DagBag from /home/airflow/.local/lib/python3.7/site-packages/airflow/example_dags/example_branch_operator.py
[2023-04-19T10:00:57.150+0000] {processor.py:753} INFO - DAG(s) dict_keys(['example_branch_operator']) retrieved from /home/airflow/.local/lib/python3.7/site-packages/airflow/example_dags/example_branch_operator.py
[2023-04-19T10:00:57.390+0000] {logging_mixin.py:137} INFO - [2023-04-19T10:00:57.389+0000] {dag.py:2705} INFO - Sync 1 DAGs
[2023-04-19T10:00:57.638+0000] {logging_mixin.py:137} INFO - [2023-04-19T10:00:57.637+0000] {dag.py:3456} INFO - Setting next_dagrun for example_branch_operator to 2023-04-18T00:00:00+00:00, run_after=2023-04-19T00:00:00+00:00
[2023-04-19T10:00:57.858+0000] {processor.py:175} INFO - Processing /home/airflow/.local/lib/python3.7/site-packages/airflow/example_dags/example_branch_operator.py took 0.967 seconds
[2023-04-19T10:16:50.483+0000] {processor.py:153} INFO - Started process (PID=1541) to work on /home/airflow/.local/lib/python3.7/site-packages/airflow/example_dags/example_branch_operator.py
[2023-04-19T10:16:50.492+0000] {processor.py:743} INFO - Processing file /home/airflow/.local/lib/python3.7/site-packages/airflow/example_dags/example_branch_operator.py for tasks to queue
[2023-04-19T10:16:50.499+0000] {logging_mixin.py:137} INFO - [2023-04-19T10:16:50.498+0000] {dagbag.py:532} INFO - Filling up the DagBag from /home/airflow/.local/lib/python3.7/site-packages/airflow/example_dags/example_branch_operator.py
[2023-04-19T10:16:50.698+0000] {processor.py:753} INFO - DAG(s) dict_keys(['example_branch_operator']) retrieved from /home/airflow/.local/lib/python3.7/site-packages/airflow/example_dags/example_branch_operator.py
[2023-04-19T10:16:51.125+0000] {logging_mixin.py:137} INFO - [2023-04-19T10:16:51.124+0000] {dag.py:2705} INFO - Sync 1 DAGs
[2023-04-19T10:16:51.422+0000] {logging_mixin.py:137} INFO - [2023-04-19T10:16:51.422+0000] {dag.py:3456} INFO - Setting next_dagrun for example_branch_operator to 2023-04-18T00:00:00+00:00, run_after=2023-04-19T00:00:00+00:00
[2023-04-19T10:16:51.716+0000] {processor.py:175} INFO - Processing /home/airflow/.local/lib/python3.7/site-packages/airflow/example_dags/example_branch_operator.py took 1.331 seconds
[2023-04-19T12:32:40.569+0000] {processor.py:153} INFO - Started process (PID=1593) to work on /home/airflow/.local/lib/python3.7/site-packages/airflow/example_dags/example_branch_operator.py
[2023-04-19T12:32:40.586+0000] {processor.py:743} INFO - Processing file /home/airflow/.local/lib/python3.7/site-packages/airflow/example_dags/example_branch_operator.py for tasks to queue
[2023-04-19T12:32:40.588+0000] {logging_mixin.py:137} INFO - [2023-04-19T12:32:40.588+0000] {dagbag.py:532} INFO - Filling up the DagBag from /home/airflow/.local/lib/python3.7/site-packages/airflow/example_dags/example_branch_operator.py
[2023-04-19T12:32:40.696+0000] {processor.py:753} INFO - DAG(s) dict_keys(['example_branch_operator']) retrieved from /home/airflow/.local/lib/python3.7/site-packages/airflow/example_dags/example_branch_operator.py
[2023-04-19T12:32:40.771+0000] {logging_mixin.py:137} INFO - [2023-04-19T12:32:40.771+0000] {dag.py:2705} INFO - Sync 1 DAGs
[2023-04-19T12:32:40.864+0000] {logging_mixin.py:137} INFO - [2023-04-19T12:32:40.863+0000] {dag.py:3456} INFO - Setting next_dagrun for example_branch_operator to 2023-04-18T00:00:00+00:00, run_after=2023-04-19T00:00:00+00:00
[2023-04-19T12:32:40.900+0000] {processor.py:175} INFO - Processing /home/airflow/.local/lib/python3.7/site-packages/airflow/example_dags/example_branch_operator.py took 0.345 seconds
[2023-04-19T12:33:11.306+0000] {processor.py:153} INFO - Started process (PID=1645) to work on /home/airflow/.local/lib/python3.7/site-packages/airflow/example_dags/example_branch_operator.py
[2023-04-19T12:33:11.316+0000] {processor.py:743} INFO - Processing file /home/airflow/.local/lib/python3.7/site-packages/airflow/example_dags/example_branch_operator.py for tasks to queue
[2023-04-19T12:33:11.320+0000] {logging_mixin.py:137} INFO - [2023-04-19T12:33:11.318+0000] {dagbag.py:532} INFO - Filling up the DagBag from /home/airflow/.local/lib/python3.7/site-packages/airflow/example_dags/example_branch_operator.py
[2023-04-19T12:33:11.358+0000] {processor.py:753} INFO - DAG(s) dict_keys(['example_branch_operator']) retrieved from /home/airflow/.local/lib/python3.7/site-packages/airflow/example_dags/example_branch_operator.py
[2023-04-19T12:33:11.404+0000] {logging_mixin.py:137} INFO - [2023-04-19T12:33:11.404+0000] {dag.py:2705} INFO - Sync 1 DAGs
[2023-04-19T12:33:11.495+0000] {logging_mixin.py:137} INFO - [2023-04-19T12:33:11.494+0000] {dag.py:3456} INFO - Setting next_dagrun for example_branch_operator to 2023-04-18T00:00:00+00:00, run_after=2023-04-19T00:00:00+00:00
[2023-04-19T12:33:11.553+0000] {processor.py:175} INFO - Processing /home/airflow/.local/lib/python3.7/site-packages/airflow/example_dags/example_branch_operator.py took 0.256 seconds
[2023-04-19T13:31:36.660+0000] {processor.py:153} INFO - Started process (PID=1698) to work on /home/airflow/.local/lib/python3.7/site-packages/airflow/example_dags/example_branch_operator.py
[2023-04-19T13:31:36.690+0000] {processor.py:743} INFO - Processing file /home/airflow/.local/lib/python3.7/site-packages/airflow/example_dags/example_branch_operator.py for tasks to queue
[2023-04-19T13:31:36.714+0000] {logging_mixin.py:137} INFO - [2023-04-19T13:31:36.713+0000] {dagbag.py:532} INFO - Filling up the DagBag from /home/airflow/.local/lib/python3.7/site-packages/airflow/example_dags/example_branch_operator.py
[2023-04-19T13:31:37.107+0000] {processor.py:753} INFO - DAG(s) dict_keys(['example_branch_operator']) retrieved from /home/airflow/.local/lib/python3.7/site-packages/airflow/example_dags/example_branch_operator.py
[2023-04-19T13:31:37.627+0000] {logging_mixin.py:137} INFO - [2023-04-19T13:31:37.626+0000] {dag.py:2705} INFO - Sync 1 DAGs
[2023-04-19T13:31:38.124+0000] {logging_mixin.py:137} INFO - [2023-04-19T13:31:38.120+0000] {dag.py:3456} INFO - Setting next_dagrun for example_branch_operator to 2023-04-18T00:00:00+00:00, run_after=2023-04-19T00:00:00+00:00
[2023-04-19T13:31:38.524+0000] {processor.py:175} INFO - Processing /home/airflow/.local/lib/python3.7/site-packages/airflow/example_dags/example_branch_operator.py took 1.941 seconds
[2023-04-19T14:25:33.174+0000] {processor.py:153} INFO - Started process (PID=1749) to work on /home/airflow/.local/lib/python3.7/site-packages/airflow/example_dags/example_branch_operator.py
[2023-04-19T14:25:33.178+0000] {processor.py:743} INFO - Processing file /home/airflow/.local/lib/python3.7/site-packages/airflow/example_dags/example_branch_operator.py for tasks to queue
[2023-04-19T14:25:33.184+0000] {logging_mixin.py:137} INFO - [2023-04-19T14:25:33.184+0000] {dagbag.py:532} INFO - Filling up the DagBag from /home/airflow/.local/lib/python3.7/site-packages/airflow/example_dags/example_branch_operator.py
[2023-04-19T14:25:33.240+0000] {processor.py:753} INFO - DAG(s) dict_keys(['example_branch_operator']) retrieved from /home/airflow/.local/lib/python3.7/site-packages/airflow/example_dags/example_branch_operator.py
[2023-04-19T14:25:33.360+0000] {logging_mixin.py:137} INFO - [2023-04-19T14:25:33.359+0000] {dag.py:2705} INFO - Sync 1 DAGs
[2023-04-19T14:25:33.446+0000] {logging_mixin.py:137} INFO - [2023-04-19T14:25:33.446+0000] {dag.py:3456} INFO - Setting next_dagrun for example_branch_operator to 2023-04-18T00:00:00+00:00, run_after=2023-04-19T00:00:00+00:00
[2023-04-19T14:25:33.499+0000] {processor.py:175} INFO - Processing /home/airflow/.local/lib/python3.7/site-packages/airflow/example_dags/example_branch_operator.py took 0.337 seconds
[2023-04-19T15:19:58.407+0000] {processor.py:153} INFO - Started process (PID=1801) to work on /home/airflow/.local/lib/python3.7/site-packages/airflow/example_dags/example_branch_operator.py
[2023-04-19T15:19:58.422+0000] {processor.py:743} INFO - Processing file /home/airflow/.local/lib/python3.7/site-packages/airflow/example_dags/example_branch_operator.py for tasks to queue
[2023-04-19T15:19:58.438+0000] {logging_mixin.py:137} INFO - [2023-04-19T15:19:58.430+0000] {dagbag.py:532} INFO - Filling up the DagBag from /home/airflow/.local/lib/python3.7/site-packages/airflow/example_dags/example_branch_operator.py
[2023-04-19T15:19:58.597+0000] {processor.py:753} INFO - DAG(s) dict_keys(['example_branch_operator']) retrieved from /home/airflow/.local/lib/python3.7/site-packages/airflow/example_dags/example_branch_operator.py
[2023-04-19T15:19:58.922+0000] {logging_mixin.py:137} INFO - [2023-04-19T15:19:58.921+0000] {dag.py:2705} INFO - Sync 1 DAGs
[2023-04-19T15:20:01.218+0000] {logging_mixin.py:137} INFO - [2023-04-19T15:20:01.218+0000] {dag.py:3456} INFO - Setting next_dagrun for example_branch_operator to 2023-04-18T00:00:00+00:00, run_after=2023-04-19T00:00:00+00:00
[2023-04-19T15:20:01.609+0000] {processor.py:175} INFO - Processing /home/airflow/.local/lib/python3.7/site-packages/airflow/example_dags/example_branch_operator.py took 3.241 seconds
[2023-04-19T17:07:20.422+0000] {processor.py:153} INFO - Started process (PID=1852) to work on /home/airflow/.local/lib/python3.7/site-packages/airflow/example_dags/example_branch_operator.py
[2023-04-19T17:07:20.432+0000] {processor.py:743} INFO - Processing file /home/airflow/.local/lib/python3.7/site-packages/airflow/example_dags/example_branch_operator.py for tasks to queue
[2023-04-19T17:07:20.439+0000] {logging_mixin.py:137} INFO - [2023-04-19T17:07:20.436+0000] {dagbag.py:532} INFO - Filling up the DagBag from /home/airflow/.local/lib/python3.7/site-packages/airflow/example_dags/example_branch_operator.py
[2023-04-19T17:07:20.493+0000] {processor.py:753} INFO - DAG(s) dict_keys(['example_branch_operator']) retrieved from /home/airflow/.local/lib/python3.7/site-packages/airflow/example_dags/example_branch_operator.py
[2023-04-19T17:07:20.633+0000] {logging_mixin.py:137} INFO - [2023-04-19T17:07:20.633+0000] {dag.py:2705} INFO - Sync 1 DAGs
[2023-04-19T17:07:20.729+0000] {logging_mixin.py:137} INFO - [2023-04-19T17:07:20.728+0000] {dag.py:3456} INFO - Setting next_dagrun for example_branch_operator to 2023-04-18T00:00:00+00:00, run_after=2023-04-19T00:00:00+00:00
[2023-04-19T17:07:20.789+0000] {processor.py:175} INFO - Processing /home/airflow/.local/lib/python3.7/site-packages/airflow/example_dags/example_branch_operator.py took 0.380 seconds
[2023-04-19T17:37:51.634+0000] {processor.py:153} INFO - Started process (PID=1903) to work on /home/airflow/.local/lib/python3.7/site-packages/airflow/example_dags/example_branch_operator.py
[2023-04-19T17:37:51.652+0000] {processor.py:743} INFO - Processing file /home/airflow/.local/lib/python3.7/site-packages/airflow/example_dags/example_branch_operator.py for tasks to queue
[2023-04-19T17:37:51.655+0000] {logging_mixin.py:137} INFO - [2023-04-19T17:37:51.655+0000] {dagbag.py:532} INFO - Filling up the DagBag from /home/airflow/.local/lib/python3.7/site-packages/airflow/example_dags/example_branch_operator.py
[2023-04-19T17:37:51.711+0000] {processor.py:753} INFO - DAG(s) dict_keys(['example_branch_operator']) retrieved from /home/airflow/.local/lib/python3.7/site-packages/airflow/example_dags/example_branch_operator.py
[2023-04-19T17:37:51.772+0000] {logging_mixin.py:137} INFO - [2023-04-19T17:37:51.772+0000] {dag.py:2705} INFO - Sync 1 DAGs
[2023-04-19T17:37:51.807+0000] {logging_mixin.py:137} INFO - [2023-04-19T17:37:51.807+0000] {dag.py:3456} INFO - Setting next_dagrun for example_branch_operator to 2023-04-18T00:00:00+00:00, run_after=2023-04-19T00:00:00+00:00
[2023-04-19T17:37:51.830+0000] {processor.py:175} INFO - Processing /home/airflow/.local/lib/python3.7/site-packages/airflow/example_dags/example_branch_operator.py took 0.207 seconds
[2023-04-19T19:26:02.008+0000] {processor.py:153} INFO - Started process (PID=1956) to work on /home/airflow/.local/lib/python3.7/site-packages/airflow/example_dags/example_branch_operator.py
[2023-04-19T19:26:02.012+0000] {processor.py:743} INFO - Processing file /home/airflow/.local/lib/python3.7/site-packages/airflow/example_dags/example_branch_operator.py for tasks to queue
[2023-04-19T19:26:02.014+0000] {logging_mixin.py:137} INFO - [2023-04-19T19:26:02.014+0000] {dagbag.py:532} INFO - Filling up the DagBag from /home/airflow/.local/lib/python3.7/site-packages/airflow/example_dags/example_branch_operator.py
[2023-04-19T19:26:02.076+0000] {processor.py:753} INFO - DAG(s) dict_keys(['example_branch_operator']) retrieved from /home/airflow/.local/lib/python3.7/site-packages/airflow/example_dags/example_branch_operator.py
[2023-04-19T19:26:02.203+0000] {logging_mixin.py:137} INFO - [2023-04-19T19:26:02.203+0000] {dag.py:2705} INFO - Sync 1 DAGs
[2023-04-19T19:26:02.294+0000] {logging_mixin.py:137} INFO - [2023-04-19T19:26:02.294+0000] {dag.py:3456} INFO - Setting next_dagrun for example_branch_operator to 2023-04-18T00:00:00+00:00, run_after=2023-04-19T00:00:00+00:00
[2023-04-19T19:26:02.337+0000] {processor.py:175} INFO - Processing /home/airflow/.local/lib/python3.7/site-packages/airflow/example_dags/example_branch_operator.py took 0.347 seconds
[2023-04-19T21:13:11.488+0000] {processor.py:153} INFO - Started process (PID=2009) to work on /home/airflow/.local/lib/python3.7/site-packages/airflow/example_dags/example_branch_operator.py
[2023-04-19T21:13:11.506+0000] {processor.py:743} INFO - Processing file /home/airflow/.local/lib/python3.7/site-packages/airflow/example_dags/example_branch_operator.py for tasks to queue
[2023-04-19T21:13:11.539+0000] {logging_mixin.py:137} INFO - [2023-04-19T21:13:11.538+0000] {dagbag.py:532} INFO - Filling up the DagBag from /home/airflow/.local/lib/python3.7/site-packages/airflow/example_dags/example_branch_operator.py
[2023-04-19T21:13:12.139+0000] {processor.py:753} INFO - DAG(s) dict_keys(['example_branch_operator']) retrieved from /home/airflow/.local/lib/python3.7/site-packages/airflow/example_dags/example_branch_operator.py
[2023-04-19T21:13:12.718+0000] {logging_mixin.py:137} INFO - [2023-04-19T21:13:12.717+0000] {dag.py:2705} INFO - Sync 1 DAGs
[2023-04-19T21:13:13.213+0000] {logging_mixin.py:137} INFO - [2023-04-19T21:13:13.212+0000] {dag.py:3456} INFO - Setting next_dagrun for example_branch_operator to 2023-04-18T00:00:00+00:00, run_after=2023-04-19T00:00:00+00:00
[2023-04-19T21:13:13.446+0000] {processor.py:175} INFO - Processing /home/airflow/.local/lib/python3.7/site-packages/airflow/example_dags/example_branch_operator.py took 2.086 seconds
