[2023-04-19T08:58:06.249+0000] {processor.py:153} INFO - Started process (PID=76) to work on /home/airflow/.local/lib/python3.7/site-packages/airflow/example_dags/example_bash_operator.py
[2023-04-19T08:58:06.256+0000] {processor.py:743} INFO - Processing file /home/airflow/.local/lib/python3.7/site-packages/airflow/example_dags/example_bash_operator.py for tasks to queue
[2023-04-19T08:58:06.264+0000] {logging_mixin.py:137} INFO - [2023-04-19T08:58:06.261+0000] {dagbag.py:532} INFO - Filling up the DagBag from /home/airflow/.local/lib/python3.7/site-packages/airflow/example_dags/example_bash_operator.py
[2023-04-19T08:58:06.361+0000] {processor.py:753} INFO - DAG(s) dict_keys(['example_bash_operator']) retrieved from /home/airflow/.local/lib/python3.7/site-packages/airflow/example_dags/example_bash_operator.py
[2023-04-19T08:58:06.452+0000] {logging_mixin.py:137} INFO - [2023-04-19T08:58:06.451+0000] {dag.py:2705} INFO - Sync 1 DAGs
[2023-04-19T08:58:06.528+0000] {logging_mixin.py:137} INFO - [2023-04-19T08:58:06.528+0000] {dag.py:3456} INFO - Setting next_dagrun for example_bash_operator to 2023-04-18T00:00:00+00:00, run_after=2023-04-19T00:00:00+00:00
[2023-04-19T08:58:06.598+0000] {processor.py:175} INFO - Processing /home/airflow/.local/lib/python3.7/site-packages/airflow/example_dags/example_bash_operator.py took 0.371 seconds
[2023-04-19T08:58:37.355+0000] {processor.py:153} INFO - Started process (PID=129) to work on /home/airflow/.local/lib/python3.7/site-packages/airflow/example_dags/example_bash_operator.py
[2023-04-19T08:58:37.363+0000] {processor.py:743} INFO - Processing file /home/airflow/.local/lib/python3.7/site-packages/airflow/example_dags/example_bash_operator.py for tasks to queue
[2023-04-19T08:58:37.372+0000] {logging_mixin.py:137} INFO - [2023-04-19T08:58:37.372+0000] {dagbag.py:532} INFO - Filling up the DagBag from /home/airflow/.local/lib/python3.7/site-packages/airflow/example_dags/example_bash_operator.py
[2023-04-19T08:58:37.759+0000] {processor.py:753} INFO - DAG(s) dict_keys(['example_bash_operator']) retrieved from /home/airflow/.local/lib/python3.7/site-packages/airflow/example_dags/example_bash_operator.py
[2023-04-19T08:58:38.167+0000] {logging_mixin.py:137} INFO - [2023-04-19T08:58:38.167+0000] {dag.py:2705} INFO - Sync 1 DAGs
[2023-04-19T08:58:38.379+0000] {logging_mixin.py:137} INFO - [2023-04-19T08:58:38.377+0000] {dag.py:3456} INFO - Setting next_dagrun for example_bash_operator to 2023-04-18T00:00:00+00:00, run_after=2023-04-19T00:00:00+00:00
[2023-04-19T08:58:38.576+0000] {processor.py:175} INFO - Processing /home/airflow/.local/lib/python3.7/site-packages/airflow/example_dags/example_bash_operator.py took 1.244 seconds
[2023-04-19T08:59:08.702+0000] {processor.py:153} INFO - Started process (PID=180) to work on /home/airflow/.local/lib/python3.7/site-packages/airflow/example_dags/example_bash_operator.py
[2023-04-19T08:59:08.705+0000] {processor.py:743} INFO - Processing file /home/airflow/.local/lib/python3.7/site-packages/airflow/example_dags/example_bash_operator.py for tasks to queue
[2023-04-19T08:59:08.708+0000] {logging_mixin.py:137} INFO - [2023-04-19T08:59:08.707+0000] {dagbag.py:532} INFO - Filling up the DagBag from /home/airflow/.local/lib/python3.7/site-packages/airflow/example_dags/example_bash_operator.py
[2023-04-19T08:59:08.784+0000] {processor.py:753} INFO - DAG(s) dict_keys(['example_bash_operator']) retrieved from /home/airflow/.local/lib/python3.7/site-packages/airflow/example_dags/example_bash_operator.py
[2023-04-19T08:59:08.885+0000] {logging_mixin.py:137} INFO - [2023-04-19T08:59:08.885+0000] {dag.py:2705} INFO - Sync 1 DAGs
[2023-04-19T08:59:08.922+0000] {logging_mixin.py:137} INFO - [2023-04-19T08:59:08.922+0000] {dag.py:3456} INFO - Setting next_dagrun for example_bash_operator to 2023-04-18T00:00:00+00:00, run_after=2023-04-19T00:00:00+00:00
[2023-04-19T08:59:08.945+0000] {processor.py:175} INFO - Processing /home/airflow/.local/lib/python3.7/site-packages/airflow/example_dags/example_bash_operator.py took 0.255 seconds
[2023-04-19T08:59:39.280+0000] {processor.py:153} INFO - Started process (PID=231) to work on /home/airflow/.local/lib/python3.7/site-packages/airflow/example_dags/example_bash_operator.py
[2023-04-19T08:59:39.283+0000] {processor.py:743} INFO - Processing file /home/airflow/.local/lib/python3.7/site-packages/airflow/example_dags/example_bash_operator.py for tasks to queue
[2023-04-19T08:59:39.285+0000] {logging_mixin.py:137} INFO - [2023-04-19T08:59:39.285+0000] {dagbag.py:532} INFO - Filling up the DagBag from /home/airflow/.local/lib/python3.7/site-packages/airflow/example_dags/example_bash_operator.py
[2023-04-19T08:59:39.325+0000] {processor.py:753} INFO - DAG(s) dict_keys(['example_bash_operator']) retrieved from /home/airflow/.local/lib/python3.7/site-packages/airflow/example_dags/example_bash_operator.py
[2023-04-19T08:59:39.391+0000] {logging_mixin.py:137} INFO - [2023-04-19T08:59:39.391+0000] {dag.py:2705} INFO - Sync 1 DAGs
[2023-04-19T08:59:39.432+0000] {logging_mixin.py:137} INFO - [2023-04-19T08:59:39.432+0000] {dag.py:3456} INFO - Setting next_dagrun for example_bash_operator to 2023-04-18T00:00:00+00:00, run_after=2023-04-19T00:00:00+00:00
[2023-04-19T08:59:39.458+0000] {processor.py:175} INFO - Processing /home/airflow/.local/lib/python3.7/site-packages/airflow/example_dags/example_bash_operator.py took 0.184 seconds
[2023-04-19T09:00:09.601+0000] {processor.py:153} INFO - Started process (PID=284) to work on /home/airflow/.local/lib/python3.7/site-packages/airflow/example_dags/example_bash_operator.py
[2023-04-19T09:00:09.607+0000] {processor.py:743} INFO - Processing file /home/airflow/.local/lib/python3.7/site-packages/airflow/example_dags/example_bash_operator.py for tasks to queue
[2023-04-19T09:00:09.609+0000] {logging_mixin.py:137} INFO - [2023-04-19T09:00:09.609+0000] {dagbag.py:532} INFO - Filling up the DagBag from /home/airflow/.local/lib/python3.7/site-packages/airflow/example_dags/example_bash_operator.py
[2023-04-19T09:00:09.642+0000] {processor.py:753} INFO - DAG(s) dict_keys(['example_bash_operator']) retrieved from /home/airflow/.local/lib/python3.7/site-packages/airflow/example_dags/example_bash_operator.py
[2023-04-19T09:00:09.725+0000] {logging_mixin.py:137} INFO - [2023-04-19T09:00:09.724+0000] {dag.py:2705} INFO - Sync 1 DAGs
[2023-04-19T09:00:09.774+0000] {logging_mixin.py:137} INFO - [2023-04-19T09:00:09.774+0000] {dag.py:3456} INFO - Setting next_dagrun for example_bash_operator to 2023-04-18T00:00:00+00:00, run_after=2023-04-19T00:00:00+00:00
[2023-04-19T09:00:09.804+0000] {processor.py:175} INFO - Processing /home/airflow/.local/lib/python3.7/site-packages/airflow/example_dags/example_bash_operator.py took 0.216 seconds
[2023-04-19T09:00:40.019+0000] {processor.py:153} INFO - Started process (PID=335) to work on /home/airflow/.local/lib/python3.7/site-packages/airflow/example_dags/example_bash_operator.py
[2023-04-19T09:00:40.021+0000] {processor.py:743} INFO - Processing file /home/airflow/.local/lib/python3.7/site-packages/airflow/example_dags/example_bash_operator.py for tasks to queue
[2023-04-19T09:00:40.025+0000] {logging_mixin.py:137} INFO - [2023-04-19T09:00:40.024+0000] {dagbag.py:532} INFO - Filling up the DagBag from /home/airflow/.local/lib/python3.7/site-packages/airflow/example_dags/example_bash_operator.py
[2023-04-19T09:00:40.092+0000] {processor.py:753} INFO - DAG(s) dict_keys(['example_bash_operator']) retrieved from /home/airflow/.local/lib/python3.7/site-packages/airflow/example_dags/example_bash_operator.py
[2023-04-19T09:00:40.170+0000] {logging_mixin.py:137} INFO - [2023-04-19T09:00:40.170+0000] {dag.py:2705} INFO - Sync 1 DAGs
[2023-04-19T09:00:40.223+0000] {logging_mixin.py:137} INFO - [2023-04-19T09:00:40.223+0000] {dag.py:3456} INFO - Setting next_dagrun for example_bash_operator to 2023-04-18T00:00:00+00:00, run_after=2023-04-19T00:00:00+00:00
[2023-04-19T09:00:40.267+0000] {processor.py:175} INFO - Processing /home/airflow/.local/lib/python3.7/site-packages/airflow/example_dags/example_bash_operator.py took 0.258 seconds
[2023-04-19T09:01:10.802+0000] {processor.py:153} INFO - Started process (PID=388) to work on /home/airflow/.local/lib/python3.7/site-packages/airflow/example_dags/example_bash_operator.py
[2023-04-19T09:01:10.806+0000] {processor.py:743} INFO - Processing file /home/airflow/.local/lib/python3.7/site-packages/airflow/example_dags/example_bash_operator.py for tasks to queue
[2023-04-19T09:01:10.810+0000] {logging_mixin.py:137} INFO - [2023-04-19T09:01:10.809+0000] {dagbag.py:532} INFO - Filling up the DagBag from /home/airflow/.local/lib/python3.7/site-packages/airflow/example_dags/example_bash_operator.py
[2023-04-19T09:01:10.874+0000] {processor.py:753} INFO - DAG(s) dict_keys(['example_bash_operator']) retrieved from /home/airflow/.local/lib/python3.7/site-packages/airflow/example_dags/example_bash_operator.py
[2023-04-19T09:01:10.977+0000] {logging_mixin.py:137} INFO - [2023-04-19T09:01:10.977+0000] {dag.py:2705} INFO - Sync 1 DAGs
[2023-04-19T09:01:11.031+0000] {logging_mixin.py:137} INFO - [2023-04-19T09:01:11.031+0000] {dag.py:3456} INFO - Setting next_dagrun for example_bash_operator to 2023-04-18T00:00:00+00:00, run_after=2023-04-19T00:00:00+00:00
[2023-04-19T09:01:11.060+0000] {processor.py:175} INFO - Processing /home/airflow/.local/lib/python3.7/site-packages/airflow/example_dags/example_bash_operator.py took 0.274 seconds
[2023-04-19T09:01:41.220+0000] {processor.py:153} INFO - Started process (PID=443) to work on /home/airflow/.local/lib/python3.7/site-packages/airflow/example_dags/example_bash_operator.py
[2023-04-19T09:01:41.223+0000] {processor.py:743} INFO - Processing file /home/airflow/.local/lib/python3.7/site-packages/airflow/example_dags/example_bash_operator.py for tasks to queue
[2023-04-19T09:01:41.225+0000] {logging_mixin.py:137} INFO - [2023-04-19T09:01:41.224+0000] {dagbag.py:532} INFO - Filling up the DagBag from /home/airflow/.local/lib/python3.7/site-packages/airflow/example_dags/example_bash_operator.py
[2023-04-19T09:01:41.266+0000] {processor.py:753} INFO - DAG(s) dict_keys(['example_bash_operator']) retrieved from /home/airflow/.local/lib/python3.7/site-packages/airflow/example_dags/example_bash_operator.py
[2023-04-19T09:01:41.339+0000] {logging_mixin.py:137} INFO - [2023-04-19T09:01:41.339+0000] {dag.py:2705} INFO - Sync 1 DAGs
[2023-04-19T09:01:41.417+0000] {logging_mixin.py:137} INFO - [2023-04-19T09:01:41.417+0000] {dag.py:3456} INFO - Setting next_dagrun for example_bash_operator to 2023-04-18T00:00:00+00:00, run_after=2023-04-19T00:00:00+00:00
[2023-04-19T09:01:41.451+0000] {processor.py:175} INFO - Processing /home/airflow/.local/lib/python3.7/site-packages/airflow/example_dags/example_bash_operator.py took 0.237 seconds
[2023-04-19T09:02:12.086+0000] {processor.py:153} INFO - Started process (PID=495) to work on /home/airflow/.local/lib/python3.7/site-packages/airflow/example_dags/example_bash_operator.py
[2023-04-19T09:02:12.088+0000] {processor.py:743} INFO - Processing file /home/airflow/.local/lib/python3.7/site-packages/airflow/example_dags/example_bash_operator.py for tasks to queue
[2023-04-19T09:02:12.090+0000] {logging_mixin.py:137} INFO - [2023-04-19T09:02:12.090+0000] {dagbag.py:532} INFO - Filling up the DagBag from /home/airflow/.local/lib/python3.7/site-packages/airflow/example_dags/example_bash_operator.py
[2023-04-19T09:02:12.127+0000] {processor.py:753} INFO - DAG(s) dict_keys(['example_bash_operator']) retrieved from /home/airflow/.local/lib/python3.7/site-packages/airflow/example_dags/example_bash_operator.py
[2023-04-19T09:02:12.209+0000] {logging_mixin.py:137} INFO - [2023-04-19T09:02:12.209+0000] {dag.py:2705} INFO - Sync 1 DAGs
[2023-04-19T09:02:12.251+0000] {logging_mixin.py:137} INFO - [2023-04-19T09:02:12.251+0000] {dag.py:3456} INFO - Setting next_dagrun for example_bash_operator to 2023-04-18T00:00:00+00:00, run_after=2023-04-19T00:00:00+00:00
[2023-04-19T09:02:12.283+0000] {processor.py:175} INFO - Processing /home/airflow/.local/lib/python3.7/site-packages/airflow/example_dags/example_bash_operator.py took 0.202 seconds
[2023-04-19T09:02:43.066+0000] {processor.py:153} INFO - Started process (PID=546) to work on /home/airflow/.local/lib/python3.7/site-packages/airflow/example_dags/example_bash_operator.py
[2023-04-19T09:02:43.069+0000] {processor.py:743} INFO - Processing file /home/airflow/.local/lib/python3.7/site-packages/airflow/example_dags/example_bash_operator.py for tasks to queue
[2023-04-19T09:02:43.071+0000] {logging_mixin.py:137} INFO - [2023-04-19T09:02:43.071+0000] {dagbag.py:532} INFO - Filling up the DagBag from /home/airflow/.local/lib/python3.7/site-packages/airflow/example_dags/example_bash_operator.py
[2023-04-19T09:02:43.131+0000] {processor.py:753} INFO - DAG(s) dict_keys(['example_bash_operator']) retrieved from /home/airflow/.local/lib/python3.7/site-packages/airflow/example_dags/example_bash_operator.py
[2023-04-19T09:02:43.254+0000] {logging_mixin.py:137} INFO - [2023-04-19T09:02:43.254+0000] {dag.py:2705} INFO - Sync 1 DAGs
[2023-04-19T09:02:43.321+0000] {logging_mixin.py:137} INFO - [2023-04-19T09:02:43.321+0000] {dag.py:3456} INFO - Setting next_dagrun for example_bash_operator to 2023-04-18T00:00:00+00:00, run_after=2023-04-19T00:00:00+00:00
[2023-04-19T09:02:43.355+0000] {processor.py:175} INFO - Processing /home/airflow/.local/lib/python3.7/site-packages/airflow/example_dags/example_bash_operator.py took 0.306 seconds
[2023-04-19T09:03:13.426+0000] {processor.py:153} INFO - Started process (PID=603) to work on /home/airflow/.local/lib/python3.7/site-packages/airflow/example_dags/example_bash_operator.py
[2023-04-19T09:03:13.429+0000] {processor.py:743} INFO - Processing file /home/airflow/.local/lib/python3.7/site-packages/airflow/example_dags/example_bash_operator.py for tasks to queue
[2023-04-19T09:03:13.432+0000] {logging_mixin.py:137} INFO - [2023-04-19T09:03:13.431+0000] {dagbag.py:532} INFO - Filling up the DagBag from /home/airflow/.local/lib/python3.7/site-packages/airflow/example_dags/example_bash_operator.py
[2023-04-19T09:03:13.478+0000] {processor.py:753} INFO - DAG(s) dict_keys(['example_bash_operator']) retrieved from /home/airflow/.local/lib/python3.7/site-packages/airflow/example_dags/example_bash_operator.py
[2023-04-19T09:03:13.546+0000] {logging_mixin.py:137} INFO - [2023-04-19T09:03:13.546+0000] {dag.py:2705} INFO - Sync 1 DAGs
[2023-04-19T09:03:13.596+0000] {logging_mixin.py:137} INFO - [2023-04-19T09:03:13.595+0000] {dag.py:3456} INFO - Setting next_dagrun for example_bash_operator to 2023-04-18T00:00:00+00:00, run_after=2023-04-19T00:00:00+00:00
[2023-04-19T09:03:13.631+0000] {processor.py:175} INFO - Processing /home/airflow/.local/lib/python3.7/site-packages/airflow/example_dags/example_bash_operator.py took 0.219 seconds
[2023-04-19T09:03:44.012+0000] {processor.py:153} INFO - Started process (PID=655) to work on /home/airflow/.local/lib/python3.7/site-packages/airflow/example_dags/example_bash_operator.py
[2023-04-19T09:03:44.015+0000] {processor.py:743} INFO - Processing file /home/airflow/.local/lib/python3.7/site-packages/airflow/example_dags/example_bash_operator.py for tasks to queue
[2023-04-19T09:03:44.017+0000] {logging_mixin.py:137} INFO - [2023-04-19T09:03:44.017+0000] {dagbag.py:532} INFO - Filling up the DagBag from /home/airflow/.local/lib/python3.7/site-packages/airflow/example_dags/example_bash_operator.py
[2023-04-19T09:03:44.133+0000] {processor.py:753} INFO - DAG(s) dict_keys(['example_bash_operator']) retrieved from /home/airflow/.local/lib/python3.7/site-packages/airflow/example_dags/example_bash_operator.py
[2023-04-19T09:03:44.226+0000] {logging_mixin.py:137} INFO - [2023-04-19T09:03:44.225+0000] {dag.py:2705} INFO - Sync 1 DAGs
[2023-04-19T09:03:44.307+0000] {logging_mixin.py:137} INFO - [2023-04-19T09:03:44.307+0000] {dag.py:3456} INFO - Setting next_dagrun for example_bash_operator to 2023-04-18T00:00:00+00:00, run_after=2023-04-19T00:00:00+00:00
[2023-04-19T09:03:44.344+0000] {processor.py:175} INFO - Processing /home/airflow/.local/lib/python3.7/site-packages/airflow/example_dags/example_bash_operator.py took 0.346 seconds
[2023-04-19T09:04:14.823+0000] {processor.py:153} INFO - Started process (PID=707) to work on /home/airflow/.local/lib/python3.7/site-packages/airflow/example_dags/example_bash_operator.py
[2023-04-19T09:04:14.829+0000] {processor.py:743} INFO - Processing file /home/airflow/.local/lib/python3.7/site-packages/airflow/example_dags/example_bash_operator.py for tasks to queue
[2023-04-19T09:04:14.831+0000] {logging_mixin.py:137} INFO - [2023-04-19T09:04:14.831+0000] {dagbag.py:532} INFO - Filling up the DagBag from /home/airflow/.local/lib/python3.7/site-packages/airflow/example_dags/example_bash_operator.py
[2023-04-19T09:04:14.914+0000] {processor.py:753} INFO - DAG(s) dict_keys(['example_bash_operator']) retrieved from /home/airflow/.local/lib/python3.7/site-packages/airflow/example_dags/example_bash_operator.py
[2023-04-19T09:04:14.994+0000] {logging_mixin.py:137} INFO - [2023-04-19T09:04:14.994+0000] {dag.py:2705} INFO - Sync 1 DAGs
[2023-04-19T09:04:15.044+0000] {logging_mixin.py:137} INFO - [2023-04-19T09:04:15.044+0000] {dag.py:3456} INFO - Setting next_dagrun for example_bash_operator to 2023-04-18T00:00:00+00:00, run_after=2023-04-19T00:00:00+00:00
[2023-04-19T09:04:15.077+0000] {processor.py:175} INFO - Processing /home/airflow/.local/lib/python3.7/site-packages/airflow/example_dags/example_bash_operator.py took 0.260 seconds
[2023-04-19T09:04:45.220+0000] {processor.py:153} INFO - Started process (PID=760) to work on /home/airflow/.local/lib/python3.7/site-packages/airflow/example_dags/example_bash_operator.py
[2023-04-19T09:04:45.223+0000] {processor.py:743} INFO - Processing file /home/airflow/.local/lib/python3.7/site-packages/airflow/example_dags/example_bash_operator.py for tasks to queue
[2023-04-19T09:04:45.226+0000] {logging_mixin.py:137} INFO - [2023-04-19T09:04:45.226+0000] {dagbag.py:532} INFO - Filling up the DagBag from /home/airflow/.local/lib/python3.7/site-packages/airflow/example_dags/example_bash_operator.py
[2023-04-19T09:04:45.285+0000] {processor.py:753} INFO - DAG(s) dict_keys(['example_bash_operator']) retrieved from /home/airflow/.local/lib/python3.7/site-packages/airflow/example_dags/example_bash_operator.py
[2023-04-19T09:04:45.386+0000] {logging_mixin.py:137} INFO - [2023-04-19T09:04:45.386+0000] {dag.py:2705} INFO - Sync 1 DAGs
[2023-04-19T09:04:45.427+0000] {logging_mixin.py:137} INFO - [2023-04-19T09:04:45.427+0000] {dag.py:3456} INFO - Setting next_dagrun for example_bash_operator to 2023-04-18T00:00:00+00:00, run_after=2023-04-19T00:00:00+00:00
[2023-04-19T09:04:45.454+0000] {processor.py:175} INFO - Processing /home/airflow/.local/lib/python3.7/site-packages/airflow/example_dags/example_bash_operator.py took 0.243 seconds
[2023-04-19T09:05:16.236+0000] {processor.py:153} INFO - Started process (PID=809) to work on /home/airflow/.local/lib/python3.7/site-packages/airflow/example_dags/example_bash_operator.py
[2023-04-19T09:05:16.238+0000] {processor.py:743} INFO - Processing file /home/airflow/.local/lib/python3.7/site-packages/airflow/example_dags/example_bash_operator.py for tasks to queue
[2023-04-19T09:05:16.240+0000] {logging_mixin.py:137} INFO - [2023-04-19T09:05:16.239+0000] {dagbag.py:532} INFO - Filling up the DagBag from /home/airflow/.local/lib/python3.7/site-packages/airflow/example_dags/example_bash_operator.py
[2023-04-19T09:05:16.271+0000] {processor.py:753} INFO - DAG(s) dict_keys(['example_bash_operator']) retrieved from /home/airflow/.local/lib/python3.7/site-packages/airflow/example_dags/example_bash_operator.py
[2023-04-19T09:05:16.336+0000] {logging_mixin.py:137} INFO - [2023-04-19T09:05:16.336+0000] {dag.py:2705} INFO - Sync 1 DAGs
[2023-04-19T09:05:16.377+0000] {logging_mixin.py:137} INFO - [2023-04-19T09:05:16.377+0000] {dag.py:3456} INFO - Setting next_dagrun for example_bash_operator to 2023-04-18T00:00:00+00:00, run_after=2023-04-19T00:00:00+00:00
[2023-04-19T09:05:16.416+0000] {processor.py:175} INFO - Processing /home/airflow/.local/lib/python3.7/site-packages/airflow/example_dags/example_bash_operator.py took 0.184 seconds
[2023-04-19T09:05:46.903+0000] {processor.py:153} INFO - Started process (PID=862) to work on /home/airflow/.local/lib/python3.7/site-packages/airflow/example_dags/example_bash_operator.py
[2023-04-19T09:05:46.906+0000] {processor.py:743} INFO - Processing file /home/airflow/.local/lib/python3.7/site-packages/airflow/example_dags/example_bash_operator.py for tasks to queue
[2023-04-19T09:05:46.908+0000] {logging_mixin.py:137} INFO - [2023-04-19T09:05:46.907+0000] {dagbag.py:532} INFO - Filling up the DagBag from /home/airflow/.local/lib/python3.7/site-packages/airflow/example_dags/example_bash_operator.py
[2023-04-19T09:05:46.941+0000] {processor.py:753} INFO - DAG(s) dict_keys(['example_bash_operator']) retrieved from /home/airflow/.local/lib/python3.7/site-packages/airflow/example_dags/example_bash_operator.py
[2023-04-19T09:05:47.002+0000] {logging_mixin.py:137} INFO - [2023-04-19T09:05:47.002+0000] {dag.py:2705} INFO - Sync 1 DAGs
[2023-04-19T09:05:47.056+0000] {logging_mixin.py:137} INFO - [2023-04-19T09:05:47.055+0000] {dag.py:3456} INFO - Setting next_dagrun for example_bash_operator to 2023-04-18T00:00:00+00:00, run_after=2023-04-19T00:00:00+00:00
[2023-04-19T09:05:47.093+0000] {processor.py:175} INFO - Processing /home/airflow/.local/lib/python3.7/site-packages/airflow/example_dags/example_bash_operator.py took 0.194 seconds
[2023-04-19T09:06:17.133+0000] {processor.py:153} INFO - Started process (PID=914) to work on /home/airflow/.local/lib/python3.7/site-packages/airflow/example_dags/example_bash_operator.py
[2023-04-19T09:06:17.135+0000] {processor.py:743} INFO - Processing file /home/airflow/.local/lib/python3.7/site-packages/airflow/example_dags/example_bash_operator.py for tasks to queue
[2023-04-19T09:06:17.138+0000] {logging_mixin.py:137} INFO - [2023-04-19T09:06:17.137+0000] {dagbag.py:532} INFO - Filling up the DagBag from /home/airflow/.local/lib/python3.7/site-packages/airflow/example_dags/example_bash_operator.py
[2023-04-19T09:06:17.181+0000] {processor.py:753} INFO - DAG(s) dict_keys(['example_bash_operator']) retrieved from /home/airflow/.local/lib/python3.7/site-packages/airflow/example_dags/example_bash_operator.py
[2023-04-19T09:06:17.258+0000] {logging_mixin.py:137} INFO - [2023-04-19T09:06:17.258+0000] {dag.py:2705} INFO - Sync 1 DAGs
[2023-04-19T09:06:17.313+0000] {logging_mixin.py:137} INFO - [2023-04-19T09:06:17.312+0000] {dag.py:3456} INFO - Setting next_dagrun for example_bash_operator to 2023-04-18T00:00:00+00:00, run_after=2023-04-19T00:00:00+00:00
[2023-04-19T09:06:17.355+0000] {processor.py:175} INFO - Processing /home/airflow/.local/lib/python3.7/site-packages/airflow/example_dags/example_bash_operator.py took 0.227 seconds
[2023-04-19T09:06:47.495+0000] {processor.py:153} INFO - Started process (PID=966) to work on /home/airflow/.local/lib/python3.7/site-packages/airflow/example_dags/example_bash_operator.py
[2023-04-19T09:06:47.497+0000] {processor.py:743} INFO - Processing file /home/airflow/.local/lib/python3.7/site-packages/airflow/example_dags/example_bash_operator.py for tasks to queue
[2023-04-19T09:06:47.499+0000] {logging_mixin.py:137} INFO - [2023-04-19T09:06:47.499+0000] {dagbag.py:532} INFO - Filling up the DagBag from /home/airflow/.local/lib/python3.7/site-packages/airflow/example_dags/example_bash_operator.py
[2023-04-19T09:06:47.539+0000] {processor.py:753} INFO - DAG(s) dict_keys(['example_bash_operator']) retrieved from /home/airflow/.local/lib/python3.7/site-packages/airflow/example_dags/example_bash_operator.py
[2023-04-19T09:06:47.612+0000] {logging_mixin.py:137} INFO - [2023-04-19T09:06:47.612+0000] {dag.py:2705} INFO - Sync 1 DAGs
[2023-04-19T09:06:47.662+0000] {logging_mixin.py:137} INFO - [2023-04-19T09:06:47.662+0000] {dag.py:3456} INFO - Setting next_dagrun for example_bash_operator to 2023-04-18T00:00:00+00:00, run_after=2023-04-19T00:00:00+00:00
[2023-04-19T09:06:47.724+0000] {processor.py:175} INFO - Processing /home/airflow/.local/lib/python3.7/site-packages/airflow/example_dags/example_bash_operator.py took 0.237 seconds
[2023-04-19T09:07:17.967+0000] {processor.py:153} INFO - Started process (PID=1018) to work on /home/airflow/.local/lib/python3.7/site-packages/airflow/example_dags/example_bash_operator.py
[2023-04-19T09:07:17.969+0000] {processor.py:743} INFO - Processing file /home/airflow/.local/lib/python3.7/site-packages/airflow/example_dags/example_bash_operator.py for tasks to queue
[2023-04-19T09:07:17.970+0000] {logging_mixin.py:137} INFO - [2023-04-19T09:07:17.970+0000] {dagbag.py:532} INFO - Filling up the DagBag from /home/airflow/.local/lib/python3.7/site-packages/airflow/example_dags/example_bash_operator.py
[2023-04-19T09:07:18.007+0000] {processor.py:753} INFO - DAG(s) dict_keys(['example_bash_operator']) retrieved from /home/airflow/.local/lib/python3.7/site-packages/airflow/example_dags/example_bash_operator.py
[2023-04-19T09:07:18.075+0000] {logging_mixin.py:137} INFO - [2023-04-19T09:07:18.075+0000] {dag.py:2705} INFO - Sync 1 DAGs
[2023-04-19T09:07:18.124+0000] {logging_mixin.py:137} INFO - [2023-04-19T09:07:18.124+0000] {dag.py:3456} INFO - Setting next_dagrun for example_bash_operator to 2023-04-18T00:00:00+00:00, run_after=2023-04-19T00:00:00+00:00
[2023-04-19T09:07:18.156+0000] {processor.py:175} INFO - Processing /home/airflow/.local/lib/python3.7/site-packages/airflow/example_dags/example_bash_operator.py took 0.196 seconds
[2023-04-19T09:07:48.673+0000] {processor.py:153} INFO - Started process (PID=1070) to work on /home/airflow/.local/lib/python3.7/site-packages/airflow/example_dags/example_bash_operator.py
[2023-04-19T09:07:48.675+0000] {processor.py:743} INFO - Processing file /home/airflow/.local/lib/python3.7/site-packages/airflow/example_dags/example_bash_operator.py for tasks to queue
[2023-04-19T09:07:48.678+0000] {logging_mixin.py:137} INFO - [2023-04-19T09:07:48.678+0000] {dagbag.py:532} INFO - Filling up the DagBag from /home/airflow/.local/lib/python3.7/site-packages/airflow/example_dags/example_bash_operator.py
[2023-04-19T09:07:48.732+0000] {processor.py:753} INFO - DAG(s) dict_keys(['example_bash_operator']) retrieved from /home/airflow/.local/lib/python3.7/site-packages/airflow/example_dags/example_bash_operator.py
[2023-04-19T09:07:48.819+0000] {logging_mixin.py:137} INFO - [2023-04-19T09:07:48.819+0000] {dag.py:2705} INFO - Sync 1 DAGs
[2023-04-19T09:07:48.869+0000] {logging_mixin.py:137} INFO - [2023-04-19T09:07:48.868+0000] {dag.py:3456} INFO - Setting next_dagrun for example_bash_operator to 2023-04-18T00:00:00+00:00, run_after=2023-04-19T00:00:00+00:00
[2023-04-19T09:07:48.907+0000] {processor.py:175} INFO - Processing /home/airflow/.local/lib/python3.7/site-packages/airflow/example_dags/example_bash_operator.py took 0.244 seconds
[2023-04-19T09:08:20.477+0000] {processor.py:153} INFO - Started process (PID=1122) to work on /home/airflow/.local/lib/python3.7/site-packages/airflow/example_dags/example_bash_operator.py
[2023-04-19T09:08:20.482+0000] {processor.py:743} INFO - Processing file /home/airflow/.local/lib/python3.7/site-packages/airflow/example_dags/example_bash_operator.py for tasks to queue
[2023-04-19T09:08:20.493+0000] {logging_mixin.py:137} INFO - [2023-04-19T09:08:20.492+0000] {dagbag.py:532} INFO - Filling up the DagBag from /home/airflow/.local/lib/python3.7/site-packages/airflow/example_dags/example_bash_operator.py
[2023-04-19T09:08:20.624+0000] {processor.py:753} INFO - DAG(s) dict_keys(['example_bash_operator']) retrieved from /home/airflow/.local/lib/python3.7/site-packages/airflow/example_dags/example_bash_operator.py
[2023-04-19T09:08:20.787+0000] {logging_mixin.py:137} INFO - [2023-04-19T09:08:20.786+0000] {dag.py:2705} INFO - Sync 1 DAGs
[2023-04-19T09:08:20.894+0000] {logging_mixin.py:137} INFO - [2023-04-19T09:08:20.894+0000] {dag.py:3456} INFO - Setting next_dagrun for example_bash_operator to 2023-04-18T00:00:00+00:00, run_after=2023-04-19T00:00:00+00:00
[2023-04-19T09:08:20.944+0000] {processor.py:175} INFO - Processing /home/airflow/.local/lib/python3.7/site-packages/airflow/example_dags/example_bash_operator.py took 0.477 seconds
[2023-04-19T09:09:33.163+0000] {processor.py:153} INFO - Started process (PID=1163) to work on /home/airflow/.local/lib/python3.7/site-packages/airflow/example_dags/example_bash_operator.py
[2023-04-19T09:09:33.170+0000] {processor.py:743} INFO - Processing file /home/airflow/.local/lib/python3.7/site-packages/airflow/example_dags/example_bash_operator.py for tasks to queue
[2023-04-19T09:09:33.180+0000] {logging_mixin.py:137} INFO - [2023-04-19T09:09:33.179+0000] {dagbag.py:532} INFO - Filling up the DagBag from /home/airflow/.local/lib/python3.7/site-packages/airflow/example_dags/example_bash_operator.py
[2023-04-19T09:09:33.264+0000] {processor.py:753} INFO - DAG(s) dict_keys(['example_bash_operator']) retrieved from /home/airflow/.local/lib/python3.7/site-packages/airflow/example_dags/example_bash_operator.py
[2023-04-19T09:09:33.406+0000] {logging_mixin.py:137} INFO - [2023-04-19T09:09:33.406+0000] {dag.py:2705} INFO - Sync 1 DAGs
[2023-04-19T09:09:33.449+0000] {logging_mixin.py:137} INFO - [2023-04-19T09:09:33.449+0000] {dag.py:3456} INFO - Setting next_dagrun for example_bash_operator to 2023-04-18T00:00:00+00:00, run_after=2023-04-19T00:00:00+00:00
[2023-04-19T09:09:33.490+0000] {processor.py:175} INFO - Processing /home/airflow/.local/lib/python3.7/site-packages/airflow/example_dags/example_bash_operator.py took 0.342 seconds
[2023-04-19T09:10:03.588+0000] {processor.py:153} INFO - Started process (PID=1216) to work on /home/airflow/.local/lib/python3.7/site-packages/airflow/example_dags/example_bash_operator.py
[2023-04-19T09:10:03.591+0000] {processor.py:743} INFO - Processing file /home/airflow/.local/lib/python3.7/site-packages/airflow/example_dags/example_bash_operator.py for tasks to queue
[2023-04-19T09:10:03.595+0000] {logging_mixin.py:137} INFO - [2023-04-19T09:10:03.593+0000] {dagbag.py:532} INFO - Filling up the DagBag from /home/airflow/.local/lib/python3.7/site-packages/airflow/example_dags/example_bash_operator.py
[2023-04-19T09:10:03.637+0000] {processor.py:753} INFO - DAG(s) dict_keys(['example_bash_operator']) retrieved from /home/airflow/.local/lib/python3.7/site-packages/airflow/example_dags/example_bash_operator.py
[2023-04-19T09:10:03.726+0000] {logging_mixin.py:137} INFO - [2023-04-19T09:10:03.725+0000] {dag.py:2705} INFO - Sync 1 DAGs
[2023-04-19T09:10:03.770+0000] {logging_mixin.py:137} INFO - [2023-04-19T09:10:03.770+0000] {dag.py:3456} INFO - Setting next_dagrun for example_bash_operator to 2023-04-18T00:00:00+00:00, run_after=2023-04-19T00:00:00+00:00
[2023-04-19T09:10:03.810+0000] {processor.py:175} INFO - Processing /home/airflow/.local/lib/python3.7/site-packages/airflow/example_dags/example_bash_operator.py took 0.231 seconds
[2023-04-19T09:10:34.481+0000] {processor.py:153} INFO - Started process (PID=1278) to work on /home/airflow/.local/lib/python3.7/site-packages/airflow/example_dags/example_bash_operator.py
[2023-04-19T09:10:34.484+0000] {processor.py:743} INFO - Processing file /home/airflow/.local/lib/python3.7/site-packages/airflow/example_dags/example_bash_operator.py for tasks to queue
[2023-04-19T09:10:34.487+0000] {logging_mixin.py:137} INFO - [2023-04-19T09:10:34.487+0000] {dagbag.py:532} INFO - Filling up the DagBag from /home/airflow/.local/lib/python3.7/site-packages/airflow/example_dags/example_bash_operator.py
[2023-04-19T09:10:34.545+0000] {processor.py:753} INFO - DAG(s) dict_keys(['example_bash_operator']) retrieved from /home/airflow/.local/lib/python3.7/site-packages/airflow/example_dags/example_bash_operator.py
[2023-04-19T09:10:34.642+0000] {logging_mixin.py:137} INFO - [2023-04-19T09:10:34.641+0000] {dag.py:2705} INFO - Sync 1 DAGs
[2023-04-19T09:10:34.718+0000] {logging_mixin.py:137} INFO - [2023-04-19T09:10:34.717+0000] {dag.py:3456} INFO - Setting next_dagrun for example_bash_operator to 2023-04-18T00:00:00+00:00, run_after=2023-04-19T00:00:00+00:00
[2023-04-19T09:10:34.766+0000] {processor.py:175} INFO - Processing /home/airflow/.local/lib/python3.7/site-packages/airflow/example_dags/example_bash_operator.py took 0.297 seconds
[2023-04-19T09:11:04.955+0000] {processor.py:153} INFO - Started process (PID=1329) to work on /home/airflow/.local/lib/python3.7/site-packages/airflow/example_dags/example_bash_operator.py
[2023-04-19T09:11:04.957+0000] {processor.py:743} INFO - Processing file /home/airflow/.local/lib/python3.7/site-packages/airflow/example_dags/example_bash_operator.py for tasks to queue
[2023-04-19T09:11:04.959+0000] {logging_mixin.py:137} INFO - [2023-04-19T09:11:04.959+0000] {dagbag.py:532} INFO - Filling up the DagBag from /home/airflow/.local/lib/python3.7/site-packages/airflow/example_dags/example_bash_operator.py
[2023-04-19T09:11:04.990+0000] {processor.py:753} INFO - DAG(s) dict_keys(['example_bash_operator']) retrieved from /home/airflow/.local/lib/python3.7/site-packages/airflow/example_dags/example_bash_operator.py
[2023-04-19T09:11:05.066+0000] {logging_mixin.py:137} INFO - [2023-04-19T09:11:05.066+0000] {dag.py:2705} INFO - Sync 1 DAGs
[2023-04-19T09:11:05.106+0000] {logging_mixin.py:137} INFO - [2023-04-19T09:11:05.106+0000] {dag.py:3456} INFO - Setting next_dagrun for example_bash_operator to 2023-04-18T00:00:00+00:00, run_after=2023-04-19T00:00:00+00:00
[2023-04-19T09:11:05.148+0000] {processor.py:175} INFO - Processing /home/airflow/.local/lib/python3.7/site-packages/airflow/example_dags/example_bash_operator.py took 0.198 seconds
[2023-04-19T09:11:35.739+0000] {processor.py:153} INFO - Started process (PID=1380) to work on /home/airflow/.local/lib/python3.7/site-packages/airflow/example_dags/example_bash_operator.py
[2023-04-19T09:11:35.741+0000] {processor.py:743} INFO - Processing file /home/airflow/.local/lib/python3.7/site-packages/airflow/example_dags/example_bash_operator.py for tasks to queue
[2023-04-19T09:11:35.743+0000] {logging_mixin.py:137} INFO - [2023-04-19T09:11:35.743+0000] {dagbag.py:532} INFO - Filling up the DagBag from /home/airflow/.local/lib/python3.7/site-packages/airflow/example_dags/example_bash_operator.py
[2023-04-19T09:11:35.786+0000] {processor.py:753} INFO - DAG(s) dict_keys(['example_bash_operator']) retrieved from /home/airflow/.local/lib/python3.7/site-packages/airflow/example_dags/example_bash_operator.py
[2023-04-19T09:11:35.851+0000] {logging_mixin.py:137} INFO - [2023-04-19T09:11:35.851+0000] {dag.py:2705} INFO - Sync 1 DAGs
[2023-04-19T09:11:35.892+0000] {logging_mixin.py:137} INFO - [2023-04-19T09:11:35.891+0000] {dag.py:3456} INFO - Setting next_dagrun for example_bash_operator to 2023-04-18T00:00:00+00:00, run_after=2023-04-19T00:00:00+00:00
[2023-04-19T09:11:35.915+0000] {processor.py:175} INFO - Processing /home/airflow/.local/lib/python3.7/site-packages/airflow/example_dags/example_bash_operator.py took 0.182 seconds
[2023-04-19T09:12:08.600+0000] {processor.py:153} INFO - Started process (PID=1430) to work on /home/airflow/.local/lib/python3.7/site-packages/airflow/example_dags/example_bash_operator.py
[2023-04-19T09:12:08.602+0000] {processor.py:743} INFO - Processing file /home/airflow/.local/lib/python3.7/site-packages/airflow/example_dags/example_bash_operator.py for tasks to queue
[2023-04-19T09:12:08.604+0000] {logging_mixin.py:137} INFO - [2023-04-19T09:12:08.604+0000] {dagbag.py:532} INFO - Filling up the DagBag from /home/airflow/.local/lib/python3.7/site-packages/airflow/example_dags/example_bash_operator.py
[2023-04-19T09:12:08.636+0000] {processor.py:753} INFO - DAG(s) dict_keys(['example_bash_operator']) retrieved from /home/airflow/.local/lib/python3.7/site-packages/airflow/example_dags/example_bash_operator.py
[2023-04-19T09:12:08.698+0000] {logging_mixin.py:137} INFO - [2023-04-19T09:12:08.698+0000] {dag.py:2705} INFO - Sync 1 DAGs
[2023-04-19T09:12:08.749+0000] {logging_mixin.py:137} INFO - [2023-04-19T09:12:08.749+0000] {dag.py:3456} INFO - Setting next_dagrun for example_bash_operator to 2023-04-18T00:00:00+00:00, run_after=2023-04-19T00:00:00+00:00
[2023-04-19T09:12:08.779+0000] {processor.py:175} INFO - Processing /home/airflow/.local/lib/python3.7/site-packages/airflow/example_dags/example_bash_operator.py took 0.194 seconds
[2023-04-19T09:29:46.888+0000] {processor.py:153} INFO - Started process (PID=1481) to work on /home/airflow/.local/lib/python3.7/site-packages/airflow/example_dags/example_bash_operator.py
[2023-04-19T09:29:46.890+0000] {processor.py:743} INFO - Processing file /home/airflow/.local/lib/python3.7/site-packages/airflow/example_dags/example_bash_operator.py for tasks to queue
[2023-04-19T09:29:46.894+0000] {logging_mixin.py:137} INFO - [2023-04-19T09:29:46.893+0000] {dagbag.py:532} INFO - Filling up the DagBag from /home/airflow/.local/lib/python3.7/site-packages/airflow/example_dags/example_bash_operator.py
[2023-04-19T09:29:46.941+0000] {processor.py:753} INFO - DAG(s) dict_keys(['example_bash_operator']) retrieved from /home/airflow/.local/lib/python3.7/site-packages/airflow/example_dags/example_bash_operator.py
[2023-04-19T09:29:47.024+0000] {logging_mixin.py:137} INFO - [2023-04-19T09:29:47.023+0000] {dag.py:2705} INFO - Sync 1 DAGs
[2023-04-19T09:29:47.104+0000] {logging_mixin.py:137} INFO - [2023-04-19T09:29:47.104+0000] {dag.py:3456} INFO - Setting next_dagrun for example_bash_operator to 2023-04-18T00:00:00+00:00, run_after=2023-04-19T00:00:00+00:00
[2023-04-19T09:29:47.153+0000] {processor.py:175} INFO - Processing /home/airflow/.local/lib/python3.7/site-packages/airflow/example_dags/example_bash_operator.py took 0.276 seconds
[2023-04-19T10:01:08.774+0000] {processor.py:153} INFO - Started process (PID=1531) to work on /home/airflow/.local/lib/python3.7/site-packages/airflow/example_dags/example_bash_operator.py
[2023-04-19T10:01:08.790+0000] {processor.py:743} INFO - Processing file /home/airflow/.local/lib/python3.7/site-packages/airflow/example_dags/example_bash_operator.py for tasks to queue
[2023-04-19T10:01:08.792+0000] {logging_mixin.py:137} INFO - [2023-04-19T10:01:08.791+0000] {dagbag.py:532} INFO - Filling up the DagBag from /home/airflow/.local/lib/python3.7/site-packages/airflow/example_dags/example_bash_operator.py
[2023-04-19T10:01:08.820+0000] {processor.py:753} INFO - DAG(s) dict_keys(['example_bash_operator']) retrieved from /home/airflow/.local/lib/python3.7/site-packages/airflow/example_dags/example_bash_operator.py
[2023-04-19T10:01:08.871+0000] {logging_mixin.py:137} INFO - [2023-04-19T10:01:08.871+0000] {dag.py:2705} INFO - Sync 1 DAGs
[2023-04-19T10:01:08.901+0000] {logging_mixin.py:137} INFO - [2023-04-19T10:01:08.901+0000] {dag.py:3456} INFO - Setting next_dagrun for example_bash_operator to 2023-04-18T00:00:00+00:00, run_after=2023-04-19T00:00:00+00:00
[2023-04-19T10:01:08.923+0000] {processor.py:175} INFO - Processing /home/airflow/.local/lib/python3.7/site-packages/airflow/example_dags/example_bash_operator.py took 0.154 seconds
[2023-04-19T10:17:02.034+0000] {processor.py:153} INFO - Started process (PID=1583) to work on /home/airflow/.local/lib/python3.7/site-packages/airflow/example_dags/example_bash_operator.py
[2023-04-19T10:17:02.037+0000] {processor.py:743} INFO - Processing file /home/airflow/.local/lib/python3.7/site-packages/airflow/example_dags/example_bash_operator.py for tasks to queue
[2023-04-19T10:17:02.040+0000] {logging_mixin.py:137} INFO - [2023-04-19T10:17:02.039+0000] {dagbag.py:532} INFO - Filling up the DagBag from /home/airflow/.local/lib/python3.7/site-packages/airflow/example_dags/example_bash_operator.py
[2023-04-19T10:17:02.084+0000] {processor.py:753} INFO - DAG(s) dict_keys(['example_bash_operator']) retrieved from /home/airflow/.local/lib/python3.7/site-packages/airflow/example_dags/example_bash_operator.py
[2023-04-19T10:17:02.192+0000] {logging_mixin.py:137} INFO - [2023-04-19T10:17:02.192+0000] {dag.py:2705} INFO - Sync 1 DAGs
[2023-04-19T10:17:02.262+0000] {logging_mixin.py:137} INFO - [2023-04-19T10:17:02.262+0000] {dag.py:3456} INFO - Setting next_dagrun for example_bash_operator to 2023-04-18T00:00:00+00:00, run_after=2023-04-19T00:00:00+00:00
[2023-04-19T10:17:02.328+0000] {processor.py:175} INFO - Processing /home/airflow/.local/lib/python3.7/site-packages/airflow/example_dags/example_bash_operator.py took 0.303 seconds
[2023-04-19T12:32:44.935+0000] {processor.py:153} INFO - Started process (PID=1627) to work on /home/airflow/.local/lib/python3.7/site-packages/airflow/example_dags/example_bash_operator.py
[2023-04-19T12:32:44.961+0000] {processor.py:743} INFO - Processing file /home/airflow/.local/lib/python3.7/site-packages/airflow/example_dags/example_bash_operator.py for tasks to queue
[2023-04-19T12:32:44.980+0000] {logging_mixin.py:137} INFO - [2023-04-19T12:32:44.979+0000] {dagbag.py:532} INFO - Filling up the DagBag from /home/airflow/.local/lib/python3.7/site-packages/airflow/example_dags/example_bash_operator.py
[2023-04-19T12:32:45.370+0000] {processor.py:753} INFO - DAG(s) dict_keys(['example_bash_operator']) retrieved from /home/airflow/.local/lib/python3.7/site-packages/airflow/example_dags/example_bash_operator.py
[2023-04-19T12:32:46.144+0000] {logging_mixin.py:137} INFO - [2023-04-19T12:32:46.138+0000] {dag.py:2705} INFO - Sync 1 DAGs
[2023-04-19T12:32:46.427+0000] {logging_mixin.py:137} INFO - [2023-04-19T12:32:46.426+0000] {dag.py:3456} INFO - Setting next_dagrun for example_bash_operator to 2023-04-18T00:00:00+00:00, run_after=2023-04-19T00:00:00+00:00
[2023-04-19T12:32:46.647+0000] {processor.py:175} INFO - Processing /home/airflow/.local/lib/python3.7/site-packages/airflow/example_dags/example_bash_operator.py took 1.796 seconds
[2023-04-19T12:33:18.308+0000] {processor.py:153} INFO - Started process (PID=1679) to work on /home/airflow/.local/lib/python3.7/site-packages/airflow/example_dags/example_bash_operator.py
[2023-04-19T12:33:18.310+0000] {processor.py:743} INFO - Processing file /home/airflow/.local/lib/python3.7/site-packages/airflow/example_dags/example_bash_operator.py for tasks to queue
[2023-04-19T12:33:18.312+0000] {logging_mixin.py:137} INFO - [2023-04-19T12:33:18.312+0000] {dagbag.py:532} INFO - Filling up the DagBag from /home/airflow/.local/lib/python3.7/site-packages/airflow/example_dags/example_bash_operator.py
[2023-04-19T12:33:18.353+0000] {processor.py:753} INFO - DAG(s) dict_keys(['example_bash_operator']) retrieved from /home/airflow/.local/lib/python3.7/site-packages/airflow/example_dags/example_bash_operator.py
[2023-04-19T12:33:18.438+0000] {logging_mixin.py:137} INFO - [2023-04-19T12:33:18.437+0000] {dag.py:2705} INFO - Sync 1 DAGs
[2023-04-19T12:33:18.511+0000] {logging_mixin.py:137} INFO - [2023-04-19T12:33:18.511+0000] {dag.py:3456} INFO - Setting next_dagrun for example_bash_operator to 2023-04-18T00:00:00+00:00, run_after=2023-04-19T00:00:00+00:00
[2023-04-19T12:33:18.548+0000] {processor.py:175} INFO - Processing /home/airflow/.local/lib/python3.7/site-packages/airflow/example_dags/example_bash_operator.py took 0.250 seconds
[2023-04-19T13:31:55.089+0000] {processor.py:153} INFO - Started process (PID=1739) to work on /home/airflow/.local/lib/python3.7/site-packages/airflow/example_dags/example_bash_operator.py
[2023-04-19T13:31:55.091+0000] {processor.py:743} INFO - Processing file /home/airflow/.local/lib/python3.7/site-packages/airflow/example_dags/example_bash_operator.py for tasks to queue
[2023-04-19T13:31:55.094+0000] {logging_mixin.py:137} INFO - [2023-04-19T13:31:55.093+0000] {dagbag.py:532} INFO - Filling up the DagBag from /home/airflow/.local/lib/python3.7/site-packages/airflow/example_dags/example_bash_operator.py
[2023-04-19T13:31:55.141+0000] {processor.py:753} INFO - DAG(s) dict_keys(['example_bash_operator']) retrieved from /home/airflow/.local/lib/python3.7/site-packages/airflow/example_dags/example_bash_operator.py
[2023-04-19T13:31:55.232+0000] {logging_mixin.py:137} INFO - [2023-04-19T13:31:55.232+0000] {dag.py:2705} INFO - Sync 1 DAGs
[2023-04-19T13:31:55.283+0000] {logging_mixin.py:137} INFO - [2023-04-19T13:31:55.283+0000] {dag.py:3456} INFO - Setting next_dagrun for example_bash_operator to 2023-04-18T00:00:00+00:00, run_after=2023-04-19T00:00:00+00:00
[2023-04-19T13:31:55.315+0000] {processor.py:175} INFO - Processing /home/airflow/.local/lib/python3.7/site-packages/airflow/example_dags/example_bash_operator.py took 0.235 seconds
[2023-04-19T14:25:41.915+0000] {processor.py:153} INFO - Started process (PID=1783) to work on /home/airflow/.local/lib/python3.7/site-packages/airflow/example_dags/example_bash_operator.py
[2023-04-19T14:25:41.918+0000] {processor.py:743} INFO - Processing file /home/airflow/.local/lib/python3.7/site-packages/airflow/example_dags/example_bash_operator.py for tasks to queue
[2023-04-19T14:25:41.928+0000] {logging_mixin.py:137} INFO - [2023-04-19T14:25:41.928+0000] {dagbag.py:532} INFO - Filling up the DagBag from /home/airflow/.local/lib/python3.7/site-packages/airflow/example_dags/example_bash_operator.py
[2023-04-19T14:25:41.961+0000] {processor.py:753} INFO - DAG(s) dict_keys(['example_bash_operator']) retrieved from /home/airflow/.local/lib/python3.7/site-packages/airflow/example_dags/example_bash_operator.py
[2023-04-19T14:25:42.093+0000] {logging_mixin.py:137} INFO - [2023-04-19T14:25:42.092+0000] {dag.py:2705} INFO - Sync 1 DAGs
[2023-04-19T14:25:42.268+0000] {logging_mixin.py:137} INFO - [2023-04-19T14:25:42.268+0000] {dag.py:3456} INFO - Setting next_dagrun for example_bash_operator to 2023-04-18T00:00:00+00:00, run_after=2023-04-19T00:00:00+00:00
[2023-04-19T14:25:42.347+0000] {processor.py:175} INFO - Processing /home/airflow/.local/lib/python3.7/site-packages/airflow/example_dags/example_bash_operator.py took 0.443 seconds
[2023-04-19T15:20:06.021+0000] {processor.py:153} INFO - Started process (PID=1835) to work on /home/airflow/.local/lib/python3.7/site-packages/airflow/example_dags/example_bash_operator.py
[2023-04-19T15:20:06.023+0000] {processor.py:743} INFO - Processing file /home/airflow/.local/lib/python3.7/site-packages/airflow/example_dags/example_bash_operator.py for tasks to queue
[2023-04-19T15:20:06.026+0000] {logging_mixin.py:137} INFO - [2023-04-19T15:20:06.025+0000] {dagbag.py:532} INFO - Filling up the DagBag from /home/airflow/.local/lib/python3.7/site-packages/airflow/example_dags/example_bash_operator.py
[2023-04-19T15:20:06.109+0000] {processor.py:753} INFO - DAG(s) dict_keys(['example_bash_operator']) retrieved from /home/airflow/.local/lib/python3.7/site-packages/airflow/example_dags/example_bash_operator.py
[2023-04-19T15:20:06.242+0000] {logging_mixin.py:137} INFO - [2023-04-19T15:20:06.241+0000] {dag.py:2705} INFO - Sync 1 DAGs
[2023-04-19T15:20:06.319+0000] {logging_mixin.py:137} INFO - [2023-04-19T15:20:06.318+0000] {dag.py:3456} INFO - Setting next_dagrun for example_bash_operator to 2023-04-18T00:00:00+00:00, run_after=2023-04-19T00:00:00+00:00
[2023-04-19T15:20:06.392+0000] {processor.py:175} INFO - Processing /home/airflow/.local/lib/python3.7/site-packages/airflow/example_dags/example_bash_operator.py took 0.389 seconds
[2023-04-19T17:07:35.767+0000] {processor.py:153} INFO - Started process (PID=1886) to work on /home/airflow/.local/lib/python3.7/site-packages/airflow/example_dags/example_bash_operator.py
[2023-04-19T17:07:35.811+0000] {processor.py:743} INFO - Processing file /home/airflow/.local/lib/python3.7/site-packages/airflow/example_dags/example_bash_operator.py for tasks to queue
[2023-04-19T17:07:35.855+0000] {logging_mixin.py:137} INFO - [2023-04-19T17:07:35.834+0000] {dagbag.py:532} INFO - Filling up the DagBag from /home/airflow/.local/lib/python3.7/site-packages/airflow/example_dags/example_bash_operator.py
[2023-04-19T17:07:36.475+0000] {processor.py:753} INFO - DAG(s) dict_keys(['example_bash_operator']) retrieved from /home/airflow/.local/lib/python3.7/site-packages/airflow/example_dags/example_bash_operator.py
[2023-04-19T17:07:38.137+0000] {logging_mixin.py:137} INFO - [2023-04-19T17:07:38.118+0000] {dag.py:2705} INFO - Sync 1 DAGs
[2023-04-19T17:07:41.115+0000] {logging_mixin.py:137} INFO - [2023-04-19T17:07:41.114+0000] {dag.py:3456} INFO - Setting next_dagrun for example_bash_operator to 2023-04-18T00:00:00+00:00, run_after=2023-04-19T00:00:00+00:00
[2023-04-19T17:07:41.713+0000] {processor.py:175} INFO - Processing /home/airflow/.local/lib/python3.7/site-packages/airflow/example_dags/example_bash_operator.py took 6.044 seconds
[2023-04-19T17:37:58.264+0000] {processor.py:153} INFO - Started process (PID=1937) to work on /home/airflow/.local/lib/python3.7/site-packages/airflow/example_dags/example_bash_operator.py
[2023-04-19T17:37:58.284+0000] {processor.py:743} INFO - Processing file /home/airflow/.local/lib/python3.7/site-packages/airflow/example_dags/example_bash_operator.py for tasks to queue
[2023-04-19T17:37:58.295+0000] {logging_mixin.py:137} INFO - [2023-04-19T17:37:58.295+0000] {dagbag.py:532} INFO - Filling up the DagBag from /home/airflow/.local/lib/python3.7/site-packages/airflow/example_dags/example_bash_operator.py
[2023-04-19T17:37:58.356+0000] {processor.py:753} INFO - DAG(s) dict_keys(['example_bash_operator']) retrieved from /home/airflow/.local/lib/python3.7/site-packages/airflow/example_dags/example_bash_operator.py
[2023-04-19T17:37:58.432+0000] {logging_mixin.py:137} INFO - [2023-04-19T17:37:58.432+0000] {dag.py:2705} INFO - Sync 1 DAGs
[2023-04-19T17:37:58.478+0000] {logging_mixin.py:137} INFO - [2023-04-19T17:37:58.477+0000] {dag.py:3456} INFO - Setting next_dagrun for example_bash_operator to 2023-04-18T00:00:00+00:00, run_after=2023-04-19T00:00:00+00:00
[2023-04-19T17:37:58.504+0000] {processor.py:175} INFO - Processing /home/airflow/.local/lib/python3.7/site-packages/airflow/example_dags/example_bash_operator.py took 0.250 seconds
[2023-04-19T19:26:08.948+0000] {processor.py:153} INFO - Started process (PID=1990) to work on /home/airflow/.local/lib/python3.7/site-packages/airflow/example_dags/example_bash_operator.py
[2023-04-19T19:26:08.950+0000] {processor.py:743} INFO - Processing file /home/airflow/.local/lib/python3.7/site-packages/airflow/example_dags/example_bash_operator.py for tasks to queue
[2023-04-19T19:26:08.953+0000] {logging_mixin.py:137} INFO - [2023-04-19T19:26:08.952+0000] {dagbag.py:532} INFO - Filling up the DagBag from /home/airflow/.local/lib/python3.7/site-packages/airflow/example_dags/example_bash_operator.py
[2023-04-19T19:26:09.016+0000] {processor.py:753} INFO - DAG(s) dict_keys(['example_bash_operator']) retrieved from /home/airflow/.local/lib/python3.7/site-packages/airflow/example_dags/example_bash_operator.py
[2023-04-19T19:26:09.101+0000] {logging_mixin.py:137} INFO - [2023-04-19T19:26:09.101+0000] {dag.py:2705} INFO - Sync 1 DAGs
[2023-04-19T19:26:09.150+0000] {logging_mixin.py:137} INFO - [2023-04-19T19:26:09.150+0000] {dag.py:3456} INFO - Setting next_dagrun for example_bash_operator to 2023-04-18T00:00:00+00:00, run_after=2023-04-19T00:00:00+00:00
[2023-04-19T19:26:09.180+0000] {processor.py:175} INFO - Processing /home/airflow/.local/lib/python3.7/site-packages/airflow/example_dags/example_bash_operator.py took 0.241 seconds
[2023-04-19T21:13:26.783+0000] {processor.py:153} INFO - Started process (PID=2043) to work on /home/airflow/.local/lib/python3.7/site-packages/airflow/example_dags/example_bash_operator.py
[2023-04-19T21:13:26.785+0000] {processor.py:743} INFO - Processing file /home/airflow/.local/lib/python3.7/site-packages/airflow/example_dags/example_bash_operator.py for tasks to queue
[2023-04-19T21:13:26.788+0000] {logging_mixin.py:137} INFO - [2023-04-19T21:13:26.788+0000] {dagbag.py:532} INFO - Filling up the DagBag from /home/airflow/.local/lib/python3.7/site-packages/airflow/example_dags/example_bash_operator.py
[2023-04-19T21:13:26.846+0000] {processor.py:753} INFO - DAG(s) dict_keys(['example_bash_operator']) retrieved from /home/airflow/.local/lib/python3.7/site-packages/airflow/example_dags/example_bash_operator.py
[2023-04-19T21:13:26.927+0000] {logging_mixin.py:137} INFO - [2023-04-19T21:13:26.927+0000] {dag.py:2705} INFO - Sync 1 DAGs
[2023-04-19T21:13:26.971+0000] {logging_mixin.py:137} INFO - [2023-04-19T21:13:26.971+0000] {dag.py:3456} INFO - Setting next_dagrun for example_bash_operator to 2023-04-18T00:00:00+00:00, run_after=2023-04-19T00:00:00+00:00
[2023-04-19T21:13:26.998+0000] {processor.py:175} INFO - Processing /home/airflow/.local/lib/python3.7/site-packages/airflow/example_dags/example_bash_operator.py took 0.223 seconds
