[2023-04-19T08:57:49.584+0000] {processor.py:153} INFO - Started process (PID=35) to work on /home/airflow/.local/lib/python3.7/site-packages/airflow/example_dags/example_kubernetes_executor.py
[2023-04-19T08:57:49.598+0000] {processor.py:743} INFO - Processing file /home/airflow/.local/lib/python3.7/site-packages/airflow/example_dags/example_kubernetes_executor.py for tasks to queue
[2023-04-19T08:57:49.619+0000] {logging_mixin.py:137} INFO - [2023-04-19T08:57:49.618+0000] {dagbag.py:532} INFO - Filling up the DagBag from /home/airflow/.local/lib/python3.7/site-packages/airflow/example_dags/example_kubernetes_executor.py
[2023-04-19T08:57:49.833+0000] {processor.py:753} INFO - DAG(s) dict_keys(['example_kubernetes_executor']) retrieved from /home/airflow/.local/lib/python3.7/site-packages/airflow/example_dags/example_kubernetes_executor.py
[2023-04-19T08:57:50.057+0000] {logging_mixin.py:137} INFO - [2023-04-19T08:57:50.057+0000] {dag.py:2705} INFO - Sync 1 DAGs
[2023-04-19T08:57:50.192+0000] {logging_mixin.py:137} INFO - [2023-04-19T08:57:50.192+0000] {dag.py:3456} INFO - Setting next_dagrun for example_kubernetes_executor to None, run_after=None
[2023-04-19T08:57:50.322+0000] {processor.py:175} INFO - Processing /home/airflow/.local/lib/python3.7/site-packages/airflow/example_dags/example_kubernetes_executor.py took 0.775 seconds
[2023-04-19T08:58:20.712+0000] {processor.py:153} INFO - Started process (PID=85) to work on /home/airflow/.local/lib/python3.7/site-packages/airflow/example_dags/example_kubernetes_executor.py
[2023-04-19T08:58:20.714+0000] {processor.py:743} INFO - Processing file /home/airflow/.local/lib/python3.7/site-packages/airflow/example_dags/example_kubernetes_executor.py for tasks to queue
[2023-04-19T08:58:20.716+0000] {logging_mixin.py:137} INFO - [2023-04-19T08:58:20.716+0000] {dagbag.py:532} INFO - Filling up the DagBag from /home/airflow/.local/lib/python3.7/site-packages/airflow/example_dags/example_kubernetes_executor.py
[2023-04-19T08:58:20.766+0000] {processor.py:753} INFO - DAG(s) dict_keys(['example_kubernetes_executor']) retrieved from /home/airflow/.local/lib/python3.7/site-packages/airflow/example_dags/example_kubernetes_executor.py
[2023-04-19T08:58:20.806+0000] {logging_mixin.py:137} INFO - [2023-04-19T08:58:20.806+0000] {dag.py:2705} INFO - Sync 1 DAGs
[2023-04-19T08:58:20.840+0000] {logging_mixin.py:137} INFO - [2023-04-19T08:58:20.839+0000] {dag.py:3456} INFO - Setting next_dagrun for example_kubernetes_executor to None, run_after=None
[2023-04-19T08:58:20.863+0000] {processor.py:175} INFO - Processing /home/airflow/.local/lib/python3.7/site-packages/airflow/example_dags/example_kubernetes_executor.py took 0.156 seconds
[2023-04-19T08:58:50.962+0000] {processor.py:153} INFO - Started process (PID=138) to work on /home/airflow/.local/lib/python3.7/site-packages/airflow/example_dags/example_kubernetes_executor.py
[2023-04-19T08:58:50.964+0000] {processor.py:743} INFO - Processing file /home/airflow/.local/lib/python3.7/site-packages/airflow/example_dags/example_kubernetes_executor.py for tasks to queue
[2023-04-19T08:58:50.966+0000] {logging_mixin.py:137} INFO - [2023-04-19T08:58:50.966+0000] {dagbag.py:532} INFO - Filling up the DagBag from /home/airflow/.local/lib/python3.7/site-packages/airflow/example_dags/example_kubernetes_executor.py
[2023-04-19T08:58:51.016+0000] {processor.py:753} INFO - DAG(s) dict_keys(['example_kubernetes_executor']) retrieved from /home/airflow/.local/lib/python3.7/site-packages/airflow/example_dags/example_kubernetes_executor.py
[2023-04-19T08:58:51.060+0000] {logging_mixin.py:137} INFO - [2023-04-19T08:58:51.059+0000] {dag.py:2705} INFO - Sync 1 DAGs
[2023-04-19T08:58:51.093+0000] {logging_mixin.py:137} INFO - [2023-04-19T08:58:51.093+0000] {dag.py:3456} INFO - Setting next_dagrun for example_kubernetes_executor to None, run_after=None
[2023-04-19T08:58:51.131+0000] {processor.py:175} INFO - Processing /home/airflow/.local/lib/python3.7/site-packages/airflow/example_dags/example_kubernetes_executor.py took 0.174 seconds
[2023-04-19T08:59:21.278+0000] {processor.py:153} INFO - Started process (PID=189) to work on /home/airflow/.local/lib/python3.7/site-packages/airflow/example_dags/example_kubernetes_executor.py
[2023-04-19T08:59:21.285+0000] {processor.py:743} INFO - Processing file /home/airflow/.local/lib/python3.7/site-packages/airflow/example_dags/example_kubernetes_executor.py for tasks to queue
[2023-04-19T08:59:21.289+0000] {logging_mixin.py:137} INFO - [2023-04-19T08:59:21.288+0000] {dagbag.py:532} INFO - Filling up the DagBag from /home/airflow/.local/lib/python3.7/site-packages/airflow/example_dags/example_kubernetes_executor.py
[2023-04-19T08:59:21.380+0000] {processor.py:753} INFO - DAG(s) dict_keys(['example_kubernetes_executor']) retrieved from /home/airflow/.local/lib/python3.7/site-packages/airflow/example_dags/example_kubernetes_executor.py
[2023-04-19T08:59:21.468+0000] {logging_mixin.py:137} INFO - [2023-04-19T08:59:21.468+0000] {dag.py:2705} INFO - Sync 1 DAGs
[2023-04-19T08:59:21.533+0000] {logging_mixin.py:137} INFO - [2023-04-19T08:59:21.532+0000] {dag.py:3456} INFO - Setting next_dagrun for example_kubernetes_executor to None, run_after=None
[2023-04-19T08:59:21.613+0000] {processor.py:175} INFO - Processing /home/airflow/.local/lib/python3.7/site-packages/airflow/example_dags/example_kubernetes_executor.py took 0.348 seconds
[2023-04-19T08:59:51.991+0000] {processor.py:153} INFO - Started process (PID=240) to work on /home/airflow/.local/lib/python3.7/site-packages/airflow/example_dags/example_kubernetes_executor.py
[2023-04-19T08:59:51.993+0000] {processor.py:743} INFO - Processing file /home/airflow/.local/lib/python3.7/site-packages/airflow/example_dags/example_kubernetes_executor.py for tasks to queue
[2023-04-19T08:59:51.995+0000] {logging_mixin.py:137} INFO - [2023-04-19T08:59:51.995+0000] {dagbag.py:532} INFO - Filling up the DagBag from /home/airflow/.local/lib/python3.7/site-packages/airflow/example_dags/example_kubernetes_executor.py
[2023-04-19T08:59:52.049+0000] {processor.py:753} INFO - DAG(s) dict_keys(['example_kubernetes_executor']) retrieved from /home/airflow/.local/lib/python3.7/site-packages/airflow/example_dags/example_kubernetes_executor.py
[2023-04-19T08:59:52.115+0000] {logging_mixin.py:137} INFO - [2023-04-19T08:59:52.115+0000] {dag.py:2705} INFO - Sync 1 DAGs
[2023-04-19T08:59:52.161+0000] {logging_mixin.py:137} INFO - [2023-04-19T08:59:52.161+0000] {dag.py:3456} INFO - Setting next_dagrun for example_kubernetes_executor to None, run_after=None
[2023-04-19T08:59:52.196+0000] {processor.py:175} INFO - Processing /home/airflow/.local/lib/python3.7/site-packages/airflow/example_dags/example_kubernetes_executor.py took 0.211 seconds
[2023-04-19T09:00:22.320+0000] {processor.py:153} INFO - Started process (PID=292) to work on /home/airflow/.local/lib/python3.7/site-packages/airflow/example_dags/example_kubernetes_executor.py
[2023-04-19T09:00:22.323+0000] {processor.py:743} INFO - Processing file /home/airflow/.local/lib/python3.7/site-packages/airflow/example_dags/example_kubernetes_executor.py for tasks to queue
[2023-04-19T09:00:22.326+0000] {logging_mixin.py:137} INFO - [2023-04-19T09:00:22.325+0000] {dagbag.py:532} INFO - Filling up the DagBag from /home/airflow/.local/lib/python3.7/site-packages/airflow/example_dags/example_kubernetes_executor.py
[2023-04-19T09:00:22.374+0000] {processor.py:753} INFO - DAG(s) dict_keys(['example_kubernetes_executor']) retrieved from /home/airflow/.local/lib/python3.7/site-packages/airflow/example_dags/example_kubernetes_executor.py
[2023-04-19T09:00:22.422+0000] {logging_mixin.py:137} INFO - [2023-04-19T09:00:22.422+0000] {dag.py:2705} INFO - Sync 1 DAGs
[2023-04-19T09:00:22.465+0000] {logging_mixin.py:137} INFO - [2023-04-19T09:00:22.465+0000] {dag.py:3456} INFO - Setting next_dagrun for example_kubernetes_executor to None, run_after=None
[2023-04-19T09:00:22.499+0000] {processor.py:175} INFO - Processing /home/airflow/.local/lib/python3.7/site-packages/airflow/example_dags/example_kubernetes_executor.py took 0.190 seconds
[2023-04-19T09:00:52.621+0000] {processor.py:153} INFO - Started process (PID=343) to work on /home/airflow/.local/lib/python3.7/site-packages/airflow/example_dags/example_kubernetes_executor.py
[2023-04-19T09:00:52.624+0000] {processor.py:743} INFO - Processing file /home/airflow/.local/lib/python3.7/site-packages/airflow/example_dags/example_kubernetes_executor.py for tasks to queue
[2023-04-19T09:00:52.628+0000] {logging_mixin.py:137} INFO - [2023-04-19T09:00:52.627+0000] {dagbag.py:532} INFO - Filling up the DagBag from /home/airflow/.local/lib/python3.7/site-packages/airflow/example_dags/example_kubernetes_executor.py
[2023-04-19T09:00:52.681+0000] {processor.py:753} INFO - DAG(s) dict_keys(['example_kubernetes_executor']) retrieved from /home/airflow/.local/lib/python3.7/site-packages/airflow/example_dags/example_kubernetes_executor.py
[2023-04-19T09:00:52.737+0000] {logging_mixin.py:137} INFO - [2023-04-19T09:00:52.737+0000] {dag.py:2705} INFO - Sync 1 DAGs
[2023-04-19T09:00:52.788+0000] {logging_mixin.py:137} INFO - [2023-04-19T09:00:52.788+0000] {dag.py:3456} INFO - Setting next_dagrun for example_kubernetes_executor to None, run_after=None
[2023-04-19T09:00:52.828+0000] {processor.py:175} INFO - Processing /home/airflow/.local/lib/python3.7/site-packages/airflow/example_dags/example_kubernetes_executor.py took 0.217 seconds
[2023-04-19T09:01:22.877+0000] {processor.py:153} INFO - Started process (PID=396) to work on /home/airflow/.local/lib/python3.7/site-packages/airflow/example_dags/example_kubernetes_executor.py
[2023-04-19T09:01:22.879+0000] {processor.py:743} INFO - Processing file /home/airflow/.local/lib/python3.7/site-packages/airflow/example_dags/example_kubernetes_executor.py for tasks to queue
[2023-04-19T09:01:22.881+0000] {logging_mixin.py:137} INFO - [2023-04-19T09:01:22.881+0000] {dagbag.py:532} INFO - Filling up the DagBag from /home/airflow/.local/lib/python3.7/site-packages/airflow/example_dags/example_kubernetes_executor.py
[2023-04-19T09:01:22.930+0000] {processor.py:753} INFO - DAG(s) dict_keys(['example_kubernetes_executor']) retrieved from /home/airflow/.local/lib/python3.7/site-packages/airflow/example_dags/example_kubernetes_executor.py
[2023-04-19T09:01:22.983+0000] {logging_mixin.py:137} INFO - [2023-04-19T09:01:22.983+0000] {dag.py:2705} INFO - Sync 1 DAGs
[2023-04-19T09:01:23.024+0000] {logging_mixin.py:137} INFO - [2023-04-19T09:01:23.024+0000] {dag.py:3456} INFO - Setting next_dagrun for example_kubernetes_executor to None, run_after=None
[2023-04-19T09:01:23.064+0000] {processor.py:175} INFO - Processing /home/airflow/.local/lib/python3.7/site-packages/airflow/example_dags/example_kubernetes_executor.py took 0.197 seconds
[2023-04-19T09:01:53.243+0000] {processor.py:153} INFO - Started process (PID=451) to work on /home/airflow/.local/lib/python3.7/site-packages/airflow/example_dags/example_kubernetes_executor.py
[2023-04-19T09:01:53.245+0000] {processor.py:743} INFO - Processing file /home/airflow/.local/lib/python3.7/site-packages/airflow/example_dags/example_kubernetes_executor.py for tasks to queue
[2023-04-19T09:01:53.247+0000] {logging_mixin.py:137} INFO - [2023-04-19T09:01:53.246+0000] {dagbag.py:532} INFO - Filling up the DagBag from /home/airflow/.local/lib/python3.7/site-packages/airflow/example_dags/example_kubernetes_executor.py
[2023-04-19T09:01:53.294+0000] {processor.py:753} INFO - DAG(s) dict_keys(['example_kubernetes_executor']) retrieved from /home/airflow/.local/lib/python3.7/site-packages/airflow/example_dags/example_kubernetes_executor.py
[2023-04-19T09:01:53.343+0000] {logging_mixin.py:137} INFO - [2023-04-19T09:01:53.343+0000] {dag.py:2705} INFO - Sync 1 DAGs
[2023-04-19T09:01:53.383+0000] {logging_mixin.py:137} INFO - [2023-04-19T09:01:53.382+0000] {dag.py:3456} INFO - Setting next_dagrun for example_kubernetes_executor to None, run_after=None
[2023-04-19T09:01:53.410+0000] {processor.py:175} INFO - Processing /home/airflow/.local/lib/python3.7/site-packages/airflow/example_dags/example_kubernetes_executor.py took 0.173 seconds
[2023-04-19T09:02:23.689+0000] {processor.py:153} INFO - Started process (PID=503) to work on /home/airflow/.local/lib/python3.7/site-packages/airflow/example_dags/example_kubernetes_executor.py
[2023-04-19T09:02:23.692+0000] {processor.py:743} INFO - Processing file /home/airflow/.local/lib/python3.7/site-packages/airflow/example_dags/example_kubernetes_executor.py for tasks to queue
[2023-04-19T09:02:23.693+0000] {logging_mixin.py:137} INFO - [2023-04-19T09:02:23.693+0000] {dagbag.py:532} INFO - Filling up the DagBag from /home/airflow/.local/lib/python3.7/site-packages/airflow/example_dags/example_kubernetes_executor.py
[2023-04-19T09:02:23.734+0000] {processor.py:753} INFO - DAG(s) dict_keys(['example_kubernetes_executor']) retrieved from /home/airflow/.local/lib/python3.7/site-packages/airflow/example_dags/example_kubernetes_executor.py
[2023-04-19T09:02:23.780+0000] {logging_mixin.py:137} INFO - [2023-04-19T09:02:23.780+0000] {dag.py:2705} INFO - Sync 1 DAGs
[2023-04-19T09:02:23.819+0000] {logging_mixin.py:137} INFO - [2023-04-19T09:02:23.819+0000] {dag.py:3456} INFO - Setting next_dagrun for example_kubernetes_executor to None, run_after=None
[2023-04-19T09:02:23.849+0000] {processor.py:175} INFO - Processing /home/airflow/.local/lib/python3.7/site-packages/airflow/example_dags/example_kubernetes_executor.py took 0.165 seconds
[2023-04-19T09:02:53.919+0000] {processor.py:153} INFO - Started process (PID=554) to work on /home/airflow/.local/lib/python3.7/site-packages/airflow/example_dags/example_kubernetes_executor.py
[2023-04-19T09:02:53.926+0000] {processor.py:743} INFO - Processing file /home/airflow/.local/lib/python3.7/site-packages/airflow/example_dags/example_kubernetes_executor.py for tasks to queue
[2023-04-19T09:02:53.929+0000] {logging_mixin.py:137} INFO - [2023-04-19T09:02:53.928+0000] {dagbag.py:532} INFO - Filling up the DagBag from /home/airflow/.local/lib/python3.7/site-packages/airflow/example_dags/example_kubernetes_executor.py
[2023-04-19T09:02:53.970+0000] {processor.py:753} INFO - DAG(s) dict_keys(['example_kubernetes_executor']) retrieved from /home/airflow/.local/lib/python3.7/site-packages/airflow/example_dags/example_kubernetes_executor.py
[2023-04-19T09:02:54.020+0000] {logging_mixin.py:137} INFO - [2023-04-19T09:02:54.020+0000] {dag.py:2705} INFO - Sync 1 DAGs
[2023-04-19T09:02:54.058+0000] {logging_mixin.py:137} INFO - [2023-04-19T09:02:54.058+0000] {dag.py:3456} INFO - Setting next_dagrun for example_kubernetes_executor to None, run_after=None
[2023-04-19T09:02:54.088+0000] {processor.py:175} INFO - Processing /home/airflow/.local/lib/python3.7/site-packages/airflow/example_dags/example_kubernetes_executor.py took 0.176 seconds
[2023-04-19T09:03:24.457+0000] {processor.py:153} INFO - Started process (PID=609) to work on /home/airflow/.local/lib/python3.7/site-packages/airflow/example_dags/example_kubernetes_executor.py
[2023-04-19T09:03:24.459+0000] {processor.py:743} INFO - Processing file /home/airflow/.local/lib/python3.7/site-packages/airflow/example_dags/example_kubernetes_executor.py for tasks to queue
[2023-04-19T09:03:24.461+0000] {logging_mixin.py:137} INFO - [2023-04-19T09:03:24.461+0000] {dagbag.py:532} INFO - Filling up the DagBag from /home/airflow/.local/lib/python3.7/site-packages/airflow/example_dags/example_kubernetes_executor.py
[2023-04-19T09:03:24.514+0000] {processor.py:753} INFO - DAG(s) dict_keys(['example_kubernetes_executor']) retrieved from /home/airflow/.local/lib/python3.7/site-packages/airflow/example_dags/example_kubernetes_executor.py
[2023-04-19T09:03:24.564+0000] {logging_mixin.py:137} INFO - [2023-04-19T09:03:24.564+0000] {dag.py:2705} INFO - Sync 1 DAGs
[2023-04-19T09:03:24.602+0000] {logging_mixin.py:137} INFO - [2023-04-19T09:03:24.601+0000] {dag.py:3456} INFO - Setting next_dagrun for example_kubernetes_executor to None, run_after=None
[2023-04-19T09:03:24.630+0000] {processor.py:175} INFO - Processing /home/airflow/.local/lib/python3.7/site-packages/airflow/example_dags/example_kubernetes_executor.py took 0.184 seconds
[2023-04-19T09:03:54.854+0000] {processor.py:153} INFO - Started process (PID=661) to work on /home/airflow/.local/lib/python3.7/site-packages/airflow/example_dags/example_kubernetes_executor.py
[2023-04-19T09:03:54.857+0000] {processor.py:743} INFO - Processing file /home/airflow/.local/lib/python3.7/site-packages/airflow/example_dags/example_kubernetes_executor.py for tasks to queue
[2023-04-19T09:03:54.859+0000] {logging_mixin.py:137} INFO - [2023-04-19T09:03:54.859+0000] {dagbag.py:532} INFO - Filling up the DagBag from /home/airflow/.local/lib/python3.7/site-packages/airflow/example_dags/example_kubernetes_executor.py
[2023-04-19T09:03:54.917+0000] {processor.py:753} INFO - DAG(s) dict_keys(['example_kubernetes_executor']) retrieved from /home/airflow/.local/lib/python3.7/site-packages/airflow/example_dags/example_kubernetes_executor.py
[2023-04-19T09:03:54.979+0000] {logging_mixin.py:137} INFO - [2023-04-19T09:03:54.979+0000] {dag.py:2705} INFO - Sync 1 DAGs
[2023-04-19T09:03:55.033+0000] {logging_mixin.py:137} INFO - [2023-04-19T09:03:55.032+0000] {dag.py:3456} INFO - Setting next_dagrun for example_kubernetes_executor to None, run_after=None
[2023-04-19T09:03:55.075+0000] {processor.py:175} INFO - Processing /home/airflow/.local/lib/python3.7/site-packages/airflow/example_dags/example_kubernetes_executor.py took 0.232 seconds
[2023-04-19T09:04:25.409+0000] {processor.py:153} INFO - Started process (PID=712) to work on /home/airflow/.local/lib/python3.7/site-packages/airflow/example_dags/example_kubernetes_executor.py
[2023-04-19T09:04:25.412+0000] {processor.py:743} INFO - Processing file /home/airflow/.local/lib/python3.7/site-packages/airflow/example_dags/example_kubernetes_executor.py for tasks to queue
[2023-04-19T09:04:25.415+0000] {logging_mixin.py:137} INFO - [2023-04-19T09:04:25.415+0000] {dagbag.py:532} INFO - Filling up the DagBag from /home/airflow/.local/lib/python3.7/site-packages/airflow/example_dags/example_kubernetes_executor.py
[2023-04-19T09:04:25.468+0000] {processor.py:753} INFO - DAG(s) dict_keys(['example_kubernetes_executor']) retrieved from /home/airflow/.local/lib/python3.7/site-packages/airflow/example_dags/example_kubernetes_executor.py
[2023-04-19T09:04:25.520+0000] {logging_mixin.py:137} INFO - [2023-04-19T09:04:25.520+0000] {dag.py:2705} INFO - Sync 1 DAGs
[2023-04-19T09:04:25.561+0000] {logging_mixin.py:137} INFO - [2023-04-19T09:04:25.561+0000] {dag.py:3456} INFO - Setting next_dagrun for example_kubernetes_executor to None, run_after=None
[2023-04-19T09:04:25.602+0000] {processor.py:175} INFO - Processing /home/airflow/.local/lib/python3.7/site-packages/airflow/example_dags/example_kubernetes_executor.py took 0.200 seconds
[2023-04-19T09:04:55.770+0000] {processor.py:153} INFO - Started process (PID=766) to work on /home/airflow/.local/lib/python3.7/site-packages/airflow/example_dags/example_kubernetes_executor.py
[2023-04-19T09:04:55.772+0000] {processor.py:743} INFO - Processing file /home/airflow/.local/lib/python3.7/site-packages/airflow/example_dags/example_kubernetes_executor.py for tasks to queue
[2023-04-19T09:04:55.773+0000] {logging_mixin.py:137} INFO - [2023-04-19T09:04:55.773+0000] {dagbag.py:532} INFO - Filling up the DagBag from /home/airflow/.local/lib/python3.7/site-packages/airflow/example_dags/example_kubernetes_executor.py
[2023-04-19T09:04:55.813+0000] {processor.py:753} INFO - DAG(s) dict_keys(['example_kubernetes_executor']) retrieved from /home/airflow/.local/lib/python3.7/site-packages/airflow/example_dags/example_kubernetes_executor.py
[2023-04-19T09:04:55.857+0000] {logging_mixin.py:137} INFO - [2023-04-19T09:04:55.857+0000] {dag.py:2705} INFO - Sync 1 DAGs
[2023-04-19T09:04:55.888+0000] {logging_mixin.py:137} INFO - [2023-04-19T09:04:55.888+0000] {dag.py:3456} INFO - Setting next_dagrun for example_kubernetes_executor to None, run_after=None
[2023-04-19T09:04:55.911+0000] {processor.py:175} INFO - Processing /home/airflow/.local/lib/python3.7/site-packages/airflow/example_dags/example_kubernetes_executor.py took 0.146 seconds
[2023-04-19T09:05:25.996+0000] {processor.py:153} INFO - Started process (PID=817) to work on /home/airflow/.local/lib/python3.7/site-packages/airflow/example_dags/example_kubernetes_executor.py
[2023-04-19T09:05:25.999+0000] {processor.py:743} INFO - Processing file /home/airflow/.local/lib/python3.7/site-packages/airflow/example_dags/example_kubernetes_executor.py for tasks to queue
[2023-04-19T09:05:26.000+0000] {logging_mixin.py:137} INFO - [2023-04-19T09:05:26.000+0000] {dagbag.py:532} INFO - Filling up the DagBag from /home/airflow/.local/lib/python3.7/site-packages/airflow/example_dags/example_kubernetes_executor.py
[2023-04-19T09:05:26.039+0000] {processor.py:753} INFO - DAG(s) dict_keys(['example_kubernetes_executor']) retrieved from /home/airflow/.local/lib/python3.7/site-packages/airflow/example_dags/example_kubernetes_executor.py
[2023-04-19T09:05:26.087+0000] {logging_mixin.py:137} INFO - [2023-04-19T09:05:26.087+0000] {dag.py:2705} INFO - Sync 1 DAGs
[2023-04-19T09:05:26.121+0000] {logging_mixin.py:137} INFO - [2023-04-19T09:05:26.121+0000] {dag.py:3456} INFO - Setting next_dagrun for example_kubernetes_executor to None, run_after=None
[2023-04-19T09:05:26.153+0000] {processor.py:175} INFO - Processing /home/airflow/.local/lib/python3.7/site-packages/airflow/example_dags/example_kubernetes_executor.py took 0.162 seconds
[2023-04-19T09:05:57.045+0000] {processor.py:153} INFO - Started process (PID=869) to work on /home/airflow/.local/lib/python3.7/site-packages/airflow/example_dags/example_kubernetes_executor.py
[2023-04-19T09:05:57.049+0000] {processor.py:743} INFO - Processing file /home/airflow/.local/lib/python3.7/site-packages/airflow/example_dags/example_kubernetes_executor.py for tasks to queue
[2023-04-19T09:05:57.051+0000] {logging_mixin.py:137} INFO - [2023-04-19T09:05:57.051+0000] {dagbag.py:532} INFO - Filling up the DagBag from /home/airflow/.local/lib/python3.7/site-packages/airflow/example_dags/example_kubernetes_executor.py
[2023-04-19T09:05:57.098+0000] {processor.py:753} INFO - DAG(s) dict_keys(['example_kubernetes_executor']) retrieved from /home/airflow/.local/lib/python3.7/site-packages/airflow/example_dags/example_kubernetes_executor.py
[2023-04-19T09:05:57.140+0000] {logging_mixin.py:137} INFO - [2023-04-19T09:05:57.140+0000] {dag.py:2705} INFO - Sync 1 DAGs
[2023-04-19T09:05:57.178+0000] {logging_mixin.py:137} INFO - [2023-04-19T09:05:57.178+0000] {dag.py:3456} INFO - Setting next_dagrun for example_kubernetes_executor to None, run_after=None
[2023-04-19T09:05:57.205+0000] {processor.py:175} INFO - Processing /home/airflow/.local/lib/python3.7/site-packages/airflow/example_dags/example_kubernetes_executor.py took 0.168 seconds
[2023-04-19T09:06:27.844+0000] {processor.py:153} INFO - Started process (PID=921) to work on /home/airflow/.local/lib/python3.7/site-packages/airflow/example_dags/example_kubernetes_executor.py
[2023-04-19T09:06:27.846+0000] {processor.py:743} INFO - Processing file /home/airflow/.local/lib/python3.7/site-packages/airflow/example_dags/example_kubernetes_executor.py for tasks to queue
[2023-04-19T09:06:27.848+0000] {logging_mixin.py:137} INFO - [2023-04-19T09:06:27.847+0000] {dagbag.py:532} INFO - Filling up the DagBag from /home/airflow/.local/lib/python3.7/site-packages/airflow/example_dags/example_kubernetes_executor.py
[2023-04-19T09:06:27.940+0000] {processor.py:753} INFO - DAG(s) dict_keys(['example_kubernetes_executor']) retrieved from /home/airflow/.local/lib/python3.7/site-packages/airflow/example_dags/example_kubernetes_executor.py
[2023-04-19T09:06:28.011+0000] {logging_mixin.py:137} INFO - [2023-04-19T09:06:28.011+0000] {dag.py:2705} INFO - Sync 1 DAGs
[2023-04-19T09:06:28.059+0000] {logging_mixin.py:137} INFO - [2023-04-19T09:06:28.059+0000] {dag.py:3456} INFO - Setting next_dagrun for example_kubernetes_executor to None, run_after=None
[2023-04-19T09:06:28.094+0000] {processor.py:175} INFO - Processing /home/airflow/.local/lib/python3.7/site-packages/airflow/example_dags/example_kubernetes_executor.py took 0.259 seconds
[2023-04-19T09:06:58.184+0000] {processor.py:153} INFO - Started process (PID=973) to work on /home/airflow/.local/lib/python3.7/site-packages/airflow/example_dags/example_kubernetes_executor.py
[2023-04-19T09:06:58.188+0000] {processor.py:743} INFO - Processing file /home/airflow/.local/lib/python3.7/site-packages/airflow/example_dags/example_kubernetes_executor.py for tasks to queue
[2023-04-19T09:06:58.190+0000] {logging_mixin.py:137} INFO - [2023-04-19T09:06:58.190+0000] {dagbag.py:532} INFO - Filling up the DagBag from /home/airflow/.local/lib/python3.7/site-packages/airflow/example_dags/example_kubernetes_executor.py
[2023-04-19T09:06:58.242+0000] {processor.py:753} INFO - DAG(s) dict_keys(['example_kubernetes_executor']) retrieved from /home/airflow/.local/lib/python3.7/site-packages/airflow/example_dags/example_kubernetes_executor.py
[2023-04-19T09:06:58.297+0000] {logging_mixin.py:137} INFO - [2023-04-19T09:06:58.296+0000] {dag.py:2705} INFO - Sync 1 DAGs
[2023-04-19T09:06:58.346+0000] {logging_mixin.py:137} INFO - [2023-04-19T09:06:58.345+0000] {dag.py:3456} INFO - Setting next_dagrun for example_kubernetes_executor to None, run_after=None
[2023-04-19T09:06:58.383+0000] {processor.py:175} INFO - Processing /home/airflow/.local/lib/python3.7/site-packages/airflow/example_dags/example_kubernetes_executor.py took 0.206 seconds
[2023-04-19T09:07:28.492+0000] {processor.py:153} INFO - Started process (PID=1025) to work on /home/airflow/.local/lib/python3.7/site-packages/airflow/example_dags/example_kubernetes_executor.py
[2023-04-19T09:07:28.495+0000] {processor.py:743} INFO - Processing file /home/airflow/.local/lib/python3.7/site-packages/airflow/example_dags/example_kubernetes_executor.py for tasks to queue
[2023-04-19T09:07:28.499+0000] {logging_mixin.py:137} INFO - [2023-04-19T09:07:28.498+0000] {dagbag.py:532} INFO - Filling up the DagBag from /home/airflow/.local/lib/python3.7/site-packages/airflow/example_dags/example_kubernetes_executor.py
[2023-04-19T09:07:28.549+0000] {processor.py:753} INFO - DAG(s) dict_keys(['example_kubernetes_executor']) retrieved from /home/airflow/.local/lib/python3.7/site-packages/airflow/example_dags/example_kubernetes_executor.py
[2023-04-19T09:07:28.593+0000] {logging_mixin.py:137} INFO - [2023-04-19T09:07:28.593+0000] {dag.py:2705} INFO - Sync 1 DAGs
[2023-04-19T09:07:28.639+0000] {logging_mixin.py:137} INFO - [2023-04-19T09:07:28.639+0000] {dag.py:3456} INFO - Setting next_dagrun for example_kubernetes_executor to None, run_after=None
[2023-04-19T09:07:28.683+0000] {processor.py:175} INFO - Processing /home/airflow/.local/lib/python3.7/site-packages/airflow/example_dags/example_kubernetes_executor.py took 0.203 seconds
[2023-04-19T09:07:59.692+0000] {processor.py:153} INFO - Started process (PID=1077) to work on /home/airflow/.local/lib/python3.7/site-packages/airflow/example_dags/example_kubernetes_executor.py
[2023-04-19T09:07:59.693+0000] {processor.py:743} INFO - Processing file /home/airflow/.local/lib/python3.7/site-packages/airflow/example_dags/example_kubernetes_executor.py for tasks to queue
[2023-04-19T09:07:59.695+0000] {logging_mixin.py:137} INFO - [2023-04-19T09:07:59.695+0000] {dagbag.py:532} INFO - Filling up the DagBag from /home/airflow/.local/lib/python3.7/site-packages/airflow/example_dags/example_kubernetes_executor.py
[2023-04-19T09:07:59.736+0000] {processor.py:753} INFO - DAG(s) dict_keys(['example_kubernetes_executor']) retrieved from /home/airflow/.local/lib/python3.7/site-packages/airflow/example_dags/example_kubernetes_executor.py
[2023-04-19T09:07:59.783+0000] {logging_mixin.py:137} INFO - [2023-04-19T09:07:59.782+0000] {dag.py:2705} INFO - Sync 1 DAGs
[2023-04-19T09:07:59.820+0000] {logging_mixin.py:137} INFO - [2023-04-19T09:07:59.820+0000] {dag.py:3456} INFO - Setting next_dagrun for example_kubernetes_executor to None, run_after=None
[2023-04-19T09:07:59.849+0000] {processor.py:175} INFO - Processing /home/airflow/.local/lib/python3.7/site-packages/airflow/example_dags/example_kubernetes_executor.py took 0.162 seconds
[2023-04-19T09:09:25.232+0000] {processor.py:153} INFO - Started process (PID=1128) to work on /home/airflow/.local/lib/python3.7/site-packages/airflow/example_dags/example_kubernetes_executor.py
[2023-04-19T09:09:25.236+0000] {processor.py:743} INFO - Processing file /home/airflow/.local/lib/python3.7/site-packages/airflow/example_dags/example_kubernetes_executor.py for tasks to queue
[2023-04-19T09:09:25.239+0000] {logging_mixin.py:137} INFO - [2023-04-19T09:09:25.238+0000] {dagbag.py:532} INFO - Filling up the DagBag from /home/airflow/.local/lib/python3.7/site-packages/airflow/example_dags/example_kubernetes_executor.py
[2023-04-19T09:09:25.294+0000] {processor.py:753} INFO - DAG(s) dict_keys(['example_kubernetes_executor']) retrieved from /home/airflow/.local/lib/python3.7/site-packages/airflow/example_dags/example_kubernetes_executor.py
[2023-04-19T09:09:25.344+0000] {logging_mixin.py:137} INFO - [2023-04-19T09:09:25.344+0000] {dag.py:2705} INFO - Sync 1 DAGs
[2023-04-19T09:09:25.391+0000] {logging_mixin.py:137} INFO - [2023-04-19T09:09:25.391+0000] {dag.py:3456} INFO - Setting next_dagrun for example_kubernetes_executor to None, run_after=None
[2023-04-19T09:09:25.423+0000] {processor.py:175} INFO - Processing /home/airflow/.local/lib/python3.7/site-packages/airflow/example_dags/example_kubernetes_executor.py took 0.197 seconds
[2023-04-19T09:09:55.474+0000] {processor.py:153} INFO - Started process (PID=1180) to work on /home/airflow/.local/lib/python3.7/site-packages/airflow/example_dags/example_kubernetes_executor.py
[2023-04-19T09:09:55.477+0000] {processor.py:743} INFO - Processing file /home/airflow/.local/lib/python3.7/site-packages/airflow/example_dags/example_kubernetes_executor.py for tasks to queue
[2023-04-19T09:09:55.478+0000] {logging_mixin.py:137} INFO - [2023-04-19T09:09:55.478+0000] {dagbag.py:532} INFO - Filling up the DagBag from /home/airflow/.local/lib/python3.7/site-packages/airflow/example_dags/example_kubernetes_executor.py
[2023-04-19T09:09:55.518+0000] {processor.py:753} INFO - DAG(s) dict_keys(['example_kubernetes_executor']) retrieved from /home/airflow/.local/lib/python3.7/site-packages/airflow/example_dags/example_kubernetes_executor.py
[2023-04-19T09:09:55.568+0000] {logging_mixin.py:137} INFO - [2023-04-19T09:09:55.567+0000] {dag.py:2705} INFO - Sync 1 DAGs
[2023-04-19T09:09:55.600+0000] {logging_mixin.py:137} INFO - [2023-04-19T09:09:55.600+0000] {dag.py:3456} INFO - Setting next_dagrun for example_kubernetes_executor to None, run_after=None
[2023-04-19T09:09:55.625+0000] {processor.py:175} INFO - Processing /home/airflow/.local/lib/python3.7/site-packages/airflow/example_dags/example_kubernetes_executor.py took 0.156 seconds
[2023-04-19T09:10:26.033+0000] {processor.py:153} INFO - Started process (PID=1235) to work on /home/airflow/.local/lib/python3.7/site-packages/airflow/example_dags/example_kubernetes_executor.py
[2023-04-19T09:10:26.035+0000] {processor.py:743} INFO - Processing file /home/airflow/.local/lib/python3.7/site-packages/airflow/example_dags/example_kubernetes_executor.py for tasks to queue
[2023-04-19T09:10:26.036+0000] {logging_mixin.py:137} INFO - [2023-04-19T09:10:26.036+0000] {dagbag.py:532} INFO - Filling up the DagBag from /home/airflow/.local/lib/python3.7/site-packages/airflow/example_dags/example_kubernetes_executor.py
[2023-04-19T09:10:26.070+0000] {processor.py:753} INFO - DAG(s) dict_keys(['example_kubernetes_executor']) retrieved from /home/airflow/.local/lib/python3.7/site-packages/airflow/example_dags/example_kubernetes_executor.py
[2023-04-19T09:10:26.111+0000] {logging_mixin.py:137} INFO - [2023-04-19T09:10:26.110+0000] {dag.py:2705} INFO - Sync 1 DAGs
[2023-04-19T09:10:26.141+0000] {logging_mixin.py:137} INFO - [2023-04-19T09:10:26.140+0000] {dag.py:3456} INFO - Setting next_dagrun for example_kubernetes_executor to None, run_after=None
[2023-04-19T09:10:26.168+0000] {processor.py:175} INFO - Processing /home/airflow/.local/lib/python3.7/site-packages/airflow/example_dags/example_kubernetes_executor.py took 0.142 seconds
[2023-04-19T09:10:56.360+0000] {processor.py:153} INFO - Started process (PID=1287) to work on /home/airflow/.local/lib/python3.7/site-packages/airflow/example_dags/example_kubernetes_executor.py
[2023-04-19T09:10:56.362+0000] {processor.py:743} INFO - Processing file /home/airflow/.local/lib/python3.7/site-packages/airflow/example_dags/example_kubernetes_executor.py for tasks to queue
[2023-04-19T09:10:56.364+0000] {logging_mixin.py:137} INFO - [2023-04-19T09:10:56.364+0000] {dagbag.py:532} INFO - Filling up the DagBag from /home/airflow/.local/lib/python3.7/site-packages/airflow/example_dags/example_kubernetes_executor.py
[2023-04-19T09:10:56.494+0000] {processor.py:753} INFO - DAG(s) dict_keys(['example_kubernetes_executor']) retrieved from /home/airflow/.local/lib/python3.7/site-packages/airflow/example_dags/example_kubernetes_executor.py
[2023-04-19T09:10:56.610+0000] {logging_mixin.py:137} INFO - [2023-04-19T09:10:56.610+0000] {dag.py:2705} INFO - Sync 1 DAGs
[2023-04-19T09:10:56.685+0000] {logging_mixin.py:137} INFO - [2023-04-19T09:10:56.685+0000] {dag.py:3456} INFO - Setting next_dagrun for example_kubernetes_executor to None, run_after=None
[2023-04-19T09:10:56.741+0000] {processor.py:175} INFO - Processing /home/airflow/.local/lib/python3.7/site-packages/airflow/example_dags/example_kubernetes_executor.py took 0.394 seconds
[2023-04-19T09:11:27.709+0000] {processor.py:153} INFO - Started process (PID=1337) to work on /home/airflow/.local/lib/python3.7/site-packages/airflow/example_dags/example_kubernetes_executor.py
[2023-04-19T09:11:27.724+0000] {processor.py:743} INFO - Processing file /home/airflow/.local/lib/python3.7/site-packages/airflow/example_dags/example_kubernetes_executor.py for tasks to queue
[2023-04-19T09:11:27.725+0000] {logging_mixin.py:137} INFO - [2023-04-19T09:11:27.725+0000] {dagbag.py:532} INFO - Filling up the DagBag from /home/airflow/.local/lib/python3.7/site-packages/airflow/example_dags/example_kubernetes_executor.py
[2023-04-19T09:11:27.858+0000] {processor.py:753} INFO - DAG(s) dict_keys(['example_kubernetes_executor']) retrieved from /home/airflow/.local/lib/python3.7/site-packages/airflow/example_dags/example_kubernetes_executor.py
[2023-04-19T09:11:27.954+0000] {logging_mixin.py:137} INFO - [2023-04-19T09:11:27.953+0000] {dag.py:2705} INFO - Sync 1 DAGs
[2023-04-19T09:11:28.046+0000] {logging_mixin.py:137} INFO - [2023-04-19T09:11:28.045+0000] {dag.py:3456} INFO - Setting next_dagrun for example_kubernetes_executor to None, run_after=None
[2023-04-19T09:11:28.096+0000] {processor.py:175} INFO - Processing /home/airflow/.local/lib/python3.7/site-packages/airflow/example_dags/example_kubernetes_executor.py took 0.415 seconds
[2023-04-19T09:11:58.425+0000] {processor.py:153} INFO - Started process (PID=1388) to work on /home/airflow/.local/lib/python3.7/site-packages/airflow/example_dags/example_kubernetes_executor.py
[2023-04-19T09:11:58.427+0000] {processor.py:743} INFO - Processing file /home/airflow/.local/lib/python3.7/site-packages/airflow/example_dags/example_kubernetes_executor.py for tasks to queue
[2023-04-19T09:11:58.428+0000] {logging_mixin.py:137} INFO - [2023-04-19T09:11:58.428+0000] {dagbag.py:532} INFO - Filling up the DagBag from /home/airflow/.local/lib/python3.7/site-packages/airflow/example_dags/example_kubernetes_executor.py
[2023-04-19T09:11:58.489+0000] {processor.py:753} INFO - DAG(s) dict_keys(['example_kubernetes_executor']) retrieved from /home/airflow/.local/lib/python3.7/site-packages/airflow/example_dags/example_kubernetes_executor.py
[2023-04-19T09:11:58.606+0000] {logging_mixin.py:137} INFO - [2023-04-19T09:11:58.606+0000] {dag.py:2705} INFO - Sync 1 DAGs
[2023-04-19T09:11:58.701+0000] {logging_mixin.py:137} INFO - [2023-04-19T09:11:58.701+0000] {dag.py:3456} INFO - Setting next_dagrun for example_kubernetes_executor to None, run_after=None
[2023-04-19T09:11:58.731+0000] {processor.py:175} INFO - Processing /home/airflow/.local/lib/python3.7/site-packages/airflow/example_dags/example_kubernetes_executor.py took 0.311 seconds
[2023-04-19T09:29:35.222+0000] {processor.py:153} INFO - Started process (PID=1439) to work on /home/airflow/.local/lib/python3.7/site-packages/airflow/example_dags/example_kubernetes_executor.py
[2023-04-19T09:29:35.228+0000] {processor.py:743} INFO - Processing file /home/airflow/.local/lib/python3.7/site-packages/airflow/example_dags/example_kubernetes_executor.py for tasks to queue
[2023-04-19T09:29:35.259+0000] {logging_mixin.py:137} INFO - [2023-04-19T09:29:35.259+0000] {dagbag.py:532} INFO - Filling up the DagBag from /home/airflow/.local/lib/python3.7/site-packages/airflow/example_dags/example_kubernetes_executor.py
[2023-04-19T09:29:35.536+0000] {processor.py:753} INFO - DAG(s) dict_keys(['example_kubernetes_executor']) retrieved from /home/airflow/.local/lib/python3.7/site-packages/airflow/example_dags/example_kubernetes_executor.py
[2023-04-19T09:29:35.769+0000] {logging_mixin.py:137} INFO - [2023-04-19T09:29:35.769+0000] {dag.py:2705} INFO - Sync 1 DAGs
[2023-04-19T09:29:35.803+0000] {logging_mixin.py:137} INFO - [2023-04-19T09:29:35.802+0000] {dag.py:3456} INFO - Setting next_dagrun for example_kubernetes_executor to None, run_after=None
[2023-04-19T09:29:35.884+0000] {processor.py:175} INFO - Processing /home/airflow/.local/lib/python3.7/site-packages/airflow/example_dags/example_kubernetes_executor.py took 0.701 seconds
[2023-04-19T10:00:55.848+0000] {processor.py:153} INFO - Started process (PID=1490) to work on /home/airflow/.local/lib/python3.7/site-packages/airflow/example_dags/example_kubernetes_executor.py
[2023-04-19T10:00:55.858+0000] {processor.py:743} INFO - Processing file /home/airflow/.local/lib/python3.7/site-packages/airflow/example_dags/example_kubernetes_executor.py for tasks to queue
[2023-04-19T10:00:55.867+0000] {logging_mixin.py:137} INFO - [2023-04-19T10:00:55.866+0000] {dagbag.py:532} INFO - Filling up the DagBag from /home/airflow/.local/lib/python3.7/site-packages/airflow/example_dags/example_kubernetes_executor.py
[2023-04-19T10:00:56.202+0000] {processor.py:753} INFO - DAG(s) dict_keys(['example_kubernetes_executor']) retrieved from /home/airflow/.local/lib/python3.7/site-packages/airflow/example_dags/example_kubernetes_executor.py
[2023-04-19T10:00:56.444+0000] {logging_mixin.py:137} INFO - [2023-04-19T10:00:56.443+0000] {dag.py:2705} INFO - Sync 1 DAGs
[2023-04-19T10:00:56.631+0000] {logging_mixin.py:137} INFO - [2023-04-19T10:00:56.630+0000] {dag.py:3456} INFO - Setting next_dagrun for example_kubernetes_executor to None, run_after=None
[2023-04-19T10:00:56.799+0000] {processor.py:175} INFO - Processing /home/airflow/.local/lib/python3.7/site-packages/airflow/example_dags/example_kubernetes_executor.py took 0.976 seconds
[2023-04-19T10:16:49.164+0000] {processor.py:153} INFO - Started process (PID=1540) to work on /home/airflow/.local/lib/python3.7/site-packages/airflow/example_dags/example_kubernetes_executor.py
[2023-04-19T10:16:49.186+0000] {processor.py:743} INFO - Processing file /home/airflow/.local/lib/python3.7/site-packages/airflow/example_dags/example_kubernetes_executor.py for tasks to queue
[2023-04-19T10:16:49.204+0000] {logging_mixin.py:137} INFO - [2023-04-19T10:16:49.203+0000] {dagbag.py:532} INFO - Filling up the DagBag from /home/airflow/.local/lib/python3.7/site-packages/airflow/example_dags/example_kubernetes_executor.py
[2023-04-19T10:16:49.517+0000] {processor.py:753} INFO - DAG(s) dict_keys(['example_kubernetes_executor']) retrieved from /home/airflow/.local/lib/python3.7/site-packages/airflow/example_dags/example_kubernetes_executor.py
[2023-04-19T10:16:50.009+0000] {logging_mixin.py:137} INFO - [2023-04-19T10:16:50.003+0000] {dag.py:2705} INFO - Sync 1 DAGs
[2023-04-19T10:16:50.576+0000] {logging_mixin.py:137} INFO - [2023-04-19T10:16:50.569+0000] {dag.py:3456} INFO - Setting next_dagrun for example_kubernetes_executor to None, run_after=None
[2023-04-19T10:16:50.849+0000] {processor.py:175} INFO - Processing /home/airflow/.local/lib/python3.7/site-packages/airflow/example_dags/example_kubernetes_executor.py took 1.714 seconds
[2023-04-19T12:32:39.876+0000] {processor.py:153} INFO - Started process (PID=1592) to work on /home/airflow/.local/lib/python3.7/site-packages/airflow/example_dags/example_kubernetes_executor.py
[2023-04-19T12:32:39.889+0000] {processor.py:743} INFO - Processing file /home/airflow/.local/lib/python3.7/site-packages/airflow/example_dags/example_kubernetes_executor.py for tasks to queue
[2023-04-19T12:32:39.892+0000] {logging_mixin.py:137} INFO - [2023-04-19T12:32:39.891+0000] {dagbag.py:532} INFO - Filling up the DagBag from /home/airflow/.local/lib/python3.7/site-packages/airflow/example_dags/example_kubernetes_executor.py
[2023-04-19T12:32:40.022+0000] {processor.py:753} INFO - DAG(s) dict_keys(['example_kubernetes_executor']) retrieved from /home/airflow/.local/lib/python3.7/site-packages/airflow/example_dags/example_kubernetes_executor.py
[2023-04-19T12:32:40.221+0000] {logging_mixin.py:137} INFO - [2023-04-19T12:32:40.220+0000] {dag.py:2705} INFO - Sync 1 DAGs
[2023-04-19T12:32:40.412+0000] {logging_mixin.py:137} INFO - [2023-04-19T12:32:40.411+0000] {dag.py:3456} INFO - Setting next_dagrun for example_kubernetes_executor to None, run_after=None
[2023-04-19T12:32:40.579+0000] {processor.py:175} INFO - Processing /home/airflow/.local/lib/python3.7/site-packages/airflow/example_dags/example_kubernetes_executor.py took 0.708 seconds
[2023-04-19T12:33:11.096+0000] {processor.py:153} INFO - Started process (PID=1644) to work on /home/airflow/.local/lib/python3.7/site-packages/airflow/example_dags/example_kubernetes_executor.py
[2023-04-19T12:33:11.098+0000] {processor.py:743} INFO - Processing file /home/airflow/.local/lib/python3.7/site-packages/airflow/example_dags/example_kubernetes_executor.py for tasks to queue
[2023-04-19T12:33:11.102+0000] {logging_mixin.py:137} INFO - [2023-04-19T12:33:11.102+0000] {dagbag.py:532} INFO - Filling up the DagBag from /home/airflow/.local/lib/python3.7/site-packages/airflow/example_dags/example_kubernetes_executor.py
[2023-04-19T12:33:11.148+0000] {processor.py:753} INFO - DAG(s) dict_keys(['example_kubernetes_executor']) retrieved from /home/airflow/.local/lib/python3.7/site-packages/airflow/example_dags/example_kubernetes_executor.py
[2023-04-19T12:33:11.193+0000] {logging_mixin.py:137} INFO - [2023-04-19T12:33:11.192+0000] {dag.py:2705} INFO - Sync 1 DAGs
[2023-04-19T12:33:11.225+0000] {logging_mixin.py:137} INFO - [2023-04-19T12:33:11.225+0000] {dag.py:3456} INFO - Setting next_dagrun for example_kubernetes_executor to None, run_after=None
[2023-04-19T12:33:11.251+0000] {processor.py:175} INFO - Processing /home/airflow/.local/lib/python3.7/site-packages/airflow/example_dags/example_kubernetes_executor.py took 0.159 seconds
[2023-04-19T13:31:34.346+0000] {processor.py:153} INFO - Started process (PID=1697) to work on /home/airflow/.local/lib/python3.7/site-packages/airflow/example_dags/example_kubernetes_executor.py
[2023-04-19T13:31:34.365+0000] {processor.py:743} INFO - Processing file /home/airflow/.local/lib/python3.7/site-packages/airflow/example_dags/example_kubernetes_executor.py for tasks to queue
[2023-04-19T13:31:34.390+0000] {logging_mixin.py:137} INFO - [2023-04-19T13:31:34.388+0000] {dagbag.py:532} INFO - Filling up the DagBag from /home/airflow/.local/lib/python3.7/site-packages/airflow/example_dags/example_kubernetes_executor.py
[2023-04-19T13:31:35.342+0000] {processor.py:753} INFO - DAG(s) dict_keys(['example_kubernetes_executor']) retrieved from /home/airflow/.local/lib/python3.7/site-packages/airflow/example_dags/example_kubernetes_executor.py
[2023-04-19T13:31:35.927+0000] {logging_mixin.py:137} INFO - [2023-04-19T13:31:35.926+0000] {dag.py:2705} INFO - Sync 1 DAGs
[2023-04-19T13:31:36.725+0000] {logging_mixin.py:137} INFO - [2023-04-19T13:31:36.724+0000] {dag.py:3456} INFO - Setting next_dagrun for example_kubernetes_executor to None, run_after=None
[2023-04-19T13:31:37.043+0000] {processor.py:175} INFO - Processing /home/airflow/.local/lib/python3.7/site-packages/airflow/example_dags/example_kubernetes_executor.py took 2.733 seconds
[2023-04-19T14:25:32.807+0000] {processor.py:153} INFO - Started process (PID=1748) to work on /home/airflow/.local/lib/python3.7/site-packages/airflow/example_dags/example_kubernetes_executor.py
[2023-04-19T14:25:32.809+0000] {processor.py:743} INFO - Processing file /home/airflow/.local/lib/python3.7/site-packages/airflow/example_dags/example_kubernetes_executor.py for tasks to queue
[2023-04-19T14:25:32.812+0000] {logging_mixin.py:137} INFO - [2023-04-19T14:25:32.811+0000] {dagbag.py:532} INFO - Filling up the DagBag from /home/airflow/.local/lib/python3.7/site-packages/airflow/example_dags/example_kubernetes_executor.py
[2023-04-19T14:25:32.946+0000] {processor.py:753} INFO - DAG(s) dict_keys(['example_kubernetes_executor']) retrieved from /home/airflow/.local/lib/python3.7/site-packages/airflow/example_dags/example_kubernetes_executor.py
[2023-04-19T14:25:33.028+0000] {logging_mixin.py:137} INFO - [2023-04-19T14:25:33.028+0000] {dag.py:2705} INFO - Sync 1 DAGs
[2023-04-19T14:25:33.099+0000] {logging_mixin.py:137} INFO - [2023-04-19T14:25:33.099+0000] {dag.py:3456} INFO - Setting next_dagrun for example_kubernetes_executor to None, run_after=None
[2023-04-19T14:25:33.160+0000] {processor.py:175} INFO - Processing /home/airflow/.local/lib/python3.7/site-packages/airflow/example_dags/example_kubernetes_executor.py took 0.371 seconds
[2023-04-19T15:19:57.759+0000] {processor.py:153} INFO - Started process (PID=1800) to work on /home/airflow/.local/lib/python3.7/site-packages/airflow/example_dags/example_kubernetes_executor.py
[2023-04-19T15:19:57.774+0000] {processor.py:743} INFO - Processing file /home/airflow/.local/lib/python3.7/site-packages/airflow/example_dags/example_kubernetes_executor.py for tasks to queue
[2023-04-19T15:19:57.789+0000] {logging_mixin.py:137} INFO - [2023-04-19T15:19:57.788+0000] {dagbag.py:532} INFO - Filling up the DagBag from /home/airflow/.local/lib/python3.7/site-packages/airflow/example_dags/example_kubernetes_executor.py
[2023-04-19T15:19:58.059+0000] {processor.py:753} INFO - DAG(s) dict_keys(['example_kubernetes_executor']) retrieved from /home/airflow/.local/lib/python3.7/site-packages/airflow/example_dags/example_kubernetes_executor.py
[2023-04-19T15:19:58.285+0000] {logging_mixin.py:137} INFO - [2023-04-19T15:19:58.284+0000] {dag.py:2705} INFO - Sync 1 DAGs
[2023-04-19T15:19:58.515+0000] {logging_mixin.py:137} INFO - [2023-04-19T15:19:58.514+0000] {dag.py:3456} INFO - Setting next_dagrun for example_kubernetes_executor to None, run_after=None
[2023-04-19T15:19:58.716+0000] {processor.py:175} INFO - Processing /home/airflow/.local/lib/python3.7/site-packages/airflow/example_dags/example_kubernetes_executor.py took 1.003 seconds
[2023-04-19T17:07:20.129+0000] {processor.py:153} INFO - Started process (PID=1851) to work on /home/airflow/.local/lib/python3.7/site-packages/airflow/example_dags/example_kubernetes_executor.py
[2023-04-19T17:07:20.132+0000] {processor.py:743} INFO - Processing file /home/airflow/.local/lib/python3.7/site-packages/airflow/example_dags/example_kubernetes_executor.py for tasks to queue
[2023-04-19T17:07:20.138+0000] {logging_mixin.py:137} INFO - [2023-04-19T17:07:20.137+0000] {dagbag.py:532} INFO - Filling up the DagBag from /home/airflow/.local/lib/python3.7/site-packages/airflow/example_dags/example_kubernetes_executor.py
[2023-04-19T17:07:20.252+0000] {processor.py:753} INFO - DAG(s) dict_keys(['example_kubernetes_executor']) retrieved from /home/airflow/.local/lib/python3.7/site-packages/airflow/example_dags/example_kubernetes_executor.py
[2023-04-19T17:07:20.337+0000] {logging_mixin.py:137} INFO - [2023-04-19T17:07:20.337+0000] {dag.py:2705} INFO - Sync 1 DAGs
[2023-04-19T17:07:20.443+0000] {logging_mixin.py:137} INFO - [2023-04-19T17:07:20.442+0000] {dag.py:3456} INFO - Setting next_dagrun for example_kubernetes_executor to None, run_after=None
[2023-04-19T17:07:20.511+0000] {processor.py:175} INFO - Processing /home/airflow/.local/lib/python3.7/site-packages/airflow/example_dags/example_kubernetes_executor.py took 0.398 seconds
[2023-04-19T17:37:51.585+0000] {processor.py:153} INFO - Started process (PID=1902) to work on /home/airflow/.local/lib/python3.7/site-packages/airflow/example_dags/example_kubernetes_executor.py
[2023-04-19T17:37:51.591+0000] {processor.py:743} INFO - Processing file /home/airflow/.local/lib/python3.7/site-packages/airflow/example_dags/example_kubernetes_executor.py for tasks to queue
[2023-04-19T17:37:51.598+0000] {logging_mixin.py:137} INFO - [2023-04-19T17:37:51.597+0000] {dagbag.py:532} INFO - Filling up the DagBag from /home/airflow/.local/lib/python3.7/site-packages/airflow/example_dags/example_kubernetes_executor.py
[2023-04-19T17:37:51.717+0000] {processor.py:753} INFO - DAG(s) dict_keys(['example_kubernetes_executor']) retrieved from /home/airflow/.local/lib/python3.7/site-packages/airflow/example_dags/example_kubernetes_executor.py
[2023-04-19T17:37:51.783+0000] {logging_mixin.py:137} INFO - [2023-04-19T17:37:51.783+0000] {dag.py:2705} INFO - Sync 1 DAGs
[2023-04-19T17:37:51.827+0000] {logging_mixin.py:137} INFO - [2023-04-19T17:37:51.827+0000] {dag.py:3456} INFO - Setting next_dagrun for example_kubernetes_executor to None, run_after=None
[2023-04-19T17:37:51.895+0000] {processor.py:175} INFO - Processing /home/airflow/.local/lib/python3.7/site-packages/airflow/example_dags/example_kubernetes_executor.py took 0.315 seconds
[2023-04-19T19:26:01.977+0000] {processor.py:153} INFO - Started process (PID=1955) to work on /home/airflow/.local/lib/python3.7/site-packages/airflow/example_dags/example_kubernetes_executor.py
[2023-04-19T19:26:01.982+0000] {processor.py:743} INFO - Processing file /home/airflow/.local/lib/python3.7/site-packages/airflow/example_dags/example_kubernetes_executor.py for tasks to queue
[2023-04-19T19:26:02.000+0000] {logging_mixin.py:137} INFO - [2023-04-19T19:26:02.000+0000] {dagbag.py:532} INFO - Filling up the DagBag from /home/airflow/.local/lib/python3.7/site-packages/airflow/example_dags/example_kubernetes_executor.py
[2023-04-19T19:26:02.099+0000] {processor.py:753} INFO - DAG(s) dict_keys(['example_kubernetes_executor']) retrieved from /home/airflow/.local/lib/python3.7/site-packages/airflow/example_dags/example_kubernetes_executor.py
[2023-04-19T19:26:02.253+0000] {logging_mixin.py:137} INFO - [2023-04-19T19:26:02.253+0000] {dag.py:2705} INFO - Sync 1 DAGs
[2023-04-19T19:26:02.346+0000] {logging_mixin.py:137} INFO - [2023-04-19T19:26:02.345+0000] {dag.py:3456} INFO - Setting next_dagrun for example_kubernetes_executor to None, run_after=None
[2023-04-19T19:26:02.377+0000] {processor.py:175} INFO - Processing /home/airflow/.local/lib/python3.7/site-packages/airflow/example_dags/example_kubernetes_executor.py took 0.421 seconds
[2023-04-19T21:13:10.232+0000] {processor.py:153} INFO - Started process (PID=2008) to work on /home/airflow/.local/lib/python3.7/site-packages/airflow/example_dags/example_kubernetes_executor.py
[2023-04-19T21:13:10.269+0000] {processor.py:743} INFO - Processing file /home/airflow/.local/lib/python3.7/site-packages/airflow/example_dags/example_kubernetes_executor.py for tasks to queue
[2023-04-19T21:13:10.295+0000] {logging_mixin.py:137} INFO - [2023-04-19T21:13:10.294+0000] {dagbag.py:532} INFO - Filling up the DagBag from /home/airflow/.local/lib/python3.7/site-packages/airflow/example_dags/example_kubernetes_executor.py
[2023-04-19T21:13:11.971+0000] {processor.py:753} INFO - DAG(s) dict_keys(['example_kubernetes_executor']) retrieved from /home/airflow/.local/lib/python3.7/site-packages/airflow/example_dags/example_kubernetes_executor.py
[2023-04-19T21:13:12.500+0000] {logging_mixin.py:137} INFO - [2023-04-19T21:13:12.497+0000] {dag.py:2705} INFO - Sync 1 DAGs
[2023-04-19T21:13:13.085+0000] {logging_mixin.py:137} INFO - [2023-04-19T21:13:13.083+0000] {dag.py:3456} INFO - Setting next_dagrun for example_kubernetes_executor to None, run_after=None
[2023-04-19T21:13:13.490+0000] {processor.py:175} INFO - Processing /home/airflow/.local/lib/python3.7/site-packages/airflow/example_dags/example_kubernetes_executor.py took 3.353 seconds
