[2023-04-19T08:58:02.709+0000] {processor.py:153} INFO - Started process (PID=66) to work on /home/airflow/.local/lib/python3.7/site-packages/airflow/example_dags/example_sla_dag.py
[2023-04-19T08:58:02.716+0000] {processor.py:743} INFO - Processing file /home/airflow/.local/lib/python3.7/site-packages/airflow/example_dags/example_sla_dag.py for tasks to queue
[2023-04-19T08:58:02.719+0000] {logging_mixin.py:137} INFO - [2023-04-19T08:58:02.718+0000] {dagbag.py:532} INFO - Filling up the DagBag from /home/airflow/.local/lib/python3.7/site-packages/airflow/example_dags/example_sla_dag.py
[2023-04-19T08:58:02.918+0000] {processor.py:753} INFO - DAG(s) dict_keys(['example_sla_dag']) retrieved from /home/airflow/.local/lib/python3.7/site-packages/airflow/example_dags/example_sla_dag.py
[2023-04-19T08:58:03.154+0000] {logging_mixin.py:137} INFO - [2023-04-19T08:58:03.154+0000] {dag.py:2705} INFO - Sync 1 DAGs
[2023-04-19T08:58:03.414+0000] {logging_mixin.py:137} INFO - [2023-04-19T08:58:03.414+0000] {dag.py:3456} INFO - Setting next_dagrun for example_sla_dag to 2023-04-19T08:56:00+00:00, run_after=2023-04-19T08:58:00+00:00
[2023-04-19T08:58:03.598+0000] {processor.py:175} INFO - Processing /home/airflow/.local/lib/python3.7/site-packages/airflow/example_dags/example_sla_dag.py took 0.935 seconds
[2023-04-19T08:58:34.018+0000] {processor.py:153} INFO - Started process (PID=119) to work on /home/airflow/.local/lib/python3.7/site-packages/airflow/example_dags/example_sla_dag.py
[2023-04-19T08:58:34.021+0000] {processor.py:743} INFO - Processing file /home/airflow/.local/lib/python3.7/site-packages/airflow/example_dags/example_sla_dag.py for tasks to queue
[2023-04-19T08:58:34.023+0000] {logging_mixin.py:137} INFO - [2023-04-19T08:58:34.023+0000] {dagbag.py:532} INFO - Filling up the DagBag from /home/airflow/.local/lib/python3.7/site-packages/airflow/example_dags/example_sla_dag.py
[2023-04-19T08:58:34.171+0000] {processor.py:753} INFO - DAG(s) dict_keys(['example_sla_dag']) retrieved from /home/airflow/.local/lib/python3.7/site-packages/airflow/example_dags/example_sla_dag.py
[2023-04-19T08:58:34.249+0000] {logging_mixin.py:137} INFO - [2023-04-19T08:58:34.248+0000] {dag.py:2705} INFO - Sync 1 DAGs
[2023-04-19T08:58:34.313+0000] {logging_mixin.py:137} INFO - [2023-04-19T08:58:34.313+0000] {dag.py:3456} INFO - Setting next_dagrun for example_sla_dag to 2023-04-19T08:56:00+00:00, run_after=2023-04-19T08:58:00+00:00
[2023-04-19T08:58:34.360+0000] {processor.py:175} INFO - Processing /home/airflow/.local/lib/python3.7/site-packages/airflow/example_dags/example_sla_dag.py took 0.363 seconds
[2023-04-19T08:59:04.502+0000] {processor.py:153} INFO - Started process (PID=170) to work on /home/airflow/.local/lib/python3.7/site-packages/airflow/example_dags/example_sla_dag.py
[2023-04-19T08:59:04.504+0000] {processor.py:743} INFO - Processing file /home/airflow/.local/lib/python3.7/site-packages/airflow/example_dags/example_sla_dag.py for tasks to queue
[2023-04-19T08:59:04.506+0000] {logging_mixin.py:137} INFO - [2023-04-19T08:59:04.505+0000] {dagbag.py:532} INFO - Filling up the DagBag from /home/airflow/.local/lib/python3.7/site-packages/airflow/example_dags/example_sla_dag.py
[2023-04-19T08:59:04.550+0000] {processor.py:753} INFO - DAG(s) dict_keys(['example_sla_dag']) retrieved from /home/airflow/.local/lib/python3.7/site-packages/airflow/example_dags/example_sla_dag.py
[2023-04-19T08:59:04.594+0000] {logging_mixin.py:137} INFO - [2023-04-19T08:59:04.594+0000] {dag.py:2705} INFO - Sync 1 DAGs
[2023-04-19T08:59:04.663+0000] {logging_mixin.py:137} INFO - [2023-04-19T08:59:04.663+0000] {dag.py:3456} INFO - Setting next_dagrun for example_sla_dag to 2023-04-19T08:56:00+00:00, run_after=2023-04-19T08:58:00+00:00
[2023-04-19T08:59:04.699+0000] {processor.py:175} INFO - Processing /home/airflow/.local/lib/python3.7/site-packages/airflow/example_dags/example_sla_dag.py took 0.202 seconds
[2023-04-19T08:59:34.875+0000] {processor.py:153} INFO - Started process (PID=221) to work on /home/airflow/.local/lib/python3.7/site-packages/airflow/example_dags/example_sla_dag.py
[2023-04-19T08:59:34.878+0000] {processor.py:743} INFO - Processing file /home/airflow/.local/lib/python3.7/site-packages/airflow/example_dags/example_sla_dag.py for tasks to queue
[2023-04-19T08:59:34.882+0000] {logging_mixin.py:137} INFO - [2023-04-19T08:59:34.882+0000] {dagbag.py:532} INFO - Filling up the DagBag from /home/airflow/.local/lib/python3.7/site-packages/airflow/example_dags/example_sla_dag.py
[2023-04-19T08:59:34.929+0000] {processor.py:753} INFO - DAG(s) dict_keys(['example_sla_dag']) retrieved from /home/airflow/.local/lib/python3.7/site-packages/airflow/example_dags/example_sla_dag.py
[2023-04-19T08:59:34.984+0000] {logging_mixin.py:137} INFO - [2023-04-19T08:59:34.983+0000] {dag.py:2705} INFO - Sync 1 DAGs
[2023-04-19T08:59:35.034+0000] {logging_mixin.py:137} INFO - [2023-04-19T08:59:35.033+0000] {dag.py:3456} INFO - Setting next_dagrun for example_sla_dag to 2023-04-19T08:56:00+00:00, run_after=2023-04-19T08:58:00+00:00
[2023-04-19T08:59:35.058+0000] {processor.py:175} INFO - Processing /home/airflow/.local/lib/python3.7/site-packages/airflow/example_dags/example_sla_dag.py took 0.194 seconds
[2023-04-19T09:00:05.405+0000] {processor.py:153} INFO - Started process (PID=274) to work on /home/airflow/.local/lib/python3.7/site-packages/airflow/example_dags/example_sla_dag.py
[2023-04-19T09:00:05.407+0000] {processor.py:743} INFO - Processing file /home/airflow/.local/lib/python3.7/site-packages/airflow/example_dags/example_sla_dag.py for tasks to queue
[2023-04-19T09:00:05.409+0000] {logging_mixin.py:137} INFO - [2023-04-19T09:00:05.408+0000] {dagbag.py:532} INFO - Filling up the DagBag from /home/airflow/.local/lib/python3.7/site-packages/airflow/example_dags/example_sla_dag.py
[2023-04-19T09:00:05.452+0000] {processor.py:753} INFO - DAG(s) dict_keys(['example_sla_dag']) retrieved from /home/airflow/.local/lib/python3.7/site-packages/airflow/example_dags/example_sla_dag.py
[2023-04-19T09:00:05.494+0000] {logging_mixin.py:137} INFO - [2023-04-19T09:00:05.494+0000] {dag.py:2705} INFO - Sync 1 DAGs
[2023-04-19T09:00:05.549+0000] {logging_mixin.py:137} INFO - [2023-04-19T09:00:05.549+0000] {dag.py:3456} INFO - Setting next_dagrun for example_sla_dag to 2023-04-19T08:58:00+00:00, run_after=2023-04-19T09:00:00+00:00
[2023-04-19T09:00:05.586+0000] {processor.py:175} INFO - Processing /home/airflow/.local/lib/python3.7/site-packages/airflow/example_dags/example_sla_dag.py took 0.186 seconds
[2023-04-19T09:00:35.780+0000] {processor.py:153} INFO - Started process (PID=325) to work on /home/airflow/.local/lib/python3.7/site-packages/airflow/example_dags/example_sla_dag.py
[2023-04-19T09:00:35.781+0000] {processor.py:743} INFO - Processing file /home/airflow/.local/lib/python3.7/site-packages/airflow/example_dags/example_sla_dag.py for tasks to queue
[2023-04-19T09:00:35.783+0000] {logging_mixin.py:137} INFO - [2023-04-19T09:00:35.783+0000] {dagbag.py:532} INFO - Filling up the DagBag from /home/airflow/.local/lib/python3.7/site-packages/airflow/example_dags/example_sla_dag.py
[2023-04-19T09:00:35.827+0000] {processor.py:753} INFO - DAG(s) dict_keys(['example_sla_dag']) retrieved from /home/airflow/.local/lib/python3.7/site-packages/airflow/example_dags/example_sla_dag.py
[2023-04-19T09:00:35.869+0000] {logging_mixin.py:137} INFO - [2023-04-19T09:00:35.869+0000] {dag.py:2705} INFO - Sync 1 DAGs
[2023-04-19T09:00:35.924+0000] {logging_mixin.py:137} INFO - [2023-04-19T09:00:35.924+0000] {dag.py:3456} INFO - Setting next_dagrun for example_sla_dag to 2023-04-19T08:58:00+00:00, run_after=2023-04-19T09:00:00+00:00
[2023-04-19T09:00:35.960+0000] {processor.py:175} INFO - Processing /home/airflow/.local/lib/python3.7/site-packages/airflow/example_dags/example_sla_dag.py took 0.186 seconds
[2023-04-19T09:01:06.575+0000] {processor.py:153} INFO - Started process (PID=378) to work on /home/airflow/.local/lib/python3.7/site-packages/airflow/example_dags/example_sla_dag.py
[2023-04-19T09:01:06.577+0000] {processor.py:743} INFO - Processing file /home/airflow/.local/lib/python3.7/site-packages/airflow/example_dags/example_sla_dag.py for tasks to queue
[2023-04-19T09:01:06.584+0000] {logging_mixin.py:137} INFO - [2023-04-19T09:01:06.583+0000] {dagbag.py:532} INFO - Filling up the DagBag from /home/airflow/.local/lib/python3.7/site-packages/airflow/example_dags/example_sla_dag.py
[2023-04-19T09:01:06.646+0000] {processor.py:753} INFO - DAG(s) dict_keys(['example_sla_dag']) retrieved from /home/airflow/.local/lib/python3.7/site-packages/airflow/example_dags/example_sla_dag.py
[2023-04-19T09:01:06.696+0000] {logging_mixin.py:137} INFO - [2023-04-19T09:01:06.695+0000] {dag.py:2705} INFO - Sync 1 DAGs
[2023-04-19T09:01:06.741+0000] {logging_mixin.py:137} INFO - [2023-04-19T09:01:06.741+0000] {dag.py:3456} INFO - Setting next_dagrun for example_sla_dag to 2023-04-19T08:58:00+00:00, run_after=2023-04-19T09:00:00+00:00
[2023-04-19T09:01:06.812+0000] {processor.py:175} INFO - Processing /home/airflow/.local/lib/python3.7/site-packages/airflow/example_dags/example_sla_dag.py took 0.248 seconds
[2023-04-19T09:01:36.969+0000] {processor.py:153} INFO - Started process (PID=433) to work on /home/airflow/.local/lib/python3.7/site-packages/airflow/example_dags/example_sla_dag.py
[2023-04-19T09:01:36.972+0000] {processor.py:743} INFO - Processing file /home/airflow/.local/lib/python3.7/site-packages/airflow/example_dags/example_sla_dag.py for tasks to queue
[2023-04-19T09:01:36.975+0000] {logging_mixin.py:137} INFO - [2023-04-19T09:01:36.974+0000] {dagbag.py:532} INFO - Filling up the DagBag from /home/airflow/.local/lib/python3.7/site-packages/airflow/example_dags/example_sla_dag.py
[2023-04-19T09:01:37.023+0000] {processor.py:753} INFO - DAG(s) dict_keys(['example_sla_dag']) retrieved from /home/airflow/.local/lib/python3.7/site-packages/airflow/example_dags/example_sla_dag.py
[2023-04-19T09:01:37.063+0000] {logging_mixin.py:137} INFO - [2023-04-19T09:01:37.063+0000] {dag.py:2705} INFO - Sync 1 DAGs
[2023-04-19T09:01:37.119+0000] {logging_mixin.py:137} INFO - [2023-04-19T09:01:37.119+0000] {dag.py:3456} INFO - Setting next_dagrun for example_sla_dag to 2023-04-19T08:58:00+00:00, run_after=2023-04-19T09:00:00+00:00
[2023-04-19T09:01:37.160+0000] {processor.py:175} INFO - Processing /home/airflow/.local/lib/python3.7/site-packages/airflow/example_dags/example_sla_dag.py took 0.201 seconds
[2023-04-19T09:02:07.880+0000] {processor.py:153} INFO - Started process (PID=485) to work on /home/airflow/.local/lib/python3.7/site-packages/airflow/example_dags/example_sla_dag.py
[2023-04-19T09:02:07.882+0000] {processor.py:743} INFO - Processing file /home/airflow/.local/lib/python3.7/site-packages/airflow/example_dags/example_sla_dag.py for tasks to queue
[2023-04-19T09:02:07.884+0000] {logging_mixin.py:137} INFO - [2023-04-19T09:02:07.884+0000] {dagbag.py:532} INFO - Filling up the DagBag from /home/airflow/.local/lib/python3.7/site-packages/airflow/example_dags/example_sla_dag.py
[2023-04-19T09:02:07.926+0000] {processor.py:753} INFO - DAG(s) dict_keys(['example_sla_dag']) retrieved from /home/airflow/.local/lib/python3.7/site-packages/airflow/example_dags/example_sla_dag.py
[2023-04-19T09:02:07.993+0000] {logging_mixin.py:137} INFO - [2023-04-19T09:02:07.993+0000] {dag.py:2705} INFO - Sync 1 DAGs
[2023-04-19T09:02:08.053+0000] {logging_mixin.py:137} INFO - [2023-04-19T09:02:08.053+0000] {dag.py:3456} INFO - Setting next_dagrun for example_sla_dag to 2023-04-19T09:00:00+00:00, run_after=2023-04-19T09:02:00+00:00
[2023-04-19T09:02:08.110+0000] {processor.py:175} INFO - Processing /home/airflow/.local/lib/python3.7/site-packages/airflow/example_dags/example_sla_dag.py took 0.234 seconds
[2023-04-19T09:02:38.570+0000] {processor.py:153} INFO - Started process (PID=536) to work on /home/airflow/.local/lib/python3.7/site-packages/airflow/example_dags/example_sla_dag.py
[2023-04-19T09:02:38.596+0000] {processor.py:743} INFO - Processing file /home/airflow/.local/lib/python3.7/site-packages/airflow/example_dags/example_sla_dag.py for tasks to queue
[2023-04-19T09:02:38.602+0000] {logging_mixin.py:137} INFO - [2023-04-19T09:02:38.602+0000] {dagbag.py:532} INFO - Filling up the DagBag from /home/airflow/.local/lib/python3.7/site-packages/airflow/example_dags/example_sla_dag.py
[2023-04-19T09:02:38.667+0000] {processor.py:753} INFO - DAG(s) dict_keys(['example_sla_dag']) retrieved from /home/airflow/.local/lib/python3.7/site-packages/airflow/example_dags/example_sla_dag.py
[2023-04-19T09:02:38.764+0000] {logging_mixin.py:137} INFO - [2023-04-19T09:02:38.762+0000] {dag.py:2705} INFO - Sync 1 DAGs
[2023-04-19T09:02:38.868+0000] {logging_mixin.py:137} INFO - [2023-04-19T09:02:38.868+0000] {dag.py:3456} INFO - Setting next_dagrun for example_sla_dag to 2023-04-19T09:00:00+00:00, run_after=2023-04-19T09:02:00+00:00
[2023-04-19T09:02:38.938+0000] {processor.py:175} INFO - Processing /home/airflow/.local/lib/python3.7/site-packages/airflow/example_dags/example_sla_dag.py took 0.383 seconds
[2023-04-19T09:03:09.640+0000] {processor.py:153} INFO - Started process (PID=591) to work on /home/airflow/.local/lib/python3.7/site-packages/airflow/example_dags/example_sla_dag.py
[2023-04-19T09:03:09.644+0000] {processor.py:743} INFO - Processing file /home/airflow/.local/lib/python3.7/site-packages/airflow/example_dags/example_sla_dag.py for tasks to queue
[2023-04-19T09:03:09.653+0000] {logging_mixin.py:137} INFO - [2023-04-19T09:03:09.650+0000] {dagbag.py:532} INFO - Filling up the DagBag from /home/airflow/.local/lib/python3.7/site-packages/airflow/example_dags/example_sla_dag.py
[2023-04-19T09:03:09.790+0000] {processor.py:753} INFO - DAG(s) dict_keys(['example_sla_dag']) retrieved from /home/airflow/.local/lib/python3.7/site-packages/airflow/example_dags/example_sla_dag.py
[2023-04-19T09:03:09.888+0000] {logging_mixin.py:137} INFO - [2023-04-19T09:03:09.888+0000] {dag.py:2705} INFO - Sync 1 DAGs
[2023-04-19T09:03:10.021+0000] {logging_mixin.py:137} INFO - [2023-04-19T09:03:10.021+0000] {dag.py:3456} INFO - Setting next_dagrun for example_sla_dag to 2023-04-19T09:00:00+00:00, run_after=2023-04-19T09:02:00+00:00
[2023-04-19T09:03:10.114+0000] {processor.py:175} INFO - Processing /home/airflow/.local/lib/python3.7/site-packages/airflow/example_dags/example_sla_dag.py took 0.498 seconds
[2023-04-19T09:03:40.806+0000] {processor.py:153} INFO - Started process (PID=643) to work on /home/airflow/.local/lib/python3.7/site-packages/airflow/example_dags/example_sla_dag.py
[2023-04-19T09:03:40.809+0000] {processor.py:743} INFO - Processing file /home/airflow/.local/lib/python3.7/site-packages/airflow/example_dags/example_sla_dag.py for tasks to queue
[2023-04-19T09:03:40.829+0000] {logging_mixin.py:137} INFO - [2023-04-19T09:03:40.829+0000] {dagbag.py:532} INFO - Filling up the DagBag from /home/airflow/.local/lib/python3.7/site-packages/airflow/example_dags/example_sla_dag.py
[2023-04-19T09:03:40.871+0000] {processor.py:753} INFO - DAG(s) dict_keys(['example_sla_dag']) retrieved from /home/airflow/.local/lib/python3.7/site-packages/airflow/example_dags/example_sla_dag.py
[2023-04-19T09:03:40.940+0000] {logging_mixin.py:137} INFO - [2023-04-19T09:03:40.940+0000] {dag.py:2705} INFO - Sync 1 DAGs
[2023-04-19T09:03:41.051+0000] {logging_mixin.py:137} INFO - [2023-04-19T09:03:41.051+0000] {dag.py:3456} INFO - Setting next_dagrun for example_sla_dag to 2023-04-19T09:00:00+00:00, run_after=2023-04-19T09:02:00+00:00
[2023-04-19T09:03:41.093+0000] {processor.py:175} INFO - Processing /home/airflow/.local/lib/python3.7/site-packages/airflow/example_dags/example_sla_dag.py took 0.291 seconds
[2023-04-19T09:04:11.335+0000] {processor.py:153} INFO - Started process (PID=694) to work on /home/airflow/.local/lib/python3.7/site-packages/airflow/example_dags/example_sla_dag.py
[2023-04-19T09:04:11.337+0000] {processor.py:743} INFO - Processing file /home/airflow/.local/lib/python3.7/site-packages/airflow/example_dags/example_sla_dag.py for tasks to queue
[2023-04-19T09:04:11.338+0000] {logging_mixin.py:137} INFO - [2023-04-19T09:04:11.338+0000] {dagbag.py:532} INFO - Filling up the DagBag from /home/airflow/.local/lib/python3.7/site-packages/airflow/example_dags/example_sla_dag.py
[2023-04-19T09:04:11.388+0000] {processor.py:753} INFO - DAG(s) dict_keys(['example_sla_dag']) retrieved from /home/airflow/.local/lib/python3.7/site-packages/airflow/example_dags/example_sla_dag.py
[2023-04-19T09:04:11.435+0000] {logging_mixin.py:137} INFO - [2023-04-19T09:04:11.435+0000] {dag.py:2705} INFO - Sync 1 DAGs
[2023-04-19T09:04:11.484+0000] {logging_mixin.py:137} INFO - [2023-04-19T09:04:11.484+0000] {dag.py:3456} INFO - Setting next_dagrun for example_sla_dag to 2023-04-19T09:02:00+00:00, run_after=2023-04-19T09:04:00+00:00
[2023-04-19T09:04:11.549+0000] {processor.py:175} INFO - Processing /home/airflow/.local/lib/python3.7/site-packages/airflow/example_dags/example_sla_dag.py took 0.220 seconds
[2023-04-19T09:04:41.615+0000] {processor.py:153} INFO - Started process (PID=748) to work on /home/airflow/.local/lib/python3.7/site-packages/airflow/example_dags/example_sla_dag.py
[2023-04-19T09:04:41.617+0000] {processor.py:743} INFO - Processing file /home/airflow/.local/lib/python3.7/site-packages/airflow/example_dags/example_sla_dag.py for tasks to queue
[2023-04-19T09:04:41.619+0000] {logging_mixin.py:137} INFO - [2023-04-19T09:04:41.619+0000] {dagbag.py:532} INFO - Filling up the DagBag from /home/airflow/.local/lib/python3.7/site-packages/airflow/example_dags/example_sla_dag.py
[2023-04-19T09:04:41.651+0000] {processor.py:753} INFO - DAG(s) dict_keys(['example_sla_dag']) retrieved from /home/airflow/.local/lib/python3.7/site-packages/airflow/example_dags/example_sla_dag.py
[2023-04-19T09:04:41.688+0000] {logging_mixin.py:137} INFO - [2023-04-19T09:04:41.688+0000] {dag.py:2705} INFO - Sync 1 DAGs
[2023-04-19T09:04:41.734+0000] {logging_mixin.py:137} INFO - [2023-04-19T09:04:41.734+0000] {dag.py:3456} INFO - Setting next_dagrun for example_sla_dag to 2023-04-19T09:02:00+00:00, run_after=2023-04-19T09:04:00+00:00
[2023-04-19T09:04:41.766+0000] {processor.py:175} INFO - Processing /home/airflow/.local/lib/python3.7/site-packages/airflow/example_dags/example_sla_dag.py took 0.158 seconds
[2023-04-19T09:05:11.856+0000] {processor.py:153} INFO - Started process (PID=799) to work on /home/airflow/.local/lib/python3.7/site-packages/airflow/example_dags/example_sla_dag.py
[2023-04-19T09:05:11.859+0000] {processor.py:743} INFO - Processing file /home/airflow/.local/lib/python3.7/site-packages/airflow/example_dags/example_sla_dag.py for tasks to queue
[2023-04-19T09:05:11.862+0000] {logging_mixin.py:137} INFO - [2023-04-19T09:05:11.862+0000] {dagbag.py:532} INFO - Filling up the DagBag from /home/airflow/.local/lib/python3.7/site-packages/airflow/example_dags/example_sla_dag.py
[2023-04-19T09:05:11.896+0000] {processor.py:753} INFO - DAG(s) dict_keys(['example_sla_dag']) retrieved from /home/airflow/.local/lib/python3.7/site-packages/airflow/example_dags/example_sla_dag.py
[2023-04-19T09:05:11.932+0000] {logging_mixin.py:137} INFO - [2023-04-19T09:05:11.932+0000] {dag.py:2705} INFO - Sync 1 DAGs
[2023-04-19T09:05:11.976+0000] {logging_mixin.py:137} INFO - [2023-04-19T09:05:11.975+0000] {dag.py:3456} INFO - Setting next_dagrun for example_sla_dag to 2023-04-19T09:02:00+00:00, run_after=2023-04-19T09:04:00+00:00
[2023-04-19T09:05:12.008+0000] {processor.py:175} INFO - Processing /home/airflow/.local/lib/python3.7/site-packages/airflow/example_dags/example_sla_dag.py took 0.160 seconds
[2023-04-19T09:05:42.476+0000] {processor.py:153} INFO - Started process (PID=851) to work on /home/airflow/.local/lib/python3.7/site-packages/airflow/example_dags/example_sla_dag.py
[2023-04-19T09:05:42.484+0000] {processor.py:743} INFO - Processing file /home/airflow/.local/lib/python3.7/site-packages/airflow/example_dags/example_sla_dag.py for tasks to queue
[2023-04-19T09:05:42.488+0000] {logging_mixin.py:137} INFO - [2023-04-19T09:05:42.488+0000] {dagbag.py:532} INFO - Filling up the DagBag from /home/airflow/.local/lib/python3.7/site-packages/airflow/example_dags/example_sla_dag.py
[2023-04-19T09:05:42.547+0000] {processor.py:753} INFO - DAG(s) dict_keys(['example_sla_dag']) retrieved from /home/airflow/.local/lib/python3.7/site-packages/airflow/example_dags/example_sla_dag.py
[2023-04-19T09:05:42.605+0000] {logging_mixin.py:137} INFO - [2023-04-19T09:05:42.604+0000] {dag.py:2705} INFO - Sync 1 DAGs
[2023-04-19T09:05:42.676+0000] {logging_mixin.py:137} INFO - [2023-04-19T09:05:42.676+0000] {dag.py:3456} INFO - Setting next_dagrun for example_sla_dag to 2023-04-19T09:02:00+00:00, run_after=2023-04-19T09:04:00+00:00
[2023-04-19T09:05:42.703+0000] {processor.py:175} INFO - Processing /home/airflow/.local/lib/python3.7/site-packages/airflow/example_dags/example_sla_dag.py took 0.246 seconds
[2023-04-19T09:06:12.813+0000] {processor.py:153} INFO - Started process (PID=903) to work on /home/airflow/.local/lib/python3.7/site-packages/airflow/example_dags/example_sla_dag.py
[2023-04-19T09:06:12.823+0000] {processor.py:743} INFO - Processing file /home/airflow/.local/lib/python3.7/site-packages/airflow/example_dags/example_sla_dag.py for tasks to queue
[2023-04-19T09:06:12.825+0000] {logging_mixin.py:137} INFO - [2023-04-19T09:06:12.825+0000] {dagbag.py:532} INFO - Filling up the DagBag from /home/airflow/.local/lib/python3.7/site-packages/airflow/example_dags/example_sla_dag.py
[2023-04-19T09:06:12.868+0000] {processor.py:753} INFO - DAG(s) dict_keys(['example_sla_dag']) retrieved from /home/airflow/.local/lib/python3.7/site-packages/airflow/example_dags/example_sla_dag.py
[2023-04-19T09:06:12.905+0000] {logging_mixin.py:137} INFO - [2023-04-19T09:06:12.905+0000] {dag.py:2705} INFO - Sync 1 DAGs
[2023-04-19T09:06:12.950+0000] {logging_mixin.py:137} INFO - [2023-04-19T09:06:12.950+0000] {dag.py:3456} INFO - Setting next_dagrun for example_sla_dag to 2023-04-19T09:04:00+00:00, run_after=2023-04-19T09:06:00+00:00
[2023-04-19T09:06:12.983+0000] {processor.py:175} INFO - Processing /home/airflow/.local/lib/python3.7/site-packages/airflow/example_dags/example_sla_dag.py took 0.180 seconds
[2023-04-19T09:06:43.148+0000] {processor.py:153} INFO - Started process (PID=955) to work on /home/airflow/.local/lib/python3.7/site-packages/airflow/example_dags/example_sla_dag.py
[2023-04-19T09:06:43.149+0000] {processor.py:743} INFO - Processing file /home/airflow/.local/lib/python3.7/site-packages/airflow/example_dags/example_sla_dag.py for tasks to queue
[2023-04-19T09:06:43.151+0000] {logging_mixin.py:137} INFO - [2023-04-19T09:06:43.151+0000] {dagbag.py:532} INFO - Filling up the DagBag from /home/airflow/.local/lib/python3.7/site-packages/airflow/example_dags/example_sla_dag.py
[2023-04-19T09:06:43.190+0000] {processor.py:753} INFO - DAG(s) dict_keys(['example_sla_dag']) retrieved from /home/airflow/.local/lib/python3.7/site-packages/airflow/example_dags/example_sla_dag.py
[2023-04-19T09:06:43.226+0000] {logging_mixin.py:137} INFO - [2023-04-19T09:06:43.226+0000] {dag.py:2705} INFO - Sync 1 DAGs
[2023-04-19T09:06:43.266+0000] {logging_mixin.py:137} INFO - [2023-04-19T09:06:43.265+0000] {dag.py:3456} INFO - Setting next_dagrun for example_sla_dag to 2023-04-19T09:04:00+00:00, run_after=2023-04-19T09:06:00+00:00
[2023-04-19T09:06:43.289+0000] {processor.py:175} INFO - Processing /home/airflow/.local/lib/python3.7/site-packages/airflow/example_dags/example_sla_dag.py took 0.147 seconds
[2023-04-19T09:07:13.660+0000] {processor.py:153} INFO - Started process (PID=1007) to work on /home/airflow/.local/lib/python3.7/site-packages/airflow/example_dags/example_sla_dag.py
[2023-04-19T09:07:13.675+0000] {processor.py:743} INFO - Processing file /home/airflow/.local/lib/python3.7/site-packages/airflow/example_dags/example_sla_dag.py for tasks to queue
[2023-04-19T09:07:13.677+0000] {logging_mixin.py:137} INFO - [2023-04-19T09:07:13.677+0000] {dagbag.py:532} INFO - Filling up the DagBag from /home/airflow/.local/lib/python3.7/site-packages/airflow/example_dags/example_sla_dag.py
[2023-04-19T09:07:13.741+0000] {processor.py:753} INFO - DAG(s) dict_keys(['example_sla_dag']) retrieved from /home/airflow/.local/lib/python3.7/site-packages/airflow/example_dags/example_sla_dag.py
[2023-04-19T09:07:13.783+0000] {logging_mixin.py:137} INFO - [2023-04-19T09:07:13.782+0000] {dag.py:2705} INFO - Sync 1 DAGs
[2023-04-19T09:07:13.829+0000] {logging_mixin.py:137} INFO - [2023-04-19T09:07:13.828+0000] {dag.py:3456} INFO - Setting next_dagrun for example_sla_dag to 2023-04-19T09:04:00+00:00, run_after=2023-04-19T09:06:00+00:00
[2023-04-19T09:07:13.884+0000] {processor.py:175} INFO - Processing /home/airflow/.local/lib/python3.7/site-packages/airflow/example_dags/example_sla_dag.py took 0.233 seconds
[2023-04-19T09:07:44.561+0000] {processor.py:153} INFO - Started process (PID=1059) to work on /home/airflow/.local/lib/python3.7/site-packages/airflow/example_dags/example_sla_dag.py
[2023-04-19T09:07:44.565+0000] {processor.py:743} INFO - Processing file /home/airflow/.local/lib/python3.7/site-packages/airflow/example_dags/example_sla_dag.py for tasks to queue
[2023-04-19T09:07:44.568+0000] {logging_mixin.py:137} INFO - [2023-04-19T09:07:44.568+0000] {dagbag.py:532} INFO - Filling up the DagBag from /home/airflow/.local/lib/python3.7/site-packages/airflow/example_dags/example_sla_dag.py
[2023-04-19T09:07:44.618+0000] {processor.py:753} INFO - DAG(s) dict_keys(['example_sla_dag']) retrieved from /home/airflow/.local/lib/python3.7/site-packages/airflow/example_dags/example_sla_dag.py
[2023-04-19T09:07:44.667+0000] {logging_mixin.py:137} INFO - [2023-04-19T09:07:44.667+0000] {dag.py:2705} INFO - Sync 1 DAGs
[2023-04-19T09:07:44.707+0000] {logging_mixin.py:137} INFO - [2023-04-19T09:07:44.706+0000] {dag.py:3456} INFO - Setting next_dagrun for example_sla_dag to 2023-04-19T09:04:00+00:00, run_after=2023-04-19T09:06:00+00:00
[2023-04-19T09:07:44.730+0000] {processor.py:175} INFO - Processing /home/airflow/.local/lib/python3.7/site-packages/airflow/example_dags/example_sla_dag.py took 0.187 seconds
[2023-04-19T09:08:15.074+0000] {processor.py:153} INFO - Started process (PID=1111) to work on /home/airflow/.local/lib/python3.7/site-packages/airflow/example_dags/example_sla_dag.py
[2023-04-19T09:08:15.080+0000] {processor.py:743} INFO - Processing file /home/airflow/.local/lib/python3.7/site-packages/airflow/example_dags/example_sla_dag.py for tasks to queue
[2023-04-19T09:08:15.085+0000] {logging_mixin.py:137} INFO - [2023-04-19T09:08:15.085+0000] {dagbag.py:532} INFO - Filling up the DagBag from /home/airflow/.local/lib/python3.7/site-packages/airflow/example_dags/example_sla_dag.py
[2023-04-19T09:08:15.128+0000] {processor.py:753} INFO - DAG(s) dict_keys(['example_sla_dag']) retrieved from /home/airflow/.local/lib/python3.7/site-packages/airflow/example_dags/example_sla_dag.py
[2023-04-19T09:08:15.180+0000] {logging_mixin.py:137} INFO - [2023-04-19T09:08:15.180+0000] {dag.py:2705} INFO - Sync 1 DAGs
[2023-04-19T09:08:15.229+0000] {logging_mixin.py:137} INFO - [2023-04-19T09:08:15.227+0000] {dag.py:3456} INFO - Setting next_dagrun for example_sla_dag to 2023-04-19T09:06:00+00:00, run_after=2023-04-19T09:08:00+00:00
[2023-04-19T09:08:15.273+0000] {processor.py:175} INFO - Processing /home/airflow/.local/lib/python3.7/site-packages/airflow/example_dags/example_sla_dag.py took 0.209 seconds
[2023-04-19T09:09:30.981+0000] {processor.py:153} INFO - Started process (PID=1153) to work on /home/airflow/.local/lib/python3.7/site-packages/airflow/example_dags/example_sla_dag.py
[2023-04-19T09:09:30.985+0000] {processor.py:743} INFO - Processing file /home/airflow/.local/lib/python3.7/site-packages/airflow/example_dags/example_sla_dag.py for tasks to queue
[2023-04-19T09:09:30.989+0000] {logging_mixin.py:137} INFO - [2023-04-19T09:09:30.988+0000] {dagbag.py:532} INFO - Filling up the DagBag from /home/airflow/.local/lib/python3.7/site-packages/airflow/example_dags/example_sla_dag.py
[2023-04-19T09:09:31.056+0000] {processor.py:753} INFO - DAG(s) dict_keys(['example_sla_dag']) retrieved from /home/airflow/.local/lib/python3.7/site-packages/airflow/example_dags/example_sla_dag.py
[2023-04-19T09:09:31.126+0000] {logging_mixin.py:137} INFO - [2023-04-19T09:09:31.126+0000] {dag.py:2705} INFO - Sync 1 DAGs
[2023-04-19T09:09:31.195+0000] {logging_mixin.py:137} INFO - [2023-04-19T09:09:31.194+0000] {dag.py:3456} INFO - Setting next_dagrun for example_sla_dag to 2023-04-19T09:06:00+00:00, run_after=2023-04-19T09:08:00+00:00
[2023-04-19T09:09:31.246+0000] {processor.py:175} INFO - Processing /home/airflow/.local/lib/python3.7/site-packages/airflow/example_dags/example_sla_dag.py took 0.275 seconds
[2023-04-19T09:10:01.950+0000] {processor.py:153} INFO - Started process (PID=1206) to work on /home/airflow/.local/lib/python3.7/site-packages/airflow/example_dags/example_sla_dag.py
[2023-04-19T09:10:01.955+0000] {processor.py:743} INFO - Processing file /home/airflow/.local/lib/python3.7/site-packages/airflow/example_dags/example_sla_dag.py for tasks to queue
[2023-04-19T09:10:01.957+0000] {logging_mixin.py:137} INFO - [2023-04-19T09:10:01.957+0000] {dagbag.py:532} INFO - Filling up the DagBag from /home/airflow/.local/lib/python3.7/site-packages/airflow/example_dags/example_sla_dag.py
[2023-04-19T09:10:02.031+0000] {processor.py:753} INFO - DAG(s) dict_keys(['example_sla_dag']) retrieved from /home/airflow/.local/lib/python3.7/site-packages/airflow/example_dags/example_sla_dag.py
[2023-04-19T09:10:02.175+0000] {logging_mixin.py:137} INFO - [2023-04-19T09:10:02.175+0000] {dag.py:2705} INFO - Sync 1 DAGs
[2023-04-19T09:10:02.303+0000] {logging_mixin.py:137} INFO - [2023-04-19T09:10:02.303+0000] {dag.py:3456} INFO - Setting next_dagrun for example_sla_dag to 2023-04-19T09:08:00+00:00, run_after=2023-04-19T09:10:00+00:00
[2023-04-19T09:10:02.383+0000] {processor.py:175} INFO - Processing /home/airflow/.local/lib/python3.7/site-packages/airflow/example_dags/example_sla_dag.py took 0.438 seconds
[2023-04-19T09:10:33.013+0000] {processor.py:153} INFO - Started process (PID=1260) to work on /home/airflow/.local/lib/python3.7/site-packages/airflow/example_dags/example_sla_dag.py
[2023-04-19T09:10:33.015+0000] {processor.py:743} INFO - Processing file /home/airflow/.local/lib/python3.7/site-packages/airflow/example_dags/example_sla_dag.py for tasks to queue
[2023-04-19T09:10:33.017+0000] {logging_mixin.py:137} INFO - [2023-04-19T09:10:33.017+0000] {dagbag.py:532} INFO - Filling up the DagBag from /home/airflow/.local/lib/python3.7/site-packages/airflow/example_dags/example_sla_dag.py
[2023-04-19T09:10:33.083+0000] {processor.py:753} INFO - DAG(s) dict_keys(['example_sla_dag']) retrieved from /home/airflow/.local/lib/python3.7/site-packages/airflow/example_dags/example_sla_dag.py
[2023-04-19T09:10:33.117+0000] {logging_mixin.py:137} INFO - [2023-04-19T09:10:33.116+0000] {dag.py:2705} INFO - Sync 1 DAGs
[2023-04-19T09:10:33.157+0000] {logging_mixin.py:137} INFO - [2023-04-19T09:10:33.157+0000] {dag.py:3456} INFO - Setting next_dagrun for example_sla_dag to 2023-04-19T09:08:00+00:00, run_after=2023-04-19T09:10:00+00:00
[2023-04-19T09:10:33.185+0000] {processor.py:175} INFO - Processing /home/airflow/.local/lib/python3.7/site-packages/airflow/example_dags/example_sla_dag.py took 0.177 seconds
[2023-04-19T09:11:03.393+0000] {processor.py:153} INFO - Started process (PID=1312) to work on /home/airflow/.local/lib/python3.7/site-packages/airflow/example_dags/example_sla_dag.py
[2023-04-19T09:11:03.396+0000] {processor.py:743} INFO - Processing file /home/airflow/.local/lib/python3.7/site-packages/airflow/example_dags/example_sla_dag.py for tasks to queue
[2023-04-19T09:11:03.402+0000] {logging_mixin.py:137} INFO - [2023-04-19T09:11:03.402+0000] {dagbag.py:532} INFO - Filling up the DagBag from /home/airflow/.local/lib/python3.7/site-packages/airflow/example_dags/example_sla_dag.py
[2023-04-19T09:11:03.452+0000] {processor.py:753} INFO - DAG(s) dict_keys(['example_sla_dag']) retrieved from /home/airflow/.local/lib/python3.7/site-packages/airflow/example_dags/example_sla_dag.py
[2023-04-19T09:11:03.511+0000] {logging_mixin.py:137} INFO - [2023-04-19T09:11:03.511+0000] {dag.py:2705} INFO - Sync 1 DAGs
[2023-04-19T09:11:03.556+0000] {logging_mixin.py:137} INFO - [2023-04-19T09:11:03.555+0000] {dag.py:3456} INFO - Setting next_dagrun for example_sla_dag to 2023-04-19T09:08:00+00:00, run_after=2023-04-19T09:10:00+00:00
[2023-04-19T09:11:03.582+0000] {processor.py:175} INFO - Processing /home/airflow/.local/lib/python3.7/site-packages/airflow/example_dags/example_sla_dag.py took 0.194 seconds
[2023-04-19T09:11:33.765+0000] {processor.py:153} INFO - Started process (PID=1362) to work on /home/airflow/.local/lib/python3.7/site-packages/airflow/example_dags/example_sla_dag.py
[2023-04-19T09:11:33.786+0000] {processor.py:743} INFO - Processing file /home/airflow/.local/lib/python3.7/site-packages/airflow/example_dags/example_sla_dag.py for tasks to queue
[2023-04-19T09:11:33.790+0000] {logging_mixin.py:137} INFO - [2023-04-19T09:11:33.790+0000] {dagbag.py:532} INFO - Filling up the DagBag from /home/airflow/.local/lib/python3.7/site-packages/airflow/example_dags/example_sla_dag.py
[2023-04-19T09:11:33.816+0000] {processor.py:753} INFO - DAG(s) dict_keys(['example_sla_dag']) retrieved from /home/airflow/.local/lib/python3.7/site-packages/airflow/example_dags/example_sla_dag.py
[2023-04-19T09:11:33.912+0000] {logging_mixin.py:137} INFO - [2023-04-19T09:11:33.912+0000] {dag.py:2705} INFO - Sync 1 DAGs
[2023-04-19T09:11:33.954+0000] {logging_mixin.py:137} INFO - [2023-04-19T09:11:33.954+0000] {dag.py:3456} INFO - Setting next_dagrun for example_sla_dag to 2023-04-19T09:08:00+00:00, run_after=2023-04-19T09:10:00+00:00
[2023-04-19T09:11:34.028+0000] {processor.py:175} INFO - Processing /home/airflow/.local/lib/python3.7/site-packages/airflow/example_dags/example_sla_dag.py took 0.297 seconds
[2023-04-19T09:12:06.808+0000] {processor.py:153} INFO - Started process (PID=1420) to work on /home/airflow/.local/lib/python3.7/site-packages/airflow/example_dags/example_sla_dag.py
[2023-04-19T09:12:06.810+0000] {processor.py:743} INFO - Processing file /home/airflow/.local/lib/python3.7/site-packages/airflow/example_dags/example_sla_dag.py for tasks to queue
[2023-04-19T09:12:06.812+0000] {logging_mixin.py:137} INFO - [2023-04-19T09:12:06.812+0000] {dagbag.py:532} INFO - Filling up the DagBag from /home/airflow/.local/lib/python3.7/site-packages/airflow/example_dags/example_sla_dag.py
[2023-04-19T09:12:06.843+0000] {processor.py:753} INFO - DAG(s) dict_keys(['example_sla_dag']) retrieved from /home/airflow/.local/lib/python3.7/site-packages/airflow/example_dags/example_sla_dag.py
[2023-04-19T09:12:06.888+0000] {logging_mixin.py:137} INFO - [2023-04-19T09:12:06.887+0000] {dag.py:2705} INFO - Sync 1 DAGs
[2023-04-19T09:12:06.953+0000] {logging_mixin.py:137} INFO - [2023-04-19T09:12:06.953+0000] {dag.py:3456} INFO - Setting next_dagrun for example_sla_dag to 2023-04-19T09:10:00+00:00, run_after=2023-04-19T09:12:00+00:00
[2023-04-19T09:12:07.003+0000] {processor.py:175} INFO - Processing /home/airflow/.local/lib/python3.7/site-packages/airflow/example_dags/example_sla_dag.py took 0.204 seconds
[2023-04-19T09:29:45.438+0000] {processor.py:153} INFO - Started process (PID=1464) to work on /home/airflow/.local/lib/python3.7/site-packages/airflow/example_dags/example_sla_dag.py
[2023-04-19T09:29:45.440+0000] {processor.py:743} INFO - Processing file /home/airflow/.local/lib/python3.7/site-packages/airflow/example_dags/example_sla_dag.py for tasks to queue
[2023-04-19T09:29:45.442+0000] {logging_mixin.py:137} INFO - [2023-04-19T09:29:45.441+0000] {dagbag.py:532} INFO - Filling up the DagBag from /home/airflow/.local/lib/python3.7/site-packages/airflow/example_dags/example_sla_dag.py
[2023-04-19T09:29:45.477+0000] {processor.py:753} INFO - DAG(s) dict_keys(['example_sla_dag']) retrieved from /home/airflow/.local/lib/python3.7/site-packages/airflow/example_dags/example_sla_dag.py
[2023-04-19T09:29:45.516+0000] {logging_mixin.py:137} INFO - [2023-04-19T09:29:45.516+0000] {dag.py:2705} INFO - Sync 1 DAGs
[2023-04-19T09:29:45.567+0000] {logging_mixin.py:137} INFO - [2023-04-19T09:29:45.562+0000] {dag.py:3456} INFO - Setting next_dagrun for example_sla_dag to 2023-04-19T09:26:00+00:00, run_after=2023-04-19T09:28:00+00:00
[2023-04-19T09:29:45.593+0000] {processor.py:175} INFO - Processing /home/airflow/.local/lib/python3.7/site-packages/airflow/example_dags/example_sla_dag.py took 0.159 seconds
[2023-04-19T10:01:07.310+0000] {processor.py:153} INFO - Started process (PID=1521) to work on /home/airflow/.local/lib/python3.7/site-packages/airflow/example_dags/example_sla_dag.py
[2023-04-19T10:01:07.316+0000] {processor.py:743} INFO - Processing file /home/airflow/.local/lib/python3.7/site-packages/airflow/example_dags/example_sla_dag.py for tasks to queue
[2023-04-19T10:01:07.320+0000] {logging_mixin.py:137} INFO - [2023-04-19T10:01:07.319+0000] {dagbag.py:532} INFO - Filling up the DagBag from /home/airflow/.local/lib/python3.7/site-packages/airflow/example_dags/example_sla_dag.py
[2023-04-19T10:01:07.414+0000] {processor.py:753} INFO - DAG(s) dict_keys(['example_sla_dag']) retrieved from /home/airflow/.local/lib/python3.7/site-packages/airflow/example_dags/example_sla_dag.py
[2023-04-19T10:01:07.492+0000] {logging_mixin.py:137} INFO - [2023-04-19T10:01:07.492+0000] {dag.py:2705} INFO - Sync 1 DAGs
[2023-04-19T10:01:07.596+0000] {logging_mixin.py:137} INFO - [2023-04-19T10:01:07.596+0000] {dag.py:3456} INFO - Setting next_dagrun for example_sla_dag to 2023-04-19T09:58:00+00:00, run_after=2023-04-19T10:00:00+00:00
[2023-04-19T10:01:07.621+0000] {processor.py:175} INFO - Processing /home/airflow/.local/lib/python3.7/site-packages/airflow/example_dags/example_sla_dag.py took 0.324 seconds
[2023-04-19T10:17:00.717+0000] {processor.py:153} INFO - Started process (PID=1573) to work on /home/airflow/.local/lib/python3.7/site-packages/airflow/example_dags/example_sla_dag.py
[2023-04-19T10:17:00.719+0000] {processor.py:743} INFO - Processing file /home/airflow/.local/lib/python3.7/site-packages/airflow/example_dags/example_sla_dag.py for tasks to queue
[2023-04-19T10:17:00.721+0000] {logging_mixin.py:137} INFO - [2023-04-19T10:17:00.721+0000] {dagbag.py:532} INFO - Filling up the DagBag from /home/airflow/.local/lib/python3.7/site-packages/airflow/example_dags/example_sla_dag.py
[2023-04-19T10:17:00.764+0000] {processor.py:753} INFO - DAG(s) dict_keys(['example_sla_dag']) retrieved from /home/airflow/.local/lib/python3.7/site-packages/airflow/example_dags/example_sla_dag.py
[2023-04-19T10:17:00.806+0000] {logging_mixin.py:137} INFO - [2023-04-19T10:17:00.806+0000] {dag.py:2705} INFO - Sync 1 DAGs
[2023-04-19T10:17:00.877+0000] {logging_mixin.py:137} INFO - [2023-04-19T10:17:00.877+0000] {dag.py:3456} INFO - Setting next_dagrun for example_sla_dag to 2023-04-19T10:14:00+00:00, run_after=2023-04-19T10:16:00+00:00
[2023-04-19T10:17:00.909+0000] {processor.py:175} INFO - Processing /home/airflow/.local/lib/python3.7/site-packages/airflow/example_dags/example_sla_dag.py took 0.201 seconds
[2023-04-19T12:32:43.418+0000] {processor.py:153} INFO - Started process (PID=1617) to work on /home/airflow/.local/lib/python3.7/site-packages/airflow/example_dags/example_sla_dag.py
[2023-04-19T12:32:43.421+0000] {processor.py:743} INFO - Processing file /home/airflow/.local/lib/python3.7/site-packages/airflow/example_dags/example_sla_dag.py for tasks to queue
[2023-04-19T12:32:43.424+0000] {logging_mixin.py:137} INFO - [2023-04-19T12:32:43.423+0000] {dagbag.py:532} INFO - Filling up the DagBag from /home/airflow/.local/lib/python3.7/site-packages/airflow/example_dags/example_sla_dag.py
[2023-04-19T12:32:43.470+0000] {processor.py:753} INFO - DAG(s) dict_keys(['example_sla_dag']) retrieved from /home/airflow/.local/lib/python3.7/site-packages/airflow/example_dags/example_sla_dag.py
[2023-04-19T12:32:43.507+0000] {logging_mixin.py:137} INFO - [2023-04-19T12:32:43.507+0000] {dag.py:2705} INFO - Sync 1 DAGs
[2023-04-19T12:32:43.547+0000] {logging_mixin.py:137} INFO - [2023-04-19T12:32:43.547+0000] {dag.py:3456} INFO - Setting next_dagrun for example_sla_dag to 2023-04-19T12:30:00+00:00, run_after=2023-04-19T12:32:00+00:00
[2023-04-19T12:32:43.570+0000] {processor.py:175} INFO - Processing /home/airflow/.local/lib/python3.7/site-packages/airflow/example_dags/example_sla_dag.py took 0.166 seconds
[2023-04-19T12:33:17.098+0000] {processor.py:153} INFO - Started process (PID=1669) to work on /home/airflow/.local/lib/python3.7/site-packages/airflow/example_dags/example_sla_dag.py
[2023-04-19T12:33:17.100+0000] {processor.py:743} INFO - Processing file /home/airflow/.local/lib/python3.7/site-packages/airflow/example_dags/example_sla_dag.py for tasks to queue
[2023-04-19T12:33:17.104+0000] {logging_mixin.py:137} INFO - [2023-04-19T12:33:17.104+0000] {dagbag.py:532} INFO - Filling up the DagBag from /home/airflow/.local/lib/python3.7/site-packages/airflow/example_dags/example_sla_dag.py
[2023-04-19T12:33:17.147+0000] {processor.py:753} INFO - DAG(s) dict_keys(['example_sla_dag']) retrieved from /home/airflow/.local/lib/python3.7/site-packages/airflow/example_dags/example_sla_dag.py
[2023-04-19T12:33:17.202+0000] {logging_mixin.py:137} INFO - [2023-04-19T12:33:17.202+0000] {dag.py:2705} INFO - Sync 1 DAGs
[2023-04-19T12:33:17.241+0000] {logging_mixin.py:137} INFO - [2023-04-19T12:33:17.241+0000] {dag.py:3456} INFO - Setting next_dagrun for example_sla_dag to 2023-04-19T12:30:00+00:00, run_after=2023-04-19T12:32:00+00:00
[2023-04-19T12:33:17.272+0000] {processor.py:175} INFO - Processing /home/airflow/.local/lib/python3.7/site-packages/airflow/example_dags/example_sla_dag.py took 0.182 seconds
[2023-04-19T13:31:53.985+0000] {processor.py:153} INFO - Started process (PID=1729) to work on /home/airflow/.local/lib/python3.7/site-packages/airflow/example_dags/example_sla_dag.py
[2023-04-19T13:31:53.988+0000] {processor.py:743} INFO - Processing file /home/airflow/.local/lib/python3.7/site-packages/airflow/example_dags/example_sla_dag.py for tasks to queue
[2023-04-19T13:31:53.990+0000] {logging_mixin.py:137} INFO - [2023-04-19T13:31:53.989+0000] {dagbag.py:532} INFO - Filling up the DagBag from /home/airflow/.local/lib/python3.7/site-packages/airflow/example_dags/example_sla_dag.py
[2023-04-19T13:31:54.047+0000] {processor.py:753} INFO - DAG(s) dict_keys(['example_sla_dag']) retrieved from /home/airflow/.local/lib/python3.7/site-packages/airflow/example_dags/example_sla_dag.py
[2023-04-19T13:31:54.102+0000] {logging_mixin.py:137} INFO - [2023-04-19T13:31:54.102+0000] {dag.py:2705} INFO - Sync 1 DAGs
[2023-04-19T13:31:54.154+0000] {logging_mixin.py:137} INFO - [2023-04-19T13:31:54.152+0000] {dag.py:3456} INFO - Setting next_dagrun for example_sla_dag to 2023-04-19T13:28:00+00:00, run_after=2023-04-19T13:30:00+00:00
[2023-04-19T13:31:54.196+0000] {processor.py:175} INFO - Processing /home/airflow/.local/lib/python3.7/site-packages/airflow/example_dags/example_sla_dag.py took 0.216 seconds
[2023-04-19T14:25:39.832+0000] {processor.py:153} INFO - Started process (PID=1773) to work on /home/airflow/.local/lib/python3.7/site-packages/airflow/example_dags/example_sla_dag.py
[2023-04-19T14:25:39.833+0000] {processor.py:743} INFO - Processing file /home/airflow/.local/lib/python3.7/site-packages/airflow/example_dags/example_sla_dag.py for tasks to queue
[2023-04-19T14:25:39.835+0000] {logging_mixin.py:137} INFO - [2023-04-19T14:25:39.835+0000] {dagbag.py:532} INFO - Filling up the DagBag from /home/airflow/.local/lib/python3.7/site-packages/airflow/example_dags/example_sla_dag.py
[2023-04-19T14:25:39.938+0000] {processor.py:753} INFO - DAG(s) dict_keys(['example_sla_dag']) retrieved from /home/airflow/.local/lib/python3.7/site-packages/airflow/example_dags/example_sla_dag.py
[2023-04-19T14:25:40.009+0000] {logging_mixin.py:137} INFO - [2023-04-19T14:25:40.009+0000] {dag.py:2705} INFO - Sync 1 DAGs
[2023-04-19T14:25:40.079+0000] {logging_mixin.py:137} INFO - [2023-04-19T14:25:40.079+0000] {dag.py:3456} INFO - Setting next_dagrun for example_sla_dag to 2023-04-19T14:22:00+00:00, run_after=2023-04-19T14:24:00+00:00
[2023-04-19T14:25:40.119+0000] {processor.py:175} INFO - Processing /home/airflow/.local/lib/python3.7/site-packages/airflow/example_dags/example_sla_dag.py took 0.301 seconds
[2023-04-19T15:20:04.358+0000] {processor.py:153} INFO - Started process (PID=1825) to work on /home/airflow/.local/lib/python3.7/site-packages/airflow/example_dags/example_sla_dag.py
[2023-04-19T15:20:04.361+0000] {processor.py:743} INFO - Processing file /home/airflow/.local/lib/python3.7/site-packages/airflow/example_dags/example_sla_dag.py for tasks to queue
[2023-04-19T15:20:04.364+0000] {logging_mixin.py:137} INFO - [2023-04-19T15:20:04.363+0000] {dagbag.py:532} INFO - Filling up the DagBag from /home/airflow/.local/lib/python3.7/site-packages/airflow/example_dags/example_sla_dag.py
[2023-04-19T15:20:04.405+0000] {processor.py:753} INFO - DAG(s) dict_keys(['example_sla_dag']) retrieved from /home/airflow/.local/lib/python3.7/site-packages/airflow/example_dags/example_sla_dag.py
[2023-04-19T15:20:04.477+0000] {logging_mixin.py:137} INFO - [2023-04-19T15:20:04.477+0000] {dag.py:2705} INFO - Sync 1 DAGs
[2023-04-19T15:20:04.535+0000] {logging_mixin.py:137} INFO - [2023-04-19T15:20:04.535+0000] {dag.py:3456} INFO - Setting next_dagrun for example_sla_dag to 2023-04-19T15:18:00+00:00, run_after=2023-04-19T15:20:00+00:00
[2023-04-19T15:20:04.556+0000] {processor.py:175} INFO - Processing /home/airflow/.local/lib/python3.7/site-packages/airflow/example_dags/example_sla_dag.py took 0.209 seconds
[2023-04-19T17:07:26.541+0000] {processor.py:153} INFO - Started process (PID=1876) to work on /home/airflow/.local/lib/python3.7/site-packages/airflow/example_dags/example_sla_dag.py
[2023-04-19T17:07:26.555+0000] {processor.py:743} INFO - Processing file /home/airflow/.local/lib/python3.7/site-packages/airflow/example_dags/example_sla_dag.py for tasks to queue
[2023-04-19T17:07:26.563+0000] {logging_mixin.py:137} INFO - [2023-04-19T17:07:26.562+0000] {dagbag.py:532} INFO - Filling up the DagBag from /home/airflow/.local/lib/python3.7/site-packages/airflow/example_dags/example_sla_dag.py
[2023-04-19T17:07:26.759+0000] {processor.py:753} INFO - DAG(s) dict_keys(['example_sla_dag']) retrieved from /home/airflow/.local/lib/python3.7/site-packages/airflow/example_dags/example_sla_dag.py
[2023-04-19T17:07:26.955+0000] {logging_mixin.py:137} INFO - [2023-04-19T17:07:26.954+0000] {dag.py:2705} INFO - Sync 1 DAGs
[2023-04-19T17:07:27.201+0000] {logging_mixin.py:137} INFO - [2023-04-19T17:07:27.200+0000] {dag.py:3456} INFO - Setting next_dagrun for example_sla_dag to 2023-04-19T17:04:00+00:00, run_after=2023-04-19T17:06:00+00:00
[2023-04-19T17:07:27.584+0000] {processor.py:175} INFO - Processing /home/airflow/.local/lib/python3.7/site-packages/airflow/example_dags/example_sla_dag.py took 1.076 seconds
[2023-04-19T17:37:54.558+0000] {processor.py:153} INFO - Started process (PID=1927) to work on /home/airflow/.local/lib/python3.7/site-packages/airflow/example_dags/example_sla_dag.py
[2023-04-19T17:37:54.560+0000] {processor.py:743} INFO - Processing file /home/airflow/.local/lib/python3.7/site-packages/airflow/example_dags/example_sla_dag.py for tasks to queue
[2023-04-19T17:37:54.562+0000] {logging_mixin.py:137} INFO - [2023-04-19T17:37:54.562+0000] {dagbag.py:532} INFO - Filling up the DagBag from /home/airflow/.local/lib/python3.7/site-packages/airflow/example_dags/example_sla_dag.py
[2023-04-19T17:37:54.593+0000] {processor.py:753} INFO - DAG(s) dict_keys(['example_sla_dag']) retrieved from /home/airflow/.local/lib/python3.7/site-packages/airflow/example_dags/example_sla_dag.py
[2023-04-19T17:37:54.639+0000] {logging_mixin.py:137} INFO - [2023-04-19T17:37:54.639+0000] {dag.py:2705} INFO - Sync 1 DAGs
[2023-04-19T17:37:54.699+0000] {logging_mixin.py:137} INFO - [2023-04-19T17:37:54.699+0000] {dag.py:3456} INFO - Setting next_dagrun for example_sla_dag to 2023-04-19T17:34:00+00:00, run_after=2023-04-19T17:36:00+00:00
[2023-04-19T17:37:54.732+0000] {processor.py:175} INFO - Processing /home/airflow/.local/lib/python3.7/site-packages/airflow/example_dags/example_sla_dag.py took 0.183 seconds
[2023-04-19T19:26:07.501+0000] {processor.py:153} INFO - Started process (PID=1980) to work on /home/airflow/.local/lib/python3.7/site-packages/airflow/example_dags/example_sla_dag.py
[2023-04-19T19:26:07.509+0000] {processor.py:743} INFO - Processing file /home/airflow/.local/lib/python3.7/site-packages/airflow/example_dags/example_sla_dag.py for tasks to queue
[2023-04-19T19:26:07.511+0000] {logging_mixin.py:137} INFO - [2023-04-19T19:26:07.511+0000] {dagbag.py:532} INFO - Filling up the DagBag from /home/airflow/.local/lib/python3.7/site-packages/airflow/example_dags/example_sla_dag.py
[2023-04-19T19:26:07.560+0000] {processor.py:753} INFO - DAG(s) dict_keys(['example_sla_dag']) retrieved from /home/airflow/.local/lib/python3.7/site-packages/airflow/example_dags/example_sla_dag.py
[2023-04-19T19:26:07.610+0000] {logging_mixin.py:137} INFO - [2023-04-19T19:26:07.610+0000] {dag.py:2705} INFO - Sync 1 DAGs
[2023-04-19T19:26:07.684+0000] {logging_mixin.py:137} INFO - [2023-04-19T19:26:07.684+0000] {dag.py:3456} INFO - Setting next_dagrun for example_sla_dag to 2023-04-19T19:24:00+00:00, run_after=2023-04-19T19:26:00+00:00
[2023-04-19T19:26:07.715+0000] {processor.py:175} INFO - Processing /home/airflow/.local/lib/python3.7/site-packages/airflow/example_dags/example_sla_dag.py took 0.219 seconds
[2023-04-19T21:13:25.339+0000] {processor.py:153} INFO - Started process (PID=2033) to work on /home/airflow/.local/lib/python3.7/site-packages/airflow/example_dags/example_sla_dag.py
[2023-04-19T21:13:25.341+0000] {processor.py:743} INFO - Processing file /home/airflow/.local/lib/python3.7/site-packages/airflow/example_dags/example_sla_dag.py for tasks to queue
[2023-04-19T21:13:25.343+0000] {logging_mixin.py:137} INFO - [2023-04-19T21:13:25.342+0000] {dagbag.py:532} INFO - Filling up the DagBag from /home/airflow/.local/lib/python3.7/site-packages/airflow/example_dags/example_sla_dag.py
[2023-04-19T21:13:25.380+0000] {processor.py:753} INFO - DAG(s) dict_keys(['example_sla_dag']) retrieved from /home/airflow/.local/lib/python3.7/site-packages/airflow/example_dags/example_sla_dag.py
[2023-04-19T21:13:25.423+0000] {logging_mixin.py:137} INFO - [2023-04-19T21:13:25.423+0000] {dag.py:2705} INFO - Sync 1 DAGs
[2023-04-19T21:13:25.508+0000] {logging_mixin.py:137} INFO - [2023-04-19T21:13:25.508+0000] {dag.py:3456} INFO - Setting next_dagrun for example_sla_dag to 2023-04-19T21:10:00+00:00, run_after=2023-04-19T21:12:00+00:00
[2023-04-19T21:13:25.537+0000] {processor.py:175} INFO - Processing /home/airflow/.local/lib/python3.7/site-packages/airflow/example_dags/example_sla_dag.py took 0.203 seconds
