[2023-04-19T08:58:06.132+0000] {processor.py:153} INFO - Started process (PID=75) to work on /home/airflow/.local/lib/python3.7/site-packages/airflow/example_dags/example_subdag_operator.py
[2023-04-19T08:58:06.137+0000] {processor.py:743} INFO - Processing file /home/airflow/.local/lib/python3.7/site-packages/airflow/example_dags/example_subdag_operator.py for tasks to queue
[2023-04-19T08:58:06.139+0000] {logging_mixin.py:137} INFO - [2023-04-19T08:58:06.139+0000] {dagbag.py:532} INFO - Filling up the DagBag from /home/airflow/.local/lib/python3.7/site-packages/airflow/example_dags/example_subdag_operator.py
[2023-04-19T08:58:06.241+0000] {processor.py:753} INFO - DAG(s) dict_keys(['example_subdag_operator.section-1', 'example_subdag_operator.section-2', 'example_subdag_operator']) retrieved from /home/airflow/.local/lib/python3.7/site-packages/airflow/example_dags/example_subdag_operator.py
[2023-04-19T08:58:06.270+0000] {logging_mixin.py:137} INFO - [2023-04-19T08:58:06.269+0000] {dag.py:2705} INFO - Sync 3 DAGs
[2023-04-19T08:58:06.316+0000] {logging_mixin.py:137} INFO - [2023-04-19T08:58:06.316+0000] {dag.py:3456} INFO - Setting next_dagrun for example_subdag_operator to 2022-01-01T00:00:00+00:00, run_after=2022-01-01T00:00:00+00:00
[2023-04-19T08:58:06.328+0000] {logging_mixin.py:137} INFO - [2023-04-19T08:58:06.328+0000] {dag.py:3456} INFO - Setting next_dagrun for example_subdag_operator.section-1 to None, run_after=None
[2023-04-19T08:58:06.331+0000] {logging_mixin.py:137} INFO - [2023-04-19T08:58:06.331+0000] {dag.py:3456} INFO - Setting next_dagrun for example_subdag_operator.section-2 to None, run_after=None
[2023-04-19T08:58:06.354+0000] {logging_mixin.py:137} INFO - [2023-04-19T08:58:06.354+0000] {dag.py:2705} INFO - Sync 2 DAGs
[2023-04-19T08:58:06.370+0000] {logging_mixin.py:137} INFO - [2023-04-19T08:58:06.369+0000] {dag.py:3456} INFO - Setting next_dagrun for example_subdag_operator.section-1 to None, run_after=None
[2023-04-19T08:58:06.371+0000] {logging_mixin.py:137} INFO - [2023-04-19T08:58:06.371+0000] {dag.py:3456} INFO - Setting next_dagrun for example_subdag_operator.section-2 to None, run_after=None
[2023-04-19T08:58:06.405+0000] {processor.py:175} INFO - Processing /home/airflow/.local/lib/python3.7/site-packages/airflow/example_dags/example_subdag_operator.py took 0.286 seconds
[2023-04-19T08:58:36.928+0000] {processor.py:153} INFO - Started process (PID=128) to work on /home/airflow/.local/lib/python3.7/site-packages/airflow/example_dags/example_subdag_operator.py
[2023-04-19T08:58:36.931+0000] {processor.py:743} INFO - Processing file /home/airflow/.local/lib/python3.7/site-packages/airflow/example_dags/example_subdag_operator.py for tasks to queue
[2023-04-19T08:58:36.932+0000] {logging_mixin.py:137} INFO - [2023-04-19T08:58:36.932+0000] {dagbag.py:532} INFO - Filling up the DagBag from /home/airflow/.local/lib/python3.7/site-packages/airflow/example_dags/example_subdag_operator.py
[2023-04-19T08:58:37.039+0000] {processor.py:753} INFO - DAG(s) dict_keys(['example_subdag_operator.section-1', 'example_subdag_operator.section-2', 'example_subdag_operator']) retrieved from /home/airflow/.local/lib/python3.7/site-packages/airflow/example_dags/example_subdag_operator.py
[2023-04-19T08:58:37.106+0000] {logging_mixin.py:137} INFO - [2023-04-19T08:58:37.105+0000] {dag.py:2705} INFO - Sync 3 DAGs
[2023-04-19T08:58:37.192+0000] {logging_mixin.py:137} INFO - [2023-04-19T08:58:37.191+0000] {dag.py:3456} INFO - Setting next_dagrun for example_subdag_operator to 2022-01-01T00:00:00+00:00, run_after=2022-01-01T00:00:00+00:00
[2023-04-19T08:58:37.202+0000] {logging_mixin.py:137} INFO - [2023-04-19T08:58:37.202+0000] {dag.py:3456} INFO - Setting next_dagrun for example_subdag_operator.section-1 to None, run_after=None
[2023-04-19T08:58:37.207+0000] {logging_mixin.py:137} INFO - [2023-04-19T08:58:37.207+0000] {dag.py:3456} INFO - Setting next_dagrun for example_subdag_operator.section-2 to None, run_after=None
[2023-04-19T08:58:37.229+0000] {logging_mixin.py:137} INFO - [2023-04-19T08:58:37.229+0000] {dag.py:2705} INFO - Sync 2 DAGs
[2023-04-19T08:58:37.282+0000] {logging_mixin.py:137} INFO - [2023-04-19T08:58:37.282+0000] {dag.py:3456} INFO - Setting next_dagrun for example_subdag_operator.section-1 to None, run_after=None
[2023-04-19T08:58:37.287+0000] {logging_mixin.py:137} INFO - [2023-04-19T08:58:37.287+0000] {dag.py:3456} INFO - Setting next_dagrun for example_subdag_operator.section-2 to None, run_after=None
[2023-04-19T08:58:37.374+0000] {processor.py:175} INFO - Processing /home/airflow/.local/lib/python3.7/site-packages/airflow/example_dags/example_subdag_operator.py took 0.454 seconds
[2023-04-19T08:59:07.652+0000] {processor.py:153} INFO - Started process (PID=179) to work on /home/airflow/.local/lib/python3.7/site-packages/airflow/example_dags/example_subdag_operator.py
[2023-04-19T08:59:07.655+0000] {processor.py:743} INFO - Processing file /home/airflow/.local/lib/python3.7/site-packages/airflow/example_dags/example_subdag_operator.py for tasks to queue
[2023-04-19T08:59:07.660+0000] {logging_mixin.py:137} INFO - [2023-04-19T08:59:07.659+0000] {dagbag.py:532} INFO - Filling up the DagBag from /home/airflow/.local/lib/python3.7/site-packages/airflow/example_dags/example_subdag_operator.py
[2023-04-19T08:59:07.714+0000] {processor.py:753} INFO - DAG(s) dict_keys(['example_subdag_operator.section-1', 'example_subdag_operator.section-2', 'example_subdag_operator']) retrieved from /home/airflow/.local/lib/python3.7/site-packages/airflow/example_dags/example_subdag_operator.py
[2023-04-19T08:59:07.750+0000] {logging_mixin.py:137} INFO - [2023-04-19T08:59:07.750+0000] {dag.py:2705} INFO - Sync 3 DAGs
[2023-04-19T08:59:07.783+0000] {logging_mixin.py:137} INFO - [2023-04-19T08:59:07.783+0000] {dag.py:3456} INFO - Setting next_dagrun for example_subdag_operator to 2022-01-01T00:00:00+00:00, run_after=2022-01-01T00:00:00+00:00
[2023-04-19T08:59:07.788+0000] {logging_mixin.py:137} INFO - [2023-04-19T08:59:07.788+0000] {dag.py:3456} INFO - Setting next_dagrun for example_subdag_operator.section-1 to None, run_after=None
[2023-04-19T08:59:07.790+0000] {logging_mixin.py:137} INFO - [2023-04-19T08:59:07.790+0000] {dag.py:3456} INFO - Setting next_dagrun for example_subdag_operator.section-2 to None, run_after=None
[2023-04-19T08:59:07.799+0000] {logging_mixin.py:137} INFO - [2023-04-19T08:59:07.799+0000] {dag.py:2705} INFO - Sync 2 DAGs
[2023-04-19T08:59:07.805+0000] {logging_mixin.py:137} INFO - [2023-04-19T08:59:07.805+0000] {dag.py:3456} INFO - Setting next_dagrun for example_subdag_operator.section-1 to None, run_after=None
[2023-04-19T08:59:07.806+0000] {logging_mixin.py:137} INFO - [2023-04-19T08:59:07.806+0000] {dag.py:3456} INFO - Setting next_dagrun for example_subdag_operator.section-2 to None, run_after=None
[2023-04-19T08:59:07.817+0000] {processor.py:175} INFO - Processing /home/airflow/.local/lib/python3.7/site-packages/airflow/example_dags/example_subdag_operator.py took 0.185 seconds
[2023-04-19T08:59:38.179+0000] {processor.py:153} INFO - Started process (PID=230) to work on /home/airflow/.local/lib/python3.7/site-packages/airflow/example_dags/example_subdag_operator.py
[2023-04-19T08:59:38.181+0000] {processor.py:743} INFO - Processing file /home/airflow/.local/lib/python3.7/site-packages/airflow/example_dags/example_subdag_operator.py for tasks to queue
[2023-04-19T08:59:38.183+0000] {logging_mixin.py:137} INFO - [2023-04-19T08:59:38.183+0000] {dagbag.py:532} INFO - Filling up the DagBag from /home/airflow/.local/lib/python3.7/site-packages/airflow/example_dags/example_subdag_operator.py
[2023-04-19T08:59:38.238+0000] {processor.py:753} INFO - DAG(s) dict_keys(['example_subdag_operator.section-1', 'example_subdag_operator.section-2', 'example_subdag_operator']) retrieved from /home/airflow/.local/lib/python3.7/site-packages/airflow/example_dags/example_subdag_operator.py
[2023-04-19T08:59:38.299+0000] {logging_mixin.py:137} INFO - [2023-04-19T08:59:38.299+0000] {dag.py:2705} INFO - Sync 3 DAGs
[2023-04-19T08:59:38.364+0000] {logging_mixin.py:137} INFO - [2023-04-19T08:59:38.363+0000] {dag.py:3456} INFO - Setting next_dagrun for example_subdag_operator to 2022-01-01T00:00:00+00:00, run_after=2022-01-01T00:00:00+00:00
[2023-04-19T08:59:38.377+0000] {logging_mixin.py:137} INFO - [2023-04-19T08:59:38.377+0000] {dag.py:3456} INFO - Setting next_dagrun for example_subdag_operator.section-1 to None, run_after=None
[2023-04-19T08:59:38.382+0000] {logging_mixin.py:137} INFO - [2023-04-19T08:59:38.382+0000] {dag.py:3456} INFO - Setting next_dagrun for example_subdag_operator.section-2 to None, run_after=None
[2023-04-19T08:59:38.404+0000] {logging_mixin.py:137} INFO - [2023-04-19T08:59:38.404+0000] {dag.py:2705} INFO - Sync 2 DAGs
[2023-04-19T08:59:38.419+0000] {logging_mixin.py:137} INFO - [2023-04-19T08:59:38.418+0000] {dag.py:3456} INFO - Setting next_dagrun for example_subdag_operator.section-1 to None, run_after=None
[2023-04-19T08:59:38.420+0000] {logging_mixin.py:137} INFO - [2023-04-19T08:59:38.420+0000] {dag.py:3456} INFO - Setting next_dagrun for example_subdag_operator.section-2 to None, run_after=None
[2023-04-19T08:59:38.443+0000] {processor.py:175} INFO - Processing /home/airflow/.local/lib/python3.7/site-packages/airflow/example_dags/example_subdag_operator.py took 0.270 seconds
[2023-04-19T09:00:08.537+0000] {processor.py:153} INFO - Started process (PID=283) to work on /home/airflow/.local/lib/python3.7/site-packages/airflow/example_dags/example_subdag_operator.py
[2023-04-19T09:00:08.541+0000] {processor.py:743} INFO - Processing file /home/airflow/.local/lib/python3.7/site-packages/airflow/example_dags/example_subdag_operator.py for tasks to queue
[2023-04-19T09:00:08.544+0000] {logging_mixin.py:137} INFO - [2023-04-19T09:00:08.544+0000] {dagbag.py:532} INFO - Filling up the DagBag from /home/airflow/.local/lib/python3.7/site-packages/airflow/example_dags/example_subdag_operator.py
[2023-04-19T09:00:08.603+0000] {processor.py:753} INFO - DAG(s) dict_keys(['example_subdag_operator.section-1', 'example_subdag_operator.section-2', 'example_subdag_operator']) retrieved from /home/airflow/.local/lib/python3.7/site-packages/airflow/example_dags/example_subdag_operator.py
[2023-04-19T09:00:08.634+0000] {logging_mixin.py:137} INFO - [2023-04-19T09:00:08.634+0000] {dag.py:2705} INFO - Sync 3 DAGs
[2023-04-19T09:00:08.671+0000] {logging_mixin.py:137} INFO - [2023-04-19T09:00:08.670+0000] {dag.py:3456} INFO - Setting next_dagrun for example_subdag_operator to 2022-01-01T00:00:00+00:00, run_after=2022-01-01T00:00:00+00:00
[2023-04-19T09:00:08.676+0000] {logging_mixin.py:137} INFO - [2023-04-19T09:00:08.676+0000] {dag.py:3456} INFO - Setting next_dagrun for example_subdag_operator.section-1 to None, run_after=None
[2023-04-19T09:00:08.681+0000] {logging_mixin.py:137} INFO - [2023-04-19T09:00:08.681+0000] {dag.py:3456} INFO - Setting next_dagrun for example_subdag_operator.section-2 to None, run_after=None
[2023-04-19T09:00:08.697+0000] {logging_mixin.py:137} INFO - [2023-04-19T09:00:08.697+0000] {dag.py:2705} INFO - Sync 2 DAGs
[2023-04-19T09:00:08.723+0000] {logging_mixin.py:137} INFO - [2023-04-19T09:00:08.723+0000] {dag.py:3456} INFO - Setting next_dagrun for example_subdag_operator.section-1 to None, run_after=None
[2023-04-19T09:00:08.724+0000] {logging_mixin.py:137} INFO - [2023-04-19T09:00:08.724+0000] {dag.py:3456} INFO - Setting next_dagrun for example_subdag_operator.section-2 to None, run_after=None
[2023-04-19T09:00:08.757+0000] {processor.py:175} INFO - Processing /home/airflow/.local/lib/python3.7/site-packages/airflow/example_dags/example_subdag_operator.py took 0.226 seconds
[2023-04-19T09:00:38.919+0000] {processor.py:153} INFO - Started process (PID=334) to work on /home/airflow/.local/lib/python3.7/site-packages/airflow/example_dags/example_subdag_operator.py
[2023-04-19T09:00:38.922+0000] {processor.py:743} INFO - Processing file /home/airflow/.local/lib/python3.7/site-packages/airflow/example_dags/example_subdag_operator.py for tasks to queue
[2023-04-19T09:00:38.925+0000] {logging_mixin.py:137} INFO - [2023-04-19T09:00:38.925+0000] {dagbag.py:532} INFO - Filling up the DagBag from /home/airflow/.local/lib/python3.7/site-packages/airflow/example_dags/example_subdag_operator.py
[2023-04-19T09:00:38.997+0000] {processor.py:753} INFO - DAG(s) dict_keys(['example_subdag_operator.section-1', 'example_subdag_operator.section-2', 'example_subdag_operator']) retrieved from /home/airflow/.local/lib/python3.7/site-packages/airflow/example_dags/example_subdag_operator.py
[2023-04-19T09:00:39.034+0000] {logging_mixin.py:137} INFO - [2023-04-19T09:00:39.034+0000] {dag.py:2705} INFO - Sync 3 DAGs
[2023-04-19T09:00:39.102+0000] {logging_mixin.py:137} INFO - [2023-04-19T09:00:39.102+0000] {dag.py:3456} INFO - Setting next_dagrun for example_subdag_operator to 2022-01-01T00:00:00+00:00, run_after=2022-01-01T00:00:00+00:00
[2023-04-19T09:00:39.108+0000] {logging_mixin.py:137} INFO - [2023-04-19T09:00:39.108+0000] {dag.py:3456} INFO - Setting next_dagrun for example_subdag_operator.section-1 to None, run_after=None
[2023-04-19T09:00:39.111+0000] {logging_mixin.py:137} INFO - [2023-04-19T09:00:39.110+0000] {dag.py:3456} INFO - Setting next_dagrun for example_subdag_operator.section-2 to None, run_after=None
[2023-04-19T09:00:39.124+0000] {logging_mixin.py:137} INFO - [2023-04-19T09:00:39.124+0000] {dag.py:2705} INFO - Sync 2 DAGs
[2023-04-19T09:00:39.136+0000] {logging_mixin.py:137} INFO - [2023-04-19T09:00:39.136+0000] {dag.py:3456} INFO - Setting next_dagrun for example_subdag_operator.section-1 to None, run_after=None
[2023-04-19T09:00:39.138+0000] {logging_mixin.py:137} INFO - [2023-04-19T09:00:39.138+0000] {dag.py:3456} INFO - Setting next_dagrun for example_subdag_operator.section-2 to None, run_after=None
[2023-04-19T09:00:39.154+0000] {processor.py:175} INFO - Processing /home/airflow/.local/lib/python3.7/site-packages/airflow/example_dags/example_subdag_operator.py took 0.245 seconds
[2023-04-19T09:01:09.697+0000] {processor.py:153} INFO - Started process (PID=387) to work on /home/airflow/.local/lib/python3.7/site-packages/airflow/example_dags/example_subdag_operator.py
[2023-04-19T09:01:09.699+0000] {processor.py:743} INFO - Processing file /home/airflow/.local/lib/python3.7/site-packages/airflow/example_dags/example_subdag_operator.py for tasks to queue
[2023-04-19T09:01:09.701+0000] {logging_mixin.py:137} INFO - [2023-04-19T09:01:09.701+0000] {dagbag.py:532} INFO - Filling up the DagBag from /home/airflow/.local/lib/python3.7/site-packages/airflow/example_dags/example_subdag_operator.py
[2023-04-19T09:01:09.768+0000] {processor.py:753} INFO - DAG(s) dict_keys(['example_subdag_operator.section-1', 'example_subdag_operator.section-2', 'example_subdag_operator']) retrieved from /home/airflow/.local/lib/python3.7/site-packages/airflow/example_dags/example_subdag_operator.py
[2023-04-19T09:01:09.809+0000] {logging_mixin.py:137} INFO - [2023-04-19T09:01:09.808+0000] {dag.py:2705} INFO - Sync 3 DAGs
[2023-04-19T09:01:09.846+0000] {logging_mixin.py:137} INFO - [2023-04-19T09:01:09.846+0000] {dag.py:3456} INFO - Setting next_dagrun for example_subdag_operator to 2022-01-01T00:00:00+00:00, run_after=2022-01-01T00:00:00+00:00
[2023-04-19T09:01:09.852+0000] {logging_mixin.py:137} INFO - [2023-04-19T09:01:09.852+0000] {dag.py:3456} INFO - Setting next_dagrun for example_subdag_operator.section-1 to None, run_after=None
[2023-04-19T09:01:09.854+0000] {logging_mixin.py:137} INFO - [2023-04-19T09:01:09.854+0000] {dag.py:3456} INFO - Setting next_dagrun for example_subdag_operator.section-2 to None, run_after=None
[2023-04-19T09:01:09.865+0000] {logging_mixin.py:137} INFO - [2023-04-19T09:01:09.865+0000] {dag.py:2705} INFO - Sync 2 DAGs
[2023-04-19T09:01:09.874+0000] {logging_mixin.py:137} INFO - [2023-04-19T09:01:09.873+0000] {dag.py:3456} INFO - Setting next_dagrun for example_subdag_operator.section-1 to None, run_after=None
[2023-04-19T09:01:09.875+0000] {logging_mixin.py:137} INFO - [2023-04-19T09:01:09.875+0000] {dag.py:3456} INFO - Setting next_dagrun for example_subdag_operator.section-2 to None, run_after=None
[2023-04-19T09:01:09.896+0000] {processor.py:175} INFO - Processing /home/airflow/.local/lib/python3.7/site-packages/airflow/example_dags/example_subdag_operator.py took 0.205 seconds
[2023-04-19T09:01:40.111+0000] {processor.py:153} INFO - Started process (PID=442) to work on /home/airflow/.local/lib/python3.7/site-packages/airflow/example_dags/example_subdag_operator.py
[2023-04-19T09:01:40.114+0000] {processor.py:743} INFO - Processing file /home/airflow/.local/lib/python3.7/site-packages/airflow/example_dags/example_subdag_operator.py for tasks to queue
[2023-04-19T09:01:40.117+0000] {logging_mixin.py:137} INFO - [2023-04-19T09:01:40.117+0000] {dagbag.py:532} INFO - Filling up the DagBag from /home/airflow/.local/lib/python3.7/site-packages/airflow/example_dags/example_subdag_operator.py
[2023-04-19T09:01:40.175+0000] {processor.py:753} INFO - DAG(s) dict_keys(['example_subdag_operator.section-1', 'example_subdag_operator.section-2', 'example_subdag_operator']) retrieved from /home/airflow/.local/lib/python3.7/site-packages/airflow/example_dags/example_subdag_operator.py
[2023-04-19T09:01:40.214+0000] {logging_mixin.py:137} INFO - [2023-04-19T09:01:40.214+0000] {dag.py:2705} INFO - Sync 3 DAGs
[2023-04-19T09:01:40.254+0000] {logging_mixin.py:137} INFO - [2023-04-19T09:01:40.254+0000] {dag.py:3456} INFO - Setting next_dagrun for example_subdag_operator to 2022-01-01T00:00:00+00:00, run_after=2022-01-01T00:00:00+00:00
[2023-04-19T09:01:40.259+0000] {logging_mixin.py:137} INFO - [2023-04-19T09:01:40.259+0000] {dag.py:3456} INFO - Setting next_dagrun for example_subdag_operator.section-1 to None, run_after=None
[2023-04-19T09:01:40.261+0000] {logging_mixin.py:137} INFO - [2023-04-19T09:01:40.261+0000] {dag.py:3456} INFO - Setting next_dagrun for example_subdag_operator.section-2 to None, run_after=None
[2023-04-19T09:01:40.271+0000] {logging_mixin.py:137} INFO - [2023-04-19T09:01:40.271+0000] {dag.py:2705} INFO - Sync 2 DAGs
[2023-04-19T09:01:40.293+0000] {logging_mixin.py:137} INFO - [2023-04-19T09:01:40.293+0000] {dag.py:3456} INFO - Setting next_dagrun for example_subdag_operator.section-1 to None, run_after=None
[2023-04-19T09:01:40.306+0000] {logging_mixin.py:137} INFO - [2023-04-19T09:01:40.305+0000] {dag.py:3456} INFO - Setting next_dagrun for example_subdag_operator.section-2 to None, run_after=None
[2023-04-19T09:01:40.359+0000] {processor.py:175} INFO - Processing /home/airflow/.local/lib/python3.7/site-packages/airflow/example_dags/example_subdag_operator.py took 0.258 seconds
[2023-04-19T09:02:11.019+0000] {processor.py:153} INFO - Started process (PID=494) to work on /home/airflow/.local/lib/python3.7/site-packages/airflow/example_dags/example_subdag_operator.py
[2023-04-19T09:02:11.021+0000] {processor.py:743} INFO - Processing file /home/airflow/.local/lib/python3.7/site-packages/airflow/example_dags/example_subdag_operator.py for tasks to queue
[2023-04-19T09:02:11.025+0000] {logging_mixin.py:137} INFO - [2023-04-19T09:02:11.024+0000] {dagbag.py:532} INFO - Filling up the DagBag from /home/airflow/.local/lib/python3.7/site-packages/airflow/example_dags/example_subdag_operator.py
[2023-04-19T09:02:11.085+0000] {processor.py:753} INFO - DAG(s) dict_keys(['example_subdag_operator.section-1', 'example_subdag_operator.section-2', 'example_subdag_operator']) retrieved from /home/airflow/.local/lib/python3.7/site-packages/airflow/example_dags/example_subdag_operator.py
[2023-04-19T09:02:11.115+0000] {logging_mixin.py:137} INFO - [2023-04-19T09:02:11.115+0000] {dag.py:2705} INFO - Sync 3 DAGs
[2023-04-19T09:02:11.161+0000] {logging_mixin.py:137} INFO - [2023-04-19T09:02:11.160+0000] {dag.py:3456} INFO - Setting next_dagrun for example_subdag_operator to 2022-01-01T00:00:00+00:00, run_after=2022-01-01T00:00:00+00:00
[2023-04-19T09:02:11.175+0000] {logging_mixin.py:137} INFO - [2023-04-19T09:02:11.175+0000] {dag.py:3456} INFO - Setting next_dagrun for example_subdag_operator.section-1 to None, run_after=None
[2023-04-19T09:02:11.178+0000] {logging_mixin.py:137} INFO - [2023-04-19T09:02:11.178+0000] {dag.py:3456} INFO - Setting next_dagrun for example_subdag_operator.section-2 to None, run_after=None
[2023-04-19T09:02:11.189+0000] {logging_mixin.py:137} INFO - [2023-04-19T09:02:11.189+0000] {dag.py:2705} INFO - Sync 2 DAGs
[2023-04-19T09:02:11.201+0000] {logging_mixin.py:137} INFO - [2023-04-19T09:02:11.201+0000] {dag.py:3456} INFO - Setting next_dagrun for example_subdag_operator.section-1 to None, run_after=None
[2023-04-19T09:02:11.202+0000] {logging_mixin.py:137} INFO - [2023-04-19T09:02:11.202+0000] {dag.py:3456} INFO - Setting next_dagrun for example_subdag_operator.section-2 to None, run_after=None
[2023-04-19T09:02:11.221+0000] {processor.py:175} INFO - Processing /home/airflow/.local/lib/python3.7/site-packages/airflow/example_dags/example_subdag_operator.py took 0.212 seconds
[2023-04-19T09:02:41.898+0000] {processor.py:153} INFO - Started process (PID=545) to work on /home/airflow/.local/lib/python3.7/site-packages/airflow/example_dags/example_subdag_operator.py
[2023-04-19T09:02:41.900+0000] {processor.py:743} INFO - Processing file /home/airflow/.local/lib/python3.7/site-packages/airflow/example_dags/example_subdag_operator.py for tasks to queue
[2023-04-19T09:02:41.902+0000] {logging_mixin.py:137} INFO - [2023-04-19T09:02:41.902+0000] {dagbag.py:532} INFO - Filling up the DagBag from /home/airflow/.local/lib/python3.7/site-packages/airflow/example_dags/example_subdag_operator.py
[2023-04-19T09:02:41.957+0000] {processor.py:753} INFO - DAG(s) dict_keys(['example_subdag_operator.section-1', 'example_subdag_operator.section-2', 'example_subdag_operator']) retrieved from /home/airflow/.local/lib/python3.7/site-packages/airflow/example_dags/example_subdag_operator.py
[2023-04-19T09:02:42.000+0000] {logging_mixin.py:137} INFO - [2023-04-19T09:02:42.000+0000] {dag.py:2705} INFO - Sync 3 DAGs
[2023-04-19T09:02:42.046+0000] {logging_mixin.py:137} INFO - [2023-04-19T09:02:42.046+0000] {dag.py:3456} INFO - Setting next_dagrun for example_subdag_operator to 2022-01-01T00:00:00+00:00, run_after=2022-01-01T00:00:00+00:00
[2023-04-19T09:02:42.052+0000] {logging_mixin.py:137} INFO - [2023-04-19T09:02:42.052+0000] {dag.py:3456} INFO - Setting next_dagrun for example_subdag_operator.section-1 to None, run_after=None
[2023-04-19T09:02:42.055+0000] {logging_mixin.py:137} INFO - [2023-04-19T09:02:42.055+0000] {dag.py:3456} INFO - Setting next_dagrun for example_subdag_operator.section-2 to None, run_after=None
[2023-04-19T09:02:42.066+0000] {logging_mixin.py:137} INFO - [2023-04-19T09:02:42.066+0000] {dag.py:2705} INFO - Sync 2 DAGs
[2023-04-19T09:02:42.073+0000] {logging_mixin.py:137} INFO - [2023-04-19T09:02:42.073+0000] {dag.py:3456} INFO - Setting next_dagrun for example_subdag_operator.section-1 to None, run_after=None
[2023-04-19T09:02:42.075+0000] {logging_mixin.py:137} INFO - [2023-04-19T09:02:42.075+0000] {dag.py:3456} INFO - Setting next_dagrun for example_subdag_operator.section-2 to None, run_after=None
[2023-04-19T09:02:42.089+0000] {processor.py:175} INFO - Processing /home/airflow/.local/lib/python3.7/site-packages/airflow/example_dags/example_subdag_operator.py took 0.202 seconds
[2023-04-19T09:03:13.024+0000] {processor.py:153} INFO - Started process (PID=600) to work on /home/airflow/.local/lib/python3.7/site-packages/airflow/example_dags/example_subdag_operator.py
[2023-04-19T09:03:13.026+0000] {processor.py:743} INFO - Processing file /home/airflow/.local/lib/python3.7/site-packages/airflow/example_dags/example_subdag_operator.py for tasks to queue
[2023-04-19T09:03:13.028+0000] {logging_mixin.py:137} INFO - [2023-04-19T09:03:13.028+0000] {dagbag.py:532} INFO - Filling up the DagBag from /home/airflow/.local/lib/python3.7/site-packages/airflow/example_dags/example_subdag_operator.py
[2023-04-19T09:03:13.077+0000] {processor.py:753} INFO - DAG(s) dict_keys(['example_subdag_operator.section-1', 'example_subdag_operator.section-2', 'example_subdag_operator']) retrieved from /home/airflow/.local/lib/python3.7/site-packages/airflow/example_dags/example_subdag_operator.py
[2023-04-19T09:03:13.110+0000] {logging_mixin.py:137} INFO - [2023-04-19T09:03:13.110+0000] {dag.py:2705} INFO - Sync 3 DAGs
[2023-04-19T09:03:13.147+0000] {logging_mixin.py:137} INFO - [2023-04-19T09:03:13.147+0000] {dag.py:3456} INFO - Setting next_dagrun for example_subdag_operator to 2022-01-01T00:00:00+00:00, run_after=2022-01-01T00:00:00+00:00
[2023-04-19T09:03:13.158+0000] {logging_mixin.py:137} INFO - [2023-04-19T09:03:13.157+0000] {dag.py:3456} INFO - Setting next_dagrun for example_subdag_operator.section-1 to None, run_after=None
[2023-04-19T09:03:13.161+0000] {logging_mixin.py:137} INFO - [2023-04-19T09:03:13.160+0000] {dag.py:3456} INFO - Setting next_dagrun for example_subdag_operator.section-2 to None, run_after=None
[2023-04-19T09:03:13.175+0000] {logging_mixin.py:137} INFO - [2023-04-19T09:03:13.174+0000] {dag.py:2705} INFO - Sync 2 DAGs
[2023-04-19T09:03:13.182+0000] {logging_mixin.py:137} INFO - [2023-04-19T09:03:13.182+0000] {dag.py:3456} INFO - Setting next_dagrun for example_subdag_operator.section-1 to None, run_after=None
[2023-04-19T09:03:13.184+0000] {logging_mixin.py:137} INFO - [2023-04-19T09:03:13.183+0000] {dag.py:3456} INFO - Setting next_dagrun for example_subdag_operator.section-2 to None, run_after=None
[2023-04-19T09:03:13.202+0000] {processor.py:175} INFO - Processing /home/airflow/.local/lib/python3.7/site-packages/airflow/example_dags/example_subdag_operator.py took 0.201 seconds
[2023-04-19T09:03:43.500+0000] {processor.py:153} INFO - Started process (PID=652) to work on /home/airflow/.local/lib/python3.7/site-packages/airflow/example_dags/example_subdag_operator.py
[2023-04-19T09:03:43.508+0000] {processor.py:743} INFO - Processing file /home/airflow/.local/lib/python3.7/site-packages/airflow/example_dags/example_subdag_operator.py for tasks to queue
[2023-04-19T09:03:43.511+0000] {logging_mixin.py:137} INFO - [2023-04-19T09:03:43.510+0000] {dagbag.py:532} INFO - Filling up the DagBag from /home/airflow/.local/lib/python3.7/site-packages/airflow/example_dags/example_subdag_operator.py
[2023-04-19T09:03:43.569+0000] {processor.py:753} INFO - DAG(s) dict_keys(['example_subdag_operator.section-1', 'example_subdag_operator.section-2', 'example_subdag_operator']) retrieved from /home/airflow/.local/lib/python3.7/site-packages/airflow/example_dags/example_subdag_operator.py
[2023-04-19T09:03:43.618+0000] {logging_mixin.py:137} INFO - [2023-04-19T09:03:43.618+0000] {dag.py:2705} INFO - Sync 3 DAGs
[2023-04-19T09:03:43.720+0000] {logging_mixin.py:137} INFO - [2023-04-19T09:03:43.720+0000] {dag.py:3456} INFO - Setting next_dagrun for example_subdag_operator to 2022-01-01T00:00:00+00:00, run_after=2022-01-01T00:00:00+00:00
[2023-04-19T09:03:43.742+0000] {logging_mixin.py:137} INFO - [2023-04-19T09:03:43.741+0000] {dag.py:3456} INFO - Setting next_dagrun for example_subdag_operator.section-1 to None, run_after=None
[2023-04-19T09:03:43.746+0000] {logging_mixin.py:137} INFO - [2023-04-19T09:03:43.746+0000] {dag.py:3456} INFO - Setting next_dagrun for example_subdag_operator.section-2 to None, run_after=None
[2023-04-19T09:03:43.817+0000] {logging_mixin.py:137} INFO - [2023-04-19T09:03:43.817+0000] {dag.py:2705} INFO - Sync 2 DAGs
[2023-04-19T09:03:43.853+0000] {logging_mixin.py:137} INFO - [2023-04-19T09:03:43.853+0000] {dag.py:3456} INFO - Setting next_dagrun for example_subdag_operator.section-1 to None, run_after=None
[2023-04-19T09:03:43.856+0000] {logging_mixin.py:137} INFO - [2023-04-19T09:03:43.855+0000] {dag.py:3456} INFO - Setting next_dagrun for example_subdag_operator.section-2 to None, run_after=None
[2023-04-19T09:03:43.896+0000] {processor.py:175} INFO - Processing /home/airflow/.local/lib/python3.7/site-packages/airflow/example_dags/example_subdag_operator.py took 0.405 seconds
[2023-04-19T09:04:14.456+0000] {processor.py:153} INFO - Started process (PID=703) to work on /home/airflow/.local/lib/python3.7/site-packages/airflow/example_dags/example_subdag_operator.py
[2023-04-19T09:04:14.459+0000] {processor.py:743} INFO - Processing file /home/airflow/.local/lib/python3.7/site-packages/airflow/example_dags/example_subdag_operator.py for tasks to queue
[2023-04-19T09:04:14.462+0000] {logging_mixin.py:137} INFO - [2023-04-19T09:04:14.462+0000] {dagbag.py:532} INFO - Filling up the DagBag from /home/airflow/.local/lib/python3.7/site-packages/airflow/example_dags/example_subdag_operator.py
[2023-04-19T09:04:14.541+0000] {processor.py:753} INFO - DAG(s) dict_keys(['example_subdag_operator.section-1', 'example_subdag_operator.section-2', 'example_subdag_operator']) retrieved from /home/airflow/.local/lib/python3.7/site-packages/airflow/example_dags/example_subdag_operator.py
[2023-04-19T09:04:14.609+0000] {logging_mixin.py:137} INFO - [2023-04-19T09:04:14.609+0000] {dag.py:2705} INFO - Sync 3 DAGs
[2023-04-19T09:04:14.654+0000] {logging_mixin.py:137} INFO - [2023-04-19T09:04:14.654+0000] {dag.py:3456} INFO - Setting next_dagrun for example_subdag_operator to 2022-01-01T00:00:00+00:00, run_after=2022-01-01T00:00:00+00:00
[2023-04-19T09:04:14.660+0000] {logging_mixin.py:137} INFO - [2023-04-19T09:04:14.659+0000] {dag.py:3456} INFO - Setting next_dagrun for example_subdag_operator.section-1 to None, run_after=None
[2023-04-19T09:04:14.662+0000] {logging_mixin.py:137} INFO - [2023-04-19T09:04:14.662+0000] {dag.py:3456} INFO - Setting next_dagrun for example_subdag_operator.section-2 to None, run_after=None
[2023-04-19T09:04:14.675+0000] {logging_mixin.py:137} INFO - [2023-04-19T09:04:14.675+0000] {dag.py:2705} INFO - Sync 2 DAGs
[2023-04-19T09:04:14.685+0000] {logging_mixin.py:137} INFO - [2023-04-19T09:04:14.684+0000] {dag.py:3456} INFO - Setting next_dagrun for example_subdag_operator.section-1 to None, run_after=None
[2023-04-19T09:04:14.686+0000] {logging_mixin.py:137} INFO - [2023-04-19T09:04:14.686+0000] {dag.py:3456} INFO - Setting next_dagrun for example_subdag_operator.section-2 to None, run_after=None
[2023-04-19T09:04:14.704+0000] {processor.py:175} INFO - Processing /home/airflow/.local/lib/python3.7/site-packages/airflow/example_dags/example_subdag_operator.py took 0.257 seconds
[2023-04-19T09:04:45.035+0000] {processor.py:153} INFO - Started process (PID=757) to work on /home/airflow/.local/lib/python3.7/site-packages/airflow/example_dags/example_subdag_operator.py
[2023-04-19T09:04:45.037+0000] {processor.py:743} INFO - Processing file /home/airflow/.local/lib/python3.7/site-packages/airflow/example_dags/example_subdag_operator.py for tasks to queue
[2023-04-19T09:04:45.039+0000] {logging_mixin.py:137} INFO - [2023-04-19T09:04:45.039+0000] {dagbag.py:532} INFO - Filling up the DagBag from /home/airflow/.local/lib/python3.7/site-packages/airflow/example_dags/example_subdag_operator.py
[2023-04-19T09:04:45.113+0000] {processor.py:753} INFO - DAG(s) dict_keys(['example_subdag_operator.section-1', 'example_subdag_operator.section-2', 'example_subdag_operator']) retrieved from /home/airflow/.local/lib/python3.7/site-packages/airflow/example_dags/example_subdag_operator.py
[2023-04-19T09:04:45.172+0000] {logging_mixin.py:137} INFO - [2023-04-19T09:04:45.172+0000] {dag.py:2705} INFO - Sync 3 DAGs
[2023-04-19T09:04:45.227+0000] {logging_mixin.py:137} INFO - [2023-04-19T09:04:45.227+0000] {dag.py:3456} INFO - Setting next_dagrun for example_subdag_operator to 2022-01-01T00:00:00+00:00, run_after=2022-01-01T00:00:00+00:00
[2023-04-19T09:04:45.239+0000] {logging_mixin.py:137} INFO - [2023-04-19T09:04:45.239+0000] {dag.py:3456} INFO - Setting next_dagrun for example_subdag_operator.section-1 to None, run_after=None
[2023-04-19T09:04:45.243+0000] {logging_mixin.py:137} INFO - [2023-04-19T09:04:45.242+0000] {dag.py:3456} INFO - Setting next_dagrun for example_subdag_operator.section-2 to None, run_after=None
[2023-04-19T09:04:45.254+0000] {logging_mixin.py:137} INFO - [2023-04-19T09:04:45.254+0000] {dag.py:2705} INFO - Sync 2 DAGs
[2023-04-19T09:04:45.261+0000] {logging_mixin.py:137} INFO - [2023-04-19T09:04:45.261+0000] {dag.py:3456} INFO - Setting next_dagrun for example_subdag_operator.section-1 to None, run_after=None
[2023-04-19T09:04:45.262+0000] {logging_mixin.py:137} INFO - [2023-04-19T09:04:45.262+0000] {dag.py:3456} INFO - Setting next_dagrun for example_subdag_operator.section-2 to None, run_after=None
[2023-04-19T09:04:45.274+0000] {processor.py:175} INFO - Processing /home/airflow/.local/lib/python3.7/site-packages/airflow/example_dags/example_subdag_operator.py took 0.244 seconds
[2023-04-19T09:05:16.033+0000] {processor.py:153} INFO - Started process (PID=808) to work on /home/airflow/.local/lib/python3.7/site-packages/airflow/example_dags/example_subdag_operator.py
[2023-04-19T09:05:16.035+0000] {processor.py:743} INFO - Processing file /home/airflow/.local/lib/python3.7/site-packages/airflow/example_dags/example_subdag_operator.py for tasks to queue
[2023-04-19T09:05:16.036+0000] {logging_mixin.py:137} INFO - [2023-04-19T09:05:16.036+0000] {dagbag.py:532} INFO - Filling up the DagBag from /home/airflow/.local/lib/python3.7/site-packages/airflow/example_dags/example_subdag_operator.py
[2023-04-19T09:05:16.082+0000] {processor.py:753} INFO - DAG(s) dict_keys(['example_subdag_operator.section-1', 'example_subdag_operator.section-2', 'example_subdag_operator']) retrieved from /home/airflow/.local/lib/python3.7/site-packages/airflow/example_dags/example_subdag_operator.py
[2023-04-19T09:05:16.110+0000] {logging_mixin.py:137} INFO - [2023-04-19T09:05:16.110+0000] {dag.py:2705} INFO - Sync 3 DAGs
[2023-04-19T09:05:16.143+0000] {logging_mixin.py:137} INFO - [2023-04-19T09:05:16.143+0000] {dag.py:3456} INFO - Setting next_dagrun for example_subdag_operator to 2022-01-01T00:00:00+00:00, run_after=2022-01-01T00:00:00+00:00
[2023-04-19T09:05:16.153+0000] {logging_mixin.py:137} INFO - [2023-04-19T09:05:16.153+0000] {dag.py:3456} INFO - Setting next_dagrun for example_subdag_operator.section-1 to None, run_after=None
[2023-04-19T09:05:16.158+0000] {logging_mixin.py:137} INFO - [2023-04-19T09:05:16.157+0000] {dag.py:3456} INFO - Setting next_dagrun for example_subdag_operator.section-2 to None, run_after=None
[2023-04-19T09:05:16.177+0000] {logging_mixin.py:137} INFO - [2023-04-19T09:05:16.177+0000] {dag.py:2705} INFO - Sync 2 DAGs
[2023-04-19T09:05:16.184+0000] {logging_mixin.py:137} INFO - [2023-04-19T09:05:16.184+0000] {dag.py:3456} INFO - Setting next_dagrun for example_subdag_operator.section-1 to None, run_after=None
[2023-04-19T09:05:16.186+0000] {logging_mixin.py:137} INFO - [2023-04-19T09:05:16.186+0000] {dag.py:3456} INFO - Setting next_dagrun for example_subdag_operator.section-2 to None, run_after=None
[2023-04-19T09:05:16.200+0000] {processor.py:175} INFO - Processing /home/airflow/.local/lib/python3.7/site-packages/airflow/example_dags/example_subdag_operator.py took 0.172 seconds
[2023-04-19T09:05:46.717+0000] {processor.py:153} INFO - Started process (PID=860) to work on /home/airflow/.local/lib/python3.7/site-packages/airflow/example_dags/example_subdag_operator.py
[2023-04-19T09:05:46.719+0000] {processor.py:743} INFO - Processing file /home/airflow/.local/lib/python3.7/site-packages/airflow/example_dags/example_subdag_operator.py for tasks to queue
[2023-04-19T09:05:46.721+0000] {logging_mixin.py:137} INFO - [2023-04-19T09:05:46.721+0000] {dagbag.py:532} INFO - Filling up the DagBag from /home/airflow/.local/lib/python3.7/site-packages/airflow/example_dags/example_subdag_operator.py
[2023-04-19T09:05:46.802+0000] {processor.py:753} INFO - DAG(s) dict_keys(['example_subdag_operator.section-1', 'example_subdag_operator.section-2', 'example_subdag_operator']) retrieved from /home/airflow/.local/lib/python3.7/site-packages/airflow/example_dags/example_subdag_operator.py
[2023-04-19T09:05:46.859+0000] {logging_mixin.py:137} INFO - [2023-04-19T09:05:46.859+0000] {dag.py:2705} INFO - Sync 3 DAGs
[2023-04-19T09:05:46.933+0000] {logging_mixin.py:137} INFO - [2023-04-19T09:05:46.933+0000] {dag.py:3456} INFO - Setting next_dagrun for example_subdag_operator to 2022-01-01T00:00:00+00:00, run_after=2022-01-01T00:00:00+00:00
[2023-04-19T09:05:46.945+0000] {logging_mixin.py:137} INFO - [2023-04-19T09:05:46.944+0000] {dag.py:3456} INFO - Setting next_dagrun for example_subdag_operator.section-1 to None, run_after=None
[2023-04-19T09:05:46.951+0000] {logging_mixin.py:137} INFO - [2023-04-19T09:05:46.950+0000] {dag.py:3456} INFO - Setting next_dagrun for example_subdag_operator.section-2 to None, run_after=None
[2023-04-19T09:05:46.967+0000] {logging_mixin.py:137} INFO - [2023-04-19T09:05:46.967+0000] {dag.py:2705} INFO - Sync 2 DAGs
[2023-04-19T09:05:46.980+0000] {logging_mixin.py:137} INFO - [2023-04-19T09:05:46.980+0000] {dag.py:3456} INFO - Setting next_dagrun for example_subdag_operator.section-1 to None, run_after=None
[2023-04-19T09:05:46.982+0000] {logging_mixin.py:137} INFO - [2023-04-19T09:05:46.981+0000] {dag.py:3456} INFO - Setting next_dagrun for example_subdag_operator.section-2 to None, run_after=None
[2023-04-19T09:05:47.002+0000] {processor.py:175} INFO - Processing /home/airflow/.local/lib/python3.7/site-packages/airflow/example_dags/example_subdag_operator.py took 0.292 seconds
[2023-04-19T09:06:17.098+0000] {processor.py:153} INFO - Started process (PID=913) to work on /home/airflow/.local/lib/python3.7/site-packages/airflow/example_dags/example_subdag_operator.py
[2023-04-19T09:06:17.101+0000] {processor.py:743} INFO - Processing file /home/airflow/.local/lib/python3.7/site-packages/airflow/example_dags/example_subdag_operator.py for tasks to queue
[2023-04-19T09:06:17.104+0000] {logging_mixin.py:137} INFO - [2023-04-19T09:06:17.104+0000] {dagbag.py:532} INFO - Filling up the DagBag from /home/airflow/.local/lib/python3.7/site-packages/airflow/example_dags/example_subdag_operator.py
[2023-04-19T09:06:17.162+0000] {processor.py:753} INFO - DAG(s) dict_keys(['example_subdag_operator.section-1', 'example_subdag_operator.section-2', 'example_subdag_operator']) retrieved from /home/airflow/.local/lib/python3.7/site-packages/airflow/example_dags/example_subdag_operator.py
[2023-04-19T09:06:17.196+0000] {logging_mixin.py:137} INFO - [2023-04-19T09:06:17.195+0000] {dag.py:2705} INFO - Sync 3 DAGs
[2023-04-19T09:06:17.233+0000] {logging_mixin.py:137} INFO - [2023-04-19T09:06:17.233+0000] {dag.py:3456} INFO - Setting next_dagrun for example_subdag_operator to 2022-01-01T00:00:00+00:00, run_after=2022-01-01T00:00:00+00:00
[2023-04-19T09:06:17.239+0000] {logging_mixin.py:137} INFO - [2023-04-19T09:06:17.239+0000] {dag.py:3456} INFO - Setting next_dagrun for example_subdag_operator.section-1 to None, run_after=None
[2023-04-19T09:06:17.242+0000] {logging_mixin.py:137} INFO - [2023-04-19T09:06:17.242+0000] {dag.py:3456} INFO - Setting next_dagrun for example_subdag_operator.section-2 to None, run_after=None
[2023-04-19T09:06:17.252+0000] {logging_mixin.py:137} INFO - [2023-04-19T09:06:17.252+0000] {dag.py:2705} INFO - Sync 2 DAGs
[2023-04-19T09:06:17.261+0000] {logging_mixin.py:137} INFO - [2023-04-19T09:06:17.260+0000] {dag.py:3456} INFO - Setting next_dagrun for example_subdag_operator.section-1 to None, run_after=None
[2023-04-19T09:06:17.262+0000] {logging_mixin.py:137} INFO - [2023-04-19T09:06:17.262+0000] {dag.py:3456} INFO - Setting next_dagrun for example_subdag_operator.section-2 to None, run_after=None
[2023-04-19T09:06:17.278+0000] {processor.py:175} INFO - Processing /home/airflow/.local/lib/python3.7/site-packages/airflow/example_dags/example_subdag_operator.py took 0.200 seconds
[2023-04-19T09:06:47.367+0000] {processor.py:153} INFO - Started process (PID=965) to work on /home/airflow/.local/lib/python3.7/site-packages/airflow/example_dags/example_subdag_operator.py
[2023-04-19T09:06:47.370+0000] {processor.py:743} INFO - Processing file /home/airflow/.local/lib/python3.7/site-packages/airflow/example_dags/example_subdag_operator.py for tasks to queue
[2023-04-19T09:06:47.379+0000] {logging_mixin.py:137} INFO - [2023-04-19T09:06:47.379+0000] {dagbag.py:532} INFO - Filling up the DagBag from /home/airflow/.local/lib/python3.7/site-packages/airflow/example_dags/example_subdag_operator.py
[2023-04-19T09:06:47.452+0000] {processor.py:753} INFO - DAG(s) dict_keys(['example_subdag_operator.section-1', 'example_subdag_operator.section-2', 'example_subdag_operator']) retrieved from /home/airflow/.local/lib/python3.7/site-packages/airflow/example_dags/example_subdag_operator.py
[2023-04-19T09:06:47.514+0000] {logging_mixin.py:137} INFO - [2023-04-19T09:06:47.513+0000] {dag.py:2705} INFO - Sync 3 DAGs
[2023-04-19T09:06:47.570+0000] {logging_mixin.py:137} INFO - [2023-04-19T09:06:47.570+0000] {dag.py:3456} INFO - Setting next_dagrun for example_subdag_operator to 2022-01-01T00:00:00+00:00, run_after=2022-01-01T00:00:00+00:00
[2023-04-19T09:06:47.583+0000] {logging_mixin.py:137} INFO - [2023-04-19T09:06:47.582+0000] {dag.py:3456} INFO - Setting next_dagrun for example_subdag_operator.section-1 to None, run_after=None
[2023-04-19T09:06:47.590+0000] {logging_mixin.py:137} INFO - [2023-04-19T09:06:47.590+0000] {dag.py:3456} INFO - Setting next_dagrun for example_subdag_operator.section-2 to None, run_after=None
[2023-04-19T09:06:47.609+0000] {logging_mixin.py:137} INFO - [2023-04-19T09:06:47.609+0000] {dag.py:2705} INFO - Sync 2 DAGs
[2023-04-19T09:06:47.627+0000] {logging_mixin.py:137} INFO - [2023-04-19T09:06:47.626+0000] {dag.py:3456} INFO - Setting next_dagrun for example_subdag_operator.section-1 to None, run_after=None
[2023-04-19T09:06:47.629+0000] {logging_mixin.py:137} INFO - [2023-04-19T09:06:47.628+0000] {dag.py:3456} INFO - Setting next_dagrun for example_subdag_operator.section-2 to None, run_after=None
[2023-04-19T09:06:47.655+0000] {processor.py:175} INFO - Processing /home/airflow/.local/lib/python3.7/site-packages/airflow/example_dags/example_subdag_operator.py took 0.300 seconds
[2023-04-19T09:07:17.721+0000] {processor.py:153} INFO - Started process (PID=1017) to work on /home/airflow/.local/lib/python3.7/site-packages/airflow/example_dags/example_subdag_operator.py
[2023-04-19T09:07:17.723+0000] {processor.py:743} INFO - Processing file /home/airflow/.local/lib/python3.7/site-packages/airflow/example_dags/example_subdag_operator.py for tasks to queue
[2023-04-19T09:07:17.726+0000] {logging_mixin.py:137} INFO - [2023-04-19T09:07:17.726+0000] {dagbag.py:532} INFO - Filling up the DagBag from /home/airflow/.local/lib/python3.7/site-packages/airflow/example_dags/example_subdag_operator.py
[2023-04-19T09:07:17.794+0000] {processor.py:753} INFO - DAG(s) dict_keys(['example_subdag_operator.section-1', 'example_subdag_operator.section-2', 'example_subdag_operator']) retrieved from /home/airflow/.local/lib/python3.7/site-packages/airflow/example_dags/example_subdag_operator.py
[2023-04-19T09:07:17.845+0000] {logging_mixin.py:137} INFO - [2023-04-19T09:07:17.844+0000] {dag.py:2705} INFO - Sync 3 DAGs
[2023-04-19T09:07:17.888+0000] {logging_mixin.py:137} INFO - [2023-04-19T09:07:17.887+0000] {dag.py:3456} INFO - Setting next_dagrun for example_subdag_operator to 2022-01-01T00:00:00+00:00, run_after=2022-01-01T00:00:00+00:00
[2023-04-19T09:07:17.893+0000] {logging_mixin.py:137} INFO - [2023-04-19T09:07:17.892+0000] {dag.py:3456} INFO - Setting next_dagrun for example_subdag_operator.section-1 to None, run_after=None
[2023-04-19T09:07:17.895+0000] {logging_mixin.py:137} INFO - [2023-04-19T09:07:17.895+0000] {dag.py:3456} INFO - Setting next_dagrun for example_subdag_operator.section-2 to None, run_after=None
[2023-04-19T09:07:17.905+0000] {logging_mixin.py:137} INFO - [2023-04-19T09:07:17.905+0000] {dag.py:2705} INFO - Sync 2 DAGs
[2023-04-19T09:07:17.911+0000] {logging_mixin.py:137} INFO - [2023-04-19T09:07:17.911+0000] {dag.py:3456} INFO - Setting next_dagrun for example_subdag_operator.section-1 to None, run_after=None
[2023-04-19T09:07:17.913+0000] {logging_mixin.py:137} INFO - [2023-04-19T09:07:17.912+0000] {dag.py:3456} INFO - Setting next_dagrun for example_subdag_operator.section-2 to None, run_after=None
[2023-04-19T09:07:17.926+0000] {processor.py:175} INFO - Processing /home/airflow/.local/lib/python3.7/site-packages/airflow/example_dags/example_subdag_operator.py took 0.211 seconds
[2023-04-19T09:07:48.632+0000] {processor.py:153} INFO - Started process (PID=1069) to work on /home/airflow/.local/lib/python3.7/site-packages/airflow/example_dags/example_subdag_operator.py
[2023-04-19T09:07:48.634+0000] {processor.py:743} INFO - Processing file /home/airflow/.local/lib/python3.7/site-packages/airflow/example_dags/example_subdag_operator.py for tasks to queue
[2023-04-19T09:07:48.635+0000] {logging_mixin.py:137} INFO - [2023-04-19T09:07:48.635+0000] {dagbag.py:532} INFO - Filling up the DagBag from /home/airflow/.local/lib/python3.7/site-packages/airflow/example_dags/example_subdag_operator.py
[2023-04-19T09:07:48.688+0000] {processor.py:753} INFO - DAG(s) dict_keys(['example_subdag_operator.section-1', 'example_subdag_operator.section-2', 'example_subdag_operator']) retrieved from /home/airflow/.local/lib/python3.7/site-packages/airflow/example_dags/example_subdag_operator.py
[2023-04-19T09:07:48.717+0000] {logging_mixin.py:137} INFO - [2023-04-19T09:07:48.717+0000] {dag.py:2705} INFO - Sync 3 DAGs
[2023-04-19T09:07:48.753+0000] {logging_mixin.py:137} INFO - [2023-04-19T09:07:48.752+0000] {dag.py:3456} INFO - Setting next_dagrun for example_subdag_operator to 2022-01-01T00:00:00+00:00, run_after=2022-01-01T00:00:00+00:00
[2023-04-19T09:07:48.759+0000] {logging_mixin.py:137} INFO - [2023-04-19T09:07:48.759+0000] {dag.py:3456} INFO - Setting next_dagrun for example_subdag_operator.section-1 to None, run_after=None
[2023-04-19T09:07:48.762+0000] {logging_mixin.py:137} INFO - [2023-04-19T09:07:48.762+0000] {dag.py:3456} INFO - Setting next_dagrun for example_subdag_operator.section-2 to None, run_after=None
[2023-04-19T09:07:48.771+0000] {logging_mixin.py:137} INFO - [2023-04-19T09:07:48.771+0000] {dag.py:2705} INFO - Sync 2 DAGs
[2023-04-19T09:07:48.778+0000] {logging_mixin.py:137} INFO - [2023-04-19T09:07:48.778+0000] {dag.py:3456} INFO - Setting next_dagrun for example_subdag_operator.section-1 to None, run_after=None
[2023-04-19T09:07:48.779+0000] {logging_mixin.py:137} INFO - [2023-04-19T09:07:48.779+0000] {dag.py:3456} INFO - Setting next_dagrun for example_subdag_operator.section-2 to None, run_after=None
[2023-04-19T09:07:48.792+0000] {processor.py:175} INFO - Processing /home/airflow/.local/lib/python3.7/site-packages/airflow/example_dags/example_subdag_operator.py took 0.171 seconds
[2023-04-19T09:08:20.186+0000] {processor.py:153} INFO - Started process (PID=1121) to work on /home/airflow/.local/lib/python3.7/site-packages/airflow/example_dags/example_subdag_operator.py
[2023-04-19T09:08:20.193+0000] {processor.py:743} INFO - Processing file /home/airflow/.local/lib/python3.7/site-packages/airflow/example_dags/example_subdag_operator.py for tasks to queue
[2023-04-19T09:08:20.199+0000] {logging_mixin.py:137} INFO - [2023-04-19T09:08:20.199+0000] {dagbag.py:532} INFO - Filling up the DagBag from /home/airflow/.local/lib/python3.7/site-packages/airflow/example_dags/example_subdag_operator.py
[2023-04-19T09:08:20.508+0000] {processor.py:753} INFO - DAG(s) dict_keys(['example_subdag_operator.section-1', 'example_subdag_operator.section-2', 'example_subdag_operator']) retrieved from /home/airflow/.local/lib/python3.7/site-packages/airflow/example_dags/example_subdag_operator.py
[2023-04-19T09:08:20.594+0000] {logging_mixin.py:137} INFO - [2023-04-19T09:08:20.594+0000] {dag.py:2705} INFO - Sync 3 DAGs
[2023-04-19T09:08:20.675+0000] {logging_mixin.py:137} INFO - [2023-04-19T09:08:20.675+0000] {dag.py:3456} INFO - Setting next_dagrun for example_subdag_operator to 2022-01-01T00:00:00+00:00, run_after=2022-01-01T00:00:00+00:00
[2023-04-19T09:08:20.683+0000] {logging_mixin.py:137} INFO - [2023-04-19T09:08:20.683+0000] {dag.py:3456} INFO - Setting next_dagrun for example_subdag_operator.section-1 to None, run_after=None
[2023-04-19T09:08:20.693+0000] {logging_mixin.py:137} INFO - [2023-04-19T09:08:20.693+0000] {dag.py:3456} INFO - Setting next_dagrun for example_subdag_operator.section-2 to None, run_after=None
[2023-04-19T09:08:20.737+0000] {logging_mixin.py:137} INFO - [2023-04-19T09:08:20.736+0000] {dag.py:2705} INFO - Sync 2 DAGs
[2023-04-19T09:08:20.770+0000] {logging_mixin.py:137} INFO - [2023-04-19T09:08:20.769+0000] {dag.py:3456} INFO - Setting next_dagrun for example_subdag_operator.section-1 to None, run_after=None
[2023-04-19T09:08:20.772+0000] {logging_mixin.py:137} INFO - [2023-04-19T09:08:20.772+0000] {dag.py:3456} INFO - Setting next_dagrun for example_subdag_operator.section-2 to None, run_after=None
[2023-04-19T09:08:20.798+0000] {processor.py:175} INFO - Processing /home/airflow/.local/lib/python3.7/site-packages/airflow/example_dags/example_subdag_operator.py took 0.626 seconds
[2023-04-19T09:09:32.990+0000] {processor.py:153} INFO - Started process (PID=1162) to work on /home/airflow/.local/lib/python3.7/site-packages/airflow/example_dags/example_subdag_operator.py
[2023-04-19T09:09:32.995+0000] {processor.py:743} INFO - Processing file /home/airflow/.local/lib/python3.7/site-packages/airflow/example_dags/example_subdag_operator.py for tasks to queue
[2023-04-19T09:09:33.000+0000] {logging_mixin.py:137} INFO - [2023-04-19T09:09:33.000+0000] {dagbag.py:532} INFO - Filling up the DagBag from /home/airflow/.local/lib/python3.7/site-packages/airflow/example_dags/example_subdag_operator.py
[2023-04-19T09:09:33.099+0000] {processor.py:753} INFO - DAG(s) dict_keys(['example_subdag_operator.section-1', 'example_subdag_operator.section-2', 'example_subdag_operator']) retrieved from /home/airflow/.local/lib/python3.7/site-packages/airflow/example_dags/example_subdag_operator.py
[2023-04-19T09:09:33.156+0000] {logging_mixin.py:137} INFO - [2023-04-19T09:09:33.156+0000] {dag.py:2705} INFO - Sync 3 DAGs
[2023-04-19T09:09:33.213+0000] {logging_mixin.py:137} INFO - [2023-04-19T09:09:33.213+0000] {dag.py:3456} INFO - Setting next_dagrun for example_subdag_operator to 2022-01-01T00:00:00+00:00, run_after=2022-01-01T00:00:00+00:00
[2023-04-19T09:09:33.221+0000] {logging_mixin.py:137} INFO - [2023-04-19T09:09:33.221+0000] {dag.py:3456} INFO - Setting next_dagrun for example_subdag_operator.section-1 to None, run_after=None
[2023-04-19T09:09:33.225+0000] {logging_mixin.py:137} INFO - [2023-04-19T09:09:33.225+0000] {dag.py:3456} INFO - Setting next_dagrun for example_subdag_operator.section-2 to None, run_after=None
[2023-04-19T09:09:33.240+0000] {logging_mixin.py:137} INFO - [2023-04-19T09:09:33.240+0000] {dag.py:2705} INFO - Sync 2 DAGs
[2023-04-19T09:09:33.251+0000] {logging_mixin.py:137} INFO - [2023-04-19T09:09:33.251+0000] {dag.py:3456} INFO - Setting next_dagrun for example_subdag_operator.section-1 to None, run_after=None
[2023-04-19T09:09:33.253+0000] {logging_mixin.py:137} INFO - [2023-04-19T09:09:33.253+0000] {dag.py:3456} INFO - Setting next_dagrun for example_subdag_operator.section-2 to None, run_after=None
[2023-04-19T09:09:33.271+0000] {processor.py:175} INFO - Processing /home/airflow/.local/lib/python3.7/site-packages/airflow/example_dags/example_subdag_operator.py took 0.294 seconds
[2023-04-19T09:10:03.531+0000] {processor.py:153} INFO - Started process (PID=1215) to work on /home/airflow/.local/lib/python3.7/site-packages/airflow/example_dags/example_subdag_operator.py
[2023-04-19T09:10:03.534+0000] {processor.py:743} INFO - Processing file /home/airflow/.local/lib/python3.7/site-packages/airflow/example_dags/example_subdag_operator.py for tasks to queue
[2023-04-19T09:10:03.539+0000] {logging_mixin.py:137} INFO - [2023-04-19T09:10:03.538+0000] {dagbag.py:532} INFO - Filling up the DagBag from /home/airflow/.local/lib/python3.7/site-packages/airflow/example_dags/example_subdag_operator.py
[2023-04-19T09:10:03.594+0000] {processor.py:753} INFO - DAG(s) dict_keys(['example_subdag_operator.section-1', 'example_subdag_operator.section-2', 'example_subdag_operator']) retrieved from /home/airflow/.local/lib/python3.7/site-packages/airflow/example_dags/example_subdag_operator.py
[2023-04-19T09:10:03.621+0000] {logging_mixin.py:137} INFO - [2023-04-19T09:10:03.621+0000] {dag.py:2705} INFO - Sync 3 DAGs
[2023-04-19T09:10:03.655+0000] {logging_mixin.py:137} INFO - [2023-04-19T09:10:03.655+0000] {dag.py:3456} INFO - Setting next_dagrun for example_subdag_operator to 2022-01-01T00:00:00+00:00, run_after=2022-01-01T00:00:00+00:00
[2023-04-19T09:10:03.660+0000] {logging_mixin.py:137} INFO - [2023-04-19T09:10:03.660+0000] {dag.py:3456} INFO - Setting next_dagrun for example_subdag_operator.section-1 to None, run_after=None
[2023-04-19T09:10:03.662+0000] {logging_mixin.py:137} INFO - [2023-04-19T09:10:03.662+0000] {dag.py:3456} INFO - Setting next_dagrun for example_subdag_operator.section-2 to None, run_after=None
[2023-04-19T09:10:03.683+0000] {logging_mixin.py:137} INFO - [2023-04-19T09:10:03.683+0000] {dag.py:2705} INFO - Sync 2 DAGs
[2023-04-19T09:10:03.690+0000] {logging_mixin.py:137} INFO - [2023-04-19T09:10:03.690+0000] {dag.py:3456} INFO - Setting next_dagrun for example_subdag_operator.section-1 to None, run_after=None
[2023-04-19T09:10:03.691+0000] {logging_mixin.py:137} INFO - [2023-04-19T09:10:03.691+0000] {dag.py:3456} INFO - Setting next_dagrun for example_subdag_operator.section-2 to None, run_after=None
[2023-04-19T09:10:03.705+0000] {processor.py:175} INFO - Processing /home/airflow/.local/lib/python3.7/site-packages/airflow/example_dags/example_subdag_operator.py took 0.186 seconds
[2023-04-19T09:10:34.378+0000] {processor.py:153} INFO - Started process (PID=1277) to work on /home/airflow/.local/lib/python3.7/site-packages/airflow/example_dags/example_subdag_operator.py
[2023-04-19T09:10:34.382+0000] {processor.py:743} INFO - Processing file /home/airflow/.local/lib/python3.7/site-packages/airflow/example_dags/example_subdag_operator.py for tasks to queue
[2023-04-19T09:10:34.384+0000] {logging_mixin.py:137} INFO - [2023-04-19T09:10:34.384+0000] {dagbag.py:532} INFO - Filling up the DagBag from /home/airflow/.local/lib/python3.7/site-packages/airflow/example_dags/example_subdag_operator.py
[2023-04-19T09:10:34.443+0000] {processor.py:753} INFO - DAG(s) dict_keys(['example_subdag_operator.section-1', 'example_subdag_operator.section-2', 'example_subdag_operator']) retrieved from /home/airflow/.local/lib/python3.7/site-packages/airflow/example_dags/example_subdag_operator.py
[2023-04-19T09:10:34.474+0000] {logging_mixin.py:137} INFO - [2023-04-19T09:10:34.473+0000] {dag.py:2705} INFO - Sync 3 DAGs
[2023-04-19T09:10:34.508+0000] {logging_mixin.py:137} INFO - [2023-04-19T09:10:34.508+0000] {dag.py:3456} INFO - Setting next_dagrun for example_subdag_operator to 2022-01-01T00:00:00+00:00, run_after=2022-01-01T00:00:00+00:00
[2023-04-19T09:10:34.514+0000] {logging_mixin.py:137} INFO - [2023-04-19T09:10:34.513+0000] {dag.py:3456} INFO - Setting next_dagrun for example_subdag_operator.section-1 to None, run_after=None
[2023-04-19T09:10:34.516+0000] {logging_mixin.py:137} INFO - [2023-04-19T09:10:34.516+0000] {dag.py:3456} INFO - Setting next_dagrun for example_subdag_operator.section-2 to None, run_after=None
[2023-04-19T09:10:34.525+0000] {logging_mixin.py:137} INFO - [2023-04-19T09:10:34.525+0000] {dag.py:2705} INFO - Sync 2 DAGs
[2023-04-19T09:10:34.533+0000] {logging_mixin.py:137} INFO - [2023-04-19T09:10:34.533+0000] {dag.py:3456} INFO - Setting next_dagrun for example_subdag_operator.section-1 to None, run_after=None
[2023-04-19T09:10:34.534+0000] {logging_mixin.py:137} INFO - [2023-04-19T09:10:34.534+0000] {dag.py:3456} INFO - Setting next_dagrun for example_subdag_operator.section-2 to None, run_after=None
[2023-04-19T09:10:34.548+0000] {processor.py:175} INFO - Processing /home/airflow/.local/lib/python3.7/site-packages/airflow/example_dags/example_subdag_operator.py took 0.182 seconds
[2023-04-19T09:11:04.743+0000] {processor.py:153} INFO - Started process (PID=1327) to work on /home/airflow/.local/lib/python3.7/site-packages/airflow/example_dags/example_subdag_operator.py
[2023-04-19T09:11:04.745+0000] {processor.py:743} INFO - Processing file /home/airflow/.local/lib/python3.7/site-packages/airflow/example_dags/example_subdag_operator.py for tasks to queue
[2023-04-19T09:11:04.747+0000] {logging_mixin.py:137} INFO - [2023-04-19T09:11:04.747+0000] {dagbag.py:532} INFO - Filling up the DagBag from /home/airflow/.local/lib/python3.7/site-packages/airflow/example_dags/example_subdag_operator.py
[2023-04-19T09:11:04.800+0000] {processor.py:753} INFO - DAG(s) dict_keys(['example_subdag_operator.section-1', 'example_subdag_operator.section-2', 'example_subdag_operator']) retrieved from /home/airflow/.local/lib/python3.7/site-packages/airflow/example_dags/example_subdag_operator.py
[2023-04-19T09:11:04.840+0000] {logging_mixin.py:137} INFO - [2023-04-19T09:11:04.840+0000] {dag.py:2705} INFO - Sync 3 DAGs
[2023-04-19T09:11:04.914+0000] {logging_mixin.py:137} INFO - [2023-04-19T09:11:04.913+0000] {dag.py:3456} INFO - Setting next_dagrun for example_subdag_operator to 2022-01-01T00:00:00+00:00, run_after=2022-01-01T00:00:00+00:00
[2023-04-19T09:11:04.927+0000] {logging_mixin.py:137} INFO - [2023-04-19T09:11:04.926+0000] {dag.py:3456} INFO - Setting next_dagrun for example_subdag_operator.section-1 to None, run_after=None
[2023-04-19T09:11:04.934+0000] {logging_mixin.py:137} INFO - [2023-04-19T09:11:04.933+0000] {dag.py:3456} INFO - Setting next_dagrun for example_subdag_operator.section-2 to None, run_after=None
[2023-04-19T09:11:04.965+0000] {logging_mixin.py:137} INFO - [2023-04-19T09:11:04.965+0000] {dag.py:2705} INFO - Sync 2 DAGs
[2023-04-19T09:11:04.978+0000] {logging_mixin.py:137} INFO - [2023-04-19T09:11:04.978+0000] {dag.py:3456} INFO - Setting next_dagrun for example_subdag_operator.section-1 to None, run_after=None
[2023-04-19T09:11:04.980+0000] {logging_mixin.py:137} INFO - [2023-04-19T09:11:04.979+0000] {dag.py:3456} INFO - Setting next_dagrun for example_subdag_operator.section-2 to None, run_after=None
[2023-04-19T09:11:05.009+0000] {processor.py:175} INFO - Processing /home/airflow/.local/lib/python3.7/site-packages/airflow/example_dags/example_subdag_operator.py took 0.270 seconds
[2023-04-19T09:11:35.502+0000] {processor.py:153} INFO - Started process (PID=1378) to work on /home/airflow/.local/lib/python3.7/site-packages/airflow/example_dags/example_subdag_operator.py
[2023-04-19T09:11:35.504+0000] {processor.py:743} INFO - Processing file /home/airflow/.local/lib/python3.7/site-packages/airflow/example_dags/example_subdag_operator.py for tasks to queue
[2023-04-19T09:11:35.507+0000] {logging_mixin.py:137} INFO - [2023-04-19T09:11:35.507+0000] {dagbag.py:532} INFO - Filling up the DagBag from /home/airflow/.local/lib/python3.7/site-packages/airflow/example_dags/example_subdag_operator.py
[2023-04-19T09:11:35.562+0000] {processor.py:753} INFO - DAG(s) dict_keys(['example_subdag_operator.section-1', 'example_subdag_operator.section-2', 'example_subdag_operator']) retrieved from /home/airflow/.local/lib/python3.7/site-packages/airflow/example_dags/example_subdag_operator.py
[2023-04-19T09:11:35.602+0000] {logging_mixin.py:137} INFO - [2023-04-19T09:11:35.602+0000] {dag.py:2705} INFO - Sync 3 DAGs
[2023-04-19T09:11:35.677+0000] {logging_mixin.py:137} INFO - [2023-04-19T09:11:35.677+0000] {dag.py:3456} INFO - Setting next_dagrun for example_subdag_operator to 2022-01-01T00:00:00+00:00, run_after=2022-01-01T00:00:00+00:00
[2023-04-19T09:11:35.690+0000] {logging_mixin.py:137} INFO - [2023-04-19T09:11:35.690+0000] {dag.py:3456} INFO - Setting next_dagrun for example_subdag_operator.section-1 to None, run_after=None
[2023-04-19T09:11:35.694+0000] {logging_mixin.py:137} INFO - [2023-04-19T09:11:35.693+0000] {dag.py:3456} INFO - Setting next_dagrun for example_subdag_operator.section-2 to None, run_after=None
[2023-04-19T09:11:35.723+0000] {logging_mixin.py:137} INFO - [2023-04-19T09:11:35.723+0000] {dag.py:2705} INFO - Sync 2 DAGs
[2023-04-19T09:11:35.741+0000] {logging_mixin.py:137} INFO - [2023-04-19T09:11:35.741+0000] {dag.py:3456} INFO - Setting next_dagrun for example_subdag_operator.section-1 to None, run_after=None
[2023-04-19T09:11:35.743+0000] {logging_mixin.py:137} INFO - [2023-04-19T09:11:35.743+0000] {dag.py:3456} INFO - Setting next_dagrun for example_subdag_operator.section-2 to None, run_after=None
[2023-04-19T09:11:35.764+0000] {processor.py:175} INFO - Processing /home/airflow/.local/lib/python3.7/site-packages/airflow/example_dags/example_subdag_operator.py took 0.268 seconds
[2023-04-19T09:12:08.509+0000] {processor.py:153} INFO - Started process (PID=1429) to work on /home/airflow/.local/lib/python3.7/site-packages/airflow/example_dags/example_subdag_operator.py
[2023-04-19T09:12:08.512+0000] {processor.py:743} INFO - Processing file /home/airflow/.local/lib/python3.7/site-packages/airflow/example_dags/example_subdag_operator.py for tasks to queue
[2023-04-19T09:12:08.516+0000] {logging_mixin.py:137} INFO - [2023-04-19T09:12:08.516+0000] {dagbag.py:532} INFO - Filling up the DagBag from /home/airflow/.local/lib/python3.7/site-packages/airflow/example_dags/example_subdag_operator.py
[2023-04-19T09:12:08.597+0000] {processor.py:753} INFO - DAG(s) dict_keys(['example_subdag_operator.section-1', 'example_subdag_operator.section-2', 'example_subdag_operator']) retrieved from /home/airflow/.local/lib/python3.7/site-packages/airflow/example_dags/example_subdag_operator.py
[2023-04-19T09:12:08.634+0000] {logging_mixin.py:137} INFO - [2023-04-19T09:12:08.634+0000] {dag.py:2705} INFO - Sync 3 DAGs
[2023-04-19T09:12:08.675+0000] {logging_mixin.py:137} INFO - [2023-04-19T09:12:08.674+0000] {dag.py:3456} INFO - Setting next_dagrun for example_subdag_operator to 2022-01-01T00:00:00+00:00, run_after=2022-01-01T00:00:00+00:00
[2023-04-19T09:12:08.682+0000] {logging_mixin.py:137} INFO - [2023-04-19T09:12:08.681+0000] {dag.py:3456} INFO - Setting next_dagrun for example_subdag_operator.section-1 to None, run_after=None
[2023-04-19T09:12:08.686+0000] {logging_mixin.py:137} INFO - [2023-04-19T09:12:08.686+0000] {dag.py:3456} INFO - Setting next_dagrun for example_subdag_operator.section-2 to None, run_after=None
[2023-04-19T09:12:08.698+0000] {logging_mixin.py:137} INFO - [2023-04-19T09:12:08.697+0000] {dag.py:2705} INFO - Sync 2 DAGs
[2023-04-19T09:12:08.704+0000] {logging_mixin.py:137} INFO - [2023-04-19T09:12:08.704+0000] {dag.py:3456} INFO - Setting next_dagrun for example_subdag_operator.section-1 to None, run_after=None
[2023-04-19T09:12:08.705+0000] {logging_mixin.py:137} INFO - [2023-04-19T09:12:08.705+0000] {dag.py:3456} INFO - Setting next_dagrun for example_subdag_operator.section-2 to None, run_after=None
[2023-04-19T09:12:08.716+0000] {processor.py:175} INFO - Processing /home/airflow/.local/lib/python3.7/site-packages/airflow/example_dags/example_subdag_operator.py took 0.218 seconds
[2023-04-19T09:29:46.841+0000] {processor.py:153} INFO - Started process (PID=1480) to work on /home/airflow/.local/lib/python3.7/site-packages/airflow/example_dags/example_subdag_operator.py
[2023-04-19T09:29:46.846+0000] {processor.py:743} INFO - Processing file /home/airflow/.local/lib/python3.7/site-packages/airflow/example_dags/example_subdag_operator.py for tasks to queue
[2023-04-19T09:29:46.848+0000] {logging_mixin.py:137} INFO - [2023-04-19T09:29:46.848+0000] {dagbag.py:532} INFO - Filling up the DagBag from /home/airflow/.local/lib/python3.7/site-packages/airflow/example_dags/example_subdag_operator.py
[2023-04-19T09:29:46.903+0000] {processor.py:753} INFO - DAG(s) dict_keys(['example_subdag_operator.section-1', 'example_subdag_operator.section-2', 'example_subdag_operator']) retrieved from /home/airflow/.local/lib/python3.7/site-packages/airflow/example_dags/example_subdag_operator.py
[2023-04-19T09:29:46.931+0000] {logging_mixin.py:137} INFO - [2023-04-19T09:29:46.930+0000] {dag.py:2705} INFO - Sync 3 DAGs
[2023-04-19T09:29:46.970+0000] {logging_mixin.py:137} INFO - [2023-04-19T09:29:46.970+0000] {dag.py:3456} INFO - Setting next_dagrun for example_subdag_operator to 2022-01-01T00:00:00+00:00, run_after=2022-01-01T00:00:00+00:00
[2023-04-19T09:29:46.975+0000] {logging_mixin.py:137} INFO - [2023-04-19T09:29:46.975+0000] {dag.py:3456} INFO - Setting next_dagrun for example_subdag_operator.section-1 to None, run_after=None
[2023-04-19T09:29:46.977+0000] {logging_mixin.py:137} INFO - [2023-04-19T09:29:46.977+0000] {dag.py:3456} INFO - Setting next_dagrun for example_subdag_operator.section-2 to None, run_after=None
[2023-04-19T09:29:46.986+0000] {logging_mixin.py:137} INFO - [2023-04-19T09:29:46.986+0000] {dag.py:2705} INFO - Sync 2 DAGs
[2023-04-19T09:29:46.993+0000] {logging_mixin.py:137} INFO - [2023-04-19T09:29:46.993+0000] {dag.py:3456} INFO - Setting next_dagrun for example_subdag_operator.section-1 to None, run_after=None
[2023-04-19T09:29:46.994+0000] {logging_mixin.py:137} INFO - [2023-04-19T09:29:46.994+0000] {dag.py:3456} INFO - Setting next_dagrun for example_subdag_operator.section-2 to None, run_after=None
[2023-04-19T09:29:47.007+0000] {processor.py:175} INFO - Processing /home/airflow/.local/lib/python3.7/site-packages/airflow/example_dags/example_subdag_operator.py took 0.171 seconds
[2023-04-19T10:01:08.558+0000] {processor.py:153} INFO - Started process (PID=1530) to work on /home/airflow/.local/lib/python3.7/site-packages/airflow/example_dags/example_subdag_operator.py
[2023-04-19T10:01:08.560+0000] {processor.py:743} INFO - Processing file /home/airflow/.local/lib/python3.7/site-packages/airflow/example_dags/example_subdag_operator.py for tasks to queue
[2023-04-19T10:01:08.562+0000] {logging_mixin.py:137} INFO - [2023-04-19T10:01:08.561+0000] {dagbag.py:532} INFO - Filling up the DagBag from /home/airflow/.local/lib/python3.7/site-packages/airflow/example_dags/example_subdag_operator.py
[2023-04-19T10:01:08.612+0000] {processor.py:753} INFO - DAG(s) dict_keys(['example_subdag_operator.section-1', 'example_subdag_operator.section-2', 'example_subdag_operator']) retrieved from /home/airflow/.local/lib/python3.7/site-packages/airflow/example_dags/example_subdag_operator.py
[2023-04-19T10:01:08.640+0000] {logging_mixin.py:137} INFO - [2023-04-19T10:01:08.640+0000] {dag.py:2705} INFO - Sync 3 DAGs
[2023-04-19T10:01:08.675+0000] {logging_mixin.py:137} INFO - [2023-04-19T10:01:08.675+0000] {dag.py:3456} INFO - Setting next_dagrun for example_subdag_operator to 2022-01-01T00:00:00+00:00, run_after=2022-01-01T00:00:00+00:00
[2023-04-19T10:01:08.682+0000] {logging_mixin.py:137} INFO - [2023-04-19T10:01:08.681+0000] {dag.py:3456} INFO - Setting next_dagrun for example_subdag_operator.section-1 to None, run_after=None
[2023-04-19T10:01:08.684+0000] {logging_mixin.py:137} INFO - [2023-04-19T10:01:08.684+0000] {dag.py:3456} INFO - Setting next_dagrun for example_subdag_operator.section-2 to None, run_after=None
[2023-04-19T10:01:08.696+0000] {logging_mixin.py:137} INFO - [2023-04-19T10:01:08.695+0000] {dag.py:2705} INFO - Sync 2 DAGs
[2023-04-19T10:01:08.705+0000] {logging_mixin.py:137} INFO - [2023-04-19T10:01:08.704+0000] {dag.py:3456} INFO - Setting next_dagrun for example_subdag_operator.section-1 to None, run_after=None
[2023-04-19T10:01:08.706+0000] {logging_mixin.py:137} INFO - [2023-04-19T10:01:08.706+0000] {dag.py:3456} INFO - Setting next_dagrun for example_subdag_operator.section-2 to None, run_after=None
[2023-04-19T10:01:08.725+0000] {processor.py:175} INFO - Processing /home/airflow/.local/lib/python3.7/site-packages/airflow/example_dags/example_subdag_operator.py took 0.171 seconds
[2023-04-19T10:17:01.979+0000] {processor.py:153} INFO - Started process (PID=1582) to work on /home/airflow/.local/lib/python3.7/site-packages/airflow/example_dags/example_subdag_operator.py
[2023-04-19T10:17:01.985+0000] {processor.py:743} INFO - Processing file /home/airflow/.local/lib/python3.7/site-packages/airflow/example_dags/example_subdag_operator.py for tasks to queue
[2023-04-19T10:17:01.997+0000] {logging_mixin.py:137} INFO - [2023-04-19T10:17:01.997+0000] {dagbag.py:532} INFO - Filling up the DagBag from /home/airflow/.local/lib/python3.7/site-packages/airflow/example_dags/example_subdag_operator.py
[2023-04-19T10:17:02.107+0000] {processor.py:753} INFO - DAG(s) dict_keys(['example_subdag_operator.section-1', 'example_subdag_operator.section-2', 'example_subdag_operator']) retrieved from /home/airflow/.local/lib/python3.7/site-packages/airflow/example_dags/example_subdag_operator.py
[2023-04-19T10:17:02.169+0000] {logging_mixin.py:137} INFO - [2023-04-19T10:17:02.169+0000] {dag.py:2705} INFO - Sync 3 DAGs
[2023-04-19T10:17:02.229+0000] {logging_mixin.py:137} INFO - [2023-04-19T10:17:02.229+0000] {dag.py:3456} INFO - Setting next_dagrun for example_subdag_operator to 2022-01-01T00:00:00+00:00, run_after=2022-01-01T00:00:00+00:00
[2023-04-19T10:17:02.238+0000] {logging_mixin.py:137} INFO - [2023-04-19T10:17:02.238+0000] {dag.py:3456} INFO - Setting next_dagrun for example_subdag_operator.section-1 to None, run_after=None
[2023-04-19T10:17:02.244+0000] {logging_mixin.py:137} INFO - [2023-04-19T10:17:02.244+0000] {dag.py:3456} INFO - Setting next_dagrun for example_subdag_operator.section-2 to None, run_after=None
[2023-04-19T10:17:02.271+0000] {logging_mixin.py:137} INFO - [2023-04-19T10:17:02.270+0000] {dag.py:2705} INFO - Sync 2 DAGs
[2023-04-19T10:17:02.286+0000] {logging_mixin.py:137} INFO - [2023-04-19T10:17:02.286+0000] {dag.py:3456} INFO - Setting next_dagrun for example_subdag_operator.section-1 to None, run_after=None
[2023-04-19T10:17:02.288+0000] {logging_mixin.py:137} INFO - [2023-04-19T10:17:02.288+0000] {dag.py:3456} INFO - Setting next_dagrun for example_subdag_operator.section-2 to None, run_after=None
[2023-04-19T10:17:02.312+0000] {processor.py:175} INFO - Processing /home/airflow/.local/lib/python3.7/site-packages/airflow/example_dags/example_subdag_operator.py took 0.346 seconds
[2023-04-19T12:32:44.500+0000] {processor.py:153} INFO - Started process (PID=1626) to work on /home/airflow/.local/lib/python3.7/site-packages/airflow/example_dags/example_subdag_operator.py
[2023-04-19T12:32:44.504+0000] {processor.py:743} INFO - Processing file /home/airflow/.local/lib/python3.7/site-packages/airflow/example_dags/example_subdag_operator.py for tasks to queue
[2023-04-19T12:32:44.508+0000] {logging_mixin.py:137} INFO - [2023-04-19T12:32:44.508+0000] {dagbag.py:532} INFO - Filling up the DagBag from /home/airflow/.local/lib/python3.7/site-packages/airflow/example_dags/example_subdag_operator.py
[2023-04-19T12:32:44.965+0000] {processor.py:753} INFO - DAG(s) dict_keys(['example_subdag_operator.section-1', 'example_subdag_operator.section-2', 'example_subdag_operator']) retrieved from /home/airflow/.local/lib/python3.7/site-packages/airflow/example_dags/example_subdag_operator.py
[2023-04-19T12:32:45.440+0000] {logging_mixin.py:137} INFO - [2023-04-19T12:32:45.439+0000] {dag.py:2705} INFO - Sync 3 DAGs
[2023-04-19T12:32:46.082+0000] {logging_mixin.py:137} INFO - [2023-04-19T12:32:46.078+0000] {dag.py:3456} INFO - Setting next_dagrun for example_subdag_operator to 2022-01-01T00:00:00+00:00, run_after=2022-01-01T00:00:00+00:00
[2023-04-19T12:32:46.138+0000] {logging_mixin.py:137} INFO - [2023-04-19T12:32:46.137+0000] {dag.py:3456} INFO - Setting next_dagrun for example_subdag_operator.section-1 to None, run_after=None
[2023-04-19T12:32:46.162+0000] {logging_mixin.py:137} INFO - [2023-04-19T12:32:46.162+0000] {dag.py:3456} INFO - Setting next_dagrun for example_subdag_operator.section-2 to None, run_after=None
[2023-04-19T12:32:46.223+0000] {logging_mixin.py:137} INFO - [2023-04-19T12:32:46.222+0000] {dag.py:2705} INFO - Sync 2 DAGs
[2023-04-19T12:32:46.262+0000] {logging_mixin.py:137} INFO - [2023-04-19T12:32:46.262+0000] {dag.py:3456} INFO - Setting next_dagrun for example_subdag_operator.section-1 to None, run_after=None
[2023-04-19T12:32:46.268+0000] {logging_mixin.py:137} INFO - [2023-04-19T12:32:46.267+0000] {dag.py:3456} INFO - Setting next_dagrun for example_subdag_operator.section-2 to None, run_after=None
[2023-04-19T12:32:46.342+0000] {processor.py:175} INFO - Processing /home/airflow/.local/lib/python3.7/site-packages/airflow/example_dags/example_subdag_operator.py took 1.854 seconds
[2023-04-19T12:33:18.220+0000] {processor.py:153} INFO - Started process (PID=1678) to work on /home/airflow/.local/lib/python3.7/site-packages/airflow/example_dags/example_subdag_operator.py
[2023-04-19T12:33:18.221+0000] {processor.py:743} INFO - Processing file /home/airflow/.local/lib/python3.7/site-packages/airflow/example_dags/example_subdag_operator.py for tasks to queue
[2023-04-19T12:33:18.223+0000] {logging_mixin.py:137} INFO - [2023-04-19T12:33:18.223+0000] {dagbag.py:532} INFO - Filling up the DagBag from /home/airflow/.local/lib/python3.7/site-packages/airflow/example_dags/example_subdag_operator.py
[2023-04-19T12:33:18.302+0000] {processor.py:753} INFO - DAG(s) dict_keys(['example_subdag_operator.section-1', 'example_subdag_operator.section-2', 'example_subdag_operator']) retrieved from /home/airflow/.local/lib/python3.7/site-packages/airflow/example_dags/example_subdag_operator.py
[2023-04-19T12:33:18.341+0000] {logging_mixin.py:137} INFO - [2023-04-19T12:33:18.341+0000] {dag.py:2705} INFO - Sync 3 DAGs
[2023-04-19T12:33:18.396+0000] {logging_mixin.py:137} INFO - [2023-04-19T12:33:18.396+0000] {dag.py:3456} INFO - Setting next_dagrun for example_subdag_operator to 2022-01-01T00:00:00+00:00, run_after=2022-01-01T00:00:00+00:00
[2023-04-19T12:33:18.401+0000] {logging_mixin.py:137} INFO - [2023-04-19T12:33:18.401+0000] {dag.py:3456} INFO - Setting next_dagrun for example_subdag_operator.section-1 to None, run_after=None
[2023-04-19T12:33:18.403+0000] {logging_mixin.py:137} INFO - [2023-04-19T12:33:18.403+0000] {dag.py:3456} INFO - Setting next_dagrun for example_subdag_operator.section-2 to None, run_after=None
[2023-04-19T12:33:18.411+0000] {logging_mixin.py:137} INFO - [2023-04-19T12:33:18.411+0000] {dag.py:2705} INFO - Sync 2 DAGs
[2023-04-19T12:33:18.417+0000] {logging_mixin.py:137} INFO - [2023-04-19T12:33:18.417+0000] {dag.py:3456} INFO - Setting next_dagrun for example_subdag_operator.section-1 to None, run_after=None
[2023-04-19T12:33:18.418+0000] {logging_mixin.py:137} INFO - [2023-04-19T12:33:18.418+0000] {dag.py:3456} INFO - Setting next_dagrun for example_subdag_operator.section-2 to None, run_after=None
[2023-04-19T12:33:18.430+0000] {processor.py:175} INFO - Processing /home/airflow/.local/lib/python3.7/site-packages/airflow/example_dags/example_subdag_operator.py took 0.215 seconds
[2023-04-19T13:31:55.042+0000] {processor.py:153} INFO - Started process (PID=1738) to work on /home/airflow/.local/lib/python3.7/site-packages/airflow/example_dags/example_subdag_operator.py
[2023-04-19T13:31:55.048+0000] {processor.py:743} INFO - Processing file /home/airflow/.local/lib/python3.7/site-packages/airflow/example_dags/example_subdag_operator.py for tasks to queue
[2023-04-19T13:31:55.051+0000] {logging_mixin.py:137} INFO - [2023-04-19T13:31:55.051+0000] {dagbag.py:532} INFO - Filling up the DagBag from /home/airflow/.local/lib/python3.7/site-packages/airflow/example_dags/example_subdag_operator.py
[2023-04-19T13:31:55.103+0000] {processor.py:753} INFO - DAG(s) dict_keys(['example_subdag_operator.section-1', 'example_subdag_operator.section-2', 'example_subdag_operator']) retrieved from /home/airflow/.local/lib/python3.7/site-packages/airflow/example_dags/example_subdag_operator.py
[2023-04-19T13:31:55.132+0000] {logging_mixin.py:137} INFO - [2023-04-19T13:31:55.131+0000] {dag.py:2705} INFO - Sync 3 DAGs
[2023-04-19T13:31:55.169+0000] {logging_mixin.py:137} INFO - [2023-04-19T13:31:55.169+0000] {dag.py:3456} INFO - Setting next_dagrun for example_subdag_operator to 2022-01-01T00:00:00+00:00, run_after=2022-01-01T00:00:00+00:00
[2023-04-19T13:31:55.174+0000] {logging_mixin.py:137} INFO - [2023-04-19T13:31:55.174+0000] {dag.py:3456} INFO - Setting next_dagrun for example_subdag_operator.section-1 to None, run_after=None
[2023-04-19T13:31:55.177+0000] {logging_mixin.py:137} INFO - [2023-04-19T13:31:55.177+0000] {dag.py:3456} INFO - Setting next_dagrun for example_subdag_operator.section-2 to None, run_after=None
[2023-04-19T13:31:55.187+0000] {logging_mixin.py:137} INFO - [2023-04-19T13:31:55.187+0000] {dag.py:2705} INFO - Sync 2 DAGs
[2023-04-19T13:31:55.194+0000] {logging_mixin.py:137} INFO - [2023-04-19T13:31:55.194+0000] {dag.py:3456} INFO - Setting next_dagrun for example_subdag_operator.section-1 to None, run_after=None
[2023-04-19T13:31:55.196+0000] {logging_mixin.py:137} INFO - [2023-04-19T13:31:55.196+0000] {dag.py:3456} INFO - Setting next_dagrun for example_subdag_operator.section-2 to None, run_after=None
[2023-04-19T13:31:55.209+0000] {processor.py:175} INFO - Processing /home/airflow/.local/lib/python3.7/site-packages/airflow/example_dags/example_subdag_operator.py took 0.178 seconds
[2023-04-19T14:25:41.906+0000] {processor.py:153} INFO - Started process (PID=1782) to work on /home/airflow/.local/lib/python3.7/site-packages/airflow/example_dags/example_subdag_operator.py
[2023-04-19T14:25:41.911+0000] {processor.py:743} INFO - Processing file /home/airflow/.local/lib/python3.7/site-packages/airflow/example_dags/example_subdag_operator.py for tasks to queue
[2023-04-19T14:25:41.916+0000] {logging_mixin.py:137} INFO - [2023-04-19T14:25:41.915+0000] {dagbag.py:532} INFO - Filling up the DagBag from /home/airflow/.local/lib/python3.7/site-packages/airflow/example_dags/example_subdag_operator.py
[2023-04-19T14:25:42.007+0000] {processor.py:753} INFO - DAG(s) dict_keys(['example_subdag_operator.section-1', 'example_subdag_operator.section-2', 'example_subdag_operator']) retrieved from /home/airflow/.local/lib/python3.7/site-packages/airflow/example_dags/example_subdag_operator.py
[2023-04-19T14:25:42.084+0000] {logging_mixin.py:137} INFO - [2023-04-19T14:25:42.084+0000] {dag.py:2705} INFO - Sync 3 DAGs
[2023-04-19T14:25:42.194+0000] {logging_mixin.py:137} INFO - [2023-04-19T14:25:42.194+0000] {dag.py:3456} INFO - Setting next_dagrun for example_subdag_operator to 2022-01-01T00:00:00+00:00, run_after=2022-01-01T00:00:00+00:00
[2023-04-19T14:25:42.255+0000] {logging_mixin.py:137} INFO - [2023-04-19T14:25:42.255+0000] {dag.py:3456} INFO - Setting next_dagrun for example_subdag_operator.section-1 to None, run_after=None
[2023-04-19T14:25:42.282+0000] {logging_mixin.py:137} INFO - [2023-04-19T14:25:42.278+0000] {dag.py:3456} INFO - Setting next_dagrun for example_subdag_operator.section-2 to None, run_after=None
[2023-04-19T14:25:42.327+0000] {logging_mixin.py:137} INFO - [2023-04-19T14:25:42.326+0000] {dag.py:2705} INFO - Sync 2 DAGs
[2023-04-19T14:25:42.345+0000] {logging_mixin.py:137} INFO - [2023-04-19T14:25:42.344+0000] {dag.py:3456} INFO - Setting next_dagrun for example_subdag_operator.section-1 to None, run_after=None
[2023-04-19T14:25:42.346+0000] {logging_mixin.py:137} INFO - [2023-04-19T14:25:42.346+0000] {dag.py:3456} INFO - Setting next_dagrun for example_subdag_operator.section-2 to None, run_after=None
[2023-04-19T14:25:42.377+0000] {processor.py:175} INFO - Processing /home/airflow/.local/lib/python3.7/site-packages/airflow/example_dags/example_subdag_operator.py took 0.482 seconds
[2023-04-19T15:20:05.876+0000] {processor.py:153} INFO - Started process (PID=1834) to work on /home/airflow/.local/lib/python3.7/site-packages/airflow/example_dags/example_subdag_operator.py
[2023-04-19T15:20:05.879+0000] {processor.py:743} INFO - Processing file /home/airflow/.local/lib/python3.7/site-packages/airflow/example_dags/example_subdag_operator.py for tasks to queue
[2023-04-19T15:20:05.881+0000] {logging_mixin.py:137} INFO - [2023-04-19T15:20:05.881+0000] {dagbag.py:532} INFO - Filling up the DagBag from /home/airflow/.local/lib/python3.7/site-packages/airflow/example_dags/example_subdag_operator.py
[2023-04-19T15:20:05.956+0000] {processor.py:753} INFO - DAG(s) dict_keys(['example_subdag_operator.section-1', 'example_subdag_operator.section-2', 'example_subdag_operator']) retrieved from /home/airflow/.local/lib/python3.7/site-packages/airflow/example_dags/example_subdag_operator.py
[2023-04-19T15:20:06.050+0000] {logging_mixin.py:137} INFO - [2023-04-19T15:20:06.050+0000] {dag.py:2705} INFO - Sync 3 DAGs
[2023-04-19T15:20:06.134+0000] {logging_mixin.py:137} INFO - [2023-04-19T15:20:06.134+0000] {dag.py:3456} INFO - Setting next_dagrun for example_subdag_operator to 2022-01-01T00:00:00+00:00, run_after=2022-01-01T00:00:00+00:00
[2023-04-19T15:20:06.157+0000] {logging_mixin.py:137} INFO - [2023-04-19T15:20:06.151+0000] {dag.py:3456} INFO - Setting next_dagrun for example_subdag_operator.section-1 to None, run_after=None
[2023-04-19T15:20:06.161+0000] {logging_mixin.py:137} INFO - [2023-04-19T15:20:06.161+0000] {dag.py:3456} INFO - Setting next_dagrun for example_subdag_operator.section-2 to None, run_after=None
[2023-04-19T15:20:06.184+0000] {logging_mixin.py:137} INFO - [2023-04-19T15:20:06.184+0000] {dag.py:2705} INFO - Sync 2 DAGs
[2023-04-19T15:20:06.197+0000] {logging_mixin.py:137} INFO - [2023-04-19T15:20:06.197+0000] {dag.py:3456} INFO - Setting next_dagrun for example_subdag_operator.section-1 to None, run_after=None
[2023-04-19T15:20:06.199+0000] {logging_mixin.py:137} INFO - [2023-04-19T15:20:06.198+0000] {dag.py:3456} INFO - Setting next_dagrun for example_subdag_operator.section-2 to None, run_after=None
[2023-04-19T15:20:06.224+0000] {processor.py:175} INFO - Processing /home/airflow/.local/lib/python3.7/site-packages/airflow/example_dags/example_subdag_operator.py took 0.357 seconds
[2023-04-19T17:07:35.011+0000] {processor.py:153} INFO - Started process (PID=1885) to work on /home/airflow/.local/lib/python3.7/site-packages/airflow/example_dags/example_subdag_operator.py
[2023-04-19T17:07:35.061+0000] {processor.py:743} INFO - Processing file /home/airflow/.local/lib/python3.7/site-packages/airflow/example_dags/example_subdag_operator.py for tasks to queue
[2023-04-19T17:07:35.096+0000] {logging_mixin.py:137} INFO - [2023-04-19T17:07:35.078+0000] {dagbag.py:532} INFO - Filling up the DagBag from /home/airflow/.local/lib/python3.7/site-packages/airflow/example_dags/example_subdag_operator.py
[2023-04-19T17:07:36.136+0000] {processor.py:753} INFO - DAG(s) dict_keys(['example_subdag_operator.section-1', 'example_subdag_operator.section-2', 'example_subdag_operator']) retrieved from /home/airflow/.local/lib/python3.7/site-packages/airflow/example_dags/example_subdag_operator.py
[2023-04-19T17:07:36.675+0000] {logging_mixin.py:137} INFO - [2023-04-19T17:07:36.674+0000] {dag.py:2705} INFO - Sync 3 DAGs
[2023-04-19T17:07:37.584+0000] {logging_mixin.py:137} INFO - [2023-04-19T17:07:37.583+0000] {dag.py:3456} INFO - Setting next_dagrun for example_subdag_operator to 2022-01-01T00:00:00+00:00, run_after=2022-01-01T00:00:00+00:00
[2023-04-19T17:07:37.811+0000] {logging_mixin.py:137} INFO - [2023-04-19T17:07:37.810+0000] {dag.py:3456} INFO - Setting next_dagrun for example_subdag_operator.section-1 to None, run_after=None
[2023-04-19T17:07:37.851+0000] {logging_mixin.py:137} INFO - [2023-04-19T17:07:37.850+0000] {dag.py:3456} INFO - Setting next_dagrun for example_subdag_operator.section-2 to None, run_after=None
[2023-04-19T17:07:38.374+0000] {logging_mixin.py:137} INFO - [2023-04-19T17:07:38.373+0000] {dag.py:2705} INFO - Sync 2 DAGs
[2023-04-19T17:07:38.833+0000] {logging_mixin.py:137} INFO - [2023-04-19T17:07:38.832+0000] {dag.py:3456} INFO - Setting next_dagrun for example_subdag_operator.section-1 to None, run_after=None
[2023-04-19T17:07:38.851+0000] {logging_mixin.py:137} INFO - [2023-04-19T17:07:38.850+0000] {dag.py:3456} INFO - Setting next_dagrun for example_subdag_operator.section-2 to None, run_after=None
[2023-04-19T17:07:40.188+0000] {processor.py:175} INFO - Processing /home/airflow/.local/lib/python3.7/site-packages/airflow/example_dags/example_subdag_operator.py took 5.330 seconds
[2023-04-19T17:37:58.182+0000] {processor.py:153} INFO - Started process (PID=1936) to work on /home/airflow/.local/lib/python3.7/site-packages/airflow/example_dags/example_subdag_operator.py
[2023-04-19T17:37:58.184+0000] {processor.py:743} INFO - Processing file /home/airflow/.local/lib/python3.7/site-packages/airflow/example_dags/example_subdag_operator.py for tasks to queue
[2023-04-19T17:37:58.186+0000] {logging_mixin.py:137} INFO - [2023-04-19T17:37:58.186+0000] {dagbag.py:532} INFO - Filling up the DagBag from /home/airflow/.local/lib/python3.7/site-packages/airflow/example_dags/example_subdag_operator.py
[2023-04-19T17:37:58.294+0000] {processor.py:753} INFO - DAG(s) dict_keys(['example_subdag_operator.section-1', 'example_subdag_operator.section-2', 'example_subdag_operator']) retrieved from /home/airflow/.local/lib/python3.7/site-packages/airflow/example_dags/example_subdag_operator.py
[2023-04-19T17:37:58.347+0000] {logging_mixin.py:137} INFO - [2023-04-19T17:37:58.347+0000] {dag.py:2705} INFO - Sync 3 DAGs
[2023-04-19T17:37:58.400+0000] {logging_mixin.py:137} INFO - [2023-04-19T17:37:58.400+0000] {dag.py:3456} INFO - Setting next_dagrun for example_subdag_operator to 2022-01-01T00:00:00+00:00, run_after=2022-01-01T00:00:00+00:00
[2023-04-19T17:37:58.413+0000] {logging_mixin.py:137} INFO - [2023-04-19T17:37:58.413+0000] {dag.py:3456} INFO - Setting next_dagrun for example_subdag_operator.section-1 to None, run_after=None
[2023-04-19T17:37:58.419+0000] {logging_mixin.py:137} INFO - [2023-04-19T17:37:58.418+0000] {dag.py:3456} INFO - Setting next_dagrun for example_subdag_operator.section-2 to None, run_after=None
[2023-04-19T17:37:58.436+0000] {logging_mixin.py:137} INFO - [2023-04-19T17:37:58.436+0000] {dag.py:2705} INFO - Sync 2 DAGs
[2023-04-19T17:37:58.450+0000] {logging_mixin.py:137} INFO - [2023-04-19T17:37:58.450+0000] {dag.py:3456} INFO - Setting next_dagrun for example_subdag_operator.section-1 to None, run_after=None
[2023-04-19T17:37:58.452+0000] {logging_mixin.py:137} INFO - [2023-04-19T17:37:58.452+0000] {dag.py:3456} INFO - Setting next_dagrun for example_subdag_operator.section-2 to None, run_after=None
[2023-04-19T17:37:58.472+0000] {processor.py:175} INFO - Processing /home/airflow/.local/lib/python3.7/site-packages/airflow/example_dags/example_subdag_operator.py took 0.301 seconds
[2023-04-19T19:26:08.820+0000] {processor.py:153} INFO - Started process (PID=1989) to work on /home/airflow/.local/lib/python3.7/site-packages/airflow/example_dags/example_subdag_operator.py
[2023-04-19T19:26:08.822+0000] {processor.py:743} INFO - Processing file /home/airflow/.local/lib/python3.7/site-packages/airflow/example_dags/example_subdag_operator.py for tasks to queue
[2023-04-19T19:26:08.824+0000] {logging_mixin.py:137} INFO - [2023-04-19T19:26:08.823+0000] {dagbag.py:532} INFO - Filling up the DagBag from /home/airflow/.local/lib/python3.7/site-packages/airflow/example_dags/example_subdag_operator.py
[2023-04-19T19:26:08.870+0000] {processor.py:753} INFO - DAG(s) dict_keys(['example_subdag_operator.section-1', 'example_subdag_operator.section-2', 'example_subdag_operator']) retrieved from /home/airflow/.local/lib/python3.7/site-packages/airflow/example_dags/example_subdag_operator.py
[2023-04-19T19:26:08.900+0000] {logging_mixin.py:137} INFO - [2023-04-19T19:26:08.900+0000] {dag.py:2705} INFO - Sync 3 DAGs
[2023-04-19T19:26:08.956+0000] {logging_mixin.py:137} INFO - [2023-04-19T19:26:08.955+0000] {dag.py:3456} INFO - Setting next_dagrun for example_subdag_operator to 2022-01-01T00:00:00+00:00, run_after=2022-01-01T00:00:00+00:00
[2023-04-19T19:26:08.960+0000] {logging_mixin.py:137} INFO - [2023-04-19T19:26:08.960+0000] {dag.py:3456} INFO - Setting next_dagrun for example_subdag_operator.section-1 to None, run_after=None
[2023-04-19T19:26:08.962+0000] {logging_mixin.py:137} INFO - [2023-04-19T19:26:08.962+0000] {dag.py:3456} INFO - Setting next_dagrun for example_subdag_operator.section-2 to None, run_after=None
[2023-04-19T19:26:08.972+0000] {logging_mixin.py:137} INFO - [2023-04-19T19:26:08.971+0000] {dag.py:2705} INFO - Sync 2 DAGs
[2023-04-19T19:26:08.979+0000] {logging_mixin.py:137} INFO - [2023-04-19T19:26:08.979+0000] {dag.py:3456} INFO - Setting next_dagrun for example_subdag_operator.section-1 to None, run_after=None
[2023-04-19T19:26:08.980+0000] {logging_mixin.py:137} INFO - [2023-04-19T19:26:08.980+0000] {dag.py:3456} INFO - Setting next_dagrun for example_subdag_operator.section-2 to None, run_after=None
[2023-04-19T19:26:08.993+0000] {processor.py:175} INFO - Processing /home/airflow/.local/lib/python3.7/site-packages/airflow/example_dags/example_subdag_operator.py took 0.178 seconds
[2023-04-19T21:13:26.588+0000] {processor.py:153} INFO - Started process (PID=2042) to work on /home/airflow/.local/lib/python3.7/site-packages/airflow/example_dags/example_subdag_operator.py
[2023-04-19T21:13:26.590+0000] {processor.py:743} INFO - Processing file /home/airflow/.local/lib/python3.7/site-packages/airflow/example_dags/example_subdag_operator.py for tasks to queue
[2023-04-19T21:13:26.591+0000] {logging_mixin.py:137} INFO - [2023-04-19T21:13:26.591+0000] {dagbag.py:532} INFO - Filling up the DagBag from /home/airflow/.local/lib/python3.7/site-packages/airflow/example_dags/example_subdag_operator.py
[2023-04-19T21:13:26.642+0000] {processor.py:753} INFO - DAG(s) dict_keys(['example_subdag_operator.section-1', 'example_subdag_operator.section-2', 'example_subdag_operator']) retrieved from /home/airflow/.local/lib/python3.7/site-packages/airflow/example_dags/example_subdag_operator.py
[2023-04-19T21:13:26.672+0000] {logging_mixin.py:137} INFO - [2023-04-19T21:13:26.672+0000] {dag.py:2705} INFO - Sync 3 DAGs
[2023-04-19T21:13:26.712+0000] {logging_mixin.py:137} INFO - [2023-04-19T21:13:26.712+0000] {dag.py:3456} INFO - Setting next_dagrun for example_subdag_operator to 2022-01-01T00:00:00+00:00, run_after=2022-01-01T00:00:00+00:00
[2023-04-19T21:13:26.718+0000] {logging_mixin.py:137} INFO - [2023-04-19T21:13:26.718+0000] {dag.py:3456} INFO - Setting next_dagrun for example_subdag_operator.section-1 to None, run_after=None
[2023-04-19T21:13:26.721+0000] {logging_mixin.py:137} INFO - [2023-04-19T21:13:26.721+0000] {dag.py:3456} INFO - Setting next_dagrun for example_subdag_operator.section-2 to None, run_after=None
[2023-04-19T21:13:26.735+0000] {logging_mixin.py:137} INFO - [2023-04-19T21:13:26.735+0000] {dag.py:2705} INFO - Sync 2 DAGs
[2023-04-19T21:13:26.754+0000] {logging_mixin.py:137} INFO - [2023-04-19T21:13:26.753+0000] {dag.py:3456} INFO - Setting next_dagrun for example_subdag_operator.section-1 to None, run_after=None
[2023-04-19T21:13:26.755+0000] {logging_mixin.py:137} INFO - [2023-04-19T21:13:26.754+0000] {dag.py:3456} INFO - Setting next_dagrun for example_subdag_operator.section-2 to None, run_after=None
[2023-04-19T21:13:26.777+0000] {processor.py:175} INFO - Processing /home/airflow/.local/lib/python3.7/site-packages/airflow/example_dags/example_subdag_operator.py took 0.195 seconds
