[2023-04-19T08:57:57.581+0000] {processor.py:153} INFO - Started process (PID=52) to work on /home/airflow/.local/lib/python3.7/site-packages/airflow/example_dags/example_sensor_decorator.py
[2023-04-19T08:57:57.610+0000] {processor.py:743} INFO - Processing file /home/airflow/.local/lib/python3.7/site-packages/airflow/example_dags/example_sensor_decorator.py for tasks to queue
[2023-04-19T08:57:57.629+0000] {logging_mixin.py:137} INFO - [2023-04-19T08:57:57.628+0000] {dagbag.py:532} INFO - Filling up the DagBag from /home/airflow/.local/lib/python3.7/site-packages/airflow/example_dags/example_sensor_decorator.py
[2023-04-19T08:57:58.660+0000] {processor.py:753} INFO - DAG(s) dict_keys(['example_sensor_decorator']) retrieved from /home/airflow/.local/lib/python3.7/site-packages/airflow/example_dags/example_sensor_decorator.py
[2023-04-19T08:57:58.908+0000] {logging_mixin.py:137} INFO - [2023-04-19T08:57:58.908+0000] {dag.py:2705} INFO - Sync 1 DAGs
[2023-04-19T08:57:59.115+0000] {logging_mixin.py:137} INFO - [2023-04-19T08:57:59.115+0000] {dag.py:3456} INFO - Setting next_dagrun for example_sensor_decorator to None, run_after=None
[2023-04-19T08:57:59.235+0000] {processor.py:175} INFO - Processing /home/airflow/.local/lib/python3.7/site-packages/airflow/example_dags/example_sensor_decorator.py took 1.694 seconds
[2023-04-19T08:58:29.799+0000] {processor.py:153} INFO - Started process (PID=111) to work on /home/airflow/.local/lib/python3.7/site-packages/airflow/example_dags/example_sensor_decorator.py
[2023-04-19T08:58:29.801+0000] {processor.py:743} INFO - Processing file /home/airflow/.local/lib/python3.7/site-packages/airflow/example_dags/example_sensor_decorator.py for tasks to queue
[2023-04-19T08:58:29.803+0000] {logging_mixin.py:137} INFO - [2023-04-19T08:58:29.803+0000] {dagbag.py:532} INFO - Filling up the DagBag from /home/airflow/.local/lib/python3.7/site-packages/airflow/example_dags/example_sensor_decorator.py
[2023-04-19T08:58:29.838+0000] {processor.py:753} INFO - DAG(s) dict_keys(['example_sensor_decorator']) retrieved from /home/airflow/.local/lib/python3.7/site-packages/airflow/example_dags/example_sensor_decorator.py
[2023-04-19T08:58:29.871+0000] {logging_mixin.py:137} INFO - [2023-04-19T08:58:29.871+0000] {dag.py:2705} INFO - Sync 1 DAGs
[2023-04-19T08:58:29.920+0000] {logging_mixin.py:137} INFO - [2023-04-19T08:58:29.920+0000] {dag.py:3456} INFO - Setting next_dagrun for example_sensor_decorator to None, run_after=None
[2023-04-19T08:58:29.945+0000] {processor.py:175} INFO - Processing /home/airflow/.local/lib/python3.7/site-packages/airflow/example_dags/example_sensor_decorator.py took 0.151 seconds
[2023-04-19T08:59:00.583+0000] {processor.py:153} INFO - Started process (PID=162) to work on /home/airflow/.local/lib/python3.7/site-packages/airflow/example_dags/example_sensor_decorator.py
[2023-04-19T08:59:00.588+0000] {processor.py:743} INFO - Processing file /home/airflow/.local/lib/python3.7/site-packages/airflow/example_dags/example_sensor_decorator.py for tasks to queue
[2023-04-19T08:59:00.592+0000] {logging_mixin.py:137} INFO - [2023-04-19T08:59:00.591+0000] {dagbag.py:532} INFO - Filling up the DagBag from /home/airflow/.local/lib/python3.7/site-packages/airflow/example_dags/example_sensor_decorator.py
[2023-04-19T08:59:00.641+0000] {processor.py:753} INFO - DAG(s) dict_keys(['example_sensor_decorator']) retrieved from /home/airflow/.local/lib/python3.7/site-packages/airflow/example_dags/example_sensor_decorator.py
[2023-04-19T08:59:00.697+0000] {logging_mixin.py:137} INFO - [2023-04-19T08:59:00.696+0000] {dag.py:2705} INFO - Sync 1 DAGs
[2023-04-19T08:59:00.753+0000] {logging_mixin.py:137} INFO - [2023-04-19T08:59:00.753+0000] {dag.py:3456} INFO - Setting next_dagrun for example_sensor_decorator to None, run_after=None
[2023-04-19T08:59:00.813+0000] {processor.py:175} INFO - Processing /home/airflow/.local/lib/python3.7/site-packages/airflow/example_dags/example_sensor_decorator.py took 0.247 seconds
[2023-04-19T08:59:30.958+0000] {processor.py:153} INFO - Started process (PID=213) to work on /home/airflow/.local/lib/python3.7/site-packages/airflow/example_dags/example_sensor_decorator.py
[2023-04-19T08:59:30.962+0000] {processor.py:743} INFO - Processing file /home/airflow/.local/lib/python3.7/site-packages/airflow/example_dags/example_sensor_decorator.py for tasks to queue
[2023-04-19T08:59:30.965+0000] {logging_mixin.py:137} INFO - [2023-04-19T08:59:30.964+0000] {dagbag.py:532} INFO - Filling up the DagBag from /home/airflow/.local/lib/python3.7/site-packages/airflow/example_dags/example_sensor_decorator.py
[2023-04-19T08:59:31.035+0000] {processor.py:753} INFO - DAG(s) dict_keys(['example_sensor_decorator']) retrieved from /home/airflow/.local/lib/python3.7/site-packages/airflow/example_dags/example_sensor_decorator.py
[2023-04-19T08:59:31.080+0000] {logging_mixin.py:137} INFO - [2023-04-19T08:59:31.080+0000] {dag.py:2705} INFO - Sync 1 DAGs
[2023-04-19T08:59:31.123+0000] {logging_mixin.py:137} INFO - [2023-04-19T08:59:31.123+0000] {dag.py:3456} INFO - Setting next_dagrun for example_sensor_decorator to None, run_after=None
[2023-04-19T08:59:31.153+0000] {processor.py:175} INFO - Processing /home/airflow/.local/lib/python3.7/site-packages/airflow/example_dags/example_sensor_decorator.py took 0.213 seconds
[2023-04-19T09:00:01.446+0000] {processor.py:153} INFO - Started process (PID=266) to work on /home/airflow/.local/lib/python3.7/site-packages/airflow/example_dags/example_sensor_decorator.py
[2023-04-19T09:00:01.456+0000] {processor.py:743} INFO - Processing file /home/airflow/.local/lib/python3.7/site-packages/airflow/example_dags/example_sensor_decorator.py for tasks to queue
[2023-04-19T09:00:01.458+0000] {logging_mixin.py:137} INFO - [2023-04-19T09:00:01.458+0000] {dagbag.py:532} INFO - Filling up the DagBag from /home/airflow/.local/lib/python3.7/site-packages/airflow/example_dags/example_sensor_decorator.py
[2023-04-19T09:00:01.496+0000] {processor.py:753} INFO - DAG(s) dict_keys(['example_sensor_decorator']) retrieved from /home/airflow/.local/lib/python3.7/site-packages/airflow/example_dags/example_sensor_decorator.py
[2023-04-19T09:00:01.530+0000] {logging_mixin.py:137} INFO - [2023-04-19T09:00:01.530+0000] {dag.py:2705} INFO - Sync 1 DAGs
[2023-04-19T09:00:01.607+0000] {logging_mixin.py:137} INFO - [2023-04-19T09:00:01.607+0000] {dag.py:3456} INFO - Setting next_dagrun for example_sensor_decorator to None, run_after=None
[2023-04-19T09:00:01.634+0000] {processor.py:175} INFO - Processing /home/airflow/.local/lib/python3.7/site-packages/airflow/example_dags/example_sensor_decorator.py took 0.208 seconds
[2023-04-19T09:00:31.852+0000] {processor.py:153} INFO - Started process (PID=317) to work on /home/airflow/.local/lib/python3.7/site-packages/airflow/example_dags/example_sensor_decorator.py
[2023-04-19T09:00:31.854+0000] {processor.py:743} INFO - Processing file /home/airflow/.local/lib/python3.7/site-packages/airflow/example_dags/example_sensor_decorator.py for tasks to queue
[2023-04-19T09:00:31.857+0000] {logging_mixin.py:137} INFO - [2023-04-19T09:00:31.857+0000] {dagbag.py:532} INFO - Filling up the DagBag from /home/airflow/.local/lib/python3.7/site-packages/airflow/example_dags/example_sensor_decorator.py
[2023-04-19T09:00:31.905+0000] {processor.py:753} INFO - DAG(s) dict_keys(['example_sensor_decorator']) retrieved from /home/airflow/.local/lib/python3.7/site-packages/airflow/example_dags/example_sensor_decorator.py
[2023-04-19T09:00:31.964+0000] {logging_mixin.py:137} INFO - [2023-04-19T09:00:31.963+0000] {dag.py:2705} INFO - Sync 1 DAGs
[2023-04-19T09:00:32.042+0000] {logging_mixin.py:137} INFO - [2023-04-19T09:00:32.042+0000] {dag.py:3456} INFO - Setting next_dagrun for example_sensor_decorator to None, run_after=None
[2023-04-19T09:00:32.089+0000] {processor.py:175} INFO - Processing /home/airflow/.local/lib/python3.7/site-packages/airflow/example_dags/example_sensor_decorator.py took 0.256 seconds
[2023-04-19T09:01:02.646+0000] {processor.py:153} INFO - Started process (PID=370) to work on /home/airflow/.local/lib/python3.7/site-packages/airflow/example_dags/example_sensor_decorator.py
[2023-04-19T09:01:02.650+0000] {processor.py:743} INFO - Processing file /home/airflow/.local/lib/python3.7/site-packages/airflow/example_dags/example_sensor_decorator.py for tasks to queue
[2023-04-19T09:01:02.654+0000] {logging_mixin.py:137} INFO - [2023-04-19T09:01:02.653+0000] {dagbag.py:532} INFO - Filling up the DagBag from /home/airflow/.local/lib/python3.7/site-packages/airflow/example_dags/example_sensor_decorator.py
[2023-04-19T09:01:02.703+0000] {processor.py:753} INFO - DAG(s) dict_keys(['example_sensor_decorator']) retrieved from /home/airflow/.local/lib/python3.7/site-packages/airflow/example_dags/example_sensor_decorator.py
[2023-04-19T09:01:02.743+0000] {logging_mixin.py:137} INFO - [2023-04-19T09:01:02.743+0000] {dag.py:2705} INFO - Sync 1 DAGs
[2023-04-19T09:01:02.784+0000] {logging_mixin.py:137} INFO - [2023-04-19T09:01:02.783+0000] {dag.py:3456} INFO - Setting next_dagrun for example_sensor_decorator to None, run_after=None
[2023-04-19T09:01:02.830+0000] {processor.py:175} INFO - Processing /home/airflow/.local/lib/python3.7/site-packages/airflow/example_dags/example_sensor_decorator.py took 0.198 seconds
[2023-04-19T09:01:33.020+0000] {processor.py:153} INFO - Started process (PID=425) to work on /home/airflow/.local/lib/python3.7/site-packages/airflow/example_dags/example_sensor_decorator.py
[2023-04-19T09:01:33.024+0000] {processor.py:743} INFO - Processing file /home/airflow/.local/lib/python3.7/site-packages/airflow/example_dags/example_sensor_decorator.py for tasks to queue
[2023-04-19T09:01:33.027+0000] {logging_mixin.py:137} INFO - [2023-04-19T09:01:33.026+0000] {dagbag.py:532} INFO - Filling up the DagBag from /home/airflow/.local/lib/python3.7/site-packages/airflow/example_dags/example_sensor_decorator.py
[2023-04-19T09:01:33.073+0000] {processor.py:753} INFO - DAG(s) dict_keys(['example_sensor_decorator']) retrieved from /home/airflow/.local/lib/python3.7/site-packages/airflow/example_dags/example_sensor_decorator.py
[2023-04-19T09:01:33.115+0000] {logging_mixin.py:137} INFO - [2023-04-19T09:01:33.114+0000] {dag.py:2705} INFO - Sync 1 DAGs
[2023-04-19T09:01:33.155+0000] {logging_mixin.py:137} INFO - [2023-04-19T09:01:33.155+0000] {dag.py:3456} INFO - Setting next_dagrun for example_sensor_decorator to None, run_after=None
[2023-04-19T09:01:33.194+0000] {processor.py:175} INFO - Processing /home/airflow/.local/lib/python3.7/site-packages/airflow/example_dags/example_sensor_decorator.py took 0.191 seconds
[2023-04-19T09:02:03.452+0000] {processor.py:153} INFO - Started process (PID=477) to work on /home/airflow/.local/lib/python3.7/site-packages/airflow/example_dags/example_sensor_decorator.py
[2023-04-19T09:02:03.481+0000] {processor.py:743} INFO - Processing file /home/airflow/.local/lib/python3.7/site-packages/airflow/example_dags/example_sensor_decorator.py for tasks to queue
[2023-04-19T09:02:03.483+0000] {logging_mixin.py:137} INFO - [2023-04-19T09:02:03.483+0000] {dagbag.py:532} INFO - Filling up the DagBag from /home/airflow/.local/lib/python3.7/site-packages/airflow/example_dags/example_sensor_decorator.py
[2023-04-19T09:02:03.598+0000] {processor.py:753} INFO - DAG(s) dict_keys(['example_sensor_decorator']) retrieved from /home/airflow/.local/lib/python3.7/site-packages/airflow/example_dags/example_sensor_decorator.py
[2023-04-19T09:02:03.728+0000] {logging_mixin.py:137} INFO - [2023-04-19T09:02:03.728+0000] {dag.py:2705} INFO - Sync 1 DAGs
[2023-04-19T09:02:03.891+0000] {logging_mixin.py:137} INFO - [2023-04-19T09:02:03.891+0000] {dag.py:3456} INFO - Setting next_dagrun for example_sensor_decorator to None, run_after=None
[2023-04-19T09:02:03.993+0000] {processor.py:175} INFO - Processing /home/airflow/.local/lib/python3.7/site-packages/airflow/example_dags/example_sensor_decorator.py took 0.550 seconds
[2023-04-19T09:02:34.124+0000] {processor.py:153} INFO - Started process (PID=528) to work on /home/airflow/.local/lib/python3.7/site-packages/airflow/example_dags/example_sensor_decorator.py
[2023-04-19T09:02:34.128+0000] {processor.py:743} INFO - Processing file /home/airflow/.local/lib/python3.7/site-packages/airflow/example_dags/example_sensor_decorator.py for tasks to queue
[2023-04-19T09:02:34.140+0000] {logging_mixin.py:137} INFO - [2023-04-19T09:02:34.139+0000] {dagbag.py:532} INFO - Filling up the DagBag from /home/airflow/.local/lib/python3.7/site-packages/airflow/example_dags/example_sensor_decorator.py
[2023-04-19T09:02:34.180+0000] {processor.py:753} INFO - DAG(s) dict_keys(['example_sensor_decorator']) retrieved from /home/airflow/.local/lib/python3.7/site-packages/airflow/example_dags/example_sensor_decorator.py
[2023-04-19T09:02:34.252+0000] {logging_mixin.py:137} INFO - [2023-04-19T09:02:34.252+0000] {dag.py:2705} INFO - Sync 1 DAGs
[2023-04-19T09:02:34.320+0000] {logging_mixin.py:137} INFO - [2023-04-19T09:02:34.319+0000] {dag.py:3456} INFO - Setting next_dagrun for example_sensor_decorator to None, run_after=None
[2023-04-19T09:02:34.372+0000] {processor.py:175} INFO - Processing /home/airflow/.local/lib/python3.7/site-packages/airflow/example_dags/example_sensor_decorator.py took 0.254 seconds
[2023-04-19T09:03:04.645+0000] {processor.py:153} INFO - Started process (PID=583) to work on /home/airflow/.local/lib/python3.7/site-packages/airflow/example_dags/example_sensor_decorator.py
[2023-04-19T09:03:04.651+0000] {processor.py:743} INFO - Processing file /home/airflow/.local/lib/python3.7/site-packages/airflow/example_dags/example_sensor_decorator.py for tasks to queue
[2023-04-19T09:03:04.654+0000] {logging_mixin.py:137} INFO - [2023-04-19T09:03:04.654+0000] {dagbag.py:532} INFO - Filling up the DagBag from /home/airflow/.local/lib/python3.7/site-packages/airflow/example_dags/example_sensor_decorator.py
[2023-04-19T09:03:04.718+0000] {processor.py:753} INFO - DAG(s) dict_keys(['example_sensor_decorator']) retrieved from /home/airflow/.local/lib/python3.7/site-packages/airflow/example_dags/example_sensor_decorator.py
[2023-04-19T09:03:04.751+0000] {logging_mixin.py:137} INFO - [2023-04-19T09:03:04.751+0000] {dag.py:2705} INFO - Sync 1 DAGs
[2023-04-19T09:03:04.785+0000] {logging_mixin.py:137} INFO - [2023-04-19T09:03:04.784+0000] {dag.py:3456} INFO - Setting next_dagrun for example_sensor_decorator to None, run_after=None
[2023-04-19T09:03:04.815+0000] {processor.py:175} INFO - Processing /home/airflow/.local/lib/python3.7/site-packages/airflow/example_dags/example_sensor_decorator.py took 0.181 seconds
[2023-04-19T09:03:35.690+0000] {processor.py:153} INFO - Started process (PID=635) to work on /home/airflow/.local/lib/python3.7/site-packages/airflow/example_dags/example_sensor_decorator.py
[2023-04-19T09:03:35.692+0000] {processor.py:743} INFO - Processing file /home/airflow/.local/lib/python3.7/site-packages/airflow/example_dags/example_sensor_decorator.py for tasks to queue
[2023-04-19T09:03:35.694+0000] {logging_mixin.py:137} INFO - [2023-04-19T09:03:35.694+0000] {dagbag.py:532} INFO - Filling up the DagBag from /home/airflow/.local/lib/python3.7/site-packages/airflow/example_dags/example_sensor_decorator.py
[2023-04-19T09:03:35.725+0000] {processor.py:753} INFO - DAG(s) dict_keys(['example_sensor_decorator']) retrieved from /home/airflow/.local/lib/python3.7/site-packages/airflow/example_dags/example_sensor_decorator.py
[2023-04-19T09:03:35.770+0000] {logging_mixin.py:137} INFO - [2023-04-19T09:03:35.770+0000] {dag.py:2705} INFO - Sync 1 DAGs
[2023-04-19T09:03:35.816+0000] {logging_mixin.py:137} INFO - [2023-04-19T09:03:35.816+0000] {dag.py:3456} INFO - Setting next_dagrun for example_sensor_decorator to None, run_after=None
[2023-04-19T09:03:35.848+0000] {processor.py:175} INFO - Processing /home/airflow/.local/lib/python3.7/site-packages/airflow/example_dags/example_sensor_decorator.py took 0.163 seconds
[2023-04-19T09:04:05.977+0000] {processor.py:153} INFO - Started process (PID=686) to work on /home/airflow/.local/lib/python3.7/site-packages/airflow/example_dags/example_sensor_decorator.py
[2023-04-19T09:04:05.980+0000] {processor.py:743} INFO - Processing file /home/airflow/.local/lib/python3.7/site-packages/airflow/example_dags/example_sensor_decorator.py for tasks to queue
[2023-04-19T09:04:05.982+0000] {logging_mixin.py:137} INFO - [2023-04-19T09:04:05.982+0000] {dagbag.py:532} INFO - Filling up the DagBag from /home/airflow/.local/lib/python3.7/site-packages/airflow/example_dags/example_sensor_decorator.py
[2023-04-19T09:04:06.039+0000] {processor.py:753} INFO - DAG(s) dict_keys(['example_sensor_decorator']) retrieved from /home/airflow/.local/lib/python3.7/site-packages/airflow/example_dags/example_sensor_decorator.py
[2023-04-19T09:04:06.078+0000] {logging_mixin.py:137} INFO - [2023-04-19T09:04:06.078+0000] {dag.py:2705} INFO - Sync 1 DAGs
[2023-04-19T09:04:06.128+0000] {logging_mixin.py:137} INFO - [2023-04-19T09:04:06.127+0000] {dag.py:3456} INFO - Setting next_dagrun for example_sensor_decorator to None, run_after=None
[2023-04-19T09:04:06.157+0000] {processor.py:175} INFO - Processing /home/airflow/.local/lib/python3.7/site-packages/airflow/example_dags/example_sensor_decorator.py took 0.185 seconds
[2023-04-19T09:04:36.594+0000] {processor.py:153} INFO - Started process (PID=740) to work on /home/airflow/.local/lib/python3.7/site-packages/airflow/example_dags/example_sensor_decorator.py
[2023-04-19T09:04:36.596+0000] {processor.py:743} INFO - Processing file /home/airflow/.local/lib/python3.7/site-packages/airflow/example_dags/example_sensor_decorator.py for tasks to queue
[2023-04-19T09:04:36.599+0000] {logging_mixin.py:137} INFO - [2023-04-19T09:04:36.599+0000] {dagbag.py:532} INFO - Filling up the DagBag from /home/airflow/.local/lib/python3.7/site-packages/airflow/example_dags/example_sensor_decorator.py
[2023-04-19T09:04:36.639+0000] {processor.py:753} INFO - DAG(s) dict_keys(['example_sensor_decorator']) retrieved from /home/airflow/.local/lib/python3.7/site-packages/airflow/example_dags/example_sensor_decorator.py
[2023-04-19T09:04:36.676+0000] {logging_mixin.py:137} INFO - [2023-04-19T09:04:36.676+0000] {dag.py:2705} INFO - Sync 1 DAGs
[2023-04-19T09:04:36.729+0000] {logging_mixin.py:137} INFO - [2023-04-19T09:04:36.729+0000] {dag.py:3456} INFO - Setting next_dagrun for example_sensor_decorator to None, run_after=None
[2023-04-19T09:04:36.768+0000] {processor.py:175} INFO - Processing /home/airflow/.local/lib/python3.7/site-packages/airflow/example_dags/example_sensor_decorator.py took 0.186 seconds
[2023-04-19T09:05:06.924+0000] {processor.py:153} INFO - Started process (PID=791) to work on /home/airflow/.local/lib/python3.7/site-packages/airflow/example_dags/example_sensor_decorator.py
[2023-04-19T09:05:06.927+0000] {processor.py:743} INFO - Processing file /home/airflow/.local/lib/python3.7/site-packages/airflow/example_dags/example_sensor_decorator.py for tasks to queue
[2023-04-19T09:05:06.930+0000] {logging_mixin.py:137} INFO - [2023-04-19T09:05:06.929+0000] {dagbag.py:532} INFO - Filling up the DagBag from /home/airflow/.local/lib/python3.7/site-packages/airflow/example_dags/example_sensor_decorator.py
[2023-04-19T09:05:06.973+0000] {processor.py:753} INFO - DAG(s) dict_keys(['example_sensor_decorator']) retrieved from /home/airflow/.local/lib/python3.7/site-packages/airflow/example_dags/example_sensor_decorator.py
[2023-04-19T09:05:07.012+0000] {logging_mixin.py:137} INFO - [2023-04-19T09:05:07.011+0000] {dag.py:2705} INFO - Sync 1 DAGs
[2023-04-19T09:05:07.072+0000] {logging_mixin.py:137} INFO - [2023-04-19T09:05:07.071+0000] {dag.py:3456} INFO - Setting next_dagrun for example_sensor_decorator to None, run_after=None
[2023-04-19T09:05:07.106+0000] {processor.py:175} INFO - Processing /home/airflow/.local/lib/python3.7/site-packages/airflow/example_dags/example_sensor_decorator.py took 0.195 seconds
[2023-04-19T09:05:37.358+0000] {processor.py:153} INFO - Started process (PID=843) to work on /home/airflow/.local/lib/python3.7/site-packages/airflow/example_dags/example_sensor_decorator.py
[2023-04-19T09:05:37.360+0000] {processor.py:743} INFO - Processing file /home/airflow/.local/lib/python3.7/site-packages/airflow/example_dags/example_sensor_decorator.py for tasks to queue
[2023-04-19T09:05:37.362+0000] {logging_mixin.py:137} INFO - [2023-04-19T09:05:37.362+0000] {dagbag.py:532} INFO - Filling up the DagBag from /home/airflow/.local/lib/python3.7/site-packages/airflow/example_dags/example_sensor_decorator.py
[2023-04-19T09:05:37.424+0000] {processor.py:753} INFO - DAG(s) dict_keys(['example_sensor_decorator']) retrieved from /home/airflow/.local/lib/python3.7/site-packages/airflow/example_dags/example_sensor_decorator.py
[2023-04-19T09:05:37.466+0000] {logging_mixin.py:137} INFO - [2023-04-19T09:05:37.466+0000] {dag.py:2705} INFO - Sync 1 DAGs
[2023-04-19T09:05:37.506+0000] {logging_mixin.py:137} INFO - [2023-04-19T09:05:37.506+0000] {dag.py:3456} INFO - Setting next_dagrun for example_sensor_decorator to None, run_after=None
[2023-04-19T09:05:37.545+0000] {processor.py:175} INFO - Processing /home/airflow/.local/lib/python3.7/site-packages/airflow/example_dags/example_sensor_decorator.py took 0.194 seconds
[2023-04-19T09:06:07.681+0000] {processor.py:153} INFO - Started process (PID=895) to work on /home/airflow/.local/lib/python3.7/site-packages/airflow/example_dags/example_sensor_decorator.py
[2023-04-19T09:06:07.683+0000] {processor.py:743} INFO - Processing file /home/airflow/.local/lib/python3.7/site-packages/airflow/example_dags/example_sensor_decorator.py for tasks to queue
[2023-04-19T09:06:07.685+0000] {logging_mixin.py:137} INFO - [2023-04-19T09:06:07.685+0000] {dagbag.py:532} INFO - Filling up the DagBag from /home/airflow/.local/lib/python3.7/site-packages/airflow/example_dags/example_sensor_decorator.py
[2023-04-19T09:06:07.728+0000] {processor.py:753} INFO - DAG(s) dict_keys(['example_sensor_decorator']) retrieved from /home/airflow/.local/lib/python3.7/site-packages/airflow/example_dags/example_sensor_decorator.py
[2023-04-19T09:06:07.798+0000] {logging_mixin.py:137} INFO - [2023-04-19T09:06:07.798+0000] {dag.py:2705} INFO - Sync 1 DAGs
[2023-04-19T09:06:07.844+0000] {logging_mixin.py:137} INFO - [2023-04-19T09:06:07.843+0000] {dag.py:3456} INFO - Setting next_dagrun for example_sensor_decorator to None, run_after=None
[2023-04-19T09:06:07.872+0000] {processor.py:175} INFO - Processing /home/airflow/.local/lib/python3.7/site-packages/airflow/example_dags/example_sensor_decorator.py took 0.196 seconds
[2023-04-19T09:06:38.207+0000] {processor.py:153} INFO - Started process (PID=947) to work on /home/airflow/.local/lib/python3.7/site-packages/airflow/example_dags/example_sensor_decorator.py
[2023-04-19T09:06:38.211+0000] {processor.py:743} INFO - Processing file /home/airflow/.local/lib/python3.7/site-packages/airflow/example_dags/example_sensor_decorator.py for tasks to queue
[2023-04-19T09:06:38.214+0000] {logging_mixin.py:137} INFO - [2023-04-19T09:06:38.214+0000] {dagbag.py:532} INFO - Filling up the DagBag from /home/airflow/.local/lib/python3.7/site-packages/airflow/example_dags/example_sensor_decorator.py
[2023-04-19T09:06:38.286+0000] {processor.py:753} INFO - DAG(s) dict_keys(['example_sensor_decorator']) retrieved from /home/airflow/.local/lib/python3.7/site-packages/airflow/example_dags/example_sensor_decorator.py
[2023-04-19T09:06:38.331+0000] {logging_mixin.py:137} INFO - [2023-04-19T09:06:38.330+0000] {dag.py:2705} INFO - Sync 1 DAGs
[2023-04-19T09:06:38.386+0000] {logging_mixin.py:137} INFO - [2023-04-19T09:06:38.386+0000] {dag.py:3456} INFO - Setting next_dagrun for example_sensor_decorator to None, run_after=None
[2023-04-19T09:06:38.421+0000] {processor.py:175} INFO - Processing /home/airflow/.local/lib/python3.7/site-packages/airflow/example_dags/example_sensor_decorator.py took 0.226 seconds
[2023-04-19T09:07:08.571+0000] {processor.py:153} INFO - Started process (PID=999) to work on /home/airflow/.local/lib/python3.7/site-packages/airflow/example_dags/example_sensor_decorator.py
[2023-04-19T09:07:08.574+0000] {processor.py:743} INFO - Processing file /home/airflow/.local/lib/python3.7/site-packages/airflow/example_dags/example_sensor_decorator.py for tasks to queue
[2023-04-19T09:07:08.576+0000] {logging_mixin.py:137} INFO - [2023-04-19T09:07:08.576+0000] {dagbag.py:532} INFO - Filling up the DagBag from /home/airflow/.local/lib/python3.7/site-packages/airflow/example_dags/example_sensor_decorator.py
[2023-04-19T09:07:08.610+0000] {processor.py:753} INFO - DAG(s) dict_keys(['example_sensor_decorator']) retrieved from /home/airflow/.local/lib/python3.7/site-packages/airflow/example_dags/example_sensor_decorator.py
[2023-04-19T09:07:08.646+0000] {logging_mixin.py:137} INFO - [2023-04-19T09:07:08.646+0000] {dag.py:2705} INFO - Sync 1 DAGs
[2023-04-19T09:07:08.687+0000] {logging_mixin.py:137} INFO - [2023-04-19T09:07:08.687+0000] {dag.py:3456} INFO - Setting next_dagrun for example_sensor_decorator to None, run_after=None
[2023-04-19T09:07:08.715+0000] {processor.py:175} INFO - Processing /home/airflow/.local/lib/python3.7/site-packages/airflow/example_dags/example_sensor_decorator.py took 0.156 seconds
[2023-04-19T09:07:39.445+0000] {processor.py:153} INFO - Started process (PID=1051) to work on /home/airflow/.local/lib/python3.7/site-packages/airflow/example_dags/example_sensor_decorator.py
[2023-04-19T09:07:39.450+0000] {processor.py:743} INFO - Processing file /home/airflow/.local/lib/python3.7/site-packages/airflow/example_dags/example_sensor_decorator.py for tasks to queue
[2023-04-19T09:07:39.456+0000] {logging_mixin.py:137} INFO - [2023-04-19T09:07:39.455+0000] {dagbag.py:532} INFO - Filling up the DagBag from /home/airflow/.local/lib/python3.7/site-packages/airflow/example_dags/example_sensor_decorator.py
[2023-04-19T09:07:39.524+0000] {processor.py:753} INFO - DAG(s) dict_keys(['example_sensor_decorator']) retrieved from /home/airflow/.local/lib/python3.7/site-packages/airflow/example_dags/example_sensor_decorator.py
[2023-04-19T09:07:39.578+0000] {logging_mixin.py:137} INFO - [2023-04-19T09:07:39.578+0000] {dag.py:2705} INFO - Sync 1 DAGs
[2023-04-19T09:07:39.630+0000] {logging_mixin.py:137} INFO - [2023-04-19T09:07:39.629+0000] {dag.py:3456} INFO - Setting next_dagrun for example_sensor_decorator to None, run_after=None
[2023-04-19T09:07:39.671+0000] {processor.py:175} INFO - Processing /home/airflow/.local/lib/python3.7/site-packages/airflow/example_dags/example_sensor_decorator.py took 0.238 seconds
[2023-04-19T09:08:12.487+0000] {processor.py:153} INFO - Started process (PID=1103) to work on /home/airflow/.local/lib/python3.7/site-packages/airflow/example_dags/example_sensor_decorator.py
[2023-04-19T09:08:12.490+0000] {processor.py:743} INFO - Processing file /home/airflow/.local/lib/python3.7/site-packages/airflow/example_dags/example_sensor_decorator.py for tasks to queue
[2023-04-19T09:08:12.495+0000] {logging_mixin.py:137} INFO - [2023-04-19T09:08:12.494+0000] {dagbag.py:532} INFO - Filling up the DagBag from /home/airflow/.local/lib/python3.7/site-packages/airflow/example_dags/example_sensor_decorator.py
[2023-04-19T09:08:12.626+0000] {processor.py:753} INFO - DAG(s) dict_keys(['example_sensor_decorator']) retrieved from /home/airflow/.local/lib/python3.7/site-packages/airflow/example_dags/example_sensor_decorator.py
[2023-04-19T09:08:12.692+0000] {logging_mixin.py:137} INFO - [2023-04-19T09:08:12.691+0000] {dag.py:2705} INFO - Sync 1 DAGs
[2023-04-19T09:08:12.737+0000] {logging_mixin.py:137} INFO - [2023-04-19T09:08:12.737+0000] {dag.py:3456} INFO - Setting next_dagrun for example_sensor_decorator to None, run_after=None
[2023-04-19T09:08:12.769+0000] {processor.py:175} INFO - Processing /home/airflow/.local/lib/python3.7/site-packages/airflow/example_dags/example_sensor_decorator.py took 0.293 seconds
[2023-04-19T09:09:29.030+0000] {processor.py:153} INFO - Started process (PID=1145) to work on /home/airflow/.local/lib/python3.7/site-packages/airflow/example_dags/example_sensor_decorator.py
[2023-04-19T09:09:29.038+0000] {processor.py:743} INFO - Processing file /home/airflow/.local/lib/python3.7/site-packages/airflow/example_dags/example_sensor_decorator.py for tasks to queue
[2023-04-19T09:09:29.044+0000] {logging_mixin.py:137} INFO - [2023-04-19T09:09:29.043+0000] {dagbag.py:532} INFO - Filling up the DagBag from /home/airflow/.local/lib/python3.7/site-packages/airflow/example_dags/example_sensor_decorator.py
[2023-04-19T09:09:29.140+0000] {processor.py:753} INFO - DAG(s) dict_keys(['example_sensor_decorator']) retrieved from /home/airflow/.local/lib/python3.7/site-packages/airflow/example_dags/example_sensor_decorator.py
[2023-04-19T09:09:29.235+0000] {logging_mixin.py:137} INFO - [2023-04-19T09:09:29.234+0000] {dag.py:2705} INFO - Sync 1 DAGs
[2023-04-19T09:09:29.412+0000] {logging_mixin.py:137} INFO - [2023-04-19T09:09:29.412+0000] {dag.py:3456} INFO - Setting next_dagrun for example_sensor_decorator to None, run_after=None
[2023-04-19T09:09:29.511+0000] {processor.py:175} INFO - Processing /home/airflow/.local/lib/python3.7/site-packages/airflow/example_dags/example_sensor_decorator.py took 0.499 seconds
[2023-04-19T09:09:59.929+0000] {processor.py:153} INFO - Started process (PID=1198) to work on /home/airflow/.local/lib/python3.7/site-packages/airflow/example_dags/example_sensor_decorator.py
[2023-04-19T09:09:59.931+0000] {processor.py:743} INFO - Processing file /home/airflow/.local/lib/python3.7/site-packages/airflow/example_dags/example_sensor_decorator.py for tasks to queue
[2023-04-19T09:09:59.933+0000] {logging_mixin.py:137} INFO - [2023-04-19T09:09:59.933+0000] {dagbag.py:532} INFO - Filling up the DagBag from /home/airflow/.local/lib/python3.7/site-packages/airflow/example_dags/example_sensor_decorator.py
[2023-04-19T09:09:59.970+0000] {processor.py:753} INFO - DAG(s) dict_keys(['example_sensor_decorator']) retrieved from /home/airflow/.local/lib/python3.7/site-packages/airflow/example_dags/example_sensor_decorator.py
[2023-04-19T09:10:00.006+0000] {logging_mixin.py:137} INFO - [2023-04-19T09:10:00.005+0000] {dag.py:2705} INFO - Sync 1 DAGs
[2023-04-19T09:10:00.046+0000] {logging_mixin.py:137} INFO - [2023-04-19T09:10:00.046+0000] {dag.py:3456} INFO - Setting next_dagrun for example_sensor_decorator to None, run_after=None
[2023-04-19T09:10:00.072+0000] {processor.py:175} INFO - Processing /home/airflow/.local/lib/python3.7/site-packages/airflow/example_dags/example_sensor_decorator.py took 0.147 seconds
[2023-04-19T09:10:30.182+0000] {processor.py:153} INFO - Started process (PID=1252) to work on /home/airflow/.local/lib/python3.7/site-packages/airflow/example_dags/example_sensor_decorator.py
[2023-04-19T09:10:30.185+0000] {processor.py:743} INFO - Processing file /home/airflow/.local/lib/python3.7/site-packages/airflow/example_dags/example_sensor_decorator.py for tasks to queue
[2023-04-19T09:10:30.190+0000] {logging_mixin.py:137} INFO - [2023-04-19T09:10:30.187+0000] {dagbag.py:532} INFO - Filling up the DagBag from /home/airflow/.local/lib/python3.7/site-packages/airflow/example_dags/example_sensor_decorator.py
[2023-04-19T09:10:30.242+0000] {processor.py:753} INFO - DAG(s) dict_keys(['example_sensor_decorator']) retrieved from /home/airflow/.local/lib/python3.7/site-packages/airflow/example_dags/example_sensor_decorator.py
[2023-04-19T09:10:30.290+0000] {logging_mixin.py:137} INFO - [2023-04-19T09:10:30.290+0000] {dag.py:2705} INFO - Sync 1 DAGs
[2023-04-19T09:10:30.339+0000] {logging_mixin.py:137} INFO - [2023-04-19T09:10:30.339+0000] {dag.py:3456} INFO - Setting next_dagrun for example_sensor_decorator to None, run_after=None
[2023-04-19T09:10:30.381+0000] {processor.py:175} INFO - Processing /home/airflow/.local/lib/python3.7/site-packages/airflow/example_dags/example_sensor_decorator.py took 0.208 seconds
[2023-04-19T09:11:00.544+0000] {processor.py:153} INFO - Started process (PID=1304) to work on /home/airflow/.local/lib/python3.7/site-packages/airflow/example_dags/example_sensor_decorator.py
[2023-04-19T09:11:00.546+0000] {processor.py:743} INFO - Processing file /home/airflow/.local/lib/python3.7/site-packages/airflow/example_dags/example_sensor_decorator.py for tasks to queue
[2023-04-19T09:11:00.547+0000] {logging_mixin.py:137} INFO - [2023-04-19T09:11:00.547+0000] {dagbag.py:532} INFO - Filling up the DagBag from /home/airflow/.local/lib/python3.7/site-packages/airflow/example_dags/example_sensor_decorator.py
[2023-04-19T09:11:00.592+0000] {processor.py:753} INFO - DAG(s) dict_keys(['example_sensor_decorator']) retrieved from /home/airflow/.local/lib/python3.7/site-packages/airflow/example_dags/example_sensor_decorator.py
[2023-04-19T09:11:00.637+0000] {logging_mixin.py:137} INFO - [2023-04-19T09:11:00.637+0000] {dag.py:2705} INFO - Sync 1 DAGs
[2023-04-19T09:11:00.680+0000] {logging_mixin.py:137} INFO - [2023-04-19T09:11:00.680+0000] {dag.py:3456} INFO - Setting next_dagrun for example_sensor_decorator to None, run_after=None
[2023-04-19T09:11:00.723+0000] {processor.py:175} INFO - Processing /home/airflow/.local/lib/python3.7/site-packages/airflow/example_dags/example_sensor_decorator.py took 0.201 seconds
[2023-04-19T09:11:31.586+0000] {processor.py:153} INFO - Started process (PID=1354) to work on /home/airflow/.local/lib/python3.7/site-packages/airflow/example_dags/example_sensor_decorator.py
[2023-04-19T09:11:31.589+0000] {processor.py:743} INFO - Processing file /home/airflow/.local/lib/python3.7/site-packages/airflow/example_dags/example_sensor_decorator.py for tasks to queue
[2023-04-19T09:11:31.598+0000] {logging_mixin.py:137} INFO - [2023-04-19T09:11:31.597+0000] {dagbag.py:532} INFO - Filling up the DagBag from /home/airflow/.local/lib/python3.7/site-packages/airflow/example_dags/example_sensor_decorator.py
[2023-04-19T09:11:31.743+0000] {processor.py:753} INFO - DAG(s) dict_keys(['example_sensor_decorator']) retrieved from /home/airflow/.local/lib/python3.7/site-packages/airflow/example_dags/example_sensor_decorator.py
[2023-04-19T09:11:31.794+0000] {logging_mixin.py:137} INFO - [2023-04-19T09:11:31.793+0000] {dag.py:2705} INFO - Sync 1 DAGs
[2023-04-19T09:11:31.899+0000] {logging_mixin.py:137} INFO - [2023-04-19T09:11:31.899+0000] {dag.py:3456} INFO - Setting next_dagrun for example_sensor_decorator to None, run_after=None
[2023-04-19T09:11:31.975+0000] {processor.py:175} INFO - Processing /home/airflow/.local/lib/python3.7/site-packages/airflow/example_dags/example_sensor_decorator.py took 0.412 seconds
[2023-04-19T09:12:02.850+0000] {processor.py:153} INFO - Started process (PID=1405) to work on /home/airflow/.local/lib/python3.7/site-packages/airflow/example_dags/example_sensor_decorator.py
[2023-04-19T09:12:02.852+0000] {processor.py:743} INFO - Processing file /home/airflow/.local/lib/python3.7/site-packages/airflow/example_dags/example_sensor_decorator.py for tasks to queue
[2023-04-19T09:12:02.854+0000] {logging_mixin.py:137} INFO - [2023-04-19T09:12:02.853+0000] {dagbag.py:532} INFO - Filling up the DagBag from /home/airflow/.local/lib/python3.7/site-packages/airflow/example_dags/example_sensor_decorator.py
[2023-04-19T09:12:02.883+0000] {processor.py:753} INFO - DAG(s) dict_keys(['example_sensor_decorator']) retrieved from /home/airflow/.local/lib/python3.7/site-packages/airflow/example_dags/example_sensor_decorator.py
[2023-04-19T09:12:02.926+0000] {logging_mixin.py:137} INFO - [2023-04-19T09:12:02.926+0000] {dag.py:2705} INFO - Sync 1 DAGs
[2023-04-19T09:12:02.959+0000] {logging_mixin.py:137} INFO - [2023-04-19T09:12:02.959+0000] {dag.py:3456} INFO - Setting next_dagrun for example_sensor_decorator to None, run_after=None
[2023-04-19T09:12:02.986+0000] {processor.py:175} INFO - Processing /home/airflow/.local/lib/python3.7/site-packages/airflow/example_dags/example_sensor_decorator.py took 0.144 seconds
[2023-04-19T09:29:39.856+0000] {processor.py:153} INFO - Started process (PID=1456) to work on /home/airflow/.local/lib/python3.7/site-packages/airflow/example_dags/example_sensor_decorator.py
[2023-04-19T09:29:40.023+0000] {processor.py:743} INFO - Processing file /home/airflow/.local/lib/python3.7/site-packages/airflow/example_dags/example_sensor_decorator.py for tasks to queue
[2023-04-19T09:29:40.200+0000] {logging_mixin.py:137} INFO - [2023-04-19T09:29:40.186+0000] {dagbag.py:532} INFO - Filling up the DagBag from /home/airflow/.local/lib/python3.7/site-packages/airflow/example_dags/example_sensor_decorator.py
[2023-04-19T09:29:41.111+0000] {processor.py:753} INFO - DAG(s) dict_keys(['example_sensor_decorator']) retrieved from /home/airflow/.local/lib/python3.7/site-packages/airflow/example_dags/example_sensor_decorator.py
[2023-04-19T09:29:41.539+0000] {logging_mixin.py:137} INFO - [2023-04-19T09:29:41.538+0000] {dag.py:2705} INFO - Sync 1 DAGs
[2023-04-19T09:29:44.360+0000] {logging_mixin.py:137} INFO - [2023-04-19T09:29:44.359+0000] {dag.py:3456} INFO - Setting next_dagrun for example_sensor_decorator to None, run_after=None
[2023-04-19T09:29:44.643+0000] {processor.py:175} INFO - Processing /home/airflow/.local/lib/python3.7/site-packages/airflow/example_dags/example_sensor_decorator.py took 5.166 seconds
[2023-04-19T10:01:05.857+0000] {processor.py:153} INFO - Started process (PID=1513) to work on /home/airflow/.local/lib/python3.7/site-packages/airflow/example_dags/example_sensor_decorator.py
[2023-04-19T10:01:05.867+0000] {processor.py:743} INFO - Processing file /home/airflow/.local/lib/python3.7/site-packages/airflow/example_dags/example_sensor_decorator.py for tasks to queue
[2023-04-19T10:01:05.872+0000] {logging_mixin.py:137} INFO - [2023-04-19T10:01:05.871+0000] {dagbag.py:532} INFO - Filling up the DagBag from /home/airflow/.local/lib/python3.7/site-packages/airflow/example_dags/example_sensor_decorator.py
[2023-04-19T10:01:05.932+0000] {processor.py:753} INFO - DAG(s) dict_keys(['example_sensor_decorator']) retrieved from /home/airflow/.local/lib/python3.7/site-packages/airflow/example_dags/example_sensor_decorator.py
[2023-04-19T10:01:06.005+0000] {logging_mixin.py:137} INFO - [2023-04-19T10:01:06.005+0000] {dag.py:2705} INFO - Sync 1 DAGs
[2023-04-19T10:01:06.093+0000] {logging_mixin.py:137} INFO - [2023-04-19T10:01:06.093+0000] {dag.py:3456} INFO - Setting next_dagrun for example_sensor_decorator to None, run_after=None
[2023-04-19T10:01:06.130+0000] {processor.py:175} INFO - Processing /home/airflow/.local/lib/python3.7/site-packages/airflow/example_dags/example_sensor_decorator.py took 0.278 seconds
[2023-04-19T10:16:59.762+0000] {processor.py:153} INFO - Started process (PID=1565) to work on /home/airflow/.local/lib/python3.7/site-packages/airflow/example_dags/example_sensor_decorator.py
[2023-04-19T10:16:59.766+0000] {processor.py:743} INFO - Processing file /home/airflow/.local/lib/python3.7/site-packages/airflow/example_dags/example_sensor_decorator.py for tasks to queue
[2023-04-19T10:16:59.769+0000] {logging_mixin.py:137} INFO - [2023-04-19T10:16:59.768+0000] {dagbag.py:532} INFO - Filling up the DagBag from /home/airflow/.local/lib/python3.7/site-packages/airflow/example_dags/example_sensor_decorator.py
[2023-04-19T10:16:59.808+0000] {processor.py:753} INFO - DAG(s) dict_keys(['example_sensor_decorator']) retrieved from /home/airflow/.local/lib/python3.7/site-packages/airflow/example_dags/example_sensor_decorator.py
[2023-04-19T10:16:59.850+0000] {logging_mixin.py:137} INFO - [2023-04-19T10:16:59.850+0000] {dag.py:2705} INFO - Sync 1 DAGs
[2023-04-19T10:16:59.896+0000] {logging_mixin.py:137} INFO - [2023-04-19T10:16:59.896+0000] {dag.py:3456} INFO - Setting next_dagrun for example_sensor_decorator to None, run_after=None
[2023-04-19T10:16:59.924+0000] {processor.py:175} INFO - Processing /home/airflow/.local/lib/python3.7/site-packages/airflow/example_dags/example_sensor_decorator.py took 0.176 seconds
[2023-04-19T12:32:42.529+0000] {processor.py:153} INFO - Started process (PID=1609) to work on /home/airflow/.local/lib/python3.7/site-packages/airflow/example_dags/example_sensor_decorator.py
[2023-04-19T12:32:42.530+0000] {processor.py:743} INFO - Processing file /home/airflow/.local/lib/python3.7/site-packages/airflow/example_dags/example_sensor_decorator.py for tasks to queue
[2023-04-19T12:32:42.533+0000] {logging_mixin.py:137} INFO - [2023-04-19T12:32:42.532+0000] {dagbag.py:532} INFO - Filling up the DagBag from /home/airflow/.local/lib/python3.7/site-packages/airflow/example_dags/example_sensor_decorator.py
[2023-04-19T12:32:42.563+0000] {processor.py:753} INFO - DAG(s) dict_keys(['example_sensor_decorator']) retrieved from /home/airflow/.local/lib/python3.7/site-packages/airflow/example_dags/example_sensor_decorator.py
[2023-04-19T12:32:42.610+0000] {logging_mixin.py:137} INFO - [2023-04-19T12:32:42.610+0000] {dag.py:2705} INFO - Sync 1 DAGs
[2023-04-19T12:32:42.668+0000] {logging_mixin.py:137} INFO - [2023-04-19T12:32:42.668+0000] {dag.py:3456} INFO - Setting next_dagrun for example_sensor_decorator to None, run_after=None
[2023-04-19T12:32:42.715+0000] {processor.py:175} INFO - Processing /home/airflow/.local/lib/python3.7/site-packages/airflow/example_dags/example_sensor_decorator.py took 0.191 seconds
[2023-04-19T12:33:15.995+0000] {processor.py:153} INFO - Started process (PID=1661) to work on /home/airflow/.local/lib/python3.7/site-packages/airflow/example_dags/example_sensor_decorator.py
[2023-04-19T12:33:15.997+0000] {processor.py:743} INFO - Processing file /home/airflow/.local/lib/python3.7/site-packages/airflow/example_dags/example_sensor_decorator.py for tasks to queue
[2023-04-19T12:33:16.000+0000] {logging_mixin.py:137} INFO - [2023-04-19T12:33:15.999+0000] {dagbag.py:532} INFO - Filling up the DagBag from /home/airflow/.local/lib/python3.7/site-packages/airflow/example_dags/example_sensor_decorator.py
[2023-04-19T12:33:16.046+0000] {processor.py:753} INFO - DAG(s) dict_keys(['example_sensor_decorator']) retrieved from /home/airflow/.local/lib/python3.7/site-packages/airflow/example_dags/example_sensor_decorator.py
[2023-04-19T12:33:16.113+0000] {logging_mixin.py:137} INFO - [2023-04-19T12:33:16.113+0000] {dag.py:2705} INFO - Sync 1 DAGs
[2023-04-19T12:33:16.178+0000] {logging_mixin.py:137} INFO - [2023-04-19T12:33:16.178+0000] {dag.py:3456} INFO - Setting next_dagrun for example_sensor_decorator to None, run_after=None
[2023-04-19T12:33:16.205+0000] {processor.py:175} INFO - Processing /home/airflow/.local/lib/python3.7/site-packages/airflow/example_dags/example_sensor_decorator.py took 0.222 seconds
[2023-04-19T13:31:52.614+0000] {processor.py:153} INFO - Started process (PID=1721) to work on /home/airflow/.local/lib/python3.7/site-packages/airflow/example_dags/example_sensor_decorator.py
[2023-04-19T13:31:52.617+0000] {processor.py:743} INFO - Processing file /home/airflow/.local/lib/python3.7/site-packages/airflow/example_dags/example_sensor_decorator.py for tasks to queue
[2023-04-19T13:31:52.627+0000] {logging_mixin.py:137} INFO - [2023-04-19T13:31:52.627+0000] {dagbag.py:532} INFO - Filling up the DagBag from /home/airflow/.local/lib/python3.7/site-packages/airflow/example_dags/example_sensor_decorator.py
[2023-04-19T13:31:52.757+0000] {processor.py:753} INFO - DAG(s) dict_keys(['example_sensor_decorator']) retrieved from /home/airflow/.local/lib/python3.7/site-packages/airflow/example_dags/example_sensor_decorator.py
[2023-04-19T13:31:52.875+0000] {logging_mixin.py:137} INFO - [2023-04-19T13:31:52.874+0000] {dag.py:2705} INFO - Sync 1 DAGs
[2023-04-19T13:31:52.963+0000] {logging_mixin.py:137} INFO - [2023-04-19T13:31:52.963+0000] {dag.py:3456} INFO - Setting next_dagrun for example_sensor_decorator to None, run_after=None
[2023-04-19T13:31:53.133+0000] {processor.py:175} INFO - Processing /home/airflow/.local/lib/python3.7/site-packages/airflow/example_dags/example_sensor_decorator.py took 0.533 seconds
[2023-04-19T14:25:38.450+0000] {processor.py:153} INFO - Started process (PID=1765) to work on /home/airflow/.local/lib/python3.7/site-packages/airflow/example_dags/example_sensor_decorator.py
[2023-04-19T14:25:38.452+0000] {processor.py:743} INFO - Processing file /home/airflow/.local/lib/python3.7/site-packages/airflow/example_dags/example_sensor_decorator.py for tasks to queue
[2023-04-19T14:25:38.454+0000] {logging_mixin.py:137} INFO - [2023-04-19T14:25:38.454+0000] {dagbag.py:532} INFO - Filling up the DagBag from /home/airflow/.local/lib/python3.7/site-packages/airflow/example_dags/example_sensor_decorator.py
[2023-04-19T14:25:38.540+0000] {processor.py:753} INFO - DAG(s) dict_keys(['example_sensor_decorator']) retrieved from /home/airflow/.local/lib/python3.7/site-packages/airflow/example_dags/example_sensor_decorator.py
[2023-04-19T14:25:38.619+0000] {logging_mixin.py:137} INFO - [2023-04-19T14:25:38.618+0000] {dag.py:2705} INFO - Sync 1 DAGs
[2023-04-19T14:25:38.699+0000] {logging_mixin.py:137} INFO - [2023-04-19T14:25:38.698+0000] {dag.py:3456} INFO - Setting next_dagrun for example_sensor_decorator to None, run_after=None
[2023-04-19T14:25:38.757+0000] {processor.py:175} INFO - Processing /home/airflow/.local/lib/python3.7/site-packages/airflow/example_dags/example_sensor_decorator.py took 0.326 seconds
[2023-04-19T15:20:03.380+0000] {processor.py:153} INFO - Started process (PID=1817) to work on /home/airflow/.local/lib/python3.7/site-packages/airflow/example_dags/example_sensor_decorator.py
[2023-04-19T15:20:03.382+0000] {processor.py:743} INFO - Processing file /home/airflow/.local/lib/python3.7/site-packages/airflow/example_dags/example_sensor_decorator.py for tasks to queue
[2023-04-19T15:20:03.385+0000] {logging_mixin.py:137} INFO - [2023-04-19T15:20:03.384+0000] {dagbag.py:532} INFO - Filling up the DagBag from /home/airflow/.local/lib/python3.7/site-packages/airflow/example_dags/example_sensor_decorator.py
[2023-04-19T15:20:03.421+0000] {processor.py:753} INFO - DAG(s) dict_keys(['example_sensor_decorator']) retrieved from /home/airflow/.local/lib/python3.7/site-packages/airflow/example_dags/example_sensor_decorator.py
[2023-04-19T15:20:03.469+0000] {logging_mixin.py:137} INFO - [2023-04-19T15:20:03.467+0000] {dag.py:2705} INFO - Sync 1 DAGs
[2023-04-19T15:20:03.515+0000] {logging_mixin.py:137} INFO - [2023-04-19T15:20:03.515+0000] {dag.py:3456} INFO - Setting next_dagrun for example_sensor_decorator to None, run_after=None
[2023-04-19T15:20:03.547+0000] {processor.py:175} INFO - Processing /home/airflow/.local/lib/python3.7/site-packages/airflow/example_dags/example_sensor_decorator.py took 0.176 seconds
[2023-04-19T17:07:22.464+0000] {processor.py:153} INFO - Started process (PID=1868) to work on /home/airflow/.local/lib/python3.7/site-packages/airflow/example_dags/example_sensor_decorator.py
[2023-04-19T17:07:22.466+0000] {processor.py:743} INFO - Processing file /home/airflow/.local/lib/python3.7/site-packages/airflow/example_dags/example_sensor_decorator.py for tasks to queue
[2023-04-19T17:07:22.469+0000] {logging_mixin.py:137} INFO - [2023-04-19T17:07:22.469+0000] {dagbag.py:532} INFO - Filling up the DagBag from /home/airflow/.local/lib/python3.7/site-packages/airflow/example_dags/example_sensor_decorator.py
[2023-04-19T17:07:22.502+0000] {processor.py:753} INFO - DAG(s) dict_keys(['example_sensor_decorator']) retrieved from /home/airflow/.local/lib/python3.7/site-packages/airflow/example_dags/example_sensor_decorator.py
[2023-04-19T17:07:22.536+0000] {logging_mixin.py:137} INFO - [2023-04-19T17:07:22.536+0000] {dag.py:2705} INFO - Sync 1 DAGs
[2023-04-19T17:07:22.578+0000] {logging_mixin.py:137} INFO - [2023-04-19T17:07:22.578+0000] {dag.py:3456} INFO - Setting next_dagrun for example_sensor_decorator to None, run_after=None
[2023-04-19T17:07:22.609+0000] {processor.py:175} INFO - Processing /home/airflow/.local/lib/python3.7/site-packages/airflow/example_dags/example_sensor_decorator.py took 0.155 seconds
[2023-04-19T17:37:53.683+0000] {processor.py:153} INFO - Started process (PID=1919) to work on /home/airflow/.local/lib/python3.7/site-packages/airflow/example_dags/example_sensor_decorator.py
[2023-04-19T17:37:53.684+0000] {processor.py:743} INFO - Processing file /home/airflow/.local/lib/python3.7/site-packages/airflow/example_dags/example_sensor_decorator.py for tasks to queue
[2023-04-19T17:37:53.686+0000] {logging_mixin.py:137} INFO - [2023-04-19T17:37:53.686+0000] {dagbag.py:532} INFO - Filling up the DagBag from /home/airflow/.local/lib/python3.7/site-packages/airflow/example_dags/example_sensor_decorator.py
[2023-04-19T17:37:53.714+0000] {processor.py:753} INFO - DAG(s) dict_keys(['example_sensor_decorator']) retrieved from /home/airflow/.local/lib/python3.7/site-packages/airflow/example_dags/example_sensor_decorator.py
[2023-04-19T17:37:53.748+0000] {logging_mixin.py:137} INFO - [2023-04-19T17:37:53.748+0000] {dag.py:2705} INFO - Sync 1 DAGs
[2023-04-19T17:37:53.784+0000] {logging_mixin.py:137} INFO - [2023-04-19T17:37:53.783+0000] {dag.py:3456} INFO - Setting next_dagrun for example_sensor_decorator to None, run_after=None
[2023-04-19T17:37:53.813+0000] {processor.py:175} INFO - Processing /home/airflow/.local/lib/python3.7/site-packages/airflow/example_dags/example_sensor_decorator.py took 0.136 seconds
[2023-04-19T19:26:06.676+0000] {processor.py:153} INFO - Started process (PID=1972) to work on /home/airflow/.local/lib/python3.7/site-packages/airflow/example_dags/example_sensor_decorator.py
[2023-04-19T19:26:06.678+0000] {processor.py:743} INFO - Processing file /home/airflow/.local/lib/python3.7/site-packages/airflow/example_dags/example_sensor_decorator.py for tasks to queue
[2023-04-19T19:26:06.680+0000] {logging_mixin.py:137} INFO - [2023-04-19T19:26:06.680+0000] {dagbag.py:532} INFO - Filling up the DagBag from /home/airflow/.local/lib/python3.7/site-packages/airflow/example_dags/example_sensor_decorator.py
[2023-04-19T19:26:06.720+0000] {processor.py:753} INFO - DAG(s) dict_keys(['example_sensor_decorator']) retrieved from /home/airflow/.local/lib/python3.7/site-packages/airflow/example_dags/example_sensor_decorator.py
[2023-04-19T19:26:06.780+0000] {logging_mixin.py:137} INFO - [2023-04-19T19:26:06.780+0000] {dag.py:2705} INFO - Sync 1 DAGs
[2023-04-19T19:26:06.826+0000] {logging_mixin.py:137} INFO - [2023-04-19T19:26:06.826+0000] {dag.py:3456} INFO - Setting next_dagrun for example_sensor_decorator to None, run_after=None
[2023-04-19T19:26:06.848+0000] {processor.py:175} INFO - Processing /home/airflow/.local/lib/python3.7/site-packages/airflow/example_dags/example_sensor_decorator.py took 0.183 seconds
[2023-04-19T21:13:24.197+0000] {processor.py:153} INFO - Started process (PID=2025) to work on /home/airflow/.local/lib/python3.7/site-packages/airflow/example_dags/example_sensor_decorator.py
[2023-04-19T21:13:24.199+0000] {processor.py:743} INFO - Processing file /home/airflow/.local/lib/python3.7/site-packages/airflow/example_dags/example_sensor_decorator.py for tasks to queue
[2023-04-19T21:13:24.202+0000] {logging_mixin.py:137} INFO - [2023-04-19T21:13:24.201+0000] {dagbag.py:532} INFO - Filling up the DagBag from /home/airflow/.local/lib/python3.7/site-packages/airflow/example_dags/example_sensor_decorator.py
[2023-04-19T21:13:24.238+0000] {processor.py:753} INFO - DAG(s) dict_keys(['example_sensor_decorator']) retrieved from /home/airflow/.local/lib/python3.7/site-packages/airflow/example_dags/example_sensor_decorator.py
[2023-04-19T21:13:24.268+0000] {logging_mixin.py:137} INFO - [2023-04-19T21:13:24.268+0000] {dag.py:2705} INFO - Sync 1 DAGs
[2023-04-19T21:13:24.303+0000] {logging_mixin.py:137} INFO - [2023-04-19T21:13:24.303+0000] {dag.py:3456} INFO - Setting next_dagrun for example_sensor_decorator to None, run_after=None
[2023-04-19T21:13:24.326+0000] {processor.py:175} INFO - Processing /home/airflow/.local/lib/python3.7/site-packages/airflow/example_dags/example_sensor_decorator.py took 0.143 seconds
