[2023-04-19T08:58:01.798+0000] {processor.py:153} INFO - Started process (PID=65) to work on /home/airflow/.local/lib/python3.7/site-packages/airflow/example_dags/example_short_circuit_decorator.py
[2023-04-19T08:58:01.820+0000] {processor.py:743} INFO - Processing file /home/airflow/.local/lib/python3.7/site-packages/airflow/example_dags/example_short_circuit_decorator.py for tasks to queue
[2023-04-19T08:58:01.839+0000] {logging_mixin.py:137} INFO - [2023-04-19T08:58:01.838+0000] {dagbag.py:532} INFO - Filling up the DagBag from /home/airflow/.local/lib/python3.7/site-packages/airflow/example_dags/example_short_circuit_decorator.py
[2023-04-19T08:58:02.188+0000] {processor.py:753} INFO - DAG(s) dict_keys(['example_short_circuit_decorator']) retrieved from /home/airflow/.local/lib/python3.7/site-packages/airflow/example_dags/example_short_circuit_decorator.py
[2023-04-19T08:58:02.451+0000] {logging_mixin.py:137} INFO - [2023-04-19T08:58:02.451+0000] {dag.py:2705} INFO - Sync 1 DAGs
[2023-04-19T08:58:02.682+0000] {logging_mixin.py:137} INFO - [2023-04-19T08:58:02.681+0000] {dag.py:3456} INFO - Setting next_dagrun for example_short_circuit_decorator to 2023-04-18T08:58:02.681267+00:00, run_after=2023-04-19T08:58:02.681267+00:00
[2023-04-19T08:58:02.810+0000] {processor.py:175} INFO - Processing /home/airflow/.local/lib/python3.7/site-packages/airflow/example_dags/example_short_circuit_decorator.py took 1.076 seconds
[2023-04-19T08:58:33.526+0000] {processor.py:153} INFO - Started process (PID=118) to work on /home/airflow/.local/lib/python3.7/site-packages/airflow/example_dags/example_short_circuit_decorator.py
[2023-04-19T08:58:33.532+0000] {processor.py:743} INFO - Processing file /home/airflow/.local/lib/python3.7/site-packages/airflow/example_dags/example_short_circuit_decorator.py for tasks to queue
[2023-04-19T08:58:33.536+0000] {logging_mixin.py:137} INFO - [2023-04-19T08:58:33.535+0000] {dagbag.py:532} INFO - Filling up the DagBag from /home/airflow/.local/lib/python3.7/site-packages/airflow/example_dags/example_short_circuit_decorator.py
[2023-04-19T08:58:33.659+0000] {processor.py:753} INFO - DAG(s) dict_keys(['example_short_circuit_decorator']) retrieved from /home/airflow/.local/lib/python3.7/site-packages/airflow/example_dags/example_short_circuit_decorator.py
[2023-04-19T08:58:33.783+0000] {logging_mixin.py:137} INFO - [2023-04-19T08:58:33.782+0000] {dag.py:2705} INFO - Sync 1 DAGs
[2023-04-19T08:58:33.845+0000] {logging_mixin.py:137} INFO - [2023-04-19T08:58:33.845+0000] {dag.py:3456} INFO - Setting next_dagrun for example_short_circuit_decorator to 2023-04-18T08:58:33.845180+00:00, run_after=2023-04-19T08:58:33.845180+00:00
[2023-04-19T08:58:33.944+0000] {processor.py:175} INFO - Processing /home/airflow/.local/lib/python3.7/site-packages/airflow/example_dags/example_short_circuit_decorator.py took 0.423 seconds
[2023-04-19T08:59:04.056+0000] {processor.py:153} INFO - Started process (PID=168) to work on /home/airflow/.local/lib/python3.7/site-packages/airflow/example_dags/example_short_circuit_decorator.py
[2023-04-19T08:59:04.059+0000] {processor.py:743} INFO - Processing file /home/airflow/.local/lib/python3.7/site-packages/airflow/example_dags/example_short_circuit_decorator.py for tasks to queue
[2023-04-19T08:59:04.060+0000] {logging_mixin.py:137} INFO - [2023-04-19T08:59:04.060+0000] {dagbag.py:532} INFO - Filling up the DagBag from /home/airflow/.local/lib/python3.7/site-packages/airflow/example_dags/example_short_circuit_decorator.py
[2023-04-19T08:59:04.100+0000] {processor.py:753} INFO - DAG(s) dict_keys(['example_short_circuit_decorator']) retrieved from /home/airflow/.local/lib/python3.7/site-packages/airflow/example_dags/example_short_circuit_decorator.py
[2023-04-19T08:59:04.147+0000] {logging_mixin.py:137} INFO - [2023-04-19T08:59:04.146+0000] {dag.py:2705} INFO - Sync 1 DAGs
[2023-04-19T08:59:04.193+0000] {logging_mixin.py:137} INFO - [2023-04-19T08:59:04.192+0000] {dag.py:3456} INFO - Setting next_dagrun for example_short_circuit_decorator to 2023-04-18T08:59:04.192655+00:00, run_after=2023-04-19T08:59:04.192655+00:00
[2023-04-19T08:59:04.238+0000] {processor.py:175} INFO - Processing /home/airflow/.local/lib/python3.7/site-packages/airflow/example_dags/example_short_circuit_decorator.py took 0.188 seconds
[2023-04-19T08:59:34.693+0000] {processor.py:153} INFO - Started process (PID=220) to work on /home/airflow/.local/lib/python3.7/site-packages/airflow/example_dags/example_short_circuit_decorator.py
[2023-04-19T08:59:34.695+0000] {processor.py:743} INFO - Processing file /home/airflow/.local/lib/python3.7/site-packages/airflow/example_dags/example_short_circuit_decorator.py for tasks to queue
[2023-04-19T08:59:34.699+0000] {logging_mixin.py:137} INFO - [2023-04-19T08:59:34.698+0000] {dagbag.py:532} INFO - Filling up the DagBag from /home/airflow/.local/lib/python3.7/site-packages/airflow/example_dags/example_short_circuit_decorator.py
[2023-04-19T08:59:34.757+0000] {processor.py:753} INFO - DAG(s) dict_keys(['example_short_circuit_decorator']) retrieved from /home/airflow/.local/lib/python3.7/site-packages/airflow/example_dags/example_short_circuit_decorator.py
[2023-04-19T08:59:34.806+0000] {logging_mixin.py:137} INFO - [2023-04-19T08:59:34.805+0000] {dag.py:2705} INFO - Sync 1 DAGs
[2023-04-19T08:59:34.863+0000] {logging_mixin.py:137} INFO - [2023-04-19T08:59:34.863+0000] {dag.py:3456} INFO - Setting next_dagrun for example_short_circuit_decorator to 2023-04-18T08:59:34.862900+00:00, run_after=2023-04-19T08:59:34.862900+00:00
[2023-04-19T08:59:34.893+0000] {processor.py:175} INFO - Processing /home/airflow/.local/lib/python3.7/site-packages/airflow/example_dags/example_short_circuit_decorator.py took 0.210 seconds
[2023-04-19T09:00:05.161+0000] {processor.py:153} INFO - Started process (PID=273) to work on /home/airflow/.local/lib/python3.7/site-packages/airflow/example_dags/example_short_circuit_decorator.py
[2023-04-19T09:00:05.163+0000] {processor.py:743} INFO - Processing file /home/airflow/.local/lib/python3.7/site-packages/airflow/example_dags/example_short_circuit_decorator.py for tasks to queue
[2023-04-19T09:00:05.165+0000] {logging_mixin.py:137} INFO - [2023-04-19T09:00:05.165+0000] {dagbag.py:532} INFO - Filling up the DagBag from /home/airflow/.local/lib/python3.7/site-packages/airflow/example_dags/example_short_circuit_decorator.py
[2023-04-19T09:00:05.217+0000] {processor.py:753} INFO - DAG(s) dict_keys(['example_short_circuit_decorator']) retrieved from /home/airflow/.local/lib/python3.7/site-packages/airflow/example_dags/example_short_circuit_decorator.py
[2023-04-19T09:00:05.263+0000] {logging_mixin.py:137} INFO - [2023-04-19T09:00:05.263+0000] {dag.py:2705} INFO - Sync 1 DAGs
[2023-04-19T09:00:05.321+0000] {logging_mixin.py:137} INFO - [2023-04-19T09:00:05.321+0000] {dag.py:3456} INFO - Setting next_dagrun for example_short_circuit_decorator to 2023-04-18T09:00:05.320962+00:00, run_after=2023-04-19T09:00:05.320962+00:00
[2023-04-19T09:00:05.368+0000] {processor.py:175} INFO - Processing /home/airflow/.local/lib/python3.7/site-packages/airflow/example_dags/example_short_circuit_decorator.py took 0.213 seconds
[2023-04-19T09:00:35.545+0000] {processor.py:153} INFO - Started process (PID=324) to work on /home/airflow/.local/lib/python3.7/site-packages/airflow/example_dags/example_short_circuit_decorator.py
[2023-04-19T09:00:35.547+0000] {processor.py:743} INFO - Processing file /home/airflow/.local/lib/python3.7/site-packages/airflow/example_dags/example_short_circuit_decorator.py for tasks to queue
[2023-04-19T09:00:35.549+0000] {logging_mixin.py:137} INFO - [2023-04-19T09:00:35.549+0000] {dagbag.py:532} INFO - Filling up the DagBag from /home/airflow/.local/lib/python3.7/site-packages/airflow/example_dags/example_short_circuit_decorator.py
[2023-04-19T09:00:35.598+0000] {processor.py:753} INFO - DAG(s) dict_keys(['example_short_circuit_decorator']) retrieved from /home/airflow/.local/lib/python3.7/site-packages/airflow/example_dags/example_short_circuit_decorator.py
[2023-04-19T09:00:35.659+0000] {logging_mixin.py:137} INFO - [2023-04-19T09:00:35.657+0000] {dag.py:2705} INFO - Sync 1 DAGs
[2023-04-19T09:00:35.708+0000] {logging_mixin.py:137} INFO - [2023-04-19T09:00:35.707+0000] {dag.py:3456} INFO - Setting next_dagrun for example_short_circuit_decorator to 2023-04-18T09:00:35.707573+00:00, run_after=2023-04-19T09:00:35.707573+00:00
[2023-04-19T09:00:35.739+0000] {processor.py:175} INFO - Processing /home/airflow/.local/lib/python3.7/site-packages/airflow/example_dags/example_short_circuit_decorator.py took 0.199 seconds
[2023-04-19T09:01:06.348+0000] {processor.py:153} INFO - Started process (PID=377) to work on /home/airflow/.local/lib/python3.7/site-packages/airflow/example_dags/example_short_circuit_decorator.py
[2023-04-19T09:01:06.350+0000] {processor.py:743} INFO - Processing file /home/airflow/.local/lib/python3.7/site-packages/airflow/example_dags/example_short_circuit_decorator.py for tasks to queue
[2023-04-19T09:01:06.352+0000] {logging_mixin.py:137} INFO - [2023-04-19T09:01:06.352+0000] {dagbag.py:532} INFO - Filling up the DagBag from /home/airflow/.local/lib/python3.7/site-packages/airflow/example_dags/example_short_circuit_decorator.py
[2023-04-19T09:01:06.425+0000] {processor.py:753} INFO - DAG(s) dict_keys(['example_short_circuit_decorator']) retrieved from /home/airflow/.local/lib/python3.7/site-packages/airflow/example_dags/example_short_circuit_decorator.py
[2023-04-19T09:01:06.476+0000] {logging_mixin.py:137} INFO - [2023-04-19T09:01:06.476+0000] {dag.py:2705} INFO - Sync 1 DAGs
[2023-04-19T09:01:06.522+0000] {logging_mixin.py:137} INFO - [2023-04-19T09:01:06.522+0000] {dag.py:3456} INFO - Setting next_dagrun for example_short_circuit_decorator to 2023-04-18T09:01:06.522255+00:00, run_after=2023-04-19T09:01:06.522255+00:00
[2023-04-19T09:01:06.558+0000] {processor.py:175} INFO - Processing /home/airflow/.local/lib/python3.7/site-packages/airflow/example_dags/example_short_circuit_decorator.py took 0.214 seconds
[2023-04-19T09:01:36.725+0000] {processor.py:153} INFO - Started process (PID=432) to work on /home/airflow/.local/lib/python3.7/site-packages/airflow/example_dags/example_short_circuit_decorator.py
[2023-04-19T09:01:36.727+0000] {processor.py:743} INFO - Processing file /home/airflow/.local/lib/python3.7/site-packages/airflow/example_dags/example_short_circuit_decorator.py for tasks to queue
[2023-04-19T09:01:36.731+0000] {logging_mixin.py:137} INFO - [2023-04-19T09:01:36.730+0000] {dagbag.py:532} INFO - Filling up the DagBag from /home/airflow/.local/lib/python3.7/site-packages/airflow/example_dags/example_short_circuit_decorator.py
[2023-04-19T09:01:36.800+0000] {processor.py:753} INFO - DAG(s) dict_keys(['example_short_circuit_decorator']) retrieved from /home/airflow/.local/lib/python3.7/site-packages/airflow/example_dags/example_short_circuit_decorator.py
[2023-04-19T09:01:36.912+0000] {logging_mixin.py:137} INFO - [2023-04-19T09:01:36.912+0000] {dag.py:2705} INFO - Sync 1 DAGs
[2023-04-19T09:01:36.951+0000] {logging_mixin.py:137} INFO - [2023-04-19T09:01:36.951+0000] {dag.py:3456} INFO - Setting next_dagrun for example_short_circuit_decorator to 2023-04-18T09:01:36.951030+00:00, run_after=2023-04-19T09:01:36.951030+00:00
[2023-04-19T09:01:36.980+0000] {processor.py:175} INFO - Processing /home/airflow/.local/lib/python3.7/site-packages/airflow/example_dags/example_short_circuit_decorator.py took 0.267 seconds
[2023-04-19T09:02:07.709+0000] {processor.py:153} INFO - Started process (PID=484) to work on /home/airflow/.local/lib/python3.7/site-packages/airflow/example_dags/example_short_circuit_decorator.py
[2023-04-19T09:02:07.712+0000] {processor.py:743} INFO - Processing file /home/airflow/.local/lib/python3.7/site-packages/airflow/example_dags/example_short_circuit_decorator.py for tasks to queue
[2023-04-19T09:02:07.715+0000] {logging_mixin.py:137} INFO - [2023-04-19T09:02:07.715+0000] {dagbag.py:532} INFO - Filling up the DagBag from /home/airflow/.local/lib/python3.7/site-packages/airflow/example_dags/example_short_circuit_decorator.py
[2023-04-19T09:02:07.764+0000] {processor.py:753} INFO - DAG(s) dict_keys(['example_short_circuit_decorator']) retrieved from /home/airflow/.local/lib/python3.7/site-packages/airflow/example_dags/example_short_circuit_decorator.py
[2023-04-19T09:02:07.810+0000] {logging_mixin.py:137} INFO - [2023-04-19T09:02:07.810+0000] {dag.py:2705} INFO - Sync 1 DAGs
[2023-04-19T09:02:07.869+0000] {logging_mixin.py:137} INFO - [2023-04-19T09:02:07.869+0000] {dag.py:3456} INFO - Setting next_dagrun for example_short_circuit_decorator to 2023-04-18T09:02:07.869271+00:00, run_after=2023-04-19T09:02:07.869271+00:00
[2023-04-19T09:02:07.914+0000] {processor.py:175} INFO - Processing /home/airflow/.local/lib/python3.7/site-packages/airflow/example_dags/example_short_circuit_decorator.py took 0.219 seconds
[2023-04-19T09:02:38.236+0000] {processor.py:153} INFO - Started process (PID=535) to work on /home/airflow/.local/lib/python3.7/site-packages/airflow/example_dags/example_short_circuit_decorator.py
[2023-04-19T09:02:38.237+0000] {processor.py:743} INFO - Processing file /home/airflow/.local/lib/python3.7/site-packages/airflow/example_dags/example_short_circuit_decorator.py for tasks to queue
[2023-04-19T09:02:38.242+0000] {logging_mixin.py:137} INFO - [2023-04-19T09:02:38.242+0000] {dagbag.py:532} INFO - Filling up the DagBag from /home/airflow/.local/lib/python3.7/site-packages/airflow/example_dags/example_short_circuit_decorator.py
[2023-04-19T09:02:38.301+0000] {processor.py:753} INFO - DAG(s) dict_keys(['example_short_circuit_decorator']) retrieved from /home/airflow/.local/lib/python3.7/site-packages/airflow/example_dags/example_short_circuit_decorator.py
[2023-04-19T09:02:38.384+0000] {logging_mixin.py:137} INFO - [2023-04-19T09:02:38.384+0000] {dag.py:2705} INFO - Sync 1 DAGs
[2023-04-19T09:02:38.454+0000] {logging_mixin.py:137} INFO - [2023-04-19T09:02:38.454+0000] {dag.py:3456} INFO - Setting next_dagrun for example_short_circuit_decorator to 2023-04-18T09:02:38.453806+00:00, run_after=2023-04-19T09:02:38.453806+00:00
[2023-04-19T09:02:38.500+0000] {processor.py:175} INFO - Processing /home/airflow/.local/lib/python3.7/site-packages/airflow/example_dags/example_short_circuit_decorator.py took 0.278 seconds
[2023-04-19T09:03:09.141+0000] {processor.py:153} INFO - Started process (PID=590) to work on /home/airflow/.local/lib/python3.7/site-packages/airflow/example_dags/example_short_circuit_decorator.py
[2023-04-19T09:03:09.143+0000] {processor.py:743} INFO - Processing file /home/airflow/.local/lib/python3.7/site-packages/airflow/example_dags/example_short_circuit_decorator.py for tasks to queue
[2023-04-19T09:03:09.153+0000] {logging_mixin.py:137} INFO - [2023-04-19T09:03:09.146+0000] {dagbag.py:532} INFO - Filling up the DagBag from /home/airflow/.local/lib/python3.7/site-packages/airflow/example_dags/example_short_circuit_decorator.py
[2023-04-19T09:03:09.223+0000] {processor.py:753} INFO - DAG(s) dict_keys(['example_short_circuit_decorator']) retrieved from /home/airflow/.local/lib/python3.7/site-packages/airflow/example_dags/example_short_circuit_decorator.py
[2023-04-19T09:03:09.336+0000] {logging_mixin.py:137} INFO - [2023-04-19T09:03:09.336+0000] {dag.py:2705} INFO - Sync 1 DAGs
[2023-04-19T09:03:09.457+0000] {logging_mixin.py:137} INFO - [2023-04-19T09:03:09.457+0000] {dag.py:3456} INFO - Setting next_dagrun for example_short_circuit_decorator to 2023-04-18T09:03:09.456860+00:00, run_after=2023-04-19T09:03:09.456860+00:00
[2023-04-19T09:03:09.531+0000] {processor.py:175} INFO - Processing /home/airflow/.local/lib/python3.7/site-packages/airflow/example_dags/example_short_circuit_decorator.py took 0.394 seconds
[2023-04-19T09:03:39.586+0000] {processor.py:153} INFO - Started process (PID=641) to work on /home/airflow/.local/lib/python3.7/site-packages/airflow/example_dags/example_short_circuit_decorator.py
[2023-04-19T09:03:39.588+0000] {processor.py:743} INFO - Processing file /home/airflow/.local/lib/python3.7/site-packages/airflow/example_dags/example_short_circuit_decorator.py for tasks to queue
[2023-04-19T09:03:39.590+0000] {logging_mixin.py:137} INFO - [2023-04-19T09:03:39.590+0000] {dagbag.py:532} INFO - Filling up the DagBag from /home/airflow/.local/lib/python3.7/site-packages/airflow/example_dags/example_short_circuit_decorator.py
[2023-04-19T09:03:39.623+0000] {processor.py:753} INFO - DAG(s) dict_keys(['example_short_circuit_decorator']) retrieved from /home/airflow/.local/lib/python3.7/site-packages/airflow/example_dags/example_short_circuit_decorator.py
[2023-04-19T09:03:39.663+0000] {logging_mixin.py:137} INFO - [2023-04-19T09:03:39.663+0000] {dag.py:2705} INFO - Sync 1 DAGs
[2023-04-19T09:03:39.710+0000] {logging_mixin.py:137} INFO - [2023-04-19T09:03:39.710+0000] {dag.py:3456} INFO - Setting next_dagrun for example_short_circuit_decorator to 2023-04-18T09:03:39.709995+00:00, run_after=2023-04-19T09:03:39.709995+00:00
[2023-04-19T09:03:39.744+0000] {processor.py:175} INFO - Processing /home/airflow/.local/lib/python3.7/site-packages/airflow/example_dags/example_short_circuit_decorator.py took 0.167 seconds
[2023-04-19T09:04:09.884+0000] {processor.py:153} INFO - Started process (PID=692) to work on /home/airflow/.local/lib/python3.7/site-packages/airflow/example_dags/example_short_circuit_decorator.py
[2023-04-19T09:04:09.886+0000] {processor.py:743} INFO - Processing file /home/airflow/.local/lib/python3.7/site-packages/airflow/example_dags/example_short_circuit_decorator.py for tasks to queue
[2023-04-19T09:04:09.887+0000] {logging_mixin.py:137} INFO - [2023-04-19T09:04:09.887+0000] {dagbag.py:532} INFO - Filling up the DagBag from /home/airflow/.local/lib/python3.7/site-packages/airflow/example_dags/example_short_circuit_decorator.py
[2023-04-19T09:04:09.928+0000] {processor.py:753} INFO - DAG(s) dict_keys(['example_short_circuit_decorator']) retrieved from /home/airflow/.local/lib/python3.7/site-packages/airflow/example_dags/example_short_circuit_decorator.py
[2023-04-19T09:04:09.982+0000] {logging_mixin.py:137} INFO - [2023-04-19T09:04:09.982+0000] {dag.py:2705} INFO - Sync 1 DAGs
[2023-04-19T09:04:10.022+0000] {logging_mixin.py:137} INFO - [2023-04-19T09:04:10.022+0000] {dag.py:3456} INFO - Setting next_dagrun for example_short_circuit_decorator to 2023-04-18T09:04:10.022155+00:00, run_after=2023-04-19T09:04:10.022155+00:00
[2023-04-19T09:04:10.054+0000] {processor.py:175} INFO - Processing /home/airflow/.local/lib/python3.7/site-packages/airflow/example_dags/example_short_circuit_decorator.py took 0.176 seconds
[2023-04-19T09:04:40.292+0000] {processor.py:153} INFO - Started process (PID=746) to work on /home/airflow/.local/lib/python3.7/site-packages/airflow/example_dags/example_short_circuit_decorator.py
[2023-04-19T09:04:40.295+0000] {processor.py:743} INFO - Processing file /home/airflow/.local/lib/python3.7/site-packages/airflow/example_dags/example_short_circuit_decorator.py for tasks to queue
[2023-04-19T09:04:40.300+0000] {logging_mixin.py:137} INFO - [2023-04-19T09:04:40.299+0000] {dagbag.py:532} INFO - Filling up the DagBag from /home/airflow/.local/lib/python3.7/site-packages/airflow/example_dags/example_short_circuit_decorator.py
[2023-04-19T09:04:40.368+0000] {processor.py:753} INFO - DAG(s) dict_keys(['example_short_circuit_decorator']) retrieved from /home/airflow/.local/lib/python3.7/site-packages/airflow/example_dags/example_short_circuit_decorator.py
[2023-04-19T09:04:40.441+0000] {logging_mixin.py:137} INFO - [2023-04-19T09:04:40.440+0000] {dag.py:2705} INFO - Sync 1 DAGs
[2023-04-19T09:04:40.502+0000] {logging_mixin.py:137} INFO - [2023-04-19T09:04:40.502+0000] {dag.py:3456} INFO - Setting next_dagrun for example_short_circuit_decorator to 2023-04-18T09:04:40.501984+00:00, run_after=2023-04-19T09:04:40.501984+00:00
[2023-04-19T09:04:40.556+0000] {processor.py:175} INFO - Processing /home/airflow/.local/lib/python3.7/site-packages/airflow/example_dags/example_short_circuit_decorator.py took 0.279 seconds
[2023-04-19T09:05:10.628+0000] {processor.py:153} INFO - Started process (PID=798) to work on /home/airflow/.local/lib/python3.7/site-packages/airflow/example_dags/example_short_circuit_decorator.py
[2023-04-19T09:05:10.631+0000] {processor.py:743} INFO - Processing file /home/airflow/.local/lib/python3.7/site-packages/airflow/example_dags/example_short_circuit_decorator.py for tasks to queue
[2023-04-19T09:05:10.635+0000] {logging_mixin.py:137} INFO - [2023-04-19T09:05:10.634+0000] {dagbag.py:532} INFO - Filling up the DagBag from /home/airflow/.local/lib/python3.7/site-packages/airflow/example_dags/example_short_circuit_decorator.py
[2023-04-19T09:05:10.685+0000] {processor.py:753} INFO - DAG(s) dict_keys(['example_short_circuit_decorator']) retrieved from /home/airflow/.local/lib/python3.7/site-packages/airflow/example_dags/example_short_circuit_decorator.py
[2023-04-19T09:05:10.731+0000] {logging_mixin.py:137} INFO - [2023-04-19T09:05:10.730+0000] {dag.py:2705} INFO - Sync 1 DAGs
[2023-04-19T09:05:10.777+0000] {logging_mixin.py:137} INFO - [2023-04-19T09:05:10.777+0000] {dag.py:3456} INFO - Setting next_dagrun for example_short_circuit_decorator to 2023-04-18T09:05:10.777354+00:00, run_after=2023-04-19T09:05:10.777354+00:00
[2023-04-19T09:05:10.805+0000] {processor.py:175} INFO - Processing /home/airflow/.local/lib/python3.7/site-packages/airflow/example_dags/example_short_circuit_decorator.py took 0.186 seconds
[2023-04-19T09:05:41.228+0000] {processor.py:153} INFO - Started process (PID=850) to work on /home/airflow/.local/lib/python3.7/site-packages/airflow/example_dags/example_short_circuit_decorator.py
[2023-04-19T09:05:41.242+0000] {processor.py:743} INFO - Processing file /home/airflow/.local/lib/python3.7/site-packages/airflow/example_dags/example_short_circuit_decorator.py for tasks to queue
[2023-04-19T09:05:41.261+0000] {logging_mixin.py:137} INFO - [2023-04-19T09:05:41.261+0000] {dagbag.py:532} INFO - Filling up the DagBag from /home/airflow/.local/lib/python3.7/site-packages/airflow/example_dags/example_short_circuit_decorator.py
[2023-04-19T09:05:41.331+0000] {processor.py:753} INFO - DAG(s) dict_keys(['example_short_circuit_decorator']) retrieved from /home/airflow/.local/lib/python3.7/site-packages/airflow/example_dags/example_short_circuit_decorator.py
[2023-04-19T09:05:41.378+0000] {logging_mixin.py:137} INFO - [2023-04-19T09:05:41.378+0000] {dag.py:2705} INFO - Sync 1 DAGs
[2023-04-19T09:05:41.419+0000] {logging_mixin.py:137} INFO - [2023-04-19T09:05:41.419+0000] {dag.py:3456} INFO - Setting next_dagrun for example_short_circuit_decorator to 2023-04-18T09:05:41.418343+00:00, run_after=2023-04-19T09:05:41.418343+00:00
[2023-04-19T09:05:41.445+0000] {processor.py:175} INFO - Processing /home/airflow/.local/lib/python3.7/site-packages/airflow/example_dags/example_short_circuit_decorator.py took 0.222 seconds
[2023-04-19T09:06:11.558+0000] {processor.py:153} INFO - Started process (PID=902) to work on /home/airflow/.local/lib/python3.7/site-packages/airflow/example_dags/example_short_circuit_decorator.py
[2023-04-19T09:06:11.560+0000] {processor.py:743} INFO - Processing file /home/airflow/.local/lib/python3.7/site-packages/airflow/example_dags/example_short_circuit_decorator.py for tasks to queue
[2023-04-19T09:06:11.563+0000] {logging_mixin.py:137} INFO - [2023-04-19T09:06:11.562+0000] {dagbag.py:532} INFO - Filling up the DagBag from /home/airflow/.local/lib/python3.7/site-packages/airflow/example_dags/example_short_circuit_decorator.py
[2023-04-19T09:06:11.633+0000] {processor.py:753} INFO - DAG(s) dict_keys(['example_short_circuit_decorator']) retrieved from /home/airflow/.local/lib/python3.7/site-packages/airflow/example_dags/example_short_circuit_decorator.py
[2023-04-19T09:06:11.697+0000] {logging_mixin.py:137} INFO - [2023-04-19T09:06:11.697+0000] {dag.py:2705} INFO - Sync 1 DAGs
[2023-04-19T09:06:11.734+0000] {logging_mixin.py:137} INFO - [2023-04-19T09:06:11.734+0000] {dag.py:3456} INFO - Setting next_dagrun for example_short_circuit_decorator to 2023-04-18T09:06:11.734361+00:00, run_after=2023-04-19T09:06:11.734361+00:00
[2023-04-19T09:06:11.759+0000] {processor.py:175} INFO - Processing /home/airflow/.local/lib/python3.7/site-packages/airflow/example_dags/example_short_circuit_decorator.py took 0.207 seconds
[2023-04-19T09:06:41.971+0000] {processor.py:153} INFO - Started process (PID=954) to work on /home/airflow/.local/lib/python3.7/site-packages/airflow/example_dags/example_short_circuit_decorator.py
[2023-04-19T09:06:41.975+0000] {processor.py:743} INFO - Processing file /home/airflow/.local/lib/python3.7/site-packages/airflow/example_dags/example_short_circuit_decorator.py for tasks to queue
[2023-04-19T09:06:41.978+0000] {logging_mixin.py:137} INFO - [2023-04-19T09:06:41.977+0000] {dagbag.py:532} INFO - Filling up the DagBag from /home/airflow/.local/lib/python3.7/site-packages/airflow/example_dags/example_short_circuit_decorator.py
[2023-04-19T09:06:42.019+0000] {processor.py:753} INFO - DAG(s) dict_keys(['example_short_circuit_decorator']) retrieved from /home/airflow/.local/lib/python3.7/site-packages/airflow/example_dags/example_short_circuit_decorator.py
[2023-04-19T09:06:42.077+0000] {logging_mixin.py:137} INFO - [2023-04-19T09:06:42.076+0000] {dag.py:2705} INFO - Sync 1 DAGs
[2023-04-19T09:06:42.127+0000] {logging_mixin.py:137} INFO - [2023-04-19T09:06:42.127+0000] {dag.py:3456} INFO - Setting next_dagrun for example_short_circuit_decorator to 2023-04-18T09:06:42.126657+00:00, run_after=2023-04-19T09:06:42.126657+00:00
[2023-04-19T09:06:42.150+0000] {processor.py:175} INFO - Processing /home/airflow/.local/lib/python3.7/site-packages/airflow/example_dags/example_short_circuit_decorator.py took 0.188 seconds
[2023-04-19T09:07:12.459+0000] {processor.py:153} INFO - Started process (PID=1006) to work on /home/airflow/.local/lib/python3.7/site-packages/airflow/example_dags/example_short_circuit_decorator.py
[2023-04-19T09:07:12.462+0000] {processor.py:743} INFO - Processing file /home/airflow/.local/lib/python3.7/site-packages/airflow/example_dags/example_short_circuit_decorator.py for tasks to queue
[2023-04-19T09:07:12.463+0000] {logging_mixin.py:137} INFO - [2023-04-19T09:07:12.463+0000] {dagbag.py:532} INFO - Filling up the DagBag from /home/airflow/.local/lib/python3.7/site-packages/airflow/example_dags/example_short_circuit_decorator.py
[2023-04-19T09:07:12.498+0000] {processor.py:753} INFO - DAG(s) dict_keys(['example_short_circuit_decorator']) retrieved from /home/airflow/.local/lib/python3.7/site-packages/airflow/example_dags/example_short_circuit_decorator.py
[2023-04-19T09:07:12.552+0000] {logging_mixin.py:137} INFO - [2023-04-19T09:07:12.551+0000] {dag.py:2705} INFO - Sync 1 DAGs
[2023-04-19T09:07:12.602+0000] {logging_mixin.py:137} INFO - [2023-04-19T09:07:12.602+0000] {dag.py:3456} INFO - Setting next_dagrun for example_short_circuit_decorator to 2023-04-18T09:07:12.602037+00:00, run_after=2023-04-19T09:07:12.602037+00:00
[2023-04-19T09:07:12.646+0000] {processor.py:175} INFO - Processing /home/airflow/.local/lib/python3.7/site-packages/airflow/example_dags/example_short_circuit_decorator.py took 0.191 seconds
[2023-04-19T09:07:43.447+0000] {processor.py:153} INFO - Started process (PID=1058) to work on /home/airflow/.local/lib/python3.7/site-packages/airflow/example_dags/example_short_circuit_decorator.py
[2023-04-19T09:07:43.450+0000] {processor.py:743} INFO - Processing file /home/airflow/.local/lib/python3.7/site-packages/airflow/example_dags/example_short_circuit_decorator.py for tasks to queue
[2023-04-19T09:07:43.457+0000] {logging_mixin.py:137} INFO - [2023-04-19T09:07:43.457+0000] {dagbag.py:532} INFO - Filling up the DagBag from /home/airflow/.local/lib/python3.7/site-packages/airflow/example_dags/example_short_circuit_decorator.py
[2023-04-19T09:07:43.524+0000] {processor.py:753} INFO - DAG(s) dict_keys(['example_short_circuit_decorator']) retrieved from /home/airflow/.local/lib/python3.7/site-packages/airflow/example_dags/example_short_circuit_decorator.py
[2023-04-19T09:07:43.565+0000] {logging_mixin.py:137} INFO - [2023-04-19T09:07:43.564+0000] {dag.py:2705} INFO - Sync 1 DAGs
[2023-04-19T09:07:43.599+0000] {logging_mixin.py:137} INFO - [2023-04-19T09:07:43.598+0000] {dag.py:3456} INFO - Setting next_dagrun for example_short_circuit_decorator to 2023-04-18T09:07:43.598608+00:00, run_after=2023-04-19T09:07:43.598608+00:00
[2023-04-19T09:07:43.625+0000] {processor.py:175} INFO - Processing /home/airflow/.local/lib/python3.7/site-packages/airflow/example_dags/example_short_circuit_decorator.py took 0.187 seconds
[2023-04-19T09:08:14.536+0000] {processor.py:153} INFO - Started process (PID=1110) to work on /home/airflow/.local/lib/python3.7/site-packages/airflow/example_dags/example_short_circuit_decorator.py
[2023-04-19T09:08:14.549+0000] {processor.py:743} INFO - Processing file /home/airflow/.local/lib/python3.7/site-packages/airflow/example_dags/example_short_circuit_decorator.py for tasks to queue
[2023-04-19T09:08:14.572+0000] {logging_mixin.py:137} INFO - [2023-04-19T09:08:14.571+0000] {dagbag.py:532} INFO - Filling up the DagBag from /home/airflow/.local/lib/python3.7/site-packages/airflow/example_dags/example_short_circuit_decorator.py
[2023-04-19T09:08:14.856+0000] {processor.py:753} INFO - DAG(s) dict_keys(['example_short_circuit_decorator']) retrieved from /home/airflow/.local/lib/python3.7/site-packages/airflow/example_dags/example_short_circuit_decorator.py
[2023-04-19T09:08:15.140+0000] {logging_mixin.py:137} INFO - [2023-04-19T09:08:15.139+0000] {dag.py:2705} INFO - Sync 1 DAGs
[2023-04-19T09:08:15.248+0000] {logging_mixin.py:137} INFO - [2023-04-19T09:08:15.248+0000] {dag.py:3456} INFO - Setting next_dagrun for example_short_circuit_decorator to 2023-04-18T09:08:15.248410+00:00, run_after=2023-04-19T09:08:15.248410+00:00
[2023-04-19T09:08:15.317+0000] {processor.py:175} INFO - Processing /home/airflow/.local/lib/python3.7/site-packages/airflow/example_dags/example_short_circuit_decorator.py took 0.793 seconds
[2023-04-19T09:09:30.771+0000] {processor.py:153} INFO - Started process (PID=1152) to work on /home/airflow/.local/lib/python3.7/site-packages/airflow/example_dags/example_short_circuit_decorator.py
[2023-04-19T09:09:30.774+0000] {processor.py:743} INFO - Processing file /home/airflow/.local/lib/python3.7/site-packages/airflow/example_dags/example_short_circuit_decorator.py for tasks to queue
[2023-04-19T09:09:30.778+0000] {logging_mixin.py:137} INFO - [2023-04-19T09:09:30.778+0000] {dagbag.py:532} INFO - Filling up the DagBag from /home/airflow/.local/lib/python3.7/site-packages/airflow/example_dags/example_short_circuit_decorator.py
[2023-04-19T09:09:30.837+0000] {processor.py:753} INFO - DAG(s) dict_keys(['example_short_circuit_decorator']) retrieved from /home/airflow/.local/lib/python3.7/site-packages/airflow/example_dags/example_short_circuit_decorator.py
[2023-04-19T09:09:30.905+0000] {logging_mixin.py:137} INFO - [2023-04-19T09:09:30.904+0000] {dag.py:2705} INFO - Sync 1 DAGs
[2023-04-19T09:09:30.982+0000] {logging_mixin.py:137} INFO - [2023-04-19T09:09:30.981+0000] {dag.py:3456} INFO - Setting next_dagrun for example_short_circuit_decorator to 2023-04-18T09:09:30.981089+00:00, run_after=2023-04-19T09:09:30.981089+00:00
[2023-04-19T09:09:31.015+0000] {processor.py:175} INFO - Processing /home/airflow/.local/lib/python3.7/site-packages/airflow/example_dags/example_short_circuit_decorator.py took 0.256 seconds
[2023-04-19T09:10:01.766+0000] {processor.py:153} INFO - Started process (PID=1205) to work on /home/airflow/.local/lib/python3.7/site-packages/airflow/example_dags/example_short_circuit_decorator.py
[2023-04-19T09:10:01.769+0000] {processor.py:743} INFO - Processing file /home/airflow/.local/lib/python3.7/site-packages/airflow/example_dags/example_short_circuit_decorator.py for tasks to queue
[2023-04-19T09:10:01.772+0000] {logging_mixin.py:137} INFO - [2023-04-19T09:10:01.771+0000] {dagbag.py:532} INFO - Filling up the DagBag from /home/airflow/.local/lib/python3.7/site-packages/airflow/example_dags/example_short_circuit_decorator.py
[2023-04-19T09:10:01.883+0000] {processor.py:753} INFO - DAG(s) dict_keys(['example_short_circuit_decorator']) retrieved from /home/airflow/.local/lib/python3.7/site-packages/airflow/example_dags/example_short_circuit_decorator.py
[2023-04-19T09:10:01.992+0000] {logging_mixin.py:137} INFO - [2023-04-19T09:10:01.991+0000] {dag.py:2705} INFO - Sync 1 DAGs
[2023-04-19T09:10:02.088+0000] {logging_mixin.py:137} INFO - [2023-04-19T09:10:02.088+0000] {dag.py:3456} INFO - Setting next_dagrun for example_short_circuit_decorator to 2023-04-18T09:10:02.087548+00:00, run_after=2023-04-19T09:10:02.087548+00:00
[2023-04-19T09:10:02.164+0000] {processor.py:175} INFO - Processing /home/airflow/.local/lib/python3.7/site-packages/airflow/example_dags/example_short_circuit_decorator.py took 0.416 seconds
[2023-04-19T09:10:33.019+0000] {processor.py:153} INFO - Started process (PID=1259) to work on /home/airflow/.local/lib/python3.7/site-packages/airflow/example_dags/example_short_circuit_decorator.py
[2023-04-19T09:10:33.022+0000] {processor.py:743} INFO - Processing file /home/airflow/.local/lib/python3.7/site-packages/airflow/example_dags/example_short_circuit_decorator.py for tasks to queue
[2023-04-19T09:10:33.025+0000] {logging_mixin.py:137} INFO - [2023-04-19T09:10:33.025+0000] {dagbag.py:532} INFO - Filling up the DagBag from /home/airflow/.local/lib/python3.7/site-packages/airflow/example_dags/example_short_circuit_decorator.py
[2023-04-19T09:10:33.066+0000] {processor.py:753} INFO - DAG(s) dict_keys(['example_short_circuit_decorator']) retrieved from /home/airflow/.local/lib/python3.7/site-packages/airflow/example_dags/example_short_circuit_decorator.py
[2023-04-19T09:10:33.116+0000] {logging_mixin.py:137} INFO - [2023-04-19T09:10:33.116+0000] {dag.py:2705} INFO - Sync 1 DAGs
[2023-04-19T09:10:33.158+0000] {logging_mixin.py:137} INFO - [2023-04-19T09:10:33.158+0000] {dag.py:3456} INFO - Setting next_dagrun for example_short_circuit_decorator to 2023-04-18T09:10:33.157402+00:00, run_after=2023-04-19T09:10:33.157402+00:00
[2023-04-19T09:10:33.187+0000] {processor.py:175} INFO - Processing /home/airflow/.local/lib/python3.7/site-packages/airflow/example_dags/example_short_circuit_decorator.py took 0.189 seconds
[2023-04-19T09:11:03.228+0000] {processor.py:153} INFO - Started process (PID=1311) to work on /home/airflow/.local/lib/python3.7/site-packages/airflow/example_dags/example_short_circuit_decorator.py
[2023-04-19T09:11:03.230+0000] {processor.py:743} INFO - Processing file /home/airflow/.local/lib/python3.7/site-packages/airflow/example_dags/example_short_circuit_decorator.py for tasks to queue
[2023-04-19T09:11:03.231+0000] {logging_mixin.py:137} INFO - [2023-04-19T09:11:03.231+0000] {dagbag.py:532} INFO - Filling up the DagBag from /home/airflow/.local/lib/python3.7/site-packages/airflow/example_dags/example_short_circuit_decorator.py
[2023-04-19T09:11:03.266+0000] {processor.py:753} INFO - DAG(s) dict_keys(['example_short_circuit_decorator']) retrieved from /home/airflow/.local/lib/python3.7/site-packages/airflow/example_dags/example_short_circuit_decorator.py
[2023-04-19T09:11:03.306+0000] {logging_mixin.py:137} INFO - [2023-04-19T09:11:03.305+0000] {dag.py:2705} INFO - Sync 1 DAGs
[2023-04-19T09:11:03.346+0000] {logging_mixin.py:137} INFO - [2023-04-19T09:11:03.346+0000] {dag.py:3456} INFO - Setting next_dagrun for example_short_circuit_decorator to 2023-04-18T09:11:03.345731+00:00, run_after=2023-04-19T09:11:03.345731+00:00
[2023-04-19T09:11:03.374+0000] {processor.py:175} INFO - Processing /home/airflow/.local/lib/python3.7/site-packages/airflow/example_dags/example_short_circuit_decorator.py took 0.153 seconds
[2023-04-19T09:11:33.731+0000] {processor.py:153} INFO - Started process (PID=1361) to work on /home/airflow/.local/lib/python3.7/site-packages/airflow/example_dags/example_short_circuit_decorator.py
[2023-04-19T09:11:33.735+0000] {processor.py:743} INFO - Processing file /home/airflow/.local/lib/python3.7/site-packages/airflow/example_dags/example_short_circuit_decorator.py for tasks to queue
[2023-04-19T09:11:33.768+0000] {logging_mixin.py:137} INFO - [2023-04-19T09:11:33.766+0000] {dagbag.py:532} INFO - Filling up the DagBag from /home/airflow/.local/lib/python3.7/site-packages/airflow/example_dags/example_short_circuit_decorator.py
[2023-04-19T09:11:33.846+0000] {processor.py:753} INFO - DAG(s) dict_keys(['example_short_circuit_decorator']) retrieved from /home/airflow/.local/lib/python3.7/site-packages/airflow/example_dags/example_short_circuit_decorator.py
[2023-04-19T09:11:33.930+0000] {logging_mixin.py:137} INFO - [2023-04-19T09:11:33.930+0000] {dag.py:2705} INFO - Sync 1 DAGs
[2023-04-19T09:11:33.958+0000] {logging_mixin.py:137} INFO - [2023-04-19T09:11:33.958+0000] {dag.py:3456} INFO - Setting next_dagrun for example_short_circuit_decorator to 2023-04-18T09:11:33.958570+00:00, run_after=2023-04-19T09:11:33.958570+00:00
[2023-04-19T09:11:34.030+0000] {processor.py:175} INFO - Processing /home/airflow/.local/lib/python3.7/site-packages/airflow/example_dags/example_short_circuit_decorator.py took 0.308 seconds
[2023-04-19T09:12:06.662+0000] {processor.py:153} INFO - Started process (PID=1419) to work on /home/airflow/.local/lib/python3.7/site-packages/airflow/example_dags/example_short_circuit_decorator.py
[2023-04-19T09:12:06.664+0000] {processor.py:743} INFO - Processing file /home/airflow/.local/lib/python3.7/site-packages/airflow/example_dags/example_short_circuit_decorator.py for tasks to queue
[2023-04-19T09:12:06.665+0000] {logging_mixin.py:137} INFO - [2023-04-19T09:12:06.665+0000] {dagbag.py:532} INFO - Filling up the DagBag from /home/airflow/.local/lib/python3.7/site-packages/airflow/example_dags/example_short_circuit_decorator.py
[2023-04-19T09:12:06.756+0000] {processor.py:753} INFO - DAG(s) dict_keys(['example_short_circuit_decorator']) retrieved from /home/airflow/.local/lib/python3.7/site-packages/airflow/example_dags/example_short_circuit_decorator.py
[2023-04-19T09:12:06.853+0000] {logging_mixin.py:137} INFO - [2023-04-19T09:12:06.853+0000] {dag.py:2705} INFO - Sync 1 DAGs
[2023-04-19T09:12:06.956+0000] {logging_mixin.py:137} INFO - [2023-04-19T09:12:06.956+0000] {dag.py:3456} INFO - Setting next_dagrun for example_short_circuit_decorator to 2023-04-18T09:12:06.956328+00:00, run_after=2023-04-19T09:12:06.956328+00:00
[2023-04-19T09:12:07.028+0000] {processor.py:175} INFO - Processing /home/airflow/.local/lib/python3.7/site-packages/airflow/example_dags/example_short_circuit_decorator.py took 0.386 seconds
[2023-04-19T09:29:45.331+0000] {processor.py:153} INFO - Started process (PID=1463) to work on /home/airflow/.local/lib/python3.7/site-packages/airflow/example_dags/example_short_circuit_decorator.py
[2023-04-19T09:29:45.333+0000] {processor.py:743} INFO - Processing file /home/airflow/.local/lib/python3.7/site-packages/airflow/example_dags/example_short_circuit_decorator.py for tasks to queue
[2023-04-19T09:29:45.334+0000] {logging_mixin.py:137} INFO - [2023-04-19T09:29:45.334+0000] {dagbag.py:532} INFO - Filling up the DagBag from /home/airflow/.local/lib/python3.7/site-packages/airflow/example_dags/example_short_circuit_decorator.py
[2023-04-19T09:29:45.378+0000] {processor.py:753} INFO - DAG(s) dict_keys(['example_short_circuit_decorator']) retrieved from /home/airflow/.local/lib/python3.7/site-packages/airflow/example_dags/example_short_circuit_decorator.py
[2023-04-19T09:29:45.451+0000] {logging_mixin.py:137} INFO - [2023-04-19T09:29:45.451+0000] {dag.py:2705} INFO - Sync 1 DAGs
[2023-04-19T09:29:45.503+0000] {logging_mixin.py:137} INFO - [2023-04-19T09:29:45.502+0000] {dag.py:3456} INFO - Setting next_dagrun for example_short_circuit_decorator to 2023-04-18T09:29:45.502676+00:00, run_after=2023-04-19T09:29:45.502676+00:00
[2023-04-19T09:29:45.539+0000] {processor.py:175} INFO - Processing /home/airflow/.local/lib/python3.7/site-packages/airflow/example_dags/example_short_circuit_decorator.py took 0.213 seconds
[2023-04-19T10:01:07.043+0000] {processor.py:153} INFO - Started process (PID=1520) to work on /home/airflow/.local/lib/python3.7/site-packages/airflow/example_dags/example_short_circuit_decorator.py
[2023-04-19T10:01:07.047+0000] {processor.py:743} INFO - Processing file /home/airflow/.local/lib/python3.7/site-packages/airflow/example_dags/example_short_circuit_decorator.py for tasks to queue
[2023-04-19T10:01:07.049+0000] {logging_mixin.py:137} INFO - [2023-04-19T10:01:07.049+0000] {dagbag.py:532} INFO - Filling up the DagBag from /home/airflow/.local/lib/python3.7/site-packages/airflow/example_dags/example_short_circuit_decorator.py
[2023-04-19T10:01:07.127+0000] {processor.py:753} INFO - DAG(s) dict_keys(['example_short_circuit_decorator']) retrieved from /home/airflow/.local/lib/python3.7/site-packages/airflow/example_dags/example_short_circuit_decorator.py
[2023-04-19T10:01:07.166+0000] {logging_mixin.py:137} INFO - [2023-04-19T10:01:07.166+0000] {dag.py:2705} INFO - Sync 1 DAGs
[2023-04-19T10:01:07.226+0000] {logging_mixin.py:137} INFO - [2023-04-19T10:01:07.226+0000] {dag.py:3456} INFO - Setting next_dagrun for example_short_circuit_decorator to 2023-04-18T10:01:07.226280+00:00, run_after=2023-04-19T10:01:07.226280+00:00
[2023-04-19T10:01:07.281+0000] {processor.py:175} INFO - Processing /home/airflow/.local/lib/python3.7/site-packages/airflow/example_dags/example_short_circuit_decorator.py took 0.243 seconds
[2023-04-19T10:17:00.653+0000] {processor.py:153} INFO - Started process (PID=1572) to work on /home/airflow/.local/lib/python3.7/site-packages/airflow/example_dags/example_short_circuit_decorator.py
[2023-04-19T10:17:00.655+0000] {processor.py:743} INFO - Processing file /home/airflow/.local/lib/python3.7/site-packages/airflow/example_dags/example_short_circuit_decorator.py for tasks to queue
[2023-04-19T10:17:00.658+0000] {logging_mixin.py:137} INFO - [2023-04-19T10:17:00.658+0000] {dagbag.py:532} INFO - Filling up the DagBag from /home/airflow/.local/lib/python3.7/site-packages/airflow/example_dags/example_short_circuit_decorator.py
[2023-04-19T10:17:00.729+0000] {processor.py:753} INFO - DAG(s) dict_keys(['example_short_circuit_decorator']) retrieved from /home/airflow/.local/lib/python3.7/site-packages/airflow/example_dags/example_short_circuit_decorator.py
[2023-04-19T10:17:00.767+0000] {logging_mixin.py:137} INFO - [2023-04-19T10:17:00.767+0000] {dag.py:2705} INFO - Sync 1 DAGs
[2023-04-19T10:17:00.801+0000] {logging_mixin.py:137} INFO - [2023-04-19T10:17:00.800+0000] {dag.py:3456} INFO - Setting next_dagrun for example_short_circuit_decorator to 2023-04-18T10:17:00.800662+00:00, run_after=2023-04-19T10:17:00.800662+00:00
[2023-04-19T10:17:00.823+0000] {processor.py:175} INFO - Processing /home/airflow/.local/lib/python3.7/site-packages/airflow/example_dags/example_short_circuit_decorator.py took 0.181 seconds
[2023-04-19T12:32:43.240+0000] {processor.py:153} INFO - Started process (PID=1616) to work on /home/airflow/.local/lib/python3.7/site-packages/airflow/example_dags/example_short_circuit_decorator.py
[2023-04-19T12:32:43.242+0000] {processor.py:743} INFO - Processing file /home/airflow/.local/lib/python3.7/site-packages/airflow/example_dags/example_short_circuit_decorator.py for tasks to queue
[2023-04-19T12:32:43.244+0000] {logging_mixin.py:137} INFO - [2023-04-19T12:32:43.244+0000] {dagbag.py:532} INFO - Filling up the DagBag from /home/airflow/.local/lib/python3.7/site-packages/airflow/example_dags/example_short_circuit_decorator.py
[2023-04-19T12:32:43.299+0000] {processor.py:753} INFO - DAG(s) dict_keys(['example_short_circuit_decorator']) retrieved from /home/airflow/.local/lib/python3.7/site-packages/airflow/example_dags/example_short_circuit_decorator.py
[2023-04-19T12:32:43.353+0000] {logging_mixin.py:137} INFO - [2023-04-19T12:32:43.352+0000] {dag.py:2705} INFO - Sync 1 DAGs
[2023-04-19T12:32:43.408+0000] {logging_mixin.py:137} INFO - [2023-04-19T12:32:43.408+0000] {dag.py:3456} INFO - Setting next_dagrun for example_short_circuit_decorator to 2023-04-18T12:32:43.407780+00:00, run_after=2023-04-19T12:32:43.407780+00:00
[2023-04-19T12:32:43.435+0000] {processor.py:175} INFO - Processing /home/airflow/.local/lib/python3.7/site-packages/airflow/example_dags/example_short_circuit_decorator.py took 0.200 seconds
[2023-04-19T12:33:16.962+0000] {processor.py:153} INFO - Started process (PID=1668) to work on /home/airflow/.local/lib/python3.7/site-packages/airflow/example_dags/example_short_circuit_decorator.py
[2023-04-19T12:33:16.964+0000] {processor.py:743} INFO - Processing file /home/airflow/.local/lib/python3.7/site-packages/airflow/example_dags/example_short_circuit_decorator.py for tasks to queue
[2023-04-19T12:33:16.966+0000] {logging_mixin.py:137} INFO - [2023-04-19T12:33:16.966+0000] {dagbag.py:532} INFO - Filling up the DagBag from /home/airflow/.local/lib/python3.7/site-packages/airflow/example_dags/example_short_circuit_decorator.py
[2023-04-19T12:33:17.012+0000] {processor.py:753} INFO - DAG(s) dict_keys(['example_short_circuit_decorator']) retrieved from /home/airflow/.local/lib/python3.7/site-packages/airflow/example_dags/example_short_circuit_decorator.py
[2023-04-19T12:33:17.069+0000] {logging_mixin.py:137} INFO - [2023-04-19T12:33:17.068+0000] {dag.py:2705} INFO - Sync 1 DAGs
[2023-04-19T12:33:17.128+0000] {logging_mixin.py:137} INFO - [2023-04-19T12:33:17.127+0000] {dag.py:3456} INFO - Setting next_dagrun for example_short_circuit_decorator to 2023-04-18T12:33:17.127579+00:00, run_after=2023-04-19T12:33:17.127579+00:00
[2023-04-19T12:33:17.151+0000] {processor.py:175} INFO - Processing /home/airflow/.local/lib/python3.7/site-packages/airflow/example_dags/example_short_circuit_decorator.py took 0.198 seconds
[2023-04-19T13:31:53.772+0000] {processor.py:153} INFO - Started process (PID=1728) to work on /home/airflow/.local/lib/python3.7/site-packages/airflow/example_dags/example_short_circuit_decorator.py
[2023-04-19T13:31:53.774+0000] {processor.py:743} INFO - Processing file /home/airflow/.local/lib/python3.7/site-packages/airflow/example_dags/example_short_circuit_decorator.py for tasks to queue
[2023-04-19T13:31:53.777+0000] {logging_mixin.py:137} INFO - [2023-04-19T13:31:53.777+0000] {dagbag.py:532} INFO - Filling up the DagBag from /home/airflow/.local/lib/python3.7/site-packages/airflow/example_dags/example_short_circuit_decorator.py
[2023-04-19T13:31:53.830+0000] {processor.py:753} INFO - DAG(s) dict_keys(['example_short_circuit_decorator']) retrieved from /home/airflow/.local/lib/python3.7/site-packages/airflow/example_dags/example_short_circuit_decorator.py
[2023-04-19T13:31:53.889+0000] {logging_mixin.py:137} INFO - [2023-04-19T13:31:53.889+0000] {dag.py:2705} INFO - Sync 1 DAGs
[2023-04-19T13:31:53.950+0000] {logging_mixin.py:137} INFO - [2023-04-19T13:31:53.949+0000] {dag.py:3456} INFO - Setting next_dagrun for example_short_circuit_decorator to 2023-04-18T13:31:53.949494+00:00, run_after=2023-04-19T13:31:53.949494+00:00
[2023-04-19T13:31:53.998+0000] {processor.py:175} INFO - Processing /home/airflow/.local/lib/python3.7/site-packages/airflow/example_dags/example_short_circuit_decorator.py took 0.236 seconds
[2023-04-19T14:25:39.691+0000] {processor.py:153} INFO - Started process (PID=1772) to work on /home/airflow/.local/lib/python3.7/site-packages/airflow/example_dags/example_short_circuit_decorator.py
[2023-04-19T14:25:39.698+0000] {processor.py:743} INFO - Processing file /home/airflow/.local/lib/python3.7/site-packages/airflow/example_dags/example_short_circuit_decorator.py for tasks to queue
[2023-04-19T14:25:39.704+0000] {logging_mixin.py:137} INFO - [2023-04-19T14:25:39.702+0000] {dagbag.py:532} INFO - Filling up the DagBag from /home/airflow/.local/lib/python3.7/site-packages/airflow/example_dags/example_short_circuit_decorator.py
[2023-04-19T14:25:39.791+0000] {processor.py:753} INFO - DAG(s) dict_keys(['example_short_circuit_decorator']) retrieved from /home/airflow/.local/lib/python3.7/site-packages/airflow/example_dags/example_short_circuit_decorator.py
[2023-04-19T14:25:39.883+0000] {logging_mixin.py:137} INFO - [2023-04-19T14:25:39.883+0000] {dag.py:2705} INFO - Sync 1 DAGs
[2023-04-19T14:25:39.923+0000] {logging_mixin.py:137} INFO - [2023-04-19T14:25:39.923+0000] {dag.py:3456} INFO - Setting next_dagrun for example_short_circuit_decorator to 2023-04-18T14:25:39.923241+00:00, run_after=2023-04-19T14:25:39.923241+00:00
[2023-04-19T14:25:39.971+0000] {processor.py:175} INFO - Processing /home/airflow/.local/lib/python3.7/site-packages/airflow/example_dags/example_short_circuit_decorator.py took 0.293 seconds
[2023-04-19T15:20:04.170+0000] {processor.py:153} INFO - Started process (PID=1824) to work on /home/airflow/.local/lib/python3.7/site-packages/airflow/example_dags/example_short_circuit_decorator.py
[2023-04-19T15:20:04.173+0000] {processor.py:743} INFO - Processing file /home/airflow/.local/lib/python3.7/site-packages/airflow/example_dags/example_short_circuit_decorator.py for tasks to queue
[2023-04-19T15:20:04.176+0000] {logging_mixin.py:137} INFO - [2023-04-19T15:20:04.175+0000] {dagbag.py:532} INFO - Filling up the DagBag from /home/airflow/.local/lib/python3.7/site-packages/airflow/example_dags/example_short_circuit_decorator.py
[2023-04-19T15:20:04.220+0000] {processor.py:753} INFO - DAG(s) dict_keys(['example_short_circuit_decorator']) retrieved from /home/airflow/.local/lib/python3.7/site-packages/airflow/example_dags/example_short_circuit_decorator.py
[2023-04-19T15:20:04.276+0000] {logging_mixin.py:137} INFO - [2023-04-19T15:20:04.276+0000] {dag.py:2705} INFO - Sync 1 DAGs
[2023-04-19T15:20:04.344+0000] {logging_mixin.py:137} INFO - [2023-04-19T15:20:04.344+0000] {dag.py:3456} INFO - Setting next_dagrun for example_short_circuit_decorator to 2023-04-18T15:20:04.344475+00:00, run_after=2023-04-19T15:20:04.344475+00:00
[2023-04-19T15:20:04.406+0000] {processor.py:175} INFO - Processing /home/airflow/.local/lib/python3.7/site-packages/airflow/example_dags/example_short_circuit_decorator.py took 0.247 seconds
[2023-04-19T17:07:25.999+0000] {processor.py:153} INFO - Started process (PID=1875) to work on /home/airflow/.local/lib/python3.7/site-packages/airflow/example_dags/example_short_circuit_decorator.py
[2023-04-19T17:07:26.029+0000] {processor.py:743} INFO - Processing file /home/airflow/.local/lib/python3.7/site-packages/airflow/example_dags/example_short_circuit_decorator.py for tasks to queue
[2023-04-19T17:07:26.079+0000] {logging_mixin.py:137} INFO - [2023-04-19T17:07:26.078+0000] {dagbag.py:532} INFO - Filling up the DagBag from /home/airflow/.local/lib/python3.7/site-packages/airflow/example_dags/example_short_circuit_decorator.py
[2023-04-19T17:07:26.418+0000] {processor.py:753} INFO - DAG(s) dict_keys(['example_short_circuit_decorator']) retrieved from /home/airflow/.local/lib/python3.7/site-packages/airflow/example_dags/example_short_circuit_decorator.py
[2023-04-19T17:07:26.716+0000] {logging_mixin.py:137} INFO - [2023-04-19T17:07:26.715+0000] {dag.py:2705} INFO - Sync 1 DAGs
[2023-04-19T17:07:26.957+0000] {logging_mixin.py:137} INFO - [2023-04-19T17:07:26.956+0000] {dag.py:3456} INFO - Setting next_dagrun for example_short_circuit_decorator to 2023-04-18T17:07:26.954861+00:00, run_after=2023-04-19T17:07:26.954861+00:00
[2023-04-19T17:07:27.087+0000] {processor.py:175} INFO - Processing /home/airflow/.local/lib/python3.7/site-packages/airflow/example_dags/example_short_circuit_decorator.py took 1.161 seconds
[2023-04-19T17:37:54.456+0000] {processor.py:153} INFO - Started process (PID=1926) to work on /home/airflow/.local/lib/python3.7/site-packages/airflow/example_dags/example_short_circuit_decorator.py
[2023-04-19T17:37:54.458+0000] {processor.py:743} INFO - Processing file /home/airflow/.local/lib/python3.7/site-packages/airflow/example_dags/example_short_circuit_decorator.py for tasks to queue
[2023-04-19T17:37:54.461+0000] {logging_mixin.py:137} INFO - [2023-04-19T17:37:54.460+0000] {dagbag.py:532} INFO - Filling up the DagBag from /home/airflow/.local/lib/python3.7/site-packages/airflow/example_dags/example_short_circuit_decorator.py
[2023-04-19T17:37:54.503+0000] {processor.py:753} INFO - DAG(s) dict_keys(['example_short_circuit_decorator']) retrieved from /home/airflow/.local/lib/python3.7/site-packages/airflow/example_dags/example_short_circuit_decorator.py
[2023-04-19T17:37:54.571+0000] {logging_mixin.py:137} INFO - [2023-04-19T17:37:54.571+0000] {dag.py:2705} INFO - Sync 1 DAGs
[2023-04-19T17:37:54.618+0000] {logging_mixin.py:137} INFO - [2023-04-19T17:37:54.618+0000] {dag.py:3456} INFO - Setting next_dagrun for example_short_circuit_decorator to 2023-04-18T17:37:54.618408+00:00, run_after=2023-04-19T17:37:54.618408+00:00
[2023-04-19T17:37:54.652+0000] {processor.py:175} INFO - Processing /home/airflow/.local/lib/python3.7/site-packages/airflow/example_dags/example_short_circuit_decorator.py took 0.206 seconds
[2023-04-19T19:26:07.474+0000] {processor.py:153} INFO - Started process (PID=1979) to work on /home/airflow/.local/lib/python3.7/site-packages/airflow/example_dags/example_short_circuit_decorator.py
[2023-04-19T19:26:07.476+0000] {processor.py:743} INFO - Processing file /home/airflow/.local/lib/python3.7/site-packages/airflow/example_dags/example_short_circuit_decorator.py for tasks to queue
[2023-04-19T19:26:07.478+0000] {logging_mixin.py:137} INFO - [2023-04-19T19:26:07.478+0000] {dagbag.py:532} INFO - Filling up the DagBag from /home/airflow/.local/lib/python3.7/site-packages/airflow/example_dags/example_short_circuit_decorator.py
[2023-04-19T19:26:07.543+0000] {processor.py:753} INFO - DAG(s) dict_keys(['example_short_circuit_decorator']) retrieved from /home/airflow/.local/lib/python3.7/site-packages/airflow/example_dags/example_short_circuit_decorator.py
[2023-04-19T19:26:07.586+0000] {logging_mixin.py:137} INFO - [2023-04-19T19:26:07.586+0000] {dag.py:2705} INFO - Sync 1 DAGs
[2023-04-19T19:26:07.623+0000] {logging_mixin.py:137} INFO - [2023-04-19T19:26:07.623+0000] {dag.py:3456} INFO - Setting next_dagrun for example_short_circuit_decorator to 2023-04-18T19:26:07.622776+00:00, run_after=2023-04-19T19:26:07.622776+00:00
[2023-04-19T19:26:07.661+0000] {processor.py:175} INFO - Processing /home/airflow/.local/lib/python3.7/site-packages/airflow/example_dags/example_short_circuit_decorator.py took 0.193 seconds
[2023-04-19T21:13:25.207+0000] {processor.py:153} INFO - Started process (PID=2032) to work on /home/airflow/.local/lib/python3.7/site-packages/airflow/example_dags/example_short_circuit_decorator.py
[2023-04-19T21:13:25.210+0000] {processor.py:743} INFO - Processing file /home/airflow/.local/lib/python3.7/site-packages/airflow/example_dags/example_short_circuit_decorator.py for tasks to queue
[2023-04-19T21:13:25.213+0000] {logging_mixin.py:137} INFO - [2023-04-19T21:13:25.212+0000] {dagbag.py:532} INFO - Filling up the DagBag from /home/airflow/.local/lib/python3.7/site-packages/airflow/example_dags/example_short_circuit_decorator.py
[2023-04-19T21:13:25.262+0000] {processor.py:753} INFO - DAG(s) dict_keys(['example_short_circuit_decorator']) retrieved from /home/airflow/.local/lib/python3.7/site-packages/airflow/example_dags/example_short_circuit_decorator.py
[2023-04-19T21:13:25.334+0000] {logging_mixin.py:137} INFO - [2023-04-19T21:13:25.333+0000] {dag.py:2705} INFO - Sync 1 DAGs
[2023-04-19T21:13:25.383+0000] {logging_mixin.py:137} INFO - [2023-04-19T21:13:25.382+0000] {dag.py:3456} INFO - Setting next_dagrun for example_short_circuit_decorator to 2023-04-18T21:13:25.382682+00:00, run_after=2023-04-19T21:13:25.382682+00:00
[2023-04-19T21:13:25.428+0000] {processor.py:175} INFO - Processing /home/airflow/.local/lib/python3.7/site-packages/airflow/example_dags/example_short_circuit_decorator.py took 0.226 seconds
