[2023-04-19T08:57:49.342+0000] {processor.py:153} INFO - Started process (PID=34) to work on /home/airflow/.local/lib/python3.7/site-packages/airflow/example_dags/example_xcomargs.py
[2023-04-19T08:57:49.365+0000] {processor.py:743} INFO - Processing file /home/airflow/.local/lib/python3.7/site-packages/airflow/example_dags/example_xcomargs.py for tasks to queue
[2023-04-19T08:57:49.373+0000] {logging_mixin.py:137} INFO - [2023-04-19T08:57:49.373+0000] {dagbag.py:532} INFO - Filling up the DagBag from /home/airflow/.local/lib/python3.7/site-packages/airflow/example_dags/example_xcomargs.py
[2023-04-19T08:57:49.636+0000] {processor.py:753} INFO - DAG(s) dict_keys(['example_xcom_args', 'example_xcom_args_with_operators']) retrieved from /home/airflow/.local/lib/python3.7/site-packages/airflow/example_dags/example_xcomargs.py
[2023-04-19T08:57:49.800+0000] {logging_mixin.py:137} INFO - [2023-04-19T08:57:49.799+0000] {dag.py:2705} INFO - Sync 2 DAGs
[2023-04-19T08:57:49.941+0000] {logging_mixin.py:137} INFO - [2023-04-19T08:57:49.941+0000] {dag.py:3456} INFO - Setting next_dagrun for example_xcom_args to None, run_after=None
[2023-04-19T08:57:49.964+0000] {logging_mixin.py:137} INFO - [2023-04-19T08:57:49.964+0000] {dag.py:3456} INFO - Setting next_dagrun for example_xcom_args_with_operators to None, run_after=None
[2023-04-19T08:57:50.034+0000] {processor.py:175} INFO - Processing /home/airflow/.local/lib/python3.7/site-packages/airflow/example_dags/example_xcomargs.py took 0.725 seconds
[2023-04-19T08:58:20.718+0000] {processor.py:153} INFO - Started process (PID=84) to work on /home/airflow/.local/lib/python3.7/site-packages/airflow/example_dags/example_xcomargs.py
[2023-04-19T08:58:20.722+0000] {processor.py:743} INFO - Processing file /home/airflow/.local/lib/python3.7/site-packages/airflow/example_dags/example_xcomargs.py for tasks to queue
[2023-04-19T08:58:20.725+0000] {logging_mixin.py:137} INFO - [2023-04-19T08:58:20.724+0000] {dagbag.py:532} INFO - Filling up the DagBag from /home/airflow/.local/lib/python3.7/site-packages/airflow/example_dags/example_xcomargs.py
[2023-04-19T08:58:20.763+0000] {processor.py:753} INFO - DAG(s) dict_keys(['example_xcom_args_with_operators', 'example_xcom_args']) retrieved from /home/airflow/.local/lib/python3.7/site-packages/airflow/example_dags/example_xcomargs.py
[2023-04-19T08:58:20.813+0000] {logging_mixin.py:137} INFO - [2023-04-19T08:58:20.813+0000] {dag.py:2705} INFO - Sync 2 DAGs
[2023-04-19T08:58:20.859+0000] {logging_mixin.py:137} INFO - [2023-04-19T08:58:20.859+0000] {dag.py:3456} INFO - Setting next_dagrun for example_xcom_args to None, run_after=None
[2023-04-19T08:58:20.867+0000] {logging_mixin.py:137} INFO - [2023-04-19T08:58:20.866+0000] {dag.py:3456} INFO - Setting next_dagrun for example_xcom_args_with_operators to None, run_after=None
[2023-04-19T08:58:20.904+0000] {processor.py:175} INFO - Processing /home/airflow/.local/lib/python3.7/site-packages/airflow/example_dags/example_xcomargs.py took 0.204 seconds
[2023-04-19T08:58:50.973+0000] {processor.py:153} INFO - Started process (PID=137) to work on /home/airflow/.local/lib/python3.7/site-packages/airflow/example_dags/example_xcomargs.py
[2023-04-19T08:58:50.976+0000] {processor.py:743} INFO - Processing file /home/airflow/.local/lib/python3.7/site-packages/airflow/example_dags/example_xcomargs.py for tasks to queue
[2023-04-19T08:58:50.980+0000] {logging_mixin.py:137} INFO - [2023-04-19T08:58:50.979+0000] {dagbag.py:532} INFO - Filling up the DagBag from /home/airflow/.local/lib/python3.7/site-packages/airflow/example_dags/example_xcomargs.py
[2023-04-19T08:58:51.019+0000] {processor.py:753} INFO - DAG(s) dict_keys(['example_xcom_args_with_operators', 'example_xcom_args']) retrieved from /home/airflow/.local/lib/python3.7/site-packages/airflow/example_dags/example_xcomargs.py
[2023-04-19T08:58:51.066+0000] {logging_mixin.py:137} INFO - [2023-04-19T08:58:51.065+0000] {dag.py:2705} INFO - Sync 2 DAGs
[2023-04-19T08:58:51.105+0000] {logging_mixin.py:137} INFO - [2023-04-19T08:58:51.105+0000] {dag.py:3456} INFO - Setting next_dagrun for example_xcom_args to None, run_after=None
[2023-04-19T08:58:51.111+0000] {logging_mixin.py:137} INFO - [2023-04-19T08:58:51.111+0000] {dag.py:3456} INFO - Setting next_dagrun for example_xcom_args_with_operators to None, run_after=None
[2023-04-19T08:58:51.131+0000] {processor.py:175} INFO - Processing /home/airflow/.local/lib/python3.7/site-packages/airflow/example_dags/example_xcomargs.py took 0.183 seconds
[2023-04-19T08:59:21.277+0000] {processor.py:153} INFO - Started process (PID=188) to work on /home/airflow/.local/lib/python3.7/site-packages/airflow/example_dags/example_xcomargs.py
[2023-04-19T08:59:21.283+0000] {processor.py:743} INFO - Processing file /home/airflow/.local/lib/python3.7/site-packages/airflow/example_dags/example_xcomargs.py for tasks to queue
[2023-04-19T08:59:21.288+0000] {logging_mixin.py:137} INFO - [2023-04-19T08:59:21.288+0000] {dagbag.py:532} INFO - Filling up the DagBag from /home/airflow/.local/lib/python3.7/site-packages/airflow/example_dags/example_xcomargs.py
[2023-04-19T08:59:21.362+0000] {processor.py:753} INFO - DAG(s) dict_keys(['example_xcom_args', 'example_xcom_args_with_operators']) retrieved from /home/airflow/.local/lib/python3.7/site-packages/airflow/example_dags/example_xcomargs.py
[2023-04-19T08:59:21.445+0000] {logging_mixin.py:137} INFO - [2023-04-19T08:59:21.445+0000] {dag.py:2705} INFO - Sync 2 DAGs
[2023-04-19T08:59:21.497+0000] {logging_mixin.py:137} INFO - [2023-04-19T08:59:21.497+0000] {dag.py:3456} INFO - Setting next_dagrun for example_xcom_args to None, run_after=None
[2023-04-19T08:59:21.505+0000] {logging_mixin.py:137} INFO - [2023-04-19T08:59:21.505+0000] {dag.py:3456} INFO - Setting next_dagrun for example_xcom_args_with_operators to None, run_after=None
[2023-04-19T08:59:21.547+0000] {processor.py:175} INFO - Processing /home/airflow/.local/lib/python3.7/site-packages/airflow/example_dags/example_xcomargs.py took 0.289 seconds
[2023-04-19T08:59:51.987+0000] {processor.py:153} INFO - Started process (PID=239) to work on /home/airflow/.local/lib/python3.7/site-packages/airflow/example_dags/example_xcomargs.py
[2023-04-19T08:59:51.993+0000] {processor.py:743} INFO - Processing file /home/airflow/.local/lib/python3.7/site-packages/airflow/example_dags/example_xcomargs.py for tasks to queue
[2023-04-19T08:59:51.999+0000] {logging_mixin.py:137} INFO - [2023-04-19T08:59:51.998+0000] {dagbag.py:532} INFO - Filling up the DagBag from /home/airflow/.local/lib/python3.7/site-packages/airflow/example_dags/example_xcomargs.py
[2023-04-19T08:59:52.051+0000] {processor.py:753} INFO - DAG(s) dict_keys(['example_xcom_args_with_operators', 'example_xcom_args']) retrieved from /home/airflow/.local/lib/python3.7/site-packages/airflow/example_dags/example_xcomargs.py
[2023-04-19T08:59:52.126+0000] {logging_mixin.py:137} INFO - [2023-04-19T08:59:52.125+0000] {dag.py:2705} INFO - Sync 2 DAGs
[2023-04-19T08:59:52.186+0000] {logging_mixin.py:137} INFO - [2023-04-19T08:59:52.186+0000] {dag.py:3456} INFO - Setting next_dagrun for example_xcom_args to None, run_after=None
[2023-04-19T08:59:52.205+0000] {logging_mixin.py:137} INFO - [2023-04-19T08:59:52.204+0000] {dag.py:3456} INFO - Setting next_dagrun for example_xcom_args_with_operators to None, run_after=None
[2023-04-19T08:59:52.274+0000] {processor.py:175} INFO - Processing /home/airflow/.local/lib/python3.7/site-packages/airflow/example_dags/example_xcomargs.py took 0.305 seconds
[2023-04-19T09:00:22.567+0000] {processor.py:153} INFO - Started process (PID=293) to work on /home/airflow/.local/lib/python3.7/site-packages/airflow/example_dags/example_xcomargs.py
[2023-04-19T09:00:22.575+0000] {processor.py:743} INFO - Processing file /home/airflow/.local/lib/python3.7/site-packages/airflow/example_dags/example_xcomargs.py for tasks to queue
[2023-04-19T09:00:22.584+0000] {logging_mixin.py:137} INFO - [2023-04-19T09:00:22.583+0000] {dagbag.py:532} INFO - Filling up the DagBag from /home/airflow/.local/lib/python3.7/site-packages/airflow/example_dags/example_xcomargs.py
[2023-04-19T09:00:22.669+0000] {processor.py:753} INFO - DAG(s) dict_keys(['example_xcom_args', 'example_xcom_args_with_operators']) retrieved from /home/airflow/.local/lib/python3.7/site-packages/airflow/example_dags/example_xcomargs.py
[2023-04-19T09:00:22.770+0000] {logging_mixin.py:137} INFO - [2023-04-19T09:00:22.768+0000] {dag.py:2705} INFO - Sync 2 DAGs
[2023-04-19T09:00:22.850+0000] {logging_mixin.py:137} INFO - [2023-04-19T09:00:22.850+0000] {dag.py:3456} INFO - Setting next_dagrun for example_xcom_args to None, run_after=None
[2023-04-19T09:00:22.863+0000] {logging_mixin.py:137} INFO - [2023-04-19T09:00:22.863+0000] {dag.py:3456} INFO - Setting next_dagrun for example_xcom_args_with_operators to None, run_after=None
[2023-04-19T09:00:22.934+0000] {processor.py:175} INFO - Processing /home/airflow/.local/lib/python3.7/site-packages/airflow/example_dags/example_xcomargs.py took 0.380 seconds
[2023-04-19T09:00:53.789+0000] {processor.py:153} INFO - Started process (PID=344) to work on /home/airflow/.local/lib/python3.7/site-packages/airflow/example_dags/example_xcomargs.py
[2023-04-19T09:00:53.794+0000] {processor.py:743} INFO - Processing file /home/airflow/.local/lib/python3.7/site-packages/airflow/example_dags/example_xcomargs.py for tasks to queue
[2023-04-19T09:00:53.805+0000] {logging_mixin.py:137} INFO - [2023-04-19T09:00:53.803+0000] {dagbag.py:532} INFO - Filling up the DagBag from /home/airflow/.local/lib/python3.7/site-packages/airflow/example_dags/example_xcomargs.py
[2023-04-19T09:00:54.009+0000] {processor.py:753} INFO - DAG(s) dict_keys(['example_xcom_args_with_operators', 'example_xcom_args']) retrieved from /home/airflow/.local/lib/python3.7/site-packages/airflow/example_dags/example_xcomargs.py
[2023-04-19T09:00:54.166+0000] {logging_mixin.py:137} INFO - [2023-04-19T09:00:54.166+0000] {dag.py:2705} INFO - Sync 2 DAGs
[2023-04-19T09:00:54.324+0000] {logging_mixin.py:137} INFO - [2023-04-19T09:00:54.324+0000] {dag.py:3456} INFO - Setting next_dagrun for example_xcom_args to None, run_after=None
[2023-04-19T09:00:54.351+0000] {logging_mixin.py:137} INFO - [2023-04-19T09:00:54.351+0000] {dag.py:3456} INFO - Setting next_dagrun for example_xcom_args_with_operators to None, run_after=None
[2023-04-19T09:00:54.458+0000] {processor.py:175} INFO - Processing /home/airflow/.local/lib/python3.7/site-packages/airflow/example_dags/example_xcomargs.py took 0.680 seconds
[2023-04-19T09:01:25.110+0000] {processor.py:153} INFO - Started process (PID=397) to work on /home/airflow/.local/lib/python3.7/site-packages/airflow/example_dags/example_xcomargs.py
[2023-04-19T09:01:25.125+0000] {processor.py:743} INFO - Processing file /home/airflow/.local/lib/python3.7/site-packages/airflow/example_dags/example_xcomargs.py for tasks to queue
[2023-04-19T09:01:25.128+0000] {logging_mixin.py:137} INFO - [2023-04-19T09:01:25.128+0000] {dagbag.py:532} INFO - Filling up the DagBag from /home/airflow/.local/lib/python3.7/site-packages/airflow/example_dags/example_xcomargs.py
[2023-04-19T09:01:25.200+0000] {processor.py:753} INFO - DAG(s) dict_keys(['example_xcom_args', 'example_xcom_args_with_operators']) retrieved from /home/airflow/.local/lib/python3.7/site-packages/airflow/example_dags/example_xcomargs.py
[2023-04-19T09:01:25.264+0000] {logging_mixin.py:137} INFO - [2023-04-19T09:01:25.264+0000] {dag.py:2705} INFO - Sync 2 DAGs
[2023-04-19T09:01:25.344+0000] {logging_mixin.py:137} INFO - [2023-04-19T09:01:25.343+0000] {dag.py:3456} INFO - Setting next_dagrun for example_xcom_args to None, run_after=None
[2023-04-19T09:01:25.360+0000] {logging_mixin.py:137} INFO - [2023-04-19T09:01:25.359+0000] {dag.py:3456} INFO - Setting next_dagrun for example_xcom_args_with_operators to None, run_after=None
[2023-04-19T09:01:25.401+0000] {processor.py:175} INFO - Processing /home/airflow/.local/lib/python3.7/site-packages/airflow/example_dags/example_xcomargs.py took 0.311 seconds
[2023-04-19T09:01:55.472+0000] {processor.py:153} INFO - Started process (PID=453) to work on /home/airflow/.local/lib/python3.7/site-packages/airflow/example_dags/example_xcomargs.py
[2023-04-19T09:01:55.474+0000] {processor.py:743} INFO - Processing file /home/airflow/.local/lib/python3.7/site-packages/airflow/example_dags/example_xcomargs.py for tasks to queue
[2023-04-19T09:01:55.477+0000] {logging_mixin.py:137} INFO - [2023-04-19T09:01:55.477+0000] {dagbag.py:532} INFO - Filling up the DagBag from /home/airflow/.local/lib/python3.7/site-packages/airflow/example_dags/example_xcomargs.py
[2023-04-19T09:01:55.524+0000] {processor.py:753} INFO - DAG(s) dict_keys(['example_xcom_args', 'example_xcom_args_with_operators']) retrieved from /home/airflow/.local/lib/python3.7/site-packages/airflow/example_dags/example_xcomargs.py
[2023-04-19T09:01:55.578+0000] {logging_mixin.py:137} INFO - [2023-04-19T09:01:55.576+0000] {dag.py:2705} INFO - Sync 2 DAGs
[2023-04-19T09:01:55.627+0000] {logging_mixin.py:137} INFO - [2023-04-19T09:01:55.627+0000] {dag.py:3456} INFO - Setting next_dagrun for example_xcom_args to None, run_after=None
[2023-04-19T09:01:55.633+0000] {logging_mixin.py:137} INFO - [2023-04-19T09:01:55.633+0000] {dag.py:3456} INFO - Setting next_dagrun for example_xcom_args_with_operators to None, run_after=None
[2023-04-19T09:01:55.683+0000] {processor.py:175} INFO - Processing /home/airflow/.local/lib/python3.7/site-packages/airflow/example_dags/example_xcomargs.py took 0.216 seconds
[2023-04-19T09:02:25.761+0000] {processor.py:153} INFO - Started process (PID=504) to work on /home/airflow/.local/lib/python3.7/site-packages/airflow/example_dags/example_xcomargs.py
[2023-04-19T09:02:25.763+0000] {processor.py:743} INFO - Processing file /home/airflow/.local/lib/python3.7/site-packages/airflow/example_dags/example_xcomargs.py for tasks to queue
[2023-04-19T09:02:25.765+0000] {logging_mixin.py:137} INFO - [2023-04-19T09:02:25.765+0000] {dagbag.py:532} INFO - Filling up the DagBag from /home/airflow/.local/lib/python3.7/site-packages/airflow/example_dags/example_xcomargs.py
[2023-04-19T09:02:25.805+0000] {processor.py:753} INFO - DAG(s) dict_keys(['example_xcom_args', 'example_xcom_args_with_operators']) retrieved from /home/airflow/.local/lib/python3.7/site-packages/airflow/example_dags/example_xcomargs.py
[2023-04-19T09:02:25.851+0000] {logging_mixin.py:137} INFO - [2023-04-19T09:02:25.851+0000] {dag.py:2705} INFO - Sync 2 DAGs
[2023-04-19T09:02:25.885+0000] {logging_mixin.py:137} INFO - [2023-04-19T09:02:25.885+0000] {dag.py:3456} INFO - Setting next_dagrun for example_xcom_args to None, run_after=None
[2023-04-19T09:02:25.890+0000] {logging_mixin.py:137} INFO - [2023-04-19T09:02:25.890+0000] {dag.py:3456} INFO - Setting next_dagrun for example_xcom_args_with_operators to None, run_after=None
[2023-04-19T09:02:25.914+0000] {processor.py:175} INFO - Processing /home/airflow/.local/lib/python3.7/site-packages/airflow/example_dags/example_xcomargs.py took 0.157 seconds
[2023-04-19T09:02:56.137+0000] {processor.py:153} INFO - Started process (PID=555) to work on /home/airflow/.local/lib/python3.7/site-packages/airflow/example_dags/example_xcomargs.py
[2023-04-19T09:02:56.139+0000] {processor.py:743} INFO - Processing file /home/airflow/.local/lib/python3.7/site-packages/airflow/example_dags/example_xcomargs.py for tasks to queue
[2023-04-19T09:02:56.140+0000] {logging_mixin.py:137} INFO - [2023-04-19T09:02:56.140+0000] {dagbag.py:532} INFO - Filling up the DagBag from /home/airflow/.local/lib/python3.7/site-packages/airflow/example_dags/example_xcomargs.py
[2023-04-19T09:02:56.179+0000] {processor.py:753} INFO - DAG(s) dict_keys(['example_xcom_args_with_operators', 'example_xcom_args']) retrieved from /home/airflow/.local/lib/python3.7/site-packages/airflow/example_dags/example_xcomargs.py
[2023-04-19T09:02:56.232+0000] {logging_mixin.py:137} INFO - [2023-04-19T09:02:56.232+0000] {dag.py:2705} INFO - Sync 2 DAGs
[2023-04-19T09:02:56.279+0000] {logging_mixin.py:137} INFO - [2023-04-19T09:02:56.278+0000] {dag.py:3456} INFO - Setting next_dagrun for example_xcom_args to None, run_after=None
[2023-04-19T09:02:56.285+0000] {logging_mixin.py:137} INFO - [2023-04-19T09:02:56.285+0000] {dag.py:3456} INFO - Setting next_dagrun for example_xcom_args_with_operators to None, run_after=None
[2023-04-19T09:02:56.315+0000] {processor.py:175} INFO - Processing /home/airflow/.local/lib/python3.7/site-packages/airflow/example_dags/example_xcomargs.py took 0.183 seconds
[2023-04-19T09:03:26.500+0000] {processor.py:153} INFO - Started process (PID=610) to work on /home/airflow/.local/lib/python3.7/site-packages/airflow/example_dags/example_xcomargs.py
[2023-04-19T09:03:26.504+0000] {processor.py:743} INFO - Processing file /home/airflow/.local/lib/python3.7/site-packages/airflow/example_dags/example_xcomargs.py for tasks to queue
[2023-04-19T09:03:26.508+0000] {logging_mixin.py:137} INFO - [2023-04-19T09:03:26.507+0000] {dagbag.py:532} INFO - Filling up the DagBag from /home/airflow/.local/lib/python3.7/site-packages/airflow/example_dags/example_xcomargs.py
[2023-04-19T09:03:26.554+0000] {processor.py:753} INFO - DAG(s) dict_keys(['example_xcom_args', 'example_xcom_args_with_operators']) retrieved from /home/airflow/.local/lib/python3.7/site-packages/airflow/example_dags/example_xcomargs.py
[2023-04-19T09:03:26.614+0000] {logging_mixin.py:137} INFO - [2023-04-19T09:03:26.613+0000] {dag.py:2705} INFO - Sync 2 DAGs
[2023-04-19T09:03:26.689+0000] {logging_mixin.py:137} INFO - [2023-04-19T09:03:26.683+0000] {dag.py:3456} INFO - Setting next_dagrun for example_xcom_args to None, run_after=None
[2023-04-19T09:03:26.710+0000] {logging_mixin.py:137} INFO - [2023-04-19T09:03:26.709+0000] {dag.py:3456} INFO - Setting next_dagrun for example_xcom_args_with_operators to None, run_after=None
[2023-04-19T09:03:26.746+0000] {processor.py:175} INFO - Processing /home/airflow/.local/lib/python3.7/site-packages/airflow/example_dags/example_xcomargs.py took 0.263 seconds
[2023-04-19T09:03:56.879+0000] {processor.py:153} INFO - Started process (PID=662) to work on /home/airflow/.local/lib/python3.7/site-packages/airflow/example_dags/example_xcomargs.py
[2023-04-19T09:03:56.881+0000] {processor.py:743} INFO - Processing file /home/airflow/.local/lib/python3.7/site-packages/airflow/example_dags/example_xcomargs.py for tasks to queue
[2023-04-19T09:03:56.884+0000] {logging_mixin.py:137} INFO - [2023-04-19T09:03:56.884+0000] {dagbag.py:532} INFO - Filling up the DagBag from /home/airflow/.local/lib/python3.7/site-packages/airflow/example_dags/example_xcomargs.py
[2023-04-19T09:03:56.931+0000] {processor.py:753} INFO - DAG(s) dict_keys(['example_xcom_args', 'example_xcom_args_with_operators']) retrieved from /home/airflow/.local/lib/python3.7/site-packages/airflow/example_dags/example_xcomargs.py
[2023-04-19T09:03:56.979+0000] {logging_mixin.py:137} INFO - [2023-04-19T09:03:56.978+0000] {dag.py:2705} INFO - Sync 2 DAGs
[2023-04-19T09:03:57.046+0000] {logging_mixin.py:137} INFO - [2023-04-19T09:03:57.045+0000] {dag.py:3456} INFO - Setting next_dagrun for example_xcom_args to None, run_after=None
[2023-04-19T09:03:57.054+0000] {logging_mixin.py:137} INFO - [2023-04-19T09:03:57.054+0000] {dag.py:3456} INFO - Setting next_dagrun for example_xcom_args_with_operators to None, run_after=None
[2023-04-19T09:03:57.120+0000] {processor.py:175} INFO - Processing /home/airflow/.local/lib/python3.7/site-packages/airflow/example_dags/example_xcomargs.py took 0.259 seconds
[2023-04-19T09:04:27.480+0000] {processor.py:153} INFO - Started process (PID=713) to work on /home/airflow/.local/lib/python3.7/site-packages/airflow/example_dags/example_xcomargs.py
[2023-04-19T09:04:27.483+0000] {processor.py:743} INFO - Processing file /home/airflow/.local/lib/python3.7/site-packages/airflow/example_dags/example_xcomargs.py for tasks to queue
[2023-04-19T09:04:27.485+0000] {logging_mixin.py:137} INFO - [2023-04-19T09:04:27.485+0000] {dagbag.py:532} INFO - Filling up the DagBag from /home/airflow/.local/lib/python3.7/site-packages/airflow/example_dags/example_xcomargs.py
[2023-04-19T09:04:27.540+0000] {processor.py:753} INFO - DAG(s) dict_keys(['example_xcom_args', 'example_xcom_args_with_operators']) retrieved from /home/airflow/.local/lib/python3.7/site-packages/airflow/example_dags/example_xcomargs.py
[2023-04-19T09:04:27.585+0000] {logging_mixin.py:137} INFO - [2023-04-19T09:04:27.585+0000] {dag.py:2705} INFO - Sync 2 DAGs
[2023-04-19T09:04:27.625+0000] {logging_mixin.py:137} INFO - [2023-04-19T09:04:27.625+0000] {dag.py:3456} INFO - Setting next_dagrun for example_xcom_args to None, run_after=None
[2023-04-19T09:04:27.631+0000] {logging_mixin.py:137} INFO - [2023-04-19T09:04:27.630+0000] {dag.py:3456} INFO - Setting next_dagrun for example_xcom_args_with_operators to None, run_after=None
[2023-04-19T09:04:27.652+0000] {processor.py:175} INFO - Processing /home/airflow/.local/lib/python3.7/site-packages/airflow/example_dags/example_xcomargs.py took 0.182 seconds
[2023-04-19T09:04:57.844+0000] {processor.py:153} INFO - Started process (PID=767) to work on /home/airflow/.local/lib/python3.7/site-packages/airflow/example_dags/example_xcomargs.py
[2023-04-19T09:04:57.847+0000] {processor.py:743} INFO - Processing file /home/airflow/.local/lib/python3.7/site-packages/airflow/example_dags/example_xcomargs.py for tasks to queue
[2023-04-19T09:04:57.850+0000] {logging_mixin.py:137} INFO - [2023-04-19T09:04:57.849+0000] {dagbag.py:532} INFO - Filling up the DagBag from /home/airflow/.local/lib/python3.7/site-packages/airflow/example_dags/example_xcomargs.py
[2023-04-19T09:04:57.894+0000] {processor.py:753} INFO - DAG(s) dict_keys(['example_xcom_args_with_operators', 'example_xcom_args']) retrieved from /home/airflow/.local/lib/python3.7/site-packages/airflow/example_dags/example_xcomargs.py
[2023-04-19T09:04:57.955+0000] {logging_mixin.py:137} INFO - [2023-04-19T09:04:57.955+0000] {dag.py:2705} INFO - Sync 2 DAGs
[2023-04-19T09:04:58.009+0000] {logging_mixin.py:137} INFO - [2023-04-19T09:04:58.009+0000] {dag.py:3456} INFO - Setting next_dagrun for example_xcom_args to None, run_after=None
[2023-04-19T09:04:58.015+0000] {logging_mixin.py:137} INFO - [2023-04-19T09:04:58.015+0000] {dag.py:3456} INFO - Setting next_dagrun for example_xcom_args_with_operators to None, run_after=None
[2023-04-19T09:04:58.042+0000] {processor.py:175} INFO - Processing /home/airflow/.local/lib/python3.7/site-packages/airflow/example_dags/example_xcomargs.py took 0.216 seconds
[2023-04-19T09:05:28.202+0000] {processor.py:153} INFO - Started process (PID=819) to work on /home/airflow/.local/lib/python3.7/site-packages/airflow/example_dags/example_xcomargs.py
[2023-04-19T09:05:28.203+0000] {processor.py:743} INFO - Processing file /home/airflow/.local/lib/python3.7/site-packages/airflow/example_dags/example_xcomargs.py for tasks to queue
[2023-04-19T09:05:28.205+0000] {logging_mixin.py:137} INFO - [2023-04-19T09:05:28.205+0000] {dagbag.py:532} INFO - Filling up the DagBag from /home/airflow/.local/lib/python3.7/site-packages/airflow/example_dags/example_xcomargs.py
[2023-04-19T09:05:28.236+0000] {processor.py:753} INFO - DAG(s) dict_keys(['example_xcom_args', 'example_xcom_args_with_operators']) retrieved from /home/airflow/.local/lib/python3.7/site-packages/airflow/example_dags/example_xcomargs.py
[2023-04-19T09:05:28.276+0000] {logging_mixin.py:137} INFO - [2023-04-19T09:05:28.276+0000] {dag.py:2705} INFO - Sync 2 DAGs
[2023-04-19T09:05:28.312+0000] {logging_mixin.py:137} INFO - [2023-04-19T09:05:28.312+0000] {dag.py:3456} INFO - Setting next_dagrun for example_xcom_args to None, run_after=None
[2023-04-19T09:05:28.319+0000] {logging_mixin.py:137} INFO - [2023-04-19T09:05:28.318+0000] {dag.py:3456} INFO - Setting next_dagrun for example_xcom_args_with_operators to None, run_after=None
[2023-04-19T09:05:28.349+0000] {processor.py:175} INFO - Processing /home/airflow/.local/lib/python3.7/site-packages/airflow/example_dags/example_xcomargs.py took 0.151 seconds
[2023-04-19T09:05:58.463+0000] {processor.py:153} INFO - Started process (PID=871) to work on /home/airflow/.local/lib/python3.7/site-packages/airflow/example_dags/example_xcomargs.py
[2023-04-19T09:05:58.465+0000] {processor.py:743} INFO - Processing file /home/airflow/.local/lib/python3.7/site-packages/airflow/example_dags/example_xcomargs.py for tasks to queue
[2023-04-19T09:05:58.468+0000] {logging_mixin.py:137} INFO - [2023-04-19T09:05:58.467+0000] {dagbag.py:532} INFO - Filling up the DagBag from /home/airflow/.local/lib/python3.7/site-packages/airflow/example_dags/example_xcomargs.py
[2023-04-19T09:05:58.504+0000] {processor.py:753} INFO - DAG(s) dict_keys(['example_xcom_args_with_operators', 'example_xcom_args']) retrieved from /home/airflow/.local/lib/python3.7/site-packages/airflow/example_dags/example_xcomargs.py
[2023-04-19T09:05:58.570+0000] {logging_mixin.py:137} INFO - [2023-04-19T09:05:58.568+0000] {dag.py:2705} INFO - Sync 2 DAGs
[2023-04-19T09:05:58.610+0000] {logging_mixin.py:137} INFO - [2023-04-19T09:05:58.610+0000] {dag.py:3456} INFO - Setting next_dagrun for example_xcom_args to None, run_after=None
[2023-04-19T09:05:58.620+0000] {logging_mixin.py:137} INFO - [2023-04-19T09:05:58.619+0000] {dag.py:3456} INFO - Setting next_dagrun for example_xcom_args_with_operators to None, run_after=None
[2023-04-19T09:05:58.647+0000] {processor.py:175} INFO - Processing /home/airflow/.local/lib/python3.7/site-packages/airflow/example_dags/example_xcomargs.py took 0.193 seconds
[2023-04-19T09:06:28.877+0000] {processor.py:153} INFO - Started process (PID=922) to work on /home/airflow/.local/lib/python3.7/site-packages/airflow/example_dags/example_xcomargs.py
[2023-04-19T09:06:28.883+0000] {processor.py:743} INFO - Processing file /home/airflow/.local/lib/python3.7/site-packages/airflow/example_dags/example_xcomargs.py for tasks to queue
[2023-04-19T09:06:28.887+0000] {logging_mixin.py:137} INFO - [2023-04-19T09:06:28.886+0000] {dagbag.py:532} INFO - Filling up the DagBag from /home/airflow/.local/lib/python3.7/site-packages/airflow/example_dags/example_xcomargs.py
[2023-04-19T09:06:28.981+0000] {processor.py:753} INFO - DAG(s) dict_keys(['example_xcom_args', 'example_xcom_args_with_operators']) retrieved from /home/airflow/.local/lib/python3.7/site-packages/airflow/example_dags/example_xcomargs.py
[2023-04-19T09:06:29.049+0000] {logging_mixin.py:137} INFO - [2023-04-19T09:06:29.048+0000] {dag.py:2705} INFO - Sync 2 DAGs
[2023-04-19T09:06:29.086+0000] {logging_mixin.py:137} INFO - [2023-04-19T09:06:29.086+0000] {dag.py:3456} INFO - Setting next_dagrun for example_xcom_args to None, run_after=None
[2023-04-19T09:06:29.091+0000] {logging_mixin.py:137} INFO - [2023-04-19T09:06:29.091+0000] {dag.py:3456} INFO - Setting next_dagrun for example_xcom_args_with_operators to None, run_after=None
[2023-04-19T09:06:29.129+0000] {processor.py:175} INFO - Processing /home/airflow/.local/lib/python3.7/site-packages/airflow/example_dags/example_xcomargs.py took 0.264 seconds
[2023-04-19T09:06:59.249+0000] {processor.py:153} INFO - Started process (PID=974) to work on /home/airflow/.local/lib/python3.7/site-packages/airflow/example_dags/example_xcomargs.py
[2023-04-19T09:06:59.255+0000] {processor.py:743} INFO - Processing file /home/airflow/.local/lib/python3.7/site-packages/airflow/example_dags/example_xcomargs.py for tasks to queue
[2023-04-19T09:06:59.258+0000] {logging_mixin.py:137} INFO - [2023-04-19T09:06:59.258+0000] {dagbag.py:532} INFO - Filling up the DagBag from /home/airflow/.local/lib/python3.7/site-packages/airflow/example_dags/example_xcomargs.py
[2023-04-19T09:06:59.371+0000] {processor.py:753} INFO - DAG(s) dict_keys(['example_xcom_args', 'example_xcom_args_with_operators']) retrieved from /home/airflow/.local/lib/python3.7/site-packages/airflow/example_dags/example_xcomargs.py
[2023-04-19T09:06:59.522+0000] {logging_mixin.py:137} INFO - [2023-04-19T09:06:59.520+0000] {dag.py:2705} INFO - Sync 2 DAGs
[2023-04-19T09:06:59.592+0000] {logging_mixin.py:137} INFO - [2023-04-19T09:06:59.592+0000] {dag.py:3456} INFO - Setting next_dagrun for example_xcom_args to None, run_after=None
[2023-04-19T09:06:59.603+0000] {logging_mixin.py:137} INFO - [2023-04-19T09:06:59.603+0000] {dag.py:3456} INFO - Setting next_dagrun for example_xcom_args_with_operators to None, run_after=None
[2023-04-19T09:06:59.663+0000] {processor.py:175} INFO - Processing /home/airflow/.local/lib/python3.7/site-packages/airflow/example_dags/example_xcomargs.py took 0.420 seconds
[2023-04-19T09:07:29.737+0000] {processor.py:153} INFO - Started process (PID=1026) to work on /home/airflow/.local/lib/python3.7/site-packages/airflow/example_dags/example_xcomargs.py
[2023-04-19T09:07:29.739+0000] {processor.py:743} INFO - Processing file /home/airflow/.local/lib/python3.7/site-packages/airflow/example_dags/example_xcomargs.py for tasks to queue
[2023-04-19T09:07:29.741+0000] {logging_mixin.py:137} INFO - [2023-04-19T09:07:29.741+0000] {dagbag.py:532} INFO - Filling up the DagBag from /home/airflow/.local/lib/python3.7/site-packages/airflow/example_dags/example_xcomargs.py
[2023-04-19T09:07:29.786+0000] {processor.py:753} INFO - DAG(s) dict_keys(['example_xcom_args_with_operators', 'example_xcom_args']) retrieved from /home/airflow/.local/lib/python3.7/site-packages/airflow/example_dags/example_xcomargs.py
[2023-04-19T09:07:29.845+0000] {logging_mixin.py:137} INFO - [2023-04-19T09:07:29.844+0000] {dag.py:2705} INFO - Sync 2 DAGs
[2023-04-19T09:07:29.911+0000] {logging_mixin.py:137} INFO - [2023-04-19T09:07:29.911+0000] {dag.py:3456} INFO - Setting next_dagrun for example_xcom_args to None, run_after=None
[2023-04-19T09:07:29.918+0000] {logging_mixin.py:137} INFO - [2023-04-19T09:07:29.917+0000] {dag.py:3456} INFO - Setting next_dagrun for example_xcom_args_with_operators to None, run_after=None
[2023-04-19T09:07:29.946+0000] {processor.py:175} INFO - Processing /home/airflow/.local/lib/python3.7/site-packages/airflow/example_dags/example_xcomargs.py took 0.214 seconds
[2023-04-19T09:08:00.734+0000] {processor.py:153} INFO - Started process (PID=1078) to work on /home/airflow/.local/lib/python3.7/site-packages/airflow/example_dags/example_xcomargs.py
[2023-04-19T09:08:00.736+0000] {processor.py:743} INFO - Processing file /home/airflow/.local/lib/python3.7/site-packages/airflow/example_dags/example_xcomargs.py for tasks to queue
[2023-04-19T09:08:00.738+0000] {logging_mixin.py:137} INFO - [2023-04-19T09:08:00.738+0000] {dagbag.py:532} INFO - Filling up the DagBag from /home/airflow/.local/lib/python3.7/site-packages/airflow/example_dags/example_xcomargs.py
[2023-04-19T09:08:00.789+0000] {processor.py:753} INFO - DAG(s) dict_keys(['example_xcom_args', 'example_xcom_args_with_operators']) retrieved from /home/airflow/.local/lib/python3.7/site-packages/airflow/example_dags/example_xcomargs.py
[2023-04-19T09:08:00.843+0000] {logging_mixin.py:137} INFO - [2023-04-19T09:08:00.842+0000] {dag.py:2705} INFO - Sync 2 DAGs
[2023-04-19T09:08:00.912+0000] {logging_mixin.py:137} INFO - [2023-04-19T09:08:00.911+0000] {dag.py:3456} INFO - Setting next_dagrun for example_xcom_args to None, run_after=None
[2023-04-19T09:08:00.932+0000] {logging_mixin.py:137} INFO - [2023-04-19T09:08:00.932+0000] {dag.py:3456} INFO - Setting next_dagrun for example_xcom_args_with_operators to None, run_after=None
[2023-04-19T09:08:01.015+0000] {processor.py:175} INFO - Processing /home/airflow/.local/lib/python3.7/site-packages/airflow/example_dags/example_xcomargs.py took 0.285 seconds
[2023-04-19T09:09:25.149+0000] {processor.py:153} INFO - Started process (PID=1127) to work on /home/airflow/.local/lib/python3.7/site-packages/airflow/example_dags/example_xcomargs.py
[2023-04-19T09:09:25.167+0000] {processor.py:743} INFO - Processing file /home/airflow/.local/lib/python3.7/site-packages/airflow/example_dags/example_xcomargs.py for tasks to queue
[2023-04-19T09:09:25.190+0000] {logging_mixin.py:137} INFO - [2023-04-19T09:09:25.189+0000] {dagbag.py:532} INFO - Filling up the DagBag from /home/airflow/.local/lib/python3.7/site-packages/airflow/example_dags/example_xcomargs.py
[2023-04-19T09:09:25.281+0000] {processor.py:753} INFO - DAG(s) dict_keys(['example_xcom_args', 'example_xcom_args_with_operators']) retrieved from /home/airflow/.local/lib/python3.7/site-packages/airflow/example_dags/example_xcomargs.py
[2023-04-19T09:09:25.334+0000] {logging_mixin.py:137} INFO - [2023-04-19T09:09:25.334+0000] {dag.py:2705} INFO - Sync 2 DAGs
[2023-04-19T09:09:25.395+0000] {logging_mixin.py:137} INFO - [2023-04-19T09:09:25.394+0000] {dag.py:3456} INFO - Setting next_dagrun for example_xcom_args to None, run_after=None
[2023-04-19T09:09:25.409+0000] {logging_mixin.py:137} INFO - [2023-04-19T09:09:25.409+0000] {dag.py:3456} INFO - Setting next_dagrun for example_xcom_args_with_operators to None, run_after=None
[2023-04-19T09:09:25.443+0000] {processor.py:175} INFO - Processing /home/airflow/.local/lib/python3.7/site-packages/airflow/example_dags/example_xcomargs.py took 0.306 seconds
[2023-04-19T09:09:55.659+0000] {processor.py:153} INFO - Started process (PID=1181) to work on /home/airflow/.local/lib/python3.7/site-packages/airflow/example_dags/example_xcomargs.py
[2023-04-19T09:09:55.660+0000] {processor.py:743} INFO - Processing file /home/airflow/.local/lib/python3.7/site-packages/airflow/example_dags/example_xcomargs.py for tasks to queue
[2023-04-19T09:09:55.662+0000] {logging_mixin.py:137} INFO - [2023-04-19T09:09:55.661+0000] {dagbag.py:532} INFO - Filling up the DagBag from /home/airflow/.local/lib/python3.7/site-packages/airflow/example_dags/example_xcomargs.py
[2023-04-19T09:09:55.692+0000] {processor.py:753} INFO - DAG(s) dict_keys(['example_xcom_args_with_operators', 'example_xcom_args']) retrieved from /home/airflow/.local/lib/python3.7/site-packages/airflow/example_dags/example_xcomargs.py
[2023-04-19T09:09:55.732+0000] {logging_mixin.py:137} INFO - [2023-04-19T09:09:55.732+0000] {dag.py:2705} INFO - Sync 2 DAGs
[2023-04-19T09:09:55.764+0000] {logging_mixin.py:137} INFO - [2023-04-19T09:09:55.764+0000] {dag.py:3456} INFO - Setting next_dagrun for example_xcom_args to None, run_after=None
[2023-04-19T09:09:55.773+0000] {logging_mixin.py:137} INFO - [2023-04-19T09:09:55.773+0000] {dag.py:3456} INFO - Setting next_dagrun for example_xcom_args_with_operators to None, run_after=None
[2023-04-19T09:09:55.799+0000] {processor.py:175} INFO - Processing /home/airflow/.local/lib/python3.7/site-packages/airflow/example_dags/example_xcomargs.py took 0.145 seconds
[2023-04-19T09:10:25.842+0000] {processor.py:153} INFO - Started process (PID=1234) to work on /home/airflow/.local/lib/python3.7/site-packages/airflow/example_dags/example_xcomargs.py
[2023-04-19T09:10:25.848+0000] {processor.py:743} INFO - Processing file /home/airflow/.local/lib/python3.7/site-packages/airflow/example_dags/example_xcomargs.py for tasks to queue
[2023-04-19T09:10:25.852+0000] {logging_mixin.py:137} INFO - [2023-04-19T09:10:25.852+0000] {dagbag.py:532} INFO - Filling up the DagBag from /home/airflow/.local/lib/python3.7/site-packages/airflow/example_dags/example_xcomargs.py
[2023-04-19T09:10:25.897+0000] {processor.py:753} INFO - DAG(s) dict_keys(['example_xcom_args_with_operators', 'example_xcom_args']) retrieved from /home/airflow/.local/lib/python3.7/site-packages/airflow/example_dags/example_xcomargs.py
[2023-04-19T09:10:25.939+0000] {logging_mixin.py:137} INFO - [2023-04-19T09:10:25.939+0000] {dag.py:2705} INFO - Sync 2 DAGs
[2023-04-19T09:10:25.973+0000] {logging_mixin.py:137} INFO - [2023-04-19T09:10:25.973+0000] {dag.py:3456} INFO - Setting next_dagrun for example_xcom_args to None, run_after=None
[2023-04-19T09:10:25.977+0000] {logging_mixin.py:137} INFO - [2023-04-19T09:10:25.977+0000] {dag.py:3456} INFO - Setting next_dagrun for example_xcom_args_with_operators to None, run_after=None
[2023-04-19T09:10:25.996+0000] {processor.py:175} INFO - Processing /home/airflow/.local/lib/python3.7/site-packages/airflow/example_dags/example_xcomargs.py took 0.159 seconds
[2023-04-19T09:10:56.160+0000] {processor.py:153} INFO - Started process (PID=1286) to work on /home/airflow/.local/lib/python3.7/site-packages/airflow/example_dags/example_xcomargs.py
[2023-04-19T09:10:56.164+0000] {processor.py:743} INFO - Processing file /home/airflow/.local/lib/python3.7/site-packages/airflow/example_dags/example_xcomargs.py for tasks to queue
[2023-04-19T09:10:56.168+0000] {logging_mixin.py:137} INFO - [2023-04-19T09:10:56.167+0000] {dagbag.py:532} INFO - Filling up the DagBag from /home/airflow/.local/lib/python3.7/site-packages/airflow/example_dags/example_xcomargs.py
[2023-04-19T09:10:56.261+0000] {processor.py:753} INFO - DAG(s) dict_keys(['example_xcom_args', 'example_xcom_args_with_operators']) retrieved from /home/airflow/.local/lib/python3.7/site-packages/airflow/example_dags/example_xcomargs.py
[2023-04-19T09:10:56.368+0000] {logging_mixin.py:137} INFO - [2023-04-19T09:10:56.367+0000] {dag.py:2705} INFO - Sync 2 DAGs
[2023-04-19T09:10:56.412+0000] {logging_mixin.py:137} INFO - [2023-04-19T09:10:56.412+0000] {dag.py:3456} INFO - Setting next_dagrun for example_xcom_args to None, run_after=None
[2023-04-19T09:10:56.424+0000] {logging_mixin.py:137} INFO - [2023-04-19T09:10:56.424+0000] {dag.py:3456} INFO - Setting next_dagrun for example_xcom_args_with_operators to None, run_after=None
[2023-04-19T09:10:56.454+0000] {processor.py:175} INFO - Processing /home/airflow/.local/lib/python3.7/site-packages/airflow/example_dags/example_xcomargs.py took 0.309 seconds
[2023-04-19T09:11:26.569+0000] {processor.py:153} INFO - Started process (PID=1336) to work on /home/airflow/.local/lib/python3.7/site-packages/airflow/example_dags/example_xcomargs.py
[2023-04-19T09:11:26.572+0000] {processor.py:743} INFO - Processing file /home/airflow/.local/lib/python3.7/site-packages/airflow/example_dags/example_xcomargs.py for tasks to queue
[2023-04-19T09:11:26.574+0000] {logging_mixin.py:137} INFO - [2023-04-19T09:11:26.574+0000] {dagbag.py:532} INFO - Filling up the DagBag from /home/airflow/.local/lib/python3.7/site-packages/airflow/example_dags/example_xcomargs.py
[2023-04-19T09:11:26.642+0000] {processor.py:753} INFO - DAG(s) dict_keys(['example_xcom_args', 'example_xcom_args_with_operators']) retrieved from /home/airflow/.local/lib/python3.7/site-packages/airflow/example_dags/example_xcomargs.py
[2023-04-19T09:11:26.684+0000] {logging_mixin.py:137} INFO - [2023-04-19T09:11:26.684+0000] {dag.py:2705} INFO - Sync 2 DAGs
[2023-04-19T09:11:26.718+0000] {logging_mixin.py:137} INFO - [2023-04-19T09:11:26.718+0000] {dag.py:3456} INFO - Setting next_dagrun for example_xcom_args to None, run_after=None
[2023-04-19T09:11:26.727+0000] {logging_mixin.py:137} INFO - [2023-04-19T09:11:26.727+0000] {dag.py:3456} INFO - Setting next_dagrun for example_xcom_args_with_operators to None, run_after=None
[2023-04-19T09:11:26.745+0000] {processor.py:175} INFO - Processing /home/airflow/.local/lib/python3.7/site-packages/airflow/example_dags/example_xcomargs.py took 0.182 seconds
[2023-04-19T09:11:57.370+0000] {processor.py:153} INFO - Started process (PID=1387) to work on /home/airflow/.local/lib/python3.7/site-packages/airflow/example_dags/example_xcomargs.py
[2023-04-19T09:11:57.372+0000] {processor.py:743} INFO - Processing file /home/airflow/.local/lib/python3.7/site-packages/airflow/example_dags/example_xcomargs.py for tasks to queue
[2023-04-19T09:11:57.375+0000] {logging_mixin.py:137} INFO - [2023-04-19T09:11:57.375+0000] {dagbag.py:532} INFO - Filling up the DagBag from /home/airflow/.local/lib/python3.7/site-packages/airflow/example_dags/example_xcomargs.py
[2023-04-19T09:11:57.413+0000] {processor.py:753} INFO - DAG(s) dict_keys(['example_xcom_args', 'example_xcom_args_with_operators']) retrieved from /home/airflow/.local/lib/python3.7/site-packages/airflow/example_dags/example_xcomargs.py
[2023-04-19T09:11:57.455+0000] {logging_mixin.py:137} INFO - [2023-04-19T09:11:57.455+0000] {dag.py:2705} INFO - Sync 2 DAGs
[2023-04-19T09:11:57.544+0000] {logging_mixin.py:137} INFO - [2023-04-19T09:11:57.544+0000] {dag.py:3456} INFO - Setting next_dagrun for example_xcom_args to None, run_after=None
[2023-04-19T09:11:57.550+0000] {logging_mixin.py:137} INFO - [2023-04-19T09:11:57.549+0000] {dag.py:3456} INFO - Setting next_dagrun for example_xcom_args_with_operators to None, run_after=None
[2023-04-19T09:11:57.574+0000] {processor.py:175} INFO - Processing /home/airflow/.local/lib/python3.7/site-packages/airflow/example_dags/example_xcomargs.py took 0.214 seconds
[2023-04-19T09:29:35.200+0000] {processor.py:153} INFO - Started process (PID=1438) to work on /home/airflow/.local/lib/python3.7/site-packages/airflow/example_dags/example_xcomargs.py
[2023-04-19T09:29:35.207+0000] {processor.py:743} INFO - Processing file /home/airflow/.local/lib/python3.7/site-packages/airflow/example_dags/example_xcomargs.py for tasks to queue
[2023-04-19T09:29:35.211+0000] {logging_mixin.py:137} INFO - [2023-04-19T09:29:35.210+0000] {dagbag.py:532} INFO - Filling up the DagBag from /home/airflow/.local/lib/python3.7/site-packages/airflow/example_dags/example_xcomargs.py
[2023-04-19T09:29:35.488+0000] {processor.py:753} INFO - DAG(s) dict_keys(['example_xcom_args', 'example_xcom_args_with_operators']) retrieved from /home/airflow/.local/lib/python3.7/site-packages/airflow/example_dags/example_xcomargs.py
[2023-04-19T09:29:35.750+0000] {logging_mixin.py:137} INFO - [2023-04-19T09:29:35.750+0000] {dag.py:2705} INFO - Sync 2 DAGs
[2023-04-19T09:29:35.869+0000] {logging_mixin.py:137} INFO - [2023-04-19T09:29:35.869+0000] {dag.py:3456} INFO - Setting next_dagrun for example_xcom_args to None, run_after=None
[2023-04-19T09:29:35.890+0000] {logging_mixin.py:137} INFO - [2023-04-19T09:29:35.889+0000] {dag.py:3456} INFO - Setting next_dagrun for example_xcom_args_with_operators to None, run_after=None
[2023-04-19T09:29:35.959+0000] {processor.py:175} INFO - Processing /home/airflow/.local/lib/python3.7/site-packages/airflow/example_dags/example_xcomargs.py took 0.812 seconds
[2023-04-19T10:00:55.248+0000] {processor.py:153} INFO - Started process (PID=1489) to work on /home/airflow/.local/lib/python3.7/site-packages/airflow/example_dags/example_xcomargs.py
[2023-04-19T10:00:55.257+0000] {processor.py:743} INFO - Processing file /home/airflow/.local/lib/python3.7/site-packages/airflow/example_dags/example_xcomargs.py for tasks to queue
[2023-04-19T10:00:55.266+0000] {logging_mixin.py:137} INFO - [2023-04-19T10:00:55.265+0000] {dagbag.py:532} INFO - Filling up the DagBag from /home/airflow/.local/lib/python3.7/site-packages/airflow/example_dags/example_xcomargs.py
[2023-04-19T10:00:55.441+0000] {processor.py:753} INFO - DAG(s) dict_keys(['example_xcom_args_with_operators', 'example_xcom_args']) retrieved from /home/airflow/.local/lib/python3.7/site-packages/airflow/example_dags/example_xcomargs.py
[2023-04-19T10:00:55.678+0000] {logging_mixin.py:137} INFO - [2023-04-19T10:00:55.677+0000] {dag.py:2705} INFO - Sync 2 DAGs
[2023-04-19T10:00:55.961+0000] {logging_mixin.py:137} INFO - [2023-04-19T10:00:55.960+0000] {dag.py:3456} INFO - Setting next_dagrun for example_xcom_args to None, run_after=None
[2023-04-19T10:00:56.002+0000] {logging_mixin.py:137} INFO - [2023-04-19T10:00:56.001+0000] {dag.py:3456} INFO - Setting next_dagrun for example_xcom_args_with_operators to None, run_after=None
[2023-04-19T10:00:56.153+0000] {processor.py:175} INFO - Processing /home/airflow/.local/lib/python3.7/site-packages/airflow/example_dags/example_xcomargs.py took 0.933 seconds
[2023-04-19T10:16:48.842+0000] {processor.py:153} INFO - Started process (PID=1539) to work on /home/airflow/.local/lib/python3.7/site-packages/airflow/example_dags/example_xcomargs.py
[2023-04-19T10:16:48.852+0000] {processor.py:743} INFO - Processing file /home/airflow/.local/lib/python3.7/site-packages/airflow/example_dags/example_xcomargs.py for tasks to queue
[2023-04-19T10:16:48.861+0000] {logging_mixin.py:137} INFO - [2023-04-19T10:16:48.860+0000] {dagbag.py:532} INFO - Filling up the DagBag from /home/airflow/.local/lib/python3.7/site-packages/airflow/example_dags/example_xcomargs.py
[2023-04-19T10:16:49.087+0000] {processor.py:753} INFO - DAG(s) dict_keys(['example_xcom_args', 'example_xcom_args_with_operators']) retrieved from /home/airflow/.local/lib/python3.7/site-packages/airflow/example_dags/example_xcomargs.py
[2023-04-19T10:16:49.388+0000] {logging_mixin.py:137} INFO - [2023-04-19T10:16:49.387+0000] {dag.py:2705} INFO - Sync 2 DAGs
[2023-04-19T10:16:49.660+0000] {logging_mixin.py:137} INFO - [2023-04-19T10:16:49.660+0000] {dag.py:3456} INFO - Setting next_dagrun for example_xcom_args to None, run_after=None
[2023-04-19T10:16:49.705+0000] {logging_mixin.py:137} INFO - [2023-04-19T10:16:49.704+0000] {dag.py:3456} INFO - Setting next_dagrun for example_xcom_args_with_operators to None, run_after=None
[2023-04-19T10:16:49.984+0000] {processor.py:175} INFO - Processing /home/airflow/.local/lib/python3.7/site-packages/airflow/example_dags/example_xcomargs.py took 1.168 seconds
[2023-04-19T12:32:39.812+0000] {processor.py:153} INFO - Started process (PID=1591) to work on /home/airflow/.local/lib/python3.7/site-packages/airflow/example_dags/example_xcomargs.py
[2023-04-19T12:32:39.833+0000] {processor.py:743} INFO - Processing file /home/airflow/.local/lib/python3.7/site-packages/airflow/example_dags/example_xcomargs.py for tasks to queue
[2023-04-19T12:32:39.835+0000] {logging_mixin.py:137} INFO - [2023-04-19T12:32:39.835+0000] {dagbag.py:532} INFO - Filling up the DagBag from /home/airflow/.local/lib/python3.7/site-packages/airflow/example_dags/example_xcomargs.py
[2023-04-19T12:32:39.941+0000] {processor.py:753} INFO - DAG(s) dict_keys(['example_xcom_args', 'example_xcom_args_with_operators']) retrieved from /home/airflow/.local/lib/python3.7/site-packages/airflow/example_dags/example_xcomargs.py
[2023-04-19T12:32:40.079+0000] {logging_mixin.py:137} INFO - [2023-04-19T12:32:40.079+0000] {dag.py:2705} INFO - Sync 2 DAGs
[2023-04-19T12:32:40.261+0000] {logging_mixin.py:137} INFO - [2023-04-19T12:32:40.260+0000] {dag.py:3456} INFO - Setting next_dagrun for example_xcom_args to None, run_after=None
[2023-04-19T12:32:40.281+0000] {logging_mixin.py:137} INFO - [2023-04-19T12:32:40.281+0000] {dag.py:3456} INFO - Setting next_dagrun for example_xcom_args_with_operators to None, run_after=None
[2023-04-19T12:32:40.396+0000] {processor.py:175} INFO - Processing /home/airflow/.local/lib/python3.7/site-packages/airflow/example_dags/example_xcomargs.py took 0.589 seconds
[2023-04-19T12:33:11.094+0000] {processor.py:153} INFO - Started process (PID=1643) to work on /home/airflow/.local/lib/python3.7/site-packages/airflow/example_dags/example_xcomargs.py
[2023-04-19T12:33:11.098+0000] {processor.py:743} INFO - Processing file /home/airflow/.local/lib/python3.7/site-packages/airflow/example_dags/example_xcomargs.py for tasks to queue
[2023-04-19T12:33:11.101+0000] {logging_mixin.py:137} INFO - [2023-04-19T12:33:11.100+0000] {dagbag.py:532} INFO - Filling up the DagBag from /home/airflow/.local/lib/python3.7/site-packages/airflow/example_dags/example_xcomargs.py
[2023-04-19T12:33:11.145+0000] {processor.py:753} INFO - DAG(s) dict_keys(['example_xcom_args', 'example_xcom_args_with_operators']) retrieved from /home/airflow/.local/lib/python3.7/site-packages/airflow/example_dags/example_xcomargs.py
[2023-04-19T12:33:11.191+0000] {logging_mixin.py:137} INFO - [2023-04-19T12:33:11.191+0000] {dag.py:2705} INFO - Sync 2 DAGs
[2023-04-19T12:33:11.238+0000] {logging_mixin.py:137} INFO - [2023-04-19T12:33:11.238+0000] {dag.py:3456} INFO - Setting next_dagrun for example_xcom_args to None, run_after=None
[2023-04-19T12:33:11.248+0000] {logging_mixin.py:137} INFO - [2023-04-19T12:33:11.248+0000] {dag.py:3456} INFO - Setting next_dagrun for example_xcom_args_with_operators to None, run_after=None
[2023-04-19T12:33:11.333+0000] {processor.py:175} INFO - Processing /home/airflow/.local/lib/python3.7/site-packages/airflow/example_dags/example_xcomargs.py took 0.257 seconds
[2023-04-19T13:31:34.269+0000] {processor.py:153} INFO - Started process (PID=1696) to work on /home/airflow/.local/lib/python3.7/site-packages/airflow/example_dags/example_xcomargs.py
[2023-04-19T13:31:34.293+0000] {processor.py:743} INFO - Processing file /home/airflow/.local/lib/python3.7/site-packages/airflow/example_dags/example_xcomargs.py for tasks to queue
[2023-04-19T13:31:34.302+0000] {logging_mixin.py:137} INFO - [2023-04-19T13:31:34.301+0000] {dagbag.py:532} INFO - Filling up the DagBag from /home/airflow/.local/lib/python3.7/site-packages/airflow/example_dags/example_xcomargs.py
[2023-04-19T13:31:34.959+0000] {processor.py:753} INFO - DAG(s) dict_keys(['example_xcom_args', 'example_xcom_args_with_operators']) retrieved from /home/airflow/.local/lib/python3.7/site-packages/airflow/example_dags/example_xcomargs.py
[2023-04-19T13:31:35.599+0000] {logging_mixin.py:137} INFO - [2023-04-19T13:31:35.598+0000] {dag.py:2705} INFO - Sync 2 DAGs
[2023-04-19T13:31:35.876+0000] {logging_mixin.py:137} INFO - [2023-04-19T13:31:35.875+0000] {dag.py:3456} INFO - Setting next_dagrun for example_xcom_args to None, run_after=None
[2023-04-19T13:31:35.909+0000] {logging_mixin.py:137} INFO - [2023-04-19T13:31:35.909+0000] {dag.py:3456} INFO - Setting next_dagrun for example_xcom_args_with_operators to None, run_after=None
[2023-04-19T13:31:36.229+0000] {processor.py:175} INFO - Processing /home/airflow/.local/lib/python3.7/site-packages/airflow/example_dags/example_xcomargs.py took 2.057 seconds
[2023-04-19T14:25:32.749+0000] {processor.py:153} INFO - Started process (PID=1747) to work on /home/airflow/.local/lib/python3.7/site-packages/airflow/example_dags/example_xcomargs.py
[2023-04-19T14:25:32.761+0000] {processor.py:743} INFO - Processing file /home/airflow/.local/lib/python3.7/site-packages/airflow/example_dags/example_xcomargs.py for tasks to queue
[2023-04-19T14:25:32.763+0000] {logging_mixin.py:137} INFO - [2023-04-19T14:25:32.763+0000] {dagbag.py:532} INFO - Filling up the DagBag from /home/airflow/.local/lib/python3.7/site-packages/airflow/example_dags/example_xcomargs.py
[2023-04-19T14:25:32.875+0000] {processor.py:753} INFO - DAG(s) dict_keys(['example_xcom_args', 'example_xcom_args_with_operators']) retrieved from /home/airflow/.local/lib/python3.7/site-packages/airflow/example_dags/example_xcomargs.py
[2023-04-19T14:25:32.986+0000] {logging_mixin.py:137} INFO - [2023-04-19T14:25:32.986+0000] {dag.py:2705} INFO - Sync 2 DAGs
[2023-04-19T14:25:33.051+0000] {logging_mixin.py:137} INFO - [2023-04-19T14:25:33.050+0000] {dag.py:3456} INFO - Setting next_dagrun for example_xcom_args to None, run_after=None
[2023-04-19T14:25:33.060+0000] {logging_mixin.py:137} INFO - [2023-04-19T14:25:33.060+0000] {dag.py:3456} INFO - Setting next_dagrun for example_xcom_args_with_operators to None, run_after=None
[2023-04-19T14:25:33.105+0000] {processor.py:175} INFO - Processing /home/airflow/.local/lib/python3.7/site-packages/airflow/example_dags/example_xcomargs.py took 0.360 seconds
[2023-04-19T15:19:57.208+0000] {processor.py:153} INFO - Started process (PID=1799) to work on /home/airflow/.local/lib/python3.7/site-packages/airflow/example_dags/example_xcomargs.py
[2023-04-19T15:19:57.217+0000] {processor.py:743} INFO - Processing file /home/airflow/.local/lib/python3.7/site-packages/airflow/example_dags/example_xcomargs.py for tasks to queue
[2023-04-19T15:19:57.236+0000] {logging_mixin.py:137} INFO - [2023-04-19T15:19:57.235+0000] {dagbag.py:532} INFO - Filling up the DagBag from /home/airflow/.local/lib/python3.7/site-packages/airflow/example_dags/example_xcomargs.py
[2023-04-19T15:19:57.414+0000] {processor.py:753} INFO - DAG(s) dict_keys(['example_xcom_args_with_operators', 'example_xcom_args']) retrieved from /home/airflow/.local/lib/python3.7/site-packages/airflow/example_dags/example_xcomargs.py
[2023-04-19T15:19:57.667+0000] {logging_mixin.py:137} INFO - [2023-04-19T15:19:57.666+0000] {dag.py:2705} INFO - Sync 2 DAGs
[2023-04-19T15:19:57.965+0000] {logging_mixin.py:137} INFO - [2023-04-19T15:19:57.964+0000] {dag.py:3456} INFO - Setting next_dagrun for example_xcom_args to None, run_after=None
[2023-04-19T15:19:57.999+0000] {logging_mixin.py:137} INFO - [2023-04-19T15:19:57.998+0000] {dag.py:3456} INFO - Setting next_dagrun for example_xcom_args_with_operators to None, run_after=None
[2023-04-19T15:19:58.144+0000] {processor.py:175} INFO - Processing /home/airflow/.local/lib/python3.7/site-packages/airflow/example_dags/example_xcomargs.py took 0.964 seconds
[2023-04-19T17:07:19.998+0000] {processor.py:153} INFO - Started process (PID=1850) to work on /home/airflow/.local/lib/python3.7/site-packages/airflow/example_dags/example_xcomargs.py
[2023-04-19T17:07:20.000+0000] {processor.py:743} INFO - Processing file /home/airflow/.local/lib/python3.7/site-packages/airflow/example_dags/example_xcomargs.py for tasks to queue
[2023-04-19T17:07:20.002+0000] {logging_mixin.py:137} INFO - [2023-04-19T17:07:20.002+0000] {dagbag.py:532} INFO - Filling up the DagBag from /home/airflow/.local/lib/python3.7/site-packages/airflow/example_dags/example_xcomargs.py
[2023-04-19T17:07:20.090+0000] {processor.py:753} INFO - DAG(s) dict_keys(['example_xcom_args_with_operators', 'example_xcom_args']) retrieved from /home/airflow/.local/lib/python3.7/site-packages/airflow/example_dags/example_xcomargs.py
[2023-04-19T17:07:20.187+0000] {logging_mixin.py:137} INFO - [2023-04-19T17:07:20.186+0000] {dag.py:2705} INFO - Sync 2 DAGs
[2023-04-19T17:07:20.273+0000] {logging_mixin.py:137} INFO - [2023-04-19T17:07:20.273+0000] {dag.py:3456} INFO - Setting next_dagrun for example_xcom_args to None, run_after=None
[2023-04-19T17:07:20.285+0000] {logging_mixin.py:137} INFO - [2023-04-19T17:07:20.284+0000] {dag.py:3456} INFO - Setting next_dagrun for example_xcom_args_with_operators to None, run_after=None
[2023-04-19T17:07:20.341+0000] {processor.py:175} INFO - Processing /home/airflow/.local/lib/python3.7/site-packages/airflow/example_dags/example_xcomargs.py took 0.352 seconds
[2023-04-19T17:37:51.294+0000] {processor.py:153} INFO - Started process (PID=1901) to work on /home/airflow/.local/lib/python3.7/site-packages/airflow/example_dags/example_xcomargs.py
[2023-04-19T17:37:51.296+0000] {processor.py:743} INFO - Processing file /home/airflow/.local/lib/python3.7/site-packages/airflow/example_dags/example_xcomargs.py for tasks to queue
[2023-04-19T17:37:51.297+0000] {logging_mixin.py:137} INFO - [2023-04-19T17:37:51.297+0000] {dagbag.py:532} INFO - Filling up the DagBag from /home/airflow/.local/lib/python3.7/site-packages/airflow/example_dags/example_xcomargs.py
[2023-04-19T17:37:51.360+0000] {processor.py:753} INFO - DAG(s) dict_keys(['example_xcom_args', 'example_xcom_args_with_operators']) retrieved from /home/airflow/.local/lib/python3.7/site-packages/airflow/example_dags/example_xcomargs.py
[2023-04-19T17:37:51.426+0000] {logging_mixin.py:137} INFO - [2023-04-19T17:37:51.426+0000] {dag.py:2705} INFO - Sync 2 DAGs
[2023-04-19T17:37:51.481+0000] {logging_mixin.py:137} INFO - [2023-04-19T17:37:51.480+0000] {dag.py:3456} INFO - Setting next_dagrun for example_xcom_args to None, run_after=None
[2023-04-19T17:37:51.488+0000] {logging_mixin.py:137} INFO - [2023-04-19T17:37:51.487+0000] {dag.py:3456} INFO - Setting next_dagrun for example_xcom_args_with_operators to None, run_after=None
[2023-04-19T17:37:51.525+0000] {processor.py:175} INFO - Processing /home/airflow/.local/lib/python3.7/site-packages/airflow/example_dags/example_xcomargs.py took 0.239 seconds
[2023-04-19T19:26:01.716+0000] {processor.py:153} INFO - Started process (PID=1954) to work on /home/airflow/.local/lib/python3.7/site-packages/airflow/example_dags/example_xcomargs.py
[2023-04-19T19:26:01.718+0000] {processor.py:743} INFO - Processing file /home/airflow/.local/lib/python3.7/site-packages/airflow/example_dags/example_xcomargs.py for tasks to queue
[2023-04-19T19:26:01.719+0000] {logging_mixin.py:137} INFO - [2023-04-19T19:26:01.719+0000] {dagbag.py:532} INFO - Filling up the DagBag from /home/airflow/.local/lib/python3.7/site-packages/airflow/example_dags/example_xcomargs.py
[2023-04-19T19:26:01.768+0000] {processor.py:753} INFO - DAG(s) dict_keys(['example_xcom_args', 'example_xcom_args_with_operators']) retrieved from /home/airflow/.local/lib/python3.7/site-packages/airflow/example_dags/example_xcomargs.py
[2023-04-19T19:26:01.817+0000] {logging_mixin.py:137} INFO - [2023-04-19T19:26:01.817+0000] {dag.py:2705} INFO - Sync 2 DAGs
[2023-04-19T19:26:01.869+0000] {logging_mixin.py:137} INFO - [2023-04-19T19:26:01.869+0000] {dag.py:3456} INFO - Setting next_dagrun for example_xcom_args to None, run_after=None
[2023-04-19T19:26:01.874+0000] {logging_mixin.py:137} INFO - [2023-04-19T19:26:01.874+0000] {dag.py:3456} INFO - Setting next_dagrun for example_xcom_args_with_operators to None, run_after=None
[2023-04-19T19:26:01.900+0000] {processor.py:175} INFO - Processing /home/airflow/.local/lib/python3.7/site-packages/airflow/example_dags/example_xcomargs.py took 0.190 seconds
[2023-04-19T21:13:09.270+0000] {processor.py:153} INFO - Started process (PID=2007) to work on /home/airflow/.local/lib/python3.7/site-packages/airflow/example_dags/example_xcomargs.py
[2023-04-19T21:13:09.297+0000] {processor.py:743} INFO - Processing file /home/airflow/.local/lib/python3.7/site-packages/airflow/example_dags/example_xcomargs.py for tasks to queue
[2023-04-19T21:13:09.317+0000] {logging_mixin.py:137} INFO - [2023-04-19T21:13:09.316+0000] {dagbag.py:532} INFO - Filling up the DagBag from /home/airflow/.local/lib/python3.7/site-packages/airflow/example_dags/example_xcomargs.py
[2023-04-19T21:13:09.587+0000] {processor.py:753} INFO - DAG(s) dict_keys(['example_xcom_args', 'example_xcom_args_with_operators']) retrieved from /home/airflow/.local/lib/python3.7/site-packages/airflow/example_dags/example_xcomargs.py
[2023-04-19T21:13:09.823+0000] {logging_mixin.py:137} INFO - [2023-04-19T21:13:09.822+0000] {dag.py:2705} INFO - Sync 2 DAGs
[2023-04-19T21:13:10.206+0000] {logging_mixin.py:137} INFO - [2023-04-19T21:13:10.205+0000] {dag.py:3456} INFO - Setting next_dagrun for example_xcom_args to None, run_after=None
[2023-04-19T21:13:10.346+0000] {logging_mixin.py:137} INFO - [2023-04-19T21:13:10.345+0000] {dag.py:3456} INFO - Setting next_dagrun for example_xcom_args_with_operators to None, run_after=None
[2023-04-19T21:13:10.706+0000] {processor.py:175} INFO - Processing /home/airflow/.local/lib/python3.7/site-packages/airflow/example_dags/example_xcomargs.py took 1.460 seconds
