[2023-04-19T08:58:04.274+0000] {processor.py:153} INFO - Started process (PID=70) to work on /home/airflow/.local/lib/python3.7/site-packages/airflow/example_dags/example_dag_decorator.py
[2023-04-19T08:58:04.276+0000] {processor.py:743} INFO - Processing file /home/airflow/.local/lib/python3.7/site-packages/airflow/example_dags/example_dag_decorator.py for tasks to queue
[2023-04-19T08:58:04.280+0000] {logging_mixin.py:137} INFO - [2023-04-19T08:58:04.279+0000] {dagbag.py:532} INFO - Filling up the DagBag from /home/airflow/.local/lib/python3.7/site-packages/airflow/example_dags/example_dag_decorator.py
[2023-04-19T08:58:04.332+0000] {logging_mixin.py:137} INFO - [2023-04-19T08:58:04.332+0000] {taskmixin.py:211} WARNING - Dependency <Task(_PythonDecoratedOperator): prepare_email>, send_email already registered for DAG: example_dag_decorator
[2023-04-19T08:58:04.339+0000] {logging_mixin.py:137} INFO - [2023-04-19T08:58:04.338+0000] {taskmixin.py:211} WARNING - Dependency <Task(EmailOperator): send_email>, prepare_email already registered for DAG: example_dag_decorator
[2023-04-19T08:58:04.378+0000] {processor.py:753} INFO - DAG(s) dict_keys(['example_dag_decorator']) retrieved from /home/airflow/.local/lib/python3.7/site-packages/airflow/example_dags/example_dag_decorator.py
[2023-04-19T08:58:04.666+0000] {logging_mixin.py:137} INFO - [2023-04-19T08:58:04.666+0000] {dag.py:2705} INFO - Sync 1 DAGs
[2023-04-19T08:58:04.836+0000] {logging_mixin.py:137} INFO - [2023-04-19T08:58:04.836+0000] {dag.py:3456} INFO - Setting next_dagrun for example_dag_decorator to None, run_after=None
[2023-04-19T08:58:04.923+0000] {processor.py:175} INFO - Processing /home/airflow/.local/lib/python3.7/site-packages/airflow/example_dags/example_dag_decorator.py took 0.666 seconds
[2023-04-19T08:58:35.462+0000] {processor.py:153} INFO - Started process (PID=123) to work on /home/airflow/.local/lib/python3.7/site-packages/airflow/example_dags/example_dag_decorator.py
[2023-04-19T08:58:35.465+0000] {processor.py:743} INFO - Processing file /home/airflow/.local/lib/python3.7/site-packages/airflow/example_dags/example_dag_decorator.py for tasks to queue
[2023-04-19T08:58:35.468+0000] {logging_mixin.py:137} INFO - [2023-04-19T08:58:35.468+0000] {dagbag.py:532} INFO - Filling up the DagBag from /home/airflow/.local/lib/python3.7/site-packages/airflow/example_dags/example_dag_decorator.py
[2023-04-19T08:58:35.499+0000] {logging_mixin.py:137} INFO - [2023-04-19T08:58:35.499+0000] {taskmixin.py:211} WARNING - Dependency <Task(_PythonDecoratedOperator): prepare_email>, send_email already registered for DAG: example_dag_decorator
[2023-04-19T08:58:35.501+0000] {logging_mixin.py:137} INFO - [2023-04-19T08:58:35.500+0000] {taskmixin.py:211} WARNING - Dependency <Task(EmailOperator): send_email>, prepare_email already registered for DAG: example_dag_decorator
[2023-04-19T08:58:35.531+0000] {processor.py:753} INFO - DAG(s) dict_keys(['example_dag_decorator']) retrieved from /home/airflow/.local/lib/python3.7/site-packages/airflow/example_dags/example_dag_decorator.py
[2023-04-19T08:58:35.635+0000] {logging_mixin.py:137} INFO - [2023-04-19T08:58:35.635+0000] {dag.py:2705} INFO - Sync 1 DAGs
[2023-04-19T08:58:35.683+0000] {logging_mixin.py:137} INFO - [2023-04-19T08:58:35.683+0000] {dag.py:3456} INFO - Setting next_dagrun for example_dag_decorator to None, run_after=None
[2023-04-19T08:58:35.710+0000] {processor.py:175} INFO - Processing /home/airflow/.local/lib/python3.7/site-packages/airflow/example_dags/example_dag_decorator.py took 0.257 seconds
[2023-04-19T08:59:05.903+0000] {processor.py:153} INFO - Started process (PID=174) to work on /home/airflow/.local/lib/python3.7/site-packages/airflow/example_dags/example_dag_decorator.py
[2023-04-19T08:59:05.912+0000] {processor.py:743} INFO - Processing file /home/airflow/.local/lib/python3.7/site-packages/airflow/example_dags/example_dag_decorator.py for tasks to queue
[2023-04-19T08:59:05.916+0000] {logging_mixin.py:137} INFO - [2023-04-19T08:59:05.916+0000] {dagbag.py:532} INFO - Filling up the DagBag from /home/airflow/.local/lib/python3.7/site-packages/airflow/example_dags/example_dag_decorator.py
[2023-04-19T08:59:05.968+0000] {logging_mixin.py:137} INFO - [2023-04-19T08:59:05.967+0000] {taskmixin.py:211} WARNING - Dependency <Task(_PythonDecoratedOperator): prepare_email>, send_email already registered for DAG: example_dag_decorator
[2023-04-19T08:59:05.969+0000] {logging_mixin.py:137} INFO - [2023-04-19T08:59:05.969+0000] {taskmixin.py:211} WARNING - Dependency <Task(EmailOperator): send_email>, prepare_email already registered for DAG: example_dag_decorator
[2023-04-19T08:59:05.999+0000] {processor.py:753} INFO - DAG(s) dict_keys(['example_dag_decorator']) retrieved from /home/airflow/.local/lib/python3.7/site-packages/airflow/example_dags/example_dag_decorator.py
[2023-04-19T08:59:06.110+0000] {logging_mixin.py:137} INFO - [2023-04-19T08:59:06.110+0000] {dag.py:2705} INFO - Sync 1 DAGs
[2023-04-19T08:59:06.150+0000] {logging_mixin.py:137} INFO - [2023-04-19T08:59:06.150+0000] {dag.py:3456} INFO - Setting next_dagrun for example_dag_decorator to None, run_after=None
[2023-04-19T08:59:06.188+0000] {processor.py:175} INFO - Processing /home/airflow/.local/lib/python3.7/site-packages/airflow/example_dags/example_dag_decorator.py took 0.314 seconds
[2023-04-19T08:59:36.368+0000] {processor.py:153} INFO - Started process (PID=225) to work on /home/airflow/.local/lib/python3.7/site-packages/airflow/example_dags/example_dag_decorator.py
[2023-04-19T08:59:36.373+0000] {processor.py:743} INFO - Processing file /home/airflow/.local/lib/python3.7/site-packages/airflow/example_dags/example_dag_decorator.py for tasks to queue
[2023-04-19T08:59:36.378+0000] {logging_mixin.py:137} INFO - [2023-04-19T08:59:36.377+0000] {dagbag.py:532} INFO - Filling up the DagBag from /home/airflow/.local/lib/python3.7/site-packages/airflow/example_dags/example_dag_decorator.py
[2023-04-19T08:59:36.423+0000] {logging_mixin.py:137} INFO - [2023-04-19T08:59:36.423+0000] {taskmixin.py:211} WARNING - Dependency <Task(_PythonDecoratedOperator): prepare_email>, send_email already registered for DAG: example_dag_decorator
[2023-04-19T08:59:36.425+0000] {logging_mixin.py:137} INFO - [2023-04-19T08:59:36.424+0000] {taskmixin.py:211} WARNING - Dependency <Task(EmailOperator): send_email>, prepare_email already registered for DAG: example_dag_decorator
[2023-04-19T08:59:36.451+0000] {processor.py:753} INFO - DAG(s) dict_keys(['example_dag_decorator']) retrieved from /home/airflow/.local/lib/python3.7/site-packages/airflow/example_dags/example_dag_decorator.py
[2023-04-19T08:59:36.569+0000] {logging_mixin.py:137} INFO - [2023-04-19T08:59:36.569+0000] {dag.py:2705} INFO - Sync 1 DAGs
[2023-04-19T08:59:36.615+0000] {logging_mixin.py:137} INFO - [2023-04-19T08:59:36.615+0000] {dag.py:3456} INFO - Setting next_dagrun for example_dag_decorator to None, run_after=None
[2023-04-19T08:59:36.658+0000] {processor.py:175} INFO - Processing /home/airflow/.local/lib/python3.7/site-packages/airflow/example_dags/example_dag_decorator.py took 0.301 seconds
[2023-04-19T09:00:06.874+0000] {processor.py:153} INFO - Started process (PID=278) to work on /home/airflow/.local/lib/python3.7/site-packages/airflow/example_dags/example_dag_decorator.py
[2023-04-19T09:00:06.876+0000] {processor.py:743} INFO - Processing file /home/airflow/.local/lib/python3.7/site-packages/airflow/example_dags/example_dag_decorator.py for tasks to queue
[2023-04-19T09:00:06.877+0000] {logging_mixin.py:137} INFO - [2023-04-19T09:00:06.877+0000] {dagbag.py:532} INFO - Filling up the DagBag from /home/airflow/.local/lib/python3.7/site-packages/airflow/example_dags/example_dag_decorator.py
[2023-04-19T09:00:06.904+0000] {logging_mixin.py:137} INFO - [2023-04-19T09:00:06.903+0000] {taskmixin.py:211} WARNING - Dependency <Task(_PythonDecoratedOperator): prepare_email>, send_email already registered for DAG: example_dag_decorator
[2023-04-19T09:00:06.905+0000] {logging_mixin.py:137} INFO - [2023-04-19T09:00:06.905+0000] {taskmixin.py:211} WARNING - Dependency <Task(EmailOperator): send_email>, prepare_email already registered for DAG: example_dag_decorator
[2023-04-19T09:00:06.925+0000] {processor.py:753} INFO - DAG(s) dict_keys(['example_dag_decorator']) retrieved from /home/airflow/.local/lib/python3.7/site-packages/airflow/example_dags/example_dag_decorator.py
[2023-04-19T09:00:07.059+0000] {logging_mixin.py:137} INFO - [2023-04-19T09:00:07.059+0000] {dag.py:2705} INFO - Sync 1 DAGs
[2023-04-19T09:00:07.095+0000] {logging_mixin.py:137} INFO - [2023-04-19T09:00:07.095+0000] {dag.py:3456} INFO - Setting next_dagrun for example_dag_decorator to None, run_after=None
[2023-04-19T09:00:07.145+0000] {processor.py:175} INFO - Processing /home/airflow/.local/lib/python3.7/site-packages/airflow/example_dags/example_dag_decorator.py took 0.276 seconds
[2023-04-19T09:00:37.218+0000] {processor.py:153} INFO - Started process (PID=329) to work on /home/airflow/.local/lib/python3.7/site-packages/airflow/example_dags/example_dag_decorator.py
[2023-04-19T09:00:37.221+0000] {processor.py:743} INFO - Processing file /home/airflow/.local/lib/python3.7/site-packages/airflow/example_dags/example_dag_decorator.py for tasks to queue
[2023-04-19T09:00:37.223+0000] {logging_mixin.py:137} INFO - [2023-04-19T09:00:37.222+0000] {dagbag.py:532} INFO - Filling up the DagBag from /home/airflow/.local/lib/python3.7/site-packages/airflow/example_dags/example_dag_decorator.py
[2023-04-19T09:00:37.249+0000] {logging_mixin.py:137} INFO - [2023-04-19T09:00:37.249+0000] {taskmixin.py:211} WARNING - Dependency <Task(_PythonDecoratedOperator): prepare_email>, send_email already registered for DAG: example_dag_decorator
[2023-04-19T09:00:37.250+0000] {logging_mixin.py:137} INFO - [2023-04-19T09:00:37.250+0000] {taskmixin.py:211} WARNING - Dependency <Task(EmailOperator): send_email>, prepare_email already registered for DAG: example_dag_decorator
[2023-04-19T09:00:37.268+0000] {processor.py:753} INFO - DAG(s) dict_keys(['example_dag_decorator']) retrieved from /home/airflow/.local/lib/python3.7/site-packages/airflow/example_dags/example_dag_decorator.py
[2023-04-19T09:00:37.374+0000] {logging_mixin.py:137} INFO - [2023-04-19T09:00:37.374+0000] {dag.py:2705} INFO - Sync 1 DAGs
[2023-04-19T09:00:37.412+0000] {logging_mixin.py:137} INFO - [2023-04-19T09:00:37.412+0000] {dag.py:3456} INFO - Setting next_dagrun for example_dag_decorator to None, run_after=None
[2023-04-19T09:00:37.451+0000] {processor.py:175} INFO - Processing /home/airflow/.local/lib/python3.7/site-packages/airflow/example_dags/example_dag_decorator.py took 0.247 seconds
[2023-04-19T09:01:07.890+0000] {processor.py:153} INFO - Started process (PID=382) to work on /home/airflow/.local/lib/python3.7/site-packages/airflow/example_dags/example_dag_decorator.py
[2023-04-19T09:01:07.892+0000] {processor.py:743} INFO - Processing file /home/airflow/.local/lib/python3.7/site-packages/airflow/example_dags/example_dag_decorator.py for tasks to queue
[2023-04-19T09:01:07.894+0000] {logging_mixin.py:137} INFO - [2023-04-19T09:01:07.894+0000] {dagbag.py:532} INFO - Filling up the DagBag from /home/airflow/.local/lib/python3.7/site-packages/airflow/example_dags/example_dag_decorator.py
[2023-04-19T09:01:07.922+0000] {logging_mixin.py:137} INFO - [2023-04-19T09:01:07.922+0000] {taskmixin.py:211} WARNING - Dependency <Task(_PythonDecoratedOperator): prepare_email>, send_email already registered for DAG: example_dag_decorator
[2023-04-19T09:01:07.923+0000] {logging_mixin.py:137} INFO - [2023-04-19T09:01:07.923+0000] {taskmixin.py:211} WARNING - Dependency <Task(EmailOperator): send_email>, prepare_email already registered for DAG: example_dag_decorator
[2023-04-19T09:01:07.939+0000] {processor.py:753} INFO - DAG(s) dict_keys(['example_dag_decorator']) retrieved from /home/airflow/.local/lib/python3.7/site-packages/airflow/example_dags/example_dag_decorator.py
[2023-04-19T09:01:08.028+0000] {logging_mixin.py:137} INFO - [2023-04-19T09:01:08.028+0000] {dag.py:2705} INFO - Sync 1 DAGs
[2023-04-19T09:01:08.054+0000] {logging_mixin.py:137} INFO - [2023-04-19T09:01:08.053+0000] {dag.py:3456} INFO - Setting next_dagrun for example_dag_decorator to None, run_after=None
[2023-04-19T09:01:08.076+0000] {processor.py:175} INFO - Processing /home/airflow/.local/lib/python3.7/site-packages/airflow/example_dags/example_dag_decorator.py took 0.192 seconds
[2023-04-19T09:01:38.314+0000] {processor.py:153} INFO - Started process (PID=437) to work on /home/airflow/.local/lib/python3.7/site-packages/airflow/example_dags/example_dag_decorator.py
[2023-04-19T09:01:38.316+0000] {processor.py:743} INFO - Processing file /home/airflow/.local/lib/python3.7/site-packages/airflow/example_dags/example_dag_decorator.py for tasks to queue
[2023-04-19T09:01:38.318+0000] {logging_mixin.py:137} INFO - [2023-04-19T09:01:38.318+0000] {dagbag.py:532} INFO - Filling up the DagBag from /home/airflow/.local/lib/python3.7/site-packages/airflow/example_dags/example_dag_decorator.py
[2023-04-19T09:01:38.347+0000] {logging_mixin.py:137} INFO - [2023-04-19T09:01:38.347+0000] {taskmixin.py:211} WARNING - Dependency <Task(_PythonDecoratedOperator): prepare_email>, send_email already registered for DAG: example_dag_decorator
[2023-04-19T09:01:38.348+0000] {logging_mixin.py:137} INFO - [2023-04-19T09:01:38.348+0000] {taskmixin.py:211} WARNING - Dependency <Task(EmailOperator): send_email>, prepare_email already registered for DAG: example_dag_decorator
[2023-04-19T09:01:38.367+0000] {processor.py:753} INFO - DAG(s) dict_keys(['example_dag_decorator']) retrieved from /home/airflow/.local/lib/python3.7/site-packages/airflow/example_dags/example_dag_decorator.py
[2023-04-19T09:01:38.467+0000] {logging_mixin.py:137} INFO - [2023-04-19T09:01:38.467+0000] {dag.py:2705} INFO - Sync 1 DAGs
[2023-04-19T09:01:38.505+0000] {logging_mixin.py:137} INFO - [2023-04-19T09:01:38.505+0000] {dag.py:3456} INFO - Setting next_dagrun for example_dag_decorator to None, run_after=None
[2023-04-19T09:01:38.532+0000] {processor.py:175} INFO - Processing /home/airflow/.local/lib/python3.7/site-packages/airflow/example_dags/example_dag_decorator.py took 0.223 seconds
[2023-04-19T09:02:09.183+0000] {processor.py:153} INFO - Started process (PID=489) to work on /home/airflow/.local/lib/python3.7/site-packages/airflow/example_dags/example_dag_decorator.py
[2023-04-19T09:02:09.185+0000] {processor.py:743} INFO - Processing file /home/airflow/.local/lib/python3.7/site-packages/airflow/example_dags/example_dag_decorator.py for tasks to queue
[2023-04-19T09:02:09.188+0000] {logging_mixin.py:137} INFO - [2023-04-19T09:02:09.188+0000] {dagbag.py:532} INFO - Filling up the DagBag from /home/airflow/.local/lib/python3.7/site-packages/airflow/example_dags/example_dag_decorator.py
[2023-04-19T09:02:09.225+0000] {logging_mixin.py:137} INFO - [2023-04-19T09:02:09.225+0000] {taskmixin.py:211} WARNING - Dependency <Task(_PythonDecoratedOperator): prepare_email>, send_email already registered for DAG: example_dag_decorator
[2023-04-19T09:02:09.226+0000] {logging_mixin.py:137} INFO - [2023-04-19T09:02:09.226+0000] {taskmixin.py:211} WARNING - Dependency <Task(EmailOperator): send_email>, prepare_email already registered for DAG: example_dag_decorator
[2023-04-19T09:02:09.246+0000] {processor.py:753} INFO - DAG(s) dict_keys(['example_dag_decorator']) retrieved from /home/airflow/.local/lib/python3.7/site-packages/airflow/example_dags/example_dag_decorator.py
[2023-04-19T09:02:09.373+0000] {logging_mixin.py:137} INFO - [2023-04-19T09:02:09.372+0000] {dag.py:2705} INFO - Sync 1 DAGs
[2023-04-19T09:02:09.404+0000] {logging_mixin.py:137} INFO - [2023-04-19T09:02:09.404+0000] {dag.py:3456} INFO - Setting next_dagrun for example_dag_decorator to None, run_after=None
[2023-04-19T09:02:09.446+0000] {processor.py:175} INFO - Processing /home/airflow/.local/lib/python3.7/site-packages/airflow/example_dags/example_dag_decorator.py took 0.268 seconds
[2023-04-19T09:02:40.089+0000] {processor.py:153} INFO - Started process (PID=540) to work on /home/airflow/.local/lib/python3.7/site-packages/airflow/example_dags/example_dag_decorator.py
[2023-04-19T09:02:40.091+0000] {processor.py:743} INFO - Processing file /home/airflow/.local/lib/python3.7/site-packages/airflow/example_dags/example_dag_decorator.py for tasks to queue
[2023-04-19T09:02:40.095+0000] {logging_mixin.py:137} INFO - [2023-04-19T09:02:40.095+0000] {dagbag.py:532} INFO - Filling up the DagBag from /home/airflow/.local/lib/python3.7/site-packages/airflow/example_dags/example_dag_decorator.py
[2023-04-19T09:02:40.124+0000] {logging_mixin.py:137} INFO - [2023-04-19T09:02:40.124+0000] {taskmixin.py:211} WARNING - Dependency <Task(_PythonDecoratedOperator): prepare_email>, send_email already registered for DAG: example_dag_decorator
[2023-04-19T09:02:40.126+0000] {logging_mixin.py:137} INFO - [2023-04-19T09:02:40.125+0000] {taskmixin.py:211} WARNING - Dependency <Task(EmailOperator): send_email>, prepare_email already registered for DAG: example_dag_decorator
[2023-04-19T09:02:40.158+0000] {processor.py:753} INFO - DAG(s) dict_keys(['example_dag_decorator']) retrieved from /home/airflow/.local/lib/python3.7/site-packages/airflow/example_dags/example_dag_decorator.py
[2023-04-19T09:02:40.256+0000] {logging_mixin.py:137} INFO - [2023-04-19T09:02:40.256+0000] {dag.py:2705} INFO - Sync 1 DAGs
[2023-04-19T09:02:40.295+0000] {logging_mixin.py:137} INFO - [2023-04-19T09:02:40.295+0000] {dag.py:3456} INFO - Setting next_dagrun for example_dag_decorator to None, run_after=None
[2023-04-19T09:02:40.379+0000] {processor.py:175} INFO - Processing /home/airflow/.local/lib/python3.7/site-packages/airflow/example_dags/example_dag_decorator.py took 0.300 seconds
[2023-04-19T09:03:10.596+0000] {processor.py:153} INFO - Started process (PID=595) to work on /home/airflow/.local/lib/python3.7/site-packages/airflow/example_dags/example_dag_decorator.py
[2023-04-19T09:03:10.605+0000] {processor.py:743} INFO - Processing file /home/airflow/.local/lib/python3.7/site-packages/airflow/example_dags/example_dag_decorator.py for tasks to queue
[2023-04-19T09:03:10.613+0000] {logging_mixin.py:137} INFO - [2023-04-19T09:03:10.613+0000] {dagbag.py:532} INFO - Filling up the DagBag from /home/airflow/.local/lib/python3.7/site-packages/airflow/example_dags/example_dag_decorator.py
[2023-04-19T09:03:10.756+0000] {logging_mixin.py:137} INFO - [2023-04-19T09:03:10.756+0000] {taskmixin.py:211} WARNING - Dependency <Task(_PythonDecoratedOperator): prepare_email>, send_email already registered for DAG: example_dag_decorator
[2023-04-19T09:03:10.760+0000] {logging_mixin.py:137} INFO - [2023-04-19T09:03:10.758+0000] {taskmixin.py:211} WARNING - Dependency <Task(EmailOperator): send_email>, prepare_email already registered for DAG: example_dag_decorator
[2023-04-19T09:03:10.862+0000] {processor.py:753} INFO - DAG(s) dict_keys(['example_dag_decorator']) retrieved from /home/airflow/.local/lib/python3.7/site-packages/airflow/example_dags/example_dag_decorator.py
[2023-04-19T09:03:11.087+0000] {logging_mixin.py:137} INFO - [2023-04-19T09:03:11.087+0000] {dag.py:2705} INFO - Sync 1 DAGs
[2023-04-19T09:03:11.151+0000] {logging_mixin.py:137} INFO - [2023-04-19T09:03:11.151+0000] {dag.py:3456} INFO - Setting next_dagrun for example_dag_decorator to None, run_after=None
[2023-04-19T09:03:11.216+0000] {processor.py:175} INFO - Processing /home/airflow/.local/lib/python3.7/site-packages/airflow/example_dags/example_dag_decorator.py took 0.645 seconds
[2023-04-19T09:03:41.436+0000] {processor.py:153} INFO - Started process (PID=647) to work on /home/airflow/.local/lib/python3.7/site-packages/airflow/example_dags/example_dag_decorator.py
[2023-04-19T09:03:41.441+0000] {processor.py:743} INFO - Processing file /home/airflow/.local/lib/python3.7/site-packages/airflow/example_dags/example_dag_decorator.py for tasks to queue
[2023-04-19T09:03:41.443+0000] {logging_mixin.py:137} INFO - [2023-04-19T09:03:41.443+0000] {dagbag.py:532} INFO - Filling up the DagBag from /home/airflow/.local/lib/python3.7/site-packages/airflow/example_dags/example_dag_decorator.py
[2023-04-19T09:03:41.491+0000] {logging_mixin.py:137} INFO - [2023-04-19T09:03:41.490+0000] {taskmixin.py:211} WARNING - Dependency <Task(_PythonDecoratedOperator): prepare_email>, send_email already registered for DAG: example_dag_decorator
[2023-04-19T09:03:41.493+0000] {logging_mixin.py:137} INFO - [2023-04-19T09:03:41.492+0000] {taskmixin.py:211} WARNING - Dependency <Task(EmailOperator): send_email>, prepare_email already registered for DAG: example_dag_decorator
[2023-04-19T09:03:41.522+0000] {processor.py:753} INFO - DAG(s) dict_keys(['example_dag_decorator']) retrieved from /home/airflow/.local/lib/python3.7/site-packages/airflow/example_dags/example_dag_decorator.py
[2023-04-19T09:03:41.734+0000] {logging_mixin.py:137} INFO - [2023-04-19T09:03:41.734+0000] {dag.py:2705} INFO - Sync 1 DAGs
[2023-04-19T09:03:41.831+0000] {logging_mixin.py:137} INFO - [2023-04-19T09:03:41.831+0000] {dag.py:3456} INFO - Setting next_dagrun for example_dag_decorator to None, run_after=None
[2023-04-19T09:03:41.884+0000] {processor.py:175} INFO - Processing /home/airflow/.local/lib/python3.7/site-packages/airflow/example_dags/example_dag_decorator.py took 0.456 seconds
[2023-04-19T09:04:12.742+0000] {processor.py:153} INFO - Started process (PID=698) to work on /home/airflow/.local/lib/python3.7/site-packages/airflow/example_dags/example_dag_decorator.py
[2023-04-19T09:04:12.747+0000] {processor.py:743} INFO - Processing file /home/airflow/.local/lib/python3.7/site-packages/airflow/example_dags/example_dag_decorator.py for tasks to queue
[2023-04-19T09:04:12.752+0000] {logging_mixin.py:137} INFO - [2023-04-19T09:04:12.752+0000] {dagbag.py:532} INFO - Filling up the DagBag from /home/airflow/.local/lib/python3.7/site-packages/airflow/example_dags/example_dag_decorator.py
[2023-04-19T09:04:12.785+0000] {logging_mixin.py:137} INFO - [2023-04-19T09:04:12.784+0000] {taskmixin.py:211} WARNING - Dependency <Task(_PythonDecoratedOperator): prepare_email>, send_email already registered for DAG: example_dag_decorator
[2023-04-19T09:04:12.786+0000] {logging_mixin.py:137} INFO - [2023-04-19T09:04:12.786+0000] {taskmixin.py:211} WARNING - Dependency <Task(EmailOperator): send_email>, prepare_email already registered for DAG: example_dag_decorator
[2023-04-19T09:04:12.806+0000] {processor.py:753} INFO - DAG(s) dict_keys(['example_dag_decorator']) retrieved from /home/airflow/.local/lib/python3.7/site-packages/airflow/example_dags/example_dag_decorator.py
[2023-04-19T09:04:12.947+0000] {logging_mixin.py:137} INFO - [2023-04-19T09:04:12.946+0000] {dag.py:2705} INFO - Sync 1 DAGs
[2023-04-19T09:04:13.011+0000] {logging_mixin.py:137} INFO - [2023-04-19T09:04:13.011+0000] {dag.py:3456} INFO - Setting next_dagrun for example_dag_decorator to None, run_after=None
[2023-04-19T09:04:13.078+0000] {processor.py:175} INFO - Processing /home/airflow/.local/lib/python3.7/site-packages/airflow/example_dags/example_dag_decorator.py took 0.341 seconds
[2023-04-19T09:04:43.237+0000] {processor.py:153} INFO - Started process (PID=752) to work on /home/airflow/.local/lib/python3.7/site-packages/airflow/example_dags/example_dag_decorator.py
[2023-04-19T09:04:43.239+0000] {processor.py:743} INFO - Processing file /home/airflow/.local/lib/python3.7/site-packages/airflow/example_dags/example_dag_decorator.py for tasks to queue
[2023-04-19T09:04:43.242+0000] {logging_mixin.py:137} INFO - [2023-04-19T09:04:43.242+0000] {dagbag.py:532} INFO - Filling up the DagBag from /home/airflow/.local/lib/python3.7/site-packages/airflow/example_dags/example_dag_decorator.py
[2023-04-19T09:04:43.271+0000] {logging_mixin.py:137} INFO - [2023-04-19T09:04:43.271+0000] {taskmixin.py:211} WARNING - Dependency <Task(_PythonDecoratedOperator): prepare_email>, send_email already registered for DAG: example_dag_decorator
[2023-04-19T09:04:43.273+0000] {logging_mixin.py:137} INFO - [2023-04-19T09:04:43.272+0000] {taskmixin.py:211} WARNING - Dependency <Task(EmailOperator): send_email>, prepare_email already registered for DAG: example_dag_decorator
[2023-04-19T09:04:43.312+0000] {processor.py:753} INFO - DAG(s) dict_keys(['example_dag_decorator']) retrieved from /home/airflow/.local/lib/python3.7/site-packages/airflow/example_dags/example_dag_decorator.py
[2023-04-19T09:04:43.528+0000] {logging_mixin.py:137} INFO - [2023-04-19T09:04:43.528+0000] {dag.py:2705} INFO - Sync 1 DAGs
[2023-04-19T09:04:43.557+0000] {logging_mixin.py:137} INFO - [2023-04-19T09:04:43.556+0000] {dag.py:3456} INFO - Setting next_dagrun for example_dag_decorator to None, run_after=None
[2023-04-19T09:04:43.602+0000] {processor.py:175} INFO - Processing /home/airflow/.local/lib/python3.7/site-packages/airflow/example_dags/example_dag_decorator.py took 0.375 seconds
[2023-04-19T09:05:14.321+0000] {processor.py:153} INFO - Started process (PID=803) to work on /home/airflow/.local/lib/python3.7/site-packages/airflow/example_dags/example_dag_decorator.py
[2023-04-19T09:05:14.324+0000] {processor.py:743} INFO - Processing file /home/airflow/.local/lib/python3.7/site-packages/airflow/example_dags/example_dag_decorator.py for tasks to queue
[2023-04-19T09:05:14.328+0000] {logging_mixin.py:137} INFO - [2023-04-19T09:05:14.327+0000] {dagbag.py:532} INFO - Filling up the DagBag from /home/airflow/.local/lib/python3.7/site-packages/airflow/example_dags/example_dag_decorator.py
[2023-04-19T09:05:14.358+0000] {logging_mixin.py:137} INFO - [2023-04-19T09:05:14.358+0000] {taskmixin.py:211} WARNING - Dependency <Task(_PythonDecoratedOperator): prepare_email>, send_email already registered for DAG: example_dag_decorator
[2023-04-19T09:05:14.360+0000] {logging_mixin.py:137} INFO - [2023-04-19T09:05:14.360+0000] {taskmixin.py:211} WARNING - Dependency <Task(EmailOperator): send_email>, prepare_email already registered for DAG: example_dag_decorator
[2023-04-19T09:05:14.387+0000] {processor.py:753} INFO - DAG(s) dict_keys(['example_dag_decorator']) retrieved from /home/airflow/.local/lib/python3.7/site-packages/airflow/example_dags/example_dag_decorator.py
[2023-04-19T09:05:14.485+0000] {logging_mixin.py:137} INFO - [2023-04-19T09:05:14.485+0000] {dag.py:2705} INFO - Sync 1 DAGs
[2023-04-19T09:05:14.529+0000] {logging_mixin.py:137} INFO - [2023-04-19T09:05:14.529+0000] {dag.py:3456} INFO - Setting next_dagrun for example_dag_decorator to None, run_after=None
[2023-04-19T09:05:14.583+0000] {processor.py:175} INFO - Processing /home/airflow/.local/lib/python3.7/site-packages/airflow/example_dags/example_dag_decorator.py took 0.272 seconds
[2023-04-19T09:05:44.820+0000] {processor.py:153} INFO - Started process (PID=855) to work on /home/airflow/.local/lib/python3.7/site-packages/airflow/example_dags/example_dag_decorator.py
[2023-04-19T09:05:44.823+0000] {processor.py:743} INFO - Processing file /home/airflow/.local/lib/python3.7/site-packages/airflow/example_dags/example_dag_decorator.py for tasks to queue
[2023-04-19T09:05:44.826+0000] {logging_mixin.py:137} INFO - [2023-04-19T09:05:44.826+0000] {dagbag.py:532} INFO - Filling up the DagBag from /home/airflow/.local/lib/python3.7/site-packages/airflow/example_dags/example_dag_decorator.py
[2023-04-19T09:05:44.858+0000] {logging_mixin.py:137} INFO - [2023-04-19T09:05:44.858+0000] {taskmixin.py:211} WARNING - Dependency <Task(_PythonDecoratedOperator): prepare_email>, send_email already registered for DAG: example_dag_decorator
[2023-04-19T09:05:44.860+0000] {logging_mixin.py:137} INFO - [2023-04-19T09:05:44.860+0000] {taskmixin.py:211} WARNING - Dependency <Task(EmailOperator): send_email>, prepare_email already registered for DAG: example_dag_decorator
[2023-04-19T09:05:44.884+0000] {processor.py:753} INFO - DAG(s) dict_keys(['example_dag_decorator']) retrieved from /home/airflow/.local/lib/python3.7/site-packages/airflow/example_dags/example_dag_decorator.py
[2023-04-19T09:05:44.994+0000] {logging_mixin.py:137} INFO - [2023-04-19T09:05:44.994+0000] {dag.py:2705} INFO - Sync 1 DAGs
[2023-04-19T09:05:45.045+0000] {logging_mixin.py:137} INFO - [2023-04-19T09:05:45.045+0000] {dag.py:3456} INFO - Setting next_dagrun for example_dag_decorator to None, run_after=None
[2023-04-19T09:05:45.095+0000] {processor.py:175} INFO - Processing /home/airflow/.local/lib/python3.7/site-packages/airflow/example_dags/example_dag_decorator.py took 0.286 seconds
[2023-04-19T09:06:15.280+0000] {processor.py:153} INFO - Started process (PID=907) to work on /home/airflow/.local/lib/python3.7/site-packages/airflow/example_dags/example_dag_decorator.py
[2023-04-19T09:06:15.285+0000] {processor.py:743} INFO - Processing file /home/airflow/.local/lib/python3.7/site-packages/airflow/example_dags/example_dag_decorator.py for tasks to queue
[2023-04-19T09:06:15.289+0000] {logging_mixin.py:137} INFO - [2023-04-19T09:06:15.289+0000] {dagbag.py:532} INFO - Filling up the DagBag from /home/airflow/.local/lib/python3.7/site-packages/airflow/example_dags/example_dag_decorator.py
[2023-04-19T09:06:15.327+0000] {logging_mixin.py:137} INFO - [2023-04-19T09:06:15.327+0000] {taskmixin.py:211} WARNING - Dependency <Task(_PythonDecoratedOperator): prepare_email>, send_email already registered for DAG: example_dag_decorator
[2023-04-19T09:06:15.331+0000] {logging_mixin.py:137} INFO - [2023-04-19T09:06:15.330+0000] {taskmixin.py:211} WARNING - Dependency <Task(EmailOperator): send_email>, prepare_email already registered for DAG: example_dag_decorator
[2023-04-19T09:06:15.368+0000] {processor.py:753} INFO - DAG(s) dict_keys(['example_dag_decorator']) retrieved from /home/airflow/.local/lib/python3.7/site-packages/airflow/example_dags/example_dag_decorator.py
[2023-04-19T09:06:15.517+0000] {logging_mixin.py:137} INFO - [2023-04-19T09:06:15.517+0000] {dag.py:2705} INFO - Sync 1 DAGs
[2023-04-19T09:06:15.561+0000] {logging_mixin.py:137} INFO - [2023-04-19T09:06:15.561+0000] {dag.py:3456} INFO - Setting next_dagrun for example_dag_decorator to None, run_after=None
[2023-04-19T09:06:15.597+0000] {processor.py:175} INFO - Processing /home/airflow/.local/lib/python3.7/site-packages/airflow/example_dags/example_dag_decorator.py took 0.327 seconds
[2023-04-19T09:06:46.446+0000] {processor.py:153} INFO - Started process (PID=959) to work on /home/airflow/.local/lib/python3.7/site-packages/airflow/example_dags/example_dag_decorator.py
[2023-04-19T09:06:46.448+0000] {processor.py:743} INFO - Processing file /home/airflow/.local/lib/python3.7/site-packages/airflow/example_dags/example_dag_decorator.py for tasks to queue
[2023-04-19T09:06:46.450+0000] {logging_mixin.py:137} INFO - [2023-04-19T09:06:46.450+0000] {dagbag.py:532} INFO - Filling up the DagBag from /home/airflow/.local/lib/python3.7/site-packages/airflow/example_dags/example_dag_decorator.py
[2023-04-19T09:06:46.476+0000] {logging_mixin.py:137} INFO - [2023-04-19T09:06:46.476+0000] {taskmixin.py:211} WARNING - Dependency <Task(_PythonDecoratedOperator): prepare_email>, send_email already registered for DAG: example_dag_decorator
[2023-04-19T09:06:46.478+0000] {logging_mixin.py:137} INFO - [2023-04-19T09:06:46.477+0000] {taskmixin.py:211} WARNING - Dependency <Task(EmailOperator): send_email>, prepare_email already registered for DAG: example_dag_decorator
[2023-04-19T09:06:46.494+0000] {processor.py:753} INFO - DAG(s) dict_keys(['example_dag_decorator']) retrieved from /home/airflow/.local/lib/python3.7/site-packages/airflow/example_dags/example_dag_decorator.py
[2023-04-19T09:06:46.595+0000] {logging_mixin.py:137} INFO - [2023-04-19T09:06:46.595+0000] {dag.py:2705} INFO - Sync 1 DAGs
[2023-04-19T09:06:46.632+0000] {logging_mixin.py:137} INFO - [2023-04-19T09:06:46.632+0000] {dag.py:3456} INFO - Setting next_dagrun for example_dag_decorator to None, run_after=None
[2023-04-19T09:06:46.669+0000] {processor.py:175} INFO - Processing /home/airflow/.local/lib/python3.7/site-packages/airflow/example_dags/example_dag_decorator.py took 0.227 seconds
[2023-04-19T09:07:16.984+0000] {processor.py:153} INFO - Started process (PID=1011) to work on /home/airflow/.local/lib/python3.7/site-packages/airflow/example_dags/example_dag_decorator.py
[2023-04-19T09:07:16.987+0000] {processor.py:743} INFO - Processing file /home/airflow/.local/lib/python3.7/site-packages/airflow/example_dags/example_dag_decorator.py for tasks to queue
[2023-04-19T09:07:16.990+0000] {logging_mixin.py:137} INFO - [2023-04-19T09:07:16.990+0000] {dagbag.py:532} INFO - Filling up the DagBag from /home/airflow/.local/lib/python3.7/site-packages/airflow/example_dags/example_dag_decorator.py
[2023-04-19T09:07:17.020+0000] {logging_mixin.py:137} INFO - [2023-04-19T09:07:17.020+0000] {taskmixin.py:211} WARNING - Dependency <Task(_PythonDecoratedOperator): prepare_email>, send_email already registered for DAG: example_dag_decorator
[2023-04-19T09:07:17.022+0000] {logging_mixin.py:137} INFO - [2023-04-19T09:07:17.021+0000] {taskmixin.py:211} WARNING - Dependency <Task(EmailOperator): send_email>, prepare_email already registered for DAG: example_dag_decorator
[2023-04-19T09:07:17.053+0000] {processor.py:753} INFO - DAG(s) dict_keys(['example_dag_decorator']) retrieved from /home/airflow/.local/lib/python3.7/site-packages/airflow/example_dags/example_dag_decorator.py
[2023-04-19T09:07:17.147+0000] {logging_mixin.py:137} INFO - [2023-04-19T09:07:17.147+0000] {dag.py:2705} INFO - Sync 1 DAGs
[2023-04-19T09:07:17.177+0000] {logging_mixin.py:137} INFO - [2023-04-19T09:07:17.177+0000] {dag.py:3456} INFO - Setting next_dagrun for example_dag_decorator to None, run_after=None
[2023-04-19T09:07:17.212+0000] {processor.py:175} INFO - Processing /home/airflow/.local/lib/python3.7/site-packages/airflow/example_dags/example_dag_decorator.py took 0.238 seconds
[2023-04-19T09:07:47.819+0000] {processor.py:153} INFO - Started process (PID=1063) to work on /home/airflow/.local/lib/python3.7/site-packages/airflow/example_dags/example_dag_decorator.py
[2023-04-19T09:07:47.822+0000] {processor.py:743} INFO - Processing file /home/airflow/.local/lib/python3.7/site-packages/airflow/example_dags/example_dag_decorator.py for tasks to queue
[2023-04-19T09:07:47.824+0000] {logging_mixin.py:137} INFO - [2023-04-19T09:07:47.824+0000] {dagbag.py:532} INFO - Filling up the DagBag from /home/airflow/.local/lib/python3.7/site-packages/airflow/example_dags/example_dag_decorator.py
[2023-04-19T09:07:47.853+0000] {logging_mixin.py:137} INFO - [2023-04-19T09:07:47.853+0000] {taskmixin.py:211} WARNING - Dependency <Task(_PythonDecoratedOperator): prepare_email>, send_email already registered for DAG: example_dag_decorator
[2023-04-19T09:07:47.854+0000] {logging_mixin.py:137} INFO - [2023-04-19T09:07:47.854+0000] {taskmixin.py:211} WARNING - Dependency <Task(EmailOperator): send_email>, prepare_email already registered for DAG: example_dag_decorator
[2023-04-19T09:07:47.875+0000] {processor.py:753} INFO - DAG(s) dict_keys(['example_dag_decorator']) retrieved from /home/airflow/.local/lib/python3.7/site-packages/airflow/example_dags/example_dag_decorator.py
[2023-04-19T09:07:47.986+0000] {logging_mixin.py:137} INFO - [2023-04-19T09:07:47.985+0000] {dag.py:2705} INFO - Sync 1 DAGs
[2023-04-19T09:07:48.044+0000] {logging_mixin.py:137} INFO - [2023-04-19T09:07:48.044+0000] {dag.py:3456} INFO - Setting next_dagrun for example_dag_decorator to None, run_after=None
[2023-04-19T09:07:48.102+0000] {processor.py:175} INFO - Processing /home/airflow/.local/lib/python3.7/site-packages/airflow/example_dags/example_dag_decorator.py took 0.295 seconds
[2023-04-19T09:08:18.690+0000] {processor.py:153} INFO - Started process (PID=1115) to work on /home/airflow/.local/lib/python3.7/site-packages/airflow/example_dags/example_dag_decorator.py
[2023-04-19T09:08:18.693+0000] {processor.py:743} INFO - Processing file /home/airflow/.local/lib/python3.7/site-packages/airflow/example_dags/example_dag_decorator.py for tasks to queue
[2023-04-19T09:08:18.698+0000] {logging_mixin.py:137} INFO - [2023-04-19T09:08:18.697+0000] {dagbag.py:532} INFO - Filling up the DagBag from /home/airflow/.local/lib/python3.7/site-packages/airflow/example_dags/example_dag_decorator.py
[2023-04-19T09:08:18.749+0000] {logging_mixin.py:137} INFO - [2023-04-19T09:08:18.749+0000] {taskmixin.py:211} WARNING - Dependency <Task(_PythonDecoratedOperator): prepare_email>, send_email already registered for DAG: example_dag_decorator
[2023-04-19T09:08:18.751+0000] {logging_mixin.py:137} INFO - [2023-04-19T09:08:18.750+0000] {taskmixin.py:211} WARNING - Dependency <Task(EmailOperator): send_email>, prepare_email already registered for DAG: example_dag_decorator
[2023-04-19T09:08:18.798+0000] {processor.py:753} INFO - DAG(s) dict_keys(['example_dag_decorator']) retrieved from /home/airflow/.local/lib/python3.7/site-packages/airflow/example_dags/example_dag_decorator.py
[2023-04-19T09:08:18.940+0000] {logging_mixin.py:137} INFO - [2023-04-19T09:08:18.940+0000] {dag.py:2705} INFO - Sync 1 DAGs
[2023-04-19T09:08:19.008+0000] {logging_mixin.py:137} INFO - [2023-04-19T09:08:19.007+0000] {dag.py:3456} INFO - Setting next_dagrun for example_dag_decorator to None, run_after=None
[2023-04-19T09:08:19.047+0000] {processor.py:175} INFO - Processing /home/airflow/.local/lib/python3.7/site-packages/airflow/example_dags/example_dag_decorator.py took 0.371 seconds
[2023-04-19T09:09:32.067+0000] {processor.py:153} INFO - Started process (PID=1157) to work on /home/airflow/.local/lib/python3.7/site-packages/airflow/example_dags/example_dag_decorator.py
[2023-04-19T09:09:32.078+0000] {processor.py:743} INFO - Processing file /home/airflow/.local/lib/python3.7/site-packages/airflow/example_dags/example_dag_decorator.py for tasks to queue
[2023-04-19T09:09:32.082+0000] {logging_mixin.py:137} INFO - [2023-04-19T09:09:32.082+0000] {dagbag.py:532} INFO - Filling up the DagBag from /home/airflow/.local/lib/python3.7/site-packages/airflow/example_dags/example_dag_decorator.py
[2023-04-19T09:09:32.153+0000] {logging_mixin.py:137} INFO - [2023-04-19T09:09:32.153+0000] {taskmixin.py:211} WARNING - Dependency <Task(_PythonDecoratedOperator): prepare_email>, send_email already registered for DAG: example_dag_decorator
[2023-04-19T09:09:32.157+0000] {logging_mixin.py:137} INFO - [2023-04-19T09:09:32.156+0000] {taskmixin.py:211} WARNING - Dependency <Task(EmailOperator): send_email>, prepare_email already registered for DAG: example_dag_decorator
[2023-04-19T09:09:32.207+0000] {processor.py:753} INFO - DAG(s) dict_keys(['example_dag_decorator']) retrieved from /home/airflow/.local/lib/python3.7/site-packages/airflow/example_dags/example_dag_decorator.py
[2023-04-19T09:09:32.499+0000] {logging_mixin.py:137} INFO - [2023-04-19T09:09:32.499+0000] {dag.py:2705} INFO - Sync 1 DAGs
[2023-04-19T09:09:32.558+0000] {logging_mixin.py:137} INFO - [2023-04-19T09:09:32.558+0000] {dag.py:3456} INFO - Setting next_dagrun for example_dag_decorator to None, run_after=None
[2023-04-19T09:09:32.613+0000] {processor.py:175} INFO - Processing /home/airflow/.local/lib/python3.7/site-packages/airflow/example_dags/example_dag_decorator.py took 0.558 seconds
[2023-04-19T09:10:02.894+0000] {processor.py:153} INFO - Started process (PID=1210) to work on /home/airflow/.local/lib/python3.7/site-packages/airflow/example_dags/example_dag_decorator.py
[2023-04-19T09:10:02.897+0000] {processor.py:743} INFO - Processing file /home/airflow/.local/lib/python3.7/site-packages/airflow/example_dags/example_dag_decorator.py for tasks to queue
[2023-04-19T09:10:02.899+0000] {logging_mixin.py:137} INFO - [2023-04-19T09:10:02.899+0000] {dagbag.py:532} INFO - Filling up the DagBag from /home/airflow/.local/lib/python3.7/site-packages/airflow/example_dags/example_dag_decorator.py
[2023-04-19T09:10:02.923+0000] {logging_mixin.py:137} INFO - [2023-04-19T09:10:02.923+0000] {taskmixin.py:211} WARNING - Dependency <Task(_PythonDecoratedOperator): prepare_email>, send_email already registered for DAG: example_dag_decorator
[2023-04-19T09:10:02.924+0000] {logging_mixin.py:137} INFO - [2023-04-19T09:10:02.924+0000] {taskmixin.py:211} WARNING - Dependency <Task(EmailOperator): send_email>, prepare_email already registered for DAG: example_dag_decorator
[2023-04-19T09:10:02.940+0000] {processor.py:753} INFO - DAG(s) dict_keys(['example_dag_decorator']) retrieved from /home/airflow/.local/lib/python3.7/site-packages/airflow/example_dags/example_dag_decorator.py
[2023-04-19T09:10:03.029+0000] {logging_mixin.py:137} INFO - [2023-04-19T09:10:03.029+0000] {dag.py:2705} INFO - Sync 1 DAGs
[2023-04-19T09:10:03.056+0000] {logging_mixin.py:137} INFO - [2023-04-19T09:10:03.056+0000] {dag.py:3456} INFO - Setting next_dagrun for example_dag_decorator to None, run_after=None
[2023-04-19T09:10:03.084+0000] {processor.py:175} INFO - Processing /home/airflow/.local/lib/python3.7/site-packages/airflow/example_dags/example_dag_decorator.py took 0.199 seconds
[2023-04-19T09:10:33.613+0000] {processor.py:153} INFO - Started process (PID=1264) to work on /home/airflow/.local/lib/python3.7/site-packages/airflow/example_dags/example_dag_decorator.py
[2023-04-19T09:10:33.616+0000] {processor.py:743} INFO - Processing file /home/airflow/.local/lib/python3.7/site-packages/airflow/example_dags/example_dag_decorator.py for tasks to queue
[2023-04-19T09:10:33.619+0000] {logging_mixin.py:137} INFO - [2023-04-19T09:10:33.619+0000] {dagbag.py:532} INFO - Filling up the DagBag from /home/airflow/.local/lib/python3.7/site-packages/airflow/example_dags/example_dag_decorator.py
[2023-04-19T09:10:33.661+0000] {logging_mixin.py:137} INFO - [2023-04-19T09:10:33.660+0000] {taskmixin.py:211} WARNING - Dependency <Task(_PythonDecoratedOperator): prepare_email>, send_email already registered for DAG: example_dag_decorator
[2023-04-19T09:10:33.662+0000] {logging_mixin.py:137} INFO - [2023-04-19T09:10:33.662+0000] {taskmixin.py:211} WARNING - Dependency <Task(EmailOperator): send_email>, prepare_email already registered for DAG: example_dag_decorator
[2023-04-19T09:10:33.689+0000] {processor.py:753} INFO - DAG(s) dict_keys(['example_dag_decorator']) retrieved from /home/airflow/.local/lib/python3.7/site-packages/airflow/example_dags/example_dag_decorator.py
[2023-04-19T09:10:33.786+0000] {logging_mixin.py:137} INFO - [2023-04-19T09:10:33.786+0000] {dag.py:2705} INFO - Sync 1 DAGs
[2023-04-19T09:10:33.817+0000] {logging_mixin.py:137} INFO - [2023-04-19T09:10:33.817+0000] {dag.py:3456} INFO - Setting next_dagrun for example_dag_decorator to None, run_after=None
[2023-04-19T09:10:33.858+0000] {processor.py:175} INFO - Processing /home/airflow/.local/lib/python3.7/site-packages/airflow/example_dags/example_dag_decorator.py took 0.256 seconds
[2023-04-19T09:11:04.059+0000] {processor.py:153} INFO - Started process (PID=1316) to work on /home/airflow/.local/lib/python3.7/site-packages/airflow/example_dags/example_dag_decorator.py
[2023-04-19T09:11:04.061+0000] {processor.py:743} INFO - Processing file /home/airflow/.local/lib/python3.7/site-packages/airflow/example_dags/example_dag_decorator.py for tasks to queue
[2023-04-19T09:11:04.062+0000] {logging_mixin.py:137} INFO - [2023-04-19T09:11:04.062+0000] {dagbag.py:532} INFO - Filling up the DagBag from /home/airflow/.local/lib/python3.7/site-packages/airflow/example_dags/example_dag_decorator.py
[2023-04-19T09:11:04.113+0000] {logging_mixin.py:137} INFO - [2023-04-19T09:11:04.112+0000] {taskmixin.py:211} WARNING - Dependency <Task(_PythonDecoratedOperator): prepare_email>, send_email already registered for DAG: example_dag_decorator
[2023-04-19T09:11:04.114+0000] {logging_mixin.py:137} INFO - [2023-04-19T09:11:04.114+0000] {taskmixin.py:211} WARNING - Dependency <Task(EmailOperator): send_email>, prepare_email already registered for DAG: example_dag_decorator
[2023-04-19T09:11:04.140+0000] {processor.py:753} INFO - DAG(s) dict_keys(['example_dag_decorator']) retrieved from /home/airflow/.local/lib/python3.7/site-packages/airflow/example_dags/example_dag_decorator.py
[2023-04-19T09:11:04.286+0000] {logging_mixin.py:137} INFO - [2023-04-19T09:11:04.285+0000] {dag.py:2705} INFO - Sync 1 DAGs
[2023-04-19T09:11:04.337+0000] {logging_mixin.py:137} INFO - [2023-04-19T09:11:04.336+0000] {dag.py:3456} INFO - Setting next_dagrun for example_dag_decorator to None, run_after=None
[2023-04-19T09:11:04.400+0000] {processor.py:175} INFO - Processing /home/airflow/.local/lib/python3.7/site-packages/airflow/example_dags/example_dag_decorator.py took 0.345 seconds
[2023-04-19T09:11:34.637+0000] {processor.py:153} INFO - Started process (PID=1373) to work on /home/airflow/.local/lib/python3.7/site-packages/airflow/example_dags/example_dag_decorator.py
[2023-04-19T09:11:34.639+0000] {processor.py:743} INFO - Processing file /home/airflow/.local/lib/python3.7/site-packages/airflow/example_dags/example_dag_decorator.py for tasks to queue
[2023-04-19T09:11:34.642+0000] {logging_mixin.py:137} INFO - [2023-04-19T09:11:34.642+0000] {dagbag.py:532} INFO - Filling up the DagBag from /home/airflow/.local/lib/python3.7/site-packages/airflow/example_dags/example_dag_decorator.py
[2023-04-19T09:11:34.717+0000] {logging_mixin.py:137} INFO - [2023-04-19T09:11:34.717+0000] {taskmixin.py:211} WARNING - Dependency <Task(_PythonDecoratedOperator): prepare_email>, send_email already registered for DAG: example_dag_decorator
[2023-04-19T09:11:34.718+0000] {logging_mixin.py:137} INFO - [2023-04-19T09:11:34.718+0000] {taskmixin.py:211} WARNING - Dependency <Task(EmailOperator): send_email>, prepare_email already registered for DAG: example_dag_decorator
[2023-04-19T09:11:34.733+0000] {processor.py:753} INFO - DAG(s) dict_keys(['example_dag_decorator']) retrieved from /home/airflow/.local/lib/python3.7/site-packages/airflow/example_dags/example_dag_decorator.py
[2023-04-19T09:11:34.941+0000] {logging_mixin.py:137} INFO - [2023-04-19T09:11:34.941+0000] {dag.py:2705} INFO - Sync 1 DAGs
[2023-04-19T09:11:34.989+0000] {logging_mixin.py:137} INFO - [2023-04-19T09:11:34.989+0000] {dag.py:3456} INFO - Setting next_dagrun for example_dag_decorator to None, run_after=None
[2023-04-19T09:11:35.065+0000] {processor.py:175} INFO - Processing /home/airflow/.local/lib/python3.7/site-packages/airflow/example_dags/example_dag_decorator.py took 0.437 seconds
[2023-04-19T09:12:07.640+0000] {processor.py:153} INFO - Started process (PID=1424) to work on /home/airflow/.local/lib/python3.7/site-packages/airflow/example_dags/example_dag_decorator.py
[2023-04-19T09:12:07.642+0000] {processor.py:743} INFO - Processing file /home/airflow/.local/lib/python3.7/site-packages/airflow/example_dags/example_dag_decorator.py for tasks to queue
[2023-04-19T09:12:07.645+0000] {logging_mixin.py:137} INFO - [2023-04-19T09:12:07.644+0000] {dagbag.py:532} INFO - Filling up the DagBag from /home/airflow/.local/lib/python3.7/site-packages/airflow/example_dags/example_dag_decorator.py
[2023-04-19T09:12:07.677+0000] {logging_mixin.py:137} INFO - [2023-04-19T09:12:07.677+0000] {taskmixin.py:211} WARNING - Dependency <Task(_PythonDecoratedOperator): prepare_email>, send_email already registered for DAG: example_dag_decorator
[2023-04-19T09:12:07.683+0000] {logging_mixin.py:137} INFO - [2023-04-19T09:12:07.681+0000] {taskmixin.py:211} WARNING - Dependency <Task(EmailOperator): send_email>, prepare_email already registered for DAG: example_dag_decorator
[2023-04-19T09:12:07.729+0000] {processor.py:753} INFO - DAG(s) dict_keys(['example_dag_decorator']) retrieved from /home/airflow/.local/lib/python3.7/site-packages/airflow/example_dags/example_dag_decorator.py
[2023-04-19T09:12:07.925+0000] {logging_mixin.py:137} INFO - [2023-04-19T09:12:07.924+0000] {dag.py:2705} INFO - Sync 1 DAGs
[2023-04-19T09:12:08.027+0000] {logging_mixin.py:137} INFO - [2023-04-19T09:12:08.027+0000] {dag.py:3456} INFO - Setting next_dagrun for example_dag_decorator to None, run_after=None
[2023-04-19T09:12:08.090+0000] {processor.py:175} INFO - Processing /home/airflow/.local/lib/python3.7/site-packages/airflow/example_dags/example_dag_decorator.py took 0.468 seconds
[2023-04-19T09:29:46.041+0000] {processor.py:153} INFO - Started process (PID=1468) to work on /home/airflow/.local/lib/python3.7/site-packages/airflow/example_dags/example_dag_decorator.py
[2023-04-19T09:29:46.043+0000] {processor.py:743} INFO - Processing file /home/airflow/.local/lib/python3.7/site-packages/airflow/example_dags/example_dag_decorator.py for tasks to queue
[2023-04-19T09:29:46.044+0000] {logging_mixin.py:137} INFO - [2023-04-19T09:29:46.044+0000] {dagbag.py:532} INFO - Filling up the DagBag from /home/airflow/.local/lib/python3.7/site-packages/airflow/example_dags/example_dag_decorator.py
[2023-04-19T09:29:46.067+0000] {logging_mixin.py:137} INFO - [2023-04-19T09:29:46.067+0000] {taskmixin.py:211} WARNING - Dependency <Task(_PythonDecoratedOperator): prepare_email>, send_email already registered for DAG: example_dag_decorator
[2023-04-19T09:29:46.068+0000] {logging_mixin.py:137} INFO - [2023-04-19T09:29:46.068+0000] {taskmixin.py:211} WARNING - Dependency <Task(EmailOperator): send_email>, prepare_email already registered for DAG: example_dag_decorator
[2023-04-19T09:29:46.083+0000] {processor.py:753} INFO - DAG(s) dict_keys(['example_dag_decorator']) retrieved from /home/airflow/.local/lib/python3.7/site-packages/airflow/example_dags/example_dag_decorator.py
[2023-04-19T09:29:46.179+0000] {logging_mixin.py:137} INFO - [2023-04-19T09:29:46.179+0000] {dag.py:2705} INFO - Sync 1 DAGs
[2023-04-19T09:29:46.214+0000] {logging_mixin.py:137} INFO - [2023-04-19T09:29:46.214+0000] {dag.py:3456} INFO - Setting next_dagrun for example_dag_decorator to None, run_after=None
[2023-04-19T09:29:46.248+0000] {processor.py:175} INFO - Processing /home/airflow/.local/lib/python3.7/site-packages/airflow/example_dags/example_dag_decorator.py took 0.217 seconds
[2023-04-19T10:01:07.934+0000] {processor.py:153} INFO - Started process (PID=1525) to work on /home/airflow/.local/lib/python3.7/site-packages/airflow/example_dags/example_dag_decorator.py
[2023-04-19T10:01:07.936+0000] {processor.py:743} INFO - Processing file /home/airflow/.local/lib/python3.7/site-packages/airflow/example_dags/example_dag_decorator.py for tasks to queue
[2023-04-19T10:01:07.937+0000] {logging_mixin.py:137} INFO - [2023-04-19T10:01:07.937+0000] {dagbag.py:532} INFO - Filling up the DagBag from /home/airflow/.local/lib/python3.7/site-packages/airflow/example_dags/example_dag_decorator.py
[2023-04-19T10:01:07.960+0000] {logging_mixin.py:137} INFO - [2023-04-19T10:01:07.959+0000] {taskmixin.py:211} WARNING - Dependency <Task(_PythonDecoratedOperator): prepare_email>, send_email already registered for DAG: example_dag_decorator
[2023-04-19T10:01:07.961+0000] {logging_mixin.py:137} INFO - [2023-04-19T10:01:07.961+0000] {taskmixin.py:211} WARNING - Dependency <Task(EmailOperator): send_email>, prepare_email already registered for DAG: example_dag_decorator
[2023-04-19T10:01:07.976+0000] {processor.py:753} INFO - DAG(s) dict_keys(['example_dag_decorator']) retrieved from /home/airflow/.local/lib/python3.7/site-packages/airflow/example_dags/example_dag_decorator.py
[2023-04-19T10:01:08.054+0000] {logging_mixin.py:137} INFO - [2023-04-19T10:01:08.054+0000] {dag.py:2705} INFO - Sync 1 DAGs
[2023-04-19T10:01:08.086+0000] {logging_mixin.py:137} INFO - [2023-04-19T10:01:08.086+0000] {dag.py:3456} INFO - Setting next_dagrun for example_dag_decorator to None, run_after=None
[2023-04-19T10:01:08.113+0000] {processor.py:175} INFO - Processing /home/airflow/.local/lib/python3.7/site-packages/airflow/example_dags/example_dag_decorator.py took 0.183 seconds
[2023-04-19T10:17:01.334+0000] {processor.py:153} INFO - Started process (PID=1577) to work on /home/airflow/.local/lib/python3.7/site-packages/airflow/example_dags/example_dag_decorator.py
[2023-04-19T10:17:01.339+0000] {processor.py:743} INFO - Processing file /home/airflow/.local/lib/python3.7/site-packages/airflow/example_dags/example_dag_decorator.py for tasks to queue
[2023-04-19T10:17:01.341+0000] {logging_mixin.py:137} INFO - [2023-04-19T10:17:01.341+0000] {dagbag.py:532} INFO - Filling up the DagBag from /home/airflow/.local/lib/python3.7/site-packages/airflow/example_dags/example_dag_decorator.py
[2023-04-19T10:17:01.367+0000] {logging_mixin.py:137} INFO - [2023-04-19T10:17:01.367+0000] {taskmixin.py:211} WARNING - Dependency <Task(_PythonDecoratedOperator): prepare_email>, send_email already registered for DAG: example_dag_decorator
[2023-04-19T10:17:01.369+0000] {logging_mixin.py:137} INFO - [2023-04-19T10:17:01.368+0000] {taskmixin.py:211} WARNING - Dependency <Task(EmailOperator): send_email>, prepare_email already registered for DAG: example_dag_decorator
[2023-04-19T10:17:01.391+0000] {processor.py:753} INFO - DAG(s) dict_keys(['example_dag_decorator']) retrieved from /home/airflow/.local/lib/python3.7/site-packages/airflow/example_dags/example_dag_decorator.py
[2023-04-19T10:17:01.503+0000] {logging_mixin.py:137} INFO - [2023-04-19T10:17:01.502+0000] {dag.py:2705} INFO - Sync 1 DAGs
[2023-04-19T10:17:01.533+0000] {logging_mixin.py:137} INFO - [2023-04-19T10:17:01.533+0000] {dag.py:3456} INFO - Setting next_dagrun for example_dag_decorator to None, run_after=None
[2023-04-19T10:17:01.557+0000] {processor.py:175} INFO - Processing /home/airflow/.local/lib/python3.7/site-packages/airflow/example_dags/example_dag_decorator.py took 0.227 seconds
[2023-04-19T12:32:43.879+0000] {processor.py:153} INFO - Started process (PID=1621) to work on /home/airflow/.local/lib/python3.7/site-packages/airflow/example_dags/example_dag_decorator.py
[2023-04-19T12:32:43.889+0000] {processor.py:743} INFO - Processing file /home/airflow/.local/lib/python3.7/site-packages/airflow/example_dags/example_dag_decorator.py for tasks to queue
[2023-04-19T12:32:43.891+0000] {logging_mixin.py:137} INFO - [2023-04-19T12:32:43.890+0000] {dagbag.py:532} INFO - Filling up the DagBag from /home/airflow/.local/lib/python3.7/site-packages/airflow/example_dags/example_dag_decorator.py
[2023-04-19T12:32:43.927+0000] {logging_mixin.py:137} INFO - [2023-04-19T12:32:43.927+0000] {taskmixin.py:211} WARNING - Dependency <Task(_PythonDecoratedOperator): prepare_email>, send_email already registered for DAG: example_dag_decorator
[2023-04-19T12:32:43.929+0000] {logging_mixin.py:137} INFO - [2023-04-19T12:32:43.928+0000] {taskmixin.py:211} WARNING - Dependency <Task(EmailOperator): send_email>, prepare_email already registered for DAG: example_dag_decorator
[2023-04-19T12:32:43.947+0000] {processor.py:753} INFO - DAG(s) dict_keys(['example_dag_decorator']) retrieved from /home/airflow/.local/lib/python3.7/site-packages/airflow/example_dags/example_dag_decorator.py
[2023-04-19T12:32:44.055+0000] {logging_mixin.py:137} INFO - [2023-04-19T12:32:44.055+0000] {dag.py:2705} INFO - Sync 1 DAGs
[2023-04-19T12:32:44.091+0000] {logging_mixin.py:137} INFO - [2023-04-19T12:32:44.091+0000] {dag.py:3456} INFO - Setting next_dagrun for example_dag_decorator to None, run_after=None
[2023-04-19T12:32:44.128+0000] {processor.py:175} INFO - Processing /home/airflow/.local/lib/python3.7/site-packages/airflow/example_dags/example_dag_decorator.py took 0.254 seconds
[2023-04-19T12:33:17.617+0000] {processor.py:153} INFO - Started process (PID=1673) to work on /home/airflow/.local/lib/python3.7/site-packages/airflow/example_dags/example_dag_decorator.py
[2023-04-19T12:33:17.619+0000] {processor.py:743} INFO - Processing file /home/airflow/.local/lib/python3.7/site-packages/airflow/example_dags/example_dag_decorator.py for tasks to queue
[2023-04-19T12:33:17.622+0000] {logging_mixin.py:137} INFO - [2023-04-19T12:33:17.621+0000] {dagbag.py:532} INFO - Filling up the DagBag from /home/airflow/.local/lib/python3.7/site-packages/airflow/example_dags/example_dag_decorator.py
[2023-04-19T12:33:17.663+0000] {logging_mixin.py:137} INFO - [2023-04-19T12:33:17.662+0000] {taskmixin.py:211} WARNING - Dependency <Task(_PythonDecoratedOperator): prepare_email>, send_email already registered for DAG: example_dag_decorator
[2023-04-19T12:33:17.664+0000] {logging_mixin.py:137} INFO - [2023-04-19T12:33:17.664+0000] {taskmixin.py:211} WARNING - Dependency <Task(EmailOperator): send_email>, prepare_email already registered for DAG: example_dag_decorator
[2023-04-19T12:33:17.688+0000] {processor.py:753} INFO - DAG(s) dict_keys(['example_dag_decorator']) retrieved from /home/airflow/.local/lib/python3.7/site-packages/airflow/example_dags/example_dag_decorator.py
[2023-04-19T12:33:17.786+0000] {logging_mixin.py:137} INFO - [2023-04-19T12:33:17.786+0000] {dag.py:2705} INFO - Sync 1 DAGs
[2023-04-19T12:33:17.815+0000] {logging_mixin.py:137} INFO - [2023-04-19T12:33:17.815+0000] {dag.py:3456} INFO - Setting next_dagrun for example_dag_decorator to None, run_after=None
[2023-04-19T12:33:17.842+0000] {processor.py:175} INFO - Processing /home/airflow/.local/lib/python3.7/site-packages/airflow/example_dags/example_dag_decorator.py took 0.235 seconds
[2023-04-19T13:31:54.408+0000] {processor.py:153} INFO - Started process (PID=1733) to work on /home/airflow/.local/lib/python3.7/site-packages/airflow/example_dags/example_dag_decorator.py
[2023-04-19T13:31:54.410+0000] {processor.py:743} INFO - Processing file /home/airflow/.local/lib/python3.7/site-packages/airflow/example_dags/example_dag_decorator.py for tasks to queue
[2023-04-19T13:31:54.412+0000] {logging_mixin.py:137} INFO - [2023-04-19T13:31:54.412+0000] {dagbag.py:532} INFO - Filling up the DagBag from /home/airflow/.local/lib/python3.7/site-packages/airflow/example_dags/example_dag_decorator.py
[2023-04-19T13:31:54.436+0000] {logging_mixin.py:137} INFO - [2023-04-19T13:31:54.436+0000] {taskmixin.py:211} WARNING - Dependency <Task(_PythonDecoratedOperator): prepare_email>, send_email already registered for DAG: example_dag_decorator
[2023-04-19T13:31:54.437+0000] {logging_mixin.py:137} INFO - [2023-04-19T13:31:54.437+0000] {taskmixin.py:211} WARNING - Dependency <Task(EmailOperator): send_email>, prepare_email already registered for DAG: example_dag_decorator
[2023-04-19T13:31:54.452+0000] {processor.py:753} INFO - DAG(s) dict_keys(['example_dag_decorator']) retrieved from /home/airflow/.local/lib/python3.7/site-packages/airflow/example_dags/example_dag_decorator.py
[2023-04-19T13:31:54.541+0000] {logging_mixin.py:137} INFO - [2023-04-19T13:31:54.541+0000] {dag.py:2705} INFO - Sync 1 DAGs
[2023-04-19T13:31:54.595+0000] {logging_mixin.py:137} INFO - [2023-04-19T13:31:54.595+0000] {dag.py:3456} INFO - Setting next_dagrun for example_dag_decorator to None, run_after=None
[2023-04-19T13:31:54.620+0000] {processor.py:175} INFO - Processing /home/airflow/.local/lib/python3.7/site-packages/airflow/example_dags/example_dag_decorator.py took 0.217 seconds
[2023-04-19T14:25:40.576+0000] {processor.py:153} INFO - Started process (PID=1777) to work on /home/airflow/.local/lib/python3.7/site-packages/airflow/example_dags/example_dag_decorator.py
[2023-04-19T14:25:40.579+0000] {processor.py:743} INFO - Processing file /home/airflow/.local/lib/python3.7/site-packages/airflow/example_dags/example_dag_decorator.py for tasks to queue
[2023-04-19T14:25:40.581+0000] {logging_mixin.py:137} INFO - [2023-04-19T14:25:40.581+0000] {dagbag.py:532} INFO - Filling up the DagBag from /home/airflow/.local/lib/python3.7/site-packages/airflow/example_dags/example_dag_decorator.py
[2023-04-19T14:25:40.609+0000] {logging_mixin.py:137} INFO - [2023-04-19T14:25:40.609+0000] {taskmixin.py:211} WARNING - Dependency <Task(_PythonDecoratedOperator): prepare_email>, send_email already registered for DAG: example_dag_decorator
[2023-04-19T14:25:40.610+0000] {logging_mixin.py:137} INFO - [2023-04-19T14:25:40.610+0000] {taskmixin.py:211} WARNING - Dependency <Task(EmailOperator): send_email>, prepare_email already registered for DAG: example_dag_decorator
[2023-04-19T14:25:40.628+0000] {processor.py:753} INFO - DAG(s) dict_keys(['example_dag_decorator']) retrieved from /home/airflow/.local/lib/python3.7/site-packages/airflow/example_dags/example_dag_decorator.py
[2023-04-19T14:25:40.721+0000] {logging_mixin.py:137} INFO - [2023-04-19T14:25:40.721+0000] {dag.py:2705} INFO - Sync 1 DAGs
[2023-04-19T14:25:40.766+0000] {logging_mixin.py:137} INFO - [2023-04-19T14:25:40.765+0000] {dag.py:3456} INFO - Setting next_dagrun for example_dag_decorator to None, run_after=None
[2023-04-19T14:25:40.818+0000] {processor.py:175} INFO - Processing /home/airflow/.local/lib/python3.7/site-packages/airflow/example_dags/example_dag_decorator.py took 0.258 seconds
[2023-04-19T15:20:05.061+0000] {processor.py:153} INFO - Started process (PID=1829) to work on /home/airflow/.local/lib/python3.7/site-packages/airflow/example_dags/example_dag_decorator.py
[2023-04-19T15:20:05.063+0000] {processor.py:743} INFO - Processing file /home/airflow/.local/lib/python3.7/site-packages/airflow/example_dags/example_dag_decorator.py for tasks to queue
[2023-04-19T15:20:05.066+0000] {logging_mixin.py:137} INFO - [2023-04-19T15:20:05.065+0000] {dagbag.py:532} INFO - Filling up the DagBag from /home/airflow/.local/lib/python3.7/site-packages/airflow/example_dags/example_dag_decorator.py
[2023-04-19T15:20:05.095+0000] {logging_mixin.py:137} INFO - [2023-04-19T15:20:05.095+0000] {taskmixin.py:211} WARNING - Dependency <Task(_PythonDecoratedOperator): prepare_email>, send_email already registered for DAG: example_dag_decorator
[2023-04-19T15:20:05.097+0000] {logging_mixin.py:137} INFO - [2023-04-19T15:20:05.097+0000] {taskmixin.py:211} WARNING - Dependency <Task(EmailOperator): send_email>, prepare_email already registered for DAG: example_dag_decorator
[2023-04-19T15:20:05.118+0000] {processor.py:753} INFO - DAG(s) dict_keys(['example_dag_decorator']) retrieved from /home/airflow/.local/lib/python3.7/site-packages/airflow/example_dags/example_dag_decorator.py
[2023-04-19T15:20:05.204+0000] {logging_mixin.py:137} INFO - [2023-04-19T15:20:05.204+0000] {dag.py:2705} INFO - Sync 1 DAGs
[2023-04-19T15:20:05.229+0000] {logging_mixin.py:137} INFO - [2023-04-19T15:20:05.229+0000] {dag.py:3456} INFO - Setting next_dagrun for example_dag_decorator to None, run_after=None
[2023-04-19T15:20:05.250+0000] {processor.py:175} INFO - Processing /home/airflow/.local/lib/python3.7/site-packages/airflow/example_dags/example_dag_decorator.py took 0.199 seconds
[2023-04-19T17:07:30.497+0000] {processor.py:153} INFO - Started process (PID=1880) to work on /home/airflow/.local/lib/python3.7/site-packages/airflow/example_dags/example_dag_decorator.py
[2023-04-19T17:07:30.516+0000] {processor.py:743} INFO - Processing file /home/airflow/.local/lib/python3.7/site-packages/airflow/example_dags/example_dag_decorator.py for tasks to queue
[2023-04-19T17:07:30.528+0000] {logging_mixin.py:137} INFO - [2023-04-19T17:07:30.527+0000] {dagbag.py:532} INFO - Filling up the DagBag from /home/airflow/.local/lib/python3.7/site-packages/airflow/example_dags/example_dag_decorator.py
[2023-04-19T17:07:30.696+0000] {logging_mixin.py:137} INFO - [2023-04-19T17:07:30.695+0000] {taskmixin.py:211} WARNING - Dependency <Task(_PythonDecoratedOperator): prepare_email>, send_email already registered for DAG: example_dag_decorator
[2023-04-19T17:07:30.703+0000] {logging_mixin.py:137} INFO - [2023-04-19T17:07:30.701+0000] {taskmixin.py:211} WARNING - Dependency <Task(EmailOperator): send_email>, prepare_email already registered for DAG: example_dag_decorator
[2023-04-19T17:07:30.824+0000] {processor.py:753} INFO - DAG(s) dict_keys(['example_dag_decorator']) retrieved from /home/airflow/.local/lib/python3.7/site-packages/airflow/example_dags/example_dag_decorator.py
[2023-04-19T17:07:31.445+0000] {logging_mixin.py:137} INFO - [2023-04-19T17:07:31.445+0000] {dag.py:2705} INFO - Sync 1 DAGs
[2023-04-19T17:07:31.666+0000] {logging_mixin.py:137} INFO - [2023-04-19T17:07:31.665+0000] {dag.py:3456} INFO - Setting next_dagrun for example_dag_decorator to None, run_after=None
[2023-04-19T17:07:31.820+0000] {processor.py:175} INFO - Processing /home/airflow/.local/lib/python3.7/site-packages/airflow/example_dags/example_dag_decorator.py took 1.377 seconds
[2023-04-19T17:37:55.067+0000] {processor.py:153} INFO - Started process (PID=1931) to work on /home/airflow/.local/lib/python3.7/site-packages/airflow/example_dags/example_dag_decorator.py
[2023-04-19T17:37:55.069+0000] {processor.py:743} INFO - Processing file /home/airflow/.local/lib/python3.7/site-packages/airflow/example_dags/example_dag_decorator.py for tasks to queue
[2023-04-19T17:37:55.071+0000] {logging_mixin.py:137} INFO - [2023-04-19T17:37:55.070+0000] {dagbag.py:532} INFO - Filling up the DagBag from /home/airflow/.local/lib/python3.7/site-packages/airflow/example_dags/example_dag_decorator.py
[2023-04-19T17:37:55.104+0000] {logging_mixin.py:137} INFO - [2023-04-19T17:37:55.104+0000] {taskmixin.py:211} WARNING - Dependency <Task(_PythonDecoratedOperator): prepare_email>, send_email already registered for DAG: example_dag_decorator
[2023-04-19T17:37:55.105+0000] {logging_mixin.py:137} INFO - [2023-04-19T17:37:55.105+0000] {taskmixin.py:211} WARNING - Dependency <Task(EmailOperator): send_email>, prepare_email already registered for DAG: example_dag_decorator
[2023-04-19T17:37:55.123+0000] {processor.py:753} INFO - DAG(s) dict_keys(['example_dag_decorator']) retrieved from /home/airflow/.local/lib/python3.7/site-packages/airflow/example_dags/example_dag_decorator.py
[2023-04-19T17:37:57.327+0000] {logging_mixin.py:137} INFO - [2023-04-19T17:37:57.326+0000] {dag.py:2705} INFO - Sync 1 DAGs
[2023-04-19T17:37:57.392+0000] {logging_mixin.py:137} INFO - [2023-04-19T17:37:57.391+0000] {dag.py:3456} INFO - Setting next_dagrun for example_dag_decorator to None, run_after=None
[2023-04-19T17:37:57.701+0000] {processor.py:175} INFO - Processing /home/airflow/.local/lib/python3.7/site-packages/airflow/example_dags/example_dag_decorator.py took 2.642 seconds
[2023-04-19T19:26:08.145+0000] {processor.py:153} INFO - Started process (PID=1984) to work on /home/airflow/.local/lib/python3.7/site-packages/airflow/example_dags/example_dag_decorator.py
[2023-04-19T19:26:08.148+0000] {processor.py:743} INFO - Processing file /home/airflow/.local/lib/python3.7/site-packages/airflow/example_dags/example_dag_decorator.py for tasks to queue
[2023-04-19T19:26:08.150+0000] {logging_mixin.py:137} INFO - [2023-04-19T19:26:08.150+0000] {dagbag.py:532} INFO - Filling up the DagBag from /home/airflow/.local/lib/python3.7/site-packages/airflow/example_dags/example_dag_decorator.py
[2023-04-19T19:26:08.175+0000] {logging_mixin.py:137} INFO - [2023-04-19T19:26:08.175+0000] {taskmixin.py:211} WARNING - Dependency <Task(_PythonDecoratedOperator): prepare_email>, send_email already registered for DAG: example_dag_decorator
[2023-04-19T19:26:08.176+0000] {logging_mixin.py:137} INFO - [2023-04-19T19:26:08.176+0000] {taskmixin.py:211} WARNING - Dependency <Task(EmailOperator): send_email>, prepare_email already registered for DAG: example_dag_decorator
[2023-04-19T19:26:08.192+0000] {processor.py:753} INFO - DAG(s) dict_keys(['example_dag_decorator']) retrieved from /home/airflow/.local/lib/python3.7/site-packages/airflow/example_dags/example_dag_decorator.py
[2023-04-19T19:26:08.304+0000] {logging_mixin.py:137} INFO - [2023-04-19T19:26:08.304+0000] {dag.py:2705} INFO - Sync 1 DAGs
[2023-04-19T19:26:08.362+0000] {logging_mixin.py:137} INFO - [2023-04-19T19:26:08.361+0000] {dag.py:3456} INFO - Setting next_dagrun for example_dag_decorator to None, run_after=None
[2023-04-19T19:26:08.398+0000] {processor.py:175} INFO - Processing /home/airflow/.local/lib/python3.7/site-packages/airflow/example_dags/example_dag_decorator.py took 0.262 seconds
[2023-04-19T21:13:25.969+0000] {processor.py:153} INFO - Started process (PID=2037) to work on /home/airflow/.local/lib/python3.7/site-packages/airflow/example_dags/example_dag_decorator.py
[2023-04-19T21:13:25.971+0000] {processor.py:743} INFO - Processing file /home/airflow/.local/lib/python3.7/site-packages/airflow/example_dags/example_dag_decorator.py for tasks to queue
[2023-04-19T21:13:25.976+0000] {logging_mixin.py:137} INFO - [2023-04-19T21:13:25.974+0000] {dagbag.py:532} INFO - Filling up the DagBag from /home/airflow/.local/lib/python3.7/site-packages/airflow/example_dags/example_dag_decorator.py
[2023-04-19T21:13:26.008+0000] {logging_mixin.py:137} INFO - [2023-04-19T21:13:26.007+0000] {taskmixin.py:211} WARNING - Dependency <Task(_PythonDecoratedOperator): prepare_email>, send_email already registered for DAG: example_dag_decorator
[2023-04-19T21:13:26.009+0000] {logging_mixin.py:137} INFO - [2023-04-19T21:13:26.009+0000] {taskmixin.py:211} WARNING - Dependency <Task(EmailOperator): send_email>, prepare_email already registered for DAG: example_dag_decorator
[2023-04-19T21:13:26.044+0000] {processor.py:753} INFO - DAG(s) dict_keys(['example_dag_decorator']) retrieved from /home/airflow/.local/lib/python3.7/site-packages/airflow/example_dags/example_dag_decorator.py
[2023-04-19T21:13:26.198+0000] {logging_mixin.py:137} INFO - [2023-04-19T21:13:26.198+0000] {dag.py:2705} INFO - Sync 1 DAGs
[2023-04-19T21:13:26.244+0000] {logging_mixin.py:137} INFO - [2023-04-19T21:13:26.244+0000] {dag.py:3456} INFO - Setting next_dagrun for example_dag_decorator to None, run_after=None
[2023-04-19T21:13:26.270+0000] {processor.py:175} INFO - Processing /home/airflow/.local/lib/python3.7/site-packages/airflow/example_dags/example_dag_decorator.py took 0.312 seconds
