[2023-04-19T08:58:01.562+0000] {processor.py:153} INFO - Started process (PID=64) to work on /home/airflow/.local/lib/python3.7/site-packages/airflow/example_dags/example_branch_python_dop_operator_3.py
[2023-04-19T08:58:01.576+0000] {processor.py:743} INFO - Processing file /home/airflow/.local/lib/python3.7/site-packages/airflow/example_dags/example_branch_python_dop_operator_3.py for tasks to queue
[2023-04-19T08:58:01.588+0000] {logging_mixin.py:137} INFO - [2023-04-19T08:58:01.586+0000] {dagbag.py:532} INFO - Filling up the DagBag from /home/airflow/.local/lib/python3.7/site-packages/airflow/example_dags/example_branch_python_dop_operator_3.py
[2023-04-19T08:58:01.886+0000] {processor.py:753} INFO - DAG(s) dict_keys(['example_branch_dop_operator_v3']) retrieved from /home/airflow/.local/lib/python3.7/site-packages/airflow/example_dags/example_branch_python_dop_operator_3.py
[2023-04-19T08:58:02.163+0000] {logging_mixin.py:137} INFO - [2023-04-19T08:58:02.161+0000] {dag.py:2705} INFO - Sync 1 DAGs
[2023-04-19T08:58:02.428+0000] {logging_mixin.py:137} INFO - [2023-04-19T08:58:02.428+0000] {dag.py:3456} INFO - Setting next_dagrun for example_branch_dop_operator_v3 to 2023-04-19T08:57:00+00:00, run_after=2023-04-19T08:58:00+00:00
[2023-04-19T08:58:02.567+0000] {processor.py:175} INFO - Processing /home/airflow/.local/lib/python3.7/site-packages/airflow/example_dags/example_branch_python_dop_operator_3.py took 1.048 seconds
[2023-04-19T08:58:33.513+0000] {processor.py:153} INFO - Started process (PID=117) to work on /home/airflow/.local/lib/python3.7/site-packages/airflow/example_dags/example_branch_python_dop_operator_3.py
[2023-04-19T08:58:33.526+0000] {processor.py:743} INFO - Processing file /home/airflow/.local/lib/python3.7/site-packages/airflow/example_dags/example_branch_python_dop_operator_3.py for tasks to queue
[2023-04-19T08:58:33.539+0000] {logging_mixin.py:137} INFO - [2023-04-19T08:58:33.536+0000] {dagbag.py:532} INFO - Filling up the DagBag from /home/airflow/.local/lib/python3.7/site-packages/airflow/example_dags/example_branch_python_dop_operator_3.py
[2023-04-19T08:58:33.730+0000] {processor.py:753} INFO - DAG(s) dict_keys(['example_branch_dop_operator_v3']) retrieved from /home/airflow/.local/lib/python3.7/site-packages/airflow/example_dags/example_branch_python_dop_operator_3.py
[2023-04-19T08:58:33.886+0000] {logging_mixin.py:137} INFO - [2023-04-19T08:58:33.886+0000] {dag.py:2705} INFO - Sync 1 DAGs
[2023-04-19T08:58:34.057+0000] {logging_mixin.py:137} INFO - [2023-04-19T08:58:34.057+0000] {dag.py:3456} INFO - Setting next_dagrun for example_branch_dop_operator_v3 to 2023-04-19T08:57:00+00:00, run_after=2023-04-19T08:58:00+00:00
[2023-04-19T08:58:34.126+0000] {processor.py:175} INFO - Processing /home/airflow/.local/lib/python3.7/site-packages/airflow/example_dags/example_branch_python_dop_operator_3.py took 0.640 seconds
[2023-04-19T08:59:04.281+0000] {processor.py:153} INFO - Started process (PID=169) to work on /home/airflow/.local/lib/python3.7/site-packages/airflow/example_dags/example_branch_python_dop_operator_3.py
[2023-04-19T08:59:04.283+0000] {processor.py:743} INFO - Processing file /home/airflow/.local/lib/python3.7/site-packages/airflow/example_dags/example_branch_python_dop_operator_3.py for tasks to queue
[2023-04-19T08:59:04.285+0000] {logging_mixin.py:137} INFO - [2023-04-19T08:59:04.285+0000] {dagbag.py:532} INFO - Filling up the DagBag from /home/airflow/.local/lib/python3.7/site-packages/airflow/example_dags/example_branch_python_dop_operator_3.py
[2023-04-19T08:59:04.324+0000] {processor.py:753} INFO - DAG(s) dict_keys(['example_branch_dop_operator_v3']) retrieved from /home/airflow/.local/lib/python3.7/site-packages/airflow/example_dags/example_branch_python_dop_operator_3.py
[2023-04-19T08:59:04.374+0000] {logging_mixin.py:137} INFO - [2023-04-19T08:59:04.374+0000] {dag.py:2705} INFO - Sync 1 DAGs
[2023-04-19T08:59:04.422+0000] {logging_mixin.py:137} INFO - [2023-04-19T08:59:04.421+0000] {dag.py:3456} INFO - Setting next_dagrun for example_branch_dop_operator_v3 to 2023-04-19T08:58:00+00:00, run_after=2023-04-19T08:59:00+00:00
[2023-04-19T08:59:04.453+0000] {processor.py:175} INFO - Processing /home/airflow/.local/lib/python3.7/site-packages/airflow/example_dags/example_branch_python_dop_operator_3.py took 0.179 seconds
[2023-04-19T08:59:34.661+0000] {processor.py:153} INFO - Started process (PID=219) to work on /home/airflow/.local/lib/python3.7/site-packages/airflow/example_dags/example_branch_python_dop_operator_3.py
[2023-04-19T08:59:34.663+0000] {processor.py:743} INFO - Processing file /home/airflow/.local/lib/python3.7/site-packages/airflow/example_dags/example_branch_python_dop_operator_3.py for tasks to queue
[2023-04-19T08:59:34.665+0000] {logging_mixin.py:137} INFO - [2023-04-19T08:59:34.665+0000] {dagbag.py:532} INFO - Filling up the DagBag from /home/airflow/.local/lib/python3.7/site-packages/airflow/example_dags/example_branch_python_dop_operator_3.py
[2023-04-19T08:59:34.705+0000] {processor.py:753} INFO - DAG(s) dict_keys(['example_branch_dop_operator_v3']) retrieved from /home/airflow/.local/lib/python3.7/site-packages/airflow/example_dags/example_branch_python_dop_operator_3.py
[2023-04-19T08:59:34.743+0000] {logging_mixin.py:137} INFO - [2023-04-19T08:59:34.742+0000] {dag.py:2705} INFO - Sync 1 DAGs
[2023-04-19T08:59:34.784+0000] {logging_mixin.py:137} INFO - [2023-04-19T08:59:34.784+0000] {dag.py:3456} INFO - Setting next_dagrun for example_branch_dop_operator_v3 to 2023-04-19T08:58:00+00:00, run_after=2023-04-19T08:59:00+00:00
[2023-04-19T08:59:34.817+0000] {processor.py:175} INFO - Processing /home/airflow/.local/lib/python3.7/site-packages/airflow/example_dags/example_branch_python_dop_operator_3.py took 0.162 seconds
[2023-04-19T09:00:05.157+0000] {processor.py:153} INFO - Started process (PID=272) to work on /home/airflow/.local/lib/python3.7/site-packages/airflow/example_dags/example_branch_python_dop_operator_3.py
[2023-04-19T09:00:05.161+0000] {processor.py:743} INFO - Processing file /home/airflow/.local/lib/python3.7/site-packages/airflow/example_dags/example_branch_python_dop_operator_3.py for tasks to queue
[2023-04-19T09:00:05.164+0000] {logging_mixin.py:137} INFO - [2023-04-19T09:00:05.164+0000] {dagbag.py:532} INFO - Filling up the DagBag from /home/airflow/.local/lib/python3.7/site-packages/airflow/example_dags/example_branch_python_dop_operator_3.py
[2023-04-19T09:00:05.233+0000] {processor.py:753} INFO - DAG(s) dict_keys(['example_branch_dop_operator_v3']) retrieved from /home/airflow/.local/lib/python3.7/site-packages/airflow/example_dags/example_branch_python_dop_operator_3.py
[2023-04-19T09:00:05.280+0000] {logging_mixin.py:137} INFO - [2023-04-19T09:00:05.280+0000] {dag.py:2705} INFO - Sync 1 DAGs
[2023-04-19T09:00:05.330+0000] {logging_mixin.py:137} INFO - [2023-04-19T09:00:05.330+0000] {dag.py:3456} INFO - Setting next_dagrun for example_branch_dop_operator_v3 to 2023-04-19T08:59:00+00:00, run_after=2023-04-19T09:00:00+00:00
[2023-04-19T09:00:05.357+0000] {processor.py:175} INFO - Processing /home/airflow/.local/lib/python3.7/site-packages/airflow/example_dags/example_branch_python_dop_operator_3.py took 0.213 seconds
[2023-04-19T09:00:35.548+0000] {processor.py:153} INFO - Started process (PID=323) to work on /home/airflow/.local/lib/python3.7/site-packages/airflow/example_dags/example_branch_python_dop_operator_3.py
[2023-04-19T09:00:35.553+0000] {processor.py:743} INFO - Processing file /home/airflow/.local/lib/python3.7/site-packages/airflow/example_dags/example_branch_python_dop_operator_3.py for tasks to queue
[2023-04-19T09:00:35.557+0000] {logging_mixin.py:137} INFO - [2023-04-19T09:00:35.556+0000] {dagbag.py:532} INFO - Filling up the DagBag from /home/airflow/.local/lib/python3.7/site-packages/airflow/example_dags/example_branch_python_dop_operator_3.py
[2023-04-19T09:00:35.600+0000] {processor.py:753} INFO - DAG(s) dict_keys(['example_branch_dop_operator_v3']) retrieved from /home/airflow/.local/lib/python3.7/site-packages/airflow/example_dags/example_branch_python_dop_operator_3.py
[2023-04-19T09:00:35.654+0000] {logging_mixin.py:137} INFO - [2023-04-19T09:00:35.654+0000] {dag.py:2705} INFO - Sync 1 DAGs
[2023-04-19T09:00:35.726+0000] {logging_mixin.py:137} INFO - [2023-04-19T09:00:35.725+0000] {dag.py:3456} INFO - Setting next_dagrun for example_branch_dop_operator_v3 to 2023-04-19T08:59:00+00:00, run_after=2023-04-19T09:00:00+00:00
[2023-04-19T09:00:35.796+0000] {processor.py:175} INFO - Processing /home/airflow/.local/lib/python3.7/site-packages/airflow/example_dags/example_branch_python_dop_operator_3.py took 0.266 seconds
[2023-04-19T09:01:06.358+0000] {processor.py:153} INFO - Started process (PID=376) to work on /home/airflow/.local/lib/python3.7/site-packages/airflow/example_dags/example_branch_python_dop_operator_3.py
[2023-04-19T09:01:06.366+0000] {processor.py:743} INFO - Processing file /home/airflow/.local/lib/python3.7/site-packages/airflow/example_dags/example_branch_python_dop_operator_3.py for tasks to queue
[2023-04-19T09:01:06.371+0000] {logging_mixin.py:137} INFO - [2023-04-19T09:01:06.371+0000] {dagbag.py:532} INFO - Filling up the DagBag from /home/airflow/.local/lib/python3.7/site-packages/airflow/example_dags/example_branch_python_dop_operator_3.py
[2023-04-19T09:01:06.407+0000] {processor.py:753} INFO - DAG(s) dict_keys(['example_branch_dop_operator_v3']) retrieved from /home/airflow/.local/lib/python3.7/site-packages/airflow/example_dags/example_branch_python_dop_operator_3.py
[2023-04-19T09:01:06.452+0000] {logging_mixin.py:137} INFO - [2023-04-19T09:01:06.452+0000] {dag.py:2705} INFO - Sync 1 DAGs
[2023-04-19T09:01:06.495+0000] {logging_mixin.py:137} INFO - [2023-04-19T09:01:06.495+0000] {dag.py:3456} INFO - Setting next_dagrun for example_branch_dop_operator_v3 to 2023-04-19T09:00:00+00:00, run_after=2023-04-19T09:01:00+00:00
[2023-04-19T09:01:06.524+0000] {processor.py:175} INFO - Processing /home/airflow/.local/lib/python3.7/site-packages/airflow/example_dags/example_branch_python_dop_operator_3.py took 0.186 seconds
[2023-04-19T09:01:36.697+0000] {processor.py:153} INFO - Started process (PID=431) to work on /home/airflow/.local/lib/python3.7/site-packages/airflow/example_dags/example_branch_python_dop_operator_3.py
[2023-04-19T09:01:36.700+0000] {processor.py:743} INFO - Processing file /home/airflow/.local/lib/python3.7/site-packages/airflow/example_dags/example_branch_python_dop_operator_3.py for tasks to queue
[2023-04-19T09:01:36.702+0000] {logging_mixin.py:137} INFO - [2023-04-19T09:01:36.702+0000] {dagbag.py:532} INFO - Filling up the DagBag from /home/airflow/.local/lib/python3.7/site-packages/airflow/example_dags/example_branch_python_dop_operator_3.py
[2023-04-19T09:01:36.744+0000] {processor.py:753} INFO - DAG(s) dict_keys(['example_branch_dop_operator_v3']) retrieved from /home/airflow/.local/lib/python3.7/site-packages/airflow/example_dags/example_branch_python_dop_operator_3.py
[2023-04-19T09:01:36.804+0000] {logging_mixin.py:137} INFO - [2023-04-19T09:01:36.803+0000] {dag.py:2705} INFO - Sync 1 DAGs
[2023-04-19T09:01:36.887+0000] {logging_mixin.py:137} INFO - [2023-04-19T09:01:36.887+0000] {dag.py:3456} INFO - Setting next_dagrun for example_branch_dop_operator_v3 to 2023-04-19T09:00:00+00:00, run_after=2023-04-19T09:01:00+00:00
[2023-04-19T09:01:36.914+0000] {processor.py:175} INFO - Processing /home/airflow/.local/lib/python3.7/site-packages/airflow/example_dags/example_branch_python_dop_operator_3.py took 0.222 seconds
[2023-04-19T09:02:07.695+0000] {processor.py:153} INFO - Started process (PID=483) to work on /home/airflow/.local/lib/python3.7/site-packages/airflow/example_dags/example_branch_python_dop_operator_3.py
[2023-04-19T09:02:07.697+0000] {processor.py:743} INFO - Processing file /home/airflow/.local/lib/python3.7/site-packages/airflow/example_dags/example_branch_python_dop_operator_3.py for tasks to queue
[2023-04-19T09:02:07.699+0000] {logging_mixin.py:137} INFO - [2023-04-19T09:02:07.698+0000] {dagbag.py:532} INFO - Filling up the DagBag from /home/airflow/.local/lib/python3.7/site-packages/airflow/example_dags/example_branch_python_dop_operator_3.py
[2023-04-19T09:02:07.735+0000] {processor.py:753} INFO - DAG(s) dict_keys(['example_branch_dop_operator_v3']) retrieved from /home/airflow/.local/lib/python3.7/site-packages/airflow/example_dags/example_branch_python_dop_operator_3.py
[2023-04-19T09:02:07.771+0000] {logging_mixin.py:137} INFO - [2023-04-19T09:02:07.771+0000] {dag.py:2705} INFO - Sync 1 DAGs
[2023-04-19T09:02:07.819+0000] {logging_mixin.py:137} INFO - [2023-04-19T09:02:07.819+0000] {dag.py:3456} INFO - Setting next_dagrun for example_branch_dop_operator_v3 to 2023-04-19T09:01:00+00:00, run_after=2023-04-19T09:02:00+00:00
[2023-04-19T09:02:07.844+0000] {processor.py:175} INFO - Processing /home/airflow/.local/lib/python3.7/site-packages/airflow/example_dags/example_branch_python_dop_operator_3.py took 0.163 seconds
[2023-04-19T09:02:38.224+0000] {processor.py:153} INFO - Started process (PID=534) to work on /home/airflow/.local/lib/python3.7/site-packages/airflow/example_dags/example_branch_python_dop_operator_3.py
[2023-04-19T09:02:38.232+0000] {processor.py:743} INFO - Processing file /home/airflow/.local/lib/python3.7/site-packages/airflow/example_dags/example_branch_python_dop_operator_3.py for tasks to queue
[2023-04-19T09:02:38.236+0000] {logging_mixin.py:137} INFO - [2023-04-19T09:02:38.234+0000] {dagbag.py:532} INFO - Filling up the DagBag from /home/airflow/.local/lib/python3.7/site-packages/airflow/example_dags/example_branch_python_dop_operator_3.py
[2023-04-19T09:02:38.292+0000] {processor.py:753} INFO - DAG(s) dict_keys(['example_branch_dop_operator_v3']) retrieved from /home/airflow/.local/lib/python3.7/site-packages/airflow/example_dags/example_branch_python_dop_operator_3.py
[2023-04-19T09:02:38.374+0000] {logging_mixin.py:137} INFO - [2023-04-19T09:02:38.373+0000] {dag.py:2705} INFO - Sync 1 DAGs
[2023-04-19T09:02:38.471+0000] {logging_mixin.py:137} INFO - [2023-04-19T09:02:38.471+0000] {dag.py:3456} INFO - Setting next_dagrun for example_branch_dop_operator_v3 to 2023-04-19T09:01:00+00:00, run_after=2023-04-19T09:02:00+00:00
[2023-04-19T09:02:38.532+0000] {processor.py:175} INFO - Processing /home/airflow/.local/lib/python3.7/site-packages/airflow/example_dags/example_branch_python_dop_operator_3.py took 0.315 seconds
[2023-04-19T09:03:09.135+0000] {processor.py:153} INFO - Started process (PID=589) to work on /home/airflow/.local/lib/python3.7/site-packages/airflow/example_dags/example_branch_python_dop_operator_3.py
[2023-04-19T09:03:09.142+0000] {processor.py:743} INFO - Processing file /home/airflow/.local/lib/python3.7/site-packages/airflow/example_dags/example_branch_python_dop_operator_3.py for tasks to queue
[2023-04-19T09:03:09.145+0000] {logging_mixin.py:137} INFO - [2023-04-19T09:03:09.144+0000] {dagbag.py:532} INFO - Filling up the DagBag from /home/airflow/.local/lib/python3.7/site-packages/airflow/example_dags/example_branch_python_dop_operator_3.py
[2023-04-19T09:03:09.213+0000] {processor.py:753} INFO - DAG(s) dict_keys(['example_branch_dop_operator_v3']) retrieved from /home/airflow/.local/lib/python3.7/site-packages/airflow/example_dags/example_branch_python_dop_operator_3.py
[2023-04-19T09:03:09.326+0000] {logging_mixin.py:137} INFO - [2023-04-19T09:03:09.325+0000] {dag.py:2705} INFO - Sync 1 DAGs
[2023-04-19T09:03:09.488+0000] {logging_mixin.py:137} INFO - [2023-04-19T09:03:09.483+0000] {dag.py:3456} INFO - Setting next_dagrun for example_branch_dop_operator_v3 to 2023-04-19T09:02:00+00:00, run_after=2023-04-19T09:03:00+00:00
[2023-04-19T09:03:09.565+0000] {processor.py:175} INFO - Processing /home/airflow/.local/lib/python3.7/site-packages/airflow/example_dags/example_branch_python_dop_operator_3.py took 0.436 seconds
[2023-04-19T09:03:39.800+0000] {processor.py:153} INFO - Started process (PID=642) to work on /home/airflow/.local/lib/python3.7/site-packages/airflow/example_dags/example_branch_python_dop_operator_3.py
[2023-04-19T09:03:39.802+0000] {processor.py:743} INFO - Processing file /home/airflow/.local/lib/python3.7/site-packages/airflow/example_dags/example_branch_python_dop_operator_3.py for tasks to queue
[2023-04-19T09:03:39.806+0000] {logging_mixin.py:137} INFO - [2023-04-19T09:03:39.805+0000] {dagbag.py:532} INFO - Filling up the DagBag from /home/airflow/.local/lib/python3.7/site-packages/airflow/example_dags/example_branch_python_dop_operator_3.py
[2023-04-19T09:03:39.849+0000] {processor.py:753} INFO - DAG(s) dict_keys(['example_branch_dop_operator_v3']) retrieved from /home/airflow/.local/lib/python3.7/site-packages/airflow/example_dags/example_branch_python_dop_operator_3.py
[2023-04-19T09:03:39.885+0000] {logging_mixin.py:137} INFO - [2023-04-19T09:03:39.884+0000] {dag.py:2705} INFO - Sync 1 DAGs
[2023-04-19T09:03:39.931+0000] {logging_mixin.py:137} INFO - [2023-04-19T09:03:39.931+0000] {dag.py:3456} INFO - Setting next_dagrun for example_branch_dop_operator_v3 to 2023-04-19T09:02:00+00:00, run_after=2023-04-19T09:03:00+00:00
[2023-04-19T09:03:39.959+0000] {processor.py:175} INFO - Processing /home/airflow/.local/lib/python3.7/site-packages/airflow/example_dags/example_branch_python_dop_operator_3.py took 0.171 seconds
[2023-04-19T09:04:10.098+0000] {processor.py:153} INFO - Started process (PID=693) to work on /home/airflow/.local/lib/python3.7/site-packages/airflow/example_dags/example_branch_python_dop_operator_3.py
[2023-04-19T09:04:10.100+0000] {processor.py:743} INFO - Processing file /home/airflow/.local/lib/python3.7/site-packages/airflow/example_dags/example_branch_python_dop_operator_3.py for tasks to queue
[2023-04-19T09:04:10.103+0000] {logging_mixin.py:137} INFO - [2023-04-19T09:04:10.102+0000] {dagbag.py:532} INFO - Filling up the DagBag from /home/airflow/.local/lib/python3.7/site-packages/airflow/example_dags/example_branch_python_dop_operator_3.py
[2023-04-19T09:04:10.142+0000] {processor.py:753} INFO - DAG(s) dict_keys(['example_branch_dop_operator_v3']) retrieved from /home/airflow/.local/lib/python3.7/site-packages/airflow/example_dags/example_branch_python_dop_operator_3.py
[2023-04-19T09:04:10.199+0000] {logging_mixin.py:137} INFO - [2023-04-19T09:04:10.198+0000] {dag.py:2705} INFO - Sync 1 DAGs
[2023-04-19T09:04:10.245+0000] {logging_mixin.py:137} INFO - [2023-04-19T09:04:10.245+0000] {dag.py:3456} INFO - Setting next_dagrun for example_branch_dop_operator_v3 to 2023-04-19T09:03:00+00:00, run_after=2023-04-19T09:04:00+00:00
[2023-04-19T09:04:10.284+0000] {processor.py:175} INFO - Processing /home/airflow/.local/lib/python3.7/site-packages/airflow/example_dags/example_branch_python_dop_operator_3.py took 0.196 seconds
[2023-04-19T09:04:40.328+0000] {processor.py:153} INFO - Started process (PID=747) to work on /home/airflow/.local/lib/python3.7/site-packages/airflow/example_dags/example_branch_python_dop_operator_3.py
[2023-04-19T09:04:40.330+0000] {processor.py:743} INFO - Processing file /home/airflow/.local/lib/python3.7/site-packages/airflow/example_dags/example_branch_python_dop_operator_3.py for tasks to queue
[2023-04-19T09:04:40.337+0000] {logging_mixin.py:137} INFO - [2023-04-19T09:04:40.336+0000] {dagbag.py:532} INFO - Filling up the DagBag from /home/airflow/.local/lib/python3.7/site-packages/airflow/example_dags/example_branch_python_dop_operator_3.py
[2023-04-19T09:04:40.379+0000] {processor.py:753} INFO - DAG(s) dict_keys(['example_branch_dop_operator_v3']) retrieved from /home/airflow/.local/lib/python3.7/site-packages/airflow/example_dags/example_branch_python_dop_operator_3.py
[2023-04-19T09:04:40.424+0000] {logging_mixin.py:137} INFO - [2023-04-19T09:04:40.424+0000] {dag.py:2705} INFO - Sync 1 DAGs
[2023-04-19T09:04:40.481+0000] {logging_mixin.py:137} INFO - [2023-04-19T09:04:40.481+0000] {dag.py:3456} INFO - Setting next_dagrun for example_branch_dop_operator_v3 to 2023-04-19T09:03:00+00:00, run_after=2023-04-19T09:04:00+00:00
[2023-04-19T09:04:40.513+0000] {processor.py:175} INFO - Processing /home/airflow/.local/lib/python3.7/site-packages/airflow/example_dags/example_branch_python_dop_operator_3.py took 0.191 seconds
[2023-04-19T09:05:10.587+0000] {processor.py:153} INFO - Started process (PID=797) to work on /home/airflow/.local/lib/python3.7/site-packages/airflow/example_dags/example_branch_python_dop_operator_3.py
[2023-04-19T09:05:10.598+0000] {processor.py:743} INFO - Processing file /home/airflow/.local/lib/python3.7/site-packages/airflow/example_dags/example_branch_python_dop_operator_3.py for tasks to queue
[2023-04-19T09:05:10.600+0000] {logging_mixin.py:137} INFO - [2023-04-19T09:05:10.599+0000] {dagbag.py:532} INFO - Filling up the DagBag from /home/airflow/.local/lib/python3.7/site-packages/airflow/example_dags/example_branch_python_dop_operator_3.py
[2023-04-19T09:05:10.639+0000] {processor.py:753} INFO - DAG(s) dict_keys(['example_branch_dop_operator_v3']) retrieved from /home/airflow/.local/lib/python3.7/site-packages/airflow/example_dags/example_branch_python_dop_operator_3.py
[2023-04-19T09:05:10.671+0000] {logging_mixin.py:137} INFO - [2023-04-19T09:05:10.671+0000] {dag.py:2705} INFO - Sync 1 DAGs
[2023-04-19T09:05:10.719+0000] {logging_mixin.py:137} INFO - [2023-04-19T09:05:10.719+0000] {dag.py:3456} INFO - Setting next_dagrun for example_branch_dop_operator_v3 to 2023-04-19T09:04:00+00:00, run_after=2023-04-19T09:05:00+00:00
[2023-04-19T09:05:10.742+0000] {processor.py:175} INFO - Processing /home/airflow/.local/lib/python3.7/site-packages/airflow/example_dags/example_branch_python_dop_operator_3.py took 0.168 seconds
[2023-04-19T09:05:41.093+0000] {processor.py:153} INFO - Started process (PID=849) to work on /home/airflow/.local/lib/python3.7/site-packages/airflow/example_dags/example_branch_python_dop_operator_3.py
[2023-04-19T09:05:41.132+0000] {processor.py:743} INFO - Processing file /home/airflow/.local/lib/python3.7/site-packages/airflow/example_dags/example_branch_python_dop_operator_3.py for tasks to queue
[2023-04-19T09:05:41.168+0000] {logging_mixin.py:137} INFO - [2023-04-19T09:05:41.167+0000] {dagbag.py:532} INFO - Filling up the DagBag from /home/airflow/.local/lib/python3.7/site-packages/airflow/example_dags/example_branch_python_dop_operator_3.py
[2023-04-19T09:05:41.239+0000] {processor.py:753} INFO - DAG(s) dict_keys(['example_branch_dop_operator_v3']) retrieved from /home/airflow/.local/lib/python3.7/site-packages/airflow/example_dags/example_branch_python_dop_operator_3.py
[2023-04-19T09:05:41.306+0000] {logging_mixin.py:137} INFO - [2023-04-19T09:05:41.306+0000] {dag.py:2705} INFO - Sync 1 DAGs
[2023-04-19T09:05:41.361+0000] {logging_mixin.py:137} INFO - [2023-04-19T09:05:41.361+0000] {dag.py:3456} INFO - Setting next_dagrun for example_branch_dop_operator_v3 to 2023-04-19T09:04:00+00:00, run_after=2023-04-19T09:05:00+00:00
[2023-04-19T09:05:41.402+0000] {processor.py:175} INFO - Processing /home/airflow/.local/lib/python3.7/site-packages/airflow/example_dags/example_branch_python_dop_operator_3.py took 0.314 seconds
[2023-04-19T09:06:11.569+0000] {processor.py:153} INFO - Started process (PID=901) to work on /home/airflow/.local/lib/python3.7/site-packages/airflow/example_dags/example_branch_python_dop_operator_3.py
[2023-04-19T09:06:11.573+0000] {processor.py:743} INFO - Processing file /home/airflow/.local/lib/python3.7/site-packages/airflow/example_dags/example_branch_python_dop_operator_3.py for tasks to queue
[2023-04-19T09:06:11.578+0000] {logging_mixin.py:137} INFO - [2023-04-19T09:06:11.577+0000] {dagbag.py:532} INFO - Filling up the DagBag from /home/airflow/.local/lib/python3.7/site-packages/airflow/example_dags/example_branch_python_dop_operator_3.py
[2023-04-19T09:06:11.637+0000] {processor.py:753} INFO - DAG(s) dict_keys(['example_branch_dop_operator_v3']) retrieved from /home/airflow/.local/lib/python3.7/site-packages/airflow/example_dags/example_branch_python_dop_operator_3.py
[2023-04-19T09:06:11.693+0000] {logging_mixin.py:137} INFO - [2023-04-19T09:06:11.693+0000] {dag.py:2705} INFO - Sync 1 DAGs
[2023-04-19T09:06:11.749+0000] {logging_mixin.py:137} INFO - [2023-04-19T09:06:11.749+0000] {dag.py:3456} INFO - Setting next_dagrun for example_branch_dop_operator_v3 to 2023-04-19T09:05:00+00:00, run_after=2023-04-19T09:06:00+00:00
[2023-04-19T09:06:11.795+0000] {processor.py:175} INFO - Processing /home/airflow/.local/lib/python3.7/site-packages/airflow/example_dags/example_branch_python_dop_operator_3.py took 0.250 seconds
[2023-04-19T09:06:41.932+0000] {processor.py:153} INFO - Started process (PID=953) to work on /home/airflow/.local/lib/python3.7/site-packages/airflow/example_dags/example_branch_python_dop_operator_3.py
[2023-04-19T09:06:41.934+0000] {processor.py:743} INFO - Processing file /home/airflow/.local/lib/python3.7/site-packages/airflow/example_dags/example_branch_python_dop_operator_3.py for tasks to queue
[2023-04-19T09:06:41.935+0000] {logging_mixin.py:137} INFO - [2023-04-19T09:06:41.935+0000] {dagbag.py:532} INFO - Filling up the DagBag from /home/airflow/.local/lib/python3.7/site-packages/airflow/example_dags/example_branch_python_dop_operator_3.py
[2023-04-19T09:06:41.978+0000] {processor.py:753} INFO - DAG(s) dict_keys(['example_branch_dop_operator_v3']) retrieved from /home/airflow/.local/lib/python3.7/site-packages/airflow/example_dags/example_branch_python_dop_operator_3.py
[2023-04-19T09:06:42.024+0000] {logging_mixin.py:137} INFO - [2023-04-19T09:06:42.024+0000] {dag.py:2705} INFO - Sync 1 DAGs
[2023-04-19T09:06:42.070+0000] {logging_mixin.py:137} INFO - [2023-04-19T09:06:42.070+0000] {dag.py:3456} INFO - Setting next_dagrun for example_branch_dop_operator_v3 to 2023-04-19T09:05:00+00:00, run_after=2023-04-19T09:06:00+00:00
[2023-04-19T09:06:42.094+0000] {processor.py:175} INFO - Processing /home/airflow/.local/lib/python3.7/site-packages/airflow/example_dags/example_branch_python_dop_operator_3.py took 0.172 seconds
[2023-04-19T09:07:12.424+0000] {processor.py:153} INFO - Started process (PID=1005) to work on /home/airflow/.local/lib/python3.7/site-packages/airflow/example_dags/example_branch_python_dop_operator_3.py
[2023-04-19T09:07:12.427+0000] {processor.py:743} INFO - Processing file /home/airflow/.local/lib/python3.7/site-packages/airflow/example_dags/example_branch_python_dop_operator_3.py for tasks to queue
[2023-04-19T09:07:12.431+0000] {logging_mixin.py:137} INFO - [2023-04-19T09:07:12.430+0000] {dagbag.py:532} INFO - Filling up the DagBag from /home/airflow/.local/lib/python3.7/site-packages/airflow/example_dags/example_branch_python_dop_operator_3.py
[2023-04-19T09:07:12.487+0000] {processor.py:753} INFO - DAG(s) dict_keys(['example_branch_dop_operator_v3']) retrieved from /home/airflow/.local/lib/python3.7/site-packages/airflow/example_dags/example_branch_python_dop_operator_3.py
[2023-04-19T09:07:12.534+0000] {logging_mixin.py:137} INFO - [2023-04-19T09:07:12.534+0000] {dag.py:2705} INFO - Sync 1 DAGs
[2023-04-19T09:07:12.574+0000] {logging_mixin.py:137} INFO - [2023-04-19T09:07:12.574+0000] {dag.py:3456} INFO - Setting next_dagrun for example_branch_dop_operator_v3 to 2023-04-19T09:06:00+00:00, run_after=2023-04-19T09:07:00+00:00
[2023-04-19T09:07:12.606+0000] {processor.py:175} INFO - Processing /home/airflow/.local/lib/python3.7/site-packages/airflow/example_dags/example_branch_python_dop_operator_3.py took 0.194 seconds
[2023-04-19T09:07:43.269+0000] {processor.py:153} INFO - Started process (PID=1057) to work on /home/airflow/.local/lib/python3.7/site-packages/airflow/example_dags/example_branch_python_dop_operator_3.py
[2023-04-19T09:07:43.271+0000] {processor.py:743} INFO - Processing file /home/airflow/.local/lib/python3.7/site-packages/airflow/example_dags/example_branch_python_dop_operator_3.py for tasks to queue
[2023-04-19T09:07:43.272+0000] {logging_mixin.py:137} INFO - [2023-04-19T09:07:43.272+0000] {dagbag.py:532} INFO - Filling up the DagBag from /home/airflow/.local/lib/python3.7/site-packages/airflow/example_dags/example_branch_python_dop_operator_3.py
[2023-04-19T09:07:43.305+0000] {processor.py:753} INFO - DAG(s) dict_keys(['example_branch_dop_operator_v3']) retrieved from /home/airflow/.local/lib/python3.7/site-packages/airflow/example_dags/example_branch_python_dop_operator_3.py
[2023-04-19T09:07:43.343+0000] {logging_mixin.py:137} INFO - [2023-04-19T09:07:43.343+0000] {dag.py:2705} INFO - Sync 1 DAGs
[2023-04-19T09:07:43.421+0000] {logging_mixin.py:137} INFO - [2023-04-19T09:07:43.421+0000] {dag.py:3456} INFO - Setting next_dagrun for example_branch_dop_operator_v3 to 2023-04-19T09:06:00+00:00, run_after=2023-04-19T09:07:00+00:00
[2023-04-19T09:07:43.493+0000] {processor.py:175} INFO - Processing /home/airflow/.local/lib/python3.7/site-packages/airflow/example_dags/example_branch_python_dop_operator_3.py took 0.229 seconds
[2023-04-19T09:08:14.263+0000] {processor.py:153} INFO - Started process (PID=1109) to work on /home/airflow/.local/lib/python3.7/site-packages/airflow/example_dags/example_branch_python_dop_operator_3.py
[2023-04-19T09:08:14.275+0000] {processor.py:743} INFO - Processing file /home/airflow/.local/lib/python3.7/site-packages/airflow/example_dags/example_branch_python_dop_operator_3.py for tasks to queue
[2023-04-19T09:08:14.278+0000] {logging_mixin.py:137} INFO - [2023-04-19T09:08:14.277+0000] {dagbag.py:532} INFO - Filling up the DagBag from /home/airflow/.local/lib/python3.7/site-packages/airflow/example_dags/example_branch_python_dop_operator_3.py
[2023-04-19T09:08:14.403+0000] {processor.py:753} INFO - DAG(s) dict_keys(['example_branch_dop_operator_v3']) retrieved from /home/airflow/.local/lib/python3.7/site-packages/airflow/example_dags/example_branch_python_dop_operator_3.py
[2023-04-19T09:08:14.519+0000] {logging_mixin.py:137} INFO - [2023-04-19T09:08:14.518+0000] {dag.py:2705} INFO - Sync 1 DAGs
[2023-04-19T09:08:14.668+0000] {logging_mixin.py:137} INFO - [2023-04-19T09:08:14.667+0000] {dag.py:3456} INFO - Setting next_dagrun for example_branch_dop_operator_v3 to 2023-04-19T09:07:00+00:00, run_after=2023-04-19T09:08:00+00:00
[2023-04-19T09:08:14.982+0000] {processor.py:175} INFO - Processing /home/airflow/.local/lib/python3.7/site-packages/airflow/example_dags/example_branch_python_dop_operator_3.py took 0.736 seconds
[2023-04-19T09:09:30.704+0000] {processor.py:153} INFO - Started process (PID=1151) to work on /home/airflow/.local/lib/python3.7/site-packages/airflow/example_dags/example_branch_python_dop_operator_3.py
[2023-04-19T09:09:30.710+0000] {processor.py:743} INFO - Processing file /home/airflow/.local/lib/python3.7/site-packages/airflow/example_dags/example_branch_python_dop_operator_3.py for tasks to queue
[2023-04-19T09:09:30.716+0000] {logging_mixin.py:137} INFO - [2023-04-19T09:09:30.715+0000] {dagbag.py:532} INFO - Filling up the DagBag from /home/airflow/.local/lib/python3.7/site-packages/airflow/example_dags/example_branch_python_dop_operator_3.py
[2023-04-19T09:09:30.776+0000] {processor.py:753} INFO - DAG(s) dict_keys(['example_branch_dop_operator_v3']) retrieved from /home/airflow/.local/lib/python3.7/site-packages/airflow/example_dags/example_branch_python_dop_operator_3.py
[2023-04-19T09:09:30.820+0000] {logging_mixin.py:137} INFO - [2023-04-19T09:09:30.819+0000] {dag.py:2705} INFO - Sync 1 DAGs
[2023-04-19T09:09:30.881+0000] {logging_mixin.py:137} INFO - [2023-04-19T09:09:30.880+0000] {dag.py:3456} INFO - Setting next_dagrun for example_branch_dop_operator_v3 to 2023-04-19T09:08:00+00:00, run_after=2023-04-19T09:09:00+00:00
[2023-04-19T09:09:30.929+0000] {processor.py:175} INFO - Processing /home/airflow/.local/lib/python3.7/site-packages/airflow/example_dags/example_branch_python_dop_operator_3.py took 0.238 seconds
[2023-04-19T09:10:01.482+0000] {processor.py:153} INFO - Started process (PID=1204) to work on /home/airflow/.local/lib/python3.7/site-packages/airflow/example_dags/example_branch_python_dop_operator_3.py
[2023-04-19T09:10:01.485+0000] {processor.py:743} INFO - Processing file /home/airflow/.local/lib/python3.7/site-packages/airflow/example_dags/example_branch_python_dop_operator_3.py for tasks to queue
[2023-04-19T09:10:01.487+0000] {logging_mixin.py:137} INFO - [2023-04-19T09:10:01.487+0000] {dagbag.py:532} INFO - Filling up the DagBag from /home/airflow/.local/lib/python3.7/site-packages/airflow/example_dags/example_branch_python_dop_operator_3.py
[2023-04-19T09:10:01.591+0000] {processor.py:753} INFO - DAG(s) dict_keys(['example_branch_dop_operator_v3']) retrieved from /home/airflow/.local/lib/python3.7/site-packages/airflow/example_dags/example_branch_python_dop_operator_3.py
[2023-04-19T09:10:01.680+0000] {logging_mixin.py:137} INFO - [2023-04-19T09:10:01.680+0000] {dag.py:2705} INFO - Sync 1 DAGs
[2023-04-19T09:10:01.802+0000] {logging_mixin.py:137} INFO - [2023-04-19T09:10:01.802+0000] {dag.py:3456} INFO - Setting next_dagrun for example_branch_dop_operator_v3 to 2023-04-19T09:09:00+00:00, run_after=2023-04-19T09:10:00+00:00
[2023-04-19T09:10:01.866+0000] {processor.py:175} INFO - Processing /home/airflow/.local/lib/python3.7/site-packages/airflow/example_dags/example_branch_python_dop_operator_3.py took 0.405 seconds
[2023-04-19T09:10:31.994+0000] {processor.py:153} INFO - Started process (PID=1258) to work on /home/airflow/.local/lib/python3.7/site-packages/airflow/example_dags/example_branch_python_dop_operator_3.py
[2023-04-19T09:10:31.997+0000] {processor.py:743} INFO - Processing file /home/airflow/.local/lib/python3.7/site-packages/airflow/example_dags/example_branch_python_dop_operator_3.py for tasks to queue
[2023-04-19T09:10:32.001+0000] {logging_mixin.py:137} INFO - [2023-04-19T09:10:32.000+0000] {dagbag.py:532} INFO - Filling up the DagBag from /home/airflow/.local/lib/python3.7/site-packages/airflow/example_dags/example_branch_python_dop_operator_3.py
[2023-04-19T09:10:32.037+0000] {processor.py:753} INFO - DAG(s) dict_keys(['example_branch_dop_operator_v3']) retrieved from /home/airflow/.local/lib/python3.7/site-packages/airflow/example_dags/example_branch_python_dop_operator_3.py
[2023-04-19T09:10:32.074+0000] {logging_mixin.py:137} INFO - [2023-04-19T09:10:32.073+0000] {dag.py:2705} INFO - Sync 1 DAGs
[2023-04-19T09:10:32.115+0000] {logging_mixin.py:137} INFO - [2023-04-19T09:10:32.115+0000] {dag.py:3456} INFO - Setting next_dagrun for example_branch_dop_operator_v3 to 2023-04-19T09:09:00+00:00, run_after=2023-04-19T09:10:00+00:00
[2023-04-19T09:10:32.144+0000] {processor.py:175} INFO - Processing /home/airflow/.local/lib/python3.7/site-packages/airflow/example_dags/example_branch_python_dop_operator_3.py took 0.158 seconds
[2023-04-19T09:11:02.208+0000] {processor.py:153} INFO - Started process (PID=1310) to work on /home/airflow/.local/lib/python3.7/site-packages/airflow/example_dags/example_branch_python_dop_operator_3.py
[2023-04-19T09:11:02.209+0000] {processor.py:743} INFO - Processing file /home/airflow/.local/lib/python3.7/site-packages/airflow/example_dags/example_branch_python_dop_operator_3.py for tasks to queue
[2023-04-19T09:11:02.211+0000] {logging_mixin.py:137} INFO - [2023-04-19T09:11:02.211+0000] {dagbag.py:532} INFO - Filling up the DagBag from /home/airflow/.local/lib/python3.7/site-packages/airflow/example_dags/example_branch_python_dop_operator_3.py
[2023-04-19T09:11:02.240+0000] {processor.py:753} INFO - DAG(s) dict_keys(['example_branch_dop_operator_v3']) retrieved from /home/airflow/.local/lib/python3.7/site-packages/airflow/example_dags/example_branch_python_dop_operator_3.py
[2023-04-19T09:11:02.280+0000] {logging_mixin.py:137} INFO - [2023-04-19T09:11:02.280+0000] {dag.py:2705} INFO - Sync 1 DAGs
[2023-04-19T09:11:02.321+0000] {logging_mixin.py:137} INFO - [2023-04-19T09:11:02.320+0000] {dag.py:3456} INFO - Setting next_dagrun for example_branch_dop_operator_v3 to 2023-04-19T09:10:00+00:00, run_after=2023-04-19T09:11:00+00:00
[2023-04-19T09:11:02.345+0000] {processor.py:175} INFO - Processing /home/airflow/.local/lib/python3.7/site-packages/airflow/example_dags/example_branch_python_dop_operator_3.py took 0.142 seconds
[2023-04-19T09:11:32.708+0000] {processor.py:153} INFO - Started process (PID=1360) to work on /home/airflow/.local/lib/python3.7/site-packages/airflow/example_dags/example_branch_python_dop_operator_3.py
[2023-04-19T09:11:32.710+0000] {processor.py:743} INFO - Processing file /home/airflow/.local/lib/python3.7/site-packages/airflow/example_dags/example_branch_python_dop_operator_3.py for tasks to queue
[2023-04-19T09:11:32.711+0000] {logging_mixin.py:137} INFO - [2023-04-19T09:11:32.711+0000] {dagbag.py:532} INFO - Filling up the DagBag from /home/airflow/.local/lib/python3.7/site-packages/airflow/example_dags/example_branch_python_dop_operator_3.py
[2023-04-19T09:11:32.787+0000] {processor.py:753} INFO - DAG(s) dict_keys(['example_branch_dop_operator_v3']) retrieved from /home/airflow/.local/lib/python3.7/site-packages/airflow/example_dags/example_branch_python_dop_operator_3.py
[2023-04-19T09:11:32.819+0000] {logging_mixin.py:137} INFO - [2023-04-19T09:11:32.819+0000] {dag.py:2705} INFO - Sync 1 DAGs
[2023-04-19T09:11:32.908+0000] {logging_mixin.py:137} INFO - [2023-04-19T09:11:32.907+0000] {dag.py:3456} INFO - Setting next_dagrun for example_branch_dop_operator_v3 to 2023-04-19T09:10:00+00:00, run_after=2023-04-19T09:11:00+00:00
[2023-04-19T09:11:32.937+0000] {processor.py:175} INFO - Processing /home/airflow/.local/lib/python3.7/site-packages/airflow/example_dags/example_branch_python_dop_operator_3.py took 0.234 seconds
[2023-04-19T09:12:06.533+0000] {processor.py:153} INFO - Started process (PID=1418) to work on /home/airflow/.local/lib/python3.7/site-packages/airflow/example_dags/example_branch_python_dop_operator_3.py
[2023-04-19T09:12:06.539+0000] {processor.py:743} INFO - Processing file /home/airflow/.local/lib/python3.7/site-packages/airflow/example_dags/example_branch_python_dop_operator_3.py for tasks to queue
[2023-04-19T09:12:06.546+0000] {logging_mixin.py:137} INFO - [2023-04-19T09:12:06.546+0000] {dagbag.py:532} INFO - Filling up the DagBag from /home/airflow/.local/lib/python3.7/site-packages/airflow/example_dags/example_branch_python_dop_operator_3.py
[2023-04-19T09:12:06.638+0000] {processor.py:753} INFO - DAG(s) dict_keys(['example_branch_dop_operator_v3']) retrieved from /home/airflow/.local/lib/python3.7/site-packages/airflow/example_dags/example_branch_python_dop_operator_3.py
[2023-04-19T09:12:06.682+0000] {logging_mixin.py:137} INFO - [2023-04-19T09:12:06.682+0000] {dag.py:2705} INFO - Sync 1 DAGs
[2023-04-19T09:12:06.722+0000] {logging_mixin.py:137} INFO - [2023-04-19T09:12:06.722+0000] {dag.py:3456} INFO - Setting next_dagrun for example_branch_dop_operator_v3 to 2023-04-19T09:11:00+00:00, run_after=2023-04-19T09:12:00+00:00
[2023-04-19T09:12:06.751+0000] {processor.py:175} INFO - Processing /home/airflow/.local/lib/python3.7/site-packages/airflow/example_dags/example_branch_python_dop_operator_3.py took 0.235 seconds
[2023-04-19T09:29:45.183+0000] {processor.py:153} INFO - Started process (PID=1462) to work on /home/airflow/.local/lib/python3.7/site-packages/airflow/example_dags/example_branch_python_dop_operator_3.py
[2023-04-19T09:29:45.186+0000] {processor.py:743} INFO - Processing file /home/airflow/.local/lib/python3.7/site-packages/airflow/example_dags/example_branch_python_dop_operator_3.py for tasks to queue
[2023-04-19T09:29:45.197+0000] {logging_mixin.py:137} INFO - [2023-04-19T09:29:45.196+0000] {dagbag.py:532} INFO - Filling up the DagBag from /home/airflow/.local/lib/python3.7/site-packages/airflow/example_dags/example_branch_python_dop_operator_3.py
[2023-04-19T09:29:45.245+0000] {processor.py:753} INFO - DAG(s) dict_keys(['example_branch_dop_operator_v3']) retrieved from /home/airflow/.local/lib/python3.7/site-packages/airflow/example_dags/example_branch_python_dop_operator_3.py
[2023-04-19T09:29:45.305+0000] {logging_mixin.py:137} INFO - [2023-04-19T09:29:45.305+0000] {dag.py:2705} INFO - Sync 1 DAGs
[2023-04-19T09:29:45.365+0000] {logging_mixin.py:137} INFO - [2023-04-19T09:29:45.364+0000] {dag.py:3456} INFO - Setting next_dagrun for example_branch_dop_operator_v3 to 2023-04-19T09:28:00+00:00, run_after=2023-04-19T09:29:00+00:00
[2023-04-19T09:29:45.386+0000] {processor.py:175} INFO - Processing /home/airflow/.local/lib/python3.7/site-packages/airflow/example_dags/example_branch_python_dop_operator_3.py took 0.214 seconds
[2023-04-19T10:01:06.934+0000] {processor.py:153} INFO - Started process (PID=1519) to work on /home/airflow/.local/lib/python3.7/site-packages/airflow/example_dags/example_branch_python_dop_operator_3.py
[2023-04-19T10:01:06.939+0000] {processor.py:743} INFO - Processing file /home/airflow/.local/lib/python3.7/site-packages/airflow/example_dags/example_branch_python_dop_operator_3.py for tasks to queue
[2023-04-19T10:01:06.942+0000] {logging_mixin.py:137} INFO - [2023-04-19T10:01:06.941+0000] {dagbag.py:532} INFO - Filling up the DagBag from /home/airflow/.local/lib/python3.7/site-packages/airflow/example_dags/example_branch_python_dop_operator_3.py
[2023-04-19T10:01:07.034+0000] {processor.py:753} INFO - DAG(s) dict_keys(['example_branch_dop_operator_v3']) retrieved from /home/airflow/.local/lib/python3.7/site-packages/airflow/example_dags/example_branch_python_dop_operator_3.py
[2023-04-19T10:01:07.107+0000] {logging_mixin.py:137} INFO - [2023-04-19T10:01:07.106+0000] {dag.py:2705} INFO - Sync 1 DAGs
[2023-04-19T10:01:07.186+0000] {logging_mixin.py:137} INFO - [2023-04-19T10:01:07.186+0000] {dag.py:3456} INFO - Setting next_dagrun for example_branch_dop_operator_v3 to 2023-04-19T10:00:00+00:00, run_after=2023-04-19T10:01:00+00:00
[2023-04-19T10:01:07.229+0000] {processor.py:175} INFO - Processing /home/airflow/.local/lib/python3.7/site-packages/airflow/example_dags/example_branch_python_dop_operator_3.py took 0.302 seconds
[2023-04-19T10:17:00.459+0000] {processor.py:153} INFO - Started process (PID=1571) to work on /home/airflow/.local/lib/python3.7/site-packages/airflow/example_dags/example_branch_python_dop_operator_3.py
[2023-04-19T10:17:00.461+0000] {processor.py:743} INFO - Processing file /home/airflow/.local/lib/python3.7/site-packages/airflow/example_dags/example_branch_python_dop_operator_3.py for tasks to queue
[2023-04-19T10:17:00.463+0000] {logging_mixin.py:137} INFO - [2023-04-19T10:17:00.463+0000] {dagbag.py:532} INFO - Filling up the DagBag from /home/airflow/.local/lib/python3.7/site-packages/airflow/example_dags/example_branch_python_dop_operator_3.py
[2023-04-19T10:17:00.523+0000] {processor.py:753} INFO - DAG(s) dict_keys(['example_branch_dop_operator_v3']) retrieved from /home/airflow/.local/lib/python3.7/site-packages/airflow/example_dags/example_branch_python_dop_operator_3.py
[2023-04-19T10:17:00.563+0000] {logging_mixin.py:137} INFO - [2023-04-19T10:17:00.563+0000] {dag.py:2705} INFO - Sync 1 DAGs
[2023-04-19T10:17:00.630+0000] {logging_mixin.py:137} INFO - [2023-04-19T10:17:00.629+0000] {dag.py:3456} INFO - Setting next_dagrun for example_branch_dop_operator_v3 to 2023-04-19T10:16:00+00:00, run_after=2023-04-19T10:17:00+00:00
[2023-04-19T10:17:00.663+0000] {processor.py:175} INFO - Processing /home/airflow/.local/lib/python3.7/site-packages/airflow/example_dags/example_branch_python_dop_operator_3.py took 0.209 seconds
[2023-04-19T12:32:43.186+0000] {processor.py:153} INFO - Started process (PID=1615) to work on /home/airflow/.local/lib/python3.7/site-packages/airflow/example_dags/example_branch_python_dop_operator_3.py
[2023-04-19T12:32:43.188+0000] {processor.py:743} INFO - Processing file /home/airflow/.local/lib/python3.7/site-packages/airflow/example_dags/example_branch_python_dop_operator_3.py for tasks to queue
[2023-04-19T12:32:43.191+0000] {logging_mixin.py:137} INFO - [2023-04-19T12:32:43.191+0000] {dagbag.py:532} INFO - Filling up the DagBag from /home/airflow/.local/lib/python3.7/site-packages/airflow/example_dags/example_branch_python_dop_operator_3.py
[2023-04-19T12:32:43.250+0000] {processor.py:753} INFO - DAG(s) dict_keys(['example_branch_dop_operator_v3']) retrieved from /home/airflow/.local/lib/python3.7/site-packages/airflow/example_dags/example_branch_python_dop_operator_3.py
[2023-04-19T12:32:43.286+0000] {logging_mixin.py:137} INFO - [2023-04-19T12:32:43.286+0000] {dag.py:2705} INFO - Sync 1 DAGs
[2023-04-19T12:32:43.333+0000] {logging_mixin.py:137} INFO - [2023-04-19T12:32:43.333+0000] {dag.py:3456} INFO - Setting next_dagrun for example_branch_dop_operator_v3 to 2023-04-19T12:31:00+00:00, run_after=2023-04-19T12:32:00+00:00
[2023-04-19T12:32:43.359+0000] {processor.py:175} INFO - Processing /home/airflow/.local/lib/python3.7/site-packages/airflow/example_dags/example_branch_python_dop_operator_3.py took 0.186 seconds
[2023-04-19T12:33:16.872+0000] {processor.py:153} INFO - Started process (PID=1667) to work on /home/airflow/.local/lib/python3.7/site-packages/airflow/example_dags/example_branch_python_dop_operator_3.py
[2023-04-19T12:33:16.876+0000] {processor.py:743} INFO - Processing file /home/airflow/.local/lib/python3.7/site-packages/airflow/example_dags/example_branch_python_dop_operator_3.py for tasks to queue
[2023-04-19T12:33:16.880+0000] {logging_mixin.py:137} INFO - [2023-04-19T12:33:16.880+0000] {dagbag.py:532} INFO - Filling up the DagBag from /home/airflow/.local/lib/python3.7/site-packages/airflow/example_dags/example_branch_python_dop_operator_3.py
[2023-04-19T12:33:16.924+0000] {processor.py:753} INFO - DAG(s) dict_keys(['example_branch_dop_operator_v3']) retrieved from /home/airflow/.local/lib/python3.7/site-packages/airflow/example_dags/example_branch_python_dop_operator_3.py
[2023-04-19T12:33:16.971+0000] {logging_mixin.py:137} INFO - [2023-04-19T12:33:16.971+0000] {dag.py:2705} INFO - Sync 1 DAGs
[2023-04-19T12:33:17.011+0000] {logging_mixin.py:137} INFO - [2023-04-19T12:33:17.011+0000] {dag.py:3456} INFO - Setting next_dagrun for example_branch_dop_operator_v3 to 2023-04-19T12:32:00+00:00, run_after=2023-04-19T12:33:00+00:00
[2023-04-19T12:33:17.045+0000] {processor.py:175} INFO - Processing /home/airflow/.local/lib/python3.7/site-packages/airflow/example_dags/example_branch_python_dop_operator_3.py took 0.185 seconds
[2023-04-19T13:31:53.739+0000] {processor.py:153} INFO - Started process (PID=1727) to work on /home/airflow/.local/lib/python3.7/site-packages/airflow/example_dags/example_branch_python_dop_operator_3.py
[2023-04-19T13:31:53.745+0000] {processor.py:743} INFO - Processing file /home/airflow/.local/lib/python3.7/site-packages/airflow/example_dags/example_branch_python_dop_operator_3.py for tasks to queue
[2023-04-19T13:31:53.747+0000] {logging_mixin.py:137} INFO - [2023-04-19T13:31:53.746+0000] {dagbag.py:532} INFO - Filling up the DagBag from /home/airflow/.local/lib/python3.7/site-packages/airflow/example_dags/example_branch_python_dop_operator_3.py
[2023-04-19T13:31:53.784+0000] {processor.py:753} INFO - DAG(s) dict_keys(['example_branch_dop_operator_v3']) retrieved from /home/airflow/.local/lib/python3.7/site-packages/airflow/example_dags/example_branch_python_dop_operator_3.py
[2023-04-19T13:31:53.830+0000] {logging_mixin.py:137} INFO - [2023-04-19T13:31:53.829+0000] {dag.py:2705} INFO - Sync 1 DAGs
[2023-04-19T13:31:53.896+0000] {logging_mixin.py:137} INFO - [2023-04-19T13:31:53.895+0000] {dag.py:3456} INFO - Setting next_dagrun for example_branch_dop_operator_v3 to 2023-04-19T13:30:00+00:00, run_after=2023-04-19T13:31:00+00:00
[2023-04-19T13:31:53.936+0000] {processor.py:175} INFO - Processing /home/airflow/.local/lib/python3.7/site-packages/airflow/example_dags/example_branch_python_dop_operator_3.py took 0.202 seconds
[2023-04-19T14:25:39.407+0000] {processor.py:153} INFO - Started process (PID=1771) to work on /home/airflow/.local/lib/python3.7/site-packages/airflow/example_dags/example_branch_python_dop_operator_3.py
[2023-04-19T14:25:39.416+0000] {processor.py:743} INFO - Processing file /home/airflow/.local/lib/python3.7/site-packages/airflow/example_dags/example_branch_python_dop_operator_3.py for tasks to queue
[2023-04-19T14:25:39.418+0000] {logging_mixin.py:137} INFO - [2023-04-19T14:25:39.418+0000] {dagbag.py:532} INFO - Filling up the DagBag from /home/airflow/.local/lib/python3.7/site-packages/airflow/example_dags/example_branch_python_dop_operator_3.py
[2023-04-19T14:25:39.497+0000] {processor.py:753} INFO - DAG(s) dict_keys(['example_branch_dop_operator_v3']) retrieved from /home/airflow/.local/lib/python3.7/site-packages/airflow/example_dags/example_branch_python_dop_operator_3.py
[2023-04-19T14:25:39.567+0000] {logging_mixin.py:137} INFO - [2023-04-19T14:25:39.566+0000] {dag.py:2705} INFO - Sync 1 DAGs
[2023-04-19T14:25:39.657+0000] {logging_mixin.py:137} INFO - [2023-04-19T14:25:39.657+0000] {dag.py:3456} INFO - Setting next_dagrun for example_branch_dop_operator_v3 to 2023-04-19T14:24:00+00:00, run_after=2023-04-19T14:25:00+00:00
[2023-04-19T14:25:39.749+0000] {processor.py:175} INFO - Processing /home/airflow/.local/lib/python3.7/site-packages/airflow/example_dags/example_branch_python_dop_operator_3.py took 0.346 seconds
[2023-04-19T15:20:04.099+0000] {processor.py:153} INFO - Started process (PID=1823) to work on /home/airflow/.local/lib/python3.7/site-packages/airflow/example_dags/example_branch_python_dop_operator_3.py
[2023-04-19T15:20:04.102+0000] {processor.py:743} INFO - Processing file /home/airflow/.local/lib/python3.7/site-packages/airflow/example_dags/example_branch_python_dop_operator_3.py for tasks to queue
[2023-04-19T15:20:04.105+0000] {logging_mixin.py:137} INFO - [2023-04-19T15:20:04.104+0000] {dagbag.py:532} INFO - Filling up the DagBag from /home/airflow/.local/lib/python3.7/site-packages/airflow/example_dags/example_branch_python_dop_operator_3.py
[2023-04-19T15:20:04.161+0000] {processor.py:753} INFO - DAG(s) dict_keys(['example_branch_dop_operator_v3']) retrieved from /home/airflow/.local/lib/python3.7/site-packages/airflow/example_dags/example_branch_python_dop_operator_3.py
[2023-04-19T15:20:04.197+0000] {logging_mixin.py:137} INFO - [2023-04-19T15:20:04.197+0000] {dag.py:2705} INFO - Sync 1 DAGs
[2023-04-19T15:20:04.268+0000] {logging_mixin.py:137} INFO - [2023-04-19T15:20:04.268+0000] {dag.py:3456} INFO - Setting next_dagrun for example_branch_dop_operator_v3 to 2023-04-19T15:19:00+00:00, run_after=2023-04-19T15:20:00+00:00
[2023-04-19T15:20:04.295+0000] {processor.py:175} INFO - Processing /home/airflow/.local/lib/python3.7/site-packages/airflow/example_dags/example_branch_python_dop_operator_3.py took 0.206 seconds
[2023-04-19T17:07:25.044+0000] {processor.py:153} INFO - Started process (PID=1874) to work on /home/airflow/.local/lib/python3.7/site-packages/airflow/example_dags/example_branch_python_dop_operator_3.py
[2023-04-19T17:07:25.053+0000] {processor.py:743} INFO - Processing file /home/airflow/.local/lib/python3.7/site-packages/airflow/example_dags/example_branch_python_dop_operator_3.py for tasks to queue
[2023-04-19T17:07:25.062+0000] {logging_mixin.py:137} INFO - [2023-04-19T17:07:25.061+0000] {dagbag.py:532} INFO - Filling up the DagBag from /home/airflow/.local/lib/python3.7/site-packages/airflow/example_dags/example_branch_python_dop_operator_3.py
[2023-04-19T17:07:25.292+0000] {processor.py:753} INFO - DAG(s) dict_keys(['example_branch_dop_operator_v3']) retrieved from /home/airflow/.local/lib/python3.7/site-packages/airflow/example_dags/example_branch_python_dop_operator_3.py
[2023-04-19T17:07:25.576+0000] {logging_mixin.py:137} INFO - [2023-04-19T17:07:25.575+0000] {dag.py:2705} INFO - Sync 1 DAGs
[2023-04-19T17:07:26.202+0000] {logging_mixin.py:137} INFO - [2023-04-19T17:07:26.201+0000] {dag.py:3456} INFO - Setting next_dagrun for example_branch_dop_operator_v3 to 2023-04-19T17:06:00+00:00, run_after=2023-04-19T17:07:00+00:00
[2023-04-19T17:07:26.336+0000] {processor.py:175} INFO - Processing /home/airflow/.local/lib/python3.7/site-packages/airflow/example_dags/example_branch_python_dop_operator_3.py took 1.318 seconds
[2023-04-19T17:37:54.345+0000] {processor.py:153} INFO - Started process (PID=1925) to work on /home/airflow/.local/lib/python3.7/site-packages/airflow/example_dags/example_branch_python_dop_operator_3.py
[2023-04-19T17:37:54.346+0000] {processor.py:743} INFO - Processing file /home/airflow/.local/lib/python3.7/site-packages/airflow/example_dags/example_branch_python_dop_operator_3.py for tasks to queue
[2023-04-19T17:37:54.348+0000] {logging_mixin.py:137} INFO - [2023-04-19T17:37:54.348+0000] {dagbag.py:532} INFO - Filling up the DagBag from /home/airflow/.local/lib/python3.7/site-packages/airflow/example_dags/example_branch_python_dop_operator_3.py
[2023-04-19T17:37:54.395+0000] {processor.py:753} INFO - DAG(s) dict_keys(['example_branch_dop_operator_v3']) retrieved from /home/airflow/.local/lib/python3.7/site-packages/airflow/example_dags/example_branch_python_dop_operator_3.py
[2023-04-19T17:37:54.444+0000] {logging_mixin.py:137} INFO - [2023-04-19T17:37:54.444+0000] {dag.py:2705} INFO - Sync 1 DAGs
[2023-04-19T17:37:54.484+0000] {logging_mixin.py:137} INFO - [2023-04-19T17:37:54.484+0000] {dag.py:3456} INFO - Setting next_dagrun for example_branch_dop_operator_v3 to 2023-04-19T17:36:00+00:00, run_after=2023-04-19T17:37:00+00:00
[2023-04-19T17:37:54.506+0000] {processor.py:175} INFO - Processing /home/airflow/.local/lib/python3.7/site-packages/airflow/example_dags/example_branch_python_dop_operator_3.py took 0.176 seconds
[2023-04-19T19:26:07.313+0000] {processor.py:153} INFO - Started process (PID=1978) to work on /home/airflow/.local/lib/python3.7/site-packages/airflow/example_dags/example_branch_python_dop_operator_3.py
[2023-04-19T19:26:07.315+0000] {processor.py:743} INFO - Processing file /home/airflow/.local/lib/python3.7/site-packages/airflow/example_dags/example_branch_python_dop_operator_3.py for tasks to queue
[2023-04-19T19:26:07.316+0000] {logging_mixin.py:137} INFO - [2023-04-19T19:26:07.316+0000] {dagbag.py:532} INFO - Filling up the DagBag from /home/airflow/.local/lib/python3.7/site-packages/airflow/example_dags/example_branch_python_dop_operator_3.py
[2023-04-19T19:26:07.347+0000] {processor.py:753} INFO - DAG(s) dict_keys(['example_branch_dop_operator_v3']) retrieved from /home/airflow/.local/lib/python3.7/site-packages/airflow/example_dags/example_branch_python_dop_operator_3.py
[2023-04-19T19:26:07.385+0000] {logging_mixin.py:137} INFO - [2023-04-19T19:26:07.384+0000] {dag.py:2705} INFO - Sync 1 DAGs
[2023-04-19T19:26:07.419+0000] {logging_mixin.py:137} INFO - [2023-04-19T19:26:07.419+0000] {dag.py:3456} INFO - Setting next_dagrun for example_branch_dop_operator_v3 to 2023-04-19T19:25:00+00:00, run_after=2023-04-19T19:26:00+00:00
[2023-04-19T19:26:07.441+0000] {processor.py:175} INFO - Processing /home/airflow/.local/lib/python3.7/site-packages/airflow/example_dags/example_branch_python_dop_operator_3.py took 0.135 seconds
[2023-04-19T21:13:25.019+0000] {processor.py:153} INFO - Started process (PID=2031) to work on /home/airflow/.local/lib/python3.7/site-packages/airflow/example_dags/example_branch_python_dop_operator_3.py
[2023-04-19T21:13:25.022+0000] {processor.py:743} INFO - Processing file /home/airflow/.local/lib/python3.7/site-packages/airflow/example_dags/example_branch_python_dop_operator_3.py for tasks to queue
[2023-04-19T21:13:25.025+0000] {logging_mixin.py:137} INFO - [2023-04-19T21:13:25.025+0000] {dagbag.py:532} INFO - Filling up the DagBag from /home/airflow/.local/lib/python3.7/site-packages/airflow/example_dags/example_branch_python_dop_operator_3.py
[2023-04-19T21:13:25.102+0000] {processor.py:753} INFO - DAG(s) dict_keys(['example_branch_dop_operator_v3']) retrieved from /home/airflow/.local/lib/python3.7/site-packages/airflow/example_dags/example_branch_python_dop_operator_3.py
[2023-04-19T21:13:25.165+0000] {logging_mixin.py:137} INFO - [2023-04-19T21:13:25.165+0000] {dag.py:2705} INFO - Sync 1 DAGs
[2023-04-19T21:13:25.243+0000] {logging_mixin.py:137} INFO - [2023-04-19T21:13:25.243+0000] {dag.py:3456} INFO - Setting next_dagrun for example_branch_dop_operator_v3 to 2023-04-19T21:12:00+00:00, run_after=2023-04-19T21:13:00+00:00
[2023-04-19T21:13:25.297+0000] {processor.py:175} INFO - Processing /home/airflow/.local/lib/python3.7/site-packages/airflow/example_dags/example_branch_python_dop_operator_3.py took 0.294 seconds
