[2023-04-19T08:58:03.934+0000] {processor.py:153} INFO - Started process (PID=69) to work on /home/airflow/.local/lib/python3.7/site-packages/airflow/example_dags/tutorial.py
[2023-04-19T08:58:03.937+0000] {processor.py:743} INFO - Processing file /home/airflow/.local/lib/python3.7/site-packages/airflow/example_dags/tutorial.py for tasks to queue
[2023-04-19T08:58:03.942+0000] {logging_mixin.py:137} INFO - [2023-04-19T08:58:03.941+0000] {dagbag.py:532} INFO - Filling up the DagBag from /home/airflow/.local/lib/python3.7/site-packages/airflow/example_dags/tutorial.py
[2023-04-19T08:58:04.010+0000] {processor.py:753} INFO - DAG(s) dict_keys(['tutorial']) retrieved from /home/airflow/.local/lib/python3.7/site-packages/airflow/example_dags/tutorial.py
[2023-04-19T08:58:04.077+0000] {logging_mixin.py:137} INFO - [2023-04-19T08:58:04.077+0000] {dag.py:2705} INFO - Sync 1 DAGs
[2023-04-19T08:58:04.138+0000] {logging_mixin.py:137} INFO - [2023-04-19T08:58:04.138+0000] {dag.py:3456} INFO - Setting next_dagrun for tutorial to 2023-04-18T08:58:04.137604+00:00, run_after=2023-04-19T08:58:04.137604+00:00
[2023-04-19T08:58:04.191+0000] {processor.py:175} INFO - Processing /home/airflow/.local/lib/python3.7/site-packages/airflow/example_dags/tutorial.py took 0.274 seconds
[2023-04-19T08:58:34.426+0000] {processor.py:153} INFO - Started process (PID=121) to work on /home/airflow/.local/lib/python3.7/site-packages/airflow/example_dags/tutorial.py
[2023-04-19T08:58:34.428+0000] {processor.py:743} INFO - Processing file /home/airflow/.local/lib/python3.7/site-packages/airflow/example_dags/tutorial.py for tasks to queue
[2023-04-19T08:58:34.432+0000] {logging_mixin.py:137} INFO - [2023-04-19T08:58:34.431+0000] {dagbag.py:532} INFO - Filling up the DagBag from /home/airflow/.local/lib/python3.7/site-packages/airflow/example_dags/tutorial.py
[2023-04-19T08:58:34.456+0000] {processor.py:753} INFO - DAG(s) dict_keys(['tutorial']) retrieved from /home/airflow/.local/lib/python3.7/site-packages/airflow/example_dags/tutorial.py
[2023-04-19T08:58:34.492+0000] {logging_mixin.py:137} INFO - [2023-04-19T08:58:34.491+0000] {dag.py:2705} INFO - Sync 1 DAGs
[2023-04-19T08:58:34.524+0000] {logging_mixin.py:137} INFO - [2023-04-19T08:58:34.524+0000] {dag.py:3456} INFO - Setting next_dagrun for tutorial to 2023-04-18T08:58:34.524361+00:00, run_after=2023-04-19T08:58:34.524361+00:00
[2023-04-19T08:58:34.548+0000] {processor.py:175} INFO - Processing /home/airflow/.local/lib/python3.7/site-packages/airflow/example_dags/tutorial.py took 0.132 seconds
[2023-04-19T08:59:04.778+0000] {processor.py:153} INFO - Started process (PID=172) to work on /home/airflow/.local/lib/python3.7/site-packages/airflow/example_dags/tutorial.py
[2023-04-19T08:59:04.789+0000] {processor.py:743} INFO - Processing file /home/airflow/.local/lib/python3.7/site-packages/airflow/example_dags/tutorial.py for tasks to queue
[2023-04-19T08:59:04.792+0000] {logging_mixin.py:137} INFO - [2023-04-19T08:59:04.791+0000] {dagbag.py:532} INFO - Filling up the DagBag from /home/airflow/.local/lib/python3.7/site-packages/airflow/example_dags/tutorial.py
[2023-04-19T08:59:04.826+0000] {processor.py:753} INFO - DAG(s) dict_keys(['tutorial']) retrieved from /home/airflow/.local/lib/python3.7/site-packages/airflow/example_dags/tutorial.py
[2023-04-19T08:59:04.893+0000] {logging_mixin.py:137} INFO - [2023-04-19T08:59:04.893+0000] {dag.py:2705} INFO - Sync 1 DAGs
[2023-04-19T08:59:04.949+0000] {logging_mixin.py:137} INFO - [2023-04-19T08:59:04.948+0000] {dag.py:3456} INFO - Setting next_dagrun for tutorial to 2023-04-18T08:59:04.948276+00:00, run_after=2023-04-19T08:59:04.948276+00:00
[2023-04-19T08:59:04.997+0000] {processor.py:175} INFO - Processing /home/airflow/.local/lib/python3.7/site-packages/airflow/example_dags/tutorial.py took 0.232 seconds
[2023-04-19T08:59:35.113+0000] {processor.py:153} INFO - Started process (PID=223) to work on /home/airflow/.local/lib/python3.7/site-packages/airflow/example_dags/tutorial.py
[2023-04-19T08:59:35.115+0000] {processor.py:743} INFO - Processing file /home/airflow/.local/lib/python3.7/site-packages/airflow/example_dags/tutorial.py for tasks to queue
[2023-04-19T08:59:35.120+0000] {logging_mixin.py:137} INFO - [2023-04-19T08:59:35.119+0000] {dagbag.py:532} INFO - Filling up the DagBag from /home/airflow/.local/lib/python3.7/site-packages/airflow/example_dags/tutorial.py
[2023-04-19T08:59:35.162+0000] {processor.py:753} INFO - DAG(s) dict_keys(['tutorial']) retrieved from /home/airflow/.local/lib/python3.7/site-packages/airflow/example_dags/tutorial.py
[2023-04-19T08:59:35.211+0000] {logging_mixin.py:137} INFO - [2023-04-19T08:59:35.211+0000] {dag.py:2705} INFO - Sync 1 DAGs
[2023-04-19T08:59:35.251+0000] {logging_mixin.py:137} INFO - [2023-04-19T08:59:35.251+0000] {dag.py:3456} INFO - Setting next_dagrun for tutorial to 2023-04-18T08:59:35.250986+00:00, run_after=2023-04-19T08:59:35.250986+00:00
[2023-04-19T08:59:35.288+0000] {processor.py:175} INFO - Processing /home/airflow/.local/lib/python3.7/site-packages/airflow/example_dags/tutorial.py took 0.186 seconds
[2023-04-19T09:00:05.648+0000] {processor.py:153} INFO - Started process (PID=276) to work on /home/airflow/.local/lib/python3.7/site-packages/airflow/example_dags/tutorial.py
[2023-04-19T09:00:05.650+0000] {processor.py:743} INFO - Processing file /home/airflow/.local/lib/python3.7/site-packages/airflow/example_dags/tutorial.py for tasks to queue
[2023-04-19T09:00:05.651+0000] {logging_mixin.py:137} INFO - [2023-04-19T09:00:05.651+0000] {dagbag.py:532} INFO - Filling up the DagBag from /home/airflow/.local/lib/python3.7/site-packages/airflow/example_dags/tutorial.py
[2023-04-19T09:00:05.680+0000] {processor.py:753} INFO - DAG(s) dict_keys(['tutorial']) retrieved from /home/airflow/.local/lib/python3.7/site-packages/airflow/example_dags/tutorial.py
[2023-04-19T09:00:05.726+0000] {logging_mixin.py:137} INFO - [2023-04-19T09:00:05.726+0000] {dag.py:2705} INFO - Sync 1 DAGs
[2023-04-19T09:00:05.785+0000] {logging_mixin.py:137} INFO - [2023-04-19T09:00:05.785+0000] {dag.py:3456} INFO - Setting next_dagrun for tutorial to 2023-04-18T09:00:05.784907+00:00, run_after=2023-04-19T09:00:05.784907+00:00
[2023-04-19T09:00:05.821+0000] {processor.py:175} INFO - Processing /home/airflow/.local/lib/python3.7/site-packages/airflow/example_dags/tutorial.py took 0.178 seconds
[2023-04-19T09:00:36.005+0000] {processor.py:153} INFO - Started process (PID=327) to work on /home/airflow/.local/lib/python3.7/site-packages/airflow/example_dags/tutorial.py
[2023-04-19T09:00:36.007+0000] {processor.py:743} INFO - Processing file /home/airflow/.local/lib/python3.7/site-packages/airflow/example_dags/tutorial.py for tasks to queue
[2023-04-19T09:00:36.008+0000] {logging_mixin.py:137} INFO - [2023-04-19T09:00:36.008+0000] {dagbag.py:532} INFO - Filling up the DagBag from /home/airflow/.local/lib/python3.7/site-packages/airflow/example_dags/tutorial.py
[2023-04-19T09:00:36.039+0000] {processor.py:753} INFO - DAG(s) dict_keys(['tutorial']) retrieved from /home/airflow/.local/lib/python3.7/site-packages/airflow/example_dags/tutorial.py
[2023-04-19T09:00:36.090+0000] {logging_mixin.py:137} INFO - [2023-04-19T09:00:36.090+0000] {dag.py:2705} INFO - Sync 1 DAGs
[2023-04-19T09:00:36.143+0000] {logging_mixin.py:137} INFO - [2023-04-19T09:00:36.143+0000] {dag.py:3456} INFO - Setting next_dagrun for tutorial to 2023-04-18T09:00:36.143143+00:00, run_after=2023-04-19T09:00:36.143143+00:00
[2023-04-19T09:00:36.191+0000] {processor.py:175} INFO - Processing /home/airflow/.local/lib/python3.7/site-packages/airflow/example_dags/tutorial.py took 0.191 seconds
[2023-04-19T09:01:06.820+0000] {processor.py:153} INFO - Started process (PID=380) to work on /home/airflow/.local/lib/python3.7/site-packages/airflow/example_dags/tutorial.py
[2023-04-19T09:01:06.824+0000] {processor.py:743} INFO - Processing file /home/airflow/.local/lib/python3.7/site-packages/airflow/example_dags/tutorial.py for tasks to queue
[2023-04-19T09:01:06.831+0000] {logging_mixin.py:137} INFO - [2023-04-19T09:01:06.830+0000] {dagbag.py:532} INFO - Filling up the DagBag from /home/airflow/.local/lib/python3.7/site-packages/airflow/example_dags/tutorial.py
[2023-04-19T09:01:06.861+0000] {processor.py:753} INFO - DAG(s) dict_keys(['tutorial']) retrieved from /home/airflow/.local/lib/python3.7/site-packages/airflow/example_dags/tutorial.py
[2023-04-19T09:01:06.908+0000] {logging_mixin.py:137} INFO - [2023-04-19T09:01:06.907+0000] {dag.py:2705} INFO - Sync 1 DAGs
[2023-04-19T09:01:06.946+0000] {logging_mixin.py:137} INFO - [2023-04-19T09:01:06.946+0000] {dag.py:3456} INFO - Setting next_dagrun for tutorial to 2023-04-18T09:01:06.945820+00:00, run_after=2023-04-19T09:01:06.945820+00:00
[2023-04-19T09:01:06.981+0000] {processor.py:175} INFO - Processing /home/airflow/.local/lib/python3.7/site-packages/airflow/example_dags/tutorial.py took 0.180 seconds
[2023-04-19T09:01:37.229+0000] {processor.py:153} INFO - Started process (PID=435) to work on /home/airflow/.local/lib/python3.7/site-packages/airflow/example_dags/tutorial.py
[2023-04-19T09:01:37.232+0000] {processor.py:743} INFO - Processing file /home/airflow/.local/lib/python3.7/site-packages/airflow/example_dags/tutorial.py for tasks to queue
[2023-04-19T09:01:37.236+0000] {logging_mixin.py:137} INFO - [2023-04-19T09:01:37.235+0000] {dagbag.py:532} INFO - Filling up the DagBag from /home/airflow/.local/lib/python3.7/site-packages/airflow/example_dags/tutorial.py
[2023-04-19T09:01:37.281+0000] {processor.py:753} INFO - DAG(s) dict_keys(['tutorial']) retrieved from /home/airflow/.local/lib/python3.7/site-packages/airflow/example_dags/tutorial.py
[2023-04-19T09:01:37.329+0000] {logging_mixin.py:137} INFO - [2023-04-19T09:01:37.329+0000] {dag.py:2705} INFO - Sync 1 DAGs
[2023-04-19T09:01:37.389+0000] {logging_mixin.py:137} INFO - [2023-04-19T09:01:37.389+0000] {dag.py:3456} INFO - Setting next_dagrun for tutorial to 2023-04-18T09:01:37.388719+00:00, run_after=2023-04-19T09:01:37.388719+00:00
[2023-04-19T09:01:37.423+0000] {processor.py:175} INFO - Processing /home/airflow/.local/lib/python3.7/site-packages/airflow/example_dags/tutorial.py took 0.205 seconds
[2023-04-19T09:02:08.160+0000] {processor.py:153} INFO - Started process (PID=487) to work on /home/airflow/.local/lib/python3.7/site-packages/airflow/example_dags/tutorial.py
[2023-04-19T09:02:08.162+0000] {processor.py:743} INFO - Processing file /home/airflow/.local/lib/python3.7/site-packages/airflow/example_dags/tutorial.py for tasks to queue
[2023-04-19T09:02:08.164+0000] {logging_mixin.py:137} INFO - [2023-04-19T09:02:08.164+0000] {dagbag.py:532} INFO - Filling up the DagBag from /home/airflow/.local/lib/python3.7/site-packages/airflow/example_dags/tutorial.py
[2023-04-19T09:02:08.185+0000] {processor.py:753} INFO - DAG(s) dict_keys(['tutorial']) retrieved from /home/airflow/.local/lib/python3.7/site-packages/airflow/example_dags/tutorial.py
[2023-04-19T09:02:08.225+0000] {logging_mixin.py:137} INFO - [2023-04-19T09:02:08.225+0000] {dag.py:2705} INFO - Sync 1 DAGs
[2023-04-19T09:02:08.263+0000] {logging_mixin.py:137} INFO - [2023-04-19T09:02:08.263+0000] {dag.py:3456} INFO - Setting next_dagrun for tutorial to 2023-04-18T09:02:08.262693+00:00, run_after=2023-04-19T09:02:08.262693+00:00
[2023-04-19T09:02:08.294+0000] {processor.py:175} INFO - Processing /home/airflow/.local/lib/python3.7/site-packages/airflow/example_dags/tutorial.py took 0.140 seconds
[2023-04-19T09:02:39.016+0000] {processor.py:153} INFO - Started process (PID=538) to work on /home/airflow/.local/lib/python3.7/site-packages/airflow/example_dags/tutorial.py
[2023-04-19T09:02:39.019+0000] {processor.py:743} INFO - Processing file /home/airflow/.local/lib/python3.7/site-packages/airflow/example_dags/tutorial.py for tasks to queue
[2023-04-19T09:02:39.024+0000] {logging_mixin.py:137} INFO - [2023-04-19T09:02:39.023+0000] {dagbag.py:532} INFO - Filling up the DagBag from /home/airflow/.local/lib/python3.7/site-packages/airflow/example_dags/tutorial.py
[2023-04-19T09:02:39.052+0000] {processor.py:753} INFO - DAG(s) dict_keys(['tutorial']) retrieved from /home/airflow/.local/lib/python3.7/site-packages/airflow/example_dags/tutorial.py
[2023-04-19T09:02:39.090+0000] {logging_mixin.py:137} INFO - [2023-04-19T09:02:39.090+0000] {dag.py:2705} INFO - Sync 1 DAGs
[2023-04-19T09:02:39.139+0000] {logging_mixin.py:137} INFO - [2023-04-19T09:02:39.138+0000] {dag.py:3456} INFO - Setting next_dagrun for tutorial to 2023-04-18T09:02:39.138534+00:00, run_after=2023-04-19T09:02:39.138534+00:00
[2023-04-19T09:02:39.175+0000] {processor.py:175} INFO - Processing /home/airflow/.local/lib/python3.7/site-packages/airflow/example_dags/tutorial.py took 0.169 seconds
[2023-04-19T09:03:10.157+0000] {processor.py:153} INFO - Started process (PID=593) to work on /home/airflow/.local/lib/python3.7/site-packages/airflow/example_dags/tutorial.py
[2023-04-19T09:03:10.191+0000] {processor.py:743} INFO - Processing file /home/airflow/.local/lib/python3.7/site-packages/airflow/example_dags/tutorial.py for tasks to queue
[2023-04-19T09:03:10.214+0000] {logging_mixin.py:137} INFO - [2023-04-19T09:03:10.214+0000] {dagbag.py:532} INFO - Filling up the DagBag from /home/airflow/.local/lib/python3.7/site-packages/airflow/example_dags/tutorial.py
[2023-04-19T09:03:10.261+0000] {processor.py:753} INFO - DAG(s) dict_keys(['tutorial']) retrieved from /home/airflow/.local/lib/python3.7/site-packages/airflow/example_dags/tutorial.py
[2023-04-19T09:03:10.307+0000] {logging_mixin.py:137} INFO - [2023-04-19T09:03:10.307+0000] {dag.py:2705} INFO - Sync 1 DAGs
[2023-04-19T09:03:10.431+0000] {logging_mixin.py:137} INFO - [2023-04-19T09:03:10.431+0000] {dag.py:3456} INFO - Setting next_dagrun for tutorial to 2023-04-18T09:03:10.431232+00:00, run_after=2023-04-19T09:03:10.431232+00:00
[2023-04-19T09:03:10.490+0000] {processor.py:175} INFO - Processing /home/airflow/.local/lib/python3.7/site-packages/airflow/example_dags/tutorial.py took 0.347 seconds
[2023-04-19T09:03:41.164+0000] {processor.py:153} INFO - Started process (PID=645) to work on /home/airflow/.local/lib/python3.7/site-packages/airflow/example_dags/tutorial.py
[2023-04-19T09:03:41.171+0000] {processor.py:743} INFO - Processing file /home/airflow/.local/lib/python3.7/site-packages/airflow/example_dags/tutorial.py for tasks to queue
[2023-04-19T09:03:41.179+0000] {logging_mixin.py:137} INFO - [2023-04-19T09:03:41.179+0000] {dagbag.py:532} INFO - Filling up the DagBag from /home/airflow/.local/lib/python3.7/site-packages/airflow/example_dags/tutorial.py
[2023-04-19T09:03:41.219+0000] {processor.py:753} INFO - DAG(s) dict_keys(['tutorial']) retrieved from /home/airflow/.local/lib/python3.7/site-packages/airflow/example_dags/tutorial.py
[2023-04-19T09:03:41.266+0000] {logging_mixin.py:137} INFO - [2023-04-19T09:03:41.266+0000] {dag.py:2705} INFO - Sync 1 DAGs
[2023-04-19T09:03:41.311+0000] {logging_mixin.py:137} INFO - [2023-04-19T09:03:41.310+0000] {dag.py:3456} INFO - Setting next_dagrun for tutorial to 2023-04-18T09:03:41.310525+00:00, run_after=2023-04-19T09:03:41.310525+00:00
[2023-04-19T09:03:41.374+0000] {processor.py:175} INFO - Processing /home/airflow/.local/lib/python3.7/site-packages/airflow/example_dags/tutorial.py took 0.221 seconds
[2023-04-19T09:04:11.631+0000] {processor.py:153} INFO - Started process (PID=696) to work on /home/airflow/.local/lib/python3.7/site-packages/airflow/example_dags/tutorial.py
[2023-04-19T09:04:11.633+0000] {processor.py:743} INFO - Processing file /home/airflow/.local/lib/python3.7/site-packages/airflow/example_dags/tutorial.py for tasks to queue
[2023-04-19T09:04:11.635+0000] {logging_mixin.py:137} INFO - [2023-04-19T09:04:11.635+0000] {dagbag.py:532} INFO - Filling up the DagBag from /home/airflow/.local/lib/python3.7/site-packages/airflow/example_dags/tutorial.py
[2023-04-19T09:04:11.658+0000] {processor.py:753} INFO - DAG(s) dict_keys(['tutorial']) retrieved from /home/airflow/.local/lib/python3.7/site-packages/airflow/example_dags/tutorial.py
[2023-04-19T09:04:11.709+0000] {logging_mixin.py:137} INFO - [2023-04-19T09:04:11.708+0000] {dag.py:2705} INFO - Sync 1 DAGs
[2023-04-19T09:04:11.756+0000] {logging_mixin.py:137} INFO - [2023-04-19T09:04:11.756+0000] {dag.py:3456} INFO - Setting next_dagrun for tutorial to 2023-04-18T09:04:11.756018+00:00, run_after=2023-04-19T09:04:11.756018+00:00
[2023-04-19T09:04:11.794+0000] {processor.py:175} INFO - Processing /home/airflow/.local/lib/python3.7/site-packages/airflow/example_dags/tutorial.py took 0.168 seconds
[2023-04-19T09:04:42.044+0000] {processor.py:153} INFO - Started process (PID=750) to work on /home/airflow/.local/lib/python3.7/site-packages/airflow/example_dags/tutorial.py
[2023-04-19T09:04:42.046+0000] {processor.py:743} INFO - Processing file /home/airflow/.local/lib/python3.7/site-packages/airflow/example_dags/tutorial.py for tasks to queue
[2023-04-19T09:04:42.048+0000] {logging_mixin.py:137} INFO - [2023-04-19T09:04:42.048+0000] {dagbag.py:532} INFO - Filling up the DagBag from /home/airflow/.local/lib/python3.7/site-packages/airflow/example_dags/tutorial.py
[2023-04-19T09:04:42.076+0000] {processor.py:753} INFO - DAG(s) dict_keys(['tutorial']) retrieved from /home/airflow/.local/lib/python3.7/site-packages/airflow/example_dags/tutorial.py
[2023-04-19T09:04:42.113+0000] {logging_mixin.py:137} INFO - [2023-04-19T09:04:42.113+0000] {dag.py:2705} INFO - Sync 1 DAGs
[2023-04-19T09:04:42.148+0000] {logging_mixin.py:137} INFO - [2023-04-19T09:04:42.148+0000] {dag.py:3456} INFO - Setting next_dagrun for tutorial to 2023-04-18T09:04:42.148081+00:00, run_after=2023-04-19T09:04:42.148081+00:00
[2023-04-19T09:04:42.172+0000] {processor.py:175} INFO - Processing /home/airflow/.local/lib/python3.7/site-packages/airflow/example_dags/tutorial.py took 0.133 seconds
[2023-04-19T09:05:12.263+0000] {processor.py:153} INFO - Started process (PID=801) to work on /home/airflow/.local/lib/python3.7/site-packages/airflow/example_dags/tutorial.py
[2023-04-19T09:05:12.265+0000] {processor.py:743} INFO - Processing file /home/airflow/.local/lib/python3.7/site-packages/airflow/example_dags/tutorial.py for tasks to queue
[2023-04-19T09:05:12.267+0000] {logging_mixin.py:137} INFO - [2023-04-19T09:05:12.266+0000] {dagbag.py:532} INFO - Filling up the DagBag from /home/airflow/.local/lib/python3.7/site-packages/airflow/example_dags/tutorial.py
[2023-04-19T09:05:12.286+0000] {processor.py:753} INFO - DAG(s) dict_keys(['tutorial']) retrieved from /home/airflow/.local/lib/python3.7/site-packages/airflow/example_dags/tutorial.py
[2023-04-19T09:05:12.322+0000] {logging_mixin.py:137} INFO - [2023-04-19T09:05:12.322+0000] {dag.py:2705} INFO - Sync 1 DAGs
[2023-04-19T09:05:12.357+0000] {logging_mixin.py:137} INFO - [2023-04-19T09:05:12.357+0000] {dag.py:3456} INFO - Setting next_dagrun for tutorial to 2023-04-18T09:05:12.357138+00:00, run_after=2023-04-19T09:05:12.357138+00:00
[2023-04-19T09:05:12.387+0000] {processor.py:175} INFO - Processing /home/airflow/.local/lib/python3.7/site-packages/airflow/example_dags/tutorial.py took 0.128 seconds
[2023-04-19T09:05:42.723+0000] {processor.py:153} INFO - Started process (PID=853) to work on /home/airflow/.local/lib/python3.7/site-packages/airflow/example_dags/tutorial.py
[2023-04-19T09:05:42.725+0000] {processor.py:743} INFO - Processing file /home/airflow/.local/lib/python3.7/site-packages/airflow/example_dags/tutorial.py for tasks to queue
[2023-04-19T09:05:42.727+0000] {logging_mixin.py:137} INFO - [2023-04-19T09:05:42.727+0000] {dagbag.py:532} INFO - Filling up the DagBag from /home/airflow/.local/lib/python3.7/site-packages/airflow/example_dags/tutorial.py
[2023-04-19T09:05:42.751+0000] {processor.py:753} INFO - DAG(s) dict_keys(['tutorial']) retrieved from /home/airflow/.local/lib/python3.7/site-packages/airflow/example_dags/tutorial.py
[2023-04-19T09:05:42.785+0000] {logging_mixin.py:137} INFO - [2023-04-19T09:05:42.785+0000] {dag.py:2705} INFO - Sync 1 DAGs
[2023-04-19T09:05:42.822+0000] {logging_mixin.py:137} INFO - [2023-04-19T09:05:42.822+0000] {dag.py:3456} INFO - Setting next_dagrun for tutorial to 2023-04-18T09:05:42.821676+00:00, run_after=2023-04-19T09:05:42.821676+00:00
[2023-04-19T09:05:42.844+0000] {processor.py:175} INFO - Processing /home/airflow/.local/lib/python3.7/site-packages/airflow/example_dags/tutorial.py took 0.133 seconds
[2023-04-19T09:06:13.044+0000] {processor.py:153} INFO - Started process (PID=905) to work on /home/airflow/.local/lib/python3.7/site-packages/airflow/example_dags/tutorial.py
[2023-04-19T09:06:13.047+0000] {processor.py:743} INFO - Processing file /home/airflow/.local/lib/python3.7/site-packages/airflow/example_dags/tutorial.py for tasks to queue
[2023-04-19T09:06:13.048+0000] {logging_mixin.py:137} INFO - [2023-04-19T09:06:13.048+0000] {dagbag.py:532} INFO - Filling up the DagBag from /home/airflow/.local/lib/python3.7/site-packages/airflow/example_dags/tutorial.py
[2023-04-19T09:06:13.073+0000] {processor.py:753} INFO - DAG(s) dict_keys(['tutorial']) retrieved from /home/airflow/.local/lib/python3.7/site-packages/airflow/example_dags/tutorial.py
[2023-04-19T09:06:13.116+0000] {logging_mixin.py:137} INFO - [2023-04-19T09:06:13.115+0000] {dag.py:2705} INFO - Sync 1 DAGs
[2023-04-19T09:06:13.157+0000] {logging_mixin.py:137} INFO - [2023-04-19T09:06:13.157+0000] {dag.py:3456} INFO - Setting next_dagrun for tutorial to 2023-04-18T09:06:13.157066+00:00, run_after=2023-04-19T09:06:13.157066+00:00
[2023-04-19T09:06:13.185+0000] {processor.py:175} INFO - Processing /home/airflow/.local/lib/python3.7/site-packages/airflow/example_dags/tutorial.py took 0.154 seconds
[2023-04-19T09:06:43.345+0000] {processor.py:153} INFO - Started process (PID=957) to work on /home/airflow/.local/lib/python3.7/site-packages/airflow/example_dags/tutorial.py
[2023-04-19T09:06:43.348+0000] {processor.py:743} INFO - Processing file /home/airflow/.local/lib/python3.7/site-packages/airflow/example_dags/tutorial.py for tasks to queue
[2023-04-19T09:06:43.354+0000] {logging_mixin.py:137} INFO - [2023-04-19T09:06:43.352+0000] {dagbag.py:532} INFO - Filling up the DagBag from /home/airflow/.local/lib/python3.7/site-packages/airflow/example_dags/tutorial.py
[2023-04-19T09:06:43.390+0000] {processor.py:753} INFO - DAG(s) dict_keys(['tutorial']) retrieved from /home/airflow/.local/lib/python3.7/site-packages/airflow/example_dags/tutorial.py
[2023-04-19T09:06:43.430+0000] {logging_mixin.py:137} INFO - [2023-04-19T09:06:43.430+0000] {dag.py:2705} INFO - Sync 1 DAGs
[2023-04-19T09:06:43.464+0000] {logging_mixin.py:137} INFO - [2023-04-19T09:06:43.464+0000] {dag.py:3456} INFO - Setting next_dagrun for tutorial to 2023-04-18T09:06:43.464450+00:00, run_after=2023-04-19T09:06:43.464450+00:00
[2023-04-19T09:06:43.493+0000] {processor.py:175} INFO - Processing /home/airflow/.local/lib/python3.7/site-packages/airflow/example_dags/tutorial.py took 0.161 seconds
[2023-04-19T09:07:13.865+0000] {processor.py:153} INFO - Started process (PID=1009) to work on /home/airflow/.local/lib/python3.7/site-packages/airflow/example_dags/tutorial.py
[2023-04-19T09:07:13.867+0000] {processor.py:743} INFO - Processing file /home/airflow/.local/lib/python3.7/site-packages/airflow/example_dags/tutorial.py for tasks to queue
[2023-04-19T09:07:13.869+0000] {logging_mixin.py:137} INFO - [2023-04-19T09:07:13.869+0000] {dagbag.py:532} INFO - Filling up the DagBag from /home/airflow/.local/lib/python3.7/site-packages/airflow/example_dags/tutorial.py
[2023-04-19T09:07:13.894+0000] {processor.py:753} INFO - DAG(s) dict_keys(['tutorial']) retrieved from /home/airflow/.local/lib/python3.7/site-packages/airflow/example_dags/tutorial.py
[2023-04-19T09:07:13.940+0000] {logging_mixin.py:137} INFO - [2023-04-19T09:07:13.940+0000] {dag.py:2705} INFO - Sync 1 DAGs
[2023-04-19T09:07:13.980+0000] {logging_mixin.py:137} INFO - [2023-04-19T09:07:13.980+0000] {dag.py:3456} INFO - Setting next_dagrun for tutorial to 2023-04-18T09:07:13.979780+00:00, run_after=2023-04-19T09:07:13.979780+00:00
[2023-04-19T09:07:14.008+0000] {processor.py:175} INFO - Processing /home/airflow/.local/lib/python3.7/site-packages/airflow/example_dags/tutorial.py took 0.148 seconds
[2023-04-19T09:07:44.773+0000] {processor.py:153} INFO - Started process (PID=1061) to work on /home/airflow/.local/lib/python3.7/site-packages/airflow/example_dags/tutorial.py
[2023-04-19T09:07:44.774+0000] {processor.py:743} INFO - Processing file /home/airflow/.local/lib/python3.7/site-packages/airflow/example_dags/tutorial.py for tasks to queue
[2023-04-19T09:07:44.777+0000] {logging_mixin.py:137} INFO - [2023-04-19T09:07:44.777+0000] {dagbag.py:532} INFO - Filling up the DagBag from /home/airflow/.local/lib/python3.7/site-packages/airflow/example_dags/tutorial.py
[2023-04-19T09:07:44.796+0000] {processor.py:753} INFO - DAG(s) dict_keys(['tutorial']) retrieved from /home/airflow/.local/lib/python3.7/site-packages/airflow/example_dags/tutorial.py
[2023-04-19T09:07:44.836+0000] {logging_mixin.py:137} INFO - [2023-04-19T09:07:44.836+0000] {dag.py:2705} INFO - Sync 1 DAGs
[2023-04-19T09:07:44.877+0000] {logging_mixin.py:137} INFO - [2023-04-19T09:07:44.876+0000] {dag.py:3456} INFO - Setting next_dagrun for tutorial to 2023-04-18T09:07:44.876526+00:00, run_after=2023-04-19T09:07:44.876526+00:00
[2023-04-19T09:07:44.910+0000] {processor.py:175} INFO - Processing /home/airflow/.local/lib/python3.7/site-packages/airflow/example_dags/tutorial.py took 0.146 seconds
[2023-04-19T09:08:15.431+0000] {processor.py:153} INFO - Started process (PID=1113) to work on /home/airflow/.local/lib/python3.7/site-packages/airflow/example_dags/tutorial.py
[2023-04-19T09:08:15.433+0000] {processor.py:743} INFO - Processing file /home/airflow/.local/lib/python3.7/site-packages/airflow/example_dags/tutorial.py for tasks to queue
[2023-04-19T09:08:15.444+0000] {logging_mixin.py:137} INFO - [2023-04-19T09:08:15.443+0000] {dagbag.py:532} INFO - Filling up the DagBag from /home/airflow/.local/lib/python3.7/site-packages/airflow/example_dags/tutorial.py
[2023-04-19T09:08:15.505+0000] {processor.py:753} INFO - DAG(s) dict_keys(['tutorial']) retrieved from /home/airflow/.local/lib/python3.7/site-packages/airflow/example_dags/tutorial.py
[2023-04-19T09:08:15.605+0000] {logging_mixin.py:137} INFO - [2023-04-19T09:08:15.605+0000] {dag.py:2705} INFO - Sync 1 DAGs
[2023-04-19T09:08:15.646+0000] {logging_mixin.py:137} INFO - [2023-04-19T09:08:15.646+0000] {dag.py:3456} INFO - Setting next_dagrun for tutorial to 2023-04-18T09:08:15.645729+00:00, run_after=2023-04-19T09:08:15.645729+00:00
[2023-04-19T09:08:15.677+0000] {processor.py:175} INFO - Processing /home/airflow/.local/lib/python3.7/site-packages/airflow/example_dags/tutorial.py took 0.260 seconds
[2023-04-19T09:09:31.454+0000] {processor.py:153} INFO - Started process (PID=1156) to work on /home/airflow/.local/lib/python3.7/site-packages/airflow/example_dags/tutorial.py
[2023-04-19T09:09:31.463+0000] {processor.py:743} INFO - Processing file /home/airflow/.local/lib/python3.7/site-packages/airflow/example_dags/tutorial.py for tasks to queue
[2023-04-19T09:09:31.467+0000] {logging_mixin.py:137} INFO - [2023-04-19T09:09:31.467+0000] {dagbag.py:532} INFO - Filling up the DagBag from /home/airflow/.local/lib/python3.7/site-packages/airflow/example_dags/tutorial.py
[2023-04-19T09:09:31.549+0000] {processor.py:753} INFO - DAG(s) dict_keys(['tutorial']) retrieved from /home/airflow/.local/lib/python3.7/site-packages/airflow/example_dags/tutorial.py
[2023-04-19T09:09:31.665+0000] {logging_mixin.py:137} INFO - [2023-04-19T09:09:31.664+0000] {dag.py:2705} INFO - Sync 1 DAGs
[2023-04-19T09:09:31.771+0000] {logging_mixin.py:137} INFO - [2023-04-19T09:09:31.770+0000] {dag.py:3456} INFO - Setting next_dagrun for tutorial to 2023-04-18T09:09:31.770017+00:00, run_after=2023-04-19T09:09:31.770017+00:00
[2023-04-19T09:09:31.949+0000] {processor.py:175} INFO - Processing /home/airflow/.local/lib/python3.7/site-packages/airflow/example_dags/tutorial.py took 0.509 seconds
[2023-04-19T09:10:02.692+0000] {processor.py:153} INFO - Started process (PID=1209) to work on /home/airflow/.local/lib/python3.7/site-packages/airflow/example_dags/tutorial.py
[2023-04-19T09:10:02.693+0000] {processor.py:743} INFO - Processing file /home/airflow/.local/lib/python3.7/site-packages/airflow/example_dags/tutorial.py for tasks to queue
[2023-04-19T09:10:02.695+0000] {logging_mixin.py:137} INFO - [2023-04-19T09:10:02.695+0000] {dagbag.py:532} INFO - Filling up the DagBag from /home/airflow/.local/lib/python3.7/site-packages/airflow/example_dags/tutorial.py
[2023-04-19T09:10:02.715+0000] {processor.py:753} INFO - DAG(s) dict_keys(['tutorial']) retrieved from /home/airflow/.local/lib/python3.7/site-packages/airflow/example_dags/tutorial.py
[2023-04-19T09:10:02.770+0000] {logging_mixin.py:137} INFO - [2023-04-19T09:10:02.770+0000] {dag.py:2705} INFO - Sync 1 DAGs
[2023-04-19T09:10:02.806+0000] {logging_mixin.py:137} INFO - [2023-04-19T09:10:02.806+0000] {dag.py:3456} INFO - Setting next_dagrun for tutorial to 2023-04-18T09:10:02.806415+00:00, run_after=2023-04-19T09:10:02.806415+00:00
[2023-04-19T09:10:02.842+0000] {processor.py:175} INFO - Processing /home/airflow/.local/lib/python3.7/site-packages/airflow/example_dags/tutorial.py took 0.156 seconds
[2023-04-19T09:10:33.403+0000] {processor.py:153} INFO - Started process (PID=1263) to work on /home/airflow/.local/lib/python3.7/site-packages/airflow/example_dags/tutorial.py
[2023-04-19T09:10:33.404+0000] {processor.py:743} INFO - Processing file /home/airflow/.local/lib/python3.7/site-packages/airflow/example_dags/tutorial.py for tasks to queue
[2023-04-19T09:10:33.406+0000] {logging_mixin.py:137} INFO - [2023-04-19T09:10:33.406+0000] {dagbag.py:532} INFO - Filling up the DagBag from /home/airflow/.local/lib/python3.7/site-packages/airflow/example_dags/tutorial.py
[2023-04-19T09:10:33.434+0000] {processor.py:753} INFO - DAG(s) dict_keys(['tutorial']) retrieved from /home/airflow/.local/lib/python3.7/site-packages/airflow/example_dags/tutorial.py
[2023-04-19T09:10:33.476+0000] {logging_mixin.py:137} INFO - [2023-04-19T09:10:33.476+0000] {dag.py:2705} INFO - Sync 1 DAGs
[2023-04-19T09:10:33.521+0000] {logging_mixin.py:137} INFO - [2023-04-19T09:10:33.520+0000] {dag.py:3456} INFO - Setting next_dagrun for tutorial to 2023-04-18T09:10:33.520665+00:00, run_after=2023-04-19T09:10:33.520665+00:00
[2023-04-19T09:10:33.555+0000] {processor.py:175} INFO - Processing /home/airflow/.local/lib/python3.7/site-packages/airflow/example_dags/tutorial.py took 0.157 seconds
[2023-04-19T09:11:03.640+0000] {processor.py:153} INFO - Started process (PID=1314) to work on /home/airflow/.local/lib/python3.7/site-packages/airflow/example_dags/tutorial.py
[2023-04-19T09:11:03.645+0000] {processor.py:743} INFO - Processing file /home/airflow/.local/lib/python3.7/site-packages/airflow/example_dags/tutorial.py for tasks to queue
[2023-04-19T09:11:03.647+0000] {logging_mixin.py:137} INFO - [2023-04-19T09:11:03.647+0000] {dagbag.py:532} INFO - Filling up the DagBag from /home/airflow/.local/lib/python3.7/site-packages/airflow/example_dags/tutorial.py
[2023-04-19T09:11:03.668+0000] {processor.py:753} INFO - DAG(s) dict_keys(['tutorial']) retrieved from /home/airflow/.local/lib/python3.7/site-packages/airflow/example_dags/tutorial.py
[2023-04-19T09:11:03.704+0000] {logging_mixin.py:137} INFO - [2023-04-19T09:11:03.704+0000] {dag.py:2705} INFO - Sync 1 DAGs
[2023-04-19T09:11:03.739+0000] {logging_mixin.py:137} INFO - [2023-04-19T09:11:03.739+0000] {dag.py:3456} INFO - Setting next_dagrun for tutorial to 2023-04-18T09:11:03.738783+00:00, run_after=2023-04-19T09:11:03.738783+00:00
[2023-04-19T09:11:03.764+0000] {processor.py:175} INFO - Processing /home/airflow/.local/lib/python3.7/site-packages/airflow/example_dags/tutorial.py took 0.135 seconds
[2023-04-19T09:11:34.370+0000] {processor.py:153} INFO - Started process (PID=1365) to work on /home/airflow/.local/lib/python3.7/site-packages/airflow/example_dags/tutorial.py
[2023-04-19T09:11:34.374+0000] {processor.py:743} INFO - Processing file /home/airflow/.local/lib/python3.7/site-packages/airflow/example_dags/tutorial.py for tasks to queue
[2023-04-19T09:11:34.375+0000] {logging_mixin.py:137} INFO - [2023-04-19T09:11:34.375+0000] {dagbag.py:532} INFO - Filling up the DagBag from /home/airflow/.local/lib/python3.7/site-packages/airflow/example_dags/tutorial.py
[2023-04-19T09:11:34.414+0000] {processor.py:753} INFO - DAG(s) dict_keys(['tutorial']) retrieved from /home/airflow/.local/lib/python3.7/site-packages/airflow/example_dags/tutorial.py
[2023-04-19T09:11:34.477+0000] {logging_mixin.py:137} INFO - [2023-04-19T09:11:34.477+0000] {dag.py:2705} INFO - Sync 1 DAGs
[2023-04-19T09:11:34.564+0000] {logging_mixin.py:137} INFO - [2023-04-19T09:11:34.563+0000] {dag.py:3456} INFO - Setting next_dagrun for tutorial to 2023-04-18T09:11:34.563668+00:00, run_after=2023-04-19T09:11:34.563668+00:00
[2023-04-19T09:11:34.595+0000] {processor.py:175} INFO - Processing /home/airflow/.local/lib/python3.7/site-packages/airflow/example_dags/tutorial.py took 0.230 seconds
[2023-04-19T09:12:07.460+0000] {processor.py:153} INFO - Started process (PID=1423) to work on /home/airflow/.local/lib/python3.7/site-packages/airflow/example_dags/tutorial.py
[2023-04-19T09:12:07.462+0000] {processor.py:743} INFO - Processing file /home/airflow/.local/lib/python3.7/site-packages/airflow/example_dags/tutorial.py for tasks to queue
[2023-04-19T09:12:07.464+0000] {logging_mixin.py:137} INFO - [2023-04-19T09:12:07.464+0000] {dagbag.py:532} INFO - Filling up the DagBag from /home/airflow/.local/lib/python3.7/site-packages/airflow/example_dags/tutorial.py
[2023-04-19T09:12:07.530+0000] {processor.py:753} INFO - DAG(s) dict_keys(['tutorial']) retrieved from /home/airflow/.local/lib/python3.7/site-packages/airflow/example_dags/tutorial.py
[2023-04-19T09:12:07.608+0000] {logging_mixin.py:137} INFO - [2023-04-19T09:12:07.608+0000] {dag.py:2705} INFO - Sync 1 DAGs
[2023-04-19T09:12:07.723+0000] {logging_mixin.py:137} INFO - [2023-04-19T09:12:07.722+0000] {dag.py:3456} INFO - Setting next_dagrun for tutorial to 2023-04-18T09:12:07.722457+00:00, run_after=2023-04-19T09:12:07.722457+00:00
[2023-04-19T09:12:07.796+0000] {processor.py:175} INFO - Processing /home/airflow/.local/lib/python3.7/site-packages/airflow/example_dags/tutorial.py took 0.350 seconds
[2023-04-19T09:29:45.826+0000] {processor.py:153} INFO - Started process (PID=1467) to work on /home/airflow/.local/lib/python3.7/site-packages/airflow/example_dags/tutorial.py
[2023-04-19T09:29:45.829+0000] {processor.py:743} INFO - Processing file /home/airflow/.local/lib/python3.7/site-packages/airflow/example_dags/tutorial.py for tasks to queue
[2023-04-19T09:29:45.831+0000] {logging_mixin.py:137} INFO - [2023-04-19T09:29:45.831+0000] {dagbag.py:532} INFO - Filling up the DagBag from /home/airflow/.local/lib/python3.7/site-packages/airflow/example_dags/tutorial.py
[2023-04-19T09:29:45.857+0000] {processor.py:753} INFO - DAG(s) dict_keys(['tutorial']) retrieved from /home/airflow/.local/lib/python3.7/site-packages/airflow/example_dags/tutorial.py
[2023-04-19T09:29:45.909+0000] {logging_mixin.py:137} INFO - [2023-04-19T09:29:45.909+0000] {dag.py:2705} INFO - Sync 1 DAGs
[2023-04-19T09:29:45.954+0000] {logging_mixin.py:137} INFO - [2023-04-19T09:29:45.954+0000] {dag.py:3456} INFO - Setting next_dagrun for tutorial to 2023-04-18T09:29:45.953862+00:00, run_after=2023-04-19T09:29:45.953862+00:00
[2023-04-19T09:29:45.986+0000] {processor.py:175} INFO - Processing /home/airflow/.local/lib/python3.7/site-packages/airflow/example_dags/tutorial.py took 0.166 seconds
[2023-04-19T10:01:07.733+0000] {processor.py:153} INFO - Started process (PID=1524) to work on /home/airflow/.local/lib/python3.7/site-packages/airflow/example_dags/tutorial.py
[2023-04-19T10:01:07.736+0000] {processor.py:743} INFO - Processing file /home/airflow/.local/lib/python3.7/site-packages/airflow/example_dags/tutorial.py for tasks to queue
[2023-04-19T10:01:07.738+0000] {logging_mixin.py:137} INFO - [2023-04-19T10:01:07.738+0000] {dagbag.py:532} INFO - Filling up the DagBag from /home/airflow/.local/lib/python3.7/site-packages/airflow/example_dags/tutorial.py
[2023-04-19T10:01:07.779+0000] {processor.py:753} INFO - DAG(s) dict_keys(['tutorial']) retrieved from /home/airflow/.local/lib/python3.7/site-packages/airflow/example_dags/tutorial.py
[2023-04-19T10:01:07.818+0000] {logging_mixin.py:137} INFO - [2023-04-19T10:01:07.818+0000] {dag.py:2705} INFO - Sync 1 DAGs
[2023-04-19T10:01:07.862+0000] {logging_mixin.py:137} INFO - [2023-04-19T10:01:07.861+0000] {dag.py:3456} INFO - Setting next_dagrun for tutorial to 2023-04-18T10:01:07.861678+00:00, run_after=2023-04-19T10:01:07.861678+00:00
[2023-04-19T10:01:07.890+0000] {processor.py:175} INFO - Processing /home/airflow/.local/lib/python3.7/site-packages/airflow/example_dags/tutorial.py took 0.166 seconds
[2023-04-19T10:17:01.131+0000] {processor.py:153} INFO - Started process (PID=1576) to work on /home/airflow/.local/lib/python3.7/site-packages/airflow/example_dags/tutorial.py
[2023-04-19T10:17:01.140+0000] {processor.py:743} INFO - Processing file /home/airflow/.local/lib/python3.7/site-packages/airflow/example_dags/tutorial.py for tasks to queue
[2023-04-19T10:17:01.142+0000] {logging_mixin.py:137} INFO - [2023-04-19T10:17:01.142+0000] {dagbag.py:532} INFO - Filling up the DagBag from /home/airflow/.local/lib/python3.7/site-packages/airflow/example_dags/tutorial.py
[2023-04-19T10:17:01.198+0000] {processor.py:753} INFO - DAG(s) dict_keys(['tutorial']) retrieved from /home/airflow/.local/lib/python3.7/site-packages/airflow/example_dags/tutorial.py
[2023-04-19T10:17:01.232+0000] {logging_mixin.py:137} INFO - [2023-04-19T10:17:01.232+0000] {dag.py:2705} INFO - Sync 1 DAGs
[2023-04-19T10:17:01.260+0000] {logging_mixin.py:137} INFO - [2023-04-19T10:17:01.260+0000] {dag.py:3456} INFO - Setting next_dagrun for tutorial to 2023-04-18T10:17:01.260123+00:00, run_after=2023-04-19T10:17:01.260123+00:00
[2023-04-19T10:17:01.281+0000] {processor.py:175} INFO - Processing /home/airflow/.local/lib/python3.7/site-packages/airflow/example_dags/tutorial.py took 0.154 seconds
[2023-04-19T12:32:43.694+0000] {processor.py:153} INFO - Started process (PID=1620) to work on /home/airflow/.local/lib/python3.7/site-packages/airflow/example_dags/tutorial.py
[2023-04-19T12:32:43.696+0000] {processor.py:743} INFO - Processing file /home/airflow/.local/lib/python3.7/site-packages/airflow/example_dags/tutorial.py for tasks to queue
[2023-04-19T12:32:43.699+0000] {logging_mixin.py:137} INFO - [2023-04-19T12:32:43.698+0000] {dagbag.py:532} INFO - Filling up the DagBag from /home/airflow/.local/lib/python3.7/site-packages/airflow/example_dags/tutorial.py
[2023-04-19T12:32:43.723+0000] {processor.py:753} INFO - DAG(s) dict_keys(['tutorial']) retrieved from /home/airflow/.local/lib/python3.7/site-packages/airflow/example_dags/tutorial.py
[2023-04-19T12:32:43.762+0000] {logging_mixin.py:137} INFO - [2023-04-19T12:32:43.762+0000] {dag.py:2705} INFO - Sync 1 DAGs
[2023-04-19T12:32:43.794+0000] {logging_mixin.py:137} INFO - [2023-04-19T12:32:43.793+0000] {dag.py:3456} INFO - Setting next_dagrun for tutorial to 2023-04-18T12:32:43.793593+00:00, run_after=2023-04-19T12:32:43.793593+00:00
[2023-04-19T12:32:43.823+0000] {processor.py:175} INFO - Processing /home/airflow/.local/lib/python3.7/site-packages/airflow/example_dags/tutorial.py took 0.138 seconds
[2023-04-19T12:33:17.462+0000] {processor.py:153} INFO - Started process (PID=1672) to work on /home/airflow/.local/lib/python3.7/site-packages/airflow/example_dags/tutorial.py
[2023-04-19T12:33:17.464+0000] {processor.py:743} INFO - Processing file /home/airflow/.local/lib/python3.7/site-packages/airflow/example_dags/tutorial.py for tasks to queue
[2023-04-19T12:33:17.467+0000] {logging_mixin.py:137} INFO - [2023-04-19T12:33:17.466+0000] {dagbag.py:532} INFO - Filling up the DagBag from /home/airflow/.local/lib/python3.7/site-packages/airflow/example_dags/tutorial.py
[2023-04-19T12:33:17.493+0000] {processor.py:753} INFO - DAG(s) dict_keys(['tutorial']) retrieved from /home/airflow/.local/lib/python3.7/site-packages/airflow/example_dags/tutorial.py
[2023-04-19T12:33:17.545+0000] {logging_mixin.py:137} INFO - [2023-04-19T12:33:17.545+0000] {dag.py:2705} INFO - Sync 1 DAGs
[2023-04-19T12:33:17.612+0000] {logging_mixin.py:137} INFO - [2023-04-19T12:33:17.611+0000] {dag.py:3456} INFO - Setting next_dagrun for tutorial to 2023-04-18T12:33:17.611699+00:00, run_after=2023-04-19T12:33:17.611699+00:00
[2023-04-19T12:33:17.637+0000] {processor.py:175} INFO - Processing /home/airflow/.local/lib/python3.7/site-packages/airflow/example_dags/tutorial.py took 0.184 seconds
[2023-04-19T13:31:54.250+0000] {processor.py:153} INFO - Started process (PID=1732) to work on /home/airflow/.local/lib/python3.7/site-packages/airflow/example_dags/tutorial.py
[2023-04-19T13:31:54.253+0000] {processor.py:743} INFO - Processing file /home/airflow/.local/lib/python3.7/site-packages/airflow/example_dags/tutorial.py for tasks to queue
[2023-04-19T13:31:54.255+0000] {logging_mixin.py:137} INFO - [2023-04-19T13:31:54.254+0000] {dagbag.py:532} INFO - Filling up the DagBag from /home/airflow/.local/lib/python3.7/site-packages/airflow/example_dags/tutorial.py
[2023-04-19T13:31:54.276+0000] {processor.py:753} INFO - DAG(s) dict_keys(['tutorial']) retrieved from /home/airflow/.local/lib/python3.7/site-packages/airflow/example_dags/tutorial.py
[2023-04-19T13:31:54.315+0000] {logging_mixin.py:137} INFO - [2023-04-19T13:31:54.315+0000] {dag.py:2705} INFO - Sync 1 DAGs
[2023-04-19T13:31:54.345+0000] {logging_mixin.py:137} INFO - [2023-04-19T13:31:54.345+0000] {dag.py:3456} INFO - Setting next_dagrun for tutorial to 2023-04-18T13:31:54.345122+00:00, run_after=2023-04-19T13:31:54.345122+00:00
[2023-04-19T13:31:54.373+0000] {processor.py:175} INFO - Processing /home/airflow/.local/lib/python3.7/site-packages/airflow/example_dags/tutorial.py took 0.129 seconds
[2023-04-19T14:25:40.332+0000] {processor.py:153} INFO - Started process (PID=1776) to work on /home/airflow/.local/lib/python3.7/site-packages/airflow/example_dags/tutorial.py
[2023-04-19T14:25:40.334+0000] {processor.py:743} INFO - Processing file /home/airflow/.local/lib/python3.7/site-packages/airflow/example_dags/tutorial.py for tasks to queue
[2023-04-19T14:25:40.336+0000] {logging_mixin.py:137} INFO - [2023-04-19T14:25:40.336+0000] {dagbag.py:532} INFO - Filling up the DagBag from /home/airflow/.local/lib/python3.7/site-packages/airflow/example_dags/tutorial.py
[2023-04-19T14:25:40.362+0000] {processor.py:753} INFO - DAG(s) dict_keys(['tutorial']) retrieved from /home/airflow/.local/lib/python3.7/site-packages/airflow/example_dags/tutorial.py
[2023-04-19T14:25:40.410+0000] {logging_mixin.py:137} INFO - [2023-04-19T14:25:40.409+0000] {dag.py:2705} INFO - Sync 1 DAGs
[2023-04-19T14:25:40.467+0000] {logging_mixin.py:137} INFO - [2023-04-19T14:25:40.466+0000] {dag.py:3456} INFO - Setting next_dagrun for tutorial to 2023-04-18T14:25:40.466691+00:00, run_after=2023-04-19T14:25:40.466691+00:00
[2023-04-19T14:25:40.509+0000] {processor.py:175} INFO - Processing /home/airflow/.local/lib/python3.7/site-packages/airflow/example_dags/tutorial.py took 0.186 seconds
[2023-04-19T15:20:04.781+0000] {processor.py:153} INFO - Started process (PID=1828) to work on /home/airflow/.local/lib/python3.7/site-packages/airflow/example_dags/tutorial.py
[2023-04-19T15:20:04.798+0000] {processor.py:743} INFO - Processing file /home/airflow/.local/lib/python3.7/site-packages/airflow/example_dags/tutorial.py for tasks to queue
[2023-04-19T15:20:04.799+0000] {logging_mixin.py:137} INFO - [2023-04-19T15:20:04.799+0000] {dagbag.py:532} INFO - Filling up the DagBag from /home/airflow/.local/lib/python3.7/site-packages/airflow/example_dags/tutorial.py
[2023-04-19T15:20:04.832+0000] {processor.py:753} INFO - DAG(s) dict_keys(['tutorial']) retrieved from /home/airflow/.local/lib/python3.7/site-packages/airflow/example_dags/tutorial.py
[2023-04-19T15:20:04.902+0000] {logging_mixin.py:137} INFO - [2023-04-19T15:20:04.902+0000] {dag.py:2705} INFO - Sync 1 DAGs
[2023-04-19T15:20:04.962+0000] {logging_mixin.py:137} INFO - [2023-04-19T15:20:04.962+0000] {dag.py:3456} INFO - Setting next_dagrun for tutorial to 2023-04-18T15:20:04.962233+00:00, run_after=2023-04-19T15:20:04.962233+00:00
[2023-04-19T15:20:05.017+0000] {processor.py:175} INFO - Processing /home/airflow/.local/lib/python3.7/site-packages/airflow/example_dags/tutorial.py took 0.241 seconds
[2023-04-19T17:07:29.461+0000] {processor.py:153} INFO - Started process (PID=1879) to work on /home/airflow/.local/lib/python3.7/site-packages/airflow/example_dags/tutorial.py
[2023-04-19T17:07:29.469+0000] {processor.py:743} INFO - Processing file /home/airflow/.local/lib/python3.7/site-packages/airflow/example_dags/tutorial.py for tasks to queue
[2023-04-19T17:07:29.479+0000] {logging_mixin.py:137} INFO - [2023-04-19T17:07:29.478+0000] {dagbag.py:532} INFO - Filling up the DagBag from /home/airflow/.local/lib/python3.7/site-packages/airflow/example_dags/tutorial.py
[2023-04-19T17:07:29.581+0000] {processor.py:753} INFO - DAG(s) dict_keys(['tutorial']) retrieved from /home/airflow/.local/lib/python3.7/site-packages/airflow/example_dags/tutorial.py
[2023-04-19T17:07:29.763+0000] {logging_mixin.py:137} INFO - [2023-04-19T17:07:29.762+0000] {dag.py:2705} INFO - Sync 1 DAGs
[2023-04-19T17:07:30.098+0000] {logging_mixin.py:137} INFO - [2023-04-19T17:07:30.097+0000] {dag.py:3456} INFO - Setting next_dagrun for tutorial to 2023-04-18T17:07:30.095959+00:00, run_after=2023-04-19T17:07:30.095959+00:00
[2023-04-19T17:07:30.278+0000] {processor.py:175} INFO - Processing /home/airflow/.local/lib/python3.7/site-packages/airflow/example_dags/tutorial.py took 0.841 seconds
[2023-04-19T17:37:54.888+0000] {processor.py:153} INFO - Started process (PID=1930) to work on /home/airflow/.local/lib/python3.7/site-packages/airflow/example_dags/tutorial.py
[2023-04-19T17:37:54.892+0000] {processor.py:743} INFO - Processing file /home/airflow/.local/lib/python3.7/site-packages/airflow/example_dags/tutorial.py for tasks to queue
[2023-04-19T17:37:54.897+0000] {logging_mixin.py:137} INFO - [2023-04-19T17:37:54.896+0000] {dagbag.py:532} INFO - Filling up the DagBag from /home/airflow/.local/lib/python3.7/site-packages/airflow/example_dags/tutorial.py
[2023-04-19T17:37:54.924+0000] {processor.py:753} INFO - DAG(s) dict_keys(['tutorial']) retrieved from /home/airflow/.local/lib/python3.7/site-packages/airflow/example_dags/tutorial.py
[2023-04-19T17:37:54.963+0000] {logging_mixin.py:137} INFO - [2023-04-19T17:37:54.963+0000] {dag.py:2705} INFO - Sync 1 DAGs
[2023-04-19T17:37:55.002+0000] {logging_mixin.py:137} INFO - [2023-04-19T17:37:55.002+0000] {dag.py:3456} INFO - Setting next_dagrun for tutorial to 2023-04-18T17:37:55.002009+00:00, run_after=2023-04-19T17:37:55.002009+00:00
[2023-04-19T17:37:55.031+0000] {processor.py:175} INFO - Processing /home/airflow/.local/lib/python3.7/site-packages/airflow/example_dags/tutorial.py took 0.157 seconds
[2023-04-19T19:26:07.945+0000] {processor.py:153} INFO - Started process (PID=1983) to work on /home/airflow/.local/lib/python3.7/site-packages/airflow/example_dags/tutorial.py
[2023-04-19T19:26:07.951+0000] {processor.py:743} INFO - Processing file /home/airflow/.local/lib/python3.7/site-packages/airflow/example_dags/tutorial.py for tasks to queue
[2023-04-19T19:26:07.954+0000] {logging_mixin.py:137} INFO - [2023-04-19T19:26:07.953+0000] {dagbag.py:532} INFO - Filling up the DagBag from /home/airflow/.local/lib/python3.7/site-packages/airflow/example_dags/tutorial.py
[2023-04-19T19:26:07.974+0000] {processor.py:753} INFO - DAG(s) dict_keys(['tutorial']) retrieved from /home/airflow/.local/lib/python3.7/site-packages/airflow/example_dags/tutorial.py
[2023-04-19T19:26:08.011+0000] {logging_mixin.py:137} INFO - [2023-04-19T19:26:08.011+0000] {dag.py:2705} INFO - Sync 1 DAGs
[2023-04-19T19:26:08.070+0000] {logging_mixin.py:137} INFO - [2023-04-19T19:26:08.068+0000] {dag.py:3456} INFO - Setting next_dagrun for tutorial to 2023-04-18T19:26:08.067275+00:00, run_after=2023-04-19T19:26:08.067275+00:00
[2023-04-19T19:26:08.103+0000] {processor.py:175} INFO - Processing /home/airflow/.local/lib/python3.7/site-packages/airflow/example_dags/tutorial.py took 0.162 seconds
[2023-04-19T21:13:25.755+0000] {processor.py:153} INFO - Started process (PID=2036) to work on /home/airflow/.local/lib/python3.7/site-packages/airflow/example_dags/tutorial.py
[2023-04-19T21:13:25.758+0000] {processor.py:743} INFO - Processing file /home/airflow/.local/lib/python3.7/site-packages/airflow/example_dags/tutorial.py for tasks to queue
[2023-04-19T21:13:25.763+0000] {logging_mixin.py:137} INFO - [2023-04-19T21:13:25.762+0000] {dagbag.py:532} INFO - Filling up the DagBag from /home/airflow/.local/lib/python3.7/site-packages/airflow/example_dags/tutorial.py
[2023-04-19T21:13:25.788+0000] {processor.py:753} INFO - DAG(s) dict_keys(['tutorial']) retrieved from /home/airflow/.local/lib/python3.7/site-packages/airflow/example_dags/tutorial.py
[2023-04-19T21:13:25.845+0000] {logging_mixin.py:137} INFO - [2023-04-19T21:13:25.844+0000] {dag.py:2705} INFO - Sync 1 DAGs
[2023-04-19T21:13:25.931+0000] {logging_mixin.py:137} INFO - [2023-04-19T21:13:25.929+0000] {dag.py:3456} INFO - Setting next_dagrun for tutorial to 2023-04-18T21:13:25.929667+00:00, run_after=2023-04-19T21:13:25.929667+00:00
[2023-04-19T21:13:25.975+0000] {processor.py:175} INFO - Processing /home/airflow/.local/lib/python3.7/site-packages/airflow/example_dags/tutorial.py took 0.230 seconds
