[2023-04-19T08:57:50.994+0000] {processor.py:153} INFO - Started process (PID=38) to work on /home/airflow/.local/lib/python3.7/site-packages/airflow/example_dags/tutorial_dag.py
[2023-04-19T08:57:50.999+0000] {processor.py:743} INFO - Processing file /home/airflow/.local/lib/python3.7/site-packages/airflow/example_dags/tutorial_dag.py for tasks to queue
[2023-04-19T08:57:51.002+0000] {logging_mixin.py:137} INFO - [2023-04-19T08:57:51.001+0000] {dagbag.py:532} INFO - Filling up the DagBag from /home/airflow/.local/lib/python3.7/site-packages/airflow/example_dags/tutorial_dag.py
[2023-04-19T08:57:51.166+0000] {processor.py:753} INFO - DAG(s) dict_keys(['tutorial_dag']) retrieved from /home/airflow/.local/lib/python3.7/site-packages/airflow/example_dags/tutorial_dag.py
[2023-04-19T08:57:51.386+0000] {logging_mixin.py:137} INFO - [2023-04-19T08:57:51.386+0000] {dag.py:2705} INFO - Sync 1 DAGs
[2023-04-19T08:57:51.551+0000] {logging_mixin.py:137} INFO - [2023-04-19T08:57:51.551+0000] {dag.py:3456} INFO - Setting next_dagrun for tutorial_dag to None, run_after=None
[2023-04-19T08:57:51.628+0000] {processor.py:175} INFO - Processing /home/airflow/.local/lib/python3.7/site-packages/airflow/example_dags/tutorial_dag.py took 0.652 seconds
[2023-04-19T08:58:21.993+0000] {processor.py:153} INFO - Started process (PID=88) to work on /home/airflow/.local/lib/python3.7/site-packages/airflow/example_dags/tutorial_dag.py
[2023-04-19T08:58:22.000+0000] {processor.py:743} INFO - Processing file /home/airflow/.local/lib/python3.7/site-packages/airflow/example_dags/tutorial_dag.py for tasks to queue
[2023-04-19T08:58:22.006+0000] {logging_mixin.py:137} INFO - [2023-04-19T08:58:22.005+0000] {dagbag.py:532} INFO - Filling up the DagBag from /home/airflow/.local/lib/python3.7/site-packages/airflow/example_dags/tutorial_dag.py
[2023-04-19T08:58:22.043+0000] {processor.py:753} INFO - DAG(s) dict_keys(['tutorial_dag']) retrieved from /home/airflow/.local/lib/python3.7/site-packages/airflow/example_dags/tutorial_dag.py
[2023-04-19T08:58:22.074+0000] {logging_mixin.py:137} INFO - [2023-04-19T08:58:22.074+0000] {dag.py:2705} INFO - Sync 1 DAGs
[2023-04-19T08:58:22.130+0000] {logging_mixin.py:137} INFO - [2023-04-19T08:58:22.130+0000] {dag.py:3456} INFO - Setting next_dagrun for tutorial_dag to None, run_after=None
[2023-04-19T08:58:22.158+0000] {processor.py:175} INFO - Processing /home/airflow/.local/lib/python3.7/site-packages/airflow/example_dags/tutorial_dag.py took 0.216 seconds
[2023-04-19T08:58:52.392+0000] {processor.py:153} INFO - Started process (PID=141) to work on /home/airflow/.local/lib/python3.7/site-packages/airflow/example_dags/tutorial_dag.py
[2023-04-19T08:58:52.394+0000] {processor.py:743} INFO - Processing file /home/airflow/.local/lib/python3.7/site-packages/airflow/example_dags/tutorial_dag.py for tasks to queue
[2023-04-19T08:58:52.396+0000] {logging_mixin.py:137} INFO - [2023-04-19T08:58:52.396+0000] {dagbag.py:532} INFO - Filling up the DagBag from /home/airflow/.local/lib/python3.7/site-packages/airflow/example_dags/tutorial_dag.py
[2023-04-19T08:58:52.417+0000] {processor.py:753} INFO - DAG(s) dict_keys(['tutorial_dag']) retrieved from /home/airflow/.local/lib/python3.7/site-packages/airflow/example_dags/tutorial_dag.py
[2023-04-19T08:58:52.464+0000] {logging_mixin.py:137} INFO - [2023-04-19T08:58:52.463+0000] {dag.py:2705} INFO - Sync 1 DAGs
[2023-04-19T08:58:52.505+0000] {logging_mixin.py:137} INFO - [2023-04-19T08:58:52.505+0000] {dag.py:3456} INFO - Setting next_dagrun for tutorial_dag to None, run_after=None
[2023-04-19T08:58:52.546+0000] {processor.py:175} INFO - Processing /home/airflow/.local/lib/python3.7/site-packages/airflow/example_dags/tutorial_dag.py took 0.159 seconds
[2023-04-19T08:59:22.652+0000] {processor.py:153} INFO - Started process (PID=191) to work on /home/airflow/.local/lib/python3.7/site-packages/airflow/example_dags/tutorial_dag.py
[2023-04-19T08:59:22.654+0000] {processor.py:743} INFO - Processing file /home/airflow/.local/lib/python3.7/site-packages/airflow/example_dags/tutorial_dag.py for tasks to queue
[2023-04-19T08:59:22.656+0000] {logging_mixin.py:137} INFO - [2023-04-19T08:59:22.656+0000] {dagbag.py:532} INFO - Filling up the DagBag from /home/airflow/.local/lib/python3.7/site-packages/airflow/example_dags/tutorial_dag.py
[2023-04-19T08:59:22.676+0000] {processor.py:753} INFO - DAG(s) dict_keys(['tutorial_dag']) retrieved from /home/airflow/.local/lib/python3.7/site-packages/airflow/example_dags/tutorial_dag.py
[2023-04-19T08:59:22.717+0000] {logging_mixin.py:137} INFO - [2023-04-19T08:59:22.717+0000] {dag.py:2705} INFO - Sync 1 DAGs
[2023-04-19T08:59:22.751+0000] {logging_mixin.py:137} INFO - [2023-04-19T08:59:22.751+0000] {dag.py:3456} INFO - Setting next_dagrun for tutorial_dag to None, run_after=None
[2023-04-19T08:59:22.788+0000] {processor.py:175} INFO - Processing /home/airflow/.local/lib/python3.7/site-packages/airflow/example_dags/tutorial_dag.py took 0.146 seconds
[2023-04-19T08:59:53.388+0000] {processor.py:153} INFO - Started process (PID=243) to work on /home/airflow/.local/lib/python3.7/site-packages/airflow/example_dags/tutorial_dag.py
[2023-04-19T08:59:53.394+0000] {processor.py:743} INFO - Processing file /home/airflow/.local/lib/python3.7/site-packages/airflow/example_dags/tutorial_dag.py for tasks to queue
[2023-04-19T08:59:53.399+0000] {logging_mixin.py:137} INFO - [2023-04-19T08:59:53.398+0000] {dagbag.py:532} INFO - Filling up the DagBag from /home/airflow/.local/lib/python3.7/site-packages/airflow/example_dags/tutorial_dag.py
[2023-04-19T08:59:53.466+0000] {processor.py:753} INFO - DAG(s) dict_keys(['tutorial_dag']) retrieved from /home/airflow/.local/lib/python3.7/site-packages/airflow/example_dags/tutorial_dag.py
[2023-04-19T08:59:53.527+0000] {logging_mixin.py:137} INFO - [2023-04-19T08:59:53.527+0000] {dag.py:2705} INFO - Sync 1 DAGs
[2023-04-19T08:59:53.581+0000] {logging_mixin.py:137} INFO - [2023-04-19T08:59:53.581+0000] {dag.py:3456} INFO - Setting next_dagrun for tutorial_dag to None, run_after=None
[2023-04-19T08:59:53.632+0000] {processor.py:175} INFO - Processing /home/airflow/.local/lib/python3.7/site-packages/airflow/example_dags/tutorial_dag.py took 0.256 seconds
[2023-04-19T09:00:24.054+0000] {processor.py:153} INFO - Started process (PID=296) to work on /home/airflow/.local/lib/python3.7/site-packages/airflow/example_dags/tutorial_dag.py
[2023-04-19T09:00:24.056+0000] {processor.py:743} INFO - Processing file /home/airflow/.local/lib/python3.7/site-packages/airflow/example_dags/tutorial_dag.py for tasks to queue
[2023-04-19T09:00:24.060+0000] {logging_mixin.py:137} INFO - [2023-04-19T09:00:24.059+0000] {dagbag.py:532} INFO - Filling up the DagBag from /home/airflow/.local/lib/python3.7/site-packages/airflow/example_dags/tutorial_dag.py
[2023-04-19T09:00:24.104+0000] {processor.py:753} INFO - DAG(s) dict_keys(['tutorial_dag']) retrieved from /home/airflow/.local/lib/python3.7/site-packages/airflow/example_dags/tutorial_dag.py
[2023-04-19T09:00:24.153+0000] {logging_mixin.py:137} INFO - [2023-04-19T09:00:24.153+0000] {dag.py:2705} INFO - Sync 1 DAGs
[2023-04-19T09:00:24.223+0000] {logging_mixin.py:137} INFO - [2023-04-19T09:00:24.223+0000] {dag.py:3456} INFO - Setting next_dagrun for tutorial_dag to None, run_after=None
[2023-04-19T09:00:24.250+0000] {processor.py:175} INFO - Processing /home/airflow/.local/lib/python3.7/site-packages/airflow/example_dags/tutorial_dag.py took 0.205 seconds
[2023-04-19T09:00:54.896+0000] {processor.py:153} INFO - Started process (PID=347) to work on /home/airflow/.local/lib/python3.7/site-packages/airflow/example_dags/tutorial_dag.py
[2023-04-19T09:00:54.903+0000] {processor.py:743} INFO - Processing file /home/airflow/.local/lib/python3.7/site-packages/airflow/example_dags/tutorial_dag.py for tasks to queue
[2023-04-19T09:00:54.909+0000] {logging_mixin.py:137} INFO - [2023-04-19T09:00:54.909+0000] {dagbag.py:532} INFO - Filling up the DagBag from /home/airflow/.local/lib/python3.7/site-packages/airflow/example_dags/tutorial_dag.py
[2023-04-19T09:00:54.948+0000] {processor.py:753} INFO - DAG(s) dict_keys(['tutorial_dag']) retrieved from /home/airflow/.local/lib/python3.7/site-packages/airflow/example_dags/tutorial_dag.py
[2023-04-19T09:00:55.024+0000] {logging_mixin.py:137} INFO - [2023-04-19T09:00:55.024+0000] {dag.py:2705} INFO - Sync 1 DAGs
[2023-04-19T09:00:55.086+0000] {logging_mixin.py:137} INFO - [2023-04-19T09:00:55.086+0000] {dag.py:3456} INFO - Setting next_dagrun for tutorial_dag to None, run_after=None
[2023-04-19T09:00:55.129+0000] {processor.py:175} INFO - Processing /home/airflow/.local/lib/python3.7/site-packages/airflow/example_dags/tutorial_dag.py took 0.240 seconds
[2023-04-19T09:01:25.450+0000] {processor.py:153} INFO - Started process (PID=400) to work on /home/airflow/.local/lib/python3.7/site-packages/airflow/example_dags/tutorial_dag.py
[2023-04-19T09:01:25.453+0000] {processor.py:743} INFO - Processing file /home/airflow/.local/lib/python3.7/site-packages/airflow/example_dags/tutorial_dag.py for tasks to queue
[2023-04-19T09:01:25.457+0000] {logging_mixin.py:137} INFO - [2023-04-19T09:01:25.456+0000] {dagbag.py:532} INFO - Filling up the DagBag from /home/airflow/.local/lib/python3.7/site-packages/airflow/example_dags/tutorial_dag.py
[2023-04-19T09:01:25.480+0000] {processor.py:753} INFO - DAG(s) dict_keys(['tutorial_dag']) retrieved from /home/airflow/.local/lib/python3.7/site-packages/airflow/example_dags/tutorial_dag.py
[2023-04-19T09:01:25.531+0000] {logging_mixin.py:137} INFO - [2023-04-19T09:01:25.531+0000] {dag.py:2705} INFO - Sync 1 DAGs
[2023-04-19T09:01:25.573+0000] {logging_mixin.py:137} INFO - [2023-04-19T09:01:25.573+0000] {dag.py:3456} INFO - Setting next_dagrun for tutorial_dag to None, run_after=None
[2023-04-19T09:01:25.598+0000] {processor.py:175} INFO - Processing /home/airflow/.local/lib/python3.7/site-packages/airflow/example_dags/tutorial_dag.py took 0.157 seconds
[2023-04-19T09:01:55.759+0000] {processor.py:153} INFO - Started process (PID=455) to work on /home/airflow/.local/lib/python3.7/site-packages/airflow/example_dags/tutorial_dag.py
[2023-04-19T09:01:55.763+0000] {processor.py:743} INFO - Processing file /home/airflow/.local/lib/python3.7/site-packages/airflow/example_dags/tutorial_dag.py for tasks to queue
[2023-04-19T09:01:55.766+0000] {logging_mixin.py:137} INFO - [2023-04-19T09:01:55.765+0000] {dagbag.py:532} INFO - Filling up the DagBag from /home/airflow/.local/lib/python3.7/site-packages/airflow/example_dags/tutorial_dag.py
[2023-04-19T09:01:55.795+0000] {processor.py:753} INFO - DAG(s) dict_keys(['tutorial_dag']) retrieved from /home/airflow/.local/lib/python3.7/site-packages/airflow/example_dags/tutorial_dag.py
[2023-04-19T09:01:55.834+0000] {logging_mixin.py:137} INFO - [2023-04-19T09:01:55.834+0000] {dag.py:2705} INFO - Sync 1 DAGs
[2023-04-19T09:01:55.871+0000] {logging_mixin.py:137} INFO - [2023-04-19T09:01:55.871+0000] {dag.py:3456} INFO - Setting next_dagrun for tutorial_dag to None, run_after=None
[2023-04-19T09:01:55.898+0000] {processor.py:175} INFO - Processing /home/airflow/.local/lib/python3.7/site-packages/airflow/example_dags/tutorial_dag.py took 0.152 seconds
[2023-04-19T09:02:25.967+0000] {processor.py:153} INFO - Started process (PID=506) to work on /home/airflow/.local/lib/python3.7/site-packages/airflow/example_dags/tutorial_dag.py
[2023-04-19T09:02:25.971+0000] {processor.py:743} INFO - Processing file /home/airflow/.local/lib/python3.7/site-packages/airflow/example_dags/tutorial_dag.py for tasks to queue
[2023-04-19T09:02:25.974+0000] {logging_mixin.py:137} INFO - [2023-04-19T09:02:25.974+0000] {dagbag.py:532} INFO - Filling up the DagBag from /home/airflow/.local/lib/python3.7/site-packages/airflow/example_dags/tutorial_dag.py
[2023-04-19T09:02:26.000+0000] {processor.py:753} INFO - DAG(s) dict_keys(['tutorial_dag']) retrieved from /home/airflow/.local/lib/python3.7/site-packages/airflow/example_dags/tutorial_dag.py
[2023-04-19T09:02:26.045+0000] {logging_mixin.py:137} INFO - [2023-04-19T09:02:26.044+0000] {dag.py:2705} INFO - Sync 1 DAGs
[2023-04-19T09:02:26.091+0000] {logging_mixin.py:137} INFO - [2023-04-19T09:02:26.091+0000] {dag.py:3456} INFO - Setting next_dagrun for tutorial_dag to None, run_after=None
[2023-04-19T09:02:26.126+0000] {processor.py:175} INFO - Processing /home/airflow/.local/lib/python3.7/site-packages/airflow/example_dags/tutorial_dag.py took 0.168 seconds
[2023-04-19T09:02:56.428+0000] {processor.py:153} INFO - Started process (PID=558) to work on /home/airflow/.local/lib/python3.7/site-packages/airflow/example_dags/tutorial_dag.py
[2023-04-19T09:02:56.430+0000] {processor.py:743} INFO - Processing file /home/airflow/.local/lib/python3.7/site-packages/airflow/example_dags/tutorial_dag.py for tasks to queue
[2023-04-19T09:02:56.432+0000] {logging_mixin.py:137} INFO - [2023-04-19T09:02:56.431+0000] {dagbag.py:532} INFO - Filling up the DagBag from /home/airflow/.local/lib/python3.7/site-packages/airflow/example_dags/tutorial_dag.py
[2023-04-19T09:02:56.454+0000] {processor.py:753} INFO - DAG(s) dict_keys(['tutorial_dag']) retrieved from /home/airflow/.local/lib/python3.7/site-packages/airflow/example_dags/tutorial_dag.py
[2023-04-19T09:02:56.513+0000] {logging_mixin.py:137} INFO - [2023-04-19T09:02:56.513+0000] {dag.py:2705} INFO - Sync 1 DAGs
[2023-04-19T09:02:56.568+0000] {logging_mixin.py:137} INFO - [2023-04-19T09:02:56.567+0000] {dag.py:3456} INFO - Setting next_dagrun for tutorial_dag to None, run_after=None
[2023-04-19T09:02:56.606+0000] {processor.py:175} INFO - Processing /home/airflow/.local/lib/python3.7/site-packages/airflow/example_dags/tutorial_dag.py took 0.184 seconds
[2023-04-19T09:03:26.707+0000] {processor.py:153} INFO - Started process (PID=612) to work on /home/airflow/.local/lib/python3.7/site-packages/airflow/example_dags/tutorial_dag.py
[2023-04-19T09:03:26.709+0000] {processor.py:743} INFO - Processing file /home/airflow/.local/lib/python3.7/site-packages/airflow/example_dags/tutorial_dag.py for tasks to queue
[2023-04-19T09:03:26.711+0000] {logging_mixin.py:137} INFO - [2023-04-19T09:03:26.710+0000] {dagbag.py:532} INFO - Filling up the DagBag from /home/airflow/.local/lib/python3.7/site-packages/airflow/example_dags/tutorial_dag.py
[2023-04-19T09:03:26.729+0000] {processor.py:753} INFO - DAG(s) dict_keys(['tutorial_dag']) retrieved from /home/airflow/.local/lib/python3.7/site-packages/airflow/example_dags/tutorial_dag.py
[2023-04-19T09:03:26.774+0000] {logging_mixin.py:137} INFO - [2023-04-19T09:03:26.774+0000] {dag.py:2705} INFO - Sync 1 DAGs
[2023-04-19T09:03:26.839+0000] {logging_mixin.py:137} INFO - [2023-04-19T09:03:26.839+0000] {dag.py:3456} INFO - Setting next_dagrun for tutorial_dag to None, run_after=None
[2023-04-19T09:03:26.882+0000] {processor.py:175} INFO - Processing /home/airflow/.local/lib/python3.7/site-packages/airflow/example_dags/tutorial_dag.py took 0.181 seconds
[2023-04-19T09:03:57.184+0000] {processor.py:153} INFO - Started process (PID=665) to work on /home/airflow/.local/lib/python3.7/site-packages/airflow/example_dags/tutorial_dag.py
[2023-04-19T09:03:57.186+0000] {processor.py:743} INFO - Processing file /home/airflow/.local/lib/python3.7/site-packages/airflow/example_dags/tutorial_dag.py for tasks to queue
[2023-04-19T09:03:57.188+0000] {logging_mixin.py:137} INFO - [2023-04-19T09:03:57.188+0000] {dagbag.py:532} INFO - Filling up the DagBag from /home/airflow/.local/lib/python3.7/site-packages/airflow/example_dags/tutorial_dag.py
[2023-04-19T09:03:57.211+0000] {processor.py:753} INFO - DAG(s) dict_keys(['tutorial_dag']) retrieved from /home/airflow/.local/lib/python3.7/site-packages/airflow/example_dags/tutorial_dag.py
[2023-04-19T09:03:57.280+0000] {logging_mixin.py:137} INFO - [2023-04-19T09:03:57.280+0000] {dag.py:2705} INFO - Sync 1 DAGs
[2023-04-19T09:03:57.366+0000] {logging_mixin.py:137} INFO - [2023-04-19T09:03:57.366+0000] {dag.py:3456} INFO - Setting next_dagrun for tutorial_dag to None, run_after=None
[2023-04-19T09:03:57.414+0000] {processor.py:175} INFO - Processing /home/airflow/.local/lib/python3.7/site-packages/airflow/example_dags/tutorial_dag.py took 0.236 seconds
[2023-04-19T09:04:27.697+0000] {processor.py:153} INFO - Started process (PID=715) to work on /home/airflow/.local/lib/python3.7/site-packages/airflow/example_dags/tutorial_dag.py
[2023-04-19T09:04:27.700+0000] {processor.py:743} INFO - Processing file /home/airflow/.local/lib/python3.7/site-packages/airflow/example_dags/tutorial_dag.py for tasks to queue
[2023-04-19T09:04:27.701+0000] {logging_mixin.py:137} INFO - [2023-04-19T09:04:27.701+0000] {dagbag.py:532} INFO - Filling up the DagBag from /home/airflow/.local/lib/python3.7/site-packages/airflow/example_dags/tutorial_dag.py
[2023-04-19T09:04:27.720+0000] {processor.py:753} INFO - DAG(s) dict_keys(['tutorial_dag']) retrieved from /home/airflow/.local/lib/python3.7/site-packages/airflow/example_dags/tutorial_dag.py
[2023-04-19T09:04:27.770+0000] {logging_mixin.py:137} INFO - [2023-04-19T09:04:27.770+0000] {dag.py:2705} INFO - Sync 1 DAGs
[2023-04-19T09:04:27.847+0000] {logging_mixin.py:137} INFO - [2023-04-19T09:04:27.846+0000] {dag.py:3456} INFO - Setting next_dagrun for tutorial_dag to None, run_after=None
[2023-04-19T09:04:27.882+0000] {processor.py:175} INFO - Processing /home/airflow/.local/lib/python3.7/site-packages/airflow/example_dags/tutorial_dag.py took 0.190 seconds
[2023-04-19T09:04:58.017+0000] {processor.py:153} INFO - Started process (PID=769) to work on /home/airflow/.local/lib/python3.7/site-packages/airflow/example_dags/tutorial_dag.py
[2023-04-19T09:04:58.021+0000] {processor.py:743} INFO - Processing file /home/airflow/.local/lib/python3.7/site-packages/airflow/example_dags/tutorial_dag.py for tasks to queue
[2023-04-19T09:04:58.024+0000] {logging_mixin.py:137} INFO - [2023-04-19T09:04:58.023+0000] {dagbag.py:532} INFO - Filling up the DagBag from /home/airflow/.local/lib/python3.7/site-packages/airflow/example_dags/tutorial_dag.py
[2023-04-19T09:04:58.062+0000] {processor.py:753} INFO - DAG(s) dict_keys(['tutorial_dag']) retrieved from /home/airflow/.local/lib/python3.7/site-packages/airflow/example_dags/tutorial_dag.py
[2023-04-19T09:04:58.118+0000] {logging_mixin.py:137} INFO - [2023-04-19T09:04:58.118+0000] {dag.py:2705} INFO - Sync 1 DAGs
[2023-04-19T09:04:58.156+0000] {logging_mixin.py:137} INFO - [2023-04-19T09:04:58.156+0000] {dag.py:3456} INFO - Setting next_dagrun for tutorial_dag to None, run_after=None
[2023-04-19T09:04:58.190+0000] {processor.py:175} INFO - Processing /home/airflow/.local/lib/python3.7/site-packages/airflow/example_dags/tutorial_dag.py took 0.189 seconds
[2023-04-19T09:05:28.429+0000] {processor.py:153} INFO - Started process (PID=821) to work on /home/airflow/.local/lib/python3.7/site-packages/airflow/example_dags/tutorial_dag.py
[2023-04-19T09:05:28.432+0000] {processor.py:743} INFO - Processing file /home/airflow/.local/lib/python3.7/site-packages/airflow/example_dags/tutorial_dag.py for tasks to queue
[2023-04-19T09:05:28.440+0000] {logging_mixin.py:137} INFO - [2023-04-19T09:05:28.439+0000] {dagbag.py:532} INFO - Filling up the DagBag from /home/airflow/.local/lib/python3.7/site-packages/airflow/example_dags/tutorial_dag.py
[2023-04-19T09:05:28.465+0000] {processor.py:753} INFO - DAG(s) dict_keys(['tutorial_dag']) retrieved from /home/airflow/.local/lib/python3.7/site-packages/airflow/example_dags/tutorial_dag.py
[2023-04-19T09:05:28.509+0000] {logging_mixin.py:137} INFO - [2023-04-19T09:05:28.509+0000] {dag.py:2705} INFO - Sync 1 DAGs
[2023-04-19T09:05:28.542+0000] {logging_mixin.py:137} INFO - [2023-04-19T09:05:28.542+0000] {dag.py:3456} INFO - Setting next_dagrun for tutorial_dag to None, run_after=None
[2023-04-19T09:05:28.566+0000] {processor.py:175} INFO - Processing /home/airflow/.local/lib/python3.7/site-packages/airflow/example_dags/tutorial_dag.py took 0.146 seconds
[2023-04-19T09:05:58.699+0000] {processor.py:153} INFO - Started process (PID=873) to work on /home/airflow/.local/lib/python3.7/site-packages/airflow/example_dags/tutorial_dag.py
[2023-04-19T09:05:58.703+0000] {processor.py:743} INFO - Processing file /home/airflow/.local/lib/python3.7/site-packages/airflow/example_dags/tutorial_dag.py for tasks to queue
[2023-04-19T09:05:58.713+0000] {logging_mixin.py:137} INFO - [2023-04-19T09:05:58.713+0000] {dagbag.py:532} INFO - Filling up the DagBag from /home/airflow/.local/lib/python3.7/site-packages/airflow/example_dags/tutorial_dag.py
[2023-04-19T09:05:58.754+0000] {processor.py:753} INFO - DAG(s) dict_keys(['tutorial_dag']) retrieved from /home/airflow/.local/lib/python3.7/site-packages/airflow/example_dags/tutorial_dag.py
[2023-04-19T09:05:58.804+0000] {logging_mixin.py:137} INFO - [2023-04-19T09:05:58.803+0000] {dag.py:2705} INFO - Sync 1 DAGs
[2023-04-19T09:05:58.844+0000] {logging_mixin.py:137} INFO - [2023-04-19T09:05:58.844+0000] {dag.py:3456} INFO - Setting next_dagrun for tutorial_dag to None, run_after=None
[2023-04-19T09:05:58.919+0000] {processor.py:175} INFO - Processing /home/airflow/.local/lib/python3.7/site-packages/airflow/example_dags/tutorial_dag.py took 0.224 seconds
[2023-04-19T09:06:29.386+0000] {processor.py:153} INFO - Started process (PID=925) to work on /home/airflow/.local/lib/python3.7/site-packages/airflow/example_dags/tutorial_dag.py
[2023-04-19T09:06:29.389+0000] {processor.py:743} INFO - Processing file /home/airflow/.local/lib/python3.7/site-packages/airflow/example_dags/tutorial_dag.py for tasks to queue
[2023-04-19T09:06:29.392+0000] {logging_mixin.py:137} INFO - [2023-04-19T09:06:29.391+0000] {dagbag.py:532} INFO - Filling up the DagBag from /home/airflow/.local/lib/python3.7/site-packages/airflow/example_dags/tutorial_dag.py
[2023-04-19T09:06:29.424+0000] {processor.py:753} INFO - DAG(s) dict_keys(['tutorial_dag']) retrieved from /home/airflow/.local/lib/python3.7/site-packages/airflow/example_dags/tutorial_dag.py
[2023-04-19T09:06:29.474+0000] {logging_mixin.py:137} INFO - [2023-04-19T09:06:29.473+0000] {dag.py:2705} INFO - Sync 1 DAGs
[2023-04-19T09:06:29.524+0000] {logging_mixin.py:137} INFO - [2023-04-19T09:06:29.524+0000] {dag.py:3456} INFO - Setting next_dagrun for tutorial_dag to None, run_after=None
[2023-04-19T09:06:29.563+0000] {processor.py:175} INFO - Processing /home/airflow/.local/lib/python3.7/site-packages/airflow/example_dags/tutorial_dag.py took 0.188 seconds
[2023-04-19T09:06:59.936+0000] {processor.py:153} INFO - Started process (PID=977) to work on /home/airflow/.local/lib/python3.7/site-packages/airflow/example_dags/tutorial_dag.py
[2023-04-19T09:06:59.949+0000] {processor.py:743} INFO - Processing file /home/airflow/.local/lib/python3.7/site-packages/airflow/example_dags/tutorial_dag.py for tasks to queue
[2023-04-19T09:06:59.954+0000] {logging_mixin.py:137} INFO - [2023-04-19T09:06:59.953+0000] {dagbag.py:532} INFO - Filling up the DagBag from /home/airflow/.local/lib/python3.7/site-packages/airflow/example_dags/tutorial_dag.py
[2023-04-19T09:06:59.992+0000] {processor.py:753} INFO - DAG(s) dict_keys(['tutorial_dag']) retrieved from /home/airflow/.local/lib/python3.7/site-packages/airflow/example_dags/tutorial_dag.py
[2023-04-19T09:07:00.035+0000] {logging_mixin.py:137} INFO - [2023-04-19T09:07:00.035+0000] {dag.py:2705} INFO - Sync 1 DAGs
[2023-04-19T09:07:00.076+0000] {logging_mixin.py:137} INFO - [2023-04-19T09:07:00.076+0000] {dag.py:3456} INFO - Setting next_dagrun for tutorial_dag to None, run_after=None
[2023-04-19T09:07:00.105+0000] {processor.py:175} INFO - Processing /home/airflow/.local/lib/python3.7/site-packages/airflow/example_dags/tutorial_dag.py took 0.174 seconds
[2023-04-19T09:07:30.262+0000] {processor.py:153} INFO - Started process (PID=1029) to work on /home/airflow/.local/lib/python3.7/site-packages/airflow/example_dags/tutorial_dag.py
[2023-04-19T09:07:30.265+0000] {processor.py:743} INFO - Processing file /home/airflow/.local/lib/python3.7/site-packages/airflow/example_dags/tutorial_dag.py for tasks to queue
[2023-04-19T09:07:30.267+0000] {logging_mixin.py:137} INFO - [2023-04-19T09:07:30.267+0000] {dagbag.py:532} INFO - Filling up the DagBag from /home/airflow/.local/lib/python3.7/site-packages/airflow/example_dags/tutorial_dag.py
[2023-04-19T09:07:30.289+0000] {processor.py:753} INFO - DAG(s) dict_keys(['tutorial_dag']) retrieved from /home/airflow/.local/lib/python3.7/site-packages/airflow/example_dags/tutorial_dag.py
[2023-04-19T09:07:30.335+0000] {logging_mixin.py:137} INFO - [2023-04-19T09:07:30.334+0000] {dag.py:2705} INFO - Sync 1 DAGs
[2023-04-19T09:07:30.394+0000] {logging_mixin.py:137} INFO - [2023-04-19T09:07:30.394+0000] {dag.py:3456} INFO - Setting next_dagrun for tutorial_dag to None, run_after=None
[2023-04-19T09:07:30.436+0000] {processor.py:175} INFO - Processing /home/airflow/.local/lib/python3.7/site-packages/airflow/example_dags/tutorial_dag.py took 0.184 seconds
[2023-04-19T09:08:01.073+0000] {processor.py:153} INFO - Started process (PID=1081) to work on /home/airflow/.local/lib/python3.7/site-packages/airflow/example_dags/tutorial_dag.py
[2023-04-19T09:08:01.075+0000] {processor.py:743} INFO - Processing file /home/airflow/.local/lib/python3.7/site-packages/airflow/example_dags/tutorial_dag.py for tasks to queue
[2023-04-19T09:08:01.076+0000] {logging_mixin.py:137} INFO - [2023-04-19T09:08:01.076+0000] {dagbag.py:532} INFO - Filling up the DagBag from /home/airflow/.local/lib/python3.7/site-packages/airflow/example_dags/tutorial_dag.py
[2023-04-19T09:08:01.094+0000] {processor.py:753} INFO - DAG(s) dict_keys(['tutorial_dag']) retrieved from /home/airflow/.local/lib/python3.7/site-packages/airflow/example_dags/tutorial_dag.py
[2023-04-19T09:08:01.135+0000] {logging_mixin.py:137} INFO - [2023-04-19T09:08:01.135+0000] {dag.py:2705} INFO - Sync 1 DAGs
[2023-04-19T09:08:01.180+0000] {logging_mixin.py:137} INFO - [2023-04-19T09:08:01.180+0000] {dag.py:3456} INFO - Setting next_dagrun for tutorial_dag to None, run_after=None
[2023-04-19T09:08:01.216+0000] {processor.py:175} INFO - Processing /home/airflow/.local/lib/python3.7/site-packages/airflow/example_dags/tutorial_dag.py took 0.148 seconds
[2023-04-19T09:09:25.696+0000] {processor.py:153} INFO - Started process (PID=1131) to work on /home/airflow/.local/lib/python3.7/site-packages/airflow/example_dags/tutorial_dag.py
[2023-04-19T09:09:25.701+0000] {processor.py:743} INFO - Processing file /home/airflow/.local/lib/python3.7/site-packages/airflow/example_dags/tutorial_dag.py for tasks to queue
[2023-04-19T09:09:25.709+0000] {logging_mixin.py:137} INFO - [2023-04-19T09:09:25.707+0000] {dagbag.py:532} INFO - Filling up the DagBag from /home/airflow/.local/lib/python3.7/site-packages/airflow/example_dags/tutorial_dag.py
[2023-04-19T09:09:25.745+0000] {processor.py:753} INFO - DAG(s) dict_keys(['tutorial_dag']) retrieved from /home/airflow/.local/lib/python3.7/site-packages/airflow/example_dags/tutorial_dag.py
[2023-04-19T09:09:25.818+0000] {logging_mixin.py:137} INFO - [2023-04-19T09:09:25.818+0000] {dag.py:2705} INFO - Sync 1 DAGs
[2023-04-19T09:09:25.864+0000] {logging_mixin.py:137} INFO - [2023-04-19T09:09:25.864+0000] {dag.py:3456} INFO - Setting next_dagrun for tutorial_dag to None, run_after=None
[2023-04-19T09:09:25.909+0000] {processor.py:175} INFO - Processing /home/airflow/.local/lib/python3.7/site-packages/airflow/example_dags/tutorial_dag.py took 0.223 seconds
[2023-04-19T09:09:56.033+0000] {processor.py:153} INFO - Started process (PID=1184) to work on /home/airflow/.local/lib/python3.7/site-packages/airflow/example_dags/tutorial_dag.py
[2023-04-19T09:09:56.036+0000] {processor.py:743} INFO - Processing file /home/airflow/.local/lib/python3.7/site-packages/airflow/example_dags/tutorial_dag.py for tasks to queue
[2023-04-19T09:09:56.038+0000] {logging_mixin.py:137} INFO - [2023-04-19T09:09:56.038+0000] {dagbag.py:532} INFO - Filling up the DagBag from /home/airflow/.local/lib/python3.7/site-packages/airflow/example_dags/tutorial_dag.py
[2023-04-19T09:09:56.083+0000] {processor.py:753} INFO - DAG(s) dict_keys(['tutorial_dag']) retrieved from /home/airflow/.local/lib/python3.7/site-packages/airflow/example_dags/tutorial_dag.py
[2023-04-19T09:09:56.133+0000] {logging_mixin.py:137} INFO - [2023-04-19T09:09:56.132+0000] {dag.py:2705} INFO - Sync 1 DAGs
[2023-04-19T09:09:56.172+0000] {logging_mixin.py:137} INFO - [2023-04-19T09:09:56.172+0000] {dag.py:3456} INFO - Setting next_dagrun for tutorial_dag to None, run_after=None
[2023-04-19T09:09:56.209+0000] {processor.py:175} INFO - Processing /home/airflow/.local/lib/python3.7/site-packages/airflow/example_dags/tutorial_dag.py took 0.186 seconds
[2023-04-19T09:10:26.393+0000] {processor.py:153} INFO - Started process (PID=1238) to work on /home/airflow/.local/lib/python3.7/site-packages/airflow/example_dags/tutorial_dag.py
[2023-04-19T09:10:26.396+0000] {processor.py:743} INFO - Processing file /home/airflow/.local/lib/python3.7/site-packages/airflow/example_dags/tutorial_dag.py for tasks to queue
[2023-04-19T09:10:26.398+0000] {logging_mixin.py:137} INFO - [2023-04-19T09:10:26.398+0000] {dagbag.py:532} INFO - Filling up the DagBag from /home/airflow/.local/lib/python3.7/site-packages/airflow/example_dags/tutorial_dag.py
[2023-04-19T09:10:26.427+0000] {processor.py:753} INFO - DAG(s) dict_keys(['tutorial_dag']) retrieved from /home/airflow/.local/lib/python3.7/site-packages/airflow/example_dags/tutorial_dag.py
[2023-04-19T09:10:26.481+0000] {logging_mixin.py:137} INFO - [2023-04-19T09:10:26.481+0000] {dag.py:2705} INFO - Sync 1 DAGs
[2023-04-19T09:10:26.538+0000] {logging_mixin.py:137} INFO - [2023-04-19T09:10:26.538+0000] {dag.py:3456} INFO - Setting next_dagrun for tutorial_dag to None, run_after=None
[2023-04-19T09:10:26.600+0000] {processor.py:175} INFO - Processing /home/airflow/.local/lib/python3.7/site-packages/airflow/example_dags/tutorial_dag.py took 0.216 seconds
[2023-04-19T09:10:56.930+0000] {processor.py:153} INFO - Started process (PID=1290) to work on /home/airflow/.local/lib/python3.7/site-packages/airflow/example_dags/tutorial_dag.py
[2023-04-19T09:10:56.932+0000] {processor.py:743} INFO - Processing file /home/airflow/.local/lib/python3.7/site-packages/airflow/example_dags/tutorial_dag.py for tasks to queue
[2023-04-19T09:10:56.935+0000] {logging_mixin.py:137} INFO - [2023-04-19T09:10:56.935+0000] {dagbag.py:532} INFO - Filling up the DagBag from /home/airflow/.local/lib/python3.7/site-packages/airflow/example_dags/tutorial_dag.py
[2023-04-19T09:10:56.962+0000] {processor.py:753} INFO - DAG(s) dict_keys(['tutorial_dag']) retrieved from /home/airflow/.local/lib/python3.7/site-packages/airflow/example_dags/tutorial_dag.py
[2023-04-19T09:10:57.007+0000] {logging_mixin.py:137} INFO - [2023-04-19T09:10:57.007+0000] {dag.py:2705} INFO - Sync 1 DAGs
[2023-04-19T09:10:57.054+0000] {logging_mixin.py:137} INFO - [2023-04-19T09:10:57.053+0000] {dag.py:3456} INFO - Setting next_dagrun for tutorial_dag to None, run_after=None
[2023-04-19T09:10:57.077+0000] {processor.py:175} INFO - Processing /home/airflow/.local/lib/python3.7/site-packages/airflow/example_dags/tutorial_dag.py took 0.158 seconds
[2023-04-19T09:11:28.168+0000] {processor.py:153} INFO - Started process (PID=1340) to work on /home/airflow/.local/lib/python3.7/site-packages/airflow/example_dags/tutorial_dag.py
[2023-04-19T09:11:28.169+0000] {processor.py:743} INFO - Processing file /home/airflow/.local/lib/python3.7/site-packages/airflow/example_dags/tutorial_dag.py for tasks to queue
[2023-04-19T09:11:28.171+0000] {logging_mixin.py:137} INFO - [2023-04-19T09:11:28.171+0000] {dagbag.py:532} INFO - Filling up the DagBag from /home/airflow/.local/lib/python3.7/site-packages/airflow/example_dags/tutorial_dag.py
[2023-04-19T09:11:28.243+0000] {processor.py:753} INFO - DAG(s) dict_keys(['tutorial_dag']) retrieved from /home/airflow/.local/lib/python3.7/site-packages/airflow/example_dags/tutorial_dag.py
[2023-04-19T09:11:28.323+0000] {logging_mixin.py:137} INFO - [2023-04-19T09:11:28.323+0000] {dag.py:2705} INFO - Sync 1 DAGs
[2023-04-19T09:11:28.397+0000] {logging_mixin.py:137} INFO - [2023-04-19T09:11:28.397+0000] {dag.py:3456} INFO - Setting next_dagrun for tutorial_dag to None, run_after=None
[2023-04-19T09:11:28.433+0000] {processor.py:175} INFO - Processing /home/airflow/.local/lib/python3.7/site-packages/airflow/example_dags/tutorial_dag.py took 0.280 seconds
[2023-04-19T09:11:58.860+0000] {processor.py:153} INFO - Started process (PID=1391) to work on /home/airflow/.local/lib/python3.7/site-packages/airflow/example_dags/tutorial_dag.py
[2023-04-19T09:11:58.861+0000] {processor.py:743} INFO - Processing file /home/airflow/.local/lib/python3.7/site-packages/airflow/example_dags/tutorial_dag.py for tasks to queue
[2023-04-19T09:11:58.864+0000] {logging_mixin.py:137} INFO - [2023-04-19T09:11:58.864+0000] {dagbag.py:532} INFO - Filling up the DagBag from /home/airflow/.local/lib/python3.7/site-packages/airflow/example_dags/tutorial_dag.py
[2023-04-19T09:11:58.883+0000] {processor.py:753} INFO - DAG(s) dict_keys(['tutorial_dag']) retrieved from /home/airflow/.local/lib/python3.7/site-packages/airflow/example_dags/tutorial_dag.py
[2023-04-19T09:11:58.925+0000] {logging_mixin.py:137} INFO - [2023-04-19T09:11:58.924+0000] {dag.py:2705} INFO - Sync 1 DAGs
[2023-04-19T09:11:58.998+0000] {logging_mixin.py:137} INFO - [2023-04-19T09:11:58.998+0000] {dag.py:3456} INFO - Setting next_dagrun for tutorial_dag to None, run_after=None
[2023-04-19T09:11:59.023+0000] {processor.py:175} INFO - Processing /home/airflow/.local/lib/python3.7/site-packages/airflow/example_dags/tutorial_dag.py took 0.167 seconds
[2023-04-19T09:29:36.327+0000] {processor.py:153} INFO - Started process (PID=1442) to work on /home/airflow/.local/lib/python3.7/site-packages/airflow/example_dags/tutorial_dag.py
[2023-04-19T09:29:36.333+0000] {processor.py:743} INFO - Processing file /home/airflow/.local/lib/python3.7/site-packages/airflow/example_dags/tutorial_dag.py for tasks to queue
[2023-04-19T09:29:36.338+0000] {logging_mixin.py:137} INFO - [2023-04-19T09:29:36.337+0000] {dagbag.py:532} INFO - Filling up the DagBag from /home/airflow/.local/lib/python3.7/site-packages/airflow/example_dags/tutorial_dag.py
[2023-04-19T09:29:36.393+0000] {processor.py:753} INFO - DAG(s) dict_keys(['tutorial_dag']) retrieved from /home/airflow/.local/lib/python3.7/site-packages/airflow/example_dags/tutorial_dag.py
[2023-04-19T09:29:36.474+0000] {logging_mixin.py:137} INFO - [2023-04-19T09:29:36.474+0000] {dag.py:2705} INFO - Sync 1 DAGs
[2023-04-19T09:29:36.510+0000] {logging_mixin.py:137} INFO - [2023-04-19T09:29:36.510+0000] {dag.py:3456} INFO - Setting next_dagrun for tutorial_dag to None, run_after=None
[2023-04-19T09:29:36.545+0000] {processor.py:175} INFO - Processing /home/airflow/.local/lib/python3.7/site-packages/airflow/example_dags/tutorial_dag.py took 0.230 seconds
[2023-04-19T10:00:58.333+0000] {processor.py:153} INFO - Started process (PID=1493) to work on /home/airflow/.local/lib/python3.7/site-packages/airflow/example_dags/tutorial_dag.py
[2023-04-19T10:00:58.356+0000] {processor.py:743} INFO - Processing file /home/airflow/.local/lib/python3.7/site-packages/airflow/example_dags/tutorial_dag.py for tasks to queue
[2023-04-19T10:00:58.364+0000] {logging_mixin.py:137} INFO - [2023-04-19T10:00:58.363+0000] {dagbag.py:532} INFO - Filling up the DagBag from /home/airflow/.local/lib/python3.7/site-packages/airflow/example_dags/tutorial_dag.py
[2023-04-19T10:00:58.481+0000] {processor.py:753} INFO - DAG(s) dict_keys(['tutorial_dag']) retrieved from /home/airflow/.local/lib/python3.7/site-packages/airflow/example_dags/tutorial_dag.py
[2023-04-19T10:00:58.820+0000] {logging_mixin.py:137} INFO - [2023-04-19T10:00:58.819+0000] {dag.py:2705} INFO - Sync 1 DAGs
[2023-04-19T10:00:59.648+0000] {logging_mixin.py:137} INFO - [2023-04-19T10:00:59.647+0000] {dag.py:3456} INFO - Setting next_dagrun for tutorial_dag to None, run_after=None
[2023-04-19T10:00:59.896+0000] {processor.py:175} INFO - Processing /home/airflow/.local/lib/python3.7/site-packages/airflow/example_dags/tutorial_dag.py took 1.600 seconds
[2023-04-19T10:16:52.008+0000] {processor.py:153} INFO - Started process (PID=1543) to work on /home/airflow/.local/lib/python3.7/site-packages/airflow/example_dags/tutorial_dag.py
[2023-04-19T10:16:52.028+0000] {processor.py:743} INFO - Processing file /home/airflow/.local/lib/python3.7/site-packages/airflow/example_dags/tutorial_dag.py for tasks to queue
[2023-04-19T10:16:52.044+0000] {logging_mixin.py:137} INFO - [2023-04-19T10:16:52.044+0000] {dagbag.py:532} INFO - Filling up the DagBag from /home/airflow/.local/lib/python3.7/site-packages/airflow/example_dags/tutorial_dag.py
[2023-04-19T10:16:52.195+0000] {processor.py:753} INFO - DAG(s) dict_keys(['tutorial_dag']) retrieved from /home/airflow/.local/lib/python3.7/site-packages/airflow/example_dags/tutorial_dag.py
[2023-04-19T10:16:52.449+0000] {logging_mixin.py:137} INFO - [2023-04-19T10:16:52.448+0000] {dag.py:2705} INFO - Sync 1 DAGs
[2023-04-19T10:16:52.745+0000] {logging_mixin.py:137} INFO - [2023-04-19T10:16:52.744+0000] {dag.py:3456} INFO - Setting next_dagrun for tutorial_dag to None, run_after=None
[2023-04-19T10:16:52.971+0000] {processor.py:175} INFO - Processing /home/airflow/.local/lib/python3.7/site-packages/airflow/example_dags/tutorial_dag.py took 0.991 seconds
[2023-04-19T12:32:40.934+0000] {processor.py:153} INFO - Started process (PID=1595) to work on /home/airflow/.local/lib/python3.7/site-packages/airflow/example_dags/tutorial_dag.py
[2023-04-19T12:32:40.936+0000] {processor.py:743} INFO - Processing file /home/airflow/.local/lib/python3.7/site-packages/airflow/example_dags/tutorial_dag.py for tasks to queue
[2023-04-19T12:32:40.938+0000] {logging_mixin.py:137} INFO - [2023-04-19T12:32:40.938+0000] {dagbag.py:532} INFO - Filling up the DagBag from /home/airflow/.local/lib/python3.7/site-packages/airflow/example_dags/tutorial_dag.py
[2023-04-19T12:32:40.963+0000] {processor.py:753} INFO - DAG(s) dict_keys(['tutorial_dag']) retrieved from /home/airflow/.local/lib/python3.7/site-packages/airflow/example_dags/tutorial_dag.py
[2023-04-19T12:32:41.004+0000] {logging_mixin.py:137} INFO - [2023-04-19T12:32:41.004+0000] {dag.py:2705} INFO - Sync 1 DAGs
[2023-04-19T12:32:41.038+0000] {logging_mixin.py:137} INFO - [2023-04-19T12:32:41.038+0000] {dag.py:3456} INFO - Setting next_dagrun for tutorial_dag to None, run_after=None
[2023-04-19T12:32:41.070+0000] {processor.py:175} INFO - Processing /home/airflow/.local/lib/python3.7/site-packages/airflow/example_dags/tutorial_dag.py took 0.140 seconds
[2023-04-19T12:33:11.625+0000] {processor.py:153} INFO - Started process (PID=1647) to work on /home/airflow/.local/lib/python3.7/site-packages/airflow/example_dags/tutorial_dag.py
[2023-04-19T12:33:11.627+0000] {processor.py:743} INFO - Processing file /home/airflow/.local/lib/python3.7/site-packages/airflow/example_dags/tutorial_dag.py for tasks to queue
[2023-04-19T12:33:11.629+0000] {logging_mixin.py:137} INFO - [2023-04-19T12:33:11.629+0000] {dagbag.py:532} INFO - Filling up the DagBag from /home/airflow/.local/lib/python3.7/site-packages/airflow/example_dags/tutorial_dag.py
[2023-04-19T12:33:11.660+0000] {processor.py:753} INFO - DAG(s) dict_keys(['tutorial_dag']) retrieved from /home/airflow/.local/lib/python3.7/site-packages/airflow/example_dags/tutorial_dag.py
[2023-04-19T12:33:11.723+0000] {logging_mixin.py:137} INFO - [2023-04-19T12:33:11.723+0000] {dag.py:2705} INFO - Sync 1 DAGs
[2023-04-19T12:33:11.775+0000] {logging_mixin.py:137} INFO - [2023-04-19T12:33:11.775+0000] {dag.py:3456} INFO - Setting next_dagrun for tutorial_dag to None, run_after=None
[2023-04-19T12:33:11.811+0000] {processor.py:175} INFO - Processing /home/airflow/.local/lib/python3.7/site-packages/airflow/example_dags/tutorial_dag.py took 0.197 seconds
[2023-04-19T13:31:38.931+0000] {processor.py:153} INFO - Started process (PID=1700) to work on /home/airflow/.local/lib/python3.7/site-packages/airflow/example_dags/tutorial_dag.py
[2023-04-19T13:31:38.953+0000] {processor.py:743} INFO - Processing file /home/airflow/.local/lib/python3.7/site-packages/airflow/example_dags/tutorial_dag.py for tasks to queue
[2023-04-19T13:31:38.976+0000] {logging_mixin.py:137} INFO - [2023-04-19T13:31:38.970+0000] {dagbag.py:532} INFO - Filling up the DagBag from /home/airflow/.local/lib/python3.7/site-packages/airflow/example_dags/tutorial_dag.py
[2023-04-19T13:31:39.142+0000] {processor.py:753} INFO - DAG(s) dict_keys(['tutorial_dag']) retrieved from /home/airflow/.local/lib/python3.7/site-packages/airflow/example_dags/tutorial_dag.py
[2023-04-19T13:31:39.601+0000] {logging_mixin.py:137} INFO - [2023-04-19T13:31:39.600+0000] {dag.py:2705} INFO - Sync 1 DAGs
[2023-04-19T13:31:40.013+0000] {logging_mixin.py:137} INFO - [2023-04-19T13:31:40.012+0000] {dag.py:3456} INFO - Setting next_dagrun for tutorial_dag to None, run_after=None
[2023-04-19T13:31:40.339+0000] {processor.py:175} INFO - Processing /home/airflow/.local/lib/python3.7/site-packages/airflow/example_dags/tutorial_dag.py took 1.432 seconds
[2023-04-19T14:25:33.574+0000] {processor.py:153} INFO - Started process (PID=1751) to work on /home/airflow/.local/lib/python3.7/site-packages/airflow/example_dags/tutorial_dag.py
[2023-04-19T14:25:33.579+0000] {processor.py:743} INFO - Processing file /home/airflow/.local/lib/python3.7/site-packages/airflow/example_dags/tutorial_dag.py for tasks to queue
[2023-04-19T14:25:33.582+0000] {logging_mixin.py:137} INFO - [2023-04-19T14:25:33.582+0000] {dagbag.py:532} INFO - Filling up the DagBag from /home/airflow/.local/lib/python3.7/site-packages/airflow/example_dags/tutorial_dag.py
[2023-04-19T14:25:33.649+0000] {processor.py:753} INFO - DAG(s) dict_keys(['tutorial_dag']) retrieved from /home/airflow/.local/lib/python3.7/site-packages/airflow/example_dags/tutorial_dag.py
[2023-04-19T14:25:33.805+0000] {logging_mixin.py:137} INFO - [2023-04-19T14:25:33.805+0000] {dag.py:2705} INFO - Sync 1 DAGs
[2023-04-19T14:25:33.871+0000] {logging_mixin.py:137} INFO - [2023-04-19T14:25:33.870+0000] {dag.py:3456} INFO - Setting next_dagrun for tutorial_dag to None, run_after=None
[2023-04-19T14:25:33.922+0000] {processor.py:175} INFO - Processing /home/airflow/.local/lib/python3.7/site-packages/airflow/example_dags/tutorial_dag.py took 0.362 seconds
[2023-04-19T15:20:01.717+0000] {processor.py:153} INFO - Started process (PID=1803) to work on /home/airflow/.local/lib/python3.7/site-packages/airflow/example_dags/tutorial_dag.py
[2023-04-19T15:20:01.722+0000] {processor.py:743} INFO - Processing file /home/airflow/.local/lib/python3.7/site-packages/airflow/example_dags/tutorial_dag.py for tasks to queue
[2023-04-19T15:20:01.731+0000] {logging_mixin.py:137} INFO - [2023-04-19T15:20:01.731+0000] {dagbag.py:532} INFO - Filling up the DagBag from /home/airflow/.local/lib/python3.7/site-packages/airflow/example_dags/tutorial_dag.py
[2023-04-19T15:20:01.769+0000] {processor.py:753} INFO - DAG(s) dict_keys(['tutorial_dag']) retrieved from /home/airflow/.local/lib/python3.7/site-packages/airflow/example_dags/tutorial_dag.py
[2023-04-19T15:20:01.819+0000] {logging_mixin.py:137} INFO - [2023-04-19T15:20:01.819+0000] {dag.py:2705} INFO - Sync 1 DAGs
[2023-04-19T15:20:01.896+0000] {logging_mixin.py:137} INFO - [2023-04-19T15:20:01.895+0000] {dag.py:3456} INFO - Setting next_dagrun for tutorial_dag to None, run_after=None
[2023-04-19T15:20:01.934+0000] {processor.py:175} INFO - Processing /home/airflow/.local/lib/python3.7/site-packages/airflow/example_dags/tutorial_dag.py took 0.229 seconds
[2023-04-19T17:07:20.840+0000] {processor.py:153} INFO - Started process (PID=1854) to work on /home/airflow/.local/lib/python3.7/site-packages/airflow/example_dags/tutorial_dag.py
[2023-04-19T17:07:20.842+0000] {processor.py:743} INFO - Processing file /home/airflow/.local/lib/python3.7/site-packages/airflow/example_dags/tutorial_dag.py for tasks to queue
[2023-04-19T17:07:20.845+0000] {logging_mixin.py:137} INFO - [2023-04-19T17:07:20.845+0000] {dagbag.py:532} INFO - Filling up the DagBag from /home/airflow/.local/lib/python3.7/site-packages/airflow/example_dags/tutorial_dag.py
[2023-04-19T17:07:20.882+0000] {processor.py:753} INFO - DAG(s) dict_keys(['tutorial_dag']) retrieved from /home/airflow/.local/lib/python3.7/site-packages/airflow/example_dags/tutorial_dag.py
[2023-04-19T17:07:20.949+0000] {logging_mixin.py:137} INFO - [2023-04-19T17:07:20.948+0000] {dag.py:2705} INFO - Sync 1 DAGs
[2023-04-19T17:07:20.998+0000] {logging_mixin.py:137} INFO - [2023-04-19T17:07:20.997+0000] {dag.py:3456} INFO - Setting next_dagrun for tutorial_dag to None, run_after=None
[2023-04-19T17:07:21.051+0000] {processor.py:175} INFO - Processing /home/airflow/.local/lib/python3.7/site-packages/airflow/example_dags/tutorial_dag.py took 0.221 seconds
[2023-04-19T17:37:51.957+0000] {processor.py:153} INFO - Started process (PID=1905) to work on /home/airflow/.local/lib/python3.7/site-packages/airflow/example_dags/tutorial_dag.py
[2023-04-19T17:37:51.961+0000] {processor.py:743} INFO - Processing file /home/airflow/.local/lib/python3.7/site-packages/airflow/example_dags/tutorial_dag.py for tasks to queue
[2023-04-19T17:37:51.966+0000] {logging_mixin.py:137} INFO - [2023-04-19T17:37:51.966+0000] {dagbag.py:532} INFO - Filling up the DagBag from /home/airflow/.local/lib/python3.7/site-packages/airflow/example_dags/tutorial_dag.py
[2023-04-19T17:37:51.988+0000] {processor.py:753} INFO - DAG(s) dict_keys(['tutorial_dag']) retrieved from /home/airflow/.local/lib/python3.7/site-packages/airflow/example_dags/tutorial_dag.py
[2023-04-19T17:37:52.035+0000] {logging_mixin.py:137} INFO - [2023-04-19T17:37:52.035+0000] {dag.py:2705} INFO - Sync 1 DAGs
[2023-04-19T17:37:52.105+0000] {logging_mixin.py:137} INFO - [2023-04-19T17:37:52.105+0000] {dag.py:3456} INFO - Setting next_dagrun for tutorial_dag to None, run_after=None
[2023-04-19T17:37:52.150+0000] {processor.py:175} INFO - Processing /home/airflow/.local/lib/python3.7/site-packages/airflow/example_dags/tutorial_dag.py took 0.206 seconds
[2023-04-19T19:26:04.526+0000] {processor.py:153} INFO - Started process (PID=1958) to work on /home/airflow/.local/lib/python3.7/site-packages/airflow/example_dags/tutorial_dag.py
[2023-04-19T19:26:04.532+0000] {processor.py:743} INFO - Processing file /home/airflow/.local/lib/python3.7/site-packages/airflow/example_dags/tutorial_dag.py for tasks to queue
[2023-04-19T19:26:04.587+0000] {logging_mixin.py:137} INFO - [2023-04-19T19:26:04.587+0000] {dagbag.py:532} INFO - Filling up the DagBag from /home/airflow/.local/lib/python3.7/site-packages/airflow/example_dags/tutorial_dag.py
[2023-04-19T19:26:04.694+0000] {processor.py:753} INFO - DAG(s) dict_keys(['tutorial_dag']) retrieved from /home/airflow/.local/lib/python3.7/site-packages/airflow/example_dags/tutorial_dag.py
[2023-04-19T19:26:04.770+0000] {logging_mixin.py:137} INFO - [2023-04-19T19:26:04.770+0000] {dag.py:2705} INFO - Sync 1 DAGs
[2023-04-19T19:26:04.866+0000] {logging_mixin.py:137} INFO - [2023-04-19T19:26:04.866+0000] {dag.py:3456} INFO - Setting next_dagrun for tutorial_dag to None, run_after=None
[2023-04-19T19:26:04.979+0000] {processor.py:175} INFO - Processing /home/airflow/.local/lib/python3.7/site-packages/airflow/example_dags/tutorial_dag.py took 0.475 seconds
[2023-04-19T21:13:14.566+0000] {processor.py:153} INFO - Started process (PID=2011) to work on /home/airflow/.local/lib/python3.7/site-packages/airflow/example_dags/tutorial_dag.py
[2023-04-19T21:13:14.581+0000] {processor.py:743} INFO - Processing file /home/airflow/.local/lib/python3.7/site-packages/airflow/example_dags/tutorial_dag.py for tasks to queue
[2023-04-19T21:13:14.601+0000] {logging_mixin.py:137} INFO - [2023-04-19T21:13:14.600+0000] {dagbag.py:532} INFO - Filling up the DagBag from /home/airflow/.local/lib/python3.7/site-packages/airflow/example_dags/tutorial_dag.py
[2023-04-19T21:13:14.905+0000] {processor.py:753} INFO - DAG(s) dict_keys(['tutorial_dag']) retrieved from /home/airflow/.local/lib/python3.7/site-packages/airflow/example_dags/tutorial_dag.py
[2023-04-19T21:13:15.259+0000] {logging_mixin.py:137} INFO - [2023-04-19T21:13:15.258+0000] {dag.py:2705} INFO - Sync 1 DAGs
[2023-04-19T21:13:15.586+0000] {logging_mixin.py:137} INFO - [2023-04-19T21:13:15.584+0000] {dag.py:3456} INFO - Setting next_dagrun for tutorial_dag to None, run_after=None
[2023-04-19T21:13:15.878+0000] {processor.py:175} INFO - Processing /home/airflow/.local/lib/python3.7/site-packages/airflow/example_dags/tutorial_dag.py took 1.398 seconds
