[2023-05-16T00:00:01.110+0000] {processor.py:153} INFO - Started process (PID=16501) to work on /opt/airflow/dags/simple_dags.py
[2023-05-16T00:00:01.125+0000] {processor.py:743} INFO - Processing file /opt/airflow/dags/simple_dags.py for tasks to queue
[2023-05-16T00:00:01.151+0000] {logging_mixin.py:137} INFO - [2023-05-16T00:00:01.140+0000] {dagbag.py:532} INFO - Filling up the DagBag from /opt/airflow/dags/simple_dags.py
[2023-05-16T00:00:01.411+0000] {processor.py:753} INFO - DAG(s) dict_keys(['thang']) retrieved from /opt/airflow/dags/simple_dags.py
[2023-05-16T00:00:01.633+0000] {logging_mixin.py:137} INFO - [2023-05-16T00:00:01.632+0000] {dag.py:2705} INFO - Sync 1 DAGs
[2023-05-16T00:00:01.819+0000] {logging_mixin.py:137} INFO - [2023-05-16T00:00:01.818+0000] {dag.py:3456} INFO - Setting next_dagrun for thang to 2023-04-25T00:00:00+00:00, run_after=2023-04-25T00:00:00+00:00
[2023-05-16T00:00:01.972+0000] {processor.py:175} INFO - Processing /opt/airflow/dags/simple_dags.py took 0.934 seconds
[2023-05-16T00:00:37.418+0000] {processor.py:153} INFO - Started process (PID=16533) to work on /opt/airflow/dags/simple_dags.py
[2023-05-16T00:00:37.449+0000] {processor.py:743} INFO - Processing file /opt/airflow/dags/simple_dags.py for tasks to queue
[2023-05-16T00:00:37.481+0000] {logging_mixin.py:137} INFO - [2023-05-16T00:00:37.480+0000] {dagbag.py:532} INFO - Filling up the DagBag from /opt/airflow/dags/simple_dags.py
[2023-05-16T00:00:38.022+0000] {processor.py:753} INFO - DAG(s) dict_keys(['thang']) retrieved from /opt/airflow/dags/simple_dags.py
[2023-05-16T00:00:38.948+0000] {logging_mixin.py:137} INFO - [2023-05-16T00:00:38.939+0000] {dag.py:2705} INFO - Sync 1 DAGs
[2023-05-16T00:00:39.327+0000] {logging_mixin.py:137} INFO - [2023-05-16T00:00:39.326+0000] {dag.py:3456} INFO - Setting next_dagrun for thang to 2023-04-25T00:00:00+00:00, run_after=2023-04-25T00:00:00+00:00
[2023-05-16T00:00:39.551+0000] {processor.py:175} INFO - Processing /opt/airflow/dags/simple_dags.py took 2.253 seconds
[2023-05-16T00:01:16.462+0000] {processor.py:153} INFO - Started process (PID=16565) to work on /opt/airflow/dags/simple_dags.py
[2023-05-16T00:01:16.477+0000] {processor.py:743} INFO - Processing file /opt/airflow/dags/simple_dags.py for tasks to queue
[2023-05-16T00:01:16.498+0000] {logging_mixin.py:137} INFO - [2023-05-16T00:01:16.495+0000] {dagbag.py:532} INFO - Filling up the DagBag from /opt/airflow/dags/simple_dags.py
[2023-05-16T00:01:16.815+0000] {processor.py:753} INFO - DAG(s) dict_keys(['thang']) retrieved from /opt/airflow/dags/simple_dags.py
[2023-05-16T00:01:17.307+0000] {logging_mixin.py:137} INFO - [2023-05-16T00:01:17.306+0000] {dag.py:2705} INFO - Sync 1 DAGs
[2023-05-16T00:01:17.735+0000] {logging_mixin.py:137} INFO - [2023-05-16T00:01:17.734+0000] {dag.py:3456} INFO - Setting next_dagrun for thang to 2023-04-25T00:00:00+00:00, run_after=2023-04-25T00:00:00+00:00
[2023-05-16T00:01:17.998+0000] {processor.py:175} INFO - Processing /opt/airflow/dags/simple_dags.py took 1.587 seconds
[2023-05-16T00:01:59.101+0000] {processor.py:153} INFO - Started process (PID=16604) to work on /opt/airflow/dags/simple_dags.py
[2023-05-16T00:01:59.123+0000] {processor.py:743} INFO - Processing file /opt/airflow/dags/simple_dags.py for tasks to queue
[2023-05-16T00:01:59.135+0000] {logging_mixin.py:137} INFO - [2023-05-16T00:01:59.134+0000] {dagbag.py:532} INFO - Filling up the DagBag from /opt/airflow/dags/simple_dags.py
[2023-05-16T00:01:59.293+0000] {processor.py:753} INFO - DAG(s) dict_keys(['thang']) retrieved from /opt/airflow/dags/simple_dags.py
[2023-05-16T00:01:59.477+0000] {logging_mixin.py:137} INFO - [2023-05-16T00:01:59.476+0000] {dag.py:2705} INFO - Sync 1 DAGs
[2023-05-16T00:02:00.310+0000] {logging_mixin.py:137} INFO - [2023-05-16T00:02:00.305+0000] {dag.py:3456} INFO - Setting next_dagrun for thang to 2023-04-25T00:00:00+00:00, run_after=2023-04-25T00:00:00+00:00
[2023-05-16T00:02:00.606+0000] {processor.py:175} INFO - Processing /opt/airflow/dags/simple_dags.py took 1.532 seconds
[2023-05-16T00:17:42.678+0000] {processor.py:153} INFO - Started process (PID=16636) to work on /opt/airflow/dags/simple_dags.py
[2023-05-16T00:17:42.689+0000] {processor.py:743} INFO - Processing file /opt/airflow/dags/simple_dags.py for tasks to queue
[2023-05-16T00:17:42.691+0000] {logging_mixin.py:137} INFO - [2023-05-16T00:17:42.691+0000] {dagbag.py:532} INFO - Filling up the DagBag from /opt/airflow/dags/simple_dags.py
[2023-05-16T00:17:42.748+0000] {processor.py:753} INFO - DAG(s) dict_keys(['thang']) retrieved from /opt/airflow/dags/simple_dags.py
[2023-05-16T00:17:42.879+0000] {logging_mixin.py:137} INFO - [2023-05-16T00:17:42.879+0000] {dag.py:2705} INFO - Sync 1 DAGs
[2023-05-16T00:17:42.979+0000] {logging_mixin.py:137} INFO - [2023-05-16T00:17:42.979+0000] {dag.py:3456} INFO - Setting next_dagrun for thang to 2023-04-25T00:00:00+00:00, run_after=2023-04-25T00:00:00+00:00
[2023-05-16T00:17:43.043+0000] {processor.py:175} INFO - Processing /opt/airflow/dags/simple_dags.py took 0.379 seconds
[2023-05-16T00:18:15.576+0000] {processor.py:153} INFO - Started process (PID=16677) to work on /opt/airflow/dags/simple_dags.py
[2023-05-16T00:18:15.635+0000] {processor.py:743} INFO - Processing file /opt/airflow/dags/simple_dags.py for tasks to queue
[2023-05-16T00:18:15.702+0000] {logging_mixin.py:137} INFO - [2023-05-16T00:18:15.657+0000] {dagbag.py:532} INFO - Filling up the DagBag from /opt/airflow/dags/simple_dags.py
[2023-05-16T00:18:16.264+0000] {processor.py:753} INFO - DAG(s) dict_keys(['thang']) retrieved from /opt/airflow/dags/simple_dags.py
[2023-05-16T00:18:16.984+0000] {logging_mixin.py:137} INFO - [2023-05-16T00:18:16.974+0000] {dag.py:2705} INFO - Sync 1 DAGs
[2023-05-16T00:18:18.324+0000] {logging_mixin.py:137} INFO - [2023-05-16T00:18:18.323+0000] {dag.py:3456} INFO - Setting next_dagrun for thang to 2023-04-25T00:00:00+00:00, run_after=2023-04-25T00:00:00+00:00
[2023-05-16T00:18:18.871+0000] {processor.py:175} INFO - Processing /opt/airflow/dags/simple_dags.py took 3.523 seconds
[2023-05-16T00:19:17.516+0000] {processor.py:153} INFO - Started process (PID=16731) to work on /opt/airflow/dags/simple_dags.py
[2023-05-16T00:19:17.534+0000] {processor.py:743} INFO - Processing file /opt/airflow/dags/simple_dags.py for tasks to queue
[2023-05-16T00:19:17.552+0000] {logging_mixin.py:137} INFO - [2023-05-16T00:19:17.551+0000] {dagbag.py:532} INFO - Filling up the DagBag from /opt/airflow/dags/simple_dags.py
[2023-05-16T00:19:17.688+0000] {processor.py:753} INFO - DAG(s) dict_keys(['thang']) retrieved from /opt/airflow/dags/simple_dags.py
[2023-05-16T00:19:18.069+0000] {logging_mixin.py:137} INFO - [2023-05-16T00:19:18.068+0000] {dag.py:2705} INFO - Sync 1 DAGs
[2023-05-16T00:19:19.039+0000] {logging_mixin.py:137} INFO - [2023-05-16T00:19:19.022+0000] {dag.py:3456} INFO - Setting next_dagrun for thang to 2023-04-25T00:00:00+00:00, run_after=2023-04-25T00:00:00+00:00
[2023-05-16T00:19:19.388+0000] {processor.py:175} INFO - Processing /opt/airflow/dags/simple_dags.py took 1.899 seconds
[2023-05-16T00:19:58.750+0000] {processor.py:153} INFO - Started process (PID=16761) to work on /opt/airflow/dags/simple_dags.py
[2023-05-16T00:19:58.770+0000] {processor.py:743} INFO - Processing file /opt/airflow/dags/simple_dags.py for tasks to queue
[2023-05-16T00:19:58.796+0000] {logging_mixin.py:137} INFO - [2023-05-16T00:19:58.791+0000] {dagbag.py:532} INFO - Filling up the DagBag from /opt/airflow/dags/simple_dags.py
[2023-05-16T00:19:58.994+0000] {processor.py:753} INFO - DAG(s) dict_keys(['thang']) retrieved from /opt/airflow/dags/simple_dags.py
[2023-05-16T00:19:59.170+0000] {logging_mixin.py:137} INFO - [2023-05-16T00:19:59.169+0000] {dag.py:2705} INFO - Sync 1 DAGs
[2023-05-16T00:19:59.348+0000] {logging_mixin.py:137} INFO - [2023-05-16T00:19:59.347+0000] {dag.py:3456} INFO - Setting next_dagrun for thang to 2023-04-25T00:00:00+00:00, run_after=2023-04-25T00:00:00+00:00
[2023-05-16T00:19:59.646+0000] {processor.py:175} INFO - Processing /opt/airflow/dags/simple_dags.py took 0.975 seconds
[2023-05-16T00:35:45.314+0000] {processor.py:153} INFO - Started process (PID=16798) to work on /opt/airflow/dags/simple_dags.py
[2023-05-16T00:35:45.322+0000] {processor.py:743} INFO - Processing file /opt/airflow/dags/simple_dags.py for tasks to queue
[2023-05-16T00:35:45.329+0000] {logging_mixin.py:137} INFO - [2023-05-16T00:35:45.328+0000] {dagbag.py:532} INFO - Filling up the DagBag from /opt/airflow/dags/simple_dags.py
[2023-05-16T00:35:45.429+0000] {processor.py:753} INFO - DAG(s) dict_keys(['thang']) retrieved from /opt/airflow/dags/simple_dags.py
[2023-05-16T00:35:45.549+0000] {logging_mixin.py:137} INFO - [2023-05-16T00:35:45.549+0000] {dag.py:2705} INFO - Sync 1 DAGs
[2023-05-16T00:35:45.689+0000] {logging_mixin.py:137} INFO - [2023-05-16T00:35:45.681+0000] {dag.py:3456} INFO - Setting next_dagrun for thang to 2023-04-25T00:00:00+00:00, run_after=2023-04-25T00:00:00+00:00
[2023-05-16T00:35:45.778+0000] {processor.py:175} INFO - Processing /opt/airflow/dags/simple_dags.py took 0.484 seconds
[2023-05-16T00:51:06.762+0000] {processor.py:153} INFO - Started process (PID=16847) to work on /opt/airflow/dags/simple_dags.py
[2023-05-16T00:51:06.783+0000] {processor.py:743} INFO - Processing file /opt/airflow/dags/simple_dags.py for tasks to queue
[2023-05-16T00:51:06.791+0000] {logging_mixin.py:137} INFO - [2023-05-16T00:51:06.791+0000] {dagbag.py:532} INFO - Filling up the DagBag from /opt/airflow/dags/simple_dags.py
[2023-05-16T00:51:06.979+0000] {processor.py:753} INFO - DAG(s) dict_keys(['thang']) retrieved from /opt/airflow/dags/simple_dags.py
[2023-05-16T00:51:07.175+0000] {logging_mixin.py:137} INFO - [2023-05-16T00:51:07.171+0000] {dag.py:2705} INFO - Sync 1 DAGs
[2023-05-16T00:51:07.379+0000] {logging_mixin.py:137} INFO - [2023-05-16T00:51:07.379+0000] {dag.py:3456} INFO - Setting next_dagrun for thang to 2023-04-25T00:00:00+00:00, run_after=2023-04-25T00:00:00+00:00
[2023-05-16T00:51:07.531+0000] {processor.py:175} INFO - Processing /opt/airflow/dags/simple_dags.py took 0.817 seconds
[2023-05-16T01:02:50.028+0000] {processor.py:153} INFO - Started process (PID=16896) to work on /opt/airflow/dags/simple_dags.py
[2023-05-16T01:02:50.044+0000] {processor.py:743} INFO - Processing file /opt/airflow/dags/simple_dags.py for tasks to queue
[2023-05-16T01:02:50.045+0000] {logging_mixin.py:137} INFO - [2023-05-16T01:02:50.045+0000] {dagbag.py:532} INFO - Filling up the DagBag from /opt/airflow/dags/simple_dags.py
[2023-05-16T01:02:50.172+0000] {processor.py:753} INFO - DAG(s) dict_keys(['thang']) retrieved from /opt/airflow/dags/simple_dags.py
[2023-05-16T01:02:50.351+0000] {logging_mixin.py:137} INFO - [2023-05-16T01:02:50.351+0000] {dag.py:2705} INFO - Sync 1 DAGs
[2023-05-16T01:02:50.503+0000] {logging_mixin.py:137} INFO - [2023-05-16T01:02:50.497+0000] {dag.py:3456} INFO - Setting next_dagrun for thang to 2023-04-25T00:00:00+00:00, run_after=2023-04-25T00:00:00+00:00
[2023-05-16T01:02:50.662+0000] {processor.py:175} INFO - Processing /opt/airflow/dags/simple_dags.py took 0.652 seconds
[2023-05-16T01:03:21.694+0000] {processor.py:153} INFO - Started process (PID=16944) to work on /opt/airflow/dags/simple_dags.py
[2023-05-16T01:03:21.710+0000] {processor.py:743} INFO - Processing file /opt/airflow/dags/simple_dags.py for tasks to queue
[2023-05-16T01:03:21.724+0000] {logging_mixin.py:137} INFO - [2023-05-16T01:03:21.723+0000] {dagbag.py:532} INFO - Filling up the DagBag from /opt/airflow/dags/simple_dags.py
[2023-05-16T01:03:21.877+0000] {processor.py:753} INFO - DAG(s) dict_keys(['thang']) retrieved from /opt/airflow/dags/simple_dags.py
[2023-05-16T01:03:22.058+0000] {logging_mixin.py:137} INFO - [2023-05-16T01:03:22.056+0000] {dag.py:2705} INFO - Sync 1 DAGs
[2023-05-16T01:03:22.221+0000] {logging_mixin.py:137} INFO - [2023-05-16T01:03:22.220+0000] {dag.py:3456} INFO - Setting next_dagrun for thang to 2023-04-25T00:00:00+00:00, run_after=2023-04-25T00:00:00+00:00
[2023-05-16T01:03:22.379+0000] {processor.py:175} INFO - Processing /opt/airflow/dags/simple_dags.py took 0.708 seconds
[2023-05-16T01:03:55.629+0000] {processor.py:153} INFO - Started process (PID=16972) to work on /opt/airflow/dags/simple_dags.py
[2023-05-16T01:03:55.671+0000] {processor.py:743} INFO - Processing file /opt/airflow/dags/simple_dags.py for tasks to queue
[2023-05-16T01:03:55.684+0000] {logging_mixin.py:137} INFO - [2023-05-16T01:03:55.683+0000] {dagbag.py:532} INFO - Filling up the DagBag from /opt/airflow/dags/simple_dags.py
[2023-05-16T01:03:56.067+0000] {processor.py:753} INFO - DAG(s) dict_keys(['thang']) retrieved from /opt/airflow/dags/simple_dags.py
[2023-05-16T01:03:56.733+0000] {logging_mixin.py:137} INFO - [2023-05-16T01:03:56.732+0000] {dag.py:2705} INFO - Sync 1 DAGs
[2023-05-16T01:03:57.111+0000] {logging_mixin.py:137} INFO - [2023-05-16T01:03:57.110+0000] {dag.py:3456} INFO - Setting next_dagrun for thang to 2023-04-25T00:00:00+00:00, run_after=2023-04-25T00:00:00+00:00
[2023-05-16T01:03:57.391+0000] {processor.py:175} INFO - Processing /opt/airflow/dags/simple_dags.py took 1.896 seconds
[2023-05-16T01:04:33.111+0000] {processor.py:153} INFO - Started process (PID=17005) to work on /opt/airflow/dags/simple_dags.py
[2023-05-16T01:04:33.125+0000] {processor.py:743} INFO - Processing file /opt/airflow/dags/simple_dags.py for tasks to queue
[2023-05-16T01:04:33.142+0000] {logging_mixin.py:137} INFO - [2023-05-16T01:04:33.141+0000] {dagbag.py:532} INFO - Filling up the DagBag from /opt/airflow/dags/simple_dags.py
[2023-05-16T01:04:33.526+0000] {processor.py:753} INFO - DAG(s) dict_keys(['thang']) retrieved from /opt/airflow/dags/simple_dags.py
[2023-05-16T01:04:33.785+0000] {logging_mixin.py:137} INFO - [2023-05-16T01:04:33.784+0000] {dag.py:2705} INFO - Sync 1 DAGs
[2023-05-16T01:04:34.360+0000] {logging_mixin.py:137} INFO - [2023-05-16T01:04:34.357+0000] {dag.py:3456} INFO - Setting next_dagrun for thang to 2023-04-25T00:00:00+00:00, run_after=2023-04-25T00:00:00+00:00
[2023-05-16T01:04:34.520+0000] {processor.py:175} INFO - Processing /opt/airflow/dags/simple_dags.py took 1.439 seconds
[2023-05-16T01:05:10.960+0000] {processor.py:153} INFO - Started process (PID=17036) to work on /opt/airflow/dags/simple_dags.py
[2023-05-16T01:05:11.016+0000] {processor.py:743} INFO - Processing file /opt/airflow/dags/simple_dags.py for tasks to queue
[2023-05-16T01:05:11.053+0000] {logging_mixin.py:137} INFO - [2023-05-16T01:05:11.036+0000] {dagbag.py:532} INFO - Filling up the DagBag from /opt/airflow/dags/simple_dags.py
[2023-05-16T01:05:11.506+0000] {processor.py:753} INFO - DAG(s) dict_keys(['thang']) retrieved from /opt/airflow/dags/simple_dags.py
[2023-05-16T01:05:12.051+0000] {logging_mixin.py:137} INFO - [2023-05-16T01:05:12.050+0000] {dag.py:2705} INFO - Sync 1 DAGs
[2023-05-16T01:05:12.749+0000] {logging_mixin.py:137} INFO - [2023-05-16T01:05:12.748+0000] {dag.py:3456} INFO - Setting next_dagrun for thang to 2023-04-25T00:00:00+00:00, run_after=2023-04-25T00:00:00+00:00
[2023-05-16T01:05:13.061+0000] {processor.py:175} INFO - Processing /opt/airflow/dags/simple_dags.py took 2.222 seconds
[2023-05-16T01:05:49.111+0000] {processor.py:153} INFO - Started process (PID=17072) to work on /opt/airflow/dags/simple_dags.py
[2023-05-16T01:05:49.160+0000] {processor.py:743} INFO - Processing file /opt/airflow/dags/simple_dags.py for tasks to queue
[2023-05-16T01:05:49.244+0000] {logging_mixin.py:137} INFO - [2023-05-16T01:05:49.244+0000] {dagbag.py:532} INFO - Filling up the DagBag from /opt/airflow/dags/simple_dags.py
[2023-05-16T01:05:49.819+0000] {processor.py:753} INFO - DAG(s) dict_keys(['thang']) retrieved from /opt/airflow/dags/simple_dags.py
[2023-05-16T01:05:50.682+0000] {logging_mixin.py:137} INFO - [2023-05-16T01:05:50.670+0000] {dag.py:2705} INFO - Sync 1 DAGs
[2023-05-16T01:05:51.233+0000] {logging_mixin.py:137} INFO - [2023-05-16T01:05:51.232+0000] {dag.py:3456} INFO - Setting next_dagrun for thang to 2023-04-25T00:00:00+00:00, run_after=2023-04-25T00:00:00+00:00
[2023-05-16T01:05:51.653+0000] {processor.py:175} INFO - Processing /opt/airflow/dags/simple_dags.py took 2.865 seconds
[2023-05-16T01:06:24.966+0000] {processor.py:153} INFO - Started process (PID=17125) to work on /opt/airflow/dags/simple_dags.py
[2023-05-16T01:06:24.970+0000] {processor.py:743} INFO - Processing file /opt/airflow/dags/simple_dags.py for tasks to queue
[2023-05-16T01:06:24.973+0000] {logging_mixin.py:137} INFO - [2023-05-16T01:06:24.973+0000] {dagbag.py:532} INFO - Filling up the DagBag from /opt/airflow/dags/simple_dags.py
[2023-05-16T01:06:25.010+0000] {processor.py:753} INFO - DAG(s) dict_keys(['thang']) retrieved from /opt/airflow/dags/simple_dags.py
[2023-05-16T01:06:25.053+0000] {logging_mixin.py:137} INFO - [2023-05-16T01:06:25.053+0000] {dag.py:2705} INFO - Sync 1 DAGs
[2023-05-16T01:06:25.084+0000] {logging_mixin.py:137} INFO - [2023-05-16T01:06:25.084+0000] {dag.py:3456} INFO - Setting next_dagrun for thang to 2023-04-25T00:00:00+00:00, run_after=2023-04-25T00:00:00+00:00
[2023-05-16T01:06:25.108+0000] {processor.py:175} INFO - Processing /opt/airflow/dags/simple_dags.py took 0.155 seconds
[2023-05-16T01:09:06.962+0000] {processor.py:153} INFO - Started process (PID=17147) to work on /opt/airflow/dags/simple_dags.py
[2023-05-16T01:09:06.979+0000] {processor.py:743} INFO - Processing file /opt/airflow/dags/simple_dags.py for tasks to queue
[2023-05-16T01:09:06.987+0000] {logging_mixin.py:137} INFO - [2023-05-16T01:09:06.987+0000] {dagbag.py:532} INFO - Filling up the DagBag from /opt/airflow/dags/simple_dags.py
[2023-05-16T01:09:07.440+0000] {processor.py:753} INFO - DAG(s) dict_keys(['thang']) retrieved from /opt/airflow/dags/simple_dags.py
[2023-05-16T01:09:07.751+0000] {logging_mixin.py:137} INFO - [2023-05-16T01:09:07.751+0000] {dag.py:2705} INFO - Sync 1 DAGs
[2023-05-16T01:09:08.001+0000] {logging_mixin.py:137} INFO - [2023-05-16T01:09:08.000+0000] {dag.py:3456} INFO - Setting next_dagrun for thang to 2023-04-25T00:00:00+00:00, run_after=2023-04-25T00:00:00+00:00
[2023-05-16T01:09:08.150+0000] {processor.py:175} INFO - Processing /opt/airflow/dags/simple_dags.py took 1.278 seconds
[2023-05-16T01:09:45.548+0000] {processor.py:153} INFO - Started process (PID=17206) to work on /opt/airflow/dags/simple_dags.py
[2023-05-16T01:09:45.587+0000] {processor.py:743} INFO - Processing file /opt/airflow/dags/simple_dags.py for tasks to queue
[2023-05-16T01:09:45.600+0000] {logging_mixin.py:137} INFO - [2023-05-16T01:09:45.599+0000] {dagbag.py:532} INFO - Filling up the DagBag from /opt/airflow/dags/simple_dags.py
[2023-05-16T01:09:45.746+0000] {processor.py:753} INFO - DAG(s) dict_keys(['thang']) retrieved from /opt/airflow/dags/simple_dags.py
[2023-05-16T01:09:45.970+0000] {logging_mixin.py:137} INFO - [2023-05-16T01:09:45.969+0000] {dag.py:2705} INFO - Sync 1 DAGs
[2023-05-16T01:09:46.298+0000] {logging_mixin.py:137} INFO - [2023-05-16T01:09:46.297+0000] {dag.py:3456} INFO - Setting next_dagrun for thang to 2023-04-25T00:00:00+00:00, run_after=2023-04-25T00:00:00+00:00
[2023-05-16T01:09:46.501+0000] {processor.py:175} INFO - Processing /opt/airflow/dags/simple_dags.py took 0.998 seconds
[2023-05-16T01:11:25.423+0000] {processor.py:153} INFO - Started process (PID=17251) to work on /opt/airflow/dags/simple_dags.py
[2023-05-16T01:11:25.425+0000] {processor.py:743} INFO - Processing file /opt/airflow/dags/simple_dags.py for tasks to queue
[2023-05-16T01:11:25.428+0000] {logging_mixin.py:137} INFO - [2023-05-16T01:11:25.427+0000] {dagbag.py:532} INFO - Filling up the DagBag from /opt/airflow/dags/simple_dags.py
[2023-05-16T01:11:25.471+0000] {processor.py:753} INFO - DAG(s) dict_keys(['thang']) retrieved from /opt/airflow/dags/simple_dags.py
[2023-05-16T01:11:25.515+0000] {logging_mixin.py:137} INFO - [2023-05-16T01:11:25.515+0000] {dag.py:2705} INFO - Sync 1 DAGs
[2023-05-16T01:11:25.549+0000] {logging_mixin.py:137} INFO - [2023-05-16T01:11:25.549+0000] {dag.py:3456} INFO - Setting next_dagrun for thang to 2023-04-25T00:00:00+00:00, run_after=2023-04-25T00:00:00+00:00
[2023-05-16T01:11:25.578+0000] {processor.py:175} INFO - Processing /opt/airflow/dags/simple_dags.py took 0.165 seconds
[2023-05-16T01:11:56.184+0000] {processor.py:153} INFO - Started process (PID=17299) to work on /opt/airflow/dags/simple_dags.py
[2023-05-16T01:11:56.190+0000] {processor.py:743} INFO - Processing file /opt/airflow/dags/simple_dags.py for tasks to queue
[2023-05-16T01:11:56.192+0000] {logging_mixin.py:137} INFO - [2023-05-16T01:11:56.192+0000] {dagbag.py:532} INFO - Filling up the DagBag from /opt/airflow/dags/simple_dags.py
[2023-05-16T01:11:56.267+0000] {processor.py:753} INFO - DAG(s) dict_keys(['thang']) retrieved from /opt/airflow/dags/simple_dags.py
[2023-05-16T01:11:56.377+0000] {logging_mixin.py:137} INFO - [2023-05-16T01:11:56.377+0000] {dag.py:2705} INFO - Sync 1 DAGs
[2023-05-16T01:11:56.420+0000] {logging_mixin.py:137} INFO - [2023-05-16T01:11:56.420+0000] {dag.py:3456} INFO - Setting next_dagrun for thang to 2023-04-25T00:00:00+00:00, run_after=2023-04-25T00:00:00+00:00
[2023-05-16T01:11:56.474+0000] {processor.py:175} INFO - Processing /opt/airflow/dags/simple_dags.py took 0.306 seconds
[2023-05-16T01:12:26.687+0000] {processor.py:153} INFO - Started process (PID=17349) to work on /opt/airflow/dags/simple_dags.py
[2023-05-16T01:12:26.689+0000] {processor.py:743} INFO - Processing file /opt/airflow/dags/simple_dags.py for tasks to queue
[2023-05-16T01:12:26.691+0000] {logging_mixin.py:137} INFO - [2023-05-16T01:12:26.691+0000] {dagbag.py:532} INFO - Filling up the DagBag from /opt/airflow/dags/simple_dags.py
[2023-05-16T01:12:26.724+0000] {processor.py:753} INFO - DAG(s) dict_keys(['thang']) retrieved from /opt/airflow/dags/simple_dags.py
[2023-05-16T01:12:26.767+0000] {logging_mixin.py:137} INFO - [2023-05-16T01:12:26.766+0000] {dag.py:2705} INFO - Sync 1 DAGs
[2023-05-16T01:12:26.797+0000] {logging_mixin.py:137} INFO - [2023-05-16T01:12:26.796+0000] {dag.py:3456} INFO - Setting next_dagrun for thang to 2023-04-25T00:00:00+00:00, run_after=2023-04-25T00:00:00+00:00
[2023-05-16T01:12:26.819+0000] {processor.py:175} INFO - Processing /opt/airflow/dags/simple_dags.py took 0.141 seconds
[2023-05-16T01:12:57.570+0000] {processor.py:153} INFO - Started process (PID=17401) to work on /opt/airflow/dags/simple_dags.py
[2023-05-16T01:12:57.573+0000] {processor.py:743} INFO - Processing file /opt/airflow/dags/simple_dags.py for tasks to queue
[2023-05-16T01:12:57.575+0000] {logging_mixin.py:137} INFO - [2023-05-16T01:12:57.575+0000] {dagbag.py:532} INFO - Filling up the DagBag from /opt/airflow/dags/simple_dags.py
[2023-05-16T01:12:57.654+0000] {processor.py:753} INFO - DAG(s) dict_keys(['thang']) retrieved from /opt/airflow/dags/simple_dags.py
[2023-05-16T01:12:57.717+0000] {logging_mixin.py:137} INFO - [2023-05-16T01:12:57.717+0000] {dag.py:2705} INFO - Sync 1 DAGs
[2023-05-16T01:12:57.780+0000] {logging_mixin.py:137} INFO - [2023-05-16T01:12:57.780+0000] {dag.py:3456} INFO - Setting next_dagrun for thang to 2023-04-25T00:00:00+00:00, run_after=2023-04-25T00:00:00+00:00
[2023-05-16T01:12:57.825+0000] {processor.py:175} INFO - Processing /opt/airflow/dags/simple_dags.py took 0.277 seconds
[2023-05-16T01:13:28.125+0000] {processor.py:153} INFO - Started process (PID=17453) to work on /opt/airflow/dags/simple_dags.py
[2023-05-16T01:13:28.130+0000] {processor.py:743} INFO - Processing file /opt/airflow/dags/simple_dags.py for tasks to queue
[2023-05-16T01:13:28.134+0000] {logging_mixin.py:137} INFO - [2023-05-16T01:13:28.133+0000] {dagbag.py:532} INFO - Filling up the DagBag from /opt/airflow/dags/simple_dags.py
[2023-05-16T01:13:28.198+0000] {processor.py:753} INFO - DAG(s) dict_keys(['thang']) retrieved from /opt/airflow/dags/simple_dags.py
[2023-05-16T01:13:28.289+0000] {logging_mixin.py:137} INFO - [2023-05-16T01:13:28.288+0000] {dag.py:2705} INFO - Sync 1 DAGs
[2023-05-16T01:13:28.354+0000] {logging_mixin.py:137} INFO - [2023-05-16T01:13:28.354+0000] {dag.py:3456} INFO - Setting next_dagrun for thang to 2023-04-25T00:00:00+00:00, run_after=2023-04-25T00:00:00+00:00
[2023-05-16T01:13:28.412+0000] {processor.py:175} INFO - Processing /opt/airflow/dags/simple_dags.py took 0.301 seconds
[2023-05-16T01:13:58.632+0000] {processor.py:153} INFO - Started process (PID=17505) to work on /opt/airflow/dags/simple_dags.py
[2023-05-16T01:13:58.634+0000] {processor.py:743} INFO - Processing file /opt/airflow/dags/simple_dags.py for tasks to queue
[2023-05-16T01:13:58.637+0000] {logging_mixin.py:137} INFO - [2023-05-16T01:13:58.637+0000] {dagbag.py:532} INFO - Filling up the DagBag from /opt/airflow/dags/simple_dags.py
[2023-05-16T01:13:58.671+0000] {processor.py:753} INFO - DAG(s) dict_keys(['thang']) retrieved from /opt/airflow/dags/simple_dags.py
[2023-05-16T01:13:58.716+0000] {logging_mixin.py:137} INFO - [2023-05-16T01:13:58.716+0000] {dag.py:2705} INFO - Sync 1 DAGs
[2023-05-16T01:13:58.758+0000] {logging_mixin.py:137} INFO - [2023-05-16T01:13:58.758+0000] {dag.py:3456} INFO - Setting next_dagrun for thang to 2023-04-25T00:00:00+00:00, run_after=2023-04-25T00:00:00+00:00
[2023-05-16T01:13:58.804+0000] {processor.py:175} INFO - Processing /opt/airflow/dags/simple_dags.py took 0.184 seconds
[2023-05-16T01:14:29.197+0000] {processor.py:153} INFO - Started process (PID=17557) to work on /opt/airflow/dags/simple_dags.py
[2023-05-16T01:14:29.200+0000] {processor.py:743} INFO - Processing file /opt/airflow/dags/simple_dags.py for tasks to queue
[2023-05-16T01:14:29.202+0000] {logging_mixin.py:137} INFO - [2023-05-16T01:14:29.202+0000] {dagbag.py:532} INFO - Filling up the DagBag from /opt/airflow/dags/simple_dags.py
[2023-05-16T01:14:29.234+0000] {processor.py:753} INFO - DAG(s) dict_keys(['thang']) retrieved from /opt/airflow/dags/simple_dags.py
[2023-05-16T01:14:29.285+0000] {logging_mixin.py:137} INFO - [2023-05-16T01:14:29.285+0000] {dag.py:2705} INFO - Sync 1 DAGs
[2023-05-16T01:14:29.321+0000] {logging_mixin.py:137} INFO - [2023-05-16T01:14:29.320+0000] {dag.py:3456} INFO - Setting next_dagrun for thang to 2023-04-25T00:00:00+00:00, run_after=2023-04-25T00:00:00+00:00
[2023-05-16T01:14:29.359+0000] {processor.py:175} INFO - Processing /opt/airflow/dags/simple_dags.py took 0.174 seconds
[2023-05-16T01:14:59.603+0000] {processor.py:153} INFO - Started process (PID=17610) to work on /opt/airflow/dags/simple_dags.py
[2023-05-16T01:14:59.606+0000] {processor.py:743} INFO - Processing file /opt/airflow/dags/simple_dags.py for tasks to queue
[2023-05-16T01:14:59.609+0000] {logging_mixin.py:137} INFO - [2023-05-16T01:14:59.609+0000] {dagbag.py:532} INFO - Filling up the DagBag from /opt/airflow/dags/simple_dags.py
[2023-05-16T01:14:59.644+0000] {processor.py:753} INFO - DAG(s) dict_keys(['thang']) retrieved from /opt/airflow/dags/simple_dags.py
[2023-05-16T01:14:59.687+0000] {logging_mixin.py:137} INFO - [2023-05-16T01:14:59.687+0000] {dag.py:2705} INFO - Sync 1 DAGs
[2023-05-16T01:14:59.728+0000] {logging_mixin.py:137} INFO - [2023-05-16T01:14:59.728+0000] {dag.py:3456} INFO - Setting next_dagrun for thang to 2023-04-25T00:00:00+00:00, run_after=2023-04-25T00:00:00+00:00
[2023-05-16T01:14:59.761+0000] {processor.py:175} INFO - Processing /opt/airflow/dags/simple_dags.py took 0.169 seconds
[2023-05-16T01:15:30.255+0000] {processor.py:153} INFO - Started process (PID=17662) to work on /opt/airflow/dags/simple_dags.py
[2023-05-16T01:15:30.258+0000] {processor.py:743} INFO - Processing file /opt/airflow/dags/simple_dags.py for tasks to queue
[2023-05-16T01:15:30.261+0000] {logging_mixin.py:137} INFO - [2023-05-16T01:15:30.260+0000] {dagbag.py:532} INFO - Filling up the DagBag from /opt/airflow/dags/simple_dags.py
[2023-05-16T01:15:30.297+0000] {processor.py:753} INFO - DAG(s) dict_keys(['thang']) retrieved from /opt/airflow/dags/simple_dags.py
[2023-05-16T01:15:30.346+0000] {logging_mixin.py:137} INFO - [2023-05-16T01:15:30.346+0000] {dag.py:2705} INFO - Sync 1 DAGs
[2023-05-16T01:15:30.387+0000] {logging_mixin.py:137} INFO - [2023-05-16T01:15:30.387+0000] {dag.py:3456} INFO - Setting next_dagrun for thang to 2023-04-25T00:00:00+00:00, run_after=2023-04-25T00:00:00+00:00
[2023-05-16T01:15:30.422+0000] {processor.py:175} INFO - Processing /opt/airflow/dags/simple_dags.py took 0.182 seconds
[2023-05-16T01:16:00.629+0000] {processor.py:153} INFO - Started process (PID=17714) to work on /opt/airflow/dags/simple_dags.py
[2023-05-16T01:16:00.632+0000] {processor.py:743} INFO - Processing file /opt/airflow/dags/simple_dags.py for tasks to queue
[2023-05-16T01:16:00.636+0000] {logging_mixin.py:137} INFO - [2023-05-16T01:16:00.635+0000] {dagbag.py:532} INFO - Filling up the DagBag from /opt/airflow/dags/simple_dags.py
[2023-05-16T01:16:00.678+0000] {processor.py:753} INFO - DAG(s) dict_keys(['thang']) retrieved from /opt/airflow/dags/simple_dags.py
[2023-05-16T01:16:00.735+0000] {logging_mixin.py:137} INFO - [2023-05-16T01:16:00.734+0000] {dag.py:2705} INFO - Sync 1 DAGs
[2023-05-16T01:16:00.782+0000] {logging_mixin.py:137} INFO - [2023-05-16T01:16:00.782+0000] {dag.py:3456} INFO - Setting next_dagrun for thang to 2023-04-25T00:00:00+00:00, run_after=2023-04-25T00:00:00+00:00
[2023-05-16T01:16:00.825+0000] {processor.py:175} INFO - Processing /opt/airflow/dags/simple_dags.py took 0.207 seconds
[2023-05-16T01:16:31.369+0000] {processor.py:153} INFO - Started process (PID=17766) to work on /opt/airflow/dags/simple_dags.py
[2023-05-16T01:16:31.371+0000] {processor.py:743} INFO - Processing file /opt/airflow/dags/simple_dags.py for tasks to queue
[2023-05-16T01:16:31.374+0000] {logging_mixin.py:137} INFO - [2023-05-16T01:16:31.373+0000] {dagbag.py:532} INFO - Filling up the DagBag from /opt/airflow/dags/simple_dags.py
[2023-05-16T01:16:31.409+0000] {processor.py:753} INFO - DAG(s) dict_keys(['thang']) retrieved from /opt/airflow/dags/simple_dags.py
[2023-05-16T01:16:31.475+0000] {logging_mixin.py:137} INFO - [2023-05-16T01:16:31.475+0000] {dag.py:2705} INFO - Sync 1 DAGs
[2023-05-16T01:16:31.523+0000] {logging_mixin.py:137} INFO - [2023-05-16T01:16:31.523+0000] {dag.py:3456} INFO - Setting next_dagrun for thang to 2023-04-25T00:00:00+00:00, run_after=2023-04-25T00:00:00+00:00
[2023-05-16T01:16:31.563+0000] {processor.py:175} INFO - Processing /opt/airflow/dags/simple_dags.py took 0.206 seconds
[2023-05-16T01:17:02.005+0000] {processor.py:153} INFO - Started process (PID=17819) to work on /opt/airflow/dags/simple_dags.py
[2023-05-16T01:17:02.008+0000] {processor.py:743} INFO - Processing file /opt/airflow/dags/simple_dags.py for tasks to queue
[2023-05-16T01:17:02.018+0000] {logging_mixin.py:137} INFO - [2023-05-16T01:17:02.016+0000] {dagbag.py:532} INFO - Filling up the DagBag from /opt/airflow/dags/simple_dags.py
[2023-05-16T01:17:02.107+0000] {processor.py:753} INFO - DAG(s) dict_keys(['thang']) retrieved from /opt/airflow/dags/simple_dags.py
[2023-05-16T01:17:02.245+0000] {logging_mixin.py:137} INFO - [2023-05-16T01:17:02.244+0000] {dag.py:2705} INFO - Sync 1 DAGs
[2023-05-16T01:17:02.347+0000] {logging_mixin.py:137} INFO - [2023-05-16T01:17:02.347+0000] {dag.py:3456} INFO - Setting next_dagrun for thang to 2023-04-25T00:00:00+00:00, run_after=2023-04-25T00:00:00+00:00
[2023-05-16T01:17:02.451+0000] {processor.py:175} INFO - Processing /opt/airflow/dags/simple_dags.py took 0.467 seconds
[2023-05-16T01:17:33.253+0000] {processor.py:153} INFO - Started process (PID=17872) to work on /opt/airflow/dags/simple_dags.py
[2023-05-16T01:17:33.264+0000] {processor.py:743} INFO - Processing file /opt/airflow/dags/simple_dags.py for tasks to queue
[2023-05-16T01:17:33.268+0000] {logging_mixin.py:137} INFO - [2023-05-16T01:17:33.267+0000] {dagbag.py:532} INFO - Filling up the DagBag from /opt/airflow/dags/simple_dags.py
[2023-05-16T01:17:33.324+0000] {processor.py:753} INFO - DAG(s) dict_keys(['thang']) retrieved from /opt/airflow/dags/simple_dags.py
[2023-05-16T01:17:33.395+0000] {logging_mixin.py:137} INFO - [2023-05-16T01:17:33.395+0000] {dag.py:2705} INFO - Sync 1 DAGs
[2023-05-16T01:17:33.465+0000] {logging_mixin.py:137} INFO - [2023-05-16T01:17:33.465+0000] {dag.py:3456} INFO - Setting next_dagrun for thang to 2023-04-25T00:00:00+00:00, run_after=2023-04-25T00:00:00+00:00
[2023-05-16T01:17:33.504+0000] {processor.py:175} INFO - Processing /opt/airflow/dags/simple_dags.py took 0.265 seconds
[2023-05-16T01:18:03.891+0000] {processor.py:153} INFO - Started process (PID=17924) to work on /opt/airflow/dags/simple_dags.py
[2023-05-16T01:18:03.897+0000] {processor.py:743} INFO - Processing file /opt/airflow/dags/simple_dags.py for tasks to queue
[2023-05-16T01:18:03.899+0000] {logging_mixin.py:137} INFO - [2023-05-16T01:18:03.899+0000] {dagbag.py:532} INFO - Filling up the DagBag from /opt/airflow/dags/simple_dags.py
[2023-05-16T01:18:03.930+0000] {processor.py:753} INFO - DAG(s) dict_keys(['thang']) retrieved from /opt/airflow/dags/simple_dags.py
[2023-05-16T01:18:03.975+0000] {logging_mixin.py:137} INFO - [2023-05-16T01:18:03.975+0000] {dag.py:2705} INFO - Sync 1 DAGs
[2023-05-16T01:18:04.015+0000] {logging_mixin.py:137} INFO - [2023-05-16T01:18:04.015+0000] {dag.py:3456} INFO - Setting next_dagrun for thang to 2023-04-25T00:00:00+00:00, run_after=2023-04-25T00:00:00+00:00
[2023-05-16T01:18:04.044+0000] {processor.py:175} INFO - Processing /opt/airflow/dags/simple_dags.py took 0.164 seconds
[2023-05-16T01:18:34.774+0000] {processor.py:153} INFO - Started process (PID=17976) to work on /opt/airflow/dags/simple_dags.py
[2023-05-16T01:18:34.780+0000] {processor.py:743} INFO - Processing file /opt/airflow/dags/simple_dags.py for tasks to queue
[2023-05-16T01:18:34.782+0000] {logging_mixin.py:137} INFO - [2023-05-16T01:18:34.782+0000] {dagbag.py:532} INFO - Filling up the DagBag from /opt/airflow/dags/simple_dags.py
[2023-05-16T01:18:34.845+0000] {processor.py:753} INFO - DAG(s) dict_keys(['thang']) retrieved from /opt/airflow/dags/simple_dags.py
[2023-05-16T01:18:34.914+0000] {logging_mixin.py:137} INFO - [2023-05-16T01:18:34.914+0000] {dag.py:2705} INFO - Sync 1 DAGs
[2023-05-16T01:18:35.011+0000] {logging_mixin.py:137} INFO - [2023-05-16T01:18:35.011+0000] {dag.py:3456} INFO - Setting next_dagrun for thang to 2023-04-25T00:00:00+00:00, run_after=2023-04-25T00:00:00+00:00
[2023-05-16T01:18:35.076+0000] {processor.py:175} INFO - Processing /opt/airflow/dags/simple_dags.py took 0.334 seconds
[2023-05-16T01:19:06.037+0000] {processor.py:153} INFO - Started process (PID=18029) to work on /opt/airflow/dags/simple_dags.py
[2023-05-16T01:19:06.040+0000] {processor.py:743} INFO - Processing file /opt/airflow/dags/simple_dags.py for tasks to queue
[2023-05-16T01:19:06.043+0000] {logging_mixin.py:137} INFO - [2023-05-16T01:19:06.042+0000] {dagbag.py:532} INFO - Filling up the DagBag from /opt/airflow/dags/simple_dags.py
[2023-05-16T01:19:06.098+0000] {processor.py:753} INFO - DAG(s) dict_keys(['thang']) retrieved from /opt/airflow/dags/simple_dags.py
[2023-05-16T01:19:06.177+0000] {logging_mixin.py:137} INFO - [2023-05-16T01:19:06.177+0000] {dag.py:2705} INFO - Sync 1 DAGs
[2023-05-16T01:19:06.243+0000] {logging_mixin.py:137} INFO - [2023-05-16T01:19:06.242+0000] {dag.py:3456} INFO - Setting next_dagrun for thang to 2023-04-25T00:00:00+00:00, run_after=2023-04-25T00:00:00+00:00
[2023-05-16T01:19:06.298+0000] {processor.py:175} INFO - Processing /opt/airflow/dags/simple_dags.py took 0.275 seconds
[2023-05-16T01:19:36.383+0000] {processor.py:153} INFO - Started process (PID=18080) to work on /opt/airflow/dags/simple_dags.py
[2023-05-16T01:19:36.385+0000] {processor.py:743} INFO - Processing file /opt/airflow/dags/simple_dags.py for tasks to queue
[2023-05-16T01:19:36.389+0000] {logging_mixin.py:137} INFO - [2023-05-16T01:19:36.388+0000] {dagbag.py:532} INFO - Filling up the DagBag from /opt/airflow/dags/simple_dags.py
[2023-05-16T01:19:36.426+0000] {processor.py:753} INFO - DAG(s) dict_keys(['thang']) retrieved from /opt/airflow/dags/simple_dags.py
[2023-05-16T01:19:36.472+0000] {logging_mixin.py:137} INFO - [2023-05-16T01:19:36.472+0000] {dag.py:2705} INFO - Sync 1 DAGs
[2023-05-16T01:19:36.527+0000] {logging_mixin.py:137} INFO - [2023-05-16T01:19:36.526+0000] {dag.py:3456} INFO - Setting next_dagrun for thang to 2023-04-25T00:00:00+00:00, run_after=2023-04-25T00:00:00+00:00
[2023-05-16T01:19:36.562+0000] {processor.py:175} INFO - Processing /opt/airflow/dags/simple_dags.py took 0.185 seconds
[2023-05-16T01:20:06.937+0000] {processor.py:153} INFO - Started process (PID=18132) to work on /opt/airflow/dags/simple_dags.py
[2023-05-16T01:20:06.940+0000] {processor.py:743} INFO - Processing file /opt/airflow/dags/simple_dags.py for tasks to queue
[2023-05-16T01:20:06.943+0000] {logging_mixin.py:137} INFO - [2023-05-16T01:20:06.943+0000] {dagbag.py:532} INFO - Filling up the DagBag from /opt/airflow/dags/simple_dags.py
[2023-05-16T01:20:06.975+0000] {processor.py:753} INFO - DAG(s) dict_keys(['thang']) retrieved from /opt/airflow/dags/simple_dags.py
[2023-05-16T01:20:07.025+0000] {logging_mixin.py:137} INFO - [2023-05-16T01:20:07.025+0000] {dag.py:2705} INFO - Sync 1 DAGs
[2023-05-16T01:20:07.070+0000] {logging_mixin.py:137} INFO - [2023-05-16T01:20:07.070+0000] {dag.py:3456} INFO - Setting next_dagrun for thang to 2023-04-25T00:00:00+00:00, run_after=2023-04-25T00:00:00+00:00
[2023-05-16T01:20:07.107+0000] {processor.py:175} INFO - Processing /opt/airflow/dags/simple_dags.py took 0.180 seconds
[2023-05-16T01:20:37.367+0000] {processor.py:153} INFO - Started process (PID=18184) to work on /opt/airflow/dags/simple_dags.py
[2023-05-16T01:20:37.370+0000] {processor.py:743} INFO - Processing file /opt/airflow/dags/simple_dags.py for tasks to queue
[2023-05-16T01:20:37.372+0000] {logging_mixin.py:137} INFO - [2023-05-16T01:20:37.372+0000] {dagbag.py:532} INFO - Filling up the DagBag from /opt/airflow/dags/simple_dags.py
[2023-05-16T01:20:37.411+0000] {processor.py:753} INFO - DAG(s) dict_keys(['thang']) retrieved from /opt/airflow/dags/simple_dags.py
[2023-05-16T01:20:37.456+0000] {logging_mixin.py:137} INFO - [2023-05-16T01:20:37.456+0000] {dag.py:2705} INFO - Sync 1 DAGs
[2023-05-16T01:20:37.504+0000] {logging_mixin.py:137} INFO - [2023-05-16T01:20:37.504+0000] {dag.py:3456} INFO - Setting next_dagrun for thang to 2023-04-25T00:00:00+00:00, run_after=2023-04-25T00:00:00+00:00
[2023-05-16T01:20:37.548+0000] {processor.py:175} INFO - Processing /opt/airflow/dags/simple_dags.py took 0.190 seconds
[2023-05-16T01:21:08.386+0000] {processor.py:153} INFO - Started process (PID=18235) to work on /opt/airflow/dags/simple_dags.py
[2023-05-16T01:21:08.392+0000] {processor.py:743} INFO - Processing file /opt/airflow/dags/simple_dags.py for tasks to queue
[2023-05-16T01:21:08.395+0000] {logging_mixin.py:137} INFO - [2023-05-16T01:21:08.395+0000] {dagbag.py:532} INFO - Filling up the DagBag from /opt/airflow/dags/simple_dags.py
[2023-05-16T01:21:08.463+0000] {processor.py:753} INFO - DAG(s) dict_keys(['thang']) retrieved from /opt/airflow/dags/simple_dags.py
[2023-05-16T01:21:08.545+0000] {logging_mixin.py:137} INFO - [2023-05-16T01:21:08.545+0000] {dag.py:2705} INFO - Sync 1 DAGs
[2023-05-16T01:21:08.620+0000] {logging_mixin.py:137} INFO - [2023-05-16T01:21:08.619+0000] {dag.py:3456} INFO - Setting next_dagrun for thang to 2023-04-25T00:00:00+00:00, run_after=2023-04-25T00:00:00+00:00
[2023-05-16T01:21:08.670+0000] {processor.py:175} INFO - Processing /opt/airflow/dags/simple_dags.py took 0.307 seconds
[2023-05-16T01:21:39.361+0000] {processor.py:153} INFO - Started process (PID=18287) to work on /opt/airflow/dags/simple_dags.py
[2023-05-16T01:21:39.375+0000] {processor.py:743} INFO - Processing file /opt/airflow/dags/simple_dags.py for tasks to queue
[2023-05-16T01:21:39.378+0000] {logging_mixin.py:137} INFO - [2023-05-16T01:21:39.378+0000] {dagbag.py:532} INFO - Filling up the DagBag from /opt/airflow/dags/simple_dags.py
[2023-05-16T01:21:39.418+0000] {processor.py:753} INFO - DAG(s) dict_keys(['thang']) retrieved from /opt/airflow/dags/simple_dags.py
[2023-05-16T01:21:39.469+0000] {logging_mixin.py:137} INFO - [2023-05-16T01:21:39.469+0000] {dag.py:2705} INFO - Sync 1 DAGs
[2023-05-16T01:21:39.527+0000] {logging_mixin.py:137} INFO - [2023-05-16T01:21:39.527+0000] {dag.py:3456} INFO - Setting next_dagrun for thang to 2023-04-25T00:00:00+00:00, run_after=2023-04-25T00:00:00+00:00
[2023-05-16T01:21:39.559+0000] {processor.py:175} INFO - Processing /opt/airflow/dags/simple_dags.py took 0.209 seconds
[2023-05-16T01:22:09.712+0000] {processor.py:153} INFO - Started process (PID=18340) to work on /opt/airflow/dags/simple_dags.py
[2023-05-16T01:22:09.714+0000] {processor.py:743} INFO - Processing file /opt/airflow/dags/simple_dags.py for tasks to queue
[2023-05-16T01:22:09.716+0000] {logging_mixin.py:137} INFO - [2023-05-16T01:22:09.716+0000] {dagbag.py:532} INFO - Filling up the DagBag from /opt/airflow/dags/simple_dags.py
[2023-05-16T01:22:09.751+0000] {processor.py:753} INFO - DAG(s) dict_keys(['thang']) retrieved from /opt/airflow/dags/simple_dags.py
[2023-05-16T01:22:09.803+0000] {logging_mixin.py:137} INFO - [2023-05-16T01:22:09.803+0000] {dag.py:2705} INFO - Sync 1 DAGs
[2023-05-16T01:22:09.844+0000] {logging_mixin.py:137} INFO - [2023-05-16T01:22:09.843+0000] {dag.py:3456} INFO - Setting next_dagrun for thang to 2023-04-25T00:00:00+00:00, run_after=2023-04-25T00:00:00+00:00
[2023-05-16T01:22:09.875+0000] {processor.py:175} INFO - Processing /opt/airflow/dags/simple_dags.py took 0.169 seconds
[2023-05-16T01:22:40.176+0000] {processor.py:153} INFO - Started process (PID=18392) to work on /opt/airflow/dags/simple_dags.py
[2023-05-16T01:22:40.182+0000] {processor.py:743} INFO - Processing file /opt/airflow/dags/simple_dags.py for tasks to queue
[2023-05-16T01:22:40.184+0000] {logging_mixin.py:137} INFO - [2023-05-16T01:22:40.184+0000] {dagbag.py:532} INFO - Filling up the DagBag from /opt/airflow/dags/simple_dags.py
[2023-05-16T01:22:40.215+0000] {processor.py:753} INFO - DAG(s) dict_keys(['thang']) retrieved from /opt/airflow/dags/simple_dags.py
[2023-05-16T01:22:40.255+0000] {logging_mixin.py:137} INFO - [2023-05-16T01:22:40.255+0000] {dag.py:2705} INFO - Sync 1 DAGs
[2023-05-16T01:22:40.294+0000] {logging_mixin.py:137} INFO - [2023-05-16T01:22:40.293+0000] {dag.py:3456} INFO - Setting next_dagrun for thang to 2023-04-25T00:00:00+00:00, run_after=2023-04-25T00:00:00+00:00
[2023-05-16T01:22:40.348+0000] {processor.py:175} INFO - Processing /opt/airflow/dags/simple_dags.py took 0.182 seconds
[2023-05-16T01:23:10.737+0000] {processor.py:153} INFO - Started process (PID=18444) to work on /opt/airflow/dags/simple_dags.py
[2023-05-16T01:23:10.740+0000] {processor.py:743} INFO - Processing file /opt/airflow/dags/simple_dags.py for tasks to queue
[2023-05-16T01:23:10.743+0000] {logging_mixin.py:137} INFO - [2023-05-16T01:23:10.742+0000] {dagbag.py:532} INFO - Filling up the DagBag from /opt/airflow/dags/simple_dags.py
[2023-05-16T01:23:10.774+0000] {processor.py:753} INFO - DAG(s) dict_keys(['thang']) retrieved from /opt/airflow/dags/simple_dags.py
[2023-05-16T01:23:10.844+0000] {logging_mixin.py:137} INFO - [2023-05-16T01:23:10.842+0000] {dag.py:2705} INFO - Sync 1 DAGs
[2023-05-16T01:23:10.967+0000] {logging_mixin.py:137} INFO - [2023-05-16T01:23:10.967+0000] {dag.py:3456} INFO - Setting next_dagrun for thang to 2023-04-25T00:00:00+00:00, run_after=2023-04-25T00:00:00+00:00
[2023-05-16T01:23:11.008+0000] {processor.py:175} INFO - Processing /opt/airflow/dags/simple_dags.py took 0.284 seconds
[2023-05-16T01:23:41.344+0000] {processor.py:153} INFO - Started process (PID=18497) to work on /opt/airflow/dags/simple_dags.py
[2023-05-16T01:23:41.347+0000] {processor.py:743} INFO - Processing file /opt/airflow/dags/simple_dags.py for tasks to queue
[2023-05-16T01:23:41.350+0000] {logging_mixin.py:137} INFO - [2023-05-16T01:23:41.349+0000] {dagbag.py:532} INFO - Filling up the DagBag from /opt/airflow/dags/simple_dags.py
[2023-05-16T01:23:41.388+0000] {processor.py:753} INFO - DAG(s) dict_keys(['thang']) retrieved from /opt/airflow/dags/simple_dags.py
[2023-05-16T01:23:41.427+0000] {logging_mixin.py:137} INFO - [2023-05-16T01:23:41.427+0000] {dag.py:2705} INFO - Sync 1 DAGs
[2023-05-16T01:23:41.466+0000] {logging_mixin.py:137} INFO - [2023-05-16T01:23:41.466+0000] {dag.py:3456} INFO - Setting next_dagrun for thang to 2023-04-25T00:00:00+00:00, run_after=2023-04-25T00:00:00+00:00
[2023-05-16T01:23:41.508+0000] {processor.py:175} INFO - Processing /opt/airflow/dags/simple_dags.py took 0.178 seconds
[2023-05-16T01:24:11.785+0000] {processor.py:153} INFO - Started process (PID=18548) to work on /opt/airflow/dags/simple_dags.py
[2023-05-16T01:24:11.790+0000] {processor.py:743} INFO - Processing file /opt/airflow/dags/simple_dags.py for tasks to queue
[2023-05-16T01:24:11.794+0000] {logging_mixin.py:137} INFO - [2023-05-16T01:24:11.794+0000] {dagbag.py:532} INFO - Filling up the DagBag from /opt/airflow/dags/simple_dags.py
[2023-05-16T01:24:11.825+0000] {processor.py:753} INFO - DAG(s) dict_keys(['thang']) retrieved from /opt/airflow/dags/simple_dags.py
[2023-05-16T01:24:11.877+0000] {logging_mixin.py:137} INFO - [2023-05-16T01:24:11.876+0000] {dag.py:2705} INFO - Sync 1 DAGs
[2023-05-16T01:24:11.915+0000] {logging_mixin.py:137} INFO - [2023-05-16T01:24:11.915+0000] {dag.py:3456} INFO - Setting next_dagrun for thang to 2023-04-25T00:00:00+00:00, run_after=2023-04-25T00:00:00+00:00
[2023-05-16T01:24:11.947+0000] {processor.py:175} INFO - Processing /opt/airflow/dags/simple_dags.py took 0.173 seconds
[2023-05-16T01:24:42.842+0000] {processor.py:153} INFO - Started process (PID=18600) to work on /opt/airflow/dags/simple_dags.py
[2023-05-16T01:24:42.844+0000] {processor.py:743} INFO - Processing file /opt/airflow/dags/simple_dags.py for tasks to queue
[2023-05-16T01:24:42.845+0000] {logging_mixin.py:137} INFO - [2023-05-16T01:24:42.845+0000] {dagbag.py:532} INFO - Filling up the DagBag from /opt/airflow/dags/simple_dags.py
[2023-05-16T01:24:42.873+0000] {processor.py:753} INFO - DAG(s) dict_keys(['thang']) retrieved from /opt/airflow/dags/simple_dags.py
[2023-05-16T01:24:42.909+0000] {logging_mixin.py:137} INFO - [2023-05-16T01:24:42.909+0000] {dag.py:2705} INFO - Sync 1 DAGs
[2023-05-16T01:24:42.941+0000] {logging_mixin.py:137} INFO - [2023-05-16T01:24:42.941+0000] {dag.py:3456} INFO - Setting next_dagrun for thang to 2023-04-25T00:00:00+00:00, run_after=2023-04-25T00:00:00+00:00
[2023-05-16T01:24:43.002+0000] {processor.py:175} INFO - Processing /opt/airflow/dags/simple_dags.py took 0.179 seconds
[2023-05-16T01:25:13.498+0000] {processor.py:153} INFO - Started process (PID=18652) to work on /opt/airflow/dags/simple_dags.py
[2023-05-16T01:25:13.508+0000] {processor.py:743} INFO - Processing file /opt/airflow/dags/simple_dags.py for tasks to queue
[2023-05-16T01:25:13.514+0000] {logging_mixin.py:137} INFO - [2023-05-16T01:25:13.513+0000] {dagbag.py:532} INFO - Filling up the DagBag from /opt/airflow/dags/simple_dags.py
[2023-05-16T01:25:13.552+0000] {processor.py:753} INFO - DAG(s) dict_keys(['thang']) retrieved from /opt/airflow/dags/simple_dags.py
[2023-05-16T01:25:13.629+0000] {logging_mixin.py:137} INFO - [2023-05-16T01:25:13.628+0000] {dag.py:2705} INFO - Sync 1 DAGs
[2023-05-16T01:25:13.689+0000] {logging_mixin.py:137} INFO - [2023-05-16T01:25:13.689+0000] {dag.py:3456} INFO - Setting next_dagrun for thang to 2023-04-25T00:00:00+00:00, run_after=2023-04-25T00:00:00+00:00
[2023-05-16T01:25:13.730+0000] {processor.py:175} INFO - Processing /opt/airflow/dags/simple_dags.py took 0.251 seconds
[2023-05-16T01:25:44.032+0000] {processor.py:153} INFO - Started process (PID=18704) to work on /opt/airflow/dags/simple_dags.py
[2023-05-16T01:25:44.035+0000] {processor.py:743} INFO - Processing file /opt/airflow/dags/simple_dags.py for tasks to queue
[2023-05-16T01:25:44.038+0000] {logging_mixin.py:137} INFO - [2023-05-16T01:25:44.037+0000] {dagbag.py:532} INFO - Filling up the DagBag from /opt/airflow/dags/simple_dags.py
[2023-05-16T01:25:44.097+0000] {processor.py:753} INFO - DAG(s) dict_keys(['thang']) retrieved from /opt/airflow/dags/simple_dags.py
[2023-05-16T01:25:44.179+0000] {logging_mixin.py:137} INFO - [2023-05-16T01:25:44.179+0000] {dag.py:2705} INFO - Sync 1 DAGs
[2023-05-16T01:25:44.242+0000] {logging_mixin.py:137} INFO - [2023-05-16T01:25:44.242+0000] {dag.py:3456} INFO - Setting next_dagrun for thang to 2023-04-25T00:00:00+00:00, run_after=2023-04-25T00:00:00+00:00
[2023-05-16T01:25:44.299+0000] {processor.py:175} INFO - Processing /opt/airflow/dags/simple_dags.py took 0.296 seconds
[2023-05-16T01:26:14.410+0000] {processor.py:153} INFO - Started process (PID=18756) to work on /opt/airflow/dags/simple_dags.py
[2023-05-16T01:26:14.412+0000] {processor.py:743} INFO - Processing file /opt/airflow/dags/simple_dags.py for tasks to queue
[2023-05-16T01:26:14.415+0000] {logging_mixin.py:137} INFO - [2023-05-16T01:26:14.414+0000] {dagbag.py:532} INFO - Filling up the DagBag from /opt/airflow/dags/simple_dags.py
[2023-05-16T01:26:14.445+0000] {processor.py:753} INFO - DAG(s) dict_keys(['thang']) retrieved from /opt/airflow/dags/simple_dags.py
[2023-05-16T01:26:14.496+0000] {logging_mixin.py:137} INFO - [2023-05-16T01:26:14.496+0000] {dag.py:2705} INFO - Sync 1 DAGs
[2023-05-16T01:26:14.530+0000] {logging_mixin.py:137} INFO - [2023-05-16T01:26:14.530+0000] {dag.py:3456} INFO - Setting next_dagrun for thang to 2023-04-25T00:00:00+00:00, run_after=2023-04-25T00:00:00+00:00
[2023-05-16T01:26:14.570+0000] {processor.py:175} INFO - Processing /opt/airflow/dags/simple_dags.py took 0.170 seconds
[2023-05-16T01:26:44.790+0000] {processor.py:153} INFO - Started process (PID=18808) to work on /opt/airflow/dags/simple_dags.py
[2023-05-16T01:26:44.793+0000] {processor.py:743} INFO - Processing file /opt/airflow/dags/simple_dags.py for tasks to queue
[2023-05-16T01:26:44.796+0000] {logging_mixin.py:137} INFO - [2023-05-16T01:26:44.796+0000] {dagbag.py:532} INFO - Filling up the DagBag from /opt/airflow/dags/simple_dags.py
[2023-05-16T01:26:44.829+0000] {processor.py:753} INFO - DAG(s) dict_keys(['thang']) retrieved from /opt/airflow/dags/simple_dags.py
[2023-05-16T01:26:44.870+0000] {logging_mixin.py:137} INFO - [2023-05-16T01:26:44.869+0000] {dag.py:2705} INFO - Sync 1 DAGs
[2023-05-16T01:26:44.905+0000] {logging_mixin.py:137} INFO - [2023-05-16T01:26:44.905+0000] {dag.py:3456} INFO - Setting next_dagrun for thang to 2023-04-25T00:00:00+00:00, run_after=2023-04-25T00:00:00+00:00
[2023-05-16T01:26:44.945+0000] {processor.py:175} INFO - Processing /opt/airflow/dags/simple_dags.py took 0.166 seconds
[2023-05-16T01:27:15.486+0000] {processor.py:153} INFO - Started process (PID=18860) to work on /opt/airflow/dags/simple_dags.py
[2023-05-16T01:27:15.489+0000] {processor.py:743} INFO - Processing file /opt/airflow/dags/simple_dags.py for tasks to queue
[2023-05-16T01:27:15.491+0000] {logging_mixin.py:137} INFO - [2023-05-16T01:27:15.491+0000] {dagbag.py:532} INFO - Filling up the DagBag from /opt/airflow/dags/simple_dags.py
[2023-05-16T01:27:15.524+0000] {processor.py:753} INFO - DAG(s) dict_keys(['thang']) retrieved from /opt/airflow/dags/simple_dags.py
[2023-05-16T01:27:15.567+0000] {logging_mixin.py:137} INFO - [2023-05-16T01:27:15.566+0000] {dag.py:2705} INFO - Sync 1 DAGs
[2023-05-16T01:27:15.610+0000] {logging_mixin.py:137} INFO - [2023-05-16T01:27:15.610+0000] {dag.py:3456} INFO - Setting next_dagrun for thang to 2023-04-25T00:00:00+00:00, run_after=2023-04-25T00:00:00+00:00
[2023-05-16T01:27:15.646+0000] {processor.py:175} INFO - Processing /opt/airflow/dags/simple_dags.py took 0.168 seconds
[2023-05-16T01:27:46.349+0000] {processor.py:153} INFO - Started process (PID=18912) to work on /opt/airflow/dags/simple_dags.py
[2023-05-16T01:27:46.352+0000] {processor.py:743} INFO - Processing file /opt/airflow/dags/simple_dags.py for tasks to queue
[2023-05-16T01:27:46.354+0000] {logging_mixin.py:137} INFO - [2023-05-16T01:27:46.354+0000] {dagbag.py:532} INFO - Filling up the DagBag from /opt/airflow/dags/simple_dags.py
[2023-05-16T01:27:46.386+0000] {processor.py:753} INFO - DAG(s) dict_keys(['thang']) retrieved from /opt/airflow/dags/simple_dags.py
[2023-05-16T01:27:46.454+0000] {logging_mixin.py:137} INFO - [2023-05-16T01:27:46.454+0000] {dag.py:2705} INFO - Sync 1 DAGs
[2023-05-16T01:27:46.504+0000] {logging_mixin.py:137} INFO - [2023-05-16T01:27:46.504+0000] {dag.py:3456} INFO - Setting next_dagrun for thang to 2023-04-25T00:00:00+00:00, run_after=2023-04-25T00:00:00+00:00
[2023-05-16T01:27:46.536+0000] {processor.py:175} INFO - Processing /opt/airflow/dags/simple_dags.py took 0.193 seconds
[2023-05-16T01:28:17.161+0000] {processor.py:153} INFO - Started process (PID=18964) to work on /opt/airflow/dags/simple_dags.py
[2023-05-16T01:28:17.163+0000] {processor.py:743} INFO - Processing file /opt/airflow/dags/simple_dags.py for tasks to queue
[2023-05-16T01:28:17.166+0000] {logging_mixin.py:137} INFO - [2023-05-16T01:28:17.166+0000] {dagbag.py:532} INFO - Filling up the DagBag from /opt/airflow/dags/simple_dags.py
[2023-05-16T01:28:17.207+0000] {processor.py:753} INFO - DAG(s) dict_keys(['thang']) retrieved from /opt/airflow/dags/simple_dags.py
[2023-05-16T01:28:17.261+0000] {logging_mixin.py:137} INFO - [2023-05-16T01:28:17.261+0000] {dag.py:2705} INFO - Sync 1 DAGs
[2023-05-16T01:28:17.310+0000] {logging_mixin.py:137} INFO - [2023-05-16T01:28:17.310+0000] {dag.py:3456} INFO - Setting next_dagrun for thang to 2023-04-25T00:00:00+00:00, run_after=2023-04-25T00:00:00+00:00
[2023-05-16T01:28:17.342+0000] {processor.py:175} INFO - Processing /opt/airflow/dags/simple_dags.py took 0.192 seconds
[2023-05-16T01:28:47.405+0000] {processor.py:153} INFO - Started process (PID=19016) to work on /opt/airflow/dags/simple_dags.py
[2023-05-16T01:28:47.407+0000] {processor.py:743} INFO - Processing file /opt/airflow/dags/simple_dags.py for tasks to queue
[2023-05-16T01:28:47.409+0000] {logging_mixin.py:137} INFO - [2023-05-16T01:28:47.409+0000] {dagbag.py:532} INFO - Filling up the DagBag from /opt/airflow/dags/simple_dags.py
[2023-05-16T01:28:47.436+0000] {processor.py:753} INFO - DAG(s) dict_keys(['thang']) retrieved from /opt/airflow/dags/simple_dags.py
[2023-05-16T01:28:47.483+0000] {logging_mixin.py:137} INFO - [2023-05-16T01:28:47.483+0000] {dag.py:2705} INFO - Sync 1 DAGs
[2023-05-16T01:28:47.521+0000] {logging_mixin.py:137} INFO - [2023-05-16T01:28:47.521+0000] {dag.py:3456} INFO - Setting next_dagrun for thang to 2023-04-25T00:00:00+00:00, run_after=2023-04-25T00:00:00+00:00
[2023-05-16T01:28:47.545+0000] {processor.py:175} INFO - Processing /opt/airflow/dags/simple_dags.py took 0.147 seconds
[2023-05-16T01:29:18.275+0000] {processor.py:153} INFO - Started process (PID=19068) to work on /opt/airflow/dags/simple_dags.py
[2023-05-16T01:29:18.280+0000] {processor.py:743} INFO - Processing file /opt/airflow/dags/simple_dags.py for tasks to queue
[2023-05-16T01:29:18.287+0000] {logging_mixin.py:137} INFO - [2023-05-16T01:29:18.287+0000] {dagbag.py:532} INFO - Filling up the DagBag from /opt/airflow/dags/simple_dags.py
[2023-05-16T01:29:18.380+0000] {processor.py:753} INFO - DAG(s) dict_keys(['thang']) retrieved from /opt/airflow/dags/simple_dags.py
[2023-05-16T01:29:18.496+0000] {logging_mixin.py:137} INFO - [2023-05-16T01:29:18.496+0000] {dag.py:2705} INFO - Sync 1 DAGs
[2023-05-16T01:29:18.583+0000] {logging_mixin.py:137} INFO - [2023-05-16T01:29:18.583+0000] {dag.py:3456} INFO - Setting next_dagrun for thang to 2023-04-25T00:00:00+00:00, run_after=2023-04-25T00:00:00+00:00
[2023-05-16T01:29:18.643+0000] {processor.py:175} INFO - Processing /opt/airflow/dags/simple_dags.py took 0.405 seconds
[2023-05-16T01:29:48.734+0000] {processor.py:153} INFO - Started process (PID=19117) to work on /opt/airflow/dags/simple_dags.py
[2023-05-16T01:29:48.736+0000] {processor.py:743} INFO - Processing file /opt/airflow/dags/simple_dags.py for tasks to queue
[2023-05-16T01:29:48.739+0000] {logging_mixin.py:137} INFO - [2023-05-16T01:29:48.739+0000] {dagbag.py:532} INFO - Filling up the DagBag from /opt/airflow/dags/simple_dags.py
[2023-05-16T01:29:48.797+0000] {processor.py:753} INFO - DAG(s) dict_keys(['thang']) retrieved from /opt/airflow/dags/simple_dags.py
[2023-05-16T01:29:48.844+0000] {logging_mixin.py:137} INFO - [2023-05-16T01:29:48.844+0000] {dag.py:2705} INFO - Sync 1 DAGs
[2023-05-16T01:29:48.888+0000] {logging_mixin.py:137} INFO - [2023-05-16T01:29:48.888+0000] {dag.py:3456} INFO - Setting next_dagrun for thang to 2023-04-25T00:00:00+00:00, run_after=2023-04-25T00:00:00+00:00
[2023-05-16T01:29:48.932+0000] {processor.py:175} INFO - Processing /opt/airflow/dags/simple_dags.py took 0.210 seconds
[2023-05-16T01:30:19.330+0000] {processor.py:153} INFO - Started process (PID=19169) to work on /opt/airflow/dags/simple_dags.py
[2023-05-16T01:30:19.333+0000] {processor.py:743} INFO - Processing file /opt/airflow/dags/simple_dags.py for tasks to queue
[2023-05-16T01:30:19.336+0000] {logging_mixin.py:137} INFO - [2023-05-16T01:30:19.335+0000] {dagbag.py:532} INFO - Filling up the DagBag from /opt/airflow/dags/simple_dags.py
[2023-05-16T01:30:19.366+0000] {processor.py:753} INFO - DAG(s) dict_keys(['thang']) retrieved from /opt/airflow/dags/simple_dags.py
[2023-05-16T01:30:19.416+0000] {logging_mixin.py:137} INFO - [2023-05-16T01:30:19.415+0000] {dag.py:2705} INFO - Sync 1 DAGs
[2023-05-16T01:30:19.455+0000] {logging_mixin.py:137} INFO - [2023-05-16T01:30:19.455+0000] {dag.py:3456} INFO - Setting next_dagrun for thang to 2023-04-25T00:00:00+00:00, run_after=2023-04-25T00:00:00+00:00
[2023-05-16T01:30:19.483+0000] {processor.py:175} INFO - Processing /opt/airflow/dags/simple_dags.py took 0.163 seconds
[2023-05-16T01:30:49.536+0000] {processor.py:153} INFO - Started process (PID=19221) to work on /opt/airflow/dags/simple_dags.py
[2023-05-16T01:30:49.539+0000] {processor.py:743} INFO - Processing file /opt/airflow/dags/simple_dags.py for tasks to queue
[2023-05-16T01:30:49.541+0000] {logging_mixin.py:137} INFO - [2023-05-16T01:30:49.541+0000] {dagbag.py:532} INFO - Filling up the DagBag from /opt/airflow/dags/simple_dags.py
[2023-05-16T01:30:49.568+0000] {processor.py:753} INFO - DAG(s) dict_keys(['thang']) retrieved from /opt/airflow/dags/simple_dags.py
[2023-05-16T01:30:49.606+0000] {logging_mixin.py:137} INFO - [2023-05-16T01:30:49.606+0000] {dag.py:2705} INFO - Sync 1 DAGs
[2023-05-16T01:30:49.640+0000] {logging_mixin.py:137} INFO - [2023-05-16T01:30:49.639+0000] {dag.py:3456} INFO - Setting next_dagrun for thang to 2023-04-25T00:00:00+00:00, run_after=2023-04-25T00:00:00+00:00
[2023-05-16T01:30:49.671+0000] {processor.py:175} INFO - Processing /opt/airflow/dags/simple_dags.py took 0.141 seconds
[2023-05-16T01:31:20.257+0000] {processor.py:153} INFO - Started process (PID=19280) to work on /opt/airflow/dags/simple_dags.py
[2023-05-16T01:31:20.265+0000] {processor.py:743} INFO - Processing file /opt/airflow/dags/simple_dags.py for tasks to queue
[2023-05-16T01:31:20.268+0000] {logging_mixin.py:137} INFO - [2023-05-16T01:31:20.268+0000] {dagbag.py:532} INFO - Filling up the DagBag from /opt/airflow/dags/simple_dags.py
[2023-05-16T01:31:20.324+0000] {processor.py:753} INFO - DAG(s) dict_keys(['thang']) retrieved from /opt/airflow/dags/simple_dags.py
[2023-05-16T01:31:20.408+0000] {logging_mixin.py:137} INFO - [2023-05-16T01:31:20.408+0000] {dag.py:2705} INFO - Sync 1 DAGs
[2023-05-16T01:31:20.453+0000] {logging_mixin.py:137} INFO - [2023-05-16T01:31:20.452+0000] {dag.py:3456} INFO - Setting next_dagrun for thang to 2023-04-25T00:00:00+00:00, run_after=2023-04-25T00:00:00+00:00
[2023-05-16T01:31:20.492+0000] {processor.py:175} INFO - Processing /opt/airflow/dags/simple_dags.py took 0.244 seconds
[2023-05-16T01:31:51.049+0000] {processor.py:153} INFO - Started process (PID=19332) to work on /opt/airflow/dags/simple_dags.py
[2023-05-16T01:31:51.053+0000] {processor.py:743} INFO - Processing file /opt/airflow/dags/simple_dags.py for tasks to queue
[2023-05-16T01:31:51.056+0000] {logging_mixin.py:137} INFO - [2023-05-16T01:31:51.055+0000] {dagbag.py:532} INFO - Filling up the DagBag from /opt/airflow/dags/simple_dags.py
[2023-05-16T01:31:51.091+0000] {processor.py:753} INFO - DAG(s) dict_keys(['thang']) retrieved from /opt/airflow/dags/simple_dags.py
[2023-05-16T01:31:51.147+0000] {logging_mixin.py:137} INFO - [2023-05-16T01:31:51.147+0000] {dag.py:2705} INFO - Sync 1 DAGs
[2023-05-16T01:31:51.196+0000] {logging_mixin.py:137} INFO - [2023-05-16T01:31:51.196+0000] {dag.py:3456} INFO - Setting next_dagrun for thang to 2023-04-25T00:00:00+00:00, run_after=2023-04-25T00:00:00+00:00
[2023-05-16T01:31:51.228+0000] {processor.py:175} INFO - Processing /opt/airflow/dags/simple_dags.py took 0.191 seconds
[2023-05-16T01:32:21.323+0000] {processor.py:153} INFO - Started process (PID=19384) to work on /opt/airflow/dags/simple_dags.py
[2023-05-16T01:32:21.326+0000] {processor.py:743} INFO - Processing file /opt/airflow/dags/simple_dags.py for tasks to queue
[2023-05-16T01:32:21.328+0000] {logging_mixin.py:137} INFO - [2023-05-16T01:32:21.328+0000] {dagbag.py:532} INFO - Filling up the DagBag from /opt/airflow/dags/simple_dags.py
[2023-05-16T01:32:21.362+0000] {processor.py:753} INFO - DAG(s) dict_keys(['thang']) retrieved from /opt/airflow/dags/simple_dags.py
[2023-05-16T01:32:21.403+0000] {logging_mixin.py:137} INFO - [2023-05-16T01:32:21.403+0000] {dag.py:2705} INFO - Sync 1 DAGs
[2023-05-16T01:32:21.443+0000] {logging_mixin.py:137} INFO - [2023-05-16T01:32:21.442+0000] {dag.py:3456} INFO - Setting next_dagrun for thang to 2023-04-25T00:00:00+00:00, run_after=2023-04-25T00:00:00+00:00
[2023-05-16T01:32:21.473+0000] {processor.py:175} INFO - Processing /opt/airflow/dags/simple_dags.py took 0.158 seconds
[2023-05-16T01:32:51.616+0000] {processor.py:153} INFO - Started process (PID=19435) to work on /opt/airflow/dags/simple_dags.py
[2023-05-16T01:32:51.627+0000] {processor.py:743} INFO - Processing file /opt/airflow/dags/simple_dags.py for tasks to queue
[2023-05-16T01:32:51.629+0000] {logging_mixin.py:137} INFO - [2023-05-16T01:32:51.629+0000] {dagbag.py:532} INFO - Filling up the DagBag from /opt/airflow/dags/simple_dags.py
[2023-05-16T01:32:51.733+0000] {processor.py:753} INFO - DAG(s) dict_keys(['thang']) retrieved from /opt/airflow/dags/simple_dags.py
[2023-05-16T01:32:51.802+0000] {logging_mixin.py:137} INFO - [2023-05-16T01:32:51.802+0000] {dag.py:2705} INFO - Sync 1 DAGs
[2023-05-16T01:32:51.853+0000] {logging_mixin.py:137} INFO - [2023-05-16T01:32:51.852+0000] {dag.py:3456} INFO - Setting next_dagrun for thang to 2023-04-25T00:00:00+00:00, run_after=2023-04-25T00:00:00+00:00
[2023-05-16T01:32:51.879+0000] {processor.py:175} INFO - Processing /opt/airflow/dags/simple_dags.py took 0.302 seconds
[2023-05-16T01:33:22.274+0000] {processor.py:153} INFO - Started process (PID=19487) to work on /opt/airflow/dags/simple_dags.py
[2023-05-16T01:33:22.283+0000] {processor.py:743} INFO - Processing file /opt/airflow/dags/simple_dags.py for tasks to queue
[2023-05-16T01:33:22.288+0000] {logging_mixin.py:137} INFO - [2023-05-16T01:33:22.287+0000] {dagbag.py:532} INFO - Filling up the DagBag from /opt/airflow/dags/simple_dags.py
[2023-05-16T01:33:22.366+0000] {processor.py:753} INFO - DAG(s) dict_keys(['thang']) retrieved from /opt/airflow/dags/simple_dags.py
[2023-05-16T01:33:22.495+0000] {logging_mixin.py:137} INFO - [2023-05-16T01:33:22.495+0000] {dag.py:2705} INFO - Sync 1 DAGs
[2023-05-16T01:33:22.586+0000] {logging_mixin.py:137} INFO - [2023-05-16T01:33:22.586+0000] {dag.py:3456} INFO - Setting next_dagrun for thang to 2023-04-25T00:00:00+00:00, run_after=2023-04-25T00:00:00+00:00
[2023-05-16T01:33:22.647+0000] {processor.py:175} INFO - Processing /opt/airflow/dags/simple_dags.py took 0.381 seconds
[2023-05-16T01:33:53.078+0000] {processor.py:153} INFO - Started process (PID=19537) to work on /opt/airflow/dags/simple_dags.py
[2023-05-16T01:33:53.082+0000] {processor.py:743} INFO - Processing file /opt/airflow/dags/simple_dags.py for tasks to queue
[2023-05-16T01:33:53.083+0000] {logging_mixin.py:137} INFO - [2023-05-16T01:33:53.083+0000] {dagbag.py:532} INFO - Filling up the DagBag from /opt/airflow/dags/simple_dags.py
[2023-05-16T01:33:53.120+0000] {processor.py:753} INFO - DAG(s) dict_keys(['thang']) retrieved from /opt/airflow/dags/simple_dags.py
[2023-05-16T01:33:53.208+0000] {logging_mixin.py:137} INFO - [2023-05-16T01:33:53.208+0000] {dag.py:2705} INFO - Sync 1 DAGs
[2023-05-16T01:33:53.253+0000] {logging_mixin.py:137} INFO - [2023-05-16T01:33:53.253+0000] {dag.py:3456} INFO - Setting next_dagrun for thang to 2023-04-25T00:00:00+00:00, run_after=2023-04-25T00:00:00+00:00
[2023-05-16T01:33:53.308+0000] {processor.py:175} INFO - Processing /opt/airflow/dags/simple_dags.py took 0.240 seconds
[2023-05-16T01:34:23.455+0000] {processor.py:153} INFO - Started process (PID=19588) to work on /opt/airflow/dags/simple_dags.py
[2023-05-16T01:34:23.461+0000] {processor.py:743} INFO - Processing file /opt/airflow/dags/simple_dags.py for tasks to queue
[2023-05-16T01:34:23.463+0000] {logging_mixin.py:137} INFO - [2023-05-16T01:34:23.463+0000] {dagbag.py:532} INFO - Filling up the DagBag from /opt/airflow/dags/simple_dags.py
[2023-05-16T01:34:23.497+0000] {processor.py:753} INFO - DAG(s) dict_keys(['thang']) retrieved from /opt/airflow/dags/simple_dags.py
[2023-05-16T01:34:23.553+0000] {logging_mixin.py:137} INFO - [2023-05-16T01:34:23.553+0000] {dag.py:2705} INFO - Sync 1 DAGs
[2023-05-16T01:34:23.599+0000] {logging_mixin.py:137} INFO - [2023-05-16T01:34:23.598+0000] {dag.py:3456} INFO - Setting next_dagrun for thang to 2023-04-25T00:00:00+00:00, run_after=2023-04-25T00:00:00+00:00
[2023-05-16T01:34:23.631+0000] {processor.py:175} INFO - Processing /opt/airflow/dags/simple_dags.py took 0.181 seconds
[2023-05-16T01:34:53.978+0000] {processor.py:153} INFO - Started process (PID=19640) to work on /opt/airflow/dags/simple_dags.py
[2023-05-16T01:34:53.983+0000] {processor.py:743} INFO - Processing file /opt/airflow/dags/simple_dags.py for tasks to queue
[2023-05-16T01:34:53.987+0000] {logging_mixin.py:137} INFO - [2023-05-16T01:34:53.987+0000] {dagbag.py:532} INFO - Filling up the DagBag from /opt/airflow/dags/simple_dags.py
[2023-05-16T01:34:54.059+0000] {processor.py:753} INFO - DAG(s) dict_keys(['thang']) retrieved from /opt/airflow/dags/simple_dags.py
[2023-05-16T01:34:54.105+0000] {logging_mixin.py:137} INFO - [2023-05-16T01:34:54.105+0000] {dag.py:2705} INFO - Sync 1 DAGs
[2023-05-16T01:34:54.175+0000] {logging_mixin.py:137} INFO - [2023-05-16T01:34:54.173+0000] {dag.py:3456} INFO - Setting next_dagrun for thang to 2023-04-25T00:00:00+00:00, run_after=2023-04-25T00:00:00+00:00
[2023-05-16T01:34:54.231+0000] {processor.py:175} INFO - Processing /opt/airflow/dags/simple_dags.py took 0.274 seconds
[2023-05-16T01:35:24.983+0000] {processor.py:153} INFO - Started process (PID=19691) to work on /opt/airflow/dags/simple_dags.py
[2023-05-16T01:35:24.985+0000] {processor.py:743} INFO - Processing file /opt/airflow/dags/simple_dags.py for tasks to queue
[2023-05-16T01:35:24.987+0000] {logging_mixin.py:137} INFO - [2023-05-16T01:35:24.986+0000] {dagbag.py:532} INFO - Filling up the DagBag from /opt/airflow/dags/simple_dags.py
[2023-05-16T01:35:25.020+0000] {processor.py:753} INFO - DAG(s) dict_keys(['thang']) retrieved from /opt/airflow/dags/simple_dags.py
[2023-05-16T01:35:25.064+0000] {logging_mixin.py:137} INFO - [2023-05-16T01:35:25.064+0000] {dag.py:2705} INFO - Sync 1 DAGs
[2023-05-16T01:35:25.108+0000] {logging_mixin.py:137} INFO - [2023-05-16T01:35:25.108+0000] {dag.py:3456} INFO - Setting next_dagrun for thang to 2023-04-25T00:00:00+00:00, run_after=2023-04-25T00:00:00+00:00
[2023-05-16T01:35:25.137+0000] {processor.py:175} INFO - Processing /opt/airflow/dags/simple_dags.py took 0.166 seconds
[2023-05-16T01:35:55.202+0000] {processor.py:153} INFO - Started process (PID=19743) to work on /opt/airflow/dags/simple_dags.py
[2023-05-16T01:35:55.205+0000] {processor.py:743} INFO - Processing file /opt/airflow/dags/simple_dags.py for tasks to queue
[2023-05-16T01:35:55.207+0000] {logging_mixin.py:137} INFO - [2023-05-16T01:35:55.207+0000] {dagbag.py:532} INFO - Filling up the DagBag from /opt/airflow/dags/simple_dags.py
[2023-05-16T01:35:55.236+0000] {processor.py:753} INFO - DAG(s) dict_keys(['thang']) retrieved from /opt/airflow/dags/simple_dags.py
[2023-05-16T01:35:55.275+0000] {logging_mixin.py:137} INFO - [2023-05-16T01:35:55.275+0000] {dag.py:2705} INFO - Sync 1 DAGs
[2023-05-16T01:35:55.320+0000] {logging_mixin.py:137} INFO - [2023-05-16T01:35:55.320+0000] {dag.py:3456} INFO - Setting next_dagrun for thang to 2023-04-25T00:00:00+00:00, run_after=2023-04-25T00:00:00+00:00
[2023-05-16T01:35:55.364+0000] {processor.py:175} INFO - Processing /opt/airflow/dags/simple_dags.py took 0.167 seconds
[2023-05-16T01:36:25.734+0000] {processor.py:153} INFO - Started process (PID=19795) to work on /opt/airflow/dags/simple_dags.py
[2023-05-16T01:36:25.736+0000] {processor.py:743} INFO - Processing file /opt/airflow/dags/simple_dags.py for tasks to queue
[2023-05-16T01:36:25.739+0000] {logging_mixin.py:137} INFO - [2023-05-16T01:36:25.739+0000] {dagbag.py:532} INFO - Filling up the DagBag from /opt/airflow/dags/simple_dags.py
[2023-05-16T01:36:25.804+0000] {processor.py:753} INFO - DAG(s) dict_keys(['thang']) retrieved from /opt/airflow/dags/simple_dags.py
[2023-05-16T01:36:25.871+0000] {logging_mixin.py:137} INFO - [2023-05-16T01:36:25.871+0000] {dag.py:2705} INFO - Sync 1 DAGs
[2023-05-16T01:36:25.923+0000] {logging_mixin.py:137} INFO - [2023-05-16T01:36:25.922+0000] {dag.py:3456} INFO - Setting next_dagrun for thang to 2023-04-25T00:00:00+00:00, run_after=2023-04-25T00:00:00+00:00
[2023-05-16T01:36:25.952+0000] {processor.py:175} INFO - Processing /opt/airflow/dags/simple_dags.py took 0.236 seconds
[2023-05-16T01:36:56.187+0000] {processor.py:153} INFO - Started process (PID=19847) to work on /opt/airflow/dags/simple_dags.py
[2023-05-16T01:36:56.192+0000] {processor.py:743} INFO - Processing file /opt/airflow/dags/simple_dags.py for tasks to queue
[2023-05-16T01:36:56.207+0000] {logging_mixin.py:137} INFO - [2023-05-16T01:36:56.197+0000] {dagbag.py:532} INFO - Filling up the DagBag from /opt/airflow/dags/simple_dags.py
[2023-05-16T01:36:56.290+0000] {processor.py:753} INFO - DAG(s) dict_keys(['thang']) retrieved from /opt/airflow/dags/simple_dags.py
[2023-05-16T01:36:56.391+0000] {logging_mixin.py:137} INFO - [2023-05-16T01:36:56.391+0000] {dag.py:2705} INFO - Sync 1 DAGs
[2023-05-16T01:36:56.474+0000] {logging_mixin.py:137} INFO - [2023-05-16T01:36:56.473+0000] {dag.py:3456} INFO - Setting next_dagrun for thang to 2023-04-25T00:00:00+00:00, run_after=2023-04-25T00:00:00+00:00
[2023-05-16T01:36:56.560+0000] {processor.py:175} INFO - Processing /opt/airflow/dags/simple_dags.py took 0.398 seconds
[2023-05-16T01:37:26.855+0000] {processor.py:153} INFO - Started process (PID=19900) to work on /opt/airflow/dags/simple_dags.py
[2023-05-16T01:37:26.860+0000] {processor.py:743} INFO - Processing file /opt/airflow/dags/simple_dags.py for tasks to queue
[2023-05-16T01:37:26.864+0000] {logging_mixin.py:137} INFO - [2023-05-16T01:37:26.863+0000] {dagbag.py:532} INFO - Filling up the DagBag from /opt/airflow/dags/simple_dags.py
[2023-05-16T01:37:26.965+0000] {processor.py:753} INFO - DAG(s) dict_keys(['thang']) retrieved from /opt/airflow/dags/simple_dags.py
[2023-05-16T01:37:27.070+0000] {logging_mixin.py:137} INFO - [2023-05-16T01:37:27.070+0000] {dag.py:2705} INFO - Sync 1 DAGs
[2023-05-16T01:37:27.121+0000] {logging_mixin.py:137} INFO - [2023-05-16T01:37:27.120+0000] {dag.py:3456} INFO - Setting next_dagrun for thang to 2023-04-25T00:00:00+00:00, run_after=2023-04-25T00:00:00+00:00
[2023-05-16T01:37:27.174+0000] {processor.py:175} INFO - Processing /opt/airflow/dags/simple_dags.py took 0.339 seconds
[2023-05-16T01:37:57.611+0000] {processor.py:153} INFO - Started process (PID=19953) to work on /opt/airflow/dags/simple_dags.py
[2023-05-16T01:37:57.632+0000] {processor.py:743} INFO - Processing file /opt/airflow/dags/simple_dags.py for tasks to queue
[2023-05-16T01:37:57.638+0000] {logging_mixin.py:137} INFO - [2023-05-16T01:37:57.636+0000] {dagbag.py:532} INFO - Filling up the DagBag from /opt/airflow/dags/simple_dags.py
[2023-05-16T01:37:57.711+0000] {processor.py:753} INFO - DAG(s) dict_keys(['thang']) retrieved from /opt/airflow/dags/simple_dags.py
[2023-05-16T01:37:57.791+0000] {logging_mixin.py:137} INFO - [2023-05-16T01:37:57.791+0000] {dag.py:2705} INFO - Sync 1 DAGs
[2023-05-16T01:37:57.830+0000] {logging_mixin.py:137} INFO - [2023-05-16T01:37:57.830+0000] {dag.py:3456} INFO - Setting next_dagrun for thang to 2023-04-25T00:00:00+00:00, run_after=2023-04-25T00:00:00+00:00
[2023-05-16T01:37:57.865+0000] {processor.py:175} INFO - Processing /opt/airflow/dags/simple_dags.py took 0.269 seconds
[2023-05-16T01:38:28.097+0000] {processor.py:153} INFO - Started process (PID=20004) to work on /opt/airflow/dags/simple_dags.py
[2023-05-16T01:38:28.100+0000] {processor.py:743} INFO - Processing file /opt/airflow/dags/simple_dags.py for tasks to queue
[2023-05-16T01:38:28.106+0000] {logging_mixin.py:137} INFO - [2023-05-16T01:38:28.105+0000] {dagbag.py:532} INFO - Filling up the DagBag from /opt/airflow/dags/simple_dags.py
[2023-05-16T01:38:28.166+0000] {processor.py:753} INFO - DAG(s) dict_keys(['thang']) retrieved from /opt/airflow/dags/simple_dags.py
[2023-05-16T01:38:28.241+0000] {logging_mixin.py:137} INFO - [2023-05-16T01:38:28.241+0000] {dag.py:2705} INFO - Sync 1 DAGs
[2023-05-16T01:38:28.298+0000] {logging_mixin.py:137} INFO - [2023-05-16T01:38:28.297+0000] {dag.py:3456} INFO - Setting next_dagrun for thang to 2023-04-25T00:00:00+00:00, run_after=2023-04-25T00:00:00+00:00
[2023-05-16T01:38:28.337+0000] {processor.py:175} INFO - Processing /opt/airflow/dags/simple_dags.py took 0.248 seconds
[2023-05-16T01:38:59.079+0000] {processor.py:153} INFO - Started process (PID=20056) to work on /opt/airflow/dags/simple_dags.py
[2023-05-16T01:38:59.081+0000] {processor.py:743} INFO - Processing file /opt/airflow/dags/simple_dags.py for tasks to queue
[2023-05-16T01:38:59.083+0000] {logging_mixin.py:137} INFO - [2023-05-16T01:38:59.083+0000] {dagbag.py:532} INFO - Filling up the DagBag from /opt/airflow/dags/simple_dags.py
[2023-05-16T01:38:59.109+0000] {processor.py:753} INFO - DAG(s) dict_keys(['thang']) retrieved from /opt/airflow/dags/simple_dags.py
[2023-05-16T01:38:59.147+0000] {logging_mixin.py:137} INFO - [2023-05-16T01:38:59.147+0000] {dag.py:2705} INFO - Sync 1 DAGs
[2023-05-16T01:38:59.206+0000] {logging_mixin.py:137} INFO - [2023-05-16T01:38:59.206+0000] {dag.py:3456} INFO - Setting next_dagrun for thang to 2023-04-25T00:00:00+00:00, run_after=2023-04-25T00:00:00+00:00
[2023-05-16T01:38:59.255+0000] {processor.py:175} INFO - Processing /opt/airflow/dags/simple_dags.py took 0.186 seconds
[2023-05-16T01:39:29.355+0000] {processor.py:153} INFO - Started process (PID=20108) to work on /opt/airflow/dags/simple_dags.py
[2023-05-16T01:39:29.368+0000] {processor.py:743} INFO - Processing file /opt/airflow/dags/simple_dags.py for tasks to queue
[2023-05-16T01:39:29.375+0000] {logging_mixin.py:137} INFO - [2023-05-16T01:39:29.374+0000] {dagbag.py:532} INFO - Filling up the DagBag from /opt/airflow/dags/simple_dags.py
[2023-05-16T01:39:29.459+0000] {processor.py:753} INFO - DAG(s) dict_keys(['thang']) retrieved from /opt/airflow/dags/simple_dags.py
[2023-05-16T01:39:29.512+0000] {logging_mixin.py:137} INFO - [2023-05-16T01:39:29.511+0000] {dag.py:2705} INFO - Sync 1 DAGs
[2023-05-16T01:39:29.570+0000] {logging_mixin.py:137} INFO - [2023-05-16T01:39:29.569+0000] {dag.py:3456} INFO - Setting next_dagrun for thang to 2023-04-25T00:00:00+00:00, run_after=2023-04-25T00:00:00+00:00
[2023-05-16T01:39:29.597+0000] {processor.py:175} INFO - Processing /opt/airflow/dags/simple_dags.py took 0.254 seconds
[2023-05-16T01:40:00.169+0000] {processor.py:153} INFO - Started process (PID=20160) to work on /opt/airflow/dags/simple_dags.py
[2023-05-16T01:40:00.171+0000] {processor.py:743} INFO - Processing file /opt/airflow/dags/simple_dags.py for tasks to queue
[2023-05-16T01:40:00.173+0000] {logging_mixin.py:137} INFO - [2023-05-16T01:40:00.173+0000] {dagbag.py:532} INFO - Filling up the DagBag from /opt/airflow/dags/simple_dags.py
[2023-05-16T01:40:00.220+0000] {processor.py:753} INFO - DAG(s) dict_keys(['thang']) retrieved from /opt/airflow/dags/simple_dags.py
[2023-05-16T01:40:00.268+0000] {logging_mixin.py:137} INFO - [2023-05-16T01:40:00.268+0000] {dag.py:2705} INFO - Sync 1 DAGs
[2023-05-16T01:40:00.320+0000] {logging_mixin.py:137} INFO - [2023-05-16T01:40:00.319+0000] {dag.py:3456} INFO - Setting next_dagrun for thang to 2023-04-25T00:00:00+00:00, run_after=2023-04-25T00:00:00+00:00
[2023-05-16T01:40:00.355+0000] {processor.py:175} INFO - Processing /opt/airflow/dags/simple_dags.py took 0.192 seconds
[2023-05-16T01:40:30.655+0000] {processor.py:153} INFO - Started process (PID=20212) to work on /opt/airflow/dags/simple_dags.py
[2023-05-16T01:40:30.661+0000] {processor.py:743} INFO - Processing file /opt/airflow/dags/simple_dags.py for tasks to queue
[2023-05-16T01:40:30.666+0000] {logging_mixin.py:137} INFO - [2023-05-16T01:40:30.666+0000] {dagbag.py:532} INFO - Filling up the DagBag from /opt/airflow/dags/simple_dags.py
[2023-05-16T01:40:30.714+0000] {processor.py:753} INFO - DAG(s) dict_keys(['thang']) retrieved from /opt/airflow/dags/simple_dags.py
[2023-05-16T01:40:30.834+0000] {logging_mixin.py:137} INFO - [2023-05-16T01:40:30.834+0000] {dag.py:2705} INFO - Sync 1 DAGs
[2023-05-16T01:40:30.942+0000] {logging_mixin.py:137} INFO - [2023-05-16T01:40:30.942+0000] {dag.py:3456} INFO - Setting next_dagrun for thang to 2023-04-25T00:00:00+00:00, run_after=2023-04-25T00:00:00+00:00
[2023-05-16T01:40:31.048+0000] {processor.py:175} INFO - Processing /opt/airflow/dags/simple_dags.py took 0.416 seconds
