[2023-06-01T08:02:26.777+0000] {processor.py:153} INFO - Started process (PID=51) to work on /home/airflow/.local/lib/python3.7/site-packages/airflow/example_dags/example_branch_operator.py
[2023-06-01T08:02:26.779+0000] {processor.py:743} INFO - Processing file /home/airflow/.local/lib/python3.7/site-packages/airflow/example_dags/example_branch_operator.py for tasks to queue
[2023-06-01T08:02:26.785+0000] {logging_mixin.py:137} INFO - [2023-06-01T08:02:26.783+0000] {dagbag.py:532} INFO - Filling up the DagBag from /home/airflow/.local/lib/python3.7/site-packages/airflow/example_dags/example_branch_operator.py
[2023-06-01T08:02:27.002+0000] {processor.py:753} INFO - DAG(s) dict_keys(['example_branch_operator']) retrieved from /home/airflow/.local/lib/python3.7/site-packages/airflow/example_dags/example_branch_operator.py
[2023-06-01T08:02:27.254+0000] {logging_mixin.py:137} INFO - [2023-06-01T08:02:27.254+0000] {dag.py:2705} INFO - Sync 1 DAGs
[2023-06-01T08:02:27.403+0000] {logging_mixin.py:137} INFO - [2023-06-01T08:02:27.402+0000] {dag.py:3456} INFO - Setting next_dagrun for example_branch_operator to 2023-05-31T00:00:00+00:00, run_after=2023-06-01T00:00:00+00:00
[2023-06-01T08:02:27.524+0000] {processor.py:175} INFO - Processing /home/airflow/.local/lib/python3.7/site-packages/airflow/example_dags/example_branch_operator.py took 0.774 seconds
[2023-06-01T08:02:57.754+0000] {processor.py:153} INFO - Started process (PID=103) to work on /home/airflow/.local/lib/python3.7/site-packages/airflow/example_dags/example_branch_operator.py
[2023-06-01T08:02:57.757+0000] {processor.py:743} INFO - Processing file /home/airflow/.local/lib/python3.7/site-packages/airflow/example_dags/example_branch_operator.py for tasks to queue
[2023-06-01T08:02:57.759+0000] {logging_mixin.py:137} INFO - [2023-06-01T08:02:57.759+0000] {dagbag.py:532} INFO - Filling up the DagBag from /home/airflow/.local/lib/python3.7/site-packages/airflow/example_dags/example_branch_operator.py
[2023-06-01T08:02:57.785+0000] {processor.py:753} INFO - DAG(s) dict_keys(['example_branch_operator']) retrieved from /home/airflow/.local/lib/python3.7/site-packages/airflow/example_dags/example_branch_operator.py
[2023-06-01T08:02:57.828+0000] {logging_mixin.py:137} INFO - [2023-06-01T08:02:57.828+0000] {dag.py:2705} INFO - Sync 1 DAGs
[2023-06-01T08:02:57.874+0000] {logging_mixin.py:137} INFO - [2023-06-01T08:02:57.874+0000] {dag.py:3456} INFO - Setting next_dagrun for example_branch_operator to 2023-05-31T00:00:00+00:00, run_after=2023-06-01T00:00:00+00:00
[2023-06-01T08:02:57.901+0000] {processor.py:175} INFO - Processing /home/airflow/.local/lib/python3.7/site-packages/airflow/example_dags/example_branch_operator.py took 0.151 seconds
[2023-06-01T08:03:28.115+0000] {processor.py:153} INFO - Started process (PID=155) to work on /home/airflow/.local/lib/python3.7/site-packages/airflow/example_dags/example_branch_operator.py
[2023-06-01T08:03:28.117+0000] {processor.py:743} INFO - Processing file /home/airflow/.local/lib/python3.7/site-packages/airflow/example_dags/example_branch_operator.py for tasks to queue
[2023-06-01T08:03:28.119+0000] {logging_mixin.py:137} INFO - [2023-06-01T08:03:28.119+0000] {dagbag.py:532} INFO - Filling up the DagBag from /home/airflow/.local/lib/python3.7/site-packages/airflow/example_dags/example_branch_operator.py
[2023-06-01T08:03:28.145+0000] {processor.py:753} INFO - DAG(s) dict_keys(['example_branch_operator']) retrieved from /home/airflow/.local/lib/python3.7/site-packages/airflow/example_dags/example_branch_operator.py
[2023-06-01T08:03:28.194+0000] {logging_mixin.py:137} INFO - [2023-06-01T08:03:28.193+0000] {dag.py:2705} INFO - Sync 1 DAGs
[2023-06-01T08:03:28.239+0000] {logging_mixin.py:137} INFO - [2023-06-01T08:03:28.239+0000] {dag.py:3456} INFO - Setting next_dagrun for example_branch_operator to 2023-05-31T00:00:00+00:00, run_after=2023-06-01T00:00:00+00:00
[2023-06-01T08:03:28.269+0000] {processor.py:175} INFO - Processing /home/airflow/.local/lib/python3.7/site-packages/airflow/example_dags/example_branch_operator.py took 0.160 seconds
[2023-06-01T08:03:59.239+0000] {processor.py:153} INFO - Started process (PID=207) to work on /home/airflow/.local/lib/python3.7/site-packages/airflow/example_dags/example_branch_operator.py
[2023-06-01T08:03:59.242+0000] {processor.py:743} INFO - Processing file /home/airflow/.local/lib/python3.7/site-packages/airflow/example_dags/example_branch_operator.py for tasks to queue
[2023-06-01T08:03:59.246+0000] {logging_mixin.py:137} INFO - [2023-06-01T08:03:59.245+0000] {dagbag.py:532} INFO - Filling up the DagBag from /home/airflow/.local/lib/python3.7/site-packages/airflow/example_dags/example_branch_operator.py
[2023-06-01T08:03:59.274+0000] {processor.py:753} INFO - DAG(s) dict_keys(['example_branch_operator']) retrieved from /home/airflow/.local/lib/python3.7/site-packages/airflow/example_dags/example_branch_operator.py
[2023-06-01T08:03:59.322+0000] {logging_mixin.py:137} INFO - [2023-06-01T08:03:59.321+0000] {dag.py:2705} INFO - Sync 1 DAGs
[2023-06-01T08:03:59.364+0000] {logging_mixin.py:137} INFO - [2023-06-01T08:03:59.363+0000] {dag.py:3456} INFO - Setting next_dagrun for example_branch_operator to 2023-05-31T00:00:00+00:00, run_after=2023-06-01T00:00:00+00:00
[2023-06-01T08:03:59.391+0000] {processor.py:175} INFO - Processing /home/airflow/.local/lib/python3.7/site-packages/airflow/example_dags/example_branch_operator.py took 0.157 seconds
[2023-06-01T08:04:29.865+0000] {processor.py:153} INFO - Started process (PID=259) to work on /home/airflow/.local/lib/python3.7/site-packages/airflow/example_dags/example_branch_operator.py
[2023-06-01T08:04:29.868+0000] {processor.py:743} INFO - Processing file /home/airflow/.local/lib/python3.7/site-packages/airflow/example_dags/example_branch_operator.py for tasks to queue
[2023-06-01T08:04:29.871+0000] {logging_mixin.py:137} INFO - [2023-06-01T08:04:29.871+0000] {dagbag.py:532} INFO - Filling up the DagBag from /home/airflow/.local/lib/python3.7/site-packages/airflow/example_dags/example_branch_operator.py
[2023-06-01T08:04:29.905+0000] {processor.py:753} INFO - DAG(s) dict_keys(['example_branch_operator']) retrieved from /home/airflow/.local/lib/python3.7/site-packages/airflow/example_dags/example_branch_operator.py
[2023-06-01T08:04:29.953+0000] {logging_mixin.py:137} INFO - [2023-06-01T08:04:29.952+0000] {dag.py:2705} INFO - Sync 1 DAGs
[2023-06-01T08:04:29.994+0000] {logging_mixin.py:137} INFO - [2023-06-01T08:04:29.994+0000] {dag.py:3456} INFO - Setting next_dagrun for example_branch_operator to 2023-05-31T00:00:00+00:00, run_after=2023-06-01T00:00:00+00:00
[2023-06-01T08:04:30.019+0000] {processor.py:175} INFO - Processing /home/airflow/.local/lib/python3.7/site-packages/airflow/example_dags/example_branch_operator.py took 0.159 seconds
[2023-06-01T08:05:00.380+0000] {processor.py:153} INFO - Started process (PID=311) to work on /home/airflow/.local/lib/python3.7/site-packages/airflow/example_dags/example_branch_operator.py
[2023-06-01T08:05:00.382+0000] {processor.py:743} INFO - Processing file /home/airflow/.local/lib/python3.7/site-packages/airflow/example_dags/example_branch_operator.py for tasks to queue
[2023-06-01T08:05:00.383+0000] {logging_mixin.py:137} INFO - [2023-06-01T08:05:00.383+0000] {dagbag.py:532} INFO - Filling up the DagBag from /home/airflow/.local/lib/python3.7/site-packages/airflow/example_dags/example_branch_operator.py
[2023-06-01T08:05:00.441+0000] {processor.py:753} INFO - DAG(s) dict_keys(['example_branch_operator']) retrieved from /home/airflow/.local/lib/python3.7/site-packages/airflow/example_dags/example_branch_operator.py
[2023-06-01T08:05:00.491+0000] {logging_mixin.py:137} INFO - [2023-06-01T08:05:00.491+0000] {dag.py:2705} INFO - Sync 1 DAGs
[2023-06-01T08:05:00.537+0000] {logging_mixin.py:137} INFO - [2023-06-01T08:05:00.537+0000] {dag.py:3456} INFO - Setting next_dagrun for example_branch_operator to 2023-05-31T00:00:00+00:00, run_after=2023-06-01T00:00:00+00:00
[2023-06-01T08:05:00.593+0000] {processor.py:175} INFO - Processing /home/airflow/.local/lib/python3.7/site-packages/airflow/example_dags/example_branch_operator.py took 0.221 seconds
