[2023-06-01T08:02:37.403+0000] {processor.py:153} INFO - Started process (PID=70) to work on /home/airflow/.local/lib/python3.7/site-packages/airflow/example_dags/example_latest_only_with_trigger.py
[2023-06-01T08:02:37.410+0000] {processor.py:743} INFO - Processing file /home/airflow/.local/lib/python3.7/site-packages/airflow/example_dags/example_latest_only_with_trigger.py for tasks to queue
[2023-06-01T08:02:37.420+0000] {logging_mixin.py:137} INFO - [2023-06-01T08:02:37.419+0000] {dagbag.py:532} INFO - Filling up the DagBag from /home/airflow/.local/lib/python3.7/site-packages/airflow/example_dags/example_latest_only_with_trigger.py
[2023-06-01T08:02:37.535+0000] {processor.py:753} INFO - DAG(s) dict_keys(['latest_only_with_trigger']) retrieved from /home/airflow/.local/lib/python3.7/site-packages/airflow/example_dags/example_latest_only_with_trigger.py
[2023-06-01T08:02:37.719+0000] {logging_mixin.py:137} INFO - [2023-06-01T08:02:37.717+0000] {dag.py:2705} INFO - Sync 1 DAGs
[2023-06-01T08:02:37.839+0000] {logging_mixin.py:137} INFO - [2023-06-01T08:02:37.839+0000] {dag.py:3456} INFO - Setting next_dagrun for latest_only_with_trigger to 2023-06-01T04:02:37.838813+00:00, run_after=2023-06-01T08:02:37.838813+00:00
[2023-06-01T08:02:37.987+0000] {processor.py:175} INFO - Processing /home/airflow/.local/lib/python3.7/site-packages/airflow/example_dags/example_latest_only_with_trigger.py took 0.604 seconds
[2023-06-01T08:03:08.153+0000] {processor.py:153} INFO - Started process (PID=122) to work on /home/airflow/.local/lib/python3.7/site-packages/airflow/example_dags/example_latest_only_with_trigger.py
[2023-06-01T08:03:08.156+0000] {processor.py:743} INFO - Processing file /home/airflow/.local/lib/python3.7/site-packages/airflow/example_dags/example_latest_only_with_trigger.py for tasks to queue
[2023-06-01T08:03:08.160+0000] {logging_mixin.py:137} INFO - [2023-06-01T08:03:08.159+0000] {dagbag.py:532} INFO - Filling up the DagBag from /home/airflow/.local/lib/python3.7/site-packages/airflow/example_dags/example_latest_only_with_trigger.py
[2023-06-01T08:03:08.185+0000] {processor.py:753} INFO - DAG(s) dict_keys(['latest_only_with_trigger']) retrieved from /home/airflow/.local/lib/python3.7/site-packages/airflow/example_dags/example_latest_only_with_trigger.py
[2023-06-01T08:03:08.225+0000] {logging_mixin.py:137} INFO - [2023-06-01T08:03:08.224+0000] {dag.py:2705} INFO - Sync 1 DAGs
[2023-06-01T08:03:08.264+0000] {logging_mixin.py:137} INFO - [2023-06-01T08:03:08.264+0000] {dag.py:3456} INFO - Setting next_dagrun for latest_only_with_trigger to 2023-06-01T04:03:08.264175+00:00, run_after=2023-06-01T08:03:08.264175+00:00
[2023-06-01T08:03:08.294+0000] {processor.py:175} INFO - Processing /home/airflow/.local/lib/python3.7/site-packages/airflow/example_dags/example_latest_only_with_trigger.py took 0.150 seconds
[2023-06-01T08:03:39.049+0000] {processor.py:153} INFO - Started process (PID=174) to work on /home/airflow/.local/lib/python3.7/site-packages/airflow/example_dags/example_latest_only_with_trigger.py
[2023-06-01T08:03:39.058+0000] {processor.py:743} INFO - Processing file /home/airflow/.local/lib/python3.7/site-packages/airflow/example_dags/example_latest_only_with_trigger.py for tasks to queue
[2023-06-01T08:03:39.063+0000] {logging_mixin.py:137} INFO - [2023-06-01T08:03:39.062+0000] {dagbag.py:532} INFO - Filling up the DagBag from /home/airflow/.local/lib/python3.7/site-packages/airflow/example_dags/example_latest_only_with_trigger.py
[2023-06-01T08:03:39.125+0000] {processor.py:753} INFO - DAG(s) dict_keys(['latest_only_with_trigger']) retrieved from /home/airflow/.local/lib/python3.7/site-packages/airflow/example_dags/example_latest_only_with_trigger.py
[2023-06-01T08:03:39.288+0000] {logging_mixin.py:137} INFO - [2023-06-01T08:03:39.285+0000] {dag.py:2705} INFO - Sync 1 DAGs
[2023-06-01T08:03:39.458+0000] {logging_mixin.py:137} INFO - [2023-06-01T08:03:39.458+0000] {dag.py:3456} INFO - Setting next_dagrun for latest_only_with_trigger to 2023-06-01T04:03:39.458039+00:00, run_after=2023-06-01T08:03:39.458039+00:00
[2023-06-01T08:03:39.581+0000] {processor.py:175} INFO - Processing /home/airflow/.local/lib/python3.7/site-packages/airflow/example_dags/example_latest_only_with_trigger.py took 0.548 seconds
[2023-06-01T08:04:09.691+0000] {processor.py:153} INFO - Started process (PID=225) to work on /home/airflow/.local/lib/python3.7/site-packages/airflow/example_dags/example_latest_only_with_trigger.py
[2023-06-01T08:04:09.694+0000] {processor.py:743} INFO - Processing file /home/airflow/.local/lib/python3.7/site-packages/airflow/example_dags/example_latest_only_with_trigger.py for tasks to queue
[2023-06-01T08:04:09.698+0000] {logging_mixin.py:137} INFO - [2023-06-01T08:04:09.698+0000] {dagbag.py:532} INFO - Filling up the DagBag from /home/airflow/.local/lib/python3.7/site-packages/airflow/example_dags/example_latest_only_with_trigger.py
[2023-06-01T08:04:09.721+0000] {processor.py:753} INFO - DAG(s) dict_keys(['latest_only_with_trigger']) retrieved from /home/airflow/.local/lib/python3.7/site-packages/airflow/example_dags/example_latest_only_with_trigger.py
[2023-06-01T08:04:09.759+0000] {logging_mixin.py:137} INFO - [2023-06-01T08:04:09.759+0000] {dag.py:2705} INFO - Sync 1 DAGs
[2023-06-01T08:04:09.798+0000] {logging_mixin.py:137} INFO - [2023-06-01T08:04:09.798+0000] {dag.py:3456} INFO - Setting next_dagrun for latest_only_with_trigger to 2023-06-01T04:04:09.798170+00:00, run_after=2023-06-01T08:04:09.798170+00:00
[2023-06-01T08:04:09.826+0000] {processor.py:175} INFO - Processing /home/airflow/.local/lib/python3.7/site-packages/airflow/example_dags/example_latest_only_with_trigger.py took 0.148 seconds
[2023-06-01T08:04:40.014+0000] {processor.py:153} INFO - Started process (PID=277) to work on /home/airflow/.local/lib/python3.7/site-packages/airflow/example_dags/example_latest_only_with_trigger.py
[2023-06-01T08:04:40.016+0000] {processor.py:743} INFO - Processing file /home/airflow/.local/lib/python3.7/site-packages/airflow/example_dags/example_latest_only_with_trigger.py for tasks to queue
[2023-06-01T08:04:40.018+0000] {logging_mixin.py:137} INFO - [2023-06-01T08:04:40.018+0000] {dagbag.py:532} INFO - Filling up the DagBag from /home/airflow/.local/lib/python3.7/site-packages/airflow/example_dags/example_latest_only_with_trigger.py
[2023-06-01T08:04:40.040+0000] {processor.py:753} INFO - DAG(s) dict_keys(['latest_only_with_trigger']) retrieved from /home/airflow/.local/lib/python3.7/site-packages/airflow/example_dags/example_latest_only_with_trigger.py
[2023-06-01T08:04:40.080+0000] {logging_mixin.py:137} INFO - [2023-06-01T08:04:40.080+0000] {dag.py:2705} INFO - Sync 1 DAGs
[2023-06-01T08:04:40.118+0000] {logging_mixin.py:137} INFO - [2023-06-01T08:04:40.118+0000] {dag.py:3456} INFO - Setting next_dagrun for latest_only_with_trigger to 2023-06-01T04:04:40.118083+00:00, run_after=2023-06-01T08:04:40.118083+00:00
[2023-06-01T08:04:40.147+0000] {processor.py:175} INFO - Processing /home/airflow/.local/lib/python3.7/site-packages/airflow/example_dags/example_latest_only_with_trigger.py took 0.138 seconds
[2023-06-01T08:05:10.647+0000] {processor.py:153} INFO - Started process (PID=329) to work on /home/airflow/.local/lib/python3.7/site-packages/airflow/example_dags/example_latest_only_with_trigger.py
[2023-06-01T08:05:10.650+0000] {processor.py:743} INFO - Processing file /home/airflow/.local/lib/python3.7/site-packages/airflow/example_dags/example_latest_only_with_trigger.py for tasks to queue
[2023-06-01T08:05:10.652+0000] {logging_mixin.py:137} INFO - [2023-06-01T08:05:10.652+0000] {dagbag.py:532} INFO - Filling up the DagBag from /home/airflow/.local/lib/python3.7/site-packages/airflow/example_dags/example_latest_only_with_trigger.py
[2023-06-01T08:05:10.674+0000] {processor.py:753} INFO - DAG(s) dict_keys(['latest_only_with_trigger']) retrieved from /home/airflow/.local/lib/python3.7/site-packages/airflow/example_dags/example_latest_only_with_trigger.py
[2023-06-01T08:05:10.713+0000] {logging_mixin.py:137} INFO - [2023-06-01T08:05:10.713+0000] {dag.py:2705} INFO - Sync 1 DAGs
[2023-06-01T08:05:10.751+0000] {logging_mixin.py:137} INFO - [2023-06-01T08:05:10.751+0000] {dag.py:3456} INFO - Setting next_dagrun for latest_only_with_trigger to 2023-06-01T04:05:10.751069+00:00, run_after=2023-06-01T08:05:10.751069+00:00
[2023-06-01T08:05:10.779+0000] {processor.py:175} INFO - Processing /home/airflow/.local/lib/python3.7/site-packages/airflow/example_dags/example_latest_only_with_trigger.py took 0.138 seconds
