[2023-06-01T08:02:27.416+0000] {processor.py:153} INFO - Started process (PID=52) to work on /home/airflow/.local/lib/python3.7/site-packages/airflow/example_dags/example_complex.py
[2023-06-01T08:02:27.424+0000] {processor.py:743} INFO - Processing file /home/airflow/.local/lib/python3.7/site-packages/airflow/example_dags/example_complex.py for tasks to queue
[2023-06-01T08:02:27.435+0000] {logging_mixin.py:137} INFO - [2023-06-01T08:02:27.433+0000] {dagbag.py:532} INFO - Filling up the DagBag from /home/airflow/.local/lib/python3.7/site-packages/airflow/example_dags/example_complex.py
[2023-06-01T08:02:27.519+0000] {logging_mixin.py:137} INFO - [2023-06-01T08:02:27.519+0000] {taskmixin.py:211} WARNING - Dependency <Task(BashOperator): create_entry_group>, delete_entry_group already registered for DAG: example_complex
[2023-06-01T08:02:27.522+0000] {logging_mixin.py:137} INFO - [2023-06-01T08:02:27.521+0000] {taskmixin.py:211} WARNING - Dependency <Task(BashOperator): delete_entry_group>, create_entry_group already registered for DAG: example_complex
[2023-06-01T08:02:27.527+0000] {logging_mixin.py:137} INFO - [2023-06-01T08:02:27.525+0000] {taskmixin.py:211} WARNING - Dependency <Task(BashOperator): create_entry_gcs>, delete_entry already registered for DAG: example_complex
[2023-06-01T08:02:27.531+0000] {logging_mixin.py:137} INFO - [2023-06-01T08:02:27.529+0000] {taskmixin.py:211} WARNING - Dependency <Task(BashOperator): delete_entry>, create_entry_gcs already registered for DAG: example_complex
[2023-06-01T08:02:27.537+0000] {logging_mixin.py:137} INFO - [2023-06-01T08:02:27.536+0000] {taskmixin.py:211} WARNING - Dependency <Task(BashOperator): create_tag>, delete_tag already registered for DAG: example_complex
[2023-06-01T08:02:27.541+0000] {logging_mixin.py:137} INFO - [2023-06-01T08:02:27.540+0000] {taskmixin.py:211} WARNING - Dependency <Task(BashOperator): delete_tag>, create_tag already registered for DAG: example_complex
[2023-06-01T08:02:27.601+0000] {processor.py:753} INFO - DAG(s) dict_keys(['example_complex']) retrieved from /home/airflow/.local/lib/python3.7/site-packages/airflow/example_dags/example_complex.py
[2023-06-01T08:02:27.922+0000] {logging_mixin.py:137} INFO - [2023-06-01T08:02:27.922+0000] {dag.py:2705} INFO - Sync 1 DAGs
[2023-06-01T08:02:28.151+0000] {logging_mixin.py:137} INFO - [2023-06-01T08:02:28.151+0000] {dag.py:3456} INFO - Setting next_dagrun for example_complex to None, run_after=None
[2023-06-01T08:02:28.289+0000] {processor.py:175} INFO - Processing /home/airflow/.local/lib/python3.7/site-packages/airflow/example_dags/example_complex.py took 0.897 seconds
[2023-06-01T08:02:58.769+0000] {processor.py:153} INFO - Started process (PID=104) to work on /home/airflow/.local/lib/python3.7/site-packages/airflow/example_dags/example_complex.py
[2023-06-01T08:02:58.771+0000] {processor.py:743} INFO - Processing file /home/airflow/.local/lib/python3.7/site-packages/airflow/example_dags/example_complex.py for tasks to queue
[2023-06-01T08:02:58.774+0000] {logging_mixin.py:137} INFO - [2023-06-01T08:02:58.773+0000] {dagbag.py:532} INFO - Filling up the DagBag from /home/airflow/.local/lib/python3.7/site-packages/airflow/example_dags/example_complex.py
[2023-06-01T08:02:58.797+0000] {logging_mixin.py:137} INFO - [2023-06-01T08:02:58.797+0000] {taskmixin.py:211} WARNING - Dependency <Task(BashOperator): create_entry_group>, delete_entry_group already registered for DAG: example_complex
[2023-06-01T08:02:58.798+0000] {logging_mixin.py:137} INFO - [2023-06-01T08:02:58.798+0000] {taskmixin.py:211} WARNING - Dependency <Task(BashOperator): delete_entry_group>, create_entry_group already registered for DAG: example_complex
[2023-06-01T08:02:58.800+0000] {logging_mixin.py:137} INFO - [2023-06-01T08:02:58.800+0000] {taskmixin.py:211} WARNING - Dependency <Task(BashOperator): create_entry_gcs>, delete_entry already registered for DAG: example_complex
[2023-06-01T08:02:58.802+0000] {logging_mixin.py:137} INFO - [2023-06-01T08:02:58.801+0000] {taskmixin.py:211} WARNING - Dependency <Task(BashOperator): delete_entry>, create_entry_gcs already registered for DAG: example_complex
[2023-06-01T08:02:58.805+0000] {logging_mixin.py:137} INFO - [2023-06-01T08:02:58.804+0000] {taskmixin.py:211} WARNING - Dependency <Task(BashOperator): create_tag>, delete_tag already registered for DAG: example_complex
[2023-06-01T08:02:58.806+0000] {logging_mixin.py:137} INFO - [2023-06-01T08:02:58.806+0000] {taskmixin.py:211} WARNING - Dependency <Task(BashOperator): delete_tag>, create_tag already registered for DAG: example_complex
[2023-06-01T08:02:58.824+0000] {processor.py:753} INFO - DAG(s) dict_keys(['example_complex']) retrieved from /home/airflow/.local/lib/python3.7/site-packages/airflow/example_dags/example_complex.py
[2023-06-01T08:02:58.894+0000] {logging_mixin.py:137} INFO - [2023-06-01T08:02:58.893+0000] {dag.py:2705} INFO - Sync 1 DAGs
[2023-06-01T08:02:58.948+0000] {logging_mixin.py:137} INFO - [2023-06-01T08:02:58.948+0000] {dag.py:3456} INFO - Setting next_dagrun for example_complex to None, run_after=None
[2023-06-01T08:02:58.979+0000] {processor.py:175} INFO - Processing /home/airflow/.local/lib/python3.7/site-packages/airflow/example_dags/example_complex.py took 0.219 seconds
[2023-06-01T08:03:29.132+0000] {processor.py:153} INFO - Started process (PID=156) to work on /home/airflow/.local/lib/python3.7/site-packages/airflow/example_dags/example_complex.py
[2023-06-01T08:03:29.134+0000] {processor.py:743} INFO - Processing file /home/airflow/.local/lib/python3.7/site-packages/airflow/example_dags/example_complex.py for tasks to queue
[2023-06-01T08:03:29.137+0000] {logging_mixin.py:137} INFO - [2023-06-01T08:03:29.136+0000] {dagbag.py:532} INFO - Filling up the DagBag from /home/airflow/.local/lib/python3.7/site-packages/airflow/example_dags/example_complex.py
[2023-06-01T08:03:29.159+0000] {logging_mixin.py:137} INFO - [2023-06-01T08:03:29.159+0000] {taskmixin.py:211} WARNING - Dependency <Task(BashOperator): create_entry_group>, delete_entry_group already registered for DAG: example_complex
[2023-06-01T08:03:29.161+0000] {logging_mixin.py:137} INFO - [2023-06-01T08:03:29.160+0000] {taskmixin.py:211} WARNING - Dependency <Task(BashOperator): delete_entry_group>, create_entry_group already registered for DAG: example_complex
[2023-06-01T08:03:29.163+0000] {logging_mixin.py:137} INFO - [2023-06-01T08:03:29.162+0000] {taskmixin.py:211} WARNING - Dependency <Task(BashOperator): create_entry_gcs>, delete_entry already registered for DAG: example_complex
[2023-06-01T08:03:29.164+0000] {logging_mixin.py:137} INFO - [2023-06-01T08:03:29.164+0000] {taskmixin.py:211} WARNING - Dependency <Task(BashOperator): delete_entry>, create_entry_gcs already registered for DAG: example_complex
[2023-06-01T08:03:29.166+0000] {logging_mixin.py:137} INFO - [2023-06-01T08:03:29.166+0000] {taskmixin.py:211} WARNING - Dependency <Task(BashOperator): create_tag>, delete_tag already registered for DAG: example_complex
[2023-06-01T08:03:29.168+0000] {logging_mixin.py:137} INFO - [2023-06-01T08:03:29.167+0000] {taskmixin.py:211} WARNING - Dependency <Task(BashOperator): delete_tag>, create_tag already registered for DAG: example_complex
[2023-06-01T08:03:29.193+0000] {processor.py:753} INFO - DAG(s) dict_keys(['example_complex']) retrieved from /home/airflow/.local/lib/python3.7/site-packages/airflow/example_dags/example_complex.py
[2023-06-01T08:03:29.322+0000] {logging_mixin.py:137} INFO - [2023-06-01T08:03:29.321+0000] {dag.py:2705} INFO - Sync 1 DAGs
[2023-06-01T08:03:29.392+0000] {logging_mixin.py:137} INFO - [2023-06-01T08:03:29.392+0000] {dag.py:3456} INFO - Setting next_dagrun for example_complex to None, run_after=None
[2023-06-01T08:03:29.433+0000] {processor.py:175} INFO - Processing /home/airflow/.local/lib/python3.7/site-packages/airflow/example_dags/example_complex.py took 0.310 seconds
[2023-06-01T08:03:59.609+0000] {processor.py:153} INFO - Started process (PID=209) to work on /home/airflow/.local/lib/python3.7/site-packages/airflow/example_dags/example_complex.py
[2023-06-01T08:03:59.611+0000] {processor.py:743} INFO - Processing file /home/airflow/.local/lib/python3.7/site-packages/airflow/example_dags/example_complex.py for tasks to queue
[2023-06-01T08:03:59.614+0000] {logging_mixin.py:137} INFO - [2023-06-01T08:03:59.614+0000] {dagbag.py:532} INFO - Filling up the DagBag from /home/airflow/.local/lib/python3.7/site-packages/airflow/example_dags/example_complex.py
[2023-06-01T08:03:59.631+0000] {logging_mixin.py:137} INFO - [2023-06-01T08:03:59.631+0000] {taskmixin.py:211} WARNING - Dependency <Task(BashOperator): create_entry_group>, delete_entry_group already registered for DAG: example_complex
[2023-06-01T08:03:59.633+0000] {logging_mixin.py:137} INFO - [2023-06-01T08:03:59.632+0000] {taskmixin.py:211} WARNING - Dependency <Task(BashOperator): delete_entry_group>, create_entry_group already registered for DAG: example_complex
[2023-06-01T08:03:59.634+0000] {logging_mixin.py:137} INFO - [2023-06-01T08:03:59.634+0000] {taskmixin.py:211} WARNING - Dependency <Task(BashOperator): create_entry_gcs>, delete_entry already registered for DAG: example_complex
[2023-06-01T08:03:59.635+0000] {logging_mixin.py:137} INFO - [2023-06-01T08:03:59.635+0000] {taskmixin.py:211} WARNING - Dependency <Task(BashOperator): delete_entry>, create_entry_gcs already registered for DAG: example_complex
[2023-06-01T08:03:59.637+0000] {logging_mixin.py:137} INFO - [2023-06-01T08:03:59.637+0000] {taskmixin.py:211} WARNING - Dependency <Task(BashOperator): create_tag>, delete_tag already registered for DAG: example_complex
[2023-06-01T08:03:59.638+0000] {logging_mixin.py:137} INFO - [2023-06-01T08:03:59.638+0000] {taskmixin.py:211} WARNING - Dependency <Task(BashOperator): delete_tag>, create_tag already registered for DAG: example_complex
[2023-06-01T08:03:59.649+0000] {processor.py:753} INFO - DAG(s) dict_keys(['example_complex']) retrieved from /home/airflow/.local/lib/python3.7/site-packages/airflow/example_dags/example_complex.py
[2023-06-01T08:03:59.700+0000] {logging_mixin.py:137} INFO - [2023-06-01T08:03:59.700+0000] {dag.py:2705} INFO - Sync 1 DAGs
[2023-06-01T08:03:59.736+0000] {logging_mixin.py:137} INFO - [2023-06-01T08:03:59.735+0000] {dag.py:3456} INFO - Setting next_dagrun for example_complex to None, run_after=None
[2023-06-01T08:03:59.761+0000] {processor.py:175} INFO - Processing /home/airflow/.local/lib/python3.7/site-packages/airflow/example_dags/example_complex.py took 0.159 seconds
[2023-06-01T08:04:30.097+0000] {processor.py:153} INFO - Started process (PID=261) to work on /home/airflow/.local/lib/python3.7/site-packages/airflow/example_dags/example_complex.py
[2023-06-01T08:04:30.100+0000] {processor.py:743} INFO - Processing file /home/airflow/.local/lib/python3.7/site-packages/airflow/example_dags/example_complex.py for tasks to queue
[2023-06-01T08:04:30.102+0000] {logging_mixin.py:137} INFO - [2023-06-01T08:04:30.102+0000] {dagbag.py:532} INFO - Filling up the DagBag from /home/airflow/.local/lib/python3.7/site-packages/airflow/example_dags/example_complex.py
[2023-06-01T08:04:30.126+0000] {logging_mixin.py:137} INFO - [2023-06-01T08:04:30.126+0000] {taskmixin.py:211} WARNING - Dependency <Task(BashOperator): create_entry_group>, delete_entry_group already registered for DAG: example_complex
[2023-06-01T08:04:30.128+0000] {logging_mixin.py:137} INFO - [2023-06-01T08:04:30.127+0000] {taskmixin.py:211} WARNING - Dependency <Task(BashOperator): delete_entry_group>, create_entry_group already registered for DAG: example_complex
[2023-06-01T08:04:30.129+0000] {logging_mixin.py:137} INFO - [2023-06-01T08:04:30.129+0000] {taskmixin.py:211} WARNING - Dependency <Task(BashOperator): create_entry_gcs>, delete_entry already registered for DAG: example_complex
[2023-06-01T08:04:30.131+0000] {logging_mixin.py:137} INFO - [2023-06-01T08:04:30.130+0000] {taskmixin.py:211} WARNING - Dependency <Task(BashOperator): delete_entry>, create_entry_gcs already registered for DAG: example_complex
[2023-06-01T08:04:30.132+0000] {logging_mixin.py:137} INFO - [2023-06-01T08:04:30.132+0000] {taskmixin.py:211} WARNING - Dependency <Task(BashOperator): create_tag>, delete_tag already registered for DAG: example_complex
[2023-06-01T08:04:30.134+0000] {logging_mixin.py:137} INFO - [2023-06-01T08:04:30.134+0000] {taskmixin.py:211} WARNING - Dependency <Task(BashOperator): delete_tag>, create_tag already registered for DAG: example_complex
[2023-06-01T08:04:30.150+0000] {processor.py:753} INFO - DAG(s) dict_keys(['example_complex']) retrieved from /home/airflow/.local/lib/python3.7/site-packages/airflow/example_dags/example_complex.py
[2023-06-01T08:04:30.207+0000] {logging_mixin.py:137} INFO - [2023-06-01T08:04:30.207+0000] {dag.py:2705} INFO - Sync 1 DAGs
[2023-06-01T08:04:30.258+0000] {logging_mixin.py:137} INFO - [2023-06-01T08:04:30.258+0000] {dag.py:3456} INFO - Setting next_dagrun for example_complex to None, run_after=None
[2023-06-01T08:04:30.303+0000] {processor.py:175} INFO - Processing /home/airflow/.local/lib/python3.7/site-packages/airflow/example_dags/example_complex.py took 0.213 seconds
[2023-06-01T08:05:00.748+0000] {processor.py:153} INFO - Started process (PID=313) to work on /home/airflow/.local/lib/python3.7/site-packages/airflow/example_dags/example_complex.py
[2023-06-01T08:05:00.759+0000] {processor.py:743} INFO - Processing file /home/airflow/.local/lib/python3.7/site-packages/airflow/example_dags/example_complex.py for tasks to queue
[2023-06-01T08:05:00.761+0000] {logging_mixin.py:137} INFO - [2023-06-01T08:05:00.761+0000] {dagbag.py:532} INFO - Filling up the DagBag from /home/airflow/.local/lib/python3.7/site-packages/airflow/example_dags/example_complex.py
[2023-06-01T08:05:00.823+0000] {logging_mixin.py:137} INFO - [2023-06-01T08:05:00.822+0000] {taskmixin.py:211} WARNING - Dependency <Task(BashOperator): create_entry_group>, delete_entry_group already registered for DAG: example_complex
[2023-06-01T08:05:00.833+0000] {logging_mixin.py:137} INFO - [2023-06-01T08:05:00.833+0000] {taskmixin.py:211} WARNING - Dependency <Task(BashOperator): delete_entry_group>, create_entry_group already registered for DAG: example_complex
[2023-06-01T08:05:00.834+0000] {logging_mixin.py:137} INFO - [2023-06-01T08:05:00.834+0000] {taskmixin.py:211} WARNING - Dependency <Task(BashOperator): create_entry_gcs>, delete_entry already registered for DAG: example_complex
[2023-06-01T08:05:00.835+0000] {logging_mixin.py:137} INFO - [2023-06-01T08:05:00.835+0000] {taskmixin.py:211} WARNING - Dependency <Task(BashOperator): delete_entry>, create_entry_gcs already registered for DAG: example_complex
[2023-06-01T08:05:00.836+0000] {logging_mixin.py:137} INFO - [2023-06-01T08:05:00.836+0000] {taskmixin.py:211} WARNING - Dependency <Task(BashOperator): create_tag>, delete_tag already registered for DAG: example_complex
[2023-06-01T08:05:00.837+0000] {logging_mixin.py:137} INFO - [2023-06-01T08:05:00.837+0000] {taskmixin.py:211} WARNING - Dependency <Task(BashOperator): delete_tag>, create_tag already registered for DAG: example_complex
[2023-06-01T08:05:00.860+0000] {processor.py:753} INFO - DAG(s) dict_keys(['example_complex']) retrieved from /home/airflow/.local/lib/python3.7/site-packages/airflow/example_dags/example_complex.py
[2023-06-01T08:05:00.957+0000] {logging_mixin.py:137} INFO - [2023-06-01T08:05:00.956+0000] {dag.py:2705} INFO - Sync 1 DAGs
[2023-06-01T08:05:00.995+0000] {logging_mixin.py:137} INFO - [2023-06-01T08:05:00.994+0000] {dag.py:3456} INFO - Setting next_dagrun for example_complex to None, run_after=None
[2023-06-01T08:05:01.021+0000] {processor.py:175} INFO - Processing /home/airflow/.local/lib/python3.7/site-packages/airflow/example_dags/example_complex.py took 0.283 seconds
