[2023-06-01T08:02:37.624+0000] {processor.py:153} INFO - Started process (PID=71) to work on /home/airflow/.local/lib/python3.7/site-packages/airflow/example_dags/example_branch_python_dop_operator_3.py
[2023-06-01T08:02:37.645+0000] {processor.py:743} INFO - Processing file /home/airflow/.local/lib/python3.7/site-packages/airflow/example_dags/example_branch_python_dop_operator_3.py for tasks to queue
[2023-06-01T08:02:37.647+0000] {logging_mixin.py:137} INFO - [2023-06-01T08:02:37.647+0000] {dagbag.py:532} INFO - Filling up the DagBag from /home/airflow/.local/lib/python3.7/site-packages/airflow/example_dags/example_branch_python_dop_operator_3.py
[2023-06-01T08:02:37.904+0000] {processor.py:753} INFO - DAG(s) dict_keys(['example_branch_dop_operator_v3']) retrieved from /home/airflow/.local/lib/python3.7/site-packages/airflow/example_dags/example_branch_python_dop_operator_3.py
[2023-06-01T08:02:38.073+0000] {logging_mixin.py:137} INFO - [2023-06-01T08:02:38.072+0000] {dag.py:2705} INFO - Sync 1 DAGs
[2023-06-01T08:02:38.316+0000] {logging_mixin.py:137} INFO - [2023-06-01T08:02:38.316+0000] {dag.py:3456} INFO - Setting next_dagrun for example_branch_dop_operator_v3 to 2023-06-01T08:01:00+00:00, run_after=2023-06-01T08:02:00+00:00
[2023-06-01T08:02:38.446+0000] {processor.py:175} INFO - Processing /home/airflow/.local/lib/python3.7/site-packages/airflow/example_dags/example_branch_python_dop_operator_3.py took 0.853 seconds
[2023-06-01T08:03:09.200+0000] {processor.py:153} INFO - Started process (PID=123) to work on /home/airflow/.local/lib/python3.7/site-packages/airflow/example_dags/example_branch_python_dop_operator_3.py
[2023-06-01T08:03:09.202+0000] {processor.py:743} INFO - Processing file /home/airflow/.local/lib/python3.7/site-packages/airflow/example_dags/example_branch_python_dop_operator_3.py for tasks to queue
[2023-06-01T08:03:09.205+0000] {logging_mixin.py:137} INFO - [2023-06-01T08:03:09.205+0000] {dagbag.py:532} INFO - Filling up the DagBag from /home/airflow/.local/lib/python3.7/site-packages/airflow/example_dags/example_branch_python_dop_operator_3.py
[2023-06-01T08:03:09.248+0000] {processor.py:753} INFO - DAG(s) dict_keys(['example_branch_dop_operator_v3']) retrieved from /home/airflow/.local/lib/python3.7/site-packages/airflow/example_dags/example_branch_python_dop_operator_3.py
[2023-06-01T08:03:09.301+0000] {logging_mixin.py:137} INFO - [2023-06-01T08:03:09.301+0000] {dag.py:2705} INFO - Sync 1 DAGs
[2023-06-01T08:03:09.348+0000] {logging_mixin.py:137} INFO - [2023-06-01T08:03:09.348+0000] {dag.py:3456} INFO - Setting next_dagrun for example_branch_dop_operator_v3 to 2023-06-01T08:02:00+00:00, run_after=2023-06-01T08:03:00+00:00
[2023-06-01T08:03:09.373+0000] {processor.py:175} INFO - Processing /home/airflow/.local/lib/python3.7/site-packages/airflow/example_dags/example_branch_python_dop_operator_3.py took 0.183 seconds
[2023-06-01T08:03:39.672+0000] {processor.py:153} INFO - Started process (PID=175) to work on /home/airflow/.local/lib/python3.7/site-packages/airflow/example_dags/example_branch_python_dop_operator_3.py
[2023-06-01T08:03:39.680+0000] {processor.py:743} INFO - Processing file /home/airflow/.local/lib/python3.7/site-packages/airflow/example_dags/example_branch_python_dop_operator_3.py for tasks to queue
[2023-06-01T08:03:39.684+0000] {logging_mixin.py:137} INFO - [2023-06-01T08:03:39.682+0000] {dagbag.py:532} INFO - Filling up the DagBag from /home/airflow/.local/lib/python3.7/site-packages/airflow/example_dags/example_branch_python_dop_operator_3.py
[2023-06-01T08:03:39.823+0000] {processor.py:753} INFO - DAG(s) dict_keys(['example_branch_dop_operator_v3']) retrieved from /home/airflow/.local/lib/python3.7/site-packages/airflow/example_dags/example_branch_python_dop_operator_3.py
[2023-06-01T08:03:39.947+0000] {logging_mixin.py:137} INFO - [2023-06-01T08:03:39.946+0000] {dag.py:2705} INFO - Sync 1 DAGs
[2023-06-01T08:03:40.087+0000] {logging_mixin.py:137} INFO - [2023-06-01T08:03:40.086+0000] {dag.py:3456} INFO - Setting next_dagrun for example_branch_dop_operator_v3 to 2023-06-01T08:02:00+00:00, run_after=2023-06-01T08:03:00+00:00
[2023-06-01T08:03:40.173+0000] {processor.py:175} INFO - Processing /home/airflow/.local/lib/python3.7/site-packages/airflow/example_dags/example_branch_python_dop_operator_3.py took 0.512 seconds
[2023-06-01T08:04:10.899+0000] {processor.py:153} INFO - Started process (PID=227) to work on /home/airflow/.local/lib/python3.7/site-packages/airflow/example_dags/example_branch_python_dop_operator_3.py
[2023-06-01T08:04:10.906+0000] {processor.py:743} INFO - Processing file /home/airflow/.local/lib/python3.7/site-packages/airflow/example_dags/example_branch_python_dop_operator_3.py for tasks to queue
[2023-06-01T08:04:10.913+0000] {logging_mixin.py:137} INFO - [2023-06-01T08:04:10.912+0000] {dagbag.py:532} INFO - Filling up the DagBag from /home/airflow/.local/lib/python3.7/site-packages/airflow/example_dags/example_branch_python_dop_operator_3.py
[2023-06-01T08:04:11.052+0000] {processor.py:753} INFO - DAG(s) dict_keys(['example_branch_dop_operator_v3']) retrieved from /home/airflow/.local/lib/python3.7/site-packages/airflow/example_dags/example_branch_python_dop_operator_3.py
[2023-06-01T08:04:11.184+0000] {logging_mixin.py:137} INFO - [2023-06-01T08:04:11.184+0000] {dag.py:2705} INFO - Sync 1 DAGs
[2023-06-01T08:04:11.295+0000] {logging_mixin.py:137} INFO - [2023-06-01T08:04:11.295+0000] {dag.py:3456} INFO - Setting next_dagrun for example_branch_dop_operator_v3 to 2023-06-01T08:03:00+00:00, run_after=2023-06-01T08:04:00+00:00
[2023-06-01T08:04:11.347+0000] {processor.py:175} INFO - Processing /home/airflow/.local/lib/python3.7/site-packages/airflow/example_dags/example_branch_python_dop_operator_3.py took 0.461 seconds
[2023-06-01T08:04:41.398+0000] {processor.py:153} INFO - Started process (PID=280) to work on /home/airflow/.local/lib/python3.7/site-packages/airflow/example_dags/example_branch_python_dop_operator_3.py
[2023-06-01T08:04:41.400+0000] {processor.py:743} INFO - Processing file /home/airflow/.local/lib/python3.7/site-packages/airflow/example_dags/example_branch_python_dop_operator_3.py for tasks to queue
[2023-06-01T08:04:41.402+0000] {logging_mixin.py:137} INFO - [2023-06-01T08:04:41.402+0000] {dagbag.py:532} INFO - Filling up the DagBag from /home/airflow/.local/lib/python3.7/site-packages/airflow/example_dags/example_branch_python_dop_operator_3.py
[2023-06-01T08:04:41.436+0000] {processor.py:753} INFO - DAG(s) dict_keys(['example_branch_dop_operator_v3']) retrieved from /home/airflow/.local/lib/python3.7/site-packages/airflow/example_dags/example_branch_python_dop_operator_3.py
[2023-06-01T08:04:41.474+0000] {logging_mixin.py:137} INFO - [2023-06-01T08:04:41.474+0000] {dag.py:2705} INFO - Sync 1 DAGs
[2023-06-01T08:04:41.517+0000] {logging_mixin.py:137} INFO - [2023-06-01T08:04:41.517+0000] {dag.py:3456} INFO - Setting next_dagrun for example_branch_dop_operator_v3 to 2023-06-01T08:03:00+00:00, run_after=2023-06-01T08:04:00+00:00
[2023-06-01T08:04:41.544+0000] {processor.py:175} INFO - Processing /home/airflow/.local/lib/python3.7/site-packages/airflow/example_dags/example_branch_python_dop_operator_3.py took 0.150 seconds
[2023-06-01T08:05:11.833+0000] {processor.py:153} INFO - Started process (PID=331) to work on /home/airflow/.local/lib/python3.7/site-packages/airflow/example_dags/example_branch_python_dop_operator_3.py
[2023-06-01T08:05:11.835+0000] {processor.py:743} INFO - Processing file /home/airflow/.local/lib/python3.7/site-packages/airflow/example_dags/example_branch_python_dop_operator_3.py for tasks to queue
[2023-06-01T08:05:11.838+0000] {logging_mixin.py:137} INFO - [2023-06-01T08:05:11.837+0000] {dagbag.py:532} INFO - Filling up the DagBag from /home/airflow/.local/lib/python3.7/site-packages/airflow/example_dags/example_branch_python_dop_operator_3.py
[2023-06-01T08:05:11.878+0000] {processor.py:753} INFO - DAG(s) dict_keys(['example_branch_dop_operator_v3']) retrieved from /home/airflow/.local/lib/python3.7/site-packages/airflow/example_dags/example_branch_python_dop_operator_3.py
[2023-06-01T08:05:11.919+0000] {logging_mixin.py:137} INFO - [2023-06-01T08:05:11.919+0000] {dag.py:2705} INFO - Sync 1 DAGs
[2023-06-01T08:05:11.970+0000] {logging_mixin.py:137} INFO - [2023-06-01T08:05:11.970+0000] {dag.py:3456} INFO - Setting next_dagrun for example_branch_dop_operator_v3 to 2023-06-01T08:04:00+00:00, run_after=2023-06-01T08:05:00+00:00
[2023-06-01T08:05:12.000+0000] {processor.py:175} INFO - Processing /home/airflow/.local/lib/python3.7/site-packages/airflow/example_dags/example_branch_python_dop_operator_3.py took 0.178 seconds
