[2023-06-01T08:02:40.228+0000] {processor.py:153} INFO - Started process (PID=78) to work on /home/airflow/.local/lib/python3.7/site-packages/airflow/example_dags/example_dynamic_task_mapping.py
[2023-06-01T08:02:40.234+0000] {processor.py:743} INFO - Processing file /home/airflow/.local/lib/python3.7/site-packages/airflow/example_dags/example_dynamic_task_mapping.py for tasks to queue
[2023-06-01T08:02:40.240+0000] {logging_mixin.py:137} INFO - [2023-06-01T08:02:40.239+0000] {dagbag.py:532} INFO - Filling up the DagBag from /home/airflow/.local/lib/python3.7/site-packages/airflow/example_dags/example_dynamic_task_mapping.py
[2023-06-01T08:02:40.371+0000] {processor.py:753} INFO - DAG(s) dict_keys(['example_dynamic_task_mapping']) retrieved from /home/airflow/.local/lib/python3.7/site-packages/airflow/example_dags/example_dynamic_task_mapping.py
[2023-06-01T08:02:40.510+0000] {logging_mixin.py:137} INFO - [2023-06-01T08:02:40.509+0000] {dag.py:2705} INFO - Sync 1 DAGs
[2023-06-01T08:02:40.622+0000] {logging_mixin.py:137} INFO - [2023-06-01T08:02:40.621+0000] {dag.py:3456} INFO - Setting next_dagrun for example_dynamic_task_mapping to 2022-03-04T00:00:00+00:00, run_after=2022-03-05T00:00:00+00:00
[2023-06-01T08:02:40.692+0000] {processor.py:175} INFO - Processing /home/airflow/.local/lib/python3.7/site-packages/airflow/example_dags/example_dynamic_task_mapping.py took 0.480 seconds
[2023-06-01T08:03:11.019+0000] {processor.py:153} INFO - Started process (PID=130) to work on /home/airflow/.local/lib/python3.7/site-packages/airflow/example_dags/example_dynamic_task_mapping.py
[2023-06-01T08:03:11.021+0000] {processor.py:743} INFO - Processing file /home/airflow/.local/lib/python3.7/site-packages/airflow/example_dags/example_dynamic_task_mapping.py for tasks to queue
[2023-06-01T08:03:11.023+0000] {logging_mixin.py:137} INFO - [2023-06-01T08:03:11.022+0000] {dagbag.py:532} INFO - Filling up the DagBag from /home/airflow/.local/lib/python3.7/site-packages/airflow/example_dags/example_dynamic_task_mapping.py
[2023-06-01T08:03:11.055+0000] {processor.py:753} INFO - DAG(s) dict_keys(['example_dynamic_task_mapping']) retrieved from /home/airflow/.local/lib/python3.7/site-packages/airflow/example_dags/example_dynamic_task_mapping.py
[2023-06-01T08:03:11.092+0000] {logging_mixin.py:137} INFO - [2023-06-01T08:03:11.092+0000] {dag.py:2705} INFO - Sync 1 DAGs
[2023-06-01T08:03:11.129+0000] {logging_mixin.py:137} INFO - [2023-06-01T08:03:11.129+0000] {dag.py:3456} INFO - Setting next_dagrun for example_dynamic_task_mapping to 2022-03-04T00:00:00+00:00, run_after=2022-03-05T00:00:00+00:00
[2023-06-01T08:03:11.155+0000] {processor.py:175} INFO - Processing /home/airflow/.local/lib/python3.7/site-packages/airflow/example_dags/example_dynamic_task_mapping.py took 0.142 seconds
[2023-06-01T08:03:41.985+0000] {processor.py:153} INFO - Started process (PID=182) to work on /home/airflow/.local/lib/python3.7/site-packages/airflow/example_dags/example_dynamic_task_mapping.py
[2023-06-01T08:03:41.993+0000] {processor.py:743} INFO - Processing file /home/airflow/.local/lib/python3.7/site-packages/airflow/example_dags/example_dynamic_task_mapping.py for tasks to queue
[2023-06-01T08:03:42.001+0000] {logging_mixin.py:137} INFO - [2023-06-01T08:03:41.999+0000] {dagbag.py:532} INFO - Filling up the DagBag from /home/airflow/.local/lib/python3.7/site-packages/airflow/example_dags/example_dynamic_task_mapping.py
[2023-06-01T08:03:42.075+0000] {processor.py:753} INFO - DAG(s) dict_keys(['example_dynamic_task_mapping']) retrieved from /home/airflow/.local/lib/python3.7/site-packages/airflow/example_dags/example_dynamic_task_mapping.py
[2023-06-01T08:03:42.159+0000] {logging_mixin.py:137} INFO - [2023-06-01T08:03:42.159+0000] {dag.py:2705} INFO - Sync 1 DAGs
[2023-06-01T08:03:42.253+0000] {logging_mixin.py:137} INFO - [2023-06-01T08:03:42.252+0000] {dag.py:3456} INFO - Setting next_dagrun for example_dynamic_task_mapping to 2022-03-04T00:00:00+00:00, run_after=2022-03-05T00:00:00+00:00
[2023-06-01T08:03:42.326+0000] {processor.py:175} INFO - Processing /home/airflow/.local/lib/python3.7/site-packages/airflow/example_dags/example_dynamic_task_mapping.py took 0.384 seconds
[2023-06-01T08:04:12.854+0000] {processor.py:153} INFO - Started process (PID=234) to work on /home/airflow/.local/lib/python3.7/site-packages/airflow/example_dags/example_dynamic_task_mapping.py
[2023-06-01T08:04:12.856+0000] {processor.py:743} INFO - Processing file /home/airflow/.local/lib/python3.7/site-packages/airflow/example_dags/example_dynamic_task_mapping.py for tasks to queue
[2023-06-01T08:04:12.860+0000] {logging_mixin.py:137} INFO - [2023-06-01T08:04:12.859+0000] {dagbag.py:532} INFO - Filling up the DagBag from /home/airflow/.local/lib/python3.7/site-packages/airflow/example_dags/example_dynamic_task_mapping.py
[2023-06-01T08:04:12.899+0000] {processor.py:753} INFO - DAG(s) dict_keys(['example_dynamic_task_mapping']) retrieved from /home/airflow/.local/lib/python3.7/site-packages/airflow/example_dags/example_dynamic_task_mapping.py
[2023-06-01T08:04:12.941+0000] {logging_mixin.py:137} INFO - [2023-06-01T08:04:12.940+0000] {dag.py:2705} INFO - Sync 1 DAGs
[2023-06-01T08:04:12.986+0000] {logging_mixin.py:137} INFO - [2023-06-01T08:04:12.986+0000] {dag.py:3456} INFO - Setting next_dagrun for example_dynamic_task_mapping to 2022-03-04T00:00:00+00:00, run_after=2022-03-05T00:00:00+00:00
[2023-06-01T08:04:13.016+0000] {processor.py:175} INFO - Processing /home/airflow/.local/lib/python3.7/site-packages/airflow/example_dags/example_dynamic_task_mapping.py took 0.172 seconds
[2023-06-01T08:04:43.166+0000] {processor.py:153} INFO - Started process (PID=286) to work on /home/airflow/.local/lib/python3.7/site-packages/airflow/example_dags/example_dynamic_task_mapping.py
[2023-06-01T08:04:43.168+0000] {processor.py:743} INFO - Processing file /home/airflow/.local/lib/python3.7/site-packages/airflow/example_dags/example_dynamic_task_mapping.py for tasks to queue
[2023-06-01T08:04:43.172+0000] {logging_mixin.py:137} INFO - [2023-06-01T08:04:43.171+0000] {dagbag.py:532} INFO - Filling up the DagBag from /home/airflow/.local/lib/python3.7/site-packages/airflow/example_dags/example_dynamic_task_mapping.py
[2023-06-01T08:04:43.211+0000] {processor.py:753} INFO - DAG(s) dict_keys(['example_dynamic_task_mapping']) retrieved from /home/airflow/.local/lib/python3.7/site-packages/airflow/example_dags/example_dynamic_task_mapping.py
[2023-06-01T08:04:43.257+0000] {logging_mixin.py:137} INFO - [2023-06-01T08:04:43.257+0000] {dag.py:2705} INFO - Sync 1 DAGs
[2023-06-01T08:04:43.313+0000] {logging_mixin.py:137} INFO - [2023-06-01T08:04:43.313+0000] {dag.py:3456} INFO - Setting next_dagrun for example_dynamic_task_mapping to 2022-03-04T00:00:00+00:00, run_after=2022-03-05T00:00:00+00:00
[2023-06-01T08:04:43.342+0000] {processor.py:175} INFO - Processing /home/airflow/.local/lib/python3.7/site-packages/airflow/example_dags/example_dynamic_task_mapping.py took 0.184 seconds
[2023-06-01T08:05:13.510+0000] {processor.py:153} INFO - Started process (PID=338) to work on /home/airflow/.local/lib/python3.7/site-packages/airflow/example_dags/example_dynamic_task_mapping.py
[2023-06-01T08:05:13.513+0000] {processor.py:743} INFO - Processing file /home/airflow/.local/lib/python3.7/site-packages/airflow/example_dags/example_dynamic_task_mapping.py for tasks to queue
[2023-06-01T08:05:13.516+0000] {logging_mixin.py:137} INFO - [2023-06-01T08:05:13.515+0000] {dagbag.py:532} INFO - Filling up the DagBag from /home/airflow/.local/lib/python3.7/site-packages/airflow/example_dags/example_dynamic_task_mapping.py
[2023-06-01T08:05:13.576+0000] {processor.py:753} INFO - DAG(s) dict_keys(['example_dynamic_task_mapping']) retrieved from /home/airflow/.local/lib/python3.7/site-packages/airflow/example_dags/example_dynamic_task_mapping.py
[2023-06-01T08:05:13.619+0000] {logging_mixin.py:137} INFO - [2023-06-01T08:05:13.619+0000] {dag.py:2705} INFO - Sync 1 DAGs
[2023-06-01T08:05:13.665+0000] {logging_mixin.py:137} INFO - [2023-06-01T08:05:13.665+0000] {dag.py:3456} INFO - Setting next_dagrun for example_dynamic_task_mapping to 2022-03-04T00:00:00+00:00, run_after=2022-03-05T00:00:00+00:00
[2023-06-01T08:05:13.696+0000] {processor.py:175} INFO - Processing /home/airflow/.local/lib/python3.7/site-packages/airflow/example_dags/example_dynamic_task_mapping.py took 0.205 seconds
