[2023-06-01T08:02:25.172+0000] {processor.py:153} INFO - Started process (PID=48) to work on /home/airflow/.local/lib/python3.7/site-packages/airflow/example_dags/example_python_operator.py
[2023-06-01T08:02:25.181+0000] {processor.py:743} INFO - Processing file /home/airflow/.local/lib/python3.7/site-packages/airflow/example_dags/example_python_operator.py for tasks to queue
[2023-06-01T08:02:25.189+0000] {logging_mixin.py:137} INFO - [2023-06-01T08:02:25.188+0000] {dagbag.py:532} INFO - Filling up the DagBag from /home/airflow/.local/lib/python3.7/site-packages/airflow/example_dags/example_python_operator.py
[2023-06-01T08:02:25.349+0000] {logging_mixin.py:137} INFO - [2023-06-01T08:02:25.349+0000] {taskmixin.py:211} WARNING - Dependency <Task(_PythonDecoratedOperator): print_the_context>, log_sql_query already registered for DAG: example_python_operator
[2023-06-01T08:02:25.355+0000] {logging_mixin.py:137} INFO - [2023-06-01T08:02:25.353+0000] {taskmixin.py:211} WARNING - Dependency <Task(_PythonDecoratedOperator): log_sql_query>, print_the_context already registered for DAG: example_python_operator
[2023-06-01T08:02:25.368+0000] {logging_mixin.py:137} INFO - [2023-06-01T08:02:25.367+0000] {taskmixin.py:211} WARNING - Dependency <Task(_PythonDecoratedOperator): print_the_context>, log_sql_query already registered for DAG: example_python_operator
[2023-06-01T08:02:25.370+0000] {logging_mixin.py:137} INFO - [2023-06-01T08:02:25.369+0000] {taskmixin.py:211} WARNING - Dependency <Task(_PythonDecoratedOperator): log_sql_query>, print_the_context already registered for DAG: example_python_operator
[2023-06-01T08:02:25.381+0000] {logging_mixin.py:137} INFO - [2023-06-01T08:02:25.379+0000] {taskmixin.py:211} WARNING - Dependency <Task(_PythonDecoratedOperator): print_the_context>, log_sql_query already registered for DAG: example_python_operator
[2023-06-01T08:02:25.384+0000] {logging_mixin.py:137} INFO - [2023-06-01T08:02:25.383+0000] {taskmixin.py:211} WARNING - Dependency <Task(_PythonDecoratedOperator): log_sql_query>, print_the_context already registered for DAG: example_python_operator
[2023-06-01T08:02:25.393+0000] {logging_mixin.py:137} INFO - [2023-06-01T08:02:25.393+0000] {taskmixin.py:211} WARNING - Dependency <Task(_PythonDecoratedOperator): print_the_context>, log_sql_query already registered for DAG: example_python_operator
[2023-06-01T08:02:25.395+0000] {logging_mixin.py:137} INFO - [2023-06-01T08:02:25.395+0000] {taskmixin.py:211} WARNING - Dependency <Task(_PythonDecoratedOperator): log_sql_query>, print_the_context already registered for DAG: example_python_operator
[2023-06-01T08:02:25.447+0000] {processor.py:753} INFO - DAG(s) dict_keys(['example_python_operator']) retrieved from /home/airflow/.local/lib/python3.7/site-packages/airflow/example_dags/example_python_operator.py
[2023-06-01T08:02:25.962+0000] {logging_mixin.py:137} INFO - [2023-06-01T08:02:25.962+0000] {dag.py:2705} INFO - Sync 1 DAGs
[2023-06-01T08:02:26.188+0000] {logging_mixin.py:137} INFO - [2023-06-01T08:02:26.187+0000] {dag.py:3456} INFO - Setting next_dagrun for example_python_operator to None, run_after=None
[2023-06-01T08:02:26.314+0000] {processor.py:175} INFO - Processing /home/airflow/.local/lib/python3.7/site-packages/airflow/example_dags/example_python_operator.py took 1.164 seconds
[2023-06-01T08:02:57.311+0000] {processor.py:153} INFO - Started process (PID=100) to work on /home/airflow/.local/lib/python3.7/site-packages/airflow/example_dags/example_python_operator.py
[2023-06-01T08:02:57.314+0000] {processor.py:743} INFO - Processing file /home/airflow/.local/lib/python3.7/site-packages/airflow/example_dags/example_python_operator.py for tasks to queue
[2023-06-01T08:02:57.316+0000] {logging_mixin.py:137} INFO - [2023-06-01T08:02:57.316+0000] {dagbag.py:532} INFO - Filling up the DagBag from /home/airflow/.local/lib/python3.7/site-packages/airflow/example_dags/example_python_operator.py
[2023-06-01T08:02:57.358+0000] {logging_mixin.py:137} INFO - [2023-06-01T08:02:57.358+0000] {taskmixin.py:211} WARNING - Dependency <Task(_PythonDecoratedOperator): print_the_context>, log_sql_query already registered for DAG: example_python_operator
[2023-06-01T08:02:57.367+0000] {logging_mixin.py:137} INFO - [2023-06-01T08:02:57.366+0000] {taskmixin.py:211} WARNING - Dependency <Task(_PythonDecoratedOperator): log_sql_query>, print_the_context already registered for DAG: example_python_operator
[2023-06-01T08:02:57.374+0000] {logging_mixin.py:137} INFO - [2023-06-01T08:02:57.373+0000] {taskmixin.py:211} WARNING - Dependency <Task(_PythonDecoratedOperator): print_the_context>, log_sql_query already registered for DAG: example_python_operator
[2023-06-01T08:02:57.378+0000] {logging_mixin.py:137} INFO - [2023-06-01T08:02:57.376+0000] {taskmixin.py:211} WARNING - Dependency <Task(_PythonDecoratedOperator): log_sql_query>, print_the_context already registered for DAG: example_python_operator
[2023-06-01T08:02:57.383+0000] {logging_mixin.py:137} INFO - [2023-06-01T08:02:57.383+0000] {taskmixin.py:211} WARNING - Dependency <Task(_PythonDecoratedOperator): print_the_context>, log_sql_query already registered for DAG: example_python_operator
[2023-06-01T08:02:57.385+0000] {logging_mixin.py:137} INFO - [2023-06-01T08:02:57.384+0000] {taskmixin.py:211} WARNING - Dependency <Task(_PythonDecoratedOperator): log_sql_query>, print_the_context already registered for DAG: example_python_operator
[2023-06-01T08:02:57.388+0000] {logging_mixin.py:137} INFO - [2023-06-01T08:02:57.388+0000] {taskmixin.py:211} WARNING - Dependency <Task(_PythonDecoratedOperator): print_the_context>, log_sql_query already registered for DAG: example_python_operator
[2023-06-01T08:02:57.389+0000] {logging_mixin.py:137} INFO - [2023-06-01T08:02:57.389+0000] {taskmixin.py:211} WARNING - Dependency <Task(_PythonDecoratedOperator): log_sql_query>, print_the_context already registered for DAG: example_python_operator
[2023-06-01T08:02:57.404+0000] {processor.py:753} INFO - DAG(s) dict_keys(['example_python_operator']) retrieved from /home/airflow/.local/lib/python3.7/site-packages/airflow/example_dags/example_python_operator.py
[2023-06-01T08:02:57.454+0000] {logging_mixin.py:137} INFO - [2023-06-01T08:02:57.454+0000] {dag.py:2705} INFO - Sync 1 DAGs
[2023-06-01T08:02:57.492+0000] {logging_mixin.py:137} INFO - [2023-06-01T08:02:57.492+0000] {dag.py:3456} INFO - Setting next_dagrun for example_python_operator to None, run_after=None
[2023-06-01T08:02:57.517+0000] {processor.py:175} INFO - Processing /home/airflow/.local/lib/python3.7/site-packages/airflow/example_dags/example_python_operator.py took 0.213 seconds
[2023-06-01T08:03:27.641+0000] {processor.py:153} INFO - Started process (PID=152) to work on /home/airflow/.local/lib/python3.7/site-packages/airflow/example_dags/example_python_operator.py
[2023-06-01T08:03:27.648+0000] {processor.py:743} INFO - Processing file /home/airflow/.local/lib/python3.7/site-packages/airflow/example_dags/example_python_operator.py for tasks to queue
[2023-06-01T08:03:27.652+0000] {logging_mixin.py:137} INFO - [2023-06-01T08:03:27.652+0000] {dagbag.py:532} INFO - Filling up the DagBag from /home/airflow/.local/lib/python3.7/site-packages/airflow/example_dags/example_python_operator.py
[2023-06-01T08:03:27.699+0000] {logging_mixin.py:137} INFO - [2023-06-01T08:03:27.698+0000] {taskmixin.py:211} WARNING - Dependency <Task(_PythonDecoratedOperator): print_the_context>, log_sql_query already registered for DAG: example_python_operator
[2023-06-01T08:03:27.701+0000] {logging_mixin.py:137} INFO - [2023-06-01T08:03:27.701+0000] {taskmixin.py:211} WARNING - Dependency <Task(_PythonDecoratedOperator): log_sql_query>, print_the_context already registered for DAG: example_python_operator
[2023-06-01T08:03:27.716+0000] {logging_mixin.py:137} INFO - [2023-06-01T08:03:27.715+0000] {taskmixin.py:211} WARNING - Dependency <Task(_PythonDecoratedOperator): print_the_context>, log_sql_query already registered for DAG: example_python_operator
[2023-06-01T08:03:27.728+0000] {logging_mixin.py:137} INFO - [2023-06-01T08:03:27.728+0000] {taskmixin.py:211} WARNING - Dependency <Task(_PythonDecoratedOperator): log_sql_query>, print_the_context already registered for DAG: example_python_operator
[2023-06-01T08:03:27.735+0000] {logging_mixin.py:137} INFO - [2023-06-01T08:03:27.734+0000] {taskmixin.py:211} WARNING - Dependency <Task(_PythonDecoratedOperator): print_the_context>, log_sql_query already registered for DAG: example_python_operator
[2023-06-01T08:03:27.736+0000] {logging_mixin.py:137} INFO - [2023-06-01T08:03:27.736+0000] {taskmixin.py:211} WARNING - Dependency <Task(_PythonDecoratedOperator): log_sql_query>, print_the_context already registered for DAG: example_python_operator
[2023-06-01T08:03:27.738+0000] {logging_mixin.py:137} INFO - [2023-06-01T08:03:27.738+0000] {taskmixin.py:211} WARNING - Dependency <Task(_PythonDecoratedOperator): print_the_context>, log_sql_query already registered for DAG: example_python_operator
[2023-06-01T08:03:27.739+0000] {logging_mixin.py:137} INFO - [2023-06-01T08:03:27.738+0000] {taskmixin.py:211} WARNING - Dependency <Task(_PythonDecoratedOperator): log_sql_query>, print_the_context already registered for DAG: example_python_operator
[2023-06-01T08:03:27.754+0000] {processor.py:753} INFO - DAG(s) dict_keys(['example_python_operator']) retrieved from /home/airflow/.local/lib/python3.7/site-packages/airflow/example_dags/example_python_operator.py
[2023-06-01T08:03:27.810+0000] {logging_mixin.py:137} INFO - [2023-06-01T08:03:27.810+0000] {dag.py:2705} INFO - Sync 1 DAGs
[2023-06-01T08:03:27.862+0000] {logging_mixin.py:137} INFO - [2023-06-01T08:03:27.862+0000] {dag.py:3456} INFO - Setting next_dagrun for example_python_operator to None, run_after=None
[2023-06-01T08:03:27.887+0000] {processor.py:175} INFO - Processing /home/airflow/.local/lib/python3.7/site-packages/airflow/example_dags/example_python_operator.py took 0.254 seconds
[2023-06-01T08:03:58.761+0000] {processor.py:153} INFO - Started process (PID=204) to work on /home/airflow/.local/lib/python3.7/site-packages/airflow/example_dags/example_python_operator.py
[2023-06-01T08:03:58.764+0000] {processor.py:743} INFO - Processing file /home/airflow/.local/lib/python3.7/site-packages/airflow/example_dags/example_python_operator.py for tasks to queue
[2023-06-01T08:03:58.767+0000] {logging_mixin.py:137} INFO - [2023-06-01T08:03:58.766+0000] {dagbag.py:532} INFO - Filling up the DagBag from /home/airflow/.local/lib/python3.7/site-packages/airflow/example_dags/example_python_operator.py
[2023-06-01T08:03:58.798+0000] {logging_mixin.py:137} INFO - [2023-06-01T08:03:58.798+0000] {taskmixin.py:211} WARNING - Dependency <Task(_PythonDecoratedOperator): print_the_context>, log_sql_query already registered for DAG: example_python_operator
[2023-06-01T08:03:58.800+0000] {logging_mixin.py:137} INFO - [2023-06-01T08:03:58.799+0000] {taskmixin.py:211} WARNING - Dependency <Task(_PythonDecoratedOperator): log_sql_query>, print_the_context already registered for DAG: example_python_operator
[2023-06-01T08:03:58.803+0000] {logging_mixin.py:137} INFO - [2023-06-01T08:03:58.802+0000] {taskmixin.py:211} WARNING - Dependency <Task(_PythonDecoratedOperator): print_the_context>, log_sql_query already registered for DAG: example_python_operator
[2023-06-01T08:03:58.804+0000] {logging_mixin.py:137} INFO - [2023-06-01T08:03:58.804+0000] {taskmixin.py:211} WARNING - Dependency <Task(_PythonDecoratedOperator): log_sql_query>, print_the_context already registered for DAG: example_python_operator
[2023-06-01T08:03:58.808+0000] {logging_mixin.py:137} INFO - [2023-06-01T08:03:58.807+0000] {taskmixin.py:211} WARNING - Dependency <Task(_PythonDecoratedOperator): print_the_context>, log_sql_query already registered for DAG: example_python_operator
[2023-06-01T08:03:58.809+0000] {logging_mixin.py:137} INFO - [2023-06-01T08:03:58.809+0000] {taskmixin.py:211} WARNING - Dependency <Task(_PythonDecoratedOperator): log_sql_query>, print_the_context already registered for DAG: example_python_operator
[2023-06-01T08:03:58.813+0000] {logging_mixin.py:137} INFO - [2023-06-01T08:03:58.812+0000] {taskmixin.py:211} WARNING - Dependency <Task(_PythonDecoratedOperator): print_the_context>, log_sql_query already registered for DAG: example_python_operator
[2023-06-01T08:03:58.815+0000] {logging_mixin.py:137} INFO - [2023-06-01T08:03:58.815+0000] {taskmixin.py:211} WARNING - Dependency <Task(_PythonDecoratedOperator): log_sql_query>, print_the_context already registered for DAG: example_python_operator
[2023-06-01T08:03:58.827+0000] {processor.py:753} INFO - DAG(s) dict_keys(['example_python_operator']) retrieved from /home/airflow/.local/lib/python3.7/site-packages/airflow/example_dags/example_python_operator.py
[2023-06-01T08:03:58.877+0000] {logging_mixin.py:137} INFO - [2023-06-01T08:03:58.877+0000] {dag.py:2705} INFO - Sync 1 DAGs
[2023-06-01T08:03:58.930+0000] {logging_mixin.py:137} INFO - [2023-06-01T08:03:58.929+0000] {dag.py:3456} INFO - Setting next_dagrun for example_python_operator to None, run_after=None
[2023-06-01T08:03:58.955+0000] {processor.py:175} INFO - Processing /home/airflow/.local/lib/python3.7/site-packages/airflow/example_dags/example_python_operator.py took 0.204 seconds
[2023-06-01T08:04:29.620+0000] {processor.py:153} INFO - Started process (PID=256) to work on /home/airflow/.local/lib/python3.7/site-packages/airflow/example_dags/example_python_operator.py
[2023-06-01T08:04:29.623+0000] {processor.py:743} INFO - Processing file /home/airflow/.local/lib/python3.7/site-packages/airflow/example_dags/example_python_operator.py for tasks to queue
[2023-06-01T08:04:29.627+0000] {logging_mixin.py:137} INFO - [2023-06-01T08:04:29.626+0000] {dagbag.py:532} INFO - Filling up the DagBag from /home/airflow/.local/lib/python3.7/site-packages/airflow/example_dags/example_python_operator.py
[2023-06-01T08:04:29.662+0000] {logging_mixin.py:137} INFO - [2023-06-01T08:04:29.662+0000] {taskmixin.py:211} WARNING - Dependency <Task(_PythonDecoratedOperator): print_the_context>, log_sql_query already registered for DAG: example_python_operator
[2023-06-01T08:04:29.663+0000] {logging_mixin.py:137} INFO - [2023-06-01T08:04:29.663+0000] {taskmixin.py:211} WARNING - Dependency <Task(_PythonDecoratedOperator): log_sql_query>, print_the_context already registered for DAG: example_python_operator
[2023-06-01T08:04:29.666+0000] {logging_mixin.py:137} INFO - [2023-06-01T08:04:29.666+0000] {taskmixin.py:211} WARNING - Dependency <Task(_PythonDecoratedOperator): print_the_context>, log_sql_query already registered for DAG: example_python_operator
[2023-06-01T08:04:29.667+0000] {logging_mixin.py:137} INFO - [2023-06-01T08:04:29.667+0000] {taskmixin.py:211} WARNING - Dependency <Task(_PythonDecoratedOperator): log_sql_query>, print_the_context already registered for DAG: example_python_operator
[2023-06-01T08:04:29.670+0000] {logging_mixin.py:137} INFO - [2023-06-01T08:04:29.670+0000] {taskmixin.py:211} WARNING - Dependency <Task(_PythonDecoratedOperator): print_the_context>, log_sql_query already registered for DAG: example_python_operator
[2023-06-01T08:04:29.671+0000] {logging_mixin.py:137} INFO - [2023-06-01T08:04:29.671+0000] {taskmixin.py:211} WARNING - Dependency <Task(_PythonDecoratedOperator): log_sql_query>, print_the_context already registered for DAG: example_python_operator
[2023-06-01T08:04:29.674+0000] {logging_mixin.py:137} INFO - [2023-06-01T08:04:29.674+0000] {taskmixin.py:211} WARNING - Dependency <Task(_PythonDecoratedOperator): print_the_context>, log_sql_query already registered for DAG: example_python_operator
[2023-06-01T08:04:29.675+0000] {logging_mixin.py:137} INFO - [2023-06-01T08:04:29.675+0000] {taskmixin.py:211} WARNING - Dependency <Task(_PythonDecoratedOperator): log_sql_query>, print_the_context already registered for DAG: example_python_operator
[2023-06-01T08:04:29.687+0000] {processor.py:753} INFO - DAG(s) dict_keys(['example_python_operator']) retrieved from /home/airflow/.local/lib/python3.7/site-packages/airflow/example_dags/example_python_operator.py
[2023-06-01T08:04:29.730+0000] {logging_mixin.py:137} INFO - [2023-06-01T08:04:29.729+0000] {dag.py:2705} INFO - Sync 1 DAGs
[2023-06-01T08:04:29.768+0000] {logging_mixin.py:137} INFO - [2023-06-01T08:04:29.768+0000] {dag.py:3456} INFO - Setting next_dagrun for example_python_operator to None, run_after=None
[2023-06-01T08:04:29.810+0000] {processor.py:175} INFO - Processing /home/airflow/.local/lib/python3.7/site-packages/airflow/example_dags/example_python_operator.py took 0.202 seconds
[2023-06-01T08:04:59.943+0000] {processor.py:153} INFO - Started process (PID=308) to work on /home/airflow/.local/lib/python3.7/site-packages/airflow/example_dags/example_python_operator.py
[2023-06-01T08:04:59.949+0000] {processor.py:743} INFO - Processing file /home/airflow/.local/lib/python3.7/site-packages/airflow/example_dags/example_python_operator.py for tasks to queue
[2023-06-01T08:04:59.954+0000] {logging_mixin.py:137} INFO - [2023-06-01T08:04:59.953+0000] {dagbag.py:532} INFO - Filling up the DagBag from /home/airflow/.local/lib/python3.7/site-packages/airflow/example_dags/example_python_operator.py
[2023-06-01T08:05:00.007+0000] {logging_mixin.py:137} INFO - [2023-06-01T08:05:00.005+0000] {taskmixin.py:211} WARNING - Dependency <Task(_PythonDecoratedOperator): print_the_context>, log_sql_query already registered for DAG: example_python_operator
[2023-06-01T08:05:00.009+0000] {logging_mixin.py:137} INFO - [2023-06-01T08:05:00.008+0000] {taskmixin.py:211} WARNING - Dependency <Task(_PythonDecoratedOperator): log_sql_query>, print_the_context already registered for DAG: example_python_operator
[2023-06-01T08:05:00.013+0000] {logging_mixin.py:137} INFO - [2023-06-01T08:05:00.013+0000] {taskmixin.py:211} WARNING - Dependency <Task(_PythonDecoratedOperator): print_the_context>, log_sql_query already registered for DAG: example_python_operator
[2023-06-01T08:05:00.015+0000] {logging_mixin.py:137} INFO - [2023-06-01T08:05:00.015+0000] {taskmixin.py:211} WARNING - Dependency <Task(_PythonDecoratedOperator): log_sql_query>, print_the_context already registered for DAG: example_python_operator
[2023-06-01T08:05:00.020+0000] {logging_mixin.py:137} INFO - [2023-06-01T08:05:00.019+0000] {taskmixin.py:211} WARNING - Dependency <Task(_PythonDecoratedOperator): print_the_context>, log_sql_query already registered for DAG: example_python_operator
[2023-06-01T08:05:00.021+0000] {logging_mixin.py:137} INFO - [2023-06-01T08:05:00.021+0000] {taskmixin.py:211} WARNING - Dependency <Task(_PythonDecoratedOperator): log_sql_query>, print_the_context already registered for DAG: example_python_operator
[2023-06-01T08:05:00.026+0000] {logging_mixin.py:137} INFO - [2023-06-01T08:05:00.025+0000] {taskmixin.py:211} WARNING - Dependency <Task(_PythonDecoratedOperator): print_the_context>, log_sql_query already registered for DAG: example_python_operator
[2023-06-01T08:05:00.027+0000] {logging_mixin.py:137} INFO - [2023-06-01T08:05:00.027+0000] {taskmixin.py:211} WARNING - Dependency <Task(_PythonDecoratedOperator): log_sql_query>, print_the_context already registered for DAG: example_python_operator
[2023-06-01T08:05:00.060+0000] {processor.py:753} INFO - DAG(s) dict_keys(['example_python_operator']) retrieved from /home/airflow/.local/lib/python3.7/site-packages/airflow/example_dags/example_python_operator.py
[2023-06-01T08:05:00.171+0000] {logging_mixin.py:137} INFO - [2023-06-01T08:05:00.171+0000] {dag.py:2705} INFO - Sync 1 DAGs
[2023-06-01T08:05:00.251+0000] {logging_mixin.py:137} INFO - [2023-06-01T08:05:00.251+0000] {dag.py:3456} INFO - Setting next_dagrun for example_python_operator to None, run_after=None
[2023-06-01T08:05:00.315+0000] {processor.py:175} INFO - Processing /home/airflow/.local/lib/python3.7/site-packages/airflow/example_dags/example_python_operator.py took 0.383 seconds
