[2023-06-01T08:02:29.588+0000] {processor.py:153} INFO - Started process (PID=56) to work on /home/airflow/.local/lib/python3.7/site-packages/airflow/example_dags/example_local_kubernetes_executor.py
[2023-06-01T08:02:29.610+0000] {processor.py:743} INFO - Processing file /home/airflow/.local/lib/python3.7/site-packages/airflow/example_dags/example_local_kubernetes_executor.py for tasks to queue
[2023-06-01T08:02:29.624+0000] {logging_mixin.py:137} INFO - [2023-06-01T08:02:29.623+0000] {dagbag.py:532} INFO - Filling up the DagBag from /home/airflow/.local/lib/python3.7/site-packages/airflow/example_dags/example_local_kubernetes_executor.py
[2023-06-01T08:02:29.913+0000] {processor.py:753} INFO - DAG(s) dict_keys(['example_local_kubernetes_executor']) retrieved from /home/airflow/.local/lib/python3.7/site-packages/airflow/example_dags/example_local_kubernetes_executor.py
[2023-06-01T08:02:30.189+0000] {logging_mixin.py:137} INFO - [2023-06-01T08:02:30.187+0000] {dag.py:2705} INFO - Sync 1 DAGs
[2023-06-01T08:02:30.458+0000] {logging_mixin.py:137} INFO - [2023-06-01T08:02:30.458+0000] {dag.py:3456} INFO - Setting next_dagrun for example_local_kubernetes_executor to None, run_after=None
[2023-06-01T08:02:30.606+0000] {processor.py:175} INFO - Processing /home/airflow/.local/lib/python3.7/site-packages/airflow/example_dags/example_local_kubernetes_executor.py took 1.064 seconds
[2023-06-01T08:03:01.266+0000] {processor.py:153} INFO - Started process (PID=108) to work on /home/airflow/.local/lib/python3.7/site-packages/airflow/example_dags/example_local_kubernetes_executor.py
[2023-06-01T08:03:01.270+0000] {processor.py:743} INFO - Processing file /home/airflow/.local/lib/python3.7/site-packages/airflow/example_dags/example_local_kubernetes_executor.py for tasks to queue
[2023-06-01T08:03:01.277+0000] {logging_mixin.py:137} INFO - [2023-06-01T08:03:01.272+0000] {dagbag.py:532} INFO - Filling up the DagBag from /home/airflow/.local/lib/python3.7/site-packages/airflow/example_dags/example_local_kubernetes_executor.py
[2023-06-01T08:03:01.319+0000] {processor.py:753} INFO - DAG(s) dict_keys(['example_local_kubernetes_executor']) retrieved from /home/airflow/.local/lib/python3.7/site-packages/airflow/example_dags/example_local_kubernetes_executor.py
[2023-06-01T08:03:01.373+0000] {logging_mixin.py:137} INFO - [2023-06-01T08:03:01.373+0000] {dag.py:2705} INFO - Sync 1 DAGs
[2023-06-01T08:03:01.414+0000] {logging_mixin.py:137} INFO - [2023-06-01T08:03:01.414+0000] {dag.py:3456} INFO - Setting next_dagrun for example_local_kubernetes_executor to None, run_after=None
[2023-06-01T08:03:01.451+0000] {processor.py:175} INFO - Processing /home/airflow/.local/lib/python3.7/site-packages/airflow/example_dags/example_local_kubernetes_executor.py took 0.191 seconds
[2023-06-01T08:03:31.503+0000] {processor.py:153} INFO - Started process (PID=160) to work on /home/airflow/.local/lib/python3.7/site-packages/airflow/example_dags/example_local_kubernetes_executor.py
[2023-06-01T08:03:31.505+0000] {processor.py:743} INFO - Processing file /home/airflow/.local/lib/python3.7/site-packages/airflow/example_dags/example_local_kubernetes_executor.py for tasks to queue
[2023-06-01T08:03:31.508+0000] {logging_mixin.py:137} INFO - [2023-06-01T08:03:31.507+0000] {dagbag.py:532} INFO - Filling up the DagBag from /home/airflow/.local/lib/python3.7/site-packages/airflow/example_dags/example_local_kubernetes_executor.py
[2023-06-01T08:03:31.543+0000] {processor.py:753} INFO - DAG(s) dict_keys(['example_local_kubernetes_executor']) retrieved from /home/airflow/.local/lib/python3.7/site-packages/airflow/example_dags/example_local_kubernetes_executor.py
[2023-06-01T08:03:31.586+0000] {logging_mixin.py:137} INFO - [2023-06-01T08:03:31.586+0000] {dag.py:2705} INFO - Sync 1 DAGs
[2023-06-01T08:03:31.623+0000] {logging_mixin.py:137} INFO - [2023-06-01T08:03:31.623+0000] {dag.py:3456} INFO - Setting next_dagrun for example_local_kubernetes_executor to None, run_after=None
[2023-06-01T08:03:31.651+0000] {processor.py:175} INFO - Processing /home/airflow/.local/lib/python3.7/site-packages/airflow/example_dags/example_local_kubernetes_executor.py took 0.156 seconds
[2023-06-01T08:04:02.084+0000] {processor.py:153} INFO - Started process (PID=212) to work on /home/airflow/.local/lib/python3.7/site-packages/airflow/example_dags/example_local_kubernetes_executor.py
[2023-06-01T08:04:02.087+0000] {processor.py:743} INFO - Processing file /home/airflow/.local/lib/python3.7/site-packages/airflow/example_dags/example_local_kubernetes_executor.py for tasks to queue
[2023-06-01T08:04:02.091+0000] {logging_mixin.py:137} INFO - [2023-06-01T08:04:02.091+0000] {dagbag.py:532} INFO - Filling up the DagBag from /home/airflow/.local/lib/python3.7/site-packages/airflow/example_dags/example_local_kubernetes_executor.py
[2023-06-01T08:04:02.135+0000] {processor.py:753} INFO - DAG(s) dict_keys(['example_local_kubernetes_executor']) retrieved from /home/airflow/.local/lib/python3.7/site-packages/airflow/example_dags/example_local_kubernetes_executor.py
[2023-06-01T08:04:02.183+0000] {logging_mixin.py:137} INFO - [2023-06-01T08:04:02.183+0000] {dag.py:2705} INFO - Sync 1 DAGs
[2023-06-01T08:04:02.229+0000] {logging_mixin.py:137} INFO - [2023-06-01T08:04:02.228+0000] {dag.py:3456} INFO - Setting next_dagrun for example_local_kubernetes_executor to None, run_after=None
[2023-06-01T08:04:02.258+0000] {processor.py:175} INFO - Processing /home/airflow/.local/lib/python3.7/site-packages/airflow/example_dags/example_local_kubernetes_executor.py took 0.179 seconds
[2023-06-01T08:04:32.504+0000] {processor.py:153} INFO - Started process (PID=264) to work on /home/airflow/.local/lib/python3.7/site-packages/airflow/example_dags/example_local_kubernetes_executor.py
[2023-06-01T08:04:32.506+0000] {processor.py:743} INFO - Processing file /home/airflow/.local/lib/python3.7/site-packages/airflow/example_dags/example_local_kubernetes_executor.py for tasks to queue
[2023-06-01T08:04:32.509+0000] {logging_mixin.py:137} INFO - [2023-06-01T08:04:32.508+0000] {dagbag.py:532} INFO - Filling up the DagBag from /home/airflow/.local/lib/python3.7/site-packages/airflow/example_dags/example_local_kubernetes_executor.py
[2023-06-01T08:04:32.562+0000] {processor.py:753} INFO - DAG(s) dict_keys(['example_local_kubernetes_executor']) retrieved from /home/airflow/.local/lib/python3.7/site-packages/airflow/example_dags/example_local_kubernetes_executor.py
[2023-06-01T08:04:32.612+0000] {logging_mixin.py:137} INFO - [2023-06-01T08:04:32.612+0000] {dag.py:2705} INFO - Sync 1 DAGs
[2023-06-01T08:04:32.665+0000] {logging_mixin.py:137} INFO - [2023-06-01T08:04:32.665+0000] {dag.py:3456} INFO - Setting next_dagrun for example_local_kubernetes_executor to None, run_after=None
[2023-06-01T08:04:32.698+0000] {processor.py:175} INFO - Processing /home/airflow/.local/lib/python3.7/site-packages/airflow/example_dags/example_local_kubernetes_executor.py took 0.203 seconds
[2023-06-01T08:05:03.274+0000] {processor.py:153} INFO - Started process (PID=316) to work on /home/airflow/.local/lib/python3.7/site-packages/airflow/example_dags/example_local_kubernetes_executor.py
[2023-06-01T08:05:03.288+0000] {processor.py:743} INFO - Processing file /home/airflow/.local/lib/python3.7/site-packages/airflow/example_dags/example_local_kubernetes_executor.py for tasks to queue
[2023-06-01T08:05:03.310+0000] {logging_mixin.py:137} INFO - [2023-06-01T08:05:03.309+0000] {dagbag.py:532} INFO - Filling up the DagBag from /home/airflow/.local/lib/python3.7/site-packages/airflow/example_dags/example_local_kubernetes_executor.py
[2023-06-01T08:05:03.357+0000] {processor.py:753} INFO - DAG(s) dict_keys(['example_local_kubernetes_executor']) retrieved from /home/airflow/.local/lib/python3.7/site-packages/airflow/example_dags/example_local_kubernetes_executor.py
[2023-06-01T08:05:03.441+0000] {logging_mixin.py:137} INFO - [2023-06-01T08:05:03.440+0000] {dag.py:2705} INFO - Sync 1 DAGs
[2023-06-01T08:05:03.485+0000] {logging_mixin.py:137} INFO - [2023-06-01T08:05:03.484+0000] {dag.py:3456} INFO - Setting next_dagrun for example_local_kubernetes_executor to None, run_after=None
[2023-06-01T08:05:03.517+0000] {processor.py:175} INFO - Processing /home/airflow/.local/lib/python3.7/site-packages/airflow/example_dags/example_local_kubernetes_executor.py took 0.253 seconds
