[2023-06-01T08:02:39.967+0000] {processor.py:153} INFO - Started process (PID=77) to work on /home/airflow/.local/lib/python3.7/site-packages/airflow/example_dags/example_branch_day_of_week_operator.py
[2023-06-01T08:02:39.971+0000] {processor.py:743} INFO - Processing file /home/airflow/.local/lib/python3.7/site-packages/airflow/example_dags/example_branch_day_of_week_operator.py for tasks to queue
[2023-06-01T08:02:39.977+0000] {logging_mixin.py:137} INFO - [2023-06-01T08:02:39.976+0000] {dagbag.py:532} INFO - Filling up the DagBag from /home/airflow/.local/lib/python3.7/site-packages/airflow/example_dags/example_branch_day_of_week_operator.py
[2023-06-01T08:02:40.041+0000] {processor.py:753} INFO - DAG(s) dict_keys(['example_weekday_branch_operator']) retrieved from /home/airflow/.local/lib/python3.7/site-packages/airflow/example_dags/example_branch_day_of_week_operator.py
[2023-06-01T08:02:40.153+0000] {logging_mixin.py:137} INFO - [2023-06-01T08:02:40.152+0000] {dag.py:2705} INFO - Sync 1 DAGs
[2023-06-01T08:02:40.227+0000] {logging_mixin.py:137} INFO - [2023-06-01T08:02:40.226+0000] {dag.py:3456} INFO - Setting next_dagrun for example_weekday_branch_operator to 2023-05-31T00:00:00+00:00, run_after=2023-06-01T00:00:00+00:00
[2023-06-01T08:02:40.311+0000] {processor.py:175} INFO - Processing /home/airflow/.local/lib/python3.7/site-packages/airflow/example_dags/example_branch_day_of_week_operator.py took 0.367 seconds
[2023-06-01T08:03:10.839+0000] {processor.py:153} INFO - Started process (PID=129) to work on /home/airflow/.local/lib/python3.7/site-packages/airflow/example_dags/example_branch_day_of_week_operator.py
[2023-06-01T08:03:10.841+0000] {processor.py:743} INFO - Processing file /home/airflow/.local/lib/python3.7/site-packages/airflow/example_dags/example_branch_day_of_week_operator.py for tasks to queue
[2023-06-01T08:03:10.843+0000] {logging_mixin.py:137} INFO - [2023-06-01T08:03:10.843+0000] {dagbag.py:532} INFO - Filling up the DagBag from /home/airflow/.local/lib/python3.7/site-packages/airflow/example_dags/example_branch_day_of_week_operator.py
[2023-06-01T08:03:10.867+0000] {processor.py:753} INFO - DAG(s) dict_keys(['example_weekday_branch_operator']) retrieved from /home/airflow/.local/lib/python3.7/site-packages/airflow/example_dags/example_branch_day_of_week_operator.py
[2023-06-01T08:03:10.911+0000] {logging_mixin.py:137} INFO - [2023-06-01T08:03:10.910+0000] {dag.py:2705} INFO - Sync 1 DAGs
[2023-06-01T08:03:10.951+0000] {logging_mixin.py:137} INFO - [2023-06-01T08:03:10.951+0000] {dag.py:3456} INFO - Setting next_dagrun for example_weekday_branch_operator to 2023-05-31T00:00:00+00:00, run_after=2023-06-01T00:00:00+00:00
[2023-06-01T08:03:10.979+0000] {processor.py:175} INFO - Processing /home/airflow/.local/lib/python3.7/site-packages/airflow/example_dags/example_branch_day_of_week_operator.py took 0.145 seconds
[2023-06-01T08:03:41.575+0000] {processor.py:153} INFO - Started process (PID=181) to work on /home/airflow/.local/lib/python3.7/site-packages/airflow/example_dags/example_branch_day_of_week_operator.py
[2023-06-01T08:03:41.578+0000] {processor.py:743} INFO - Processing file /home/airflow/.local/lib/python3.7/site-packages/airflow/example_dags/example_branch_day_of_week_operator.py for tasks to queue
[2023-06-01T08:03:41.583+0000] {logging_mixin.py:137} INFO - [2023-06-01T08:03:41.582+0000] {dagbag.py:532} INFO - Filling up the DagBag from /home/airflow/.local/lib/python3.7/site-packages/airflow/example_dags/example_branch_day_of_week_operator.py
[2023-06-01T08:03:41.629+0000] {processor.py:753} INFO - DAG(s) dict_keys(['example_weekday_branch_operator']) retrieved from /home/airflow/.local/lib/python3.7/site-packages/airflow/example_dags/example_branch_day_of_week_operator.py
[2023-06-01T08:03:41.722+0000] {logging_mixin.py:137} INFO - [2023-06-01T08:03:41.722+0000] {dag.py:2705} INFO - Sync 1 DAGs
[2023-06-01T08:03:41.828+0000] {logging_mixin.py:137} INFO - [2023-06-01T08:03:41.828+0000] {dag.py:3456} INFO - Setting next_dagrun for example_weekday_branch_operator to 2023-05-31T00:00:00+00:00, run_after=2023-06-01T00:00:00+00:00
[2023-06-01T08:03:41.969+0000] {processor.py:175} INFO - Processing /home/airflow/.local/lib/python3.7/site-packages/airflow/example_dags/example_branch_day_of_week_operator.py took 0.408 seconds
[2023-06-01T08:04:12.834+0000] {processor.py:153} INFO - Started process (PID=233) to work on /home/airflow/.local/lib/python3.7/site-packages/airflow/example_dags/example_branch_day_of_week_operator.py
[2023-06-01T08:04:12.837+0000] {processor.py:743} INFO - Processing file /home/airflow/.local/lib/python3.7/site-packages/airflow/example_dags/example_branch_day_of_week_operator.py for tasks to queue
[2023-06-01T08:04:12.841+0000] {logging_mixin.py:137} INFO - [2023-06-01T08:04:12.841+0000] {dagbag.py:532} INFO - Filling up the DagBag from /home/airflow/.local/lib/python3.7/site-packages/airflow/example_dags/example_branch_day_of_week_operator.py
[2023-06-01T08:04:12.872+0000] {processor.py:753} INFO - DAG(s) dict_keys(['example_weekday_branch_operator']) retrieved from /home/airflow/.local/lib/python3.7/site-packages/airflow/example_dags/example_branch_day_of_week_operator.py
[2023-06-01T08:04:12.916+0000] {logging_mixin.py:137} INFO - [2023-06-01T08:04:12.916+0000] {dag.py:2705} INFO - Sync 1 DAGs
[2023-06-01T08:04:12.961+0000] {logging_mixin.py:137} INFO - [2023-06-01T08:04:12.961+0000] {dag.py:3456} INFO - Setting next_dagrun for example_weekday_branch_operator to 2023-05-31T00:00:00+00:00, run_after=2023-06-01T00:00:00+00:00
[2023-06-01T08:04:12.990+0000] {processor.py:175} INFO - Processing /home/airflow/.local/lib/python3.7/site-packages/airflow/example_dags/example_branch_day_of_week_operator.py took 0.165 seconds
[2023-06-01T08:04:43.160+0000] {processor.py:153} INFO - Started process (PID=285) to work on /home/airflow/.local/lib/python3.7/site-packages/airflow/example_dags/example_branch_day_of_week_operator.py
[2023-06-01T08:04:43.162+0000] {processor.py:743} INFO - Processing file /home/airflow/.local/lib/python3.7/site-packages/airflow/example_dags/example_branch_day_of_week_operator.py for tasks to queue
[2023-06-01T08:04:43.164+0000] {logging_mixin.py:137} INFO - [2023-06-01T08:04:43.164+0000] {dagbag.py:532} INFO - Filling up the DagBag from /home/airflow/.local/lib/python3.7/site-packages/airflow/example_dags/example_branch_day_of_week_operator.py
[2023-06-01T08:04:43.194+0000] {processor.py:753} INFO - DAG(s) dict_keys(['example_weekday_branch_operator']) retrieved from /home/airflow/.local/lib/python3.7/site-packages/airflow/example_dags/example_branch_day_of_week_operator.py
[2023-06-01T08:04:43.245+0000] {logging_mixin.py:137} INFO - [2023-06-01T08:04:43.244+0000] {dag.py:2705} INFO - Sync 1 DAGs
[2023-06-01T08:04:43.303+0000] {logging_mixin.py:137} INFO - [2023-06-01T08:04:43.303+0000] {dag.py:3456} INFO - Setting next_dagrun for example_weekday_branch_operator to 2023-05-31T00:00:00+00:00, run_after=2023-06-01T00:00:00+00:00
[2023-06-01T08:04:43.334+0000] {processor.py:175} INFO - Processing /home/airflow/.local/lib/python3.7/site-packages/airflow/example_dags/example_branch_day_of_week_operator.py took 0.180 seconds
[2023-06-01T08:05:13.488+0000] {processor.py:153} INFO - Started process (PID=337) to work on /home/airflow/.local/lib/python3.7/site-packages/airflow/example_dags/example_branch_day_of_week_operator.py
[2023-06-01T08:05:13.491+0000] {processor.py:743} INFO - Processing file /home/airflow/.local/lib/python3.7/site-packages/airflow/example_dags/example_branch_day_of_week_operator.py for tasks to queue
[2023-06-01T08:05:13.493+0000] {logging_mixin.py:137} INFO - [2023-06-01T08:05:13.493+0000] {dagbag.py:532} INFO - Filling up the DagBag from /home/airflow/.local/lib/python3.7/site-packages/airflow/example_dags/example_branch_day_of_week_operator.py
[2023-06-01T08:05:13.526+0000] {processor.py:753} INFO - DAG(s) dict_keys(['example_weekday_branch_operator']) retrieved from /home/airflow/.local/lib/python3.7/site-packages/airflow/example_dags/example_branch_day_of_week_operator.py
[2023-06-01T08:05:13.568+0000] {logging_mixin.py:137} INFO - [2023-06-01T08:05:13.568+0000] {dag.py:2705} INFO - Sync 1 DAGs
[2023-06-01T08:05:13.616+0000] {logging_mixin.py:137} INFO - [2023-06-01T08:05:13.616+0000] {dag.py:3456} INFO - Setting next_dagrun for example_weekday_branch_operator to 2023-05-31T00:00:00+00:00, run_after=2023-06-01T00:00:00+00:00
[2023-06-01T08:05:13.648+0000] {processor.py:175} INFO - Processing /home/airflow/.local/lib/python3.7/site-packages/airflow/example_dags/example_branch_day_of_week_operator.py took 0.170 seconds
