[2023-06-01T08:02:35.674+0000] {processor.py:153} INFO - Started process (PID=67) to work on /home/airflow/.local/lib/python3.7/site-packages/airflow/example_dags/example_latest_only.py
[2023-06-01T08:02:35.681+0000] {processor.py:743} INFO - Processing file /home/airflow/.local/lib/python3.7/site-packages/airflow/example_dags/example_latest_only.py for tasks to queue
[2023-06-01T08:02:35.687+0000] {logging_mixin.py:137} INFO - [2023-06-01T08:02:35.686+0000] {dagbag.py:532} INFO - Filling up the DagBag from /home/airflow/.local/lib/python3.7/site-packages/airflow/example_dags/example_latest_only.py
[2023-06-01T08:02:35.793+0000] {processor.py:753} INFO - DAG(s) dict_keys(['latest_only']) retrieved from /home/airflow/.local/lib/python3.7/site-packages/airflow/example_dags/example_latest_only.py
[2023-06-01T08:02:35.841+0000] {logging_mixin.py:137} INFO - [2023-06-01T08:02:35.841+0000] {dag.py:2705} INFO - Sync 1 DAGs
[2023-06-01T08:02:35.893+0000] {logging_mixin.py:137} INFO - [2023-06-01T08:02:35.892+0000] {dag.py:3456} INFO - Setting next_dagrun for latest_only to 2023-06-01T04:02:35.892128+00:00, run_after=2023-06-01T08:02:35.892128+00:00
[2023-06-01T08:02:35.933+0000] {processor.py:175} INFO - Processing /home/airflow/.local/lib/python3.7/site-packages/airflow/example_dags/example_latest_only.py took 0.270 seconds
[2023-06-01T08:03:06.797+0000] {processor.py:153} INFO - Started process (PID=119) to work on /home/airflow/.local/lib/python3.7/site-packages/airflow/example_dags/example_latest_only.py
[2023-06-01T08:03:06.809+0000] {processor.py:743} INFO - Processing file /home/airflow/.local/lib/python3.7/site-packages/airflow/example_dags/example_latest_only.py for tasks to queue
[2023-06-01T08:03:06.814+0000] {logging_mixin.py:137} INFO - [2023-06-01T08:03:06.813+0000] {dagbag.py:532} INFO - Filling up the DagBag from /home/airflow/.local/lib/python3.7/site-packages/airflow/example_dags/example_latest_only.py
[2023-06-01T08:03:06.888+0000] {processor.py:753} INFO - DAG(s) dict_keys(['latest_only']) retrieved from /home/airflow/.local/lib/python3.7/site-packages/airflow/example_dags/example_latest_only.py
[2023-06-01T08:03:06.927+0000] {logging_mixin.py:137} INFO - [2023-06-01T08:03:06.927+0000] {dag.py:2705} INFO - Sync 1 DAGs
[2023-06-01T08:03:06.970+0000] {logging_mixin.py:137} INFO - [2023-06-01T08:03:06.970+0000] {dag.py:3456} INFO - Setting next_dagrun for latest_only to 2023-06-01T04:03:06.970150+00:00, run_after=2023-06-01T08:03:06.970150+00:00
[2023-06-01T08:03:07.001+0000] {processor.py:175} INFO - Processing /home/airflow/.local/lib/python3.7/site-packages/airflow/example_dags/example_latest_only.py took 0.218 seconds
[2023-06-01T08:03:38.315+0000] {processor.py:153} INFO - Started process (PID=171) to work on /home/airflow/.local/lib/python3.7/site-packages/airflow/example_dags/example_latest_only.py
[2023-06-01T08:03:38.319+0000] {processor.py:743} INFO - Processing file /home/airflow/.local/lib/python3.7/site-packages/airflow/example_dags/example_latest_only.py for tasks to queue
[2023-06-01T08:03:38.321+0000] {logging_mixin.py:137} INFO - [2023-06-01T08:03:38.321+0000] {dagbag.py:532} INFO - Filling up the DagBag from /home/airflow/.local/lib/python3.7/site-packages/airflow/example_dags/example_latest_only.py
[2023-06-01T08:03:38.452+0000] {processor.py:753} INFO - DAG(s) dict_keys(['latest_only']) retrieved from /home/airflow/.local/lib/python3.7/site-packages/airflow/example_dags/example_latest_only.py
[2023-06-01T08:03:38.560+0000] {logging_mixin.py:137} INFO - [2023-06-01T08:03:38.560+0000] {dag.py:2705} INFO - Sync 1 DAGs
[2023-06-01T08:03:38.672+0000] {logging_mixin.py:137} INFO - [2023-06-01T08:03:38.672+0000] {dag.py:3456} INFO - Setting next_dagrun for latest_only to 2023-06-01T04:03:38.671674+00:00, run_after=2023-06-01T08:03:38.671674+00:00
[2023-06-01T08:03:38.762+0000] {processor.py:175} INFO - Processing /home/airflow/.local/lib/python3.7/site-packages/airflow/example_dags/example_latest_only.py took 0.459 seconds
[2023-06-01T08:04:09.458+0000] {processor.py:153} INFO - Started process (PID=223) to work on /home/airflow/.local/lib/python3.7/site-packages/airflow/example_dags/example_latest_only.py
[2023-06-01T08:04:09.464+0000] {processor.py:743} INFO - Processing file /home/airflow/.local/lib/python3.7/site-packages/airflow/example_dags/example_latest_only.py for tasks to queue
[2023-06-01T08:04:09.467+0000] {logging_mixin.py:137} INFO - [2023-06-01T08:04:09.466+0000] {dagbag.py:532} INFO - Filling up the DagBag from /home/airflow/.local/lib/python3.7/site-packages/airflow/example_dags/example_latest_only.py
[2023-06-01T08:04:09.494+0000] {processor.py:753} INFO - DAG(s) dict_keys(['latest_only']) retrieved from /home/airflow/.local/lib/python3.7/site-packages/airflow/example_dags/example_latest_only.py
[2023-06-01T08:04:09.550+0000] {logging_mixin.py:137} INFO - [2023-06-01T08:04:09.549+0000] {dag.py:2705} INFO - Sync 1 DAGs
[2023-06-01T08:04:09.600+0000] {logging_mixin.py:137} INFO - [2023-06-01T08:04:09.600+0000] {dag.py:3456} INFO - Setting next_dagrun for latest_only to 2023-06-01T04:04:09.600235+00:00, run_after=2023-06-01T08:04:09.600235+00:00
[2023-06-01T08:04:09.630+0000] {processor.py:175} INFO - Processing /home/airflow/.local/lib/python3.7/site-packages/airflow/example_dags/example_latest_only.py took 0.177 seconds
[2023-06-01T08:04:39.801+0000] {processor.py:153} INFO - Started process (PID=275) to work on /home/airflow/.local/lib/python3.7/site-packages/airflow/example_dags/example_latest_only.py
[2023-06-01T08:04:39.802+0000] {processor.py:743} INFO - Processing file /home/airflow/.local/lib/python3.7/site-packages/airflow/example_dags/example_latest_only.py for tasks to queue
[2023-06-01T08:04:39.805+0000] {logging_mixin.py:137} INFO - [2023-06-01T08:04:39.805+0000] {dagbag.py:532} INFO - Filling up the DagBag from /home/airflow/.local/lib/python3.7/site-packages/airflow/example_dags/example_latest_only.py
[2023-06-01T08:04:39.830+0000] {processor.py:753} INFO - DAG(s) dict_keys(['latest_only']) retrieved from /home/airflow/.local/lib/python3.7/site-packages/airflow/example_dags/example_latest_only.py
[2023-06-01T08:04:39.884+0000] {logging_mixin.py:137} INFO - [2023-06-01T08:04:39.883+0000] {dag.py:2705} INFO - Sync 1 DAGs
[2023-06-01T08:04:39.928+0000] {logging_mixin.py:137} INFO - [2023-06-01T08:04:39.928+0000] {dag.py:3456} INFO - Setting next_dagrun for latest_only to 2023-06-01T04:04:39.928069+00:00, run_after=2023-06-01T08:04:39.928069+00:00
[2023-06-01T08:04:39.969+0000] {processor.py:175} INFO - Processing /home/airflow/.local/lib/python3.7/site-packages/airflow/example_dags/example_latest_only.py took 0.180 seconds
[2023-06-01T08:05:10.418+0000] {processor.py:153} INFO - Started process (PID=327) to work on /home/airflow/.local/lib/python3.7/site-packages/airflow/example_dags/example_latest_only.py
[2023-06-01T08:05:10.421+0000] {processor.py:743} INFO - Processing file /home/airflow/.local/lib/python3.7/site-packages/airflow/example_dags/example_latest_only.py for tasks to queue
[2023-06-01T08:05:10.430+0000] {logging_mixin.py:137} INFO - [2023-06-01T08:05:10.429+0000] {dagbag.py:532} INFO - Filling up the DagBag from /home/airflow/.local/lib/python3.7/site-packages/airflow/example_dags/example_latest_only.py
[2023-06-01T08:05:10.463+0000] {processor.py:753} INFO - DAG(s) dict_keys(['latest_only']) retrieved from /home/airflow/.local/lib/python3.7/site-packages/airflow/example_dags/example_latest_only.py
[2023-06-01T08:05:10.508+0000] {logging_mixin.py:137} INFO - [2023-06-01T08:05:10.508+0000] {dag.py:2705} INFO - Sync 1 DAGs
[2023-06-01T08:05:10.585+0000] {logging_mixin.py:137} INFO - [2023-06-01T08:05:10.585+0000] {dag.py:3456} INFO - Setting next_dagrun for latest_only to 2023-06-01T04:05:10.584794+00:00, run_after=2023-06-01T08:05:10.584794+00:00
[2023-06-01T08:05:10.610+0000] {processor.py:175} INFO - Processing /home/airflow/.local/lib/python3.7/site-packages/airflow/example_dags/example_latest_only.py took 0.202 seconds
