[2023-06-01T08:02:32.621+0000] {processor.py:153} INFO - Started process (PID=61) to work on /home/airflow/.local/lib/python3.7/site-packages/airflow/example_dags/example_short_circuit_operator.py
[2023-06-01T08:02:32.631+0000] {processor.py:743} INFO - Processing file /home/airflow/.local/lib/python3.7/site-packages/airflow/example_dags/example_short_circuit_operator.py for tasks to queue
[2023-06-01T08:02:32.637+0000] {logging_mixin.py:137} INFO - [2023-06-01T08:02:32.636+0000] {dagbag.py:532} INFO - Filling up the DagBag from /home/airflow/.local/lib/python3.7/site-packages/airflow/example_dags/example_short_circuit_operator.py
[2023-06-01T08:02:32.774+0000] {processor.py:753} INFO - DAG(s) dict_keys(['example_short_circuit_operator']) retrieved from /home/airflow/.local/lib/python3.7/site-packages/airflow/example_dags/example_short_circuit_operator.py
[2023-06-01T08:02:32.978+0000] {logging_mixin.py:137} INFO - [2023-06-01T08:02:32.978+0000] {dag.py:2705} INFO - Sync 1 DAGs
[2023-06-01T08:02:33.151+0000] {logging_mixin.py:137} INFO - [2023-06-01T08:02:33.150+0000] {dag.py:3456} INFO - Setting next_dagrun for example_short_circuit_operator to 2023-05-31T08:02:33.150536+00:00, run_after=2023-06-01T08:02:33.150536+00:00
[2023-06-01T08:02:33.298+0000] {processor.py:175} INFO - Processing /home/airflow/.local/lib/python3.7/site-packages/airflow/example_dags/example_short_circuit_operator.py took 0.703 seconds
[2023-06-01T08:03:03.774+0000] {processor.py:153} INFO - Started process (PID=113) to work on /home/airflow/.local/lib/python3.7/site-packages/airflow/example_dags/example_short_circuit_operator.py
[2023-06-01T08:03:03.782+0000] {processor.py:743} INFO - Processing file /home/airflow/.local/lib/python3.7/site-packages/airflow/example_dags/example_short_circuit_operator.py for tasks to queue
[2023-06-01T08:03:03.789+0000] {logging_mixin.py:137} INFO - [2023-06-01T08:03:03.787+0000] {dagbag.py:532} INFO - Filling up the DagBag from /home/airflow/.local/lib/python3.7/site-packages/airflow/example_dags/example_short_circuit_operator.py
[2023-06-01T08:03:03.889+0000] {processor.py:753} INFO - DAG(s) dict_keys(['example_short_circuit_operator']) retrieved from /home/airflow/.local/lib/python3.7/site-packages/airflow/example_dags/example_short_circuit_operator.py
[2023-06-01T08:03:04.051+0000] {logging_mixin.py:137} INFO - [2023-06-01T08:03:04.051+0000] {dag.py:2705} INFO - Sync 1 DAGs
[2023-06-01T08:03:04.294+0000] {logging_mixin.py:137} INFO - [2023-06-01T08:03:04.294+0000] {dag.py:3456} INFO - Setting next_dagrun for example_short_circuit_operator to 2023-05-31T08:03:04.279188+00:00, run_after=2023-06-01T08:03:04.279188+00:00
[2023-06-01T08:03:04.415+0000] {processor.py:175} INFO - Processing /home/airflow/.local/lib/python3.7/site-packages/airflow/example_dags/example_short_circuit_operator.py took 0.662 seconds
[2023-06-01T08:03:34.928+0000] {processor.py:153} INFO - Started process (PID=165) to work on /home/airflow/.local/lib/python3.7/site-packages/airflow/example_dags/example_short_circuit_operator.py
[2023-06-01T08:03:34.930+0000] {processor.py:743} INFO - Processing file /home/airflow/.local/lib/python3.7/site-packages/airflow/example_dags/example_short_circuit_operator.py for tasks to queue
[2023-06-01T08:03:34.934+0000] {logging_mixin.py:137} INFO - [2023-06-01T08:03:34.933+0000] {dagbag.py:532} INFO - Filling up the DagBag from /home/airflow/.local/lib/python3.7/site-packages/airflow/example_dags/example_short_circuit_operator.py
[2023-06-01T08:03:34.961+0000] {processor.py:753} INFO - DAG(s) dict_keys(['example_short_circuit_operator']) retrieved from /home/airflow/.local/lib/python3.7/site-packages/airflow/example_dags/example_short_circuit_operator.py
[2023-06-01T08:03:35.014+0000] {logging_mixin.py:137} INFO - [2023-06-01T08:03:35.014+0000] {dag.py:2705} INFO - Sync 1 DAGs
[2023-06-01T08:03:35.051+0000] {logging_mixin.py:137} INFO - [2023-06-01T08:03:35.051+0000] {dag.py:3456} INFO - Setting next_dagrun for example_short_circuit_operator to 2023-05-31T08:03:35.051158+00:00, run_after=2023-06-01T08:03:35.051158+00:00
[2023-06-01T08:03:35.085+0000] {processor.py:175} INFO - Processing /home/airflow/.local/lib/python3.7/site-packages/airflow/example_dags/example_short_circuit_operator.py took 0.166 seconds
[2023-06-01T08:04:05.541+0000] {processor.py:153} INFO - Started process (PID=217) to work on /home/airflow/.local/lib/python3.7/site-packages/airflow/example_dags/example_short_circuit_operator.py
[2023-06-01T08:04:05.544+0000] {processor.py:743} INFO - Processing file /home/airflow/.local/lib/python3.7/site-packages/airflow/example_dags/example_short_circuit_operator.py for tasks to queue
[2023-06-01T08:04:05.546+0000] {logging_mixin.py:137} INFO - [2023-06-01T08:04:05.546+0000] {dagbag.py:532} INFO - Filling up the DagBag from /home/airflow/.local/lib/python3.7/site-packages/airflow/example_dags/example_short_circuit_operator.py
[2023-06-01T08:04:05.574+0000] {processor.py:753} INFO - DAG(s) dict_keys(['example_short_circuit_operator']) retrieved from /home/airflow/.local/lib/python3.7/site-packages/airflow/example_dags/example_short_circuit_operator.py
[2023-06-01T08:04:05.622+0000] {logging_mixin.py:137} INFO - [2023-06-01T08:04:05.622+0000] {dag.py:2705} INFO - Sync 1 DAGs
[2023-06-01T08:04:05.671+0000] {logging_mixin.py:137} INFO - [2023-06-01T08:04:05.671+0000] {dag.py:3456} INFO - Setting next_dagrun for example_short_circuit_operator to 2023-05-31T08:04:05.670806+00:00, run_after=2023-06-01T08:04:05.670806+00:00
[2023-06-01T08:04:05.697+0000] {processor.py:175} INFO - Processing /home/airflow/.local/lib/python3.7/site-packages/airflow/example_dags/example_short_circuit_operator.py took 0.166 seconds
[2023-06-01T08:04:35.963+0000] {processor.py:153} INFO - Started process (PID=269) to work on /home/airflow/.local/lib/python3.7/site-packages/airflow/example_dags/example_short_circuit_operator.py
[2023-06-01T08:04:35.966+0000] {processor.py:743} INFO - Processing file /home/airflow/.local/lib/python3.7/site-packages/airflow/example_dags/example_short_circuit_operator.py for tasks to queue
[2023-06-01T08:04:35.968+0000] {logging_mixin.py:137} INFO - [2023-06-01T08:04:35.968+0000] {dagbag.py:532} INFO - Filling up the DagBag from /home/airflow/.local/lib/python3.7/site-packages/airflow/example_dags/example_short_circuit_operator.py
[2023-06-01T08:04:35.998+0000] {processor.py:753} INFO - DAG(s) dict_keys(['example_short_circuit_operator']) retrieved from /home/airflow/.local/lib/python3.7/site-packages/airflow/example_dags/example_short_circuit_operator.py
[2023-06-01T08:04:36.047+0000] {logging_mixin.py:137} INFO - [2023-06-01T08:04:36.047+0000] {dag.py:2705} INFO - Sync 1 DAGs
[2023-06-01T08:04:36.089+0000] {logging_mixin.py:137} INFO - [2023-06-01T08:04:36.089+0000] {dag.py:3456} INFO - Setting next_dagrun for example_short_circuit_operator to 2023-05-31T08:04:36.089101+00:00, run_after=2023-06-01T08:04:36.089101+00:00
[2023-06-01T08:04:36.120+0000] {processor.py:175} INFO - Processing /home/airflow/.local/lib/python3.7/site-packages/airflow/example_dags/example_short_circuit_operator.py took 0.168 seconds
[2023-06-01T08:05:06.547+0000] {processor.py:153} INFO - Started process (PID=321) to work on /home/airflow/.local/lib/python3.7/site-packages/airflow/example_dags/example_short_circuit_operator.py
[2023-06-01T08:05:06.551+0000] {processor.py:743} INFO - Processing file /home/airflow/.local/lib/python3.7/site-packages/airflow/example_dags/example_short_circuit_operator.py for tasks to queue
[2023-06-01T08:05:06.554+0000] {logging_mixin.py:137} INFO - [2023-06-01T08:05:06.554+0000] {dagbag.py:532} INFO - Filling up the DagBag from /home/airflow/.local/lib/python3.7/site-packages/airflow/example_dags/example_short_circuit_operator.py
[2023-06-01T08:05:06.590+0000] {processor.py:753} INFO - DAG(s) dict_keys(['example_short_circuit_operator']) retrieved from /home/airflow/.local/lib/python3.7/site-packages/airflow/example_dags/example_short_circuit_operator.py
[2023-06-01T08:05:06.642+0000] {logging_mixin.py:137} INFO - [2023-06-01T08:05:06.642+0000] {dag.py:2705} INFO - Sync 1 DAGs
[2023-06-01T08:05:06.689+0000] {logging_mixin.py:137} INFO - [2023-06-01T08:05:06.689+0000] {dag.py:3456} INFO - Setting next_dagrun for example_short_circuit_operator to 2023-05-31T08:05:06.689169+00:00, run_after=2023-06-01T08:05:06.689169+00:00
[2023-06-01T08:05:06.720+0000] {processor.py:175} INFO - Processing /home/airflow/.local/lib/python3.7/site-packages/airflow/example_dags/example_short_circuit_operator.py took 0.187 seconds
