[2023-06-01T08:02:22.157+0000] {processor.py:153} INFO - Started process (PID=35) to work on /home/airflow/.local/lib/python3.7/site-packages/airflow/example_dags/tutorial.py
[2023-06-01T08:02:22.171+0000] {processor.py:743} INFO - Processing file /home/airflow/.local/lib/python3.7/site-packages/airflow/example_dags/tutorial.py for tasks to queue
[2023-06-01T08:02:22.175+0000] {logging_mixin.py:137} INFO - [2023-06-01T08:02:22.175+0000] {dagbag.py:532} INFO - Filling up the DagBag from /home/airflow/.local/lib/python3.7/site-packages/airflow/example_dags/tutorial.py
[2023-06-01T08:02:22.280+0000] {processor.py:753} INFO - DAG(s) dict_keys(['tutorial']) retrieved from /home/airflow/.local/lib/python3.7/site-packages/airflow/example_dags/tutorial.py
[2023-06-01T08:02:22.448+0000] {logging_mixin.py:137} INFO - [2023-06-01T08:02:22.448+0000] {dag.py:2705} INFO - Sync 1 DAGs
[2023-06-01T08:02:22.599+0000] {logging_mixin.py:137} INFO - [2023-06-01T08:02:22.599+0000] {dag.py:3456} INFO - Setting next_dagrun for tutorial to 2023-05-31T08:02:22.599408+00:00, run_after=2023-06-01T08:02:22.599408+00:00
[2023-06-01T08:02:22.708+0000] {processor.py:175} INFO - Processing /home/airflow/.local/lib/python3.7/site-packages/airflow/example_dags/tutorial.py took 0.571 seconds
[2023-06-01T08:02:53.435+0000] {processor.py:153} INFO - Started process (PID=87) to work on /home/airflow/.local/lib/python3.7/site-packages/airflow/example_dags/tutorial.py
[2023-06-01T08:02:53.441+0000] {processor.py:743} INFO - Processing file /home/airflow/.local/lib/python3.7/site-packages/airflow/example_dags/tutorial.py for tasks to queue
[2023-06-01T08:02:53.444+0000] {logging_mixin.py:137} INFO - [2023-06-01T08:02:53.443+0000] {dagbag.py:532} INFO - Filling up the DagBag from /home/airflow/.local/lib/python3.7/site-packages/airflow/example_dags/tutorial.py
[2023-06-01T08:02:53.483+0000] {processor.py:753} INFO - DAG(s) dict_keys(['tutorial']) retrieved from /home/airflow/.local/lib/python3.7/site-packages/airflow/example_dags/tutorial.py
[2023-06-01T08:02:53.544+0000] {logging_mixin.py:137} INFO - [2023-06-01T08:02:53.543+0000] {dag.py:2705} INFO - Sync 1 DAGs
[2023-06-01T08:02:53.618+0000] {logging_mixin.py:137} INFO - [2023-06-01T08:02:53.618+0000] {dag.py:3456} INFO - Setting next_dagrun for tutorial to 2023-05-31T08:02:53.618347+00:00, run_after=2023-06-01T08:02:53.618347+00:00
[2023-06-01T08:02:53.654+0000] {processor.py:175} INFO - Processing /home/airflow/.local/lib/python3.7/site-packages/airflow/example_dags/tutorial.py took 0.226 seconds
[2023-06-01T08:03:23.818+0000] {processor.py:153} INFO - Started process (PID=146) to work on /home/airflow/.local/lib/python3.7/site-packages/airflow/example_dags/tutorial.py
[2023-06-01T08:03:23.820+0000] {processor.py:743} INFO - Processing file /home/airflow/.local/lib/python3.7/site-packages/airflow/example_dags/tutorial.py for tasks to queue
[2023-06-01T08:03:23.823+0000] {logging_mixin.py:137} INFO - [2023-06-01T08:03:23.822+0000] {dagbag.py:532} INFO - Filling up the DagBag from /home/airflow/.local/lib/python3.7/site-packages/airflow/example_dags/tutorial.py
[2023-06-01T08:03:23.850+0000] {processor.py:753} INFO - DAG(s) dict_keys(['tutorial']) retrieved from /home/airflow/.local/lib/python3.7/site-packages/airflow/example_dags/tutorial.py
[2023-06-01T08:03:23.895+0000] {logging_mixin.py:137} INFO - [2023-06-01T08:03:23.895+0000] {dag.py:2705} INFO - Sync 1 DAGs
[2023-06-01T08:03:23.937+0000] {logging_mixin.py:137} INFO - [2023-06-01T08:03:23.937+0000] {dag.py:3456} INFO - Setting next_dagrun for tutorial to 2023-05-31T08:03:23.937073+00:00, run_after=2023-06-01T08:03:23.937073+00:00
[2023-06-01T08:03:23.970+0000] {processor.py:175} INFO - Processing /home/airflow/.local/lib/python3.7/site-packages/airflow/example_dags/tutorial.py took 0.162 seconds
[2023-06-01T08:03:54.188+0000] {processor.py:153} INFO - Started process (PID=198) to work on /home/airflow/.local/lib/python3.7/site-packages/airflow/example_dags/tutorial.py
[2023-06-01T08:03:54.191+0000] {processor.py:743} INFO - Processing file /home/airflow/.local/lib/python3.7/site-packages/airflow/example_dags/tutorial.py for tasks to queue
[2023-06-01T08:03:54.196+0000] {logging_mixin.py:137} INFO - [2023-06-01T08:03:54.196+0000] {dagbag.py:532} INFO - Filling up the DagBag from /home/airflow/.local/lib/python3.7/site-packages/airflow/example_dags/tutorial.py
[2023-06-01T08:03:54.224+0000] {processor.py:753} INFO - DAG(s) dict_keys(['tutorial']) retrieved from /home/airflow/.local/lib/python3.7/site-packages/airflow/example_dags/tutorial.py
[2023-06-01T08:03:54.271+0000] {logging_mixin.py:137} INFO - [2023-06-01T08:03:54.271+0000] {dag.py:2705} INFO - Sync 1 DAGs
[2023-06-01T08:03:54.324+0000] {logging_mixin.py:137} INFO - [2023-06-01T08:03:54.323+0000] {dag.py:3456} INFO - Setting next_dagrun for tutorial to 2023-05-31T08:03:54.323483+00:00, run_after=2023-06-01T08:03:54.323483+00:00
[2023-06-01T08:03:54.349+0000] {processor.py:175} INFO - Processing /home/airflow/.local/lib/python3.7/site-packages/airflow/example_dags/tutorial.py took 0.173 seconds
[2023-06-01T08:04:24.713+0000] {processor.py:153} INFO - Started process (PID=250) to work on /home/airflow/.local/lib/python3.7/site-packages/airflow/example_dags/tutorial.py
[2023-06-01T08:04:24.722+0000] {processor.py:743} INFO - Processing file /home/airflow/.local/lib/python3.7/site-packages/airflow/example_dags/tutorial.py for tasks to queue
[2023-06-01T08:04:24.730+0000] {logging_mixin.py:137} INFO - [2023-06-01T08:04:24.727+0000] {dagbag.py:532} INFO - Filling up the DagBag from /home/airflow/.local/lib/python3.7/site-packages/airflow/example_dags/tutorial.py
[2023-06-01T08:04:24.803+0000] {processor.py:753} INFO - DAG(s) dict_keys(['tutorial']) retrieved from /home/airflow/.local/lib/python3.7/site-packages/airflow/example_dags/tutorial.py
[2023-06-01T08:04:24.884+0000] {logging_mixin.py:137} INFO - [2023-06-01T08:04:24.883+0000] {dag.py:2705} INFO - Sync 1 DAGs
[2023-06-01T08:04:24.947+0000] {logging_mixin.py:137} INFO - [2023-06-01T08:04:24.947+0000] {dag.py:3456} INFO - Setting next_dagrun for tutorial to 2023-05-31T08:04:24.946959+00:00, run_after=2023-06-01T08:04:24.946959+00:00
[2023-06-01T08:04:24.976+0000] {processor.py:175} INFO - Processing /home/airflow/.local/lib/python3.7/site-packages/airflow/example_dags/tutorial.py took 0.281 seconds
[2023-06-01T08:04:55.035+0000] {processor.py:153} INFO - Started process (PID=303) to work on /home/airflow/.local/lib/python3.7/site-packages/airflow/example_dags/tutorial.py
[2023-06-01T08:04:55.037+0000] {processor.py:743} INFO - Processing file /home/airflow/.local/lib/python3.7/site-packages/airflow/example_dags/tutorial.py for tasks to queue
[2023-06-01T08:04:55.040+0000] {logging_mixin.py:137} INFO - [2023-06-01T08:04:55.039+0000] {dagbag.py:532} INFO - Filling up the DagBag from /home/airflow/.local/lib/python3.7/site-packages/airflow/example_dags/tutorial.py
[2023-06-01T08:04:55.074+0000] {processor.py:753} INFO - DAG(s) dict_keys(['tutorial']) retrieved from /home/airflow/.local/lib/python3.7/site-packages/airflow/example_dags/tutorial.py
[2023-06-01T08:04:55.115+0000] {logging_mixin.py:137} INFO - [2023-06-01T08:04:55.115+0000] {dag.py:2705} INFO - Sync 1 DAGs
[2023-06-01T08:04:55.169+0000] {logging_mixin.py:137} INFO - [2023-06-01T08:04:55.168+0000] {dag.py:3456} INFO - Setting next_dagrun for tutorial to 2023-05-31T08:04:55.168413+00:00, run_after=2023-06-01T08:04:55.168413+00:00
[2023-06-01T08:04:55.204+0000] {processor.py:175} INFO - Processing /home/airflow/.local/lib/python3.7/site-packages/airflow/example_dags/tutorial.py took 0.177 seconds
