[2023-06-01T08:02:38.618+0000] {processor.py:153} INFO - Started process (PID=73) to work on /home/airflow/.local/lib/python3.7/site-packages/airflow/example_dags/tutorial_taskflow_api.py
[2023-06-01T08:02:38.626+0000] {processor.py:743} INFO - Processing file /home/airflow/.local/lib/python3.7/site-packages/airflow/example_dags/tutorial_taskflow_api.py for tasks to queue
[2023-06-01T08:02:38.630+0000] {logging_mixin.py:137} INFO - [2023-06-01T08:02:38.630+0000] {dagbag.py:532} INFO - Filling up the DagBag from /home/airflow/.local/lib/python3.7/site-packages/airflow/example_dags/tutorial_taskflow_api.py
[2023-06-01T08:02:38.850+0000] {processor.py:753} INFO - DAG(s) dict_keys(['tutorial_taskflow_api']) retrieved from /home/airflow/.local/lib/python3.7/site-packages/airflow/example_dags/tutorial_taskflow_api.py
[2023-06-01T08:02:38.983+0000] {logging_mixin.py:137} INFO - [2023-06-01T08:02:38.983+0000] {dag.py:2705} INFO - Sync 1 DAGs
[2023-06-01T08:02:39.133+0000] {logging_mixin.py:137} INFO - [2023-06-01T08:02:39.133+0000] {dag.py:3456} INFO - Setting next_dagrun for tutorial_taskflow_api to None, run_after=None
[2023-06-01T08:02:39.185+0000] {processor.py:175} INFO - Processing /home/airflow/.local/lib/python3.7/site-packages/airflow/example_dags/tutorial_taskflow_api.py took 0.600 seconds
[2023-06-01T08:03:09.412+0000] {processor.py:153} INFO - Started process (PID=125) to work on /home/airflow/.local/lib/python3.7/site-packages/airflow/example_dags/tutorial_taskflow_api.py
[2023-06-01T08:03:09.414+0000] {processor.py:743} INFO - Processing file /home/airflow/.local/lib/python3.7/site-packages/airflow/example_dags/tutorial_taskflow_api.py for tasks to queue
[2023-06-01T08:03:09.416+0000] {logging_mixin.py:137} INFO - [2023-06-01T08:03:09.416+0000] {dagbag.py:532} INFO - Filling up the DagBag from /home/airflow/.local/lib/python3.7/site-packages/airflow/example_dags/tutorial_taskflow_api.py
[2023-06-01T08:03:09.447+0000] {processor.py:753} INFO - DAG(s) dict_keys(['tutorial_taskflow_api']) retrieved from /home/airflow/.local/lib/python3.7/site-packages/airflow/example_dags/tutorial_taskflow_api.py
[2023-06-01T08:03:09.501+0000] {logging_mixin.py:137} INFO - [2023-06-01T08:03:09.501+0000] {dag.py:2705} INFO - Sync 1 DAGs
[2023-06-01T08:03:09.538+0000] {logging_mixin.py:137} INFO - [2023-06-01T08:03:09.538+0000] {dag.py:3456} INFO - Setting next_dagrun for tutorial_taskflow_api to None, run_after=None
[2023-06-01T08:03:09.566+0000] {processor.py:175} INFO - Processing /home/airflow/.local/lib/python3.7/site-packages/airflow/example_dags/tutorial_taskflow_api.py took 0.159 seconds
[2023-06-01T08:03:40.283+0000] {processor.py:153} INFO - Started process (PID=177) to work on /home/airflow/.local/lib/python3.7/site-packages/airflow/example_dags/tutorial_taskflow_api.py
[2023-06-01T08:03:40.297+0000] {processor.py:743} INFO - Processing file /home/airflow/.local/lib/python3.7/site-packages/airflow/example_dags/tutorial_taskflow_api.py for tasks to queue
[2023-06-01T08:03:40.304+0000] {logging_mixin.py:137} INFO - [2023-06-01T08:03:40.304+0000] {dagbag.py:532} INFO - Filling up the DagBag from /home/airflow/.local/lib/python3.7/site-packages/airflow/example_dags/tutorial_taskflow_api.py
[2023-06-01T08:03:40.424+0000] {processor.py:753} INFO - DAG(s) dict_keys(['tutorial_taskflow_api']) retrieved from /home/airflow/.local/lib/python3.7/site-packages/airflow/example_dags/tutorial_taskflow_api.py
[2023-06-01T08:03:40.503+0000] {logging_mixin.py:137} INFO - [2023-06-01T08:03:40.503+0000] {dag.py:2705} INFO - Sync 1 DAGs
[2023-06-01T08:03:40.577+0000] {logging_mixin.py:137} INFO - [2023-06-01T08:03:40.577+0000] {dag.py:3456} INFO - Setting next_dagrun for tutorial_taskflow_api to None, run_after=None
[2023-06-01T08:03:40.650+0000] {processor.py:175} INFO - Processing /home/airflow/.local/lib/python3.7/site-packages/airflow/example_dags/tutorial_taskflow_api.py took 0.391 seconds
[2023-06-01T08:04:11.176+0000] {processor.py:153} INFO - Started process (PID=229) to work on /home/airflow/.local/lib/python3.7/site-packages/airflow/example_dags/tutorial_taskflow_api.py
[2023-06-01T08:04:11.179+0000] {processor.py:743} INFO - Processing file /home/airflow/.local/lib/python3.7/site-packages/airflow/example_dags/tutorial_taskflow_api.py for tasks to queue
[2023-06-01T08:04:11.180+0000] {logging_mixin.py:137} INFO - [2023-06-01T08:04:11.180+0000] {dagbag.py:532} INFO - Filling up the DagBag from /home/airflow/.local/lib/python3.7/site-packages/airflow/example_dags/tutorial_taskflow_api.py
[2023-06-01T08:04:11.222+0000] {processor.py:753} INFO - DAG(s) dict_keys(['tutorial_taskflow_api']) retrieved from /home/airflow/.local/lib/python3.7/site-packages/airflow/example_dags/tutorial_taskflow_api.py
[2023-06-01T08:04:11.294+0000] {logging_mixin.py:137} INFO - [2023-06-01T08:04:11.294+0000] {dag.py:2705} INFO - Sync 1 DAGs
[2023-06-01T08:04:11.367+0000] {logging_mixin.py:137} INFO - [2023-06-01T08:04:11.367+0000] {dag.py:3456} INFO - Setting next_dagrun for tutorial_taskflow_api to None, run_after=None
[2023-06-01T08:04:11.401+0000] {processor.py:175} INFO - Processing /home/airflow/.local/lib/python3.7/site-packages/airflow/example_dags/tutorial_taskflow_api.py took 0.233 seconds
[2023-06-01T08:04:41.581+0000] {processor.py:153} INFO - Started process (PID=281) to work on /home/airflow/.local/lib/python3.7/site-packages/airflow/example_dags/tutorial_taskflow_api.py
[2023-06-01T08:04:41.583+0000] {processor.py:743} INFO - Processing file /home/airflow/.local/lib/python3.7/site-packages/airflow/example_dags/tutorial_taskflow_api.py for tasks to queue
[2023-06-01T08:04:41.585+0000] {logging_mixin.py:137} INFO - [2023-06-01T08:04:41.584+0000] {dagbag.py:532} INFO - Filling up the DagBag from /home/airflow/.local/lib/python3.7/site-packages/airflow/example_dags/tutorial_taskflow_api.py
[2023-06-01T08:04:41.614+0000] {processor.py:753} INFO - DAG(s) dict_keys(['tutorial_taskflow_api']) retrieved from /home/airflow/.local/lib/python3.7/site-packages/airflow/example_dags/tutorial_taskflow_api.py
[2023-06-01T08:04:41.651+0000] {logging_mixin.py:137} INFO - [2023-06-01T08:04:41.650+0000] {dag.py:2705} INFO - Sync 1 DAGs
[2023-06-01T08:04:41.687+0000] {logging_mixin.py:137} INFO - [2023-06-01T08:04:41.687+0000] {dag.py:3456} INFO - Setting next_dagrun for tutorial_taskflow_api to None, run_after=None
[2023-06-01T08:04:41.716+0000] {processor.py:175} INFO - Processing /home/airflow/.local/lib/python3.7/site-packages/airflow/example_dags/tutorial_taskflow_api.py took 0.140 seconds
[2023-06-01T08:05:12.036+0000] {processor.py:153} INFO - Started process (PID=333) to work on /home/airflow/.local/lib/python3.7/site-packages/airflow/example_dags/tutorial_taskflow_api.py
[2023-06-01T08:05:12.038+0000] {processor.py:743} INFO - Processing file /home/airflow/.local/lib/python3.7/site-packages/airflow/example_dags/tutorial_taskflow_api.py for tasks to queue
[2023-06-01T08:05:12.040+0000] {logging_mixin.py:137} INFO - [2023-06-01T08:05:12.039+0000] {dagbag.py:532} INFO - Filling up the DagBag from /home/airflow/.local/lib/python3.7/site-packages/airflow/example_dags/tutorial_taskflow_api.py
[2023-06-01T08:05:12.069+0000] {processor.py:753} INFO - DAG(s) dict_keys(['tutorial_taskflow_api']) retrieved from /home/airflow/.local/lib/python3.7/site-packages/airflow/example_dags/tutorial_taskflow_api.py
[2023-06-01T08:05:12.107+0000] {logging_mixin.py:137} INFO - [2023-06-01T08:05:12.106+0000] {dag.py:2705} INFO - Sync 1 DAGs
[2023-06-01T08:05:12.142+0000] {logging_mixin.py:137} INFO - [2023-06-01T08:05:12.142+0000] {dag.py:3456} INFO - Setting next_dagrun for tutorial_taskflow_api to None, run_after=None
[2023-06-01T08:05:12.166+0000] {processor.py:175} INFO - Processing /home/airflow/.local/lib/python3.7/site-packages/airflow/example_dags/tutorial_taskflow_api.py took 0.136 seconds
