[2023-06-01T08:02:34.973+0000] {processor.py:153} INFO - Started process (PID=66) to work on /home/airflow/.local/lib/python3.7/site-packages/airflow/example_dags/tutorial_dag.py
[2023-06-01T08:02:34.986+0000] {processor.py:743} INFO - Processing file /home/airflow/.local/lib/python3.7/site-packages/airflow/example_dags/tutorial_dag.py for tasks to queue
[2023-06-01T08:02:34.999+0000] {logging_mixin.py:137} INFO - [2023-06-01T08:02:34.998+0000] {dagbag.py:532} INFO - Filling up the DagBag from /home/airflow/.local/lib/python3.7/site-packages/airflow/example_dags/tutorial_dag.py
[2023-06-01T08:02:35.196+0000] {processor.py:753} INFO - DAG(s) dict_keys(['tutorial_dag']) retrieved from /home/airflow/.local/lib/python3.7/site-packages/airflow/example_dags/tutorial_dag.py
[2023-06-01T08:02:35.333+0000] {logging_mixin.py:137} INFO - [2023-06-01T08:02:35.333+0000] {dag.py:2705} INFO - Sync 1 DAGs
[2023-06-01T08:02:35.475+0000] {logging_mixin.py:137} INFO - [2023-06-01T08:02:35.475+0000] {dag.py:3456} INFO - Setting next_dagrun for tutorial_dag to None, run_after=None
[2023-06-01T08:02:35.575+0000] {processor.py:175} INFO - Processing /home/airflow/.local/lib/python3.7/site-packages/airflow/example_dags/tutorial_dag.py took 0.633 seconds
[2023-06-01T08:03:06.279+0000] {processor.py:153} INFO - Started process (PID=118) to work on /home/airflow/.local/lib/python3.7/site-packages/airflow/example_dags/tutorial_dag.py
[2023-06-01T08:03:06.293+0000] {processor.py:743} INFO - Processing file /home/airflow/.local/lib/python3.7/site-packages/airflow/example_dags/tutorial_dag.py for tasks to queue
[2023-06-01T08:03:06.302+0000] {logging_mixin.py:137} INFO - [2023-06-01T08:03:06.302+0000] {dagbag.py:532} INFO - Filling up the DagBag from /home/airflow/.local/lib/python3.7/site-packages/airflow/example_dags/tutorial_dag.py
[2023-06-01T08:03:06.439+0000] {processor.py:753} INFO - DAG(s) dict_keys(['tutorial_dag']) retrieved from /home/airflow/.local/lib/python3.7/site-packages/airflow/example_dags/tutorial_dag.py
[2023-06-01T08:03:06.592+0000] {logging_mixin.py:137} INFO - [2023-06-01T08:03:06.592+0000] {dag.py:2705} INFO - Sync 1 DAGs
[2023-06-01T08:03:06.728+0000] {logging_mixin.py:137} INFO - [2023-06-01T08:03:06.727+0000] {dag.py:3456} INFO - Setting next_dagrun for tutorial_dag to None, run_after=None
[2023-06-01T08:03:06.851+0000] {processor.py:175} INFO - Processing /home/airflow/.local/lib/python3.7/site-packages/airflow/example_dags/tutorial_dag.py took 0.604 seconds
[2023-06-01T08:03:37.586+0000] {processor.py:153} INFO - Started process (PID=170) to work on /home/airflow/.local/lib/python3.7/site-packages/airflow/example_dags/tutorial_dag.py
[2023-06-01T08:03:37.592+0000] {processor.py:743} INFO - Processing file /home/airflow/.local/lib/python3.7/site-packages/airflow/example_dags/tutorial_dag.py for tasks to queue
[2023-06-01T08:03:37.597+0000] {logging_mixin.py:137} INFO - [2023-06-01T08:03:37.597+0000] {dagbag.py:532} INFO - Filling up the DagBag from /home/airflow/.local/lib/python3.7/site-packages/airflow/example_dags/tutorial_dag.py
[2023-06-01T08:03:37.633+0000] {processor.py:753} INFO - DAG(s) dict_keys(['tutorial_dag']) retrieved from /home/airflow/.local/lib/python3.7/site-packages/airflow/example_dags/tutorial_dag.py
[2023-06-01T08:03:37.901+0000] {logging_mixin.py:137} INFO - [2023-06-01T08:03:37.899+0000] {dag.py:2705} INFO - Sync 1 DAGs
[2023-06-01T08:03:38.109+0000] {logging_mixin.py:137} INFO - [2023-06-01T08:03:38.109+0000] {dag.py:3456} INFO - Setting next_dagrun for tutorial_dag to None, run_after=None
[2023-06-01T08:03:38.213+0000] {processor.py:175} INFO - Processing /home/airflow/.local/lib/python3.7/site-packages/airflow/example_dags/tutorial_dag.py took 0.640 seconds
[2023-06-01T08:04:08.273+0000] {processor.py:153} INFO - Started process (PID=221) to work on /home/airflow/.local/lib/python3.7/site-packages/airflow/example_dags/tutorial_dag.py
[2023-06-01T08:04:08.275+0000] {processor.py:743} INFO - Processing file /home/airflow/.local/lib/python3.7/site-packages/airflow/example_dags/tutorial_dag.py for tasks to queue
[2023-06-01T08:04:08.278+0000] {logging_mixin.py:137} INFO - [2023-06-01T08:04:08.278+0000] {dagbag.py:532} INFO - Filling up the DagBag from /home/airflow/.local/lib/python3.7/site-packages/airflow/example_dags/tutorial_dag.py
[2023-06-01T08:04:08.300+0000] {processor.py:753} INFO - DAG(s) dict_keys(['tutorial_dag']) retrieved from /home/airflow/.local/lib/python3.7/site-packages/airflow/example_dags/tutorial_dag.py
[2023-06-01T08:04:08.341+0000] {logging_mixin.py:137} INFO - [2023-06-01T08:04:08.341+0000] {dag.py:2705} INFO - Sync 1 DAGs
[2023-06-01T08:04:08.380+0000] {logging_mixin.py:137} INFO - [2023-06-01T08:04:08.380+0000] {dag.py:3456} INFO - Setting next_dagrun for tutorial_dag to None, run_after=None
[2023-06-01T08:04:08.408+0000] {processor.py:175} INFO - Processing /home/airflow/.local/lib/python3.7/site-packages/airflow/example_dags/tutorial_dag.py took 0.141 seconds
[2023-06-01T08:04:38.617+0000] {processor.py:153} INFO - Started process (PID=273) to work on /home/airflow/.local/lib/python3.7/site-packages/airflow/example_dags/tutorial_dag.py
[2023-06-01T08:04:38.619+0000] {processor.py:743} INFO - Processing file /home/airflow/.local/lib/python3.7/site-packages/airflow/example_dags/tutorial_dag.py for tasks to queue
[2023-06-01T08:04:38.621+0000] {logging_mixin.py:137} INFO - [2023-06-01T08:04:38.621+0000] {dagbag.py:532} INFO - Filling up the DagBag from /home/airflow/.local/lib/python3.7/site-packages/airflow/example_dags/tutorial_dag.py
[2023-06-01T08:04:38.642+0000] {processor.py:753} INFO - DAG(s) dict_keys(['tutorial_dag']) retrieved from /home/airflow/.local/lib/python3.7/site-packages/airflow/example_dags/tutorial_dag.py
[2023-06-01T08:04:38.684+0000] {logging_mixin.py:137} INFO - [2023-06-01T08:04:38.684+0000] {dag.py:2705} INFO - Sync 1 DAGs
[2023-06-01T08:04:38.721+0000] {logging_mixin.py:137} INFO - [2023-06-01T08:04:38.720+0000] {dag.py:3456} INFO - Setting next_dagrun for tutorial_dag to None, run_after=None
[2023-06-01T08:04:38.748+0000] {processor.py:175} INFO - Processing /home/airflow/.local/lib/python3.7/site-packages/airflow/example_dags/tutorial_dag.py took 0.136 seconds
[2023-06-01T08:05:09.213+0000] {processor.py:153} INFO - Started process (PID=326) to work on /home/airflow/.local/lib/python3.7/site-packages/airflow/example_dags/tutorial_dag.py
[2023-06-01T08:05:09.216+0000] {processor.py:743} INFO - Processing file /home/airflow/.local/lib/python3.7/site-packages/airflow/example_dags/tutorial_dag.py for tasks to queue
[2023-06-01T08:05:09.218+0000] {logging_mixin.py:137} INFO - [2023-06-01T08:05:09.218+0000] {dagbag.py:532} INFO - Filling up the DagBag from /home/airflow/.local/lib/python3.7/site-packages/airflow/example_dags/tutorial_dag.py
[2023-06-01T08:05:09.259+0000] {processor.py:753} INFO - DAG(s) dict_keys(['tutorial_dag']) retrieved from /home/airflow/.local/lib/python3.7/site-packages/airflow/example_dags/tutorial_dag.py
[2023-06-01T08:05:09.306+0000] {logging_mixin.py:137} INFO - [2023-06-01T08:05:09.305+0000] {dag.py:2705} INFO - Sync 1 DAGs
[2023-06-01T08:05:09.353+0000] {logging_mixin.py:137} INFO - [2023-06-01T08:05:09.353+0000] {dag.py:3456} INFO - Setting next_dagrun for tutorial_dag to None, run_after=None
[2023-06-01T08:05:09.389+0000] {processor.py:175} INFO - Processing /home/airflow/.local/lib/python3.7/site-packages/airflow/example_dags/tutorial_dag.py took 0.180 seconds
