[2023-04-25T04:05:02.920+0000] {processor.py:153} INFO - Started process (PID=44) to work on /home/airflow/.local/lib/python3.7/site-packages/airflow/example_dags/example_xcomargs.py
[2023-04-25T04:05:02.930+0000] {processor.py:743} INFO - Processing file /home/airflow/.local/lib/python3.7/site-packages/airflow/example_dags/example_xcomargs.py for tasks to queue
[2023-04-25T04:05:02.933+0000] {logging_mixin.py:137} INFO - [2023-04-25T04:05:02.933+0000] {dagbag.py:532} INFO - Filling up the DagBag from /home/airflow/.local/lib/python3.7/site-packages/airflow/example_dags/example_xcomargs.py
[2023-04-25T04:05:03.278+0000] {processor.py:753} INFO - DAG(s) dict_keys(['example_xcom_args', 'example_xcom_args_with_operators']) retrieved from /home/airflow/.local/lib/python3.7/site-packages/airflow/example_dags/example_xcomargs.py
[2023-04-25T04:05:04.385+0000] {logging_mixin.py:137} INFO - [2023-04-25T04:05:04.385+0000] {manager.py:504} INFO - Created Permission View: can delete on DAG:example_xcom_args
[2023-04-25T04:05:04.533+0000] {logging_mixin.py:137} INFO - [2023-04-25T04:05:04.528+0000] {manager.py:504} INFO - Created Permission View: can edit on DAG:example_xcom_args
[2023-04-25T04:05:04.581+0000] {logging_mixin.py:137} INFO - [2023-04-25T04:05:04.581+0000] {manager.py:504} INFO - Created Permission View: can read on DAG:example_xcom_args
[2023-04-25T04:05:04.673+0000] {logging_mixin.py:137} INFO - [2023-04-25T04:05:04.672+0000] {manager.py:504} INFO - Created Permission View: can delete on DAG:example_xcom_args_with_operators
[2023-04-25T04:05:04.727+0000] {logging_mixin.py:137} INFO - [2023-04-25T04:05:04.727+0000] {manager.py:504} INFO - Created Permission View: can edit on DAG:example_xcom_args_with_operators
[2023-04-25T04:05:04.765+0000] {logging_mixin.py:137} INFO - [2023-04-25T04:05:04.765+0000] {manager.py:504} INFO - Created Permission View: can read on DAG:example_xcom_args_with_operators
[2023-04-25T04:05:04.766+0000] {logging_mixin.py:137} INFO - [2023-04-25T04:05:04.766+0000] {dag.py:2705} INFO - Sync 2 DAGs
[2023-04-25T04:05:04.854+0000] {logging_mixin.py:137} INFO - [2023-04-25T04:05:04.854+0000] {dag.py:2726} INFO - Creating ORM DAG for example_xcom_args
[2023-04-25T04:05:04.859+0000] {logging_mixin.py:137} INFO - [2023-04-25T04:05:04.859+0000] {dag.py:2726} INFO - Creating ORM DAG for example_xcom_args_with_operators
[2023-04-25T04:05:04.976+0000] {logging_mixin.py:137} INFO - [2023-04-25T04:05:04.976+0000] {dag.py:3456} INFO - Setting next_dagrun for example_xcom_args to None, run_after=None
[2023-04-25T04:05:04.987+0000] {logging_mixin.py:137} INFO - [2023-04-25T04:05:04.987+0000] {dag.py:3456} INFO - Setting next_dagrun for example_xcom_args_with_operators to None, run_after=None
[2023-04-25T04:05:05.227+0000] {processor.py:175} INFO - Processing /home/airflow/.local/lib/python3.7/site-packages/airflow/example_dags/example_xcomargs.py took 2.331 seconds
[2023-04-25T04:05:35.523+0000] {processor.py:153} INFO - Started process (PID=96) to work on /home/airflow/.local/lib/python3.7/site-packages/airflow/example_dags/example_xcomargs.py
[2023-04-25T04:05:35.525+0000] {processor.py:743} INFO - Processing file /home/airflow/.local/lib/python3.7/site-packages/airflow/example_dags/example_xcomargs.py for tasks to queue
[2023-04-25T04:05:35.527+0000] {logging_mixin.py:137} INFO - [2023-04-25T04:05:35.526+0000] {dagbag.py:532} INFO - Filling up the DagBag from /home/airflow/.local/lib/python3.7/site-packages/airflow/example_dags/example_xcomargs.py
[2023-04-25T04:05:35.567+0000] {processor.py:753} INFO - DAG(s) dict_keys(['example_xcom_args_with_operators', 'example_xcom_args']) retrieved from /home/airflow/.local/lib/python3.7/site-packages/airflow/example_dags/example_xcomargs.py
[2023-04-25T04:05:35.613+0000] {logging_mixin.py:137} INFO - [2023-04-25T04:05:35.613+0000] {dag.py:2705} INFO - Sync 2 DAGs
[2023-04-25T04:05:35.672+0000] {logging_mixin.py:137} INFO - [2023-04-25T04:05:35.671+0000] {dag.py:3456} INFO - Setting next_dagrun for example_xcom_args to None, run_after=None
[2023-04-25T04:05:35.697+0000] {logging_mixin.py:137} INFO - [2023-04-25T04:05:35.697+0000] {dag.py:3456} INFO - Setting next_dagrun for example_xcom_args_with_operators to None, run_after=None
[2023-04-25T04:05:35.730+0000] {processor.py:175} INFO - Processing /home/airflow/.local/lib/python3.7/site-packages/airflow/example_dags/example_xcomargs.py took 0.212 seconds
[2023-04-25T04:06:06.085+0000] {processor.py:153} INFO - Started process (PID=149) to work on /home/airflow/.local/lib/python3.7/site-packages/airflow/example_dags/example_xcomargs.py
[2023-04-25T04:06:06.089+0000] {processor.py:743} INFO - Processing file /home/airflow/.local/lib/python3.7/site-packages/airflow/example_dags/example_xcomargs.py for tasks to queue
[2023-04-25T04:06:06.092+0000] {logging_mixin.py:137} INFO - [2023-04-25T04:06:06.092+0000] {dagbag.py:532} INFO - Filling up the DagBag from /home/airflow/.local/lib/python3.7/site-packages/airflow/example_dags/example_xcomargs.py
[2023-04-25T04:06:06.274+0000] {processor.py:753} INFO - DAG(s) dict_keys(['example_xcom_args', 'example_xcom_args_with_operators']) retrieved from /home/airflow/.local/lib/python3.7/site-packages/airflow/example_dags/example_xcomargs.py
[2023-04-25T04:06:06.428+0000] {logging_mixin.py:137} INFO - [2023-04-25T04:06:06.428+0000] {dag.py:2705} INFO - Sync 2 DAGs
[2023-04-25T04:06:06.499+0000] {logging_mixin.py:137} INFO - [2023-04-25T04:06:06.499+0000] {dag.py:3456} INFO - Setting next_dagrun for example_xcom_args to None, run_after=None
[2023-04-25T04:06:06.519+0000] {logging_mixin.py:137} INFO - [2023-04-25T04:06:06.518+0000] {dag.py:3456} INFO - Setting next_dagrun for example_xcom_args_with_operators to None, run_after=None
[2023-04-25T04:06:06.559+0000] {processor.py:175} INFO - Processing /home/airflow/.local/lib/python3.7/site-packages/airflow/example_dags/example_xcomargs.py took 0.497 seconds
[2023-04-25T04:06:37.433+0000] {processor.py:153} INFO - Started process (PID=202) to work on /home/airflow/.local/lib/python3.7/site-packages/airflow/example_dags/example_xcomargs.py
[2023-04-25T04:06:37.435+0000] {processor.py:743} INFO - Processing file /home/airflow/.local/lib/python3.7/site-packages/airflow/example_dags/example_xcomargs.py for tasks to queue
[2023-04-25T04:06:37.437+0000] {logging_mixin.py:137} INFO - [2023-04-25T04:06:37.437+0000] {dagbag.py:532} INFO - Filling up the DagBag from /home/airflow/.local/lib/python3.7/site-packages/airflow/example_dags/example_xcomargs.py
[2023-04-25T04:06:37.454+0000] {processor.py:753} INFO - DAG(s) dict_keys(['example_xcom_args', 'example_xcom_args_with_operators']) retrieved from /home/airflow/.local/lib/python3.7/site-packages/airflow/example_dags/example_xcomargs.py
[2023-04-25T04:06:37.502+0000] {logging_mixin.py:137} INFO - [2023-04-25T04:06:37.502+0000] {dag.py:2705} INFO - Sync 2 DAGs
[2023-04-25T04:06:37.541+0000] {logging_mixin.py:137} INFO - [2023-04-25T04:06:37.540+0000] {dag.py:3456} INFO - Setting next_dagrun for example_xcom_args to None, run_after=None
[2023-04-25T04:06:37.548+0000] {logging_mixin.py:137} INFO - [2023-04-25T04:06:37.547+0000] {dag.py:3456} INFO - Setting next_dagrun for example_xcom_args_with_operators to None, run_after=None
[2023-04-25T04:06:37.573+0000] {processor.py:175} INFO - Processing /home/airflow/.local/lib/python3.7/site-packages/airflow/example_dags/example_xcomargs.py took 0.181 seconds
[2023-04-25T04:07:07.684+0000] {processor.py:153} INFO - Started process (PID=255) to work on /home/airflow/.local/lib/python3.7/site-packages/airflow/example_dags/example_xcomargs.py
[2023-04-25T04:07:07.689+0000] {processor.py:743} INFO - Processing file /home/airflow/.local/lib/python3.7/site-packages/airflow/example_dags/example_xcomargs.py for tasks to queue
[2023-04-25T04:07:07.693+0000] {logging_mixin.py:137} INFO - [2023-04-25T04:07:07.692+0000] {dagbag.py:532} INFO - Filling up the DagBag from /home/airflow/.local/lib/python3.7/site-packages/airflow/example_dags/example_xcomargs.py
[2023-04-25T04:07:07.734+0000] {processor.py:753} INFO - DAG(s) dict_keys(['example_xcom_args_with_operators', 'example_xcom_args']) retrieved from /home/airflow/.local/lib/python3.7/site-packages/airflow/example_dags/example_xcomargs.py
[2023-04-25T04:07:07.787+0000] {logging_mixin.py:137} INFO - [2023-04-25T04:07:07.787+0000] {dag.py:2705} INFO - Sync 2 DAGs
[2023-04-25T04:07:07.848+0000] {logging_mixin.py:137} INFO - [2023-04-25T04:07:07.848+0000] {dag.py:3456} INFO - Setting next_dagrun for example_xcom_args to None, run_after=None
[2023-04-25T04:07:07.857+0000] {logging_mixin.py:137} INFO - [2023-04-25T04:07:07.856+0000] {dag.py:3456} INFO - Setting next_dagrun for example_xcom_args_with_operators to None, run_after=None
[2023-04-25T04:07:07.885+0000] {processor.py:175} INFO - Processing /home/airflow/.local/lib/python3.7/site-packages/airflow/example_dags/example_xcomargs.py took 0.221 seconds
[2023-04-25T04:07:38.464+0000] {processor.py:153} INFO - Started process (PID=307) to work on /home/airflow/.local/lib/python3.7/site-packages/airflow/example_dags/example_xcomargs.py
[2023-04-25T04:07:38.466+0000] {processor.py:743} INFO - Processing file /home/airflow/.local/lib/python3.7/site-packages/airflow/example_dags/example_xcomargs.py for tasks to queue
[2023-04-25T04:07:38.467+0000] {logging_mixin.py:137} INFO - [2023-04-25T04:07:38.467+0000] {dagbag.py:532} INFO - Filling up the DagBag from /home/airflow/.local/lib/python3.7/site-packages/airflow/example_dags/example_xcomargs.py
[2023-04-25T04:07:38.503+0000] {processor.py:753} INFO - DAG(s) dict_keys(['example_xcom_args', 'example_xcom_args_with_operators']) retrieved from /home/airflow/.local/lib/python3.7/site-packages/airflow/example_dags/example_xcomargs.py
[2023-04-25T04:07:38.552+0000] {logging_mixin.py:137} INFO - [2023-04-25T04:07:38.551+0000] {dag.py:2705} INFO - Sync 2 DAGs
[2023-04-25T04:07:38.592+0000] {logging_mixin.py:137} INFO - [2023-04-25T04:07:38.592+0000] {dag.py:3456} INFO - Setting next_dagrun for example_xcom_args to None, run_after=None
[2023-04-25T04:07:38.597+0000] {logging_mixin.py:137} INFO - [2023-04-25T04:07:38.597+0000] {dag.py:3456} INFO - Setting next_dagrun for example_xcom_args_with_operators to None, run_after=None
[2023-04-25T04:07:38.622+0000] {processor.py:175} INFO - Processing /home/airflow/.local/lib/python3.7/site-packages/airflow/example_dags/example_xcomargs.py took 0.163 seconds
[2023-04-25T04:08:09.236+0000] {processor.py:153} INFO - Started process (PID=360) to work on /home/airflow/.local/lib/python3.7/site-packages/airflow/example_dags/example_xcomargs.py
[2023-04-25T04:08:09.248+0000] {processor.py:743} INFO - Processing file /home/airflow/.local/lib/python3.7/site-packages/airflow/example_dags/example_xcomargs.py for tasks to queue
[2023-04-25T04:08:09.255+0000] {logging_mixin.py:137} INFO - [2023-04-25T04:08:09.255+0000] {dagbag.py:532} INFO - Filling up the DagBag from /home/airflow/.local/lib/python3.7/site-packages/airflow/example_dags/example_xcomargs.py
[2023-04-25T04:08:09.302+0000] {processor.py:753} INFO - DAG(s) dict_keys(['example_xcom_args_with_operators', 'example_xcom_args']) retrieved from /home/airflow/.local/lib/python3.7/site-packages/airflow/example_dags/example_xcomargs.py
[2023-04-25T04:08:09.372+0000] {logging_mixin.py:137} INFO - [2023-04-25T04:08:09.372+0000] {dag.py:2705} INFO - Sync 2 DAGs
[2023-04-25T04:08:09.442+0000] {logging_mixin.py:137} INFO - [2023-04-25T04:08:09.442+0000] {dag.py:3456} INFO - Setting next_dagrun for example_xcom_args to None, run_after=None
[2023-04-25T04:08:09.455+0000] {logging_mixin.py:137} INFO - [2023-04-25T04:08:09.454+0000] {dag.py:3456} INFO - Setting next_dagrun for example_xcom_args_with_operators to None, run_after=None
[2023-04-25T04:08:09.486+0000] {processor.py:175} INFO - Processing /home/airflow/.local/lib/python3.7/site-packages/airflow/example_dags/example_xcomargs.py took 0.254 seconds
[2023-04-25T04:08:39.681+0000] {processor.py:153} INFO - Started process (PID=411) to work on /home/airflow/.local/lib/python3.7/site-packages/airflow/example_dags/example_xcomargs.py
[2023-04-25T04:08:39.683+0000] {processor.py:743} INFO - Processing file /home/airflow/.local/lib/python3.7/site-packages/airflow/example_dags/example_xcomargs.py for tasks to queue
[2023-04-25T04:08:39.686+0000] {logging_mixin.py:137} INFO - [2023-04-25T04:08:39.685+0000] {dagbag.py:532} INFO - Filling up the DagBag from /home/airflow/.local/lib/python3.7/site-packages/airflow/example_dags/example_xcomargs.py
[2023-04-25T04:08:39.724+0000] {processor.py:753} INFO - DAG(s) dict_keys(['example_xcom_args', 'example_xcom_args_with_operators']) retrieved from /home/airflow/.local/lib/python3.7/site-packages/airflow/example_dags/example_xcomargs.py
[2023-04-25T04:08:39.772+0000] {logging_mixin.py:137} INFO - [2023-04-25T04:08:39.772+0000] {dag.py:2705} INFO - Sync 2 DAGs
[2023-04-25T04:08:39.820+0000] {logging_mixin.py:137} INFO - [2023-04-25T04:08:39.820+0000] {dag.py:3456} INFO - Setting next_dagrun for example_xcom_args to None, run_after=None
[2023-04-25T04:08:39.833+0000] {logging_mixin.py:137} INFO - [2023-04-25T04:08:39.832+0000] {dag.py:3456} INFO - Setting next_dagrun for example_xcom_args_with_operators to None, run_after=None
[2023-04-25T04:08:39.862+0000] {processor.py:175} INFO - Processing /home/airflow/.local/lib/python3.7/site-packages/airflow/example_dags/example_xcomargs.py took 0.192 seconds
[2023-04-25T04:09:09.987+0000] {processor.py:153} INFO - Started process (PID=464) to work on /home/airflow/.local/lib/python3.7/site-packages/airflow/example_dags/example_xcomargs.py
[2023-04-25T04:09:09.993+0000] {processor.py:743} INFO - Processing file /home/airflow/.local/lib/python3.7/site-packages/airflow/example_dags/example_xcomargs.py for tasks to queue
[2023-04-25T04:09:09.997+0000] {logging_mixin.py:137} INFO - [2023-04-25T04:09:09.994+0000] {dagbag.py:532} INFO - Filling up the DagBag from /home/airflow/.local/lib/python3.7/site-packages/airflow/example_dags/example_xcomargs.py
[2023-04-25T04:09:10.072+0000] {processor.py:753} INFO - DAG(s) dict_keys(['example_xcom_args_with_operators', 'example_xcom_args']) retrieved from /home/airflow/.local/lib/python3.7/site-packages/airflow/example_dags/example_xcomargs.py
[2023-04-25T04:09:10.148+0000] {logging_mixin.py:137} INFO - [2023-04-25T04:09:10.148+0000] {dag.py:2705} INFO - Sync 2 DAGs
[2023-04-25T04:09:10.234+0000] {logging_mixin.py:137} INFO - [2023-04-25T04:09:10.234+0000] {dag.py:3456} INFO - Setting next_dagrun for example_xcom_args to None, run_after=None
[2023-04-25T04:09:10.247+0000] {logging_mixin.py:137} INFO - [2023-04-25T04:09:10.246+0000] {dag.py:3456} INFO - Setting next_dagrun for example_xcom_args_with_operators to None, run_after=None
[2023-04-25T04:09:10.276+0000] {processor.py:175} INFO - Processing /home/airflow/.local/lib/python3.7/site-packages/airflow/example_dags/example_xcomargs.py took 0.293 seconds
[2023-04-25T04:09:40.498+0000] {processor.py:153} INFO - Started process (PID=516) to work on /home/airflow/.local/lib/python3.7/site-packages/airflow/example_dags/example_xcomargs.py
[2023-04-25T04:09:40.501+0000] {processor.py:743} INFO - Processing file /home/airflow/.local/lib/python3.7/site-packages/airflow/example_dags/example_xcomargs.py for tasks to queue
[2023-04-25T04:09:40.504+0000] {logging_mixin.py:137} INFO - [2023-04-25T04:09:40.504+0000] {dagbag.py:532} INFO - Filling up the DagBag from /home/airflow/.local/lib/python3.7/site-packages/airflow/example_dags/example_xcomargs.py
[2023-04-25T04:09:40.557+0000] {processor.py:753} INFO - DAG(s) dict_keys(['example_xcom_args_with_operators', 'example_xcom_args']) retrieved from /home/airflow/.local/lib/python3.7/site-packages/airflow/example_dags/example_xcomargs.py
[2023-04-25T04:09:40.637+0000] {logging_mixin.py:137} INFO - [2023-04-25T04:09:40.635+0000] {dag.py:2705} INFO - Sync 2 DAGs
[2023-04-25T04:09:40.711+0000] {logging_mixin.py:137} INFO - [2023-04-25T04:09:40.711+0000] {dag.py:3456} INFO - Setting next_dagrun for example_xcom_args to None, run_after=None
[2023-04-25T04:09:40.726+0000] {logging_mixin.py:137} INFO - [2023-04-25T04:09:40.726+0000] {dag.py:3456} INFO - Setting next_dagrun for example_xcom_args_with_operators to None, run_after=None
[2023-04-25T04:09:40.769+0000] {processor.py:175} INFO - Processing /home/airflow/.local/lib/python3.7/site-packages/airflow/example_dags/example_xcomargs.py took 0.280 seconds
