[2023-04-25T04:05:25.931+0000] {processor.py:153} INFO - Started process (PID=76) to work on /home/airflow/.local/lib/python3.7/site-packages/airflow/example_dags/example_latest_only_with_trigger.py
[2023-04-25T04:05:25.933+0000] {processor.py:743} INFO - Processing file /home/airflow/.local/lib/python3.7/site-packages/airflow/example_dags/example_latest_only_with_trigger.py for tasks to queue
[2023-04-25T04:05:25.944+0000] {logging_mixin.py:137} INFO - [2023-04-25T04:05:25.944+0000] {dagbag.py:532} INFO - Filling up the DagBag from /home/airflow/.local/lib/python3.7/site-packages/airflow/example_dags/example_latest_only_with_trigger.py
[2023-04-25T04:05:26.013+0000] {processor.py:753} INFO - DAG(s) dict_keys(['latest_only_with_trigger']) retrieved from /home/airflow/.local/lib/python3.7/site-packages/airflow/example_dags/example_latest_only_with_trigger.py
[2023-04-25T04:05:26.399+0000] {logging_mixin.py:137} INFO - [2023-04-25T04:05:26.399+0000] {manager.py:504} INFO - Created Permission View: can delete on DAG:latest_only_with_trigger
[2023-04-25T04:05:26.436+0000] {logging_mixin.py:137} INFO - [2023-04-25T04:05:26.436+0000] {manager.py:504} INFO - Created Permission View: can edit on DAG:latest_only_with_trigger
[2023-04-25T04:05:26.464+0000] {logging_mixin.py:137} INFO - [2023-04-25T04:05:26.463+0000] {manager.py:504} INFO - Created Permission View: can read on DAG:latest_only_with_trigger
[2023-04-25T04:05:26.466+0000] {logging_mixin.py:137} INFO - [2023-04-25T04:05:26.465+0000] {dag.py:2705} INFO - Sync 1 DAGs
[2023-04-25T04:05:26.518+0000] {logging_mixin.py:137} INFO - [2023-04-25T04:05:26.518+0000] {dag.py:2726} INFO - Creating ORM DAG for latest_only_with_trigger
[2023-04-25T04:05:26.557+0000] {logging_mixin.py:137} INFO - [2023-04-25T04:05:26.557+0000] {dag.py:3456} INFO - Setting next_dagrun for latest_only_with_trigger to 2023-04-25T00:05:26.557290+00:00, run_after=2023-04-25T04:05:26.557290+00:00
[2023-04-25T04:05:26.634+0000] {processor.py:175} INFO - Processing /home/airflow/.local/lib/python3.7/site-packages/airflow/example_dags/example_latest_only_with_trigger.py took 0.720 seconds
[2023-04-25T04:05:56.918+0000] {processor.py:153} INFO - Started process (PID=128) to work on /home/airflow/.local/lib/python3.7/site-packages/airflow/example_dags/example_latest_only_with_trigger.py
[2023-04-25T04:05:56.921+0000] {processor.py:743} INFO - Processing file /home/airflow/.local/lib/python3.7/site-packages/airflow/example_dags/example_latest_only_with_trigger.py for tasks to queue
[2023-04-25T04:05:56.923+0000] {logging_mixin.py:137} INFO - [2023-04-25T04:05:56.922+0000] {dagbag.py:532} INFO - Filling up the DagBag from /home/airflow/.local/lib/python3.7/site-packages/airflow/example_dags/example_latest_only_with_trigger.py
[2023-04-25T04:05:56.948+0000] {processor.py:753} INFO - DAG(s) dict_keys(['latest_only_with_trigger']) retrieved from /home/airflow/.local/lib/python3.7/site-packages/airflow/example_dags/example_latest_only_with_trigger.py
[2023-04-25T04:05:57.004+0000] {logging_mixin.py:137} INFO - [2023-04-25T04:05:57.004+0000] {dag.py:2705} INFO - Sync 1 DAGs
[2023-04-25T04:05:57.054+0000] {logging_mixin.py:137} INFO - [2023-04-25T04:05:57.054+0000] {dag.py:3456} INFO - Setting next_dagrun for latest_only_with_trigger to 2023-04-25T00:05:57.047331+00:00, run_after=2023-04-25T04:05:57.047331+00:00
[2023-04-25T04:05:57.090+0000] {processor.py:175} INFO - Processing /home/airflow/.local/lib/python3.7/site-packages/airflow/example_dags/example_latest_only_with_trigger.py took 0.177 seconds
[2023-04-25T04:06:27.907+0000] {processor.py:153} INFO - Started process (PID=181) to work on /home/airflow/.local/lib/python3.7/site-packages/airflow/example_dags/example_latest_only_with_trigger.py
[2023-04-25T04:06:27.909+0000] {processor.py:743} INFO - Processing file /home/airflow/.local/lib/python3.7/site-packages/airflow/example_dags/example_latest_only_with_trigger.py for tasks to queue
[2023-04-25T04:06:27.911+0000] {logging_mixin.py:137} INFO - [2023-04-25T04:06:27.910+0000] {dagbag.py:532} INFO - Filling up the DagBag from /home/airflow/.local/lib/python3.7/site-packages/airflow/example_dags/example_latest_only_with_trigger.py
[2023-04-25T04:06:27.933+0000] {processor.py:753} INFO - DAG(s) dict_keys(['latest_only_with_trigger']) retrieved from /home/airflow/.local/lib/python3.7/site-packages/airflow/example_dags/example_latest_only_with_trigger.py
[2023-04-25T04:06:27.974+0000] {logging_mixin.py:137} INFO - [2023-04-25T04:06:27.974+0000] {dag.py:2705} INFO - Sync 1 DAGs
[2023-04-25T04:06:28.024+0000] {logging_mixin.py:137} INFO - [2023-04-25T04:06:28.024+0000] {dag.py:3456} INFO - Setting next_dagrun for latest_only_with_trigger to 2023-04-25T00:06:28.023463+00:00, run_after=2023-04-25T04:06:28.023463+00:00
[2023-04-25T04:06:28.061+0000] {processor.py:175} INFO - Processing /home/airflow/.local/lib/python3.7/site-packages/airflow/example_dags/example_latest_only_with_trigger.py took 0.160 seconds
[2023-04-25T04:06:58.392+0000] {processor.py:153} INFO - Started process (PID=234) to work on /home/airflow/.local/lib/python3.7/site-packages/airflow/example_dags/example_latest_only_with_trigger.py
[2023-04-25T04:06:58.395+0000] {processor.py:743} INFO - Processing file /home/airflow/.local/lib/python3.7/site-packages/airflow/example_dags/example_latest_only_with_trigger.py for tasks to queue
[2023-04-25T04:06:58.398+0000] {logging_mixin.py:137} INFO - [2023-04-25T04:06:58.397+0000] {dagbag.py:532} INFO - Filling up the DagBag from /home/airflow/.local/lib/python3.7/site-packages/airflow/example_dags/example_latest_only_with_trigger.py
[2023-04-25T04:06:58.423+0000] {processor.py:753} INFO - DAG(s) dict_keys(['latest_only_with_trigger']) retrieved from /home/airflow/.local/lib/python3.7/site-packages/airflow/example_dags/example_latest_only_with_trigger.py
[2023-04-25T04:06:58.465+0000] {logging_mixin.py:137} INFO - [2023-04-25T04:06:58.464+0000] {dag.py:2705} INFO - Sync 1 DAGs
[2023-04-25T04:06:58.503+0000] {logging_mixin.py:137} INFO - [2023-04-25T04:06:58.502+0000] {dag.py:3456} INFO - Setting next_dagrun for latest_only_with_trigger to 2023-04-25T00:06:58.502548+00:00, run_after=2023-04-25T04:06:58.502548+00:00
[2023-04-25T04:06:58.527+0000] {processor.py:175} INFO - Processing /home/airflow/.local/lib/python3.7/site-packages/airflow/example_dags/example_latest_only_with_trigger.py took 0.140 seconds
[2023-04-25T04:07:28.720+0000] {processor.py:153} INFO - Started process (PID=286) to work on /home/airflow/.local/lib/python3.7/site-packages/airflow/example_dags/example_latest_only_with_trigger.py
[2023-04-25T04:07:28.722+0000] {processor.py:743} INFO - Processing file /home/airflow/.local/lib/python3.7/site-packages/airflow/example_dags/example_latest_only_with_trigger.py for tasks to queue
[2023-04-25T04:07:28.723+0000] {logging_mixin.py:137} INFO - [2023-04-25T04:07:28.723+0000] {dagbag.py:532} INFO - Filling up the DagBag from /home/airflow/.local/lib/python3.7/site-packages/airflow/example_dags/example_latest_only_with_trigger.py
[2023-04-25T04:07:28.747+0000] {processor.py:753} INFO - DAG(s) dict_keys(['latest_only_with_trigger']) retrieved from /home/airflow/.local/lib/python3.7/site-packages/airflow/example_dags/example_latest_only_with_trigger.py
[2023-04-25T04:07:28.792+0000] {logging_mixin.py:137} INFO - [2023-04-25T04:07:28.792+0000] {dag.py:2705} INFO - Sync 1 DAGs
[2023-04-25T04:07:28.838+0000] {logging_mixin.py:137} INFO - [2023-04-25T04:07:28.837+0000] {dag.py:3456} INFO - Setting next_dagrun for latest_only_with_trigger to 2023-04-25T00:07:28.837467+00:00, run_after=2023-04-25T04:07:28.837467+00:00
[2023-04-25T04:07:28.875+0000] {processor.py:175} INFO - Processing /home/airflow/.local/lib/python3.7/site-packages/airflow/example_dags/example_latest_only_with_trigger.py took 0.161 seconds
[2023-04-25T04:08:00.336+0000] {processor.py:153} INFO - Started process (PID=339) to work on /home/airflow/.local/lib/python3.7/site-packages/airflow/example_dags/example_latest_only_with_trigger.py
[2023-04-25T04:08:00.338+0000] {processor.py:743} INFO - Processing file /home/airflow/.local/lib/python3.7/site-packages/airflow/example_dags/example_latest_only_with_trigger.py for tasks to queue
[2023-04-25T04:08:00.342+0000] {logging_mixin.py:137} INFO - [2023-04-25T04:08:00.341+0000] {dagbag.py:532} INFO - Filling up the DagBag from /home/airflow/.local/lib/python3.7/site-packages/airflow/example_dags/example_latest_only_with_trigger.py
[2023-04-25T04:08:00.369+0000] {processor.py:753} INFO - DAG(s) dict_keys(['latest_only_with_trigger']) retrieved from /home/airflow/.local/lib/python3.7/site-packages/airflow/example_dags/example_latest_only_with_trigger.py
[2023-04-25T04:08:00.414+0000] {logging_mixin.py:137} INFO - [2023-04-25T04:08:00.414+0000] {dag.py:2705} INFO - Sync 1 DAGs
[2023-04-25T04:08:00.466+0000] {logging_mixin.py:137} INFO - [2023-04-25T04:08:00.466+0000] {dag.py:3456} INFO - Setting next_dagrun for latest_only_with_trigger to 2023-04-25T00:08:00.465698+00:00, run_after=2023-04-25T04:08:00.465698+00:00
[2023-04-25T04:08:00.525+0000] {processor.py:175} INFO - Processing /home/airflow/.local/lib/python3.7/site-packages/airflow/example_dags/example_latest_only_with_trigger.py took 0.199 seconds
[2023-04-25T04:08:31.269+0000] {processor.py:153} INFO - Started process (PID=392) to work on /home/airflow/.local/lib/python3.7/site-packages/airflow/example_dags/example_latest_only_with_trigger.py
[2023-04-25T04:08:31.275+0000] {processor.py:743} INFO - Processing file /home/airflow/.local/lib/python3.7/site-packages/airflow/example_dags/example_latest_only_with_trigger.py for tasks to queue
[2023-04-25T04:08:31.291+0000] {logging_mixin.py:137} INFO - [2023-04-25T04:08:31.290+0000] {dagbag.py:532} INFO - Filling up the DagBag from /home/airflow/.local/lib/python3.7/site-packages/airflow/example_dags/example_latest_only_with_trigger.py
[2023-04-25T04:08:31.389+0000] {processor.py:753} INFO - DAG(s) dict_keys(['latest_only_with_trigger']) retrieved from /home/airflow/.local/lib/python3.7/site-packages/airflow/example_dags/example_latest_only_with_trigger.py
[2023-04-25T04:08:31.440+0000] {logging_mixin.py:137} INFO - [2023-04-25T04:08:31.440+0000] {dag.py:2705} INFO - Sync 1 DAGs
[2023-04-25T04:08:31.502+0000] {logging_mixin.py:137} INFO - [2023-04-25T04:08:31.502+0000] {dag.py:3456} INFO - Setting next_dagrun for latest_only_with_trigger to 2023-04-25T00:08:31.502266+00:00, run_after=2023-04-25T04:08:31.502266+00:00
[2023-04-25T04:08:31.557+0000] {processor.py:175} INFO - Processing /home/airflow/.local/lib/python3.7/site-packages/airflow/example_dags/example_latest_only_with_trigger.py took 0.301 seconds
[2023-04-25T04:09:02.396+0000] {processor.py:153} INFO - Started process (PID=451) to work on /home/airflow/.local/lib/python3.7/site-packages/airflow/example_dags/example_latest_only_with_trigger.py
[2023-04-25T04:09:02.398+0000] {processor.py:743} INFO - Processing file /home/airflow/.local/lib/python3.7/site-packages/airflow/example_dags/example_latest_only_with_trigger.py for tasks to queue
[2023-04-25T04:09:02.400+0000] {logging_mixin.py:137} INFO - [2023-04-25T04:09:02.399+0000] {dagbag.py:532} INFO - Filling up the DagBag from /home/airflow/.local/lib/python3.7/site-packages/airflow/example_dags/example_latest_only_with_trigger.py
[2023-04-25T04:09:02.422+0000] {processor.py:753} INFO - DAG(s) dict_keys(['latest_only_with_trigger']) retrieved from /home/airflow/.local/lib/python3.7/site-packages/airflow/example_dags/example_latest_only_with_trigger.py
[2023-04-25T04:09:02.463+0000] {logging_mixin.py:137} INFO - [2023-04-25T04:09:02.463+0000] {dag.py:2705} INFO - Sync 1 DAGs
[2023-04-25T04:09:02.512+0000] {logging_mixin.py:137} INFO - [2023-04-25T04:09:02.512+0000] {dag.py:3456} INFO - Setting next_dagrun for latest_only_with_trigger to 2023-04-25T00:09:02.512057+00:00, run_after=2023-04-25T04:09:02.512057+00:00
[2023-04-25T04:09:02.555+0000] {processor.py:175} INFO - Processing /home/airflow/.local/lib/python3.7/site-packages/airflow/example_dags/example_latest_only_with_trigger.py took 0.165 seconds
[2023-04-25T04:09:32.798+0000] {processor.py:153} INFO - Started process (PID=503) to work on /home/airflow/.local/lib/python3.7/site-packages/airflow/example_dags/example_latest_only_with_trigger.py
[2023-04-25T04:09:32.800+0000] {processor.py:743} INFO - Processing file /home/airflow/.local/lib/python3.7/site-packages/airflow/example_dags/example_latest_only_with_trigger.py for tasks to queue
[2023-04-25T04:09:32.802+0000] {logging_mixin.py:137} INFO - [2023-04-25T04:09:32.801+0000] {dagbag.py:532} INFO - Filling up the DagBag from /home/airflow/.local/lib/python3.7/site-packages/airflow/example_dags/example_latest_only_with_trigger.py
[2023-04-25T04:09:32.821+0000] {processor.py:753} INFO - DAG(s) dict_keys(['latest_only_with_trigger']) retrieved from /home/airflow/.local/lib/python3.7/site-packages/airflow/example_dags/example_latest_only_with_trigger.py
[2023-04-25T04:09:32.857+0000] {logging_mixin.py:137} INFO - [2023-04-25T04:09:32.857+0000] {dag.py:2705} INFO - Sync 1 DAGs
[2023-04-25T04:09:32.889+0000] {logging_mixin.py:137} INFO - [2023-04-25T04:09:32.889+0000] {dag.py:3456} INFO - Setting next_dagrun for latest_only_with_trigger to 2023-04-25T00:09:32.889287+00:00, run_after=2023-04-25T04:09:32.889287+00:00
[2023-04-25T04:09:32.912+0000] {processor.py:175} INFO - Processing /home/airflow/.local/lib/python3.7/site-packages/airflow/example_dags/example_latest_only_with_trigger.py took 0.119 seconds
