[2023-04-25T04:05:12.293+0000] {processor.py:153} INFO - Started process (PID=54) to work on /home/airflow/.local/lib/python3.7/site-packages/airflow/example_dags/example_short_circuit_operator.py
[2023-04-25T04:05:12.306+0000] {processor.py:743} INFO - Processing file /home/airflow/.local/lib/python3.7/site-packages/airflow/example_dags/example_short_circuit_operator.py for tasks to queue
[2023-04-25T04:05:12.312+0000] {logging_mixin.py:137} INFO - [2023-04-25T04:05:12.311+0000] {dagbag.py:532} INFO - Filling up the DagBag from /home/airflow/.local/lib/python3.7/site-packages/airflow/example_dags/example_short_circuit_operator.py
[2023-04-25T04:05:12.468+0000] {processor.py:753} INFO - DAG(s) dict_keys(['example_short_circuit_operator']) retrieved from /home/airflow/.local/lib/python3.7/site-packages/airflow/example_dags/example_short_circuit_operator.py
[2023-04-25T04:05:13.361+0000] {logging_mixin.py:137} INFO - [2023-04-25T04:05:13.361+0000] {manager.py:504} INFO - Created Permission View: can delete on DAG:example_short_circuit_operator
[2023-04-25T04:05:13.396+0000] {logging_mixin.py:137} INFO - [2023-04-25T04:05:13.396+0000] {manager.py:504} INFO - Created Permission View: can edit on DAG:example_short_circuit_operator
[2023-04-25T04:05:13.423+0000] {logging_mixin.py:137} INFO - [2023-04-25T04:05:13.423+0000] {manager.py:504} INFO - Created Permission View: can read on DAG:example_short_circuit_operator
[2023-04-25T04:05:13.425+0000] {logging_mixin.py:137} INFO - [2023-04-25T04:05:13.425+0000] {dag.py:2705} INFO - Sync 1 DAGs
[2023-04-25T04:05:13.503+0000] {logging_mixin.py:137} INFO - [2023-04-25T04:05:13.502+0000] {dag.py:2726} INFO - Creating ORM DAG for example_short_circuit_operator
[2023-04-25T04:05:13.549+0000] {logging_mixin.py:137} INFO - [2023-04-25T04:05:13.549+0000] {dag.py:3456} INFO - Setting next_dagrun for example_short_circuit_operator to 2023-04-24T04:05:13.548979+00:00, run_after=2023-04-25T04:05:13.548979+00:00
[2023-04-25T04:05:13.630+0000] {processor.py:175} INFO - Processing /home/airflow/.local/lib/python3.7/site-packages/airflow/example_dags/example_short_circuit_operator.py took 1.346 seconds
[2023-04-25T04:05:43.819+0000] {processor.py:153} INFO - Started process (PID=106) to work on /home/airflow/.local/lib/python3.7/site-packages/airflow/example_dags/example_short_circuit_operator.py
[2023-04-25T04:05:43.822+0000] {processor.py:743} INFO - Processing file /home/airflow/.local/lib/python3.7/site-packages/airflow/example_dags/example_short_circuit_operator.py for tasks to queue
[2023-04-25T04:05:43.826+0000] {logging_mixin.py:137} INFO - [2023-04-25T04:05:43.825+0000] {dagbag.py:532} INFO - Filling up the DagBag from /home/airflow/.local/lib/python3.7/site-packages/airflow/example_dags/example_short_circuit_operator.py
[2023-04-25T04:05:43.860+0000] {processor.py:753} INFO - DAG(s) dict_keys(['example_short_circuit_operator']) retrieved from /home/airflow/.local/lib/python3.7/site-packages/airflow/example_dags/example_short_circuit_operator.py
[2023-04-25T04:05:43.909+0000] {logging_mixin.py:137} INFO - [2023-04-25T04:05:43.909+0000] {dag.py:2705} INFO - Sync 1 DAGs
[2023-04-25T04:05:43.960+0000] {logging_mixin.py:137} INFO - [2023-04-25T04:05:43.960+0000] {dag.py:3456} INFO - Setting next_dagrun for example_short_circuit_operator to 2023-04-24T04:05:43.960403+00:00, run_after=2023-04-25T04:05:43.960403+00:00
[2023-04-25T04:05:44.002+0000] {processor.py:175} INFO - Processing /home/airflow/.local/lib/python3.7/site-packages/airflow/example_dags/example_short_circuit_operator.py took 0.194 seconds
[2023-04-25T04:06:14.652+0000] {processor.py:153} INFO - Started process (PID=159) to work on /home/airflow/.local/lib/python3.7/site-packages/airflow/example_dags/example_short_circuit_operator.py
[2023-04-25T04:06:14.660+0000] {processor.py:743} INFO - Processing file /home/airflow/.local/lib/python3.7/site-packages/airflow/example_dags/example_short_circuit_operator.py for tasks to queue
[2023-04-25T04:06:14.672+0000] {logging_mixin.py:137} INFO - [2023-04-25T04:06:14.669+0000] {dagbag.py:532} INFO - Filling up the DagBag from /home/airflow/.local/lib/python3.7/site-packages/airflow/example_dags/example_short_circuit_operator.py
[2023-04-25T04:06:14.736+0000] {processor.py:753} INFO - DAG(s) dict_keys(['example_short_circuit_operator']) retrieved from /home/airflow/.local/lib/python3.7/site-packages/airflow/example_dags/example_short_circuit_operator.py
[2023-04-25T04:06:14.849+0000] {logging_mixin.py:137} INFO - [2023-04-25T04:06:14.849+0000] {dag.py:2705} INFO - Sync 1 DAGs
[2023-04-25T04:06:15.033+0000] {logging_mixin.py:137} INFO - [2023-04-25T04:06:15.033+0000] {dag.py:3456} INFO - Setting next_dagrun for example_short_circuit_operator to 2023-04-24T04:06:15.032888+00:00, run_after=2023-04-25T04:06:15.032888+00:00
[2023-04-25T04:06:15.107+0000] {processor.py:175} INFO - Processing /home/airflow/.local/lib/python3.7/site-packages/airflow/example_dags/example_short_circuit_operator.py took 0.474 seconds
[2023-04-25T04:06:46.060+0000] {processor.py:153} INFO - Started process (PID=212) to work on /home/airflow/.local/lib/python3.7/site-packages/airflow/example_dags/example_short_circuit_operator.py
[2023-04-25T04:06:46.075+0000] {processor.py:743} INFO - Processing file /home/airflow/.local/lib/python3.7/site-packages/airflow/example_dags/example_short_circuit_operator.py for tasks to queue
[2023-04-25T04:06:46.085+0000] {logging_mixin.py:137} INFO - [2023-04-25T04:06:46.084+0000] {dagbag.py:532} INFO - Filling up the DagBag from /home/airflow/.local/lib/python3.7/site-packages/airflow/example_dags/example_short_circuit_operator.py
[2023-04-25T04:06:46.176+0000] {processor.py:753} INFO - DAG(s) dict_keys(['example_short_circuit_operator']) retrieved from /home/airflow/.local/lib/python3.7/site-packages/airflow/example_dags/example_short_circuit_operator.py
[2023-04-25T04:06:46.358+0000] {logging_mixin.py:137} INFO - [2023-04-25T04:06:46.356+0000] {dag.py:2705} INFO - Sync 1 DAGs
[2023-04-25T04:06:46.553+0000] {logging_mixin.py:137} INFO - [2023-04-25T04:06:46.553+0000] {dag.py:3456} INFO - Setting next_dagrun for example_short_circuit_operator to 2023-04-24T04:06:46.552691+00:00, run_after=2023-04-25T04:06:46.552691+00:00
[2023-04-25T04:06:46.773+0000] {processor.py:175} INFO - Processing /home/airflow/.local/lib/python3.7/site-packages/airflow/example_dags/example_short_circuit_operator.py took 0.718 seconds
[2023-04-25T04:07:16.924+0000] {processor.py:153} INFO - Started process (PID=265) to work on /home/airflow/.local/lib/python3.7/site-packages/airflow/example_dags/example_short_circuit_operator.py
[2023-04-25T04:07:16.926+0000] {processor.py:743} INFO - Processing file /home/airflow/.local/lib/python3.7/site-packages/airflow/example_dags/example_short_circuit_operator.py for tasks to queue
[2023-04-25T04:07:16.928+0000] {logging_mixin.py:137} INFO - [2023-04-25T04:07:16.928+0000] {dagbag.py:532} INFO - Filling up the DagBag from /home/airflow/.local/lib/python3.7/site-packages/airflow/example_dags/example_short_circuit_operator.py
[2023-04-25T04:07:16.966+0000] {processor.py:753} INFO - DAG(s) dict_keys(['example_short_circuit_operator']) retrieved from /home/airflow/.local/lib/python3.7/site-packages/airflow/example_dags/example_short_circuit_operator.py
[2023-04-25T04:07:17.041+0000] {logging_mixin.py:137} INFO - [2023-04-25T04:07:17.041+0000] {dag.py:2705} INFO - Sync 1 DAGs
[2023-04-25T04:07:17.084+0000] {logging_mixin.py:137} INFO - [2023-04-25T04:07:17.084+0000] {dag.py:3456} INFO - Setting next_dagrun for example_short_circuit_operator to 2023-04-24T04:07:17.084131+00:00, run_after=2023-04-25T04:07:17.084131+00:00
[2023-04-25T04:07:17.117+0000] {processor.py:175} INFO - Processing /home/airflow/.local/lib/python3.7/site-packages/airflow/example_dags/example_short_circuit_operator.py took 0.198 seconds
[2023-04-25T04:07:47.830+0000] {processor.py:153} INFO - Started process (PID=317) to work on /home/airflow/.local/lib/python3.7/site-packages/airflow/example_dags/example_short_circuit_operator.py
[2023-04-25T04:07:47.832+0000] {processor.py:743} INFO - Processing file /home/airflow/.local/lib/python3.7/site-packages/airflow/example_dags/example_short_circuit_operator.py for tasks to queue
[2023-04-25T04:07:47.835+0000] {logging_mixin.py:137} INFO - [2023-04-25T04:07:47.834+0000] {dagbag.py:532} INFO - Filling up the DagBag from /home/airflow/.local/lib/python3.7/site-packages/airflow/example_dags/example_short_circuit_operator.py
[2023-04-25T04:07:47.889+0000] {processor.py:753} INFO - DAG(s) dict_keys(['example_short_circuit_operator']) retrieved from /home/airflow/.local/lib/python3.7/site-packages/airflow/example_dags/example_short_circuit_operator.py
[2023-04-25T04:07:47.984+0000] {logging_mixin.py:137} INFO - [2023-04-25T04:07:47.983+0000] {dag.py:2705} INFO - Sync 1 DAGs
[2023-04-25T04:07:48.171+0000] {logging_mixin.py:137} INFO - [2023-04-25T04:07:48.171+0000] {dag.py:3456} INFO - Setting next_dagrun for example_short_circuit_operator to 2023-04-24T04:07:48.169683+00:00, run_after=2023-04-25T04:07:48.169683+00:00
[2023-04-25T04:07:48.267+0000] {processor.py:175} INFO - Processing /home/airflow/.local/lib/python3.7/site-packages/airflow/example_dags/example_short_circuit_operator.py took 0.443 seconds
[2023-04-25T04:08:18.739+0000] {processor.py:153} INFO - Started process (PID=370) to work on /home/airflow/.local/lib/python3.7/site-packages/airflow/example_dags/example_short_circuit_operator.py
[2023-04-25T04:08:18.742+0000] {processor.py:743} INFO - Processing file /home/airflow/.local/lib/python3.7/site-packages/airflow/example_dags/example_short_circuit_operator.py for tasks to queue
[2023-04-25T04:08:18.747+0000] {logging_mixin.py:137} INFO - [2023-04-25T04:08:18.746+0000] {dagbag.py:532} INFO - Filling up the DagBag from /home/airflow/.local/lib/python3.7/site-packages/airflow/example_dags/example_short_circuit_operator.py
[2023-04-25T04:08:18.790+0000] {processor.py:753} INFO - DAG(s) dict_keys(['example_short_circuit_operator']) retrieved from /home/airflow/.local/lib/python3.7/site-packages/airflow/example_dags/example_short_circuit_operator.py
[2023-04-25T04:08:18.887+0000] {logging_mixin.py:137} INFO - [2023-04-25T04:08:18.887+0000] {dag.py:2705} INFO - Sync 1 DAGs
[2023-04-25T04:08:18.990+0000] {logging_mixin.py:137} INFO - [2023-04-25T04:08:18.989+0000] {dag.py:3456} INFO - Setting next_dagrun for example_short_circuit_operator to 2023-04-24T04:08:18.988652+00:00, run_after=2023-04-25T04:08:18.988652+00:00
[2023-04-25T04:08:19.040+0000] {processor.py:175} INFO - Processing /home/airflow/.local/lib/python3.7/site-packages/airflow/example_dags/example_short_circuit_operator.py took 0.312 seconds
[2023-04-25T04:08:49.108+0000] {processor.py:153} INFO - Started process (PID=421) to work on /home/airflow/.local/lib/python3.7/site-packages/airflow/example_dags/example_short_circuit_operator.py
[2023-04-25T04:08:49.110+0000] {processor.py:743} INFO - Processing file /home/airflow/.local/lib/python3.7/site-packages/airflow/example_dags/example_short_circuit_operator.py for tasks to queue
[2023-04-25T04:08:49.112+0000] {logging_mixin.py:137} INFO - [2023-04-25T04:08:49.112+0000] {dagbag.py:532} INFO - Filling up the DagBag from /home/airflow/.local/lib/python3.7/site-packages/airflow/example_dags/example_short_circuit_operator.py
[2023-04-25T04:08:49.144+0000] {processor.py:753} INFO - DAG(s) dict_keys(['example_short_circuit_operator']) retrieved from /home/airflow/.local/lib/python3.7/site-packages/airflow/example_dags/example_short_circuit_operator.py
[2023-04-25T04:08:49.202+0000] {logging_mixin.py:137} INFO - [2023-04-25T04:08:49.202+0000] {dag.py:2705} INFO - Sync 1 DAGs
[2023-04-25T04:08:49.248+0000] {logging_mixin.py:137} INFO - [2023-04-25T04:08:49.248+0000] {dag.py:3456} INFO - Setting next_dagrun for example_short_circuit_operator to 2023-04-24T04:08:49.247659+00:00, run_after=2023-04-25T04:08:49.247659+00:00
[2023-04-25T04:08:49.282+0000] {processor.py:175} INFO - Processing /home/airflow/.local/lib/python3.7/site-packages/airflow/example_dags/example_short_circuit_operator.py took 0.179 seconds
[2023-04-25T04:09:19.432+0000] {processor.py:153} INFO - Started process (PID=474) to work on /home/airflow/.local/lib/python3.7/site-packages/airflow/example_dags/example_short_circuit_operator.py
[2023-04-25T04:09:19.435+0000] {processor.py:743} INFO - Processing file /home/airflow/.local/lib/python3.7/site-packages/airflow/example_dags/example_short_circuit_operator.py for tasks to queue
[2023-04-25T04:09:19.438+0000] {logging_mixin.py:137} INFO - [2023-04-25T04:09:19.438+0000] {dagbag.py:532} INFO - Filling up the DagBag from /home/airflow/.local/lib/python3.7/site-packages/airflow/example_dags/example_short_circuit_operator.py
[2023-04-25T04:09:19.484+0000] {processor.py:753} INFO - DAG(s) dict_keys(['example_short_circuit_operator']) retrieved from /home/airflow/.local/lib/python3.7/site-packages/airflow/example_dags/example_short_circuit_operator.py
[2023-04-25T04:09:19.557+0000] {logging_mixin.py:137} INFO - [2023-04-25T04:09:19.557+0000] {dag.py:2705} INFO - Sync 1 DAGs
[2023-04-25T04:09:19.605+0000] {logging_mixin.py:137} INFO - [2023-04-25T04:09:19.604+0000] {dag.py:3456} INFO - Setting next_dagrun for example_short_circuit_operator to 2023-04-24T04:09:19.604482+00:00, run_after=2023-04-25T04:09:19.604482+00:00
[2023-04-25T04:09:19.635+0000] {processor.py:175} INFO - Processing /home/airflow/.local/lib/python3.7/site-packages/airflow/example_dags/example_short_circuit_operator.py took 0.209 seconds
[2023-04-25T04:09:49.920+0000] {processor.py:153} INFO - Started process (PID=526) to work on /home/airflow/.local/lib/python3.7/site-packages/airflow/example_dags/example_short_circuit_operator.py
[2023-04-25T04:09:49.928+0000] {processor.py:743} INFO - Processing file /home/airflow/.local/lib/python3.7/site-packages/airflow/example_dags/example_short_circuit_operator.py for tasks to queue
[2023-04-25T04:09:49.935+0000] {logging_mixin.py:137} INFO - [2023-04-25T04:09:49.935+0000] {dagbag.py:532} INFO - Filling up the DagBag from /home/airflow/.local/lib/python3.7/site-packages/airflow/example_dags/example_short_circuit_operator.py
[2023-04-25T04:09:49.994+0000] {processor.py:753} INFO - DAG(s) dict_keys(['example_short_circuit_operator']) retrieved from /home/airflow/.local/lib/python3.7/site-packages/airflow/example_dags/example_short_circuit_operator.py
[2023-04-25T04:09:50.089+0000] {logging_mixin.py:137} INFO - [2023-04-25T04:09:50.088+0000] {dag.py:2705} INFO - Sync 1 DAGs
[2023-04-25T04:09:50.198+0000] {logging_mixin.py:137} INFO - [2023-04-25T04:09:50.198+0000] {dag.py:3456} INFO - Setting next_dagrun for example_short_circuit_operator to 2023-04-24T04:09:50.197914+00:00, run_after=2023-04-25T04:09:50.197914+00:00
[2023-04-25T04:09:50.290+0000] {processor.py:175} INFO - Processing /home/airflow/.local/lib/python3.7/site-packages/airflow/example_dags/example_short_circuit_operator.py took 0.393 seconds
