[2023-04-25T04:05:16.569+0000] {processor.py:153} INFO - Started process (PID=59) to work on /home/airflow/.local/lib/python3.7/site-packages/airflow/example_dags/example_task_group.py
[2023-04-25T04:05:16.574+0000] {processor.py:743} INFO - Processing file /home/airflow/.local/lib/python3.7/site-packages/airflow/example_dags/example_task_group.py for tasks to queue
[2023-04-25T04:05:16.578+0000] {logging_mixin.py:137} INFO - [2023-04-25T04:05:16.578+0000] {dagbag.py:532} INFO - Filling up the DagBag from /home/airflow/.local/lib/python3.7/site-packages/airflow/example_dags/example_task_group.py
[2023-04-25T04:05:16.764+0000] {processor.py:753} INFO - DAG(s) dict_keys(['example_task_group']) retrieved from /home/airflow/.local/lib/python3.7/site-packages/airflow/example_dags/example_task_group.py
[2023-04-25T04:05:17.432+0000] {logging_mixin.py:137} INFO - [2023-04-25T04:05:17.432+0000] {manager.py:504} INFO - Created Permission View: can delete on DAG:example_task_group
[2023-04-25T04:05:17.482+0000] {logging_mixin.py:137} INFO - [2023-04-25T04:05:17.482+0000] {manager.py:504} INFO - Created Permission View: can edit on DAG:example_task_group
[2023-04-25T04:05:17.521+0000] {logging_mixin.py:137} INFO - [2023-04-25T04:05:17.521+0000] {manager.py:504} INFO - Created Permission View: can read on DAG:example_task_group
[2023-04-25T04:05:17.524+0000] {logging_mixin.py:137} INFO - [2023-04-25T04:05:17.523+0000] {dag.py:2705} INFO - Sync 1 DAGs
[2023-04-25T04:05:17.614+0000] {logging_mixin.py:137} INFO - [2023-04-25T04:05:17.614+0000] {dag.py:2726} INFO - Creating ORM DAG for example_task_group
[2023-04-25T04:05:17.676+0000] {logging_mixin.py:137} INFO - [2023-04-25T04:05:17.676+0000] {dag.py:3456} INFO - Setting next_dagrun for example_task_group to 2023-04-24T04:05:17.675823+00:00, run_after=2023-04-25T04:05:17.675823+00:00
[2023-04-25T04:05:17.764+0000] {processor.py:175} INFO - Processing /home/airflow/.local/lib/python3.7/site-packages/airflow/example_dags/example_task_group.py took 1.219 seconds
[2023-04-25T04:05:48.079+0000] {processor.py:153} INFO - Started process (PID=111) to work on /home/airflow/.local/lib/python3.7/site-packages/airflow/example_dags/example_task_group.py
[2023-04-25T04:05:48.082+0000] {processor.py:743} INFO - Processing file /home/airflow/.local/lib/python3.7/site-packages/airflow/example_dags/example_task_group.py for tasks to queue
[2023-04-25T04:05:48.086+0000] {logging_mixin.py:137} INFO - [2023-04-25T04:05:48.086+0000] {dagbag.py:532} INFO - Filling up the DagBag from /home/airflow/.local/lib/python3.7/site-packages/airflow/example_dags/example_task_group.py
[2023-04-25T04:05:48.127+0000] {processor.py:753} INFO - DAG(s) dict_keys(['example_task_group']) retrieved from /home/airflow/.local/lib/python3.7/site-packages/airflow/example_dags/example_task_group.py
[2023-04-25T04:05:48.249+0000] {logging_mixin.py:137} INFO - [2023-04-25T04:05:48.248+0000] {dag.py:2705} INFO - Sync 1 DAGs
[2023-04-25T04:05:48.328+0000] {logging_mixin.py:137} INFO - [2023-04-25T04:05:48.327+0000] {dag.py:3456} INFO - Setting next_dagrun for example_task_group to 2023-04-24T04:05:48.327589+00:00, run_after=2023-04-25T04:05:48.327589+00:00
[2023-04-25T04:05:48.375+0000] {processor.py:175} INFO - Processing /home/airflow/.local/lib/python3.7/site-packages/airflow/example_dags/example_task_group.py took 0.303 seconds
[2023-04-25T04:06:18.741+0000] {processor.py:153} INFO - Started process (PID=164) to work on /home/airflow/.local/lib/python3.7/site-packages/airflow/example_dags/example_task_group.py
[2023-04-25T04:06:18.745+0000] {processor.py:743} INFO - Processing file /home/airflow/.local/lib/python3.7/site-packages/airflow/example_dags/example_task_group.py for tasks to queue
[2023-04-25T04:06:18.748+0000] {logging_mixin.py:137} INFO - [2023-04-25T04:06:18.748+0000] {dagbag.py:532} INFO - Filling up the DagBag from /home/airflow/.local/lib/python3.7/site-packages/airflow/example_dags/example_task_group.py
[2023-04-25T04:06:18.816+0000] {processor.py:753} INFO - DAG(s) dict_keys(['example_task_group']) retrieved from /home/airflow/.local/lib/python3.7/site-packages/airflow/example_dags/example_task_group.py
[2023-04-25T04:06:18.886+0000] {logging_mixin.py:137} INFO - [2023-04-25T04:06:18.886+0000] {dag.py:2705} INFO - Sync 1 DAGs
[2023-04-25T04:06:18.989+0000] {logging_mixin.py:137} INFO - [2023-04-25T04:06:18.989+0000] {dag.py:3456} INFO - Setting next_dagrun for example_task_group to 2023-04-24T04:06:18.988980+00:00, run_after=2023-04-25T04:06:18.988980+00:00
[2023-04-25T04:06:19.036+0000] {processor.py:175} INFO - Processing /home/airflow/.local/lib/python3.7/site-packages/airflow/example_dags/example_task_group.py took 0.329 seconds
[2023-04-25T04:06:49.235+0000] {processor.py:153} INFO - Started process (PID=217) to work on /home/airflow/.local/lib/python3.7/site-packages/airflow/example_dags/example_task_group.py
[2023-04-25T04:06:49.241+0000] {processor.py:743} INFO - Processing file /home/airflow/.local/lib/python3.7/site-packages/airflow/example_dags/example_task_group.py for tasks to queue
[2023-04-25T04:06:49.249+0000] {logging_mixin.py:137} INFO - [2023-04-25T04:06:49.247+0000] {dagbag.py:532} INFO - Filling up the DagBag from /home/airflow/.local/lib/python3.7/site-packages/airflow/example_dags/example_task_group.py
[2023-04-25T04:06:49.367+0000] {processor.py:753} INFO - DAG(s) dict_keys(['example_task_group']) retrieved from /home/airflow/.local/lib/python3.7/site-packages/airflow/example_dags/example_task_group.py
[2023-04-25T04:06:49.504+0000] {logging_mixin.py:137} INFO - [2023-04-25T04:06:49.504+0000] {dag.py:2705} INFO - Sync 1 DAGs
[2023-04-25T04:06:49.620+0000] {logging_mixin.py:137} INFO - [2023-04-25T04:06:49.620+0000] {dag.py:3456} INFO - Setting next_dagrun for example_task_group to 2023-04-24T04:06:49.620022+00:00, run_after=2023-04-25T04:06:49.620022+00:00
[2023-04-25T04:06:49.724+0000] {processor.py:175} INFO - Processing /home/airflow/.local/lib/python3.7/site-packages/airflow/example_dags/example_task_group.py took 0.503 seconds
[2023-04-25T04:07:20.098+0000] {processor.py:153} INFO - Started process (PID=270) to work on /home/airflow/.local/lib/python3.7/site-packages/airflow/example_dags/example_task_group.py
[2023-04-25T04:07:20.100+0000] {processor.py:743} INFO - Processing file /home/airflow/.local/lib/python3.7/site-packages/airflow/example_dags/example_task_group.py for tasks to queue
[2023-04-25T04:07:20.104+0000] {logging_mixin.py:137} INFO - [2023-04-25T04:07:20.103+0000] {dagbag.py:532} INFO - Filling up the DagBag from /home/airflow/.local/lib/python3.7/site-packages/airflow/example_dags/example_task_group.py
[2023-04-25T04:07:20.145+0000] {processor.py:753} INFO - DAG(s) dict_keys(['example_task_group']) retrieved from /home/airflow/.local/lib/python3.7/site-packages/airflow/example_dags/example_task_group.py
[2023-04-25T04:07:20.200+0000] {logging_mixin.py:137} INFO - [2023-04-25T04:07:20.199+0000] {dag.py:2705} INFO - Sync 1 DAGs
[2023-04-25T04:07:20.278+0000] {logging_mixin.py:137} INFO - [2023-04-25T04:07:20.278+0000] {dag.py:3456} INFO - Setting next_dagrun for example_task_group to 2023-04-24T04:07:20.277450+00:00, run_after=2023-04-25T04:07:20.277450+00:00
[2023-04-25T04:07:20.307+0000] {processor.py:175} INFO - Processing /home/airflow/.local/lib/python3.7/site-packages/airflow/example_dags/example_task_group.py took 0.220 seconds
[2023-04-25T04:07:50.434+0000] {processor.py:153} INFO - Started process (PID=322) to work on /home/airflow/.local/lib/python3.7/site-packages/airflow/example_dags/example_task_group.py
[2023-04-25T04:07:50.438+0000] {processor.py:743} INFO - Processing file /home/airflow/.local/lib/python3.7/site-packages/airflow/example_dags/example_task_group.py for tasks to queue
[2023-04-25T04:07:50.441+0000] {logging_mixin.py:137} INFO - [2023-04-25T04:07:50.441+0000] {dagbag.py:532} INFO - Filling up the DagBag from /home/airflow/.local/lib/python3.7/site-packages/airflow/example_dags/example_task_group.py
[2023-04-25T04:07:50.470+0000] {processor.py:753} INFO - DAG(s) dict_keys(['example_task_group']) retrieved from /home/airflow/.local/lib/python3.7/site-packages/airflow/example_dags/example_task_group.py
[2023-04-25T04:07:50.526+0000] {logging_mixin.py:137} INFO - [2023-04-25T04:07:50.526+0000] {dag.py:2705} INFO - Sync 1 DAGs
[2023-04-25T04:07:50.574+0000] {logging_mixin.py:137} INFO - [2023-04-25T04:07:50.574+0000] {dag.py:3456} INFO - Setting next_dagrun for example_task_group to 2023-04-24T04:07:50.573684+00:00, run_after=2023-04-25T04:07:50.573684+00:00
[2023-04-25T04:07:50.630+0000] {processor.py:175} INFO - Processing /home/airflow/.local/lib/python3.7/site-packages/airflow/example_dags/example_task_group.py took 0.203 seconds
[2023-04-25T04:08:21.458+0000] {processor.py:153} INFO - Started process (PID=375) to work on /home/airflow/.local/lib/python3.7/site-packages/airflow/example_dags/example_task_group.py
[2023-04-25T04:08:21.466+0000] {processor.py:743} INFO - Processing file /home/airflow/.local/lib/python3.7/site-packages/airflow/example_dags/example_task_group.py for tasks to queue
[2023-04-25T04:08:21.472+0000] {logging_mixin.py:137} INFO - [2023-04-25T04:08:21.472+0000] {dagbag.py:532} INFO - Filling up the DagBag from /home/airflow/.local/lib/python3.7/site-packages/airflow/example_dags/example_task_group.py
[2023-04-25T04:08:21.504+0000] {processor.py:753} INFO - DAG(s) dict_keys(['example_task_group']) retrieved from /home/airflow/.local/lib/python3.7/site-packages/airflow/example_dags/example_task_group.py
[2023-04-25T04:08:21.565+0000] {logging_mixin.py:137} INFO - [2023-04-25T04:08:21.565+0000] {dag.py:2705} INFO - Sync 1 DAGs
[2023-04-25T04:08:21.630+0000] {logging_mixin.py:137} INFO - [2023-04-25T04:08:21.629+0000] {dag.py:3456} INFO - Setting next_dagrun for example_task_group to 2023-04-24T04:08:21.628805+00:00, run_after=2023-04-25T04:08:21.628805+00:00
[2023-04-25T04:08:21.666+0000] {processor.py:175} INFO - Processing /home/airflow/.local/lib/python3.7/site-packages/airflow/example_dags/example_task_group.py took 0.219 seconds
[2023-04-25T04:08:51.768+0000] {processor.py:153} INFO - Started process (PID=426) to work on /home/airflow/.local/lib/python3.7/site-packages/airflow/example_dags/example_task_group.py
[2023-04-25T04:08:51.773+0000] {processor.py:743} INFO - Processing file /home/airflow/.local/lib/python3.7/site-packages/airflow/example_dags/example_task_group.py for tasks to queue
[2023-04-25T04:08:51.778+0000] {logging_mixin.py:137} INFO - [2023-04-25T04:08:51.777+0000] {dagbag.py:532} INFO - Filling up the DagBag from /home/airflow/.local/lib/python3.7/site-packages/airflow/example_dags/example_task_group.py
[2023-04-25T04:08:51.817+0000] {processor.py:753} INFO - DAG(s) dict_keys(['example_task_group']) retrieved from /home/airflow/.local/lib/python3.7/site-packages/airflow/example_dags/example_task_group.py
[2023-04-25T04:08:51.871+0000] {logging_mixin.py:137} INFO - [2023-04-25T04:08:51.871+0000] {dag.py:2705} INFO - Sync 1 DAGs
[2023-04-25T04:08:51.921+0000] {logging_mixin.py:137} INFO - [2023-04-25T04:08:51.921+0000] {dag.py:3456} INFO - Setting next_dagrun for example_task_group to 2023-04-24T04:08:51.920648+00:00, run_after=2023-04-25T04:08:51.920648+00:00
[2023-04-25T04:08:51.984+0000] {processor.py:175} INFO - Processing /home/airflow/.local/lib/python3.7/site-packages/airflow/example_dags/example_task_group.py took 0.228 seconds
[2023-04-25T04:09:22.042+0000] {processor.py:153} INFO - Started process (PID=479) to work on /home/airflow/.local/lib/python3.7/site-packages/airflow/example_dags/example_task_group.py
[2023-04-25T04:09:22.044+0000] {processor.py:743} INFO - Processing file /home/airflow/.local/lib/python3.7/site-packages/airflow/example_dags/example_task_group.py for tasks to queue
[2023-04-25T04:09:22.047+0000] {logging_mixin.py:137} INFO - [2023-04-25T04:09:22.046+0000] {dagbag.py:532} INFO - Filling up the DagBag from /home/airflow/.local/lib/python3.7/site-packages/airflow/example_dags/example_task_group.py
[2023-04-25T04:09:22.075+0000] {processor.py:753} INFO - DAG(s) dict_keys(['example_task_group']) retrieved from /home/airflow/.local/lib/python3.7/site-packages/airflow/example_dags/example_task_group.py
[2023-04-25T04:09:22.135+0000] {logging_mixin.py:137} INFO - [2023-04-25T04:09:22.134+0000] {dag.py:2705} INFO - Sync 1 DAGs
[2023-04-25T04:09:22.176+0000] {logging_mixin.py:137} INFO - [2023-04-25T04:09:22.176+0000] {dag.py:3456} INFO - Setting next_dagrun for example_task_group to 2023-04-24T04:09:22.175997+00:00, run_after=2023-04-25T04:09:22.175997+00:00
[2023-04-25T04:09:22.206+0000] {processor.py:175} INFO - Processing /home/airflow/.local/lib/python3.7/site-packages/airflow/example_dags/example_task_group.py took 0.170 seconds
[2023-04-25T04:09:52.962+0000] {processor.py:153} INFO - Started process (PID=531) to work on /home/airflow/.local/lib/python3.7/site-packages/airflow/example_dags/example_task_group.py
[2023-04-25T04:09:52.973+0000] {processor.py:743} INFO - Processing file /home/airflow/.local/lib/python3.7/site-packages/airflow/example_dags/example_task_group.py for tasks to queue
[2023-04-25T04:09:52.980+0000] {logging_mixin.py:137} INFO - [2023-04-25T04:09:52.975+0000] {dagbag.py:532} INFO - Filling up the DagBag from /home/airflow/.local/lib/python3.7/site-packages/airflow/example_dags/example_task_group.py
[2023-04-25T04:09:53.042+0000] {processor.py:753} INFO - DAG(s) dict_keys(['example_task_group']) retrieved from /home/airflow/.local/lib/python3.7/site-packages/airflow/example_dags/example_task_group.py
[2023-04-25T04:09:53.126+0000] {logging_mixin.py:137} INFO - [2023-04-25T04:09:53.126+0000] {dag.py:2705} INFO - Sync 1 DAGs
[2023-04-25T04:09:53.214+0000] {logging_mixin.py:137} INFO - [2023-04-25T04:09:53.214+0000] {dag.py:3456} INFO - Setting next_dagrun for example_task_group to 2023-04-24T04:09:53.214218+00:00, run_after=2023-04-25T04:09:53.214218+00:00
[2023-04-25T04:09:53.267+0000] {processor.py:175} INFO - Processing /home/airflow/.local/lib/python3.7/site-packages/airflow/example_dags/example_task_group.py took 0.310 seconds
