[2023-04-25T04:05:25.370+0000] {processor.py:153} INFO - Started process (PID=75) to work on /home/airflow/.local/lib/python3.7/site-packages/airflow/example_dags/tutorial_taskflow_api.py
[2023-04-25T04:05:25.374+0000] {processor.py:743} INFO - Processing file /home/airflow/.local/lib/python3.7/site-packages/airflow/example_dags/tutorial_taskflow_api.py for tasks to queue
[2023-04-25T04:05:25.382+0000] {logging_mixin.py:137} INFO - [2023-04-25T04:05:25.382+0000] {dagbag.py:532} INFO - Filling up the DagBag from /home/airflow/.local/lib/python3.7/site-packages/airflow/example_dags/tutorial_taskflow_api.py
[2023-04-25T04:05:25.435+0000] {processor.py:753} INFO - DAG(s) dict_keys(['tutorial_taskflow_api']) retrieved from /home/airflow/.local/lib/python3.7/site-packages/airflow/example_dags/tutorial_taskflow_api.py
[2023-04-25T04:05:25.682+0000] {logging_mixin.py:137} INFO - [2023-04-25T04:05:25.682+0000] {manager.py:504} INFO - Created Permission View: can delete on DAG:tutorial_taskflow_api
[2023-04-25T04:05:25.711+0000] {logging_mixin.py:137} INFO - [2023-04-25T04:05:25.711+0000] {manager.py:504} INFO - Created Permission View: can edit on DAG:tutorial_taskflow_api
[2023-04-25T04:05:25.737+0000] {logging_mixin.py:137} INFO - [2023-04-25T04:05:25.737+0000] {manager.py:504} INFO - Created Permission View: can read on DAG:tutorial_taskflow_api
[2023-04-25T04:05:25.739+0000] {logging_mixin.py:137} INFO - [2023-04-25T04:05:25.738+0000] {dag.py:2705} INFO - Sync 1 DAGs
[2023-04-25T04:05:25.786+0000] {logging_mixin.py:137} INFO - [2023-04-25T04:05:25.786+0000] {dag.py:2726} INFO - Creating ORM DAG for tutorial_taskflow_api
[2023-04-25T04:05:25.811+0000] {logging_mixin.py:137} INFO - [2023-04-25T04:05:25.811+0000] {dag.py:3456} INFO - Setting next_dagrun for tutorial_taskflow_api to None, run_after=None
[2023-04-25T04:05:25.848+0000] {processor.py:175} INFO - Processing /home/airflow/.local/lib/python3.7/site-packages/airflow/example_dags/tutorial_taskflow_api.py took 0.487 seconds
[2023-04-25T04:05:55.901+0000] {processor.py:153} INFO - Started process (PID=126) to work on /home/airflow/.local/lib/python3.7/site-packages/airflow/example_dags/tutorial_taskflow_api.py
[2023-04-25T04:05:55.904+0000] {processor.py:743} INFO - Processing file /home/airflow/.local/lib/python3.7/site-packages/airflow/example_dags/tutorial_taskflow_api.py for tasks to queue
[2023-04-25T04:05:55.906+0000] {logging_mixin.py:137} INFO - [2023-04-25T04:05:55.906+0000] {dagbag.py:532} INFO - Filling up the DagBag from /home/airflow/.local/lib/python3.7/site-packages/airflow/example_dags/tutorial_taskflow_api.py
[2023-04-25T04:05:55.936+0000] {processor.py:753} INFO - DAG(s) dict_keys(['tutorial_taskflow_api']) retrieved from /home/airflow/.local/lib/python3.7/site-packages/airflow/example_dags/tutorial_taskflow_api.py
[2023-04-25T04:05:55.988+0000] {logging_mixin.py:137} INFO - [2023-04-25T04:05:55.988+0000] {dag.py:2705} INFO - Sync 1 DAGs
[2023-04-25T04:05:56.032+0000] {logging_mixin.py:137} INFO - [2023-04-25T04:05:56.031+0000] {dag.py:3456} INFO - Setting next_dagrun for tutorial_taskflow_api to None, run_after=None
[2023-04-25T04:05:56.072+0000] {processor.py:175} INFO - Processing /home/airflow/.local/lib/python3.7/site-packages/airflow/example_dags/tutorial_taskflow_api.py took 0.180 seconds
[2023-04-25T04:06:26.840+0000] {processor.py:153} INFO - Started process (PID=179) to work on /home/airflow/.local/lib/python3.7/site-packages/airflow/example_dags/tutorial_taskflow_api.py
[2023-04-25T04:06:26.843+0000] {processor.py:743} INFO - Processing file /home/airflow/.local/lib/python3.7/site-packages/airflow/example_dags/tutorial_taskflow_api.py for tasks to queue
[2023-04-25T04:06:26.844+0000] {logging_mixin.py:137} INFO - [2023-04-25T04:06:26.844+0000] {dagbag.py:532} INFO - Filling up the DagBag from /home/airflow/.local/lib/python3.7/site-packages/airflow/example_dags/tutorial_taskflow_api.py
[2023-04-25T04:06:26.878+0000] {processor.py:753} INFO - DAG(s) dict_keys(['tutorial_taskflow_api']) retrieved from /home/airflow/.local/lib/python3.7/site-packages/airflow/example_dags/tutorial_taskflow_api.py
[2023-04-25T04:06:26.920+0000] {logging_mixin.py:137} INFO - [2023-04-25T04:06:26.920+0000] {dag.py:2705} INFO - Sync 1 DAGs
[2023-04-25T04:06:26.961+0000] {logging_mixin.py:137} INFO - [2023-04-25T04:06:26.961+0000] {dag.py:3456} INFO - Setting next_dagrun for tutorial_taskflow_api to None, run_after=None
[2023-04-25T04:06:26.996+0000] {processor.py:175} INFO - Processing /home/airflow/.local/lib/python3.7/site-packages/airflow/example_dags/tutorial_taskflow_api.py took 0.161 seconds
[2023-04-25T04:06:57.366+0000] {processor.py:153} INFO - Started process (PID=232) to work on /home/airflow/.local/lib/python3.7/site-packages/airflow/example_dags/tutorial_taskflow_api.py
[2023-04-25T04:06:57.368+0000] {processor.py:743} INFO - Processing file /home/airflow/.local/lib/python3.7/site-packages/airflow/example_dags/tutorial_taskflow_api.py for tasks to queue
[2023-04-25T04:06:57.370+0000] {logging_mixin.py:137} INFO - [2023-04-25T04:06:57.370+0000] {dagbag.py:532} INFO - Filling up the DagBag from /home/airflow/.local/lib/python3.7/site-packages/airflow/example_dags/tutorial_taskflow_api.py
[2023-04-25T04:06:57.401+0000] {processor.py:753} INFO - DAG(s) dict_keys(['tutorial_taskflow_api']) retrieved from /home/airflow/.local/lib/python3.7/site-packages/airflow/example_dags/tutorial_taskflow_api.py
[2023-04-25T04:06:57.439+0000] {logging_mixin.py:137} INFO - [2023-04-25T04:06:57.439+0000] {dag.py:2705} INFO - Sync 1 DAGs
[2023-04-25T04:06:57.480+0000] {logging_mixin.py:137} INFO - [2023-04-25T04:06:57.480+0000] {dag.py:3456} INFO - Setting next_dagrun for tutorial_taskflow_api to None, run_after=None
[2023-04-25T04:06:57.510+0000] {processor.py:175} INFO - Processing /home/airflow/.local/lib/python3.7/site-packages/airflow/example_dags/tutorial_taskflow_api.py took 0.149 seconds
[2023-04-25T04:07:28.486+0000] {processor.py:153} INFO - Started process (PID=285) to work on /home/airflow/.local/lib/python3.7/site-packages/airflow/example_dags/tutorial_taskflow_api.py
[2023-04-25T04:07:28.488+0000] {processor.py:743} INFO - Processing file /home/airflow/.local/lib/python3.7/site-packages/airflow/example_dags/tutorial_taskflow_api.py for tasks to queue
[2023-04-25T04:07:28.489+0000] {logging_mixin.py:137} INFO - [2023-04-25T04:07:28.489+0000] {dagbag.py:532} INFO - Filling up the DagBag from /home/airflow/.local/lib/python3.7/site-packages/airflow/example_dags/tutorial_taskflow_api.py
[2023-04-25T04:07:28.533+0000] {processor.py:753} INFO - DAG(s) dict_keys(['tutorial_taskflow_api']) retrieved from /home/airflow/.local/lib/python3.7/site-packages/airflow/example_dags/tutorial_taskflow_api.py
[2023-04-25T04:07:28.590+0000] {logging_mixin.py:137} INFO - [2023-04-25T04:07:28.589+0000] {dag.py:2705} INFO - Sync 1 DAGs
[2023-04-25T04:07:28.645+0000] {logging_mixin.py:137} INFO - [2023-04-25T04:07:28.644+0000] {dag.py:3456} INFO - Setting next_dagrun for tutorial_taskflow_api to None, run_after=None
[2023-04-25T04:07:28.677+0000] {processor.py:175} INFO - Processing /home/airflow/.local/lib/python3.7/site-packages/airflow/example_dags/tutorial_taskflow_api.py took 0.198 seconds
[2023-04-25T04:08:00.008+0000] {processor.py:153} INFO - Started process (PID=338) to work on /home/airflow/.local/lib/python3.7/site-packages/airflow/example_dags/tutorial_taskflow_api.py
[2023-04-25T04:08:00.011+0000] {processor.py:743} INFO - Processing file /home/airflow/.local/lib/python3.7/site-packages/airflow/example_dags/tutorial_taskflow_api.py for tasks to queue
[2023-04-25T04:08:00.013+0000] {logging_mixin.py:137} INFO - [2023-04-25T04:08:00.013+0000] {dagbag.py:532} INFO - Filling up the DagBag from /home/airflow/.local/lib/python3.7/site-packages/airflow/example_dags/tutorial_taskflow_api.py
[2023-04-25T04:08:00.079+0000] {processor.py:753} INFO - DAG(s) dict_keys(['tutorial_taskflow_api']) retrieved from /home/airflow/.local/lib/python3.7/site-packages/airflow/example_dags/tutorial_taskflow_api.py
[2023-04-25T04:08:00.147+0000] {logging_mixin.py:137} INFO - [2023-04-25T04:08:00.146+0000] {dag.py:2705} INFO - Sync 1 DAGs
[2023-04-25T04:08:00.216+0000] {logging_mixin.py:137} INFO - [2023-04-25T04:08:00.216+0000] {dag.py:3456} INFO - Setting next_dagrun for tutorial_taskflow_api to None, run_after=None
[2023-04-25T04:08:00.272+0000] {processor.py:175} INFO - Processing /home/airflow/.local/lib/python3.7/site-packages/airflow/example_dags/tutorial_taskflow_api.py took 0.271 seconds
[2023-04-25T04:08:30.908+0000] {processor.py:153} INFO - Started process (PID=391) to work on /home/airflow/.local/lib/python3.7/site-packages/airflow/example_dags/tutorial_taskflow_api.py
[2023-04-25T04:08:30.910+0000] {processor.py:743} INFO - Processing file /home/airflow/.local/lib/python3.7/site-packages/airflow/example_dags/tutorial_taskflow_api.py for tasks to queue
[2023-04-25T04:08:30.912+0000] {logging_mixin.py:137} INFO - [2023-04-25T04:08:30.912+0000] {dagbag.py:532} INFO - Filling up the DagBag from /home/airflow/.local/lib/python3.7/site-packages/airflow/example_dags/tutorial_taskflow_api.py
[2023-04-25T04:08:30.983+0000] {processor.py:753} INFO - DAG(s) dict_keys(['tutorial_taskflow_api']) retrieved from /home/airflow/.local/lib/python3.7/site-packages/airflow/example_dags/tutorial_taskflow_api.py
[2023-04-25T04:08:31.053+0000] {logging_mixin.py:137} INFO - [2023-04-25T04:08:31.052+0000] {dag.py:2705} INFO - Sync 1 DAGs
[2023-04-25T04:08:31.117+0000] {logging_mixin.py:137} INFO - [2023-04-25T04:08:31.117+0000] {dag.py:3456} INFO - Setting next_dagrun for tutorial_taskflow_api to None, run_after=None
[2023-04-25T04:08:31.179+0000] {processor.py:175} INFO - Processing /home/airflow/.local/lib/python3.7/site-packages/airflow/example_dags/tutorial_taskflow_api.py took 0.281 seconds
[2023-04-25T04:09:02.073+0000] {processor.py:153} INFO - Started process (PID=449) to work on /home/airflow/.local/lib/python3.7/site-packages/airflow/example_dags/tutorial_taskflow_api.py
[2023-04-25T04:09:02.076+0000] {processor.py:743} INFO - Processing file /home/airflow/.local/lib/python3.7/site-packages/airflow/example_dags/tutorial_taskflow_api.py for tasks to queue
[2023-04-25T04:09:02.080+0000] {logging_mixin.py:137} INFO - [2023-04-25T04:09:02.080+0000] {dagbag.py:532} INFO - Filling up the DagBag from /home/airflow/.local/lib/python3.7/site-packages/airflow/example_dags/tutorial_taskflow_api.py
[2023-04-25T04:09:02.181+0000] {processor.py:753} INFO - DAG(s) dict_keys(['tutorial_taskflow_api']) retrieved from /home/airflow/.local/lib/python3.7/site-packages/airflow/example_dags/tutorial_taskflow_api.py
[2023-04-25T04:09:02.236+0000] {logging_mixin.py:137} INFO - [2023-04-25T04:09:02.235+0000] {dag.py:2705} INFO - Sync 1 DAGs
[2023-04-25T04:09:02.290+0000] {logging_mixin.py:137} INFO - [2023-04-25T04:09:02.290+0000] {dag.py:3456} INFO - Setting next_dagrun for tutorial_taskflow_api to None, run_after=None
[2023-04-25T04:09:02.340+0000] {processor.py:175} INFO - Processing /home/airflow/.local/lib/python3.7/site-packages/airflow/example_dags/tutorial_taskflow_api.py took 0.281 seconds
[2023-04-25T04:09:32.537+0000] {processor.py:153} INFO - Started process (PID=502) to work on /home/airflow/.local/lib/python3.7/site-packages/airflow/example_dags/tutorial_taskflow_api.py
[2023-04-25T04:09:32.539+0000] {processor.py:743} INFO - Processing file /home/airflow/.local/lib/python3.7/site-packages/airflow/example_dags/tutorial_taskflow_api.py for tasks to queue
[2023-04-25T04:09:32.542+0000] {logging_mixin.py:137} INFO - [2023-04-25T04:09:32.542+0000] {dagbag.py:532} INFO - Filling up the DagBag from /home/airflow/.local/lib/python3.7/site-packages/airflow/example_dags/tutorial_taskflow_api.py
[2023-04-25T04:09:32.594+0000] {processor.py:753} INFO - DAG(s) dict_keys(['tutorial_taskflow_api']) retrieved from /home/airflow/.local/lib/python3.7/site-packages/airflow/example_dags/tutorial_taskflow_api.py
[2023-04-25T04:09:32.634+0000] {logging_mixin.py:137} INFO - [2023-04-25T04:09:32.634+0000] {dag.py:2705} INFO - Sync 1 DAGs
[2023-04-25T04:09:32.683+0000] {logging_mixin.py:137} INFO - [2023-04-25T04:09:32.683+0000] {dag.py:3456} INFO - Setting next_dagrun for tutorial_taskflow_api to None, run_after=None
[2023-04-25T04:09:32.723+0000] {processor.py:175} INFO - Processing /home/airflow/.local/lib/python3.7/site-packages/airflow/example_dags/tutorial_taskflow_api.py took 0.190 seconds
