[2023-05-05T09:59:00.814+0000] {processor.py:153} INFO - Started process (PID=40) to work on /opt/airflow/dags/first_dag.py
[2023-05-05T09:59:00.837+0000] {processor.py:743} INFO - Processing file /opt/airflow/dags/first_dag.py for tasks to queue
[2023-05-05T09:59:00.852+0000] {logging_mixin.py:137} INFO - [2023-05-05T09:59:00.841+0000] {dagbag.py:532} INFO - Filling up the DagBag from /opt/airflow/dags/first_dag.py
[2023-05-05T09:59:01.354+0000] {processor.py:753} INFO - DAG(s) dict_keys(['my_first_dag']) retrieved from /opt/airflow/dags/first_dag.py
[2023-05-05T09:59:03.784+0000] {logging_mixin.py:137} INFO - [2023-05-05T09:59:03.783+0000] {manager.py:504} INFO - Created Permission View: can delete on DAG:my_first_dag
[2023-05-05T09:59:03.877+0000] {logging_mixin.py:137} INFO - [2023-05-05T09:59:03.877+0000] {manager.py:504} INFO - Created Permission View: can read on DAG:my_first_dag
[2023-05-05T09:59:03.973+0000] {logging_mixin.py:137} INFO - [2023-05-05T09:59:03.973+0000] {manager.py:504} INFO - Created Permission View: can edit on DAG:my_first_dag
[2023-05-05T09:59:03.976+0000] {logging_mixin.py:137} INFO - [2023-05-05T09:59:03.976+0000] {dag.py:2705} INFO - Sync 1 DAGs
[2023-05-05T09:59:04.142+0000] {logging_mixin.py:137} INFO - [2023-05-05T09:59:04.142+0000] {dag.py:2726} INFO - Creating ORM DAG for my_first_dag
[2023-05-05T09:59:04.296+0000] {logging_mixin.py:137} INFO - [2023-05-05T09:59:04.296+0000] {dag.py:3456} INFO - Setting next_dagrun for my_first_dag to None, run_after=None
[2023-05-05T09:59:04.548+0000] {processor.py:175} INFO - Processing /opt/airflow/dags/first_dag.py took 3.800 seconds
[2023-05-05T09:59:36.116+0000] {processor.py:153} INFO - Started process (PID=92) to work on /opt/airflow/dags/first_dag.py
[2023-05-05T09:59:36.125+0000] {processor.py:743} INFO - Processing file /opt/airflow/dags/first_dag.py for tasks to queue
[2023-05-05T09:59:36.130+0000] {logging_mixin.py:137} INFO - [2023-05-05T09:59:36.130+0000] {dagbag.py:532} INFO - Filling up the DagBag from /opt/airflow/dags/first_dag.py
[2023-05-05T09:59:36.218+0000] {processor.py:753} INFO - DAG(s) dict_keys(['my_first_dag']) retrieved from /opt/airflow/dags/first_dag.py
[2023-05-05T09:59:36.293+0000] {logging_mixin.py:137} INFO - [2023-05-05T09:59:36.293+0000] {dag.py:2705} INFO - Sync 1 DAGs
[2023-05-05T09:59:36.390+0000] {logging_mixin.py:137} INFO - [2023-05-05T09:59:36.390+0000] {dag.py:3456} INFO - Setting next_dagrun for my_first_dag to None, run_after=None
[2023-05-05T09:59:36.501+0000] {processor.py:175} INFO - Processing /opt/airflow/dags/first_dag.py took 0.409 seconds
[2023-05-05T10:00:07.353+0000] {processor.py:153} INFO - Started process (PID=142) to work on /opt/airflow/dags/first_dag.py
[2023-05-05T10:00:07.356+0000] {processor.py:743} INFO - Processing file /opt/airflow/dags/first_dag.py for tasks to queue
[2023-05-05T10:00:07.362+0000] {logging_mixin.py:137} INFO - [2023-05-05T10:00:07.362+0000] {dagbag.py:532} INFO - Filling up the DagBag from /opt/airflow/dags/first_dag.py
[2023-05-05T10:00:07.401+0000] {processor.py:753} INFO - DAG(s) dict_keys(['my_first_dag']) retrieved from /opt/airflow/dags/first_dag.py
[2023-05-05T10:00:07.447+0000] {logging_mixin.py:137} INFO - [2023-05-05T10:00:07.446+0000] {dag.py:2705} INFO - Sync 1 DAGs
[2023-05-05T10:00:07.496+0000] {logging_mixin.py:137} INFO - [2023-05-05T10:00:07.496+0000] {dag.py:3456} INFO - Setting next_dagrun for my_first_dag to None, run_after=None
[2023-05-05T10:00:07.530+0000] {processor.py:175} INFO - Processing /opt/airflow/dags/first_dag.py took 0.186 seconds
[2023-05-05T10:00:38.094+0000] {processor.py:153} INFO - Started process (PID=195) to work on /opt/airflow/dags/first_dag.py
[2023-05-05T10:00:38.096+0000] {processor.py:743} INFO - Processing file /opt/airflow/dags/first_dag.py for tasks to queue
[2023-05-05T10:00:38.099+0000] {logging_mixin.py:137} INFO - [2023-05-05T10:00:38.099+0000] {dagbag.py:532} INFO - Filling up the DagBag from /opt/airflow/dags/first_dag.py
[2023-05-05T10:00:38.126+0000] {processor.py:753} INFO - DAG(s) dict_keys(['my_first_dag']) retrieved from /opt/airflow/dags/first_dag.py
[2023-05-05T10:00:38.162+0000] {logging_mixin.py:137} INFO - [2023-05-05T10:00:38.162+0000] {dag.py:2705} INFO - Sync 1 DAGs
[2023-05-05T10:00:38.217+0000] {logging_mixin.py:137} INFO - [2023-05-05T10:00:38.217+0000] {dag.py:3456} INFO - Setting next_dagrun for my_first_dag to None, run_after=None
[2023-05-05T10:00:38.244+0000] {processor.py:175} INFO - Processing /opt/airflow/dags/first_dag.py took 0.157 seconds
[2023-05-05T10:01:08.776+0000] {processor.py:153} INFO - Started process (PID=247) to work on /opt/airflow/dags/first_dag.py
[2023-05-05T10:01:08.781+0000] {processor.py:743} INFO - Processing file /opt/airflow/dags/first_dag.py for tasks to queue
[2023-05-05T10:01:08.783+0000] {logging_mixin.py:137} INFO - [2023-05-05T10:01:08.783+0000] {dagbag.py:532} INFO - Filling up the DagBag from /opt/airflow/dags/first_dag.py
[2023-05-05T10:01:08.812+0000] {processor.py:753} INFO - DAG(s) dict_keys(['my_first_dag']) retrieved from /opt/airflow/dags/first_dag.py
[2023-05-05T10:01:08.852+0000] {logging_mixin.py:137} INFO - [2023-05-05T10:01:08.852+0000] {dag.py:2705} INFO - Sync 1 DAGs
[2023-05-05T10:01:08.897+0000] {logging_mixin.py:137} INFO - [2023-05-05T10:01:08.897+0000] {dag.py:3456} INFO - Setting next_dagrun for my_first_dag to None, run_after=None
[2023-05-05T10:01:08.928+0000] {processor.py:175} INFO - Processing /opt/airflow/dags/first_dag.py took 0.160 seconds
[2023-05-05T10:01:39.711+0000] {processor.py:153} INFO - Started process (PID=299) to work on /opt/airflow/dags/first_dag.py
[2023-05-05T10:01:39.714+0000] {processor.py:743} INFO - Processing file /opt/airflow/dags/first_dag.py for tasks to queue
[2023-05-05T10:01:39.718+0000] {logging_mixin.py:137} INFO - [2023-05-05T10:01:39.718+0000] {dagbag.py:532} INFO - Filling up the DagBag from /opt/airflow/dags/first_dag.py
[2023-05-05T10:01:39.752+0000] {processor.py:753} INFO - DAG(s) dict_keys(['my_first_dag']) retrieved from /opt/airflow/dags/first_dag.py
[2023-05-05T10:01:39.795+0000] {logging_mixin.py:137} INFO - [2023-05-05T10:01:39.795+0000] {dag.py:2705} INFO - Sync 1 DAGs
[2023-05-05T10:01:39.844+0000] {logging_mixin.py:137} INFO - [2023-05-05T10:01:39.843+0000] {dag.py:3456} INFO - Setting next_dagrun for my_first_dag to None, run_after=None
[2023-05-05T10:01:39.878+0000] {processor.py:175} INFO - Processing /opt/airflow/dags/first_dag.py took 0.178 seconds
[2023-05-05T10:02:10.119+0000] {processor.py:153} INFO - Started process (PID=352) to work on /opt/airflow/dags/first_dag.py
[2023-05-05T10:02:10.122+0000] {processor.py:743} INFO - Processing file /opt/airflow/dags/first_dag.py for tasks to queue
[2023-05-05T10:02:10.124+0000] {logging_mixin.py:137} INFO - [2023-05-05T10:02:10.124+0000] {dagbag.py:532} INFO - Filling up the DagBag from /opt/airflow/dags/first_dag.py
[2023-05-05T10:02:10.158+0000] {processor.py:753} INFO - DAG(s) dict_keys(['my_first_dag']) retrieved from /opt/airflow/dags/first_dag.py
[2023-05-05T10:02:10.199+0000] {logging_mixin.py:137} INFO - [2023-05-05T10:02:10.198+0000] {dag.py:2705} INFO - Sync 1 DAGs
[2023-05-05T10:02:10.244+0000] {logging_mixin.py:137} INFO - [2023-05-05T10:02:10.244+0000] {dag.py:3456} INFO - Setting next_dagrun for my_first_dag to None, run_after=None
[2023-05-05T10:02:10.275+0000] {processor.py:175} INFO - Processing /opt/airflow/dags/first_dag.py took 0.163 seconds
[2023-05-05T10:02:41.029+0000] {processor.py:153} INFO - Started process (PID=404) to work on /opt/airflow/dags/first_dag.py
[2023-05-05T10:02:41.033+0000] {processor.py:743} INFO - Processing file /opt/airflow/dags/first_dag.py for tasks to queue
[2023-05-05T10:02:41.036+0000] {logging_mixin.py:137} INFO - [2023-05-05T10:02:41.036+0000] {dagbag.py:532} INFO - Filling up the DagBag from /opt/airflow/dags/first_dag.py
[2023-05-05T10:02:41.080+0000] {processor.py:753} INFO - DAG(s) dict_keys(['my_first_dag']) retrieved from /opt/airflow/dags/first_dag.py
[2023-05-05T10:02:41.138+0000] {logging_mixin.py:137} INFO - [2023-05-05T10:02:41.138+0000] {dag.py:2705} INFO - Sync 1 DAGs
[2023-05-05T10:02:41.192+0000] {logging_mixin.py:137} INFO - [2023-05-05T10:02:41.192+0000] {dag.py:3456} INFO - Setting next_dagrun for my_first_dag to None, run_after=None
[2023-05-05T10:02:41.225+0000] {processor.py:175} INFO - Processing /opt/airflow/dags/first_dag.py took 0.222 seconds
[2023-05-05T10:03:12.030+0000] {processor.py:153} INFO - Started process (PID=456) to work on /opt/airflow/dags/first_dag.py
[2023-05-05T10:03:12.032+0000] {processor.py:743} INFO - Processing file /opt/airflow/dags/first_dag.py for tasks to queue
[2023-05-05T10:03:12.034+0000] {logging_mixin.py:137} INFO - [2023-05-05T10:03:12.033+0000] {dagbag.py:532} INFO - Filling up the DagBag from /opt/airflow/dags/first_dag.py
[2023-05-05T10:03:12.070+0000] {processor.py:753} INFO - DAG(s) dict_keys(['my_first_dag']) retrieved from /opt/airflow/dags/first_dag.py
[2023-05-05T10:03:12.111+0000] {logging_mixin.py:137} INFO - [2023-05-05T10:03:12.110+0000] {dag.py:2705} INFO - Sync 1 DAGs
[2023-05-05T10:03:12.151+0000] {logging_mixin.py:137} INFO - [2023-05-05T10:03:12.151+0000] {dag.py:3456} INFO - Setting next_dagrun for my_first_dag to None, run_after=None
[2023-05-05T10:03:12.182+0000] {processor.py:175} INFO - Processing /opt/airflow/dags/first_dag.py took 0.159 seconds
[2023-05-05T10:03:43.091+0000] {processor.py:153} INFO - Started process (PID=508) to work on /opt/airflow/dags/first_dag.py
[2023-05-05T10:03:43.094+0000] {processor.py:743} INFO - Processing file /opt/airflow/dags/first_dag.py for tasks to queue
[2023-05-05T10:03:43.097+0000] {logging_mixin.py:137} INFO - [2023-05-05T10:03:43.096+0000] {dagbag.py:532} INFO - Filling up the DagBag from /opt/airflow/dags/first_dag.py
[2023-05-05T10:03:43.130+0000] {processor.py:753} INFO - DAG(s) dict_keys(['my_first_dag']) retrieved from /opt/airflow/dags/first_dag.py
[2023-05-05T10:03:43.165+0000] {logging_mixin.py:137} INFO - [2023-05-05T10:03:43.165+0000] {dag.py:2705} INFO - Sync 1 DAGs
[2023-05-05T10:03:43.200+0000] {logging_mixin.py:137} INFO - [2023-05-05T10:03:43.200+0000] {dag.py:3456} INFO - Setting next_dagrun for my_first_dag to None, run_after=None
[2023-05-05T10:03:43.223+0000] {processor.py:175} INFO - Processing /opt/airflow/dags/first_dag.py took 0.138 seconds
[2023-05-05T10:04:13.935+0000] {processor.py:153} INFO - Started process (PID=560) to work on /opt/airflow/dags/first_dag.py
[2023-05-05T10:04:13.938+0000] {processor.py:743} INFO - Processing file /opt/airflow/dags/first_dag.py for tasks to queue
[2023-05-05T10:04:13.951+0000] {logging_mixin.py:137} INFO - [2023-05-05T10:04:13.951+0000] {dagbag.py:532} INFO - Filling up the DagBag from /opt/airflow/dags/first_dag.py
[2023-05-05T10:04:13.995+0000] {processor.py:753} INFO - DAG(s) dict_keys(['my_first_dag']) retrieved from /opt/airflow/dags/first_dag.py
[2023-05-05T10:04:14.038+0000] {logging_mixin.py:137} INFO - [2023-05-05T10:04:14.037+0000] {dag.py:2705} INFO - Sync 1 DAGs
[2023-05-05T10:04:14.093+0000] {logging_mixin.py:137} INFO - [2023-05-05T10:04:14.093+0000] {dag.py:3456} INFO - Setting next_dagrun for my_first_dag to None, run_after=None
[2023-05-05T10:04:14.132+0000] {processor.py:175} INFO - Processing /opt/airflow/dags/first_dag.py took 0.206 seconds
[2023-05-05T10:04:44.834+0000] {processor.py:153} INFO - Started process (PID=612) to work on /opt/airflow/dags/first_dag.py
[2023-05-05T10:04:44.839+0000] {processor.py:743} INFO - Processing file /opt/airflow/dags/first_dag.py for tasks to queue
[2023-05-05T10:04:44.843+0000] {logging_mixin.py:137} INFO - [2023-05-05T10:04:44.842+0000] {dagbag.py:532} INFO - Filling up the DagBag from /opt/airflow/dags/first_dag.py
[2023-05-05T10:04:44.880+0000] {processor.py:753} INFO - DAG(s) dict_keys(['my_first_dag']) retrieved from /opt/airflow/dags/first_dag.py
[2023-05-05T10:04:44.926+0000] {logging_mixin.py:137} INFO - [2023-05-05T10:04:44.926+0000] {dag.py:2705} INFO - Sync 1 DAGs
[2023-05-05T10:04:44.971+0000] {logging_mixin.py:137} INFO - [2023-05-05T10:04:44.970+0000] {dag.py:3456} INFO - Setting next_dagrun for my_first_dag to None, run_after=None
[2023-05-05T10:04:45.003+0000] {processor.py:175} INFO - Processing /opt/airflow/dags/first_dag.py took 0.181 seconds
[2023-05-05T10:05:15.233+0000] {processor.py:153} INFO - Started process (PID=664) to work on /opt/airflow/dags/first_dag.py
[2023-05-05T10:05:15.242+0000] {processor.py:743} INFO - Processing file /opt/airflow/dags/first_dag.py for tasks to queue
[2023-05-05T10:05:15.246+0000] {logging_mixin.py:137} INFO - [2023-05-05T10:05:15.246+0000] {dagbag.py:532} INFO - Filling up the DagBag from /opt/airflow/dags/first_dag.py
[2023-05-05T10:05:15.305+0000] {processor.py:753} INFO - DAG(s) dict_keys(['my_first_dag']) retrieved from /opt/airflow/dags/first_dag.py
[2023-05-05T10:05:15.413+0000] {logging_mixin.py:137} INFO - [2023-05-05T10:05:15.413+0000] {dag.py:2705} INFO - Sync 1 DAGs
[2023-05-05T10:05:15.458+0000] {logging_mixin.py:137} INFO - [2023-05-05T10:05:15.457+0000] {dag.py:3456} INFO - Setting next_dagrun for my_first_dag to None, run_after=None
[2023-05-05T10:05:15.518+0000] {processor.py:175} INFO - Processing /opt/airflow/dags/first_dag.py took 0.293 seconds
[2023-05-05T10:05:46.387+0000] {processor.py:153} INFO - Started process (PID=716) to work on /opt/airflow/dags/first_dag.py
[2023-05-05T10:05:46.396+0000] {processor.py:743} INFO - Processing file /opt/airflow/dags/first_dag.py for tasks to queue
[2023-05-05T10:05:46.400+0000] {logging_mixin.py:137} INFO - [2023-05-05T10:05:46.399+0000] {dagbag.py:532} INFO - Filling up the DagBag from /opt/airflow/dags/first_dag.py
[2023-05-05T10:05:46.436+0000] {processor.py:753} INFO - DAG(s) dict_keys(['my_first_dag']) retrieved from /opt/airflow/dags/first_dag.py
[2023-05-05T10:05:46.480+0000] {logging_mixin.py:137} INFO - [2023-05-05T10:05:46.480+0000] {dag.py:2705} INFO - Sync 1 DAGs
[2023-05-05T10:05:46.534+0000] {logging_mixin.py:137} INFO - [2023-05-05T10:05:46.534+0000] {dag.py:3456} INFO - Setting next_dagrun for my_first_dag to None, run_after=None
[2023-05-05T10:05:46.581+0000] {processor.py:175} INFO - Processing /opt/airflow/dags/first_dag.py took 0.207 seconds
[2023-05-05T10:06:16.795+0000] {processor.py:153} INFO - Started process (PID=763) to work on /opt/airflow/dags/first_dag.py
[2023-05-05T10:06:16.800+0000] {processor.py:743} INFO - Processing file /opt/airflow/dags/first_dag.py for tasks to queue
[2023-05-05T10:06:16.806+0000] {logging_mixin.py:137} INFO - [2023-05-05T10:06:16.804+0000] {dagbag.py:532} INFO - Filling up the DagBag from /opt/airflow/dags/first_dag.py
[2023-05-05T10:06:16.881+0000] {processor.py:753} INFO - DAG(s) dict_keys(['my_first_dag']) retrieved from /opt/airflow/dags/first_dag.py
[2023-05-05T10:06:16.960+0000] {logging_mixin.py:137} INFO - [2023-05-05T10:06:16.960+0000] {dag.py:2705} INFO - Sync 1 DAGs
[2023-05-05T10:06:17.047+0000] {logging_mixin.py:137} INFO - [2023-05-05T10:06:17.047+0000] {dag.py:3456} INFO - Setting next_dagrun for my_first_dag to None, run_after=None
[2023-05-05T10:06:17.108+0000] {processor.py:175} INFO - Processing /opt/airflow/dags/first_dag.py took 0.331 seconds
[2023-05-05T10:06:47.725+0000] {processor.py:153} INFO - Started process (PID=814) to work on /opt/airflow/dags/first_dag.py
[2023-05-05T10:06:47.734+0000] {processor.py:743} INFO - Processing file /opt/airflow/dags/first_dag.py for tasks to queue
[2023-05-05T10:06:47.737+0000] {logging_mixin.py:137} INFO - [2023-05-05T10:06:47.736+0000] {dagbag.py:532} INFO - Filling up the DagBag from /opt/airflow/dags/first_dag.py
[2023-05-05T10:06:47.772+0000] {processor.py:753} INFO - DAG(s) dict_keys(['my_first_dag']) retrieved from /opt/airflow/dags/first_dag.py
[2023-05-05T10:06:47.827+0000] {logging_mixin.py:137} INFO - [2023-05-05T10:06:47.827+0000] {dag.py:2705} INFO - Sync 1 DAGs
[2023-05-05T10:06:47.881+0000] {logging_mixin.py:137} INFO - [2023-05-05T10:06:47.881+0000] {dag.py:3456} INFO - Setting next_dagrun for my_first_dag to None, run_after=None
[2023-05-05T10:06:47.928+0000] {processor.py:175} INFO - Processing /opt/airflow/dags/first_dag.py took 0.208 seconds
[2023-05-05T10:07:18.122+0000] {processor.py:153} INFO - Started process (PID=866) to work on /opt/airflow/dags/first_dag.py
[2023-05-05T10:07:18.128+0000] {processor.py:743} INFO - Processing file /opt/airflow/dags/first_dag.py for tasks to queue
[2023-05-05T10:07:18.130+0000] {logging_mixin.py:137} INFO - [2023-05-05T10:07:18.129+0000] {dagbag.py:532} INFO - Filling up the DagBag from /opt/airflow/dags/first_dag.py
[2023-05-05T10:07:18.172+0000] {processor.py:753} INFO - DAG(s) dict_keys(['my_first_dag']) retrieved from /opt/airflow/dags/first_dag.py
[2023-05-05T10:07:18.246+0000] {logging_mixin.py:137} INFO - [2023-05-05T10:07:18.245+0000] {dag.py:2705} INFO - Sync 1 DAGs
[2023-05-05T10:07:18.298+0000] {logging_mixin.py:137} INFO - [2023-05-05T10:07:18.297+0000] {dag.py:3456} INFO - Setting next_dagrun for my_first_dag to None, run_after=None
[2023-05-05T10:07:18.351+0000] {processor.py:175} INFO - Processing /opt/airflow/dags/first_dag.py took 0.236 seconds
[2023-05-05T10:07:48.734+0000] {processor.py:153} INFO - Started process (PID=918) to work on /opt/airflow/dags/first_dag.py
[2023-05-05T10:07:48.743+0000] {processor.py:743} INFO - Processing file /opt/airflow/dags/first_dag.py for tasks to queue
[2023-05-05T10:07:48.749+0000] {logging_mixin.py:137} INFO - [2023-05-05T10:07:48.748+0000] {dagbag.py:532} INFO - Filling up the DagBag from /opt/airflow/dags/first_dag.py
[2023-05-05T10:07:48.794+0000] {processor.py:753} INFO - DAG(s) dict_keys(['my_first_dag']) retrieved from /opt/airflow/dags/first_dag.py
[2023-05-05T10:07:48.859+0000] {logging_mixin.py:137} INFO - [2023-05-05T10:07:48.859+0000] {dag.py:2705} INFO - Sync 1 DAGs
[2023-05-05T10:07:48.922+0000] {logging_mixin.py:137} INFO - [2023-05-05T10:07:48.922+0000] {dag.py:3456} INFO - Setting next_dagrun for my_first_dag to None, run_after=None
[2023-05-05T10:07:48.971+0000] {processor.py:175} INFO - Processing /opt/airflow/dags/first_dag.py took 0.250 seconds
[2023-05-05T10:08:19.069+0000] {processor.py:153} INFO - Started process (PID=970) to work on /opt/airflow/dags/first_dag.py
[2023-05-05T10:08:19.076+0000] {processor.py:743} INFO - Processing file /opt/airflow/dags/first_dag.py for tasks to queue
[2023-05-05T10:08:19.081+0000] {logging_mixin.py:137} INFO - [2023-05-05T10:08:19.081+0000] {dagbag.py:532} INFO - Filling up the DagBag from /opt/airflow/dags/first_dag.py
[2023-05-05T10:08:19.196+0000] {processor.py:753} INFO - DAG(s) dict_keys(['my_first_dag']) retrieved from /opt/airflow/dags/first_dag.py
[2023-05-05T10:08:19.357+0000] {logging_mixin.py:137} INFO - [2023-05-05T10:08:19.357+0000] {dag.py:2705} INFO - Sync 1 DAGs
[2023-05-05T10:08:19.524+0000] {logging_mixin.py:137} INFO - [2023-05-05T10:08:19.524+0000] {dag.py:3456} INFO - Setting next_dagrun for my_first_dag to None, run_after=None
[2023-05-05T10:08:19.674+0000] {processor.py:175} INFO - Processing /opt/airflow/dags/first_dag.py took 0.618 seconds
[2023-05-05T10:08:49.826+0000] {processor.py:153} INFO - Started process (PID=1022) to work on /opt/airflow/dags/first_dag.py
[2023-05-05T10:08:49.840+0000] {processor.py:743} INFO - Processing file /opt/airflow/dags/first_dag.py for tasks to queue
[2023-05-05T10:08:49.854+0000] {logging_mixin.py:137} INFO - [2023-05-05T10:08:49.854+0000] {dagbag.py:532} INFO - Filling up the DagBag from /opt/airflow/dags/first_dag.py
[2023-05-05T10:08:49.888+0000] {processor.py:753} INFO - DAG(s) dict_keys(['my_first_dag']) retrieved from /opt/airflow/dags/first_dag.py
[2023-05-05T10:08:49.941+0000] {logging_mixin.py:137} INFO - [2023-05-05T10:08:49.940+0000] {dag.py:2705} INFO - Sync 1 DAGs
[2023-05-05T10:08:50.002+0000] {logging_mixin.py:137} INFO - [2023-05-05T10:08:50.002+0000] {dag.py:3456} INFO - Setting next_dagrun for my_first_dag to None, run_after=None
[2023-05-05T10:08:50.039+0000] {processor.py:175} INFO - Processing /opt/airflow/dags/first_dag.py took 0.219 seconds
[2023-05-05T10:09:20.686+0000] {processor.py:153} INFO - Started process (PID=1073) to work on /opt/airflow/dags/first_dag.py
[2023-05-05T10:09:20.689+0000] {processor.py:743} INFO - Processing file /opt/airflow/dags/first_dag.py for tasks to queue
[2023-05-05T10:09:20.691+0000] {logging_mixin.py:137} INFO - [2023-05-05T10:09:20.691+0000] {dagbag.py:532} INFO - Filling up the DagBag from /opt/airflow/dags/first_dag.py
[2023-05-05T10:09:20.723+0000] {processor.py:753} INFO - DAG(s) dict_keys(['my_first_dag']) retrieved from /opt/airflow/dags/first_dag.py
[2023-05-05T10:09:20.782+0000] {logging_mixin.py:137} INFO - [2023-05-05T10:09:20.779+0000] {dag.py:2705} INFO - Sync 1 DAGs
[2023-05-05T10:09:20.835+0000] {logging_mixin.py:137} INFO - [2023-05-05T10:09:20.835+0000] {dag.py:3456} INFO - Setting next_dagrun for my_first_dag to None, run_after=None
[2023-05-05T10:09:20.881+0000] {processor.py:175} INFO - Processing /opt/airflow/dags/first_dag.py took 0.206 seconds
[2023-05-05T10:09:51.667+0000] {processor.py:153} INFO - Started process (PID=1125) to work on /opt/airflow/dags/first_dag.py
[2023-05-05T10:09:51.669+0000] {processor.py:743} INFO - Processing file /opt/airflow/dags/first_dag.py for tasks to queue
[2023-05-05T10:09:51.671+0000] {logging_mixin.py:137} INFO - [2023-05-05T10:09:51.671+0000] {dagbag.py:532} INFO - Filling up the DagBag from /opt/airflow/dags/first_dag.py
[2023-05-05T10:09:51.704+0000] {processor.py:753} INFO - DAG(s) dict_keys(['my_first_dag']) retrieved from /opt/airflow/dags/first_dag.py
[2023-05-05T10:09:51.754+0000] {logging_mixin.py:137} INFO - [2023-05-05T10:09:51.754+0000] {dag.py:2705} INFO - Sync 1 DAGs
[2023-05-05T10:09:51.805+0000] {logging_mixin.py:137} INFO - [2023-05-05T10:09:51.805+0000] {dag.py:3456} INFO - Setting next_dagrun for my_first_dag to None, run_after=None
[2023-05-05T10:09:51.843+0000] {processor.py:175} INFO - Processing /opt/airflow/dags/first_dag.py took 0.187 seconds
[2023-05-05T10:10:21.961+0000] {processor.py:153} INFO - Started process (PID=1178) to work on /opt/airflow/dags/first_dag.py
[2023-05-05T10:10:21.969+0000] {processor.py:743} INFO - Processing file /opt/airflow/dags/first_dag.py for tasks to queue
[2023-05-05T10:10:21.974+0000] {logging_mixin.py:137} INFO - [2023-05-05T10:10:21.973+0000] {dagbag.py:532} INFO - Filling up the DagBag from /opt/airflow/dags/first_dag.py
[2023-05-05T10:10:22.035+0000] {processor.py:753} INFO - DAG(s) dict_keys(['my_first_dag']) retrieved from /opt/airflow/dags/first_dag.py
[2023-05-05T10:10:22.094+0000] {logging_mixin.py:137} INFO - [2023-05-05T10:10:22.094+0000] {dag.py:2705} INFO - Sync 1 DAGs
[2023-05-05T10:10:22.150+0000] {logging_mixin.py:137} INFO - [2023-05-05T10:10:22.150+0000] {dag.py:3456} INFO - Setting next_dagrun for my_first_dag to None, run_after=None
[2023-05-05T10:10:22.190+0000] {processor.py:175} INFO - Processing /opt/airflow/dags/first_dag.py took 0.242 seconds
[2023-05-05T10:10:52.311+0000] {processor.py:153} INFO - Started process (PID=1229) to work on /opt/airflow/dags/first_dag.py
[2023-05-05T10:10:52.321+0000] {processor.py:743} INFO - Processing file /opt/airflow/dags/first_dag.py for tasks to queue
[2023-05-05T10:10:52.324+0000] {logging_mixin.py:137} INFO - [2023-05-05T10:10:52.324+0000] {dagbag.py:532} INFO - Filling up the DagBag from /opt/airflow/dags/first_dag.py
[2023-05-05T10:10:52.359+0000] {processor.py:753} INFO - DAG(s) dict_keys(['my_first_dag']) retrieved from /opt/airflow/dags/first_dag.py
[2023-05-05T10:10:52.425+0000] {logging_mixin.py:137} INFO - [2023-05-05T10:10:52.425+0000] {dag.py:2705} INFO - Sync 1 DAGs
[2023-05-05T10:10:52.480+0000] {logging_mixin.py:137} INFO - [2023-05-05T10:10:52.480+0000] {dag.py:3456} INFO - Setting next_dagrun for my_first_dag to None, run_after=None
[2023-05-05T10:10:52.527+0000] {processor.py:175} INFO - Processing /opt/airflow/dags/first_dag.py took 0.227 seconds
[2023-05-05T10:11:22.685+0000] {processor.py:153} INFO - Started process (PID=1279) to work on /opt/airflow/dags/first_dag.py
[2023-05-05T10:11:22.700+0000] {processor.py:743} INFO - Processing file /opt/airflow/dags/first_dag.py for tasks to queue
[2023-05-05T10:11:22.704+0000] {logging_mixin.py:137} INFO - [2023-05-05T10:11:22.703+0000] {dagbag.py:532} INFO - Filling up the DagBag from /opt/airflow/dags/first_dag.py
[2023-05-05T10:11:22.773+0000] {processor.py:753} INFO - DAG(s) dict_keys(['my_first_dag']) retrieved from /opt/airflow/dags/first_dag.py
[2023-05-05T10:11:22.922+0000] {logging_mixin.py:137} INFO - [2023-05-05T10:11:22.921+0000] {dag.py:2705} INFO - Sync 1 DAGs
[2023-05-05T10:11:23.035+0000] {logging_mixin.py:137} INFO - [2023-05-05T10:11:23.035+0000] {dag.py:3456} INFO - Setting next_dagrun for my_first_dag to None, run_after=None
[2023-05-05T10:11:23.113+0000] {processor.py:175} INFO - Processing /opt/airflow/dags/first_dag.py took 0.436 seconds
[2023-05-05T10:11:53.391+0000] {processor.py:153} INFO - Started process (PID=1330) to work on /opt/airflow/dags/first_dag.py
[2023-05-05T10:11:53.396+0000] {processor.py:743} INFO - Processing file /opt/airflow/dags/first_dag.py for tasks to queue
[2023-05-05T10:11:53.403+0000] {logging_mixin.py:137} INFO - [2023-05-05T10:11:53.402+0000] {dagbag.py:532} INFO - Filling up the DagBag from /opt/airflow/dags/first_dag.py
[2023-05-05T10:11:53.450+0000] {processor.py:753} INFO - DAG(s) dict_keys(['my_first_dag']) retrieved from /opt/airflow/dags/first_dag.py
[2023-05-05T10:11:53.495+0000] {logging_mixin.py:137} INFO - [2023-05-05T10:11:53.495+0000] {dag.py:2705} INFO - Sync 1 DAGs
[2023-05-05T10:11:53.559+0000] {logging_mixin.py:137} INFO - [2023-05-05T10:11:53.559+0000] {dag.py:3456} INFO - Setting next_dagrun for my_first_dag to None, run_after=None
[2023-05-05T10:11:53.587+0000] {processor.py:175} INFO - Processing /opt/airflow/dags/first_dag.py took 0.209 seconds
[2023-05-05T10:12:24.208+0000] {processor.py:153} INFO - Started process (PID=1382) to work on /opt/airflow/dags/first_dag.py
[2023-05-05T10:12:24.212+0000] {processor.py:743} INFO - Processing file /opt/airflow/dags/first_dag.py for tasks to queue
[2023-05-05T10:12:24.215+0000] {logging_mixin.py:137} INFO - [2023-05-05T10:12:24.215+0000] {dagbag.py:532} INFO - Filling up the DagBag from /opt/airflow/dags/first_dag.py
[2023-05-05T10:12:24.259+0000] {processor.py:753} INFO - DAG(s) dict_keys(['my_first_dag']) retrieved from /opt/airflow/dags/first_dag.py
[2023-05-05T10:12:24.313+0000] {logging_mixin.py:137} INFO - [2023-05-05T10:12:24.313+0000] {dag.py:2705} INFO - Sync 1 DAGs
[2023-05-05T10:12:24.424+0000] {logging_mixin.py:137} INFO - [2023-05-05T10:12:24.423+0000] {dag.py:3456} INFO - Setting next_dagrun for my_first_dag to None, run_after=None
[2023-05-05T10:12:24.459+0000] {processor.py:175} INFO - Processing /opt/airflow/dags/first_dag.py took 0.259 seconds
[2023-05-05T10:12:54.670+0000] {processor.py:153} INFO - Started process (PID=1434) to work on /opt/airflow/dags/first_dag.py
[2023-05-05T10:12:54.673+0000] {processor.py:743} INFO - Processing file /opt/airflow/dags/first_dag.py for tasks to queue
[2023-05-05T10:12:54.676+0000] {logging_mixin.py:137} INFO - [2023-05-05T10:12:54.676+0000] {dagbag.py:532} INFO - Filling up the DagBag from /opt/airflow/dags/first_dag.py
[2023-05-05T10:12:54.715+0000] {processor.py:753} INFO - DAG(s) dict_keys(['my_first_dag']) retrieved from /opt/airflow/dags/first_dag.py
[2023-05-05T10:12:54.776+0000] {logging_mixin.py:137} INFO - [2023-05-05T10:12:54.775+0000] {dag.py:2705} INFO - Sync 1 DAGs
[2023-05-05T10:12:54.837+0000] {logging_mixin.py:137} INFO - [2023-05-05T10:12:54.836+0000] {dag.py:3456} INFO - Setting next_dagrun for my_first_dag to None, run_after=None
[2023-05-05T10:12:54.875+0000] {processor.py:175} INFO - Processing /opt/airflow/dags/first_dag.py took 0.224 seconds
[2023-05-05T10:13:25.127+0000] {processor.py:153} INFO - Started process (PID=1485) to work on /opt/airflow/dags/first_dag.py
[2023-05-05T10:13:25.130+0000] {processor.py:743} INFO - Processing file /opt/airflow/dags/first_dag.py for tasks to queue
[2023-05-05T10:13:25.134+0000] {logging_mixin.py:137} INFO - [2023-05-05T10:13:25.133+0000] {dagbag.py:532} INFO - Filling up the DagBag from /opt/airflow/dags/first_dag.py
[2023-05-05T10:13:25.182+0000] {processor.py:753} INFO - DAG(s) dict_keys(['my_first_dag']) retrieved from /opt/airflow/dags/first_dag.py
[2023-05-05T10:13:25.230+0000] {logging_mixin.py:137} INFO - [2023-05-05T10:13:25.229+0000] {dag.py:2705} INFO - Sync 1 DAGs
[2023-05-05T10:13:25.297+0000] {logging_mixin.py:137} INFO - [2023-05-05T10:13:25.296+0000] {dag.py:3456} INFO - Setting next_dagrun for my_first_dag to None, run_after=None
[2023-05-05T10:13:25.334+0000] {processor.py:175} INFO - Processing /opt/airflow/dags/first_dag.py took 0.216 seconds
[2023-05-05T10:13:55.667+0000] {processor.py:153} INFO - Started process (PID=1536) to work on /opt/airflow/dags/first_dag.py
[2023-05-05T10:13:55.676+0000] {processor.py:743} INFO - Processing file /opt/airflow/dags/first_dag.py for tasks to queue
[2023-05-05T10:13:55.678+0000] {logging_mixin.py:137} INFO - [2023-05-05T10:13:55.678+0000] {dagbag.py:532} INFO - Filling up the DagBag from /opt/airflow/dags/first_dag.py
[2023-05-05T10:13:55.727+0000] {processor.py:753} INFO - DAG(s) dict_keys(['my_first_dag']) retrieved from /opt/airflow/dags/first_dag.py
[2023-05-05T10:13:55.774+0000] {logging_mixin.py:137} INFO - [2023-05-05T10:13:55.774+0000] {dag.py:2705} INFO - Sync 1 DAGs
[2023-05-05T10:13:55.835+0000] {logging_mixin.py:137} INFO - [2023-05-05T10:13:55.835+0000] {dag.py:3456} INFO - Setting next_dagrun for my_first_dag to None, run_after=None
[2023-05-05T10:13:55.876+0000] {processor.py:175} INFO - Processing /opt/airflow/dags/first_dag.py took 0.214 seconds
[2023-05-05T10:14:26.426+0000] {processor.py:153} INFO - Started process (PID=1590) to work on /opt/airflow/dags/first_dag.py
[2023-05-05T10:14:26.429+0000] {processor.py:743} INFO - Processing file /opt/airflow/dags/first_dag.py for tasks to queue
[2023-05-05T10:14:26.433+0000] {logging_mixin.py:137} INFO - [2023-05-05T10:14:26.431+0000] {dagbag.py:532} INFO - Filling up the DagBag from /opt/airflow/dags/first_dag.py
[2023-05-05T10:14:26.522+0000] {processor.py:753} INFO - DAG(s) dict_keys(['my_first_dag']) retrieved from /opt/airflow/dags/first_dag.py
[2023-05-05T10:14:26.599+0000] {logging_mixin.py:137} INFO - [2023-05-05T10:14:26.598+0000] {dag.py:2705} INFO - Sync 1 DAGs
[2023-05-05T10:14:26.701+0000] {logging_mixin.py:137} INFO - [2023-05-05T10:14:26.701+0000] {dag.py:3456} INFO - Setting next_dagrun for my_first_dag to None, run_after=None
[2023-05-05T10:14:26.734+0000] {processor.py:175} INFO - Processing /opt/airflow/dags/first_dag.py took 0.331 seconds
[2023-05-05T10:14:57.022+0000] {processor.py:153} INFO - Started process (PID=1639) to work on /opt/airflow/dags/first_dag.py
[2023-05-05T10:14:57.032+0000] {processor.py:743} INFO - Processing file /opt/airflow/dags/first_dag.py for tasks to queue
[2023-05-05T10:14:57.035+0000] {logging_mixin.py:137} INFO - [2023-05-05T10:14:57.035+0000] {dagbag.py:532} INFO - Filling up the DagBag from /opt/airflow/dags/first_dag.py
[2023-05-05T10:14:57.097+0000] {processor.py:753} INFO - DAG(s) dict_keys(['my_first_dag']) retrieved from /opt/airflow/dags/first_dag.py
[2023-05-05T10:14:57.187+0000] {logging_mixin.py:137} INFO - [2023-05-05T10:14:57.185+0000] {dag.py:2705} INFO - Sync 1 DAGs
[2023-05-05T10:14:57.292+0000] {logging_mixin.py:137} INFO - [2023-05-05T10:14:57.291+0000] {dag.py:3456} INFO - Setting next_dagrun for my_first_dag to None, run_after=None
[2023-05-05T10:14:57.366+0000] {processor.py:175} INFO - Processing /opt/airflow/dags/first_dag.py took 0.368 seconds
[2023-05-05T10:15:28.142+0000] {processor.py:153} INFO - Started process (PID=1690) to work on /opt/airflow/dags/first_dag.py
[2023-05-05T10:15:28.146+0000] {processor.py:743} INFO - Processing file /opt/airflow/dags/first_dag.py for tasks to queue
[2023-05-05T10:15:28.152+0000] {logging_mixin.py:137} INFO - [2023-05-05T10:15:28.152+0000] {dagbag.py:532} INFO - Filling up the DagBag from /opt/airflow/dags/first_dag.py
[2023-05-05T10:15:28.195+0000] {processor.py:753} INFO - DAG(s) dict_keys(['my_first_dag']) retrieved from /opt/airflow/dags/first_dag.py
[2023-05-05T10:15:28.244+0000] {logging_mixin.py:137} INFO - [2023-05-05T10:15:28.243+0000] {dag.py:2705} INFO - Sync 1 DAGs
[2023-05-05T10:15:28.316+0000] {logging_mixin.py:137} INFO - [2023-05-05T10:15:28.316+0000] {dag.py:3456} INFO - Setting next_dagrun for my_first_dag to None, run_after=None
[2023-05-05T10:15:28.380+0000] {processor.py:175} INFO - Processing /opt/airflow/dags/first_dag.py took 0.246 seconds
[2023-05-05T10:15:59.195+0000] {processor.py:153} INFO - Started process (PID=1742) to work on /opt/airflow/dags/first_dag.py
[2023-05-05T10:15:59.198+0000] {processor.py:743} INFO - Processing file /opt/airflow/dags/first_dag.py for tasks to queue
[2023-05-05T10:15:59.200+0000] {logging_mixin.py:137} INFO - [2023-05-05T10:15:59.200+0000] {dagbag.py:532} INFO - Filling up the DagBag from /opt/airflow/dags/first_dag.py
[2023-05-05T10:15:59.249+0000] {processor.py:753} INFO - DAG(s) dict_keys(['my_first_dag']) retrieved from /opt/airflow/dags/first_dag.py
[2023-05-05T10:15:59.309+0000] {logging_mixin.py:137} INFO - [2023-05-05T10:15:59.309+0000] {dag.py:2705} INFO - Sync 1 DAGs
[2023-05-05T10:15:59.359+0000] {logging_mixin.py:137} INFO - [2023-05-05T10:15:59.359+0000] {dag.py:3456} INFO - Setting next_dagrun for my_first_dag to None, run_after=None
[2023-05-05T10:15:59.406+0000] {processor.py:175} INFO - Processing /opt/airflow/dags/first_dag.py took 0.221 seconds
[2023-05-05T10:16:29.521+0000] {processor.py:153} INFO - Started process (PID=1794) to work on /opt/airflow/dags/first_dag.py
[2023-05-05T10:16:29.524+0000] {processor.py:743} INFO - Processing file /opt/airflow/dags/first_dag.py for tasks to queue
[2023-05-05T10:16:29.528+0000] {logging_mixin.py:137} INFO - [2023-05-05T10:16:29.527+0000] {dagbag.py:532} INFO - Filling up the DagBag from /opt/airflow/dags/first_dag.py
[2023-05-05T10:16:29.589+0000] {processor.py:753} INFO - DAG(s) dict_keys(['my_first_dag']) retrieved from /opt/airflow/dags/first_dag.py
[2023-05-05T10:16:29.641+0000] {logging_mixin.py:137} INFO - [2023-05-05T10:16:29.641+0000] {dag.py:2705} INFO - Sync 1 DAGs
[2023-05-05T10:16:29.720+0000] {logging_mixin.py:137} INFO - [2023-05-05T10:16:29.718+0000] {dag.py:3456} INFO - Setting next_dagrun for my_first_dag to None, run_after=None
[2023-05-05T10:16:29.812+0000] {processor.py:175} INFO - Processing /opt/airflow/dags/first_dag.py took 0.314 seconds
[2023-05-05T10:17:00.240+0000] {processor.py:153} INFO - Started process (PID=1846) to work on /opt/airflow/dags/first_dag.py
[2023-05-05T10:17:00.243+0000] {processor.py:743} INFO - Processing file /opt/airflow/dags/first_dag.py for tasks to queue
[2023-05-05T10:17:00.247+0000] {logging_mixin.py:137} INFO - [2023-05-05T10:17:00.246+0000] {dagbag.py:532} INFO - Filling up the DagBag from /opt/airflow/dags/first_dag.py
[2023-05-05T10:17:00.308+0000] {processor.py:753} INFO - DAG(s) dict_keys(['my_first_dag']) retrieved from /opt/airflow/dags/first_dag.py
[2023-05-05T10:17:00.359+0000] {logging_mixin.py:137} INFO - [2023-05-05T10:17:00.359+0000] {dag.py:2705} INFO - Sync 1 DAGs
[2023-05-05T10:17:00.417+0000] {logging_mixin.py:137} INFO - [2023-05-05T10:17:00.417+0000] {dag.py:3456} INFO - Setting next_dagrun for my_first_dag to None, run_after=None
[2023-05-05T10:17:00.457+0000] {processor.py:175} INFO - Processing /opt/airflow/dags/first_dag.py took 0.241 seconds
[2023-05-05T10:17:31.117+0000] {processor.py:153} INFO - Started process (PID=1905) to work on /opt/airflow/dags/first_dag.py
[2023-05-05T10:17:31.121+0000] {processor.py:743} INFO - Processing file /opt/airflow/dags/first_dag.py for tasks to queue
[2023-05-05T10:17:31.126+0000] {logging_mixin.py:137} INFO - [2023-05-05T10:17:31.125+0000] {dagbag.py:532} INFO - Filling up the DagBag from /opt/airflow/dags/first_dag.py
[2023-05-05T10:17:31.180+0000] {processor.py:753} INFO - DAG(s) dict_keys(['my_first_dag']) retrieved from /opt/airflow/dags/first_dag.py
[2023-05-05T10:17:31.285+0000] {logging_mixin.py:137} INFO - [2023-05-05T10:17:31.284+0000] {dag.py:2705} INFO - Sync 1 DAGs
[2023-05-05T10:17:31.372+0000] {logging_mixin.py:137} INFO - [2023-05-05T10:17:31.372+0000] {dag.py:3456} INFO - Setting next_dagrun for my_first_dag to None, run_after=None
[2023-05-05T10:17:31.428+0000] {processor.py:175} INFO - Processing /opt/airflow/dags/first_dag.py took 0.330 seconds
[2023-05-05T10:18:01.996+0000] {processor.py:153} INFO - Started process (PID=1957) to work on /opt/airflow/dags/first_dag.py
[2023-05-05T10:18:02.004+0000] {processor.py:743} INFO - Processing file /opt/airflow/dags/first_dag.py for tasks to queue
[2023-05-05T10:18:02.005+0000] {logging_mixin.py:137} INFO - [2023-05-05T10:18:02.005+0000] {dagbag.py:532} INFO - Filling up the DagBag from /opt/airflow/dags/first_dag.py
[2023-05-05T10:18:02.065+0000] {processor.py:753} INFO - DAG(s) dict_keys(['my_first_dag']) retrieved from /opt/airflow/dags/first_dag.py
[2023-05-05T10:18:02.148+0000] {logging_mixin.py:137} INFO - [2023-05-05T10:18:02.147+0000] {dag.py:2705} INFO - Sync 1 DAGs
[2023-05-05T10:18:02.265+0000] {logging_mixin.py:137} INFO - [2023-05-05T10:18:02.264+0000] {dag.py:3456} INFO - Setting next_dagrun for my_first_dag to None, run_after=None
[2023-05-05T10:18:02.319+0000] {processor.py:175} INFO - Processing /opt/airflow/dags/first_dag.py took 0.347 seconds
[2023-05-05T10:18:32.554+0000] {processor.py:153} INFO - Started process (PID=2009) to work on /opt/airflow/dags/first_dag.py
[2023-05-05T10:18:32.557+0000] {processor.py:743} INFO - Processing file /opt/airflow/dags/first_dag.py for tasks to queue
[2023-05-05T10:18:32.560+0000] {logging_mixin.py:137} INFO - [2023-05-05T10:18:32.559+0000] {dagbag.py:532} INFO - Filling up the DagBag from /opt/airflow/dags/first_dag.py
[2023-05-05T10:18:32.591+0000] {processor.py:753} INFO - DAG(s) dict_keys(['my_first_dag']) retrieved from /opt/airflow/dags/first_dag.py
[2023-05-05T10:18:32.633+0000] {logging_mixin.py:137} INFO - [2023-05-05T10:18:32.633+0000] {dag.py:2705} INFO - Sync 1 DAGs
[2023-05-05T10:18:32.678+0000] {logging_mixin.py:137} INFO - [2023-05-05T10:18:32.678+0000] {dag.py:3456} INFO - Setting next_dagrun for my_first_dag to None, run_after=None
[2023-05-05T10:18:32.709+0000] {processor.py:175} INFO - Processing /opt/airflow/dags/first_dag.py took 0.164 seconds
[2023-05-05T10:19:02.925+0000] {processor.py:153} INFO - Started process (PID=2061) to work on /opt/airflow/dags/first_dag.py
[2023-05-05T10:19:02.929+0000] {processor.py:743} INFO - Processing file /opt/airflow/dags/first_dag.py for tasks to queue
[2023-05-05T10:19:02.932+0000] {logging_mixin.py:137} INFO - [2023-05-05T10:19:02.931+0000] {dagbag.py:532} INFO - Filling up the DagBag from /opt/airflow/dags/first_dag.py
[2023-05-05T10:19:02.966+0000] {processor.py:753} INFO - DAG(s) dict_keys(['my_first_dag']) retrieved from /opt/airflow/dags/first_dag.py
[2023-05-05T10:19:03.007+0000] {logging_mixin.py:137} INFO - [2023-05-05T10:19:03.007+0000] {dag.py:2705} INFO - Sync 1 DAGs
[2023-05-05T10:19:03.054+0000] {logging_mixin.py:137} INFO - [2023-05-05T10:19:03.054+0000] {dag.py:3456} INFO - Setting next_dagrun for my_first_dag to None, run_after=None
[2023-05-05T10:19:03.079+0000] {processor.py:175} INFO - Processing /opt/airflow/dags/first_dag.py took 0.172 seconds
[2023-05-05T10:19:33.587+0000] {processor.py:153} INFO - Started process (PID=2115) to work on /opt/airflow/dags/first_dag.py
[2023-05-05T10:19:33.589+0000] {processor.py:743} INFO - Processing file /opt/airflow/dags/first_dag.py for tasks to queue
[2023-05-05T10:19:33.591+0000] {logging_mixin.py:137} INFO - [2023-05-05T10:19:33.591+0000] {dagbag.py:532} INFO - Filling up the DagBag from /opt/airflow/dags/first_dag.py
[2023-05-05T10:19:33.637+0000] {processor.py:753} INFO - DAG(s) dict_keys(['my_first_dag']) retrieved from /opt/airflow/dags/first_dag.py
[2023-05-05T10:19:33.681+0000] {logging_mixin.py:137} INFO - [2023-05-05T10:19:33.681+0000] {dag.py:2705} INFO - Sync 1 DAGs
[2023-05-05T10:19:33.723+0000] {logging_mixin.py:137} INFO - [2023-05-05T10:19:33.723+0000] {dag.py:3456} INFO - Setting next_dagrun for my_first_dag to None, run_after=None
[2023-05-05T10:19:33.749+0000] {processor.py:175} INFO - Processing /opt/airflow/dags/first_dag.py took 0.175 seconds
[2023-05-05T10:20:04.081+0000] {processor.py:153} INFO - Started process (PID=2167) to work on /opt/airflow/dags/first_dag.py
[2023-05-05T10:20:04.085+0000] {processor.py:743} INFO - Processing file /opt/airflow/dags/first_dag.py for tasks to queue
[2023-05-05T10:20:04.090+0000] {logging_mixin.py:137} INFO - [2023-05-05T10:20:04.089+0000] {dagbag.py:532} INFO - Filling up the DagBag from /opt/airflow/dags/first_dag.py
[2023-05-05T10:20:04.151+0000] {processor.py:753} INFO - DAG(s) dict_keys(['my_first_dag']) retrieved from /opt/airflow/dags/first_dag.py
[2023-05-05T10:20:04.244+0000] {logging_mixin.py:137} INFO - [2023-05-05T10:20:04.244+0000] {dag.py:2705} INFO - Sync 1 DAGs
[2023-05-05T10:20:04.318+0000] {logging_mixin.py:137} INFO - [2023-05-05T10:20:04.317+0000] {dag.py:3456} INFO - Setting next_dagrun for my_first_dag to None, run_after=None
[2023-05-05T10:20:04.344+0000] {processor.py:175} INFO - Processing /opt/airflow/dags/first_dag.py took 0.294 seconds
[2023-05-05T10:20:34.500+0000] {processor.py:153} INFO - Started process (PID=2220) to work on /opt/airflow/dags/first_dag.py
[2023-05-05T10:20:34.502+0000] {processor.py:743} INFO - Processing file /opt/airflow/dags/first_dag.py for tasks to queue
[2023-05-05T10:20:34.503+0000] {logging_mixin.py:137} INFO - [2023-05-05T10:20:34.503+0000] {dagbag.py:532} INFO - Filling up the DagBag from /opt/airflow/dags/first_dag.py
[2023-05-05T10:20:34.531+0000] {processor.py:753} INFO - DAG(s) dict_keys(['my_first_dag']) retrieved from /opt/airflow/dags/first_dag.py
[2023-05-05T10:20:34.570+0000] {logging_mixin.py:137} INFO - [2023-05-05T10:20:34.570+0000] {dag.py:2705} INFO - Sync 1 DAGs
[2023-05-05T10:20:34.612+0000] {logging_mixin.py:137} INFO - [2023-05-05T10:20:34.612+0000] {dag.py:3456} INFO - Setting next_dagrun for my_first_dag to None, run_after=None
[2023-05-05T10:20:34.645+0000] {processor.py:175} INFO - Processing /opt/airflow/dags/first_dag.py took 0.153 seconds
[2023-05-05T10:21:05.327+0000] {processor.py:153} INFO - Started process (PID=2272) to work on /opt/airflow/dags/first_dag.py
[2023-05-05T10:21:05.330+0000] {processor.py:743} INFO - Processing file /opt/airflow/dags/first_dag.py for tasks to queue
[2023-05-05T10:21:05.333+0000] {logging_mixin.py:137} INFO - [2023-05-05T10:21:05.333+0000] {dagbag.py:532} INFO - Filling up the DagBag from /opt/airflow/dags/first_dag.py
[2023-05-05T10:21:05.383+0000] {processor.py:753} INFO - DAG(s) dict_keys(['my_first_dag']) retrieved from /opt/airflow/dags/first_dag.py
[2023-05-05T10:21:05.438+0000] {logging_mixin.py:137} INFO - [2023-05-05T10:21:05.437+0000] {dag.py:2705} INFO - Sync 1 DAGs
[2023-05-05T10:21:05.484+0000] {logging_mixin.py:137} INFO - [2023-05-05T10:21:05.484+0000] {dag.py:3456} INFO - Setting next_dagrun for my_first_dag to None, run_after=None
[2023-05-05T10:21:05.527+0000] {processor.py:175} INFO - Processing /opt/airflow/dags/first_dag.py took 0.210 seconds
[2023-05-05T10:21:35.864+0000] {processor.py:153} INFO - Started process (PID=2324) to work on /opt/airflow/dags/first_dag.py
[2023-05-05T10:21:35.879+0000] {processor.py:743} INFO - Processing file /opt/airflow/dags/first_dag.py for tasks to queue
[2023-05-05T10:21:35.884+0000] {logging_mixin.py:137} INFO - [2023-05-05T10:21:35.883+0000] {dagbag.py:532} INFO - Filling up the DagBag from /opt/airflow/dags/first_dag.py
[2023-05-05T10:21:35.942+0000] {processor.py:753} INFO - DAG(s) dict_keys(['my_first_dag']) retrieved from /opt/airflow/dags/first_dag.py
[2023-05-05T10:21:36.017+0000] {logging_mixin.py:137} INFO - [2023-05-05T10:21:36.017+0000] {dag.py:2705} INFO - Sync 1 DAGs
[2023-05-05T10:21:36.124+0000] {logging_mixin.py:137} INFO - [2023-05-05T10:21:36.124+0000] {dag.py:3456} INFO - Setting next_dagrun for my_first_dag to None, run_after=None
[2023-05-05T10:21:36.155+0000] {processor.py:175} INFO - Processing /opt/airflow/dags/first_dag.py took 0.298 seconds
[2023-05-05T10:22:06.262+0000] {processor.py:153} INFO - Started process (PID=2376) to work on /opt/airflow/dags/first_dag.py
[2023-05-05T10:22:06.266+0000] {processor.py:743} INFO - Processing file /opt/airflow/dags/first_dag.py for tasks to queue
[2023-05-05T10:22:06.269+0000] {logging_mixin.py:137} INFO - [2023-05-05T10:22:06.269+0000] {dagbag.py:532} INFO - Filling up the DagBag from /opt/airflow/dags/first_dag.py
[2023-05-05T10:22:06.302+0000] {processor.py:753} INFO - DAG(s) dict_keys(['my_first_dag']) retrieved from /opt/airflow/dags/first_dag.py
[2023-05-05T10:22:06.345+0000] {logging_mixin.py:137} INFO - [2023-05-05T10:22:06.345+0000] {dag.py:2705} INFO - Sync 1 DAGs
[2023-05-05T10:22:06.393+0000] {logging_mixin.py:137} INFO - [2023-05-05T10:22:06.393+0000] {dag.py:3456} INFO - Setting next_dagrun for my_first_dag to None, run_after=None
[2023-05-05T10:22:06.419+0000] {processor.py:175} INFO - Processing /opt/airflow/dags/first_dag.py took 0.164 seconds
[2023-05-05T10:22:36.901+0000] {processor.py:153} INFO - Started process (PID=2428) to work on /opt/airflow/dags/first_dag.py
[2023-05-05T10:22:36.905+0000] {processor.py:743} INFO - Processing file /opt/airflow/dags/first_dag.py for tasks to queue
[2023-05-05T10:22:36.907+0000] {logging_mixin.py:137} INFO - [2023-05-05T10:22:36.907+0000] {dagbag.py:532} INFO - Filling up the DagBag from /opt/airflow/dags/first_dag.py
[2023-05-05T10:22:36.968+0000] {processor.py:753} INFO - DAG(s) dict_keys(['my_first_dag']) retrieved from /opt/airflow/dags/first_dag.py
[2023-05-05T10:22:37.051+0000] {logging_mixin.py:137} INFO - [2023-05-05T10:22:37.050+0000] {dag.py:2705} INFO - Sync 1 DAGs
[2023-05-05T10:22:37.132+0000] {logging_mixin.py:137} INFO - [2023-05-05T10:22:37.132+0000] {dag.py:3456} INFO - Setting next_dagrun for my_first_dag to None, run_after=None
[2023-05-05T10:22:37.199+0000] {processor.py:175} INFO - Processing /opt/airflow/dags/first_dag.py took 0.321 seconds
[2023-05-05T10:23:07.406+0000] {processor.py:153} INFO - Started process (PID=2480) to work on /opt/airflow/dags/first_dag.py
[2023-05-05T10:23:07.409+0000] {processor.py:743} INFO - Processing file /opt/airflow/dags/first_dag.py for tasks to queue
[2023-05-05T10:23:07.411+0000] {logging_mixin.py:137} INFO - [2023-05-05T10:23:07.411+0000] {dagbag.py:532} INFO - Filling up the DagBag from /opt/airflow/dags/first_dag.py
[2023-05-05T10:23:07.443+0000] {processor.py:753} INFO - DAG(s) dict_keys(['my_first_dag']) retrieved from /opt/airflow/dags/first_dag.py
[2023-05-05T10:23:07.483+0000] {logging_mixin.py:137} INFO - [2023-05-05T10:23:07.483+0000] {dag.py:2705} INFO - Sync 1 DAGs
[2023-05-05T10:23:07.524+0000] {logging_mixin.py:137} INFO - [2023-05-05T10:23:07.524+0000] {dag.py:3456} INFO - Setting next_dagrun for my_first_dag to None, run_after=None
[2023-05-05T10:23:07.589+0000] {processor.py:175} INFO - Processing /opt/airflow/dags/first_dag.py took 0.189 seconds
[2023-05-05T10:23:37.674+0000] {processor.py:153} INFO - Started process (PID=2532) to work on /opt/airflow/dags/first_dag.py
[2023-05-05T10:23:37.676+0000] {processor.py:743} INFO - Processing file /opt/airflow/dags/first_dag.py for tasks to queue
[2023-05-05T10:23:37.679+0000] {logging_mixin.py:137} INFO - [2023-05-05T10:23:37.678+0000] {dagbag.py:532} INFO - Filling up the DagBag from /opt/airflow/dags/first_dag.py
[2023-05-05T10:23:37.708+0000] {processor.py:753} INFO - DAG(s) dict_keys(['my_first_dag']) retrieved from /opt/airflow/dags/first_dag.py
[2023-05-05T10:23:37.758+0000] {logging_mixin.py:137} INFO - [2023-05-05T10:23:37.757+0000] {dag.py:2705} INFO - Sync 1 DAGs
[2023-05-05T10:23:37.802+0000] {logging_mixin.py:137} INFO - [2023-05-05T10:23:37.802+0000] {dag.py:3456} INFO - Setting next_dagrun for my_first_dag to None, run_after=None
[2023-05-05T10:23:37.830+0000] {processor.py:175} INFO - Processing /opt/airflow/dags/first_dag.py took 0.166 seconds
[2023-05-05T10:24:08.495+0000] {processor.py:153} INFO - Started process (PID=2584) to work on /opt/airflow/dags/first_dag.py
[2023-05-05T10:24:08.498+0000] {processor.py:743} INFO - Processing file /opt/airflow/dags/first_dag.py for tasks to queue
[2023-05-05T10:24:08.500+0000] {logging_mixin.py:137} INFO - [2023-05-05T10:24:08.500+0000] {dagbag.py:532} INFO - Filling up the DagBag from /opt/airflow/dags/first_dag.py
[2023-05-05T10:24:08.526+0000] {processor.py:753} INFO - DAG(s) dict_keys(['my_first_dag']) retrieved from /opt/airflow/dags/first_dag.py
[2023-05-05T10:24:08.566+0000] {logging_mixin.py:137} INFO - [2023-05-05T10:24:08.566+0000] {dag.py:2705} INFO - Sync 1 DAGs
[2023-05-05T10:24:08.605+0000] {logging_mixin.py:137} INFO - [2023-05-05T10:24:08.605+0000] {dag.py:3456} INFO - Setting next_dagrun for my_first_dag to None, run_after=None
[2023-05-05T10:24:08.628+0000] {processor.py:175} INFO - Processing /opt/airflow/dags/first_dag.py took 0.144 seconds
[2023-05-05T10:24:39.485+0000] {processor.py:153} INFO - Started process (PID=2636) to work on /opt/airflow/dags/first_dag.py
[2023-05-05T10:24:39.487+0000] {processor.py:743} INFO - Processing file /opt/airflow/dags/first_dag.py for tasks to queue
[2023-05-05T10:24:39.495+0000] {logging_mixin.py:137} INFO - [2023-05-05T10:24:39.494+0000] {dagbag.py:532} INFO - Filling up the DagBag from /opt/airflow/dags/first_dag.py
[2023-05-05T10:24:39.515+0000] {processor.py:753} INFO - DAG(s) dict_keys(['my_first_dag']) retrieved from /opt/airflow/dags/first_dag.py
[2023-05-05T10:24:39.550+0000] {logging_mixin.py:137} INFO - [2023-05-05T10:24:39.549+0000] {dag.py:2705} INFO - Sync 1 DAGs
[2023-05-05T10:24:39.625+0000] {logging_mixin.py:137} INFO - [2023-05-05T10:24:39.624+0000] {dag.py:3456} INFO - Setting next_dagrun for my_first_dag to None, run_after=None
[2023-05-05T10:24:39.669+0000] {processor.py:175} INFO - Processing /opt/airflow/dags/first_dag.py took 0.194 seconds
[2023-05-05T10:25:10.179+0000] {processor.py:153} INFO - Started process (PID=2688) to work on /opt/airflow/dags/first_dag.py
[2023-05-05T10:25:10.195+0000] {processor.py:743} INFO - Processing file /opt/airflow/dags/first_dag.py for tasks to queue
[2023-05-05T10:25:10.199+0000] {logging_mixin.py:137} INFO - [2023-05-05T10:25:10.199+0000] {dagbag.py:532} INFO - Filling up the DagBag from /opt/airflow/dags/first_dag.py
[2023-05-05T10:25:10.301+0000] {processor.py:753} INFO - DAG(s) dict_keys(['my_first_dag']) retrieved from /opt/airflow/dags/first_dag.py
[2023-05-05T10:25:10.452+0000] {logging_mixin.py:137} INFO - [2023-05-05T10:25:10.452+0000] {dag.py:2705} INFO - Sync 1 DAGs
[2023-05-05T10:25:10.620+0000] {logging_mixin.py:137} INFO - [2023-05-05T10:25:10.620+0000] {dag.py:3456} INFO - Setting next_dagrun for my_first_dag to None, run_after=None
[2023-05-05T10:25:10.706+0000] {processor.py:175} INFO - Processing /opt/airflow/dags/first_dag.py took 0.552 seconds
[2023-05-05T10:25:40.862+0000] {processor.py:153} INFO - Started process (PID=2739) to work on /opt/airflow/dags/first_dag.py
[2023-05-05T10:25:40.865+0000] {processor.py:743} INFO - Processing file /opt/airflow/dags/first_dag.py for tasks to queue
[2023-05-05T10:25:40.868+0000] {logging_mixin.py:137} INFO - [2023-05-05T10:25:40.868+0000] {dagbag.py:532} INFO - Filling up the DagBag from /opt/airflow/dags/first_dag.py
[2023-05-05T10:25:40.897+0000] {processor.py:753} INFO - DAG(s) dict_keys(['my_first_dag']) retrieved from /opt/airflow/dags/first_dag.py
[2023-05-05T10:25:40.961+0000] {logging_mixin.py:137} INFO - [2023-05-05T10:25:40.961+0000] {dag.py:2705} INFO - Sync 1 DAGs
[2023-05-05T10:25:41.019+0000] {logging_mixin.py:137} INFO - [2023-05-05T10:25:41.019+0000] {dag.py:3456} INFO - Setting next_dagrun for my_first_dag to None, run_after=None
[2023-05-05T10:25:41.051+0000] {processor.py:175} INFO - Processing /opt/airflow/dags/first_dag.py took 0.199 seconds
[2023-05-05T10:26:11.243+0000] {processor.py:153} INFO - Started process (PID=2791) to work on /opt/airflow/dags/first_dag.py
[2023-05-05T10:26:11.249+0000] {processor.py:743} INFO - Processing file /opt/airflow/dags/first_dag.py for tasks to queue
[2023-05-05T10:26:11.252+0000] {logging_mixin.py:137} INFO - [2023-05-05T10:26:11.251+0000] {dagbag.py:532} INFO - Filling up the DagBag from /opt/airflow/dags/first_dag.py
[2023-05-05T10:26:11.288+0000] {processor.py:753} INFO - DAG(s) dict_keys(['my_first_dag']) retrieved from /opt/airflow/dags/first_dag.py
[2023-05-05T10:26:11.354+0000] {logging_mixin.py:137} INFO - [2023-05-05T10:26:11.353+0000] {dag.py:2705} INFO - Sync 1 DAGs
[2023-05-05T10:26:11.423+0000] {logging_mixin.py:137} INFO - [2023-05-05T10:26:11.423+0000] {dag.py:3456} INFO - Setting next_dagrun for my_first_dag to None, run_after=None
[2023-05-05T10:26:11.465+0000] {processor.py:175} INFO - Processing /opt/airflow/dags/first_dag.py took 0.232 seconds
[2023-05-05T10:26:42.578+0000] {processor.py:153} INFO - Started process (PID=2843) to work on /opt/airflow/dags/first_dag.py
[2023-05-05T10:26:42.581+0000] {processor.py:743} INFO - Processing file /opt/airflow/dags/first_dag.py for tasks to queue
[2023-05-05T10:26:42.586+0000] {logging_mixin.py:137} INFO - [2023-05-05T10:26:42.585+0000] {dagbag.py:532} INFO - Filling up the DagBag from /opt/airflow/dags/first_dag.py
[2023-05-05T10:26:42.617+0000] {processor.py:753} INFO - DAG(s) dict_keys(['my_first_dag']) retrieved from /opt/airflow/dags/first_dag.py
[2023-05-05T10:26:42.658+0000] {logging_mixin.py:137} INFO - [2023-05-05T10:26:42.658+0000] {dag.py:2705} INFO - Sync 1 DAGs
[2023-05-05T10:26:42.705+0000] {logging_mixin.py:137} INFO - [2023-05-05T10:26:42.704+0000] {dag.py:3456} INFO - Setting next_dagrun for my_first_dag to None, run_after=None
[2023-05-05T10:26:42.747+0000] {processor.py:175} INFO - Processing /opt/airflow/dags/first_dag.py took 0.178 seconds
[2023-05-05T10:27:13.595+0000] {processor.py:153} INFO - Started process (PID=2895) to work on /opt/airflow/dags/first_dag.py
[2023-05-05T10:27:13.597+0000] {processor.py:743} INFO - Processing file /opt/airflow/dags/first_dag.py for tasks to queue
[2023-05-05T10:27:13.599+0000] {logging_mixin.py:137} INFO - [2023-05-05T10:27:13.598+0000] {dagbag.py:532} INFO - Filling up the DagBag from /opt/airflow/dags/first_dag.py
[2023-05-05T10:27:13.628+0000] {processor.py:753} INFO - DAG(s) dict_keys(['my_first_dag']) retrieved from /opt/airflow/dags/first_dag.py
[2023-05-05T10:27:13.670+0000] {logging_mixin.py:137} INFO - [2023-05-05T10:27:13.669+0000] {dag.py:2705} INFO - Sync 1 DAGs
[2023-05-05T10:27:13.704+0000] {logging_mixin.py:137} INFO - [2023-05-05T10:27:13.703+0000] {dag.py:3456} INFO - Setting next_dagrun for my_first_dag to None, run_after=None
[2023-05-05T10:27:13.730+0000] {processor.py:175} INFO - Processing /opt/airflow/dags/first_dag.py took 0.141 seconds
[2023-05-05T10:27:44.126+0000] {processor.py:153} INFO - Started process (PID=2946) to work on /opt/airflow/dags/first_dag.py
[2023-05-05T10:27:44.128+0000] {processor.py:743} INFO - Processing file /opt/airflow/dags/first_dag.py for tasks to queue
[2023-05-05T10:27:44.130+0000] {logging_mixin.py:137} INFO - [2023-05-05T10:27:44.130+0000] {dagbag.py:532} INFO - Filling up the DagBag from /opt/airflow/dags/first_dag.py
[2023-05-05T10:27:44.155+0000] {processor.py:753} INFO - DAG(s) dict_keys(['my_first_dag']) retrieved from /opt/airflow/dags/first_dag.py
[2023-05-05T10:27:44.197+0000] {logging_mixin.py:137} INFO - [2023-05-05T10:27:44.197+0000] {dag.py:2705} INFO - Sync 1 DAGs
[2023-05-05T10:27:44.234+0000] {logging_mixin.py:137} INFO - [2023-05-05T10:27:44.234+0000] {dag.py:3456} INFO - Setting next_dagrun for my_first_dag to None, run_after=None
[2023-05-05T10:27:44.269+0000] {processor.py:175} INFO - Processing /opt/airflow/dags/first_dag.py took 0.148 seconds
[2023-05-05T10:28:14.875+0000] {processor.py:153} INFO - Started process (PID=2998) to work on /opt/airflow/dags/first_dag.py
[2023-05-05T10:28:14.878+0000] {processor.py:743} INFO - Processing file /opt/airflow/dags/first_dag.py for tasks to queue
[2023-05-05T10:28:14.880+0000] {logging_mixin.py:137} INFO - [2023-05-05T10:28:14.879+0000] {dagbag.py:532} INFO - Filling up the DagBag from /opt/airflow/dags/first_dag.py
[2023-05-05T10:28:14.907+0000] {processor.py:753} INFO - DAG(s) dict_keys(['my_first_dag']) retrieved from /opt/airflow/dags/first_dag.py
[2023-05-05T10:28:14.940+0000] {logging_mixin.py:137} INFO - [2023-05-05T10:28:14.940+0000] {dag.py:2705} INFO - Sync 1 DAGs
[2023-05-05T10:28:14.975+0000] {logging_mixin.py:137} INFO - [2023-05-05T10:28:14.974+0000] {dag.py:3456} INFO - Setting next_dagrun for my_first_dag to None, run_after=None
[2023-05-05T10:28:15.016+0000] {processor.py:175} INFO - Processing /opt/airflow/dags/first_dag.py took 0.145 seconds
[2023-05-05T10:28:45.310+0000] {processor.py:153} INFO - Started process (PID=3050) to work on /opt/airflow/dags/first_dag.py
[2023-05-05T10:28:45.323+0000] {processor.py:743} INFO - Processing file /opt/airflow/dags/first_dag.py for tasks to queue
[2023-05-05T10:28:45.326+0000] {logging_mixin.py:137} INFO - [2023-05-05T10:28:45.325+0000] {dagbag.py:532} INFO - Filling up the DagBag from /opt/airflow/dags/first_dag.py
[2023-05-05T10:28:45.419+0000] {processor.py:753} INFO - DAG(s) dict_keys(['my_first_dag']) retrieved from /opt/airflow/dags/first_dag.py
[2023-05-05T10:28:45.498+0000] {logging_mixin.py:137} INFO - [2023-05-05T10:28:45.498+0000] {dag.py:2705} INFO - Sync 1 DAGs
[2023-05-05T10:28:45.553+0000] {logging_mixin.py:137} INFO - [2023-05-05T10:28:45.553+0000] {dag.py:3456} INFO - Setting next_dagrun for my_first_dag to None, run_after=None
[2023-05-05T10:28:45.589+0000] {processor.py:175} INFO - Processing /opt/airflow/dags/first_dag.py took 0.301 seconds
[2023-05-05T10:29:15.959+0000] {processor.py:153} INFO - Started process (PID=3101) to work on /opt/airflow/dags/first_dag.py
[2023-05-05T10:29:15.968+0000] {processor.py:743} INFO - Processing file /opt/airflow/dags/first_dag.py for tasks to queue
[2023-05-05T10:29:15.971+0000] {logging_mixin.py:137} INFO - [2023-05-05T10:29:15.970+0000] {dagbag.py:532} INFO - Filling up the DagBag from /opt/airflow/dags/first_dag.py
[2023-05-05T10:29:16.068+0000] {processor.py:753} INFO - DAG(s) dict_keys(['my_first_dag']) retrieved from /opt/airflow/dags/first_dag.py
[2023-05-05T10:29:16.170+0000] {logging_mixin.py:137} INFO - [2023-05-05T10:29:16.170+0000] {dag.py:2705} INFO - Sync 1 DAGs
[2023-05-05T10:29:16.284+0000] {logging_mixin.py:137} INFO - [2023-05-05T10:29:16.284+0000] {dag.py:3456} INFO - Setting next_dagrun for my_first_dag to None, run_after=None
[2023-05-05T10:29:16.376+0000] {processor.py:175} INFO - Processing /opt/airflow/dags/first_dag.py took 0.432 seconds
[2023-05-05T10:29:46.621+0000] {processor.py:153} INFO - Started process (PID=3150) to work on /opt/airflow/dags/first_dag.py
[2023-05-05T10:29:46.624+0000] {processor.py:743} INFO - Processing file /opt/airflow/dags/first_dag.py for tasks to queue
[2023-05-05T10:29:46.626+0000] {logging_mixin.py:137} INFO - [2023-05-05T10:29:46.625+0000] {dagbag.py:532} INFO - Filling up the DagBag from /opt/airflow/dags/first_dag.py
[2023-05-05T10:29:46.656+0000] {processor.py:753} INFO - DAG(s) dict_keys(['my_first_dag']) retrieved from /opt/airflow/dags/first_dag.py
[2023-05-05T10:29:46.706+0000] {logging_mixin.py:137} INFO - [2023-05-05T10:29:46.706+0000] {dag.py:2705} INFO - Sync 1 DAGs
[2023-05-05T10:29:46.751+0000] {logging_mixin.py:137} INFO - [2023-05-05T10:29:46.751+0000] {dag.py:3456} INFO - Setting next_dagrun for my_first_dag to None, run_after=None
[2023-05-05T10:29:46.785+0000] {processor.py:175} INFO - Processing /opt/airflow/dags/first_dag.py took 0.174 seconds
[2023-05-05T10:30:17.169+0000] {processor.py:153} INFO - Started process (PID=3202) to work on /opt/airflow/dags/first_dag.py
[2023-05-05T10:30:17.172+0000] {processor.py:743} INFO - Processing file /opt/airflow/dags/first_dag.py for tasks to queue
[2023-05-05T10:30:17.175+0000] {logging_mixin.py:137} INFO - [2023-05-05T10:30:17.174+0000] {dagbag.py:532} INFO - Filling up the DagBag from /opt/airflow/dags/first_dag.py
[2023-05-05T10:30:17.202+0000] {processor.py:753} INFO - DAG(s) dict_keys(['my_first_dag']) retrieved from /opt/airflow/dags/first_dag.py
[2023-05-05T10:30:17.245+0000] {logging_mixin.py:137} INFO - [2023-05-05T10:30:17.245+0000] {dag.py:2705} INFO - Sync 1 DAGs
[2023-05-05T10:30:17.283+0000] {logging_mixin.py:137} INFO - [2023-05-05T10:30:17.283+0000] {dag.py:3456} INFO - Setting next_dagrun for my_first_dag to None, run_after=None
[2023-05-05T10:30:17.307+0000] {processor.py:175} INFO - Processing /opt/airflow/dags/first_dag.py took 0.148 seconds
[2023-05-05T10:33:39.228+0000] {processor.py:153} INFO - Started process (PID=3214) to work on /opt/airflow/dags/first_dag.py
[2023-05-05T10:33:39.241+0000] {processor.py:743} INFO - Processing file /opt/airflow/dags/first_dag.py for tasks to queue
[2023-05-05T10:33:39.249+0000] {logging_mixin.py:137} INFO - [2023-05-05T10:33:39.248+0000] {dagbag.py:532} INFO - Filling up the DagBag from /opt/airflow/dags/first_dag.py
[2023-05-05T10:33:39.286+0000] {processor.py:753} INFO - DAG(s) dict_keys(['my_first_dag']) retrieved from /opt/airflow/dags/first_dag.py
[2023-05-05T10:33:39.682+0000] {logging_mixin.py:137} INFO - [2023-05-05T10:33:39.682+0000] {dag.py:2705} INFO - Sync 1 DAGs
[2023-05-05T10:33:40.240+0000] {logging_mixin.py:137} INFO - [2023-05-05T10:33:40.240+0000] {dag.py:3456} INFO - Setting next_dagrun for my_first_dag to None, run_after=None
[2023-05-05T10:33:40.579+0000] {processor.py:175} INFO - Processing /opt/airflow/dags/first_dag.py took 1.364 seconds
[2023-05-05T10:39:33.944+0000] {processor.py:153} INFO - Started process (PID=3274) to work on /opt/airflow/dags/first_dag.py
[2023-05-05T10:39:34.050+0000] {processor.py:743} INFO - Processing file /opt/airflow/dags/first_dag.py for tasks to queue
[2023-05-05T10:39:34.167+0000] {logging_mixin.py:137} INFO - [2023-05-05T10:39:34.155+0000] {dagbag.py:532} INFO - Filling up the DagBag from /opt/airflow/dags/first_dag.py
[2023-05-05T10:39:34.686+0000] {processor.py:753} INFO - DAG(s) dict_keys(['my_first_dag']) retrieved from /opt/airflow/dags/first_dag.py
[2023-05-05T10:39:35.094+0000] {logging_mixin.py:137} INFO - [2023-05-05T10:39:35.093+0000] {dag.py:2705} INFO - Sync 1 DAGs
[2023-05-05T10:39:35.829+0000] {logging_mixin.py:137} INFO - [2023-05-05T10:39:35.828+0000] {dag.py:3456} INFO - Setting next_dagrun for my_first_dag to None, run_after=None
[2023-05-05T10:39:36.184+0000] {processor.py:175} INFO - Processing /opt/airflow/dags/first_dag.py took 2.709 seconds
[2023-05-05T10:55:31.269+0000] {processor.py:153} INFO - Started process (PID=3326) to work on /opt/airflow/dags/first_dag.py
[2023-05-05T10:55:31.272+0000] {processor.py:743} INFO - Processing file /opt/airflow/dags/first_dag.py for tasks to queue
[2023-05-05T10:55:31.279+0000] {logging_mixin.py:137} INFO - [2023-05-05T10:55:31.278+0000] {dagbag.py:532} INFO - Filling up the DagBag from /opt/airflow/dags/first_dag.py
[2023-05-05T10:55:31.415+0000] {processor.py:753} INFO - DAG(s) dict_keys(['my_first_dag']) retrieved from /opt/airflow/dags/first_dag.py
[2023-05-05T10:55:31.525+0000] {logging_mixin.py:137} INFO - [2023-05-05T10:55:31.523+0000] {dag.py:2705} INFO - Sync 1 DAGs
[2023-05-05T10:55:31.667+0000] {logging_mixin.py:137} INFO - [2023-05-05T10:55:31.666+0000] {dag.py:3456} INFO - Setting next_dagrun for my_first_dag to None, run_after=None
[2023-05-05T10:55:31.728+0000] {processor.py:175} INFO - Processing /opt/airflow/dags/first_dag.py took 0.486 seconds
[2023-05-05T12:56:05.304+0000] {processor.py:153} INFO - Started process (PID=3385) to work on /opt/airflow/dags/first_dag.py
[2023-05-05T12:56:05.316+0000] {processor.py:743} INFO - Processing file /opt/airflow/dags/first_dag.py for tasks to queue
[2023-05-05T12:56:05.331+0000] {logging_mixin.py:137} INFO - [2023-05-05T12:56:05.331+0000] {dagbag.py:532} INFO - Filling up the DagBag from /opt/airflow/dags/first_dag.py
[2023-05-05T12:56:05.517+0000] {processor.py:753} INFO - DAG(s) dict_keys(['my_first_dag']) retrieved from /opt/airflow/dags/first_dag.py
[2023-05-05T12:56:05.832+0000] {logging_mixin.py:137} INFO - [2023-05-05T12:56:05.831+0000] {dag.py:2705} INFO - Sync 1 DAGs
[2023-05-05T12:56:06.087+0000] {logging_mixin.py:137} INFO - [2023-05-05T12:56:06.087+0000] {dag.py:3456} INFO - Setting next_dagrun for my_first_dag to None, run_after=None
[2023-05-05T12:56:06.249+0000] {processor.py:175} INFO - Processing /opt/airflow/dags/first_dag.py took 0.990 seconds
[2023-05-05T13:09:50.244+0000] {processor.py:153} INFO - Started process (PID=3434) to work on /opt/airflow/dags/first_dag.py
[2023-05-05T13:09:50.247+0000] {processor.py:743} INFO - Processing file /opt/airflow/dags/first_dag.py for tasks to queue
[2023-05-05T13:09:50.252+0000] {logging_mixin.py:137} INFO - [2023-05-05T13:09:50.251+0000] {dagbag.py:532} INFO - Filling up the DagBag from /opt/airflow/dags/first_dag.py
[2023-05-05T13:09:50.350+0000] {processor.py:753} INFO - DAG(s) dict_keys(['my_first_dag']) retrieved from /opt/airflow/dags/first_dag.py
[2023-05-05T13:09:50.507+0000] {logging_mixin.py:137} INFO - [2023-05-05T13:09:50.506+0000] {dag.py:2705} INFO - Sync 1 DAGs
[2023-05-05T13:09:50.681+0000] {logging_mixin.py:137} INFO - [2023-05-05T13:09:50.680+0000] {dag.py:3456} INFO - Setting next_dagrun for my_first_dag to None, run_after=None
[2023-05-05T13:09:50.766+0000] {processor.py:175} INFO - Processing /opt/airflow/dags/first_dag.py took 0.561 seconds
[2023-05-05T13:10:21.366+0000] {processor.py:153} INFO - Started process (PID=3484) to work on /opt/airflow/dags/first_dag.py
[2023-05-05T13:10:21.377+0000] {processor.py:743} INFO - Processing file /opt/airflow/dags/first_dag.py for tasks to queue
[2023-05-05T13:10:21.387+0000] {logging_mixin.py:137} INFO - [2023-05-05T13:10:21.386+0000] {dagbag.py:532} INFO - Filling up the DagBag from /opt/airflow/dags/first_dag.py
[2023-05-05T13:10:21.529+0000] {processor.py:753} INFO - DAG(s) dict_keys(['my_first_dag']) retrieved from /opt/airflow/dags/first_dag.py
[2023-05-05T13:10:21.702+0000] {logging_mixin.py:137} INFO - [2023-05-05T13:10:21.702+0000] {dag.py:2705} INFO - Sync 1 DAGs
[2023-05-05T13:10:21.928+0000] {logging_mixin.py:137} INFO - [2023-05-05T13:10:21.927+0000] {dag.py:3456} INFO - Setting next_dagrun for my_first_dag to None, run_after=None
[2023-05-05T13:10:22.116+0000] {processor.py:175} INFO - Processing /opt/airflow/dags/first_dag.py took 0.776 seconds
[2023-05-05T13:29:37.614+0000] {processor.py:153} INFO - Started process (PID=3511) to work on /opt/airflow/dags/first_dag.py
[2023-05-05T13:29:37.637+0000] {processor.py:743} INFO - Processing file /opt/airflow/dags/first_dag.py for tasks to queue
[2023-05-05T13:29:37.644+0000] {logging_mixin.py:137} INFO - [2023-05-05T13:29:37.644+0000] {dagbag.py:532} INFO - Filling up the DagBag from /opt/airflow/dags/first_dag.py
[2023-05-05T13:29:37.787+0000] {processor.py:753} INFO - DAG(s) dict_keys(['my_first_dag']) retrieved from /opt/airflow/dags/first_dag.py
[2023-05-05T13:29:37.917+0000] {logging_mixin.py:137} INFO - [2023-05-05T13:29:37.916+0000] {dag.py:2705} INFO - Sync 1 DAGs
[2023-05-05T13:29:38.087+0000] {logging_mixin.py:137} INFO - [2023-05-05T13:29:38.087+0000] {dag.py:3456} INFO - Setting next_dagrun for my_first_dag to None, run_after=None
[2023-05-05T13:29:38.204+0000] {processor.py:175} INFO - Processing /opt/airflow/dags/first_dag.py took 0.618 seconds
[2023-05-05T13:30:08.951+0000] {processor.py:153} INFO - Started process (PID=3563) to work on /opt/airflow/dags/first_dag.py
[2023-05-05T13:30:09.009+0000] {processor.py:743} INFO - Processing file /opt/airflow/dags/first_dag.py for tasks to queue
[2023-05-05T13:30:09.029+0000] {logging_mixin.py:137} INFO - [2023-05-05T13:30:09.027+0000] {dagbag.py:532} INFO - Filling up the DagBag from /opt/airflow/dags/first_dag.py
[2023-05-05T13:30:09.470+0000] {processor.py:753} INFO - DAG(s) dict_keys(['my_first_dag']) retrieved from /opt/airflow/dags/first_dag.py
[2023-05-05T13:30:09.666+0000] {logging_mixin.py:137} INFO - [2023-05-05T13:30:09.666+0000] {dag.py:2705} INFO - Sync 1 DAGs
[2023-05-05T13:30:09.958+0000] {logging_mixin.py:137} INFO - [2023-05-05T13:30:09.957+0000] {dag.py:3456} INFO - Setting next_dagrun for my_first_dag to None, run_after=None
[2023-05-05T13:30:10.234+0000] {processor.py:175} INFO - Processing /opt/airflow/dags/first_dag.py took 1.453 seconds
[2023-05-05T14:23:54.365+0000] {processor.py:153} INFO - Started process (PID=3599) to work on /opt/airflow/dags/first_dag.py
[2023-05-05T14:23:54.369+0000] {processor.py:743} INFO - Processing file /opt/airflow/dags/first_dag.py for tasks to queue
[2023-05-05T14:23:54.376+0000] {logging_mixin.py:137} INFO - [2023-05-05T14:23:54.375+0000] {dagbag.py:532} INFO - Filling up the DagBag from /opt/airflow/dags/first_dag.py
[2023-05-05T14:23:54.454+0000] {processor.py:753} INFO - DAG(s) dict_keys(['my_first_dag']) retrieved from /opt/airflow/dags/first_dag.py
[2023-05-05T14:23:54.547+0000] {logging_mixin.py:137} INFO - [2023-05-05T14:23:54.547+0000] {dag.py:2705} INFO - Sync 1 DAGs
[2023-05-05T14:23:54.653+0000] {logging_mixin.py:137} INFO - [2023-05-05T14:23:54.638+0000] {dag.py:3456} INFO - Setting next_dagrun for my_first_dag to None, run_after=None
[2023-05-05T14:23:54.765+0000] {processor.py:175} INFO - Processing /opt/airflow/dags/first_dag.py took 0.420 seconds
[2023-05-05T14:24:36.658+0000] {processor.py:153} INFO - Started process (PID=3645) to work on /opt/airflow/dags/first_dag.py
[2023-05-05T14:24:36.698+0000] {processor.py:743} INFO - Processing file /opt/airflow/dags/first_dag.py for tasks to queue
[2023-05-05T14:24:36.732+0000] {logging_mixin.py:137} INFO - [2023-05-05T14:24:36.731+0000] {dagbag.py:532} INFO - Filling up the DagBag from /opt/airflow/dags/first_dag.py
[2023-05-05T14:24:37.257+0000] {processor.py:753} INFO - DAG(s) dict_keys(['my_first_dag']) retrieved from /opt/airflow/dags/first_dag.py
[2023-05-05T14:24:38.169+0000] {logging_mixin.py:137} INFO - [2023-05-05T14:24:38.169+0000] {dag.py:2705} INFO - Sync 1 DAGs
[2023-05-05T14:24:38.821+0000] {logging_mixin.py:137} INFO - [2023-05-05T14:24:38.820+0000] {dag.py:3456} INFO - Setting next_dagrun for my_first_dag to None, run_after=None
[2023-05-05T14:24:39.237+0000] {processor.py:175} INFO - Processing /opt/airflow/dags/first_dag.py took 2.748 seconds
[2023-05-05T14:28:45.298+0000] {processor.py:153} INFO - Started process (PID=3688) to work on /opt/airflow/dags/first_dag.py
[2023-05-05T14:28:45.301+0000] {processor.py:743} INFO - Processing file /opt/airflow/dags/first_dag.py for tasks to queue
[2023-05-05T14:28:45.303+0000] {logging_mixin.py:137} INFO - [2023-05-05T14:28:45.303+0000] {dagbag.py:532} INFO - Filling up the DagBag from /opt/airflow/dags/first_dag.py
[2023-05-05T14:28:45.348+0000] {processor.py:753} INFO - DAG(s) dict_keys(['my_first_dag']) retrieved from /opt/airflow/dags/first_dag.py
[2023-05-05T14:28:45.391+0000] {logging_mixin.py:137} INFO - [2023-05-05T14:28:45.390+0000] {dag.py:2705} INFO - Sync 1 DAGs
[2023-05-05T14:28:45.432+0000] {logging_mixin.py:137} INFO - [2023-05-05T14:28:45.432+0000] {dag.py:3456} INFO - Setting next_dagrun for my_first_dag to None, run_after=None
[2023-05-05T14:28:45.465+0000] {processor.py:175} INFO - Processing /opt/airflow/dags/first_dag.py took 0.172 seconds
[2023-05-05T14:29:16.592+0000] {processor.py:153} INFO - Started process (PID=3735) to work on /opt/airflow/dags/first_dag.py
[2023-05-05T14:29:16.595+0000] {processor.py:743} INFO - Processing file /opt/airflow/dags/first_dag.py for tasks to queue
[2023-05-05T14:29:16.596+0000] {logging_mixin.py:137} INFO - [2023-05-05T14:29:16.596+0000] {dagbag.py:532} INFO - Filling up the DagBag from /opt/airflow/dags/first_dag.py
[2023-05-05T14:29:16.679+0000] {processor.py:753} INFO - DAG(s) dict_keys(['my_first_dag']) retrieved from /opt/airflow/dags/first_dag.py
[2023-05-05T14:29:16.852+0000] {logging_mixin.py:137} INFO - [2023-05-05T14:29:16.852+0000] {dag.py:2705} INFO - Sync 1 DAGs
[2023-05-05T14:29:16.973+0000] {logging_mixin.py:137} INFO - [2023-05-05T14:29:16.973+0000] {dag.py:3456} INFO - Setting next_dagrun for my_first_dag to None, run_after=None
[2023-05-05T14:29:17.089+0000] {processor.py:175} INFO - Processing /opt/airflow/dags/first_dag.py took 0.510 seconds
[2023-05-05T14:29:47.259+0000] {processor.py:153} INFO - Started process (PID=3785) to work on /opt/airflow/dags/first_dag.py
[2023-05-05T14:29:47.261+0000] {processor.py:743} INFO - Processing file /opt/airflow/dags/first_dag.py for tasks to queue
[2023-05-05T14:29:47.263+0000] {logging_mixin.py:137} INFO - [2023-05-05T14:29:47.263+0000] {dagbag.py:532} INFO - Filling up the DagBag from /opt/airflow/dags/first_dag.py
[2023-05-05T14:29:47.291+0000] {processor.py:753} INFO - DAG(s) dict_keys(['my_first_dag']) retrieved from /opt/airflow/dags/first_dag.py
[2023-05-05T14:29:47.335+0000] {logging_mixin.py:137} INFO - [2023-05-05T14:29:47.335+0000] {dag.py:2705} INFO - Sync 1 DAGs
[2023-05-05T14:29:47.369+0000] {logging_mixin.py:137} INFO - [2023-05-05T14:29:47.369+0000] {dag.py:3456} INFO - Setting next_dagrun for my_first_dag to None, run_after=None
[2023-05-05T14:29:47.396+0000] {processor.py:175} INFO - Processing /opt/airflow/dags/first_dag.py took 0.143 seconds
[2023-05-05T14:30:18.160+0000] {processor.py:153} INFO - Started process (PID=3837) to work on /opt/airflow/dags/first_dag.py
[2023-05-05T14:30:18.170+0000] {processor.py:743} INFO - Processing file /opt/airflow/dags/first_dag.py for tasks to queue
[2023-05-05T14:30:18.171+0000] {logging_mixin.py:137} INFO - [2023-05-05T14:30:18.171+0000] {dagbag.py:532} INFO - Filling up the DagBag from /opt/airflow/dags/first_dag.py
[2023-05-05T14:30:18.221+0000] {processor.py:753} INFO - DAG(s) dict_keys(['my_first_dag']) retrieved from /opt/airflow/dags/first_dag.py
[2023-05-05T14:30:18.289+0000] {logging_mixin.py:137} INFO - [2023-05-05T14:30:18.289+0000] {dag.py:2705} INFO - Sync 1 DAGs
[2023-05-05T14:30:18.335+0000] {logging_mixin.py:137} INFO - [2023-05-05T14:30:18.334+0000] {dag.py:3456} INFO - Setting next_dagrun for my_first_dag to None, run_after=None
[2023-05-05T14:30:18.393+0000] {processor.py:175} INFO - Processing /opt/airflow/dags/first_dag.py took 0.245 seconds
[2023-05-05T15:18:31.831+0000] {processor.py:153} INFO - Started process (PID=3877) to work on /opt/airflow/dags/first_dag.py
[2023-05-05T15:18:31.838+0000] {processor.py:743} INFO - Processing file /opt/airflow/dags/first_dag.py for tasks to queue
[2023-05-05T15:18:31.879+0000] {logging_mixin.py:137} INFO - [2023-05-05T15:18:31.878+0000] {dagbag.py:532} INFO - Filling up the DagBag from /opt/airflow/dags/first_dag.py
[2023-05-05T15:18:32.024+0000] {processor.py:753} INFO - DAG(s) dict_keys(['my_first_dag']) retrieved from /opt/airflow/dags/first_dag.py
[2023-05-05T15:18:32.210+0000] {logging_mixin.py:137} INFO - [2023-05-05T15:18:32.209+0000] {dag.py:2705} INFO - Sync 1 DAGs
[2023-05-05T15:18:32.457+0000] {logging_mixin.py:137} INFO - [2023-05-05T15:18:32.457+0000] {dag.py:3456} INFO - Setting next_dagrun for my_first_dag to None, run_after=None
[2023-05-05T15:18:32.792+0000] {processor.py:175} INFO - Processing /opt/airflow/dags/first_dag.py took 1.110 seconds
[2023-05-05T15:41:06.464+0000] {processor.py:153} INFO - Started process (PID=3930) to work on /opt/airflow/dags/first_dag.py
[2023-05-05T15:41:06.478+0000] {processor.py:743} INFO - Processing file /opt/airflow/dags/first_dag.py for tasks to queue
[2023-05-05T15:41:06.485+0000] {logging_mixin.py:137} INFO - [2023-05-05T15:41:06.484+0000] {dagbag.py:532} INFO - Filling up the DagBag from /opt/airflow/dags/first_dag.py
[2023-05-05T15:41:06.561+0000] {processor.py:753} INFO - DAG(s) dict_keys(['my_first_dag']) retrieved from /opt/airflow/dags/first_dag.py
[2023-05-05T15:41:06.691+0000] {logging_mixin.py:137} INFO - [2023-05-05T15:41:06.691+0000] {dag.py:2705} INFO - Sync 1 DAGs
[2023-05-05T15:41:06.871+0000] {logging_mixin.py:137} INFO - [2023-05-05T15:41:06.867+0000] {dag.py:3456} INFO - Setting next_dagrun for my_first_dag to None, run_after=None
[2023-05-05T15:41:07.012+0000] {processor.py:175} INFO - Processing /opt/airflow/dags/first_dag.py took 0.574 seconds
[2023-05-05T15:41:37.144+0000] {processor.py:153} INFO - Started process (PID=3979) to work on /opt/airflow/dags/first_dag.py
[2023-05-05T15:41:37.149+0000] {processor.py:743} INFO - Processing file /opt/airflow/dags/first_dag.py for tasks to queue
[2023-05-05T15:41:37.152+0000] {logging_mixin.py:137} INFO - [2023-05-05T15:41:37.152+0000] {dagbag.py:532} INFO - Filling up the DagBag from /opt/airflow/dags/first_dag.py
[2023-05-05T15:41:37.211+0000] {processor.py:753} INFO - DAG(s) dict_keys(['my_first_dag']) retrieved from /opt/airflow/dags/first_dag.py
[2023-05-05T15:41:37.307+0000] {logging_mixin.py:137} INFO - [2023-05-05T15:41:37.307+0000] {dag.py:2705} INFO - Sync 1 DAGs
[2023-05-05T15:41:37.376+0000] {logging_mixin.py:137} INFO - [2023-05-05T15:41:37.376+0000] {dag.py:3456} INFO - Setting next_dagrun for my_first_dag to None, run_after=None
[2023-05-05T15:41:37.467+0000] {processor.py:175} INFO - Processing /opt/airflow/dags/first_dag.py took 0.333 seconds
[2023-05-05T16:15:01.666+0000] {processor.py:153} INFO - Started process (PID=4010) to work on /opt/airflow/dags/first_dag.py
[2023-05-05T16:15:01.688+0000] {processor.py:743} INFO - Processing file /opt/airflow/dags/first_dag.py for tasks to queue
[2023-05-05T16:15:01.708+0000] {logging_mixin.py:137} INFO - [2023-05-05T16:15:01.692+0000] {dagbag.py:532} INFO - Filling up the DagBag from /opt/airflow/dags/first_dag.py
[2023-05-05T16:15:01.906+0000] {processor.py:753} INFO - DAG(s) dict_keys(['my_first_dag']) retrieved from /opt/airflow/dags/first_dag.py
[2023-05-05T16:15:02.050+0000] {logging_mixin.py:137} INFO - [2023-05-05T16:15:02.048+0000] {dag.py:2705} INFO - Sync 1 DAGs
[2023-05-05T16:15:02.191+0000] {logging_mixin.py:137} INFO - [2023-05-05T16:15:02.191+0000] {dag.py:3456} INFO - Setting next_dagrun for my_first_dag to None, run_after=None
[2023-05-05T16:15:02.351+0000] {processor.py:175} INFO - Processing /opt/airflow/dags/first_dag.py took 0.770 seconds
[2023-05-05T16:46:00.607+0000] {processor.py:153} INFO - Started process (PID=4063) to work on /opt/airflow/dags/first_dag.py
[2023-05-05T16:46:00.632+0000] {processor.py:743} INFO - Processing file /opt/airflow/dags/first_dag.py for tasks to queue
[2023-05-05T16:46:00.648+0000] {logging_mixin.py:137} INFO - [2023-05-05T16:46:00.647+0000] {dagbag.py:532} INFO - Filling up the DagBag from /opt/airflow/dags/first_dag.py
[2023-05-05T16:46:01.012+0000] {processor.py:753} INFO - DAG(s) dict_keys(['my_first_dag']) retrieved from /opt/airflow/dags/first_dag.py
[2023-05-05T16:46:01.282+0000] {logging_mixin.py:137} INFO - [2023-05-05T16:46:01.281+0000] {dag.py:2705} INFO - Sync 1 DAGs
[2023-05-05T16:46:01.573+0000] {logging_mixin.py:137} INFO - [2023-05-05T16:46:01.572+0000] {dag.py:3456} INFO - Setting next_dagrun for my_first_dag to None, run_after=None
[2023-05-05T16:46:01.780+0000] {processor.py:175} INFO - Processing /opt/airflow/dags/first_dag.py took 1.240 seconds
[2023-05-05T17:40:01.821+0000] {processor.py:153} INFO - Started process (PID=4081) to work on /opt/airflow/dags/first_dag.py
[2023-05-05T17:40:01.844+0000] {processor.py:743} INFO - Processing file /opt/airflow/dags/first_dag.py for tasks to queue
[2023-05-05T17:40:01.846+0000] {logging_mixin.py:137} INFO - [2023-05-05T17:40:01.846+0000] {dagbag.py:532} INFO - Filling up the DagBag from /opt/airflow/dags/first_dag.py
[2023-05-05T17:40:01.941+0000] {processor.py:753} INFO - DAG(s) dict_keys(['my_first_dag']) retrieved from /opt/airflow/dags/first_dag.py
[2023-05-05T17:40:02.060+0000] {logging_mixin.py:137} INFO - [2023-05-05T17:40:02.060+0000] {dag.py:2705} INFO - Sync 1 DAGs
[2023-05-05T17:40:02.169+0000] {logging_mixin.py:137} INFO - [2023-05-05T17:40:02.169+0000] {dag.py:3456} INFO - Setting next_dagrun for my_first_dag to None, run_after=None
[2023-05-05T17:40:02.257+0000] {processor.py:175} INFO - Processing /opt/airflow/dags/first_dag.py took 0.488 seconds
[2023-05-05T17:41:49.681+0000] {processor.py:153} INFO - Started process (PID=4133) to work on /opt/airflow/dags/first_dag.py
[2023-05-05T17:41:49.689+0000] {processor.py:743} INFO - Processing file /opt/airflow/dags/first_dag.py for tasks to queue
[2023-05-05T17:41:49.697+0000] {logging_mixin.py:137} INFO - [2023-05-05T17:41:49.696+0000] {dagbag.py:532} INFO - Filling up the DagBag from /opt/airflow/dags/first_dag.py
[2023-05-05T17:41:49.818+0000] {processor.py:753} INFO - DAG(s) dict_keys(['my_first_dag']) retrieved from /opt/airflow/dags/first_dag.py
[2023-05-05T17:41:50.025+0000] {logging_mixin.py:137} INFO - [2023-05-05T17:41:50.024+0000] {dag.py:2705} INFO - Sync 1 DAGs
[2023-05-05T17:41:50.162+0000] {logging_mixin.py:137} INFO - [2023-05-05T17:41:50.162+0000] {dag.py:3456} INFO - Setting next_dagrun for my_first_dag to None, run_after=None
[2023-05-05T17:41:50.276+0000] {processor.py:175} INFO - Processing /opt/airflow/dags/first_dag.py took 0.620 seconds
[2023-05-05T18:34:39.729+0000] {processor.py:153} INFO - Started process (PID=4177) to work on /opt/airflow/dags/first_dag.py
[2023-05-05T18:34:39.738+0000] {processor.py:743} INFO - Processing file /opt/airflow/dags/first_dag.py for tasks to queue
[2023-05-05T18:34:39.745+0000] {logging_mixin.py:137} INFO - [2023-05-05T18:34:39.744+0000] {dagbag.py:532} INFO - Filling up the DagBag from /opt/airflow/dags/first_dag.py
[2023-05-05T18:34:39.894+0000] {processor.py:753} INFO - DAG(s) dict_keys(['my_first_dag']) retrieved from /opt/airflow/dags/first_dag.py
[2023-05-05T18:34:40.072+0000] {logging_mixin.py:137} INFO - [2023-05-05T18:34:40.072+0000] {dag.py:2705} INFO - Sync 1 DAGs
[2023-05-05T18:34:40.189+0000] {logging_mixin.py:137} INFO - [2023-05-05T18:34:40.188+0000] {dag.py:3456} INFO - Setting next_dagrun for my_first_dag to None, run_after=None
[2023-05-05T18:34:40.261+0000] {processor.py:175} INFO - Processing /opt/airflow/dags/first_dag.py took 0.555 seconds
[2023-05-05T21:17:55.151+0000] {processor.py:153} INFO - Started process (PID=4207) to work on /opt/airflow/dags/first_dag.py
[2023-05-05T21:17:55.172+0000] {processor.py:743} INFO - Processing file /opt/airflow/dags/first_dag.py for tasks to queue
[2023-05-05T21:17:55.191+0000] {logging_mixin.py:137} INFO - [2023-05-05T21:17:55.191+0000] {dagbag.py:532} INFO - Filling up the DagBag from /opt/airflow/dags/first_dag.py
[2023-05-05T21:17:55.630+0000] {processor.py:753} INFO - DAG(s) dict_keys(['my_first_dag']) retrieved from /opt/airflow/dags/first_dag.py
[2023-05-05T21:17:55.991+0000] {logging_mixin.py:137} INFO - [2023-05-05T21:17:55.991+0000] {dag.py:2705} INFO - Sync 1 DAGs
[2023-05-05T21:17:56.494+0000] {logging_mixin.py:137} INFO - [2023-05-05T21:17:56.494+0000] {dag.py:3456} INFO - Setting next_dagrun for my_first_dag to None, run_after=None
[2023-05-05T21:17:56.773+0000] {processor.py:175} INFO - Processing /opt/airflow/dags/first_dag.py took 1.733 seconds
