[2023-05-10T02:07:42.473+0000] {taskinstance.py:1090} INFO - Dependencies all met for dep_context=non-requeueable deps ti=<TaskInstance: my_first_dag.run_this_last manual__2023-05-10T02:07:35.783178+00:00 [queued]>
[2023-05-10T02:07:42.487+0000] {taskinstance.py:1090} INFO - Dependencies all met for dep_context=requeueable deps ti=<TaskInstance: my_first_dag.run_this_last manual__2023-05-10T02:07:35.783178+00:00 [queued]>
[2023-05-10T02:07:42.488+0000] {taskinstance.py:1288} INFO - 
--------------------------------------------------------------------------------
[2023-05-10T02:07:42.489+0000] {taskinstance.py:1289} INFO - Starting attempt 1 of 1
[2023-05-10T02:07:42.490+0000] {taskinstance.py:1290} INFO - 
--------------------------------------------------------------------------------
[2023-05-10T02:07:42.507+0000] {taskinstance.py:1309} INFO - Executing <Task(PythonOperator): run_this_last> on 2023-05-10 02:07:35.783178+00:00
[2023-05-10T02:07:42.515+0000] {standard_task_runner.py:55} INFO - Started process 92 to run task
[2023-05-10T02:07:42.522+0000] {standard_task_runner.py:82} INFO - Running: ['***', 'tasks', 'run', 'my_first_dag', 'run_this_last', 'manual__2023-05-10T02:07:35.783178+00:00', '--job-id', '8', '--raw', '--subdir', 'DAGS_FOLDER/first_dag.py', '--cfg-path', '/tmp/tmpp73pemwy']
[2023-05-10T02:07:42.526+0000] {standard_task_runner.py:83} INFO - Job 8: Subtask run_this_last
[2023-05-10T02:07:42.616+0000] {task_command.py:389} INFO - Running <TaskInstance: my_first_dag.run_this_last manual__2023-05-10T02:07:35.783178+00:00 [running]> on host 9ddbe26322f5
[2023-05-10T02:07:42.730+0000] {taskinstance.py:1518} INFO - Exporting the following env vars:
AIRFLOW_CTX_DAG_OWNER=pipis
AIRFLOW_CTX_DAG_ID=my_first_dag
AIRFLOW_CTX_TASK_ID=run_this_last
AIRFLOW_CTX_EXECUTION_DATE=2023-05-10T02:07:35.783178+00:00
AIRFLOW_CTX_TRY_NUMBER=1
AIRFLOW_CTX_DAG_RUN_ID=manual__2023-05-10T02:07:35.783178+00:00
[2023-05-10T02:07:42.733+0000] {logging_mixin.py:137} INFO - I am coming last
[2023-05-10T02:07:42.734+0000] {python.py:177} INFO - Done. Returned value was: None
[2023-05-10T02:07:42.751+0000] {taskinstance.py:1332} INFO - Marking task as SUCCESS. dag_id=my_first_dag, task_id=run_this_last, execution_date=20230510T020735, start_date=20230510T020742, end_date=20230510T020742
[2023-05-10T02:07:42.814+0000] {local_task_job.py:212} INFO - Task exited with return code 0
[2023-05-10T02:07:42.841+0000] {taskinstance.py:2596} INFO - 0 downstream tasks scheduled from follow-on schedule check
