[2023-04-30T01:00:24.759+0000] {processor.py:153} INFO - Started process (PID=9514) to work on /home/airflow/.local/lib/python3.7/site-packages/airflow/example_dags/example_branch_datetime_operator.py
[2023-04-30T01:00:24.789+0000] {processor.py:743} INFO - Processing file /home/airflow/.local/lib/python3.7/site-packages/airflow/example_dags/example_branch_datetime_operator.py for tasks to queue
[2023-04-30T01:00:24.805+0000] {logging_mixin.py:137} INFO - [2023-04-30T01:00:24.805+0000] {dagbag.py:532} INFO - Filling up the DagBag from /home/airflow/.local/lib/python3.7/site-packages/airflow/example_dags/example_branch_datetime_operator.py
[2023-04-30T01:00:25.620+0000] {processor.py:753} INFO - DAG(s) dict_keys(['example_branch_datetime_operator_2', 'example_branch_datetime_operator_3', 'example_branch_datetime_operator']) retrieved from /home/airflow/.local/lib/python3.7/site-packages/airflow/example_dags/example_branch_datetime_operator.py
[2023-04-30T01:00:27.103+0000] {logging_mixin.py:137} INFO - [2023-04-30T01:00:27.103+0000] {dag.py:2705} INFO - Sync 3 DAGs
[2023-04-30T01:00:27.454+0000] {logging_mixin.py:137} INFO - [2023-04-30T01:00:27.454+0000] {dag.py:3456} INFO - Setting next_dagrun for example_branch_datetime_operator to 2023-04-29T00:00:00+00:00, run_after=2023-04-30T00:00:00+00:00
[2023-04-30T01:00:27.802+0000] {logging_mixin.py:137} INFO - [2023-04-30T01:00:27.679+0000] {dag.py:3456} INFO - Setting next_dagrun for example_branch_datetime_operator_2 to 2023-04-29T00:00:00+00:00, run_after=2023-04-30T00:00:00+00:00
[2023-04-30T01:00:27.877+0000] {logging_mixin.py:137} INFO - [2023-04-30T01:00:27.824+0000] {dag.py:3456} INFO - Setting next_dagrun for example_branch_datetime_operator_3 to 2023-04-29T00:00:00+00:00, run_after=2023-04-30T00:00:00+00:00
[2023-04-30T01:00:28.153+0000] {processor.py:175} INFO - Processing /home/airflow/.local/lib/python3.7/site-packages/airflow/example_dags/example_branch_datetime_operator.py took 3.517 seconds
[2023-04-30T01:34:49.019+0000] {processor.py:153} INFO - Started process (PID=9588) to work on /home/airflow/.local/lib/python3.7/site-packages/airflow/example_dags/example_branch_datetime_operator.py
[2023-04-30T01:34:49.039+0000] {processor.py:743} INFO - Processing file /home/airflow/.local/lib/python3.7/site-packages/airflow/example_dags/example_branch_datetime_operator.py for tasks to queue
[2023-04-30T01:34:49.059+0000] {logging_mixin.py:137} INFO - [2023-04-30T01:34:49.059+0000] {dagbag.py:532} INFO - Filling up the DagBag from /home/airflow/.local/lib/python3.7/site-packages/airflow/example_dags/example_branch_datetime_operator.py
[2023-04-30T01:34:49.312+0000] {processor.py:753} INFO - DAG(s) dict_keys(['example_branch_datetime_operator_3', 'example_branch_datetime_operator_2', 'example_branch_datetime_operator']) retrieved from /home/airflow/.local/lib/python3.7/site-packages/airflow/example_dags/example_branch_datetime_operator.py
[2023-04-30T01:34:50.044+0000] {logging_mixin.py:137} INFO - [2023-04-30T01:34:50.044+0000] {dag.py:2705} INFO - Sync 3 DAGs
[2023-04-30T01:34:50.392+0000] {logging_mixin.py:137} INFO - [2023-04-30T01:34:50.392+0000] {dag.py:3456} INFO - Setting next_dagrun for example_branch_datetime_operator to 2023-04-29T00:00:00+00:00, run_after=2023-04-30T00:00:00+00:00
[2023-04-30T01:34:50.417+0000] {logging_mixin.py:137} INFO - [2023-04-30T01:34:50.417+0000] {dag.py:3456} INFO - Setting next_dagrun for example_branch_datetime_operator_2 to 2023-04-29T00:00:00+00:00, run_after=2023-04-30T00:00:00+00:00
[2023-04-30T01:34:50.441+0000] {logging_mixin.py:137} INFO - [2023-04-30T01:34:50.441+0000] {dag.py:3456} INFO - Setting next_dagrun for example_branch_datetime_operator_3 to 2023-04-29T00:00:00+00:00, run_after=2023-04-30T00:00:00+00:00
[2023-04-30T01:34:50.643+0000] {processor.py:175} INFO - Processing /home/airflow/.local/lib/python3.7/site-packages/airflow/example_dags/example_branch_datetime_operator.py took 1.676 seconds
[2023-04-30T01:40:11.160+0000] {processor.py:153} INFO - Started process (PID=9687) to work on /home/airflow/.local/lib/python3.7/site-packages/airflow/example_dags/example_branch_datetime_operator.py
[2023-04-30T01:40:11.233+0000] {processor.py:743} INFO - Processing file /home/airflow/.local/lib/python3.7/site-packages/airflow/example_dags/example_branch_datetime_operator.py for tasks to queue
[2023-04-30T01:40:11.424+0000] {logging_mixin.py:137} INFO - [2023-04-30T01:40:11.383+0000] {dagbag.py:532} INFO - Filling up the DagBag from /home/airflow/.local/lib/python3.7/site-packages/airflow/example_dags/example_branch_datetime_operator.py
[2023-04-30T01:40:16.070+0000] {processor.py:753} INFO - DAG(s) dict_keys(['example_branch_datetime_operator', 'example_branch_datetime_operator_2', 'example_branch_datetime_operator_3']) retrieved from /home/airflow/.local/lib/python3.7/site-packages/airflow/example_dags/example_branch_datetime_operator.py
[2023-04-30T01:40:16.482+0000] {logging_mixin.py:137} INFO - [2023-04-30T01:40:16.473+0000] {dag.py:2705} INFO - Sync 3 DAGs
[2023-04-30T01:40:17.110+0000] {logging_mixin.py:137} INFO - [2023-04-30T01:40:17.110+0000] {dag.py:3456} INFO - Setting next_dagrun for example_branch_datetime_operator to 2023-04-29T00:00:00+00:00, run_after=2023-04-30T00:00:00+00:00
[2023-04-30T01:40:17.278+0000] {logging_mixin.py:137} INFO - [2023-04-30T01:40:17.278+0000] {dag.py:3456} INFO - Setting next_dagrun for example_branch_datetime_operator_2 to 2023-04-29T00:00:00+00:00, run_after=2023-04-30T00:00:00+00:00
[2023-04-30T01:40:17.357+0000] {logging_mixin.py:137} INFO - [2023-04-30T01:40:17.357+0000] {dag.py:3456} INFO - Setting next_dagrun for example_branch_datetime_operator_3 to 2023-04-29T00:00:00+00:00, run_after=2023-04-30T00:00:00+00:00
[2023-04-30T01:40:17.731+0000] {processor.py:175} INFO - Processing /home/airflow/.local/lib/python3.7/site-packages/airflow/example_dags/example_branch_datetime_operator.py took 7.230 seconds
[2023-04-30T01:57:32.512+0000] {processor.py:153} INFO - Started process (PID=9748) to work on /home/airflow/.local/lib/python3.7/site-packages/airflow/example_dags/example_branch_datetime_operator.py
[2023-04-30T01:57:32.514+0000] {processor.py:743} INFO - Processing file /home/airflow/.local/lib/python3.7/site-packages/airflow/example_dags/example_branch_datetime_operator.py for tasks to queue
[2023-04-30T01:57:32.515+0000] {logging_mixin.py:137} INFO - [2023-04-30T01:57:32.515+0000] {dagbag.py:532} INFO - Filling up the DagBag from /home/airflow/.local/lib/python3.7/site-packages/airflow/example_dags/example_branch_datetime_operator.py
[2023-04-30T01:57:32.608+0000] {processor.py:753} INFO - DAG(s) dict_keys(['example_branch_datetime_operator_2', 'example_branch_datetime_operator', 'example_branch_datetime_operator_3']) retrieved from /home/airflow/.local/lib/python3.7/site-packages/airflow/example_dags/example_branch_datetime_operator.py
[2023-04-30T01:57:33.347+0000] {logging_mixin.py:137} INFO - [2023-04-30T01:57:33.347+0000] {dag.py:2705} INFO - Sync 3 DAGs
[2023-04-30T01:57:38.096+0000] {logging_mixin.py:137} INFO - [2023-04-30T01:57:38.089+0000] {dag.py:3456} INFO - Setting next_dagrun for example_branch_datetime_operator to 2023-04-29T00:00:00+00:00, run_after=2023-04-30T00:00:00+00:00
[2023-04-30T01:57:38.240+0000] {logging_mixin.py:137} INFO - [2023-04-30T01:57:38.240+0000] {dag.py:3456} INFO - Setting next_dagrun for example_branch_datetime_operator_2 to 2023-04-29T00:00:00+00:00, run_after=2023-04-30T00:00:00+00:00
[2023-04-30T01:57:38.283+0000] {logging_mixin.py:137} INFO - [2023-04-30T01:57:38.283+0000] {dag.py:3456} INFO - Setting next_dagrun for example_branch_datetime_operator_3 to 2023-04-29T00:00:00+00:00, run_after=2023-04-30T00:00:00+00:00
[2023-04-30T01:57:39.053+0000] {processor.py:175} INFO - Processing /home/airflow/.local/lib/python3.7/site-packages/airflow/example_dags/example_branch_datetime_operator.py took 6.547 seconds
[2023-04-30T02:16:33.886+0000] {processor.py:153} INFO - Started process (PID=9815) to work on /home/airflow/.local/lib/python3.7/site-packages/airflow/example_dags/example_branch_datetime_operator.py
[2023-04-30T02:16:33.899+0000] {processor.py:743} INFO - Processing file /home/airflow/.local/lib/python3.7/site-packages/airflow/example_dags/example_branch_datetime_operator.py for tasks to queue
[2023-04-30T02:16:33.902+0000] {logging_mixin.py:137} INFO - [2023-04-30T02:16:33.901+0000] {dagbag.py:532} INFO - Filling up the DagBag from /home/airflow/.local/lib/python3.7/site-packages/airflow/example_dags/example_branch_datetime_operator.py
[2023-04-30T02:16:34.434+0000] {processor.py:753} INFO - DAG(s) dict_keys(['example_branch_datetime_operator_3', 'example_branch_datetime_operator', 'example_branch_datetime_operator_2']) retrieved from /home/airflow/.local/lib/python3.7/site-packages/airflow/example_dags/example_branch_datetime_operator.py
[2023-04-30T02:38:10.984+0000] {logging_mixin.py:137} INFO - [2023-04-30T02:38:10.981+0000] {dag.py:2705} INFO - Sync 3 DAGs
