[2023-04-30T00:59:27.242+0000] {processor.py:153} INFO - Started process (PID=9477) to work on /home/airflow/.local/lib/python3.7/site-packages/airflow/example_dags/example_trigger_controller_dag.py
[2023-04-30T00:59:27.248+0000] {processor.py:743} INFO - Processing file /home/airflow/.local/lib/python3.7/site-packages/airflow/example_dags/example_trigger_controller_dag.py for tasks to queue
[2023-04-30T00:59:27.256+0000] {logging_mixin.py:137} INFO - [2023-04-30T00:59:27.254+0000] {dagbag.py:532} INFO - Filling up the DagBag from /home/airflow/.local/lib/python3.7/site-packages/airflow/example_dags/example_trigger_controller_dag.py
[2023-04-30T00:59:27.683+0000] {processor.py:753} INFO - DAG(s) dict_keys(['example_trigger_controller_dag']) retrieved from /home/airflow/.local/lib/python3.7/site-packages/airflow/example_dags/example_trigger_controller_dag.py
[2023-04-30T00:59:39.499+0000] {logging_mixin.py:137} INFO - [2023-04-30T00:59:39.493+0000] {dag.py:2705} INFO - Sync 1 DAGs
[2023-04-30T00:59:40.795+0000] {logging_mixin.py:137} INFO - [2023-04-30T00:59:40.783+0000] {dag.py:3456} INFO - Setting next_dagrun for example_trigger_controller_dag to 2021-01-01T00:00:00+00:00, run_after=2021-01-01T00:00:00+00:00
[2023-04-30T00:59:41.300+0000] {processor.py:175} INFO - Processing /home/airflow/.local/lib/python3.7/site-packages/airflow/example_dags/example_trigger_controller_dag.py took 14.384 seconds
[2023-04-30T00:59:44.897+0000] {processor.py:153} INFO - Started process (PID=9488) to work on /home/airflow/.local/lib/python3.7/site-packages/airflow/example_dags/example_trigger_controller_dag.py
[2023-04-30T00:59:44.917+0000] {processor.py:743} INFO - Processing file /home/airflow/.local/lib/python3.7/site-packages/airflow/example_dags/example_trigger_controller_dag.py for tasks to queue
[2023-04-30T00:59:44.920+0000] {logging_mixin.py:137} INFO - [2023-04-30T00:59:44.920+0000] {dagbag.py:532} INFO - Filling up the DagBag from /home/airflow/.local/lib/python3.7/site-packages/airflow/example_dags/example_trigger_controller_dag.py
[2023-04-30T00:59:45.112+0000] {processor.py:753} INFO - DAG(s) dict_keys(['example_trigger_controller_dag']) retrieved from /home/airflow/.local/lib/python3.7/site-packages/airflow/example_dags/example_trigger_controller_dag.py
[2023-04-30T00:59:45.597+0000] {logging_mixin.py:137} INFO - [2023-04-30T00:59:45.597+0000] {dag.py:2705} INFO - Sync 1 DAGs
[2023-04-30T00:59:45.888+0000] {logging_mixin.py:137} INFO - [2023-04-30T00:59:45.887+0000] {dag.py:3456} INFO - Setting next_dagrun for example_trigger_controller_dag to 2021-01-01T00:00:00+00:00, run_after=2021-01-01T00:00:00+00:00
[2023-04-30T00:59:46.078+0000] {processor.py:175} INFO - Processing /home/airflow/.local/lib/python3.7/site-packages/airflow/example_dags/example_trigger_controller_dag.py took 1.205 seconds
[2023-04-30T01:01:33.322+0000] {processor.py:153} INFO - Started process (PID=9554) to work on /home/airflow/.local/lib/python3.7/site-packages/airflow/example_dags/example_trigger_controller_dag.py
[2023-04-30T01:01:33.347+0000] {processor.py:743} INFO - Processing file /home/airflow/.local/lib/python3.7/site-packages/airflow/example_dags/example_trigger_controller_dag.py for tasks to queue
[2023-04-30T01:01:33.357+0000] {logging_mixin.py:137} INFO - [2023-04-30T01:01:33.357+0000] {dagbag.py:532} INFO - Filling up the DagBag from /home/airflow/.local/lib/python3.7/site-packages/airflow/example_dags/example_trigger_controller_dag.py
[2023-04-30T01:01:33.796+0000] {processor.py:753} INFO - DAG(s) dict_keys(['example_trigger_controller_dag']) retrieved from /home/airflow/.local/lib/python3.7/site-packages/airflow/example_dags/example_trigger_controller_dag.py
[2023-04-30T01:01:34.211+0000] {logging_mixin.py:137} INFO - [2023-04-30T01:01:34.210+0000] {dag.py:2705} INFO - Sync 1 DAGs
[2023-04-30T01:01:34.799+0000] {logging_mixin.py:137} INFO - [2023-04-30T01:01:34.796+0000] {dag.py:3456} INFO - Setting next_dagrun for example_trigger_controller_dag to 2021-01-01T00:00:00+00:00, run_after=2021-01-01T00:00:00+00:00
[2023-04-30T01:01:35.100+0000] {processor.py:175} INFO - Processing /home/airflow/.local/lib/python3.7/site-packages/airflow/example_dags/example_trigger_controller_dag.py took 1.909 seconds
[2023-04-30T01:35:10.441+0000] {processor.py:153} INFO - Started process (PID=9599) to work on /home/airflow/.local/lib/python3.7/site-packages/airflow/example_dags/example_trigger_controller_dag.py
[2023-04-30T01:35:10.457+0000] {processor.py:743} INFO - Processing file /home/airflow/.local/lib/python3.7/site-packages/airflow/example_dags/example_trigger_controller_dag.py for tasks to queue
[2023-04-30T01:35:10.477+0000] {logging_mixin.py:137} INFO - [2023-04-30T01:35:10.476+0000] {dagbag.py:532} INFO - Filling up the DagBag from /home/airflow/.local/lib/python3.7/site-packages/airflow/example_dags/example_trigger_controller_dag.py
[2023-04-30T01:35:10.629+0000] {processor.py:753} INFO - DAG(s) dict_keys(['example_trigger_controller_dag']) retrieved from /home/airflow/.local/lib/python3.7/site-packages/airflow/example_dags/example_trigger_controller_dag.py
[2023-04-30T01:35:10.951+0000] {logging_mixin.py:137} INFO - [2023-04-30T01:35:10.947+0000] {dag.py:2705} INFO - Sync 1 DAGs
[2023-04-30T01:35:11.226+0000] {logging_mixin.py:137} INFO - [2023-04-30T01:35:11.217+0000] {dag.py:3456} INFO - Setting next_dagrun for example_trigger_controller_dag to 2021-01-01T00:00:00+00:00, run_after=2021-01-01T00:00:00+00:00
[2023-04-30T01:35:11.503+0000] {processor.py:175} INFO - Processing /home/airflow/.local/lib/python3.7/site-packages/airflow/example_dags/example_trigger_controller_dag.py took 1.079 seconds
[2023-04-30T01:39:02.094+0000] {processor.py:153} INFO - Started process (PID=9661) to work on /home/airflow/.local/lib/python3.7/site-packages/airflow/example_dags/example_trigger_controller_dag.py
[2023-04-30T01:39:02.106+0000] {processor.py:743} INFO - Processing file /home/airflow/.local/lib/python3.7/site-packages/airflow/example_dags/example_trigger_controller_dag.py for tasks to queue
[2023-04-30T01:39:02.125+0000] {logging_mixin.py:137} INFO - [2023-04-30T01:39:02.121+0000] {dagbag.py:532} INFO - Filling up the DagBag from /home/airflow/.local/lib/python3.7/site-packages/airflow/example_dags/example_trigger_controller_dag.py
[2023-04-30T01:39:02.196+0000] {processor.py:753} INFO - DAG(s) dict_keys(['example_trigger_controller_dag']) retrieved from /home/airflow/.local/lib/python3.7/site-packages/airflow/example_dags/example_trigger_controller_dag.py
[2023-04-30T01:39:02.445+0000] {logging_mixin.py:137} INFO - [2023-04-30T01:39:02.445+0000] {dag.py:2705} INFO - Sync 1 DAGs
[2023-04-30T01:39:02.683+0000] {logging_mixin.py:137} INFO - [2023-04-30T01:39:02.669+0000] {dag.py:3456} INFO - Setting next_dagrun for example_trigger_controller_dag to 2021-01-01T00:00:00+00:00, run_after=2021-01-01T00:00:00+00:00
[2023-04-30T01:39:02.986+0000] {processor.py:175} INFO - Processing /home/airflow/.local/lib/python3.7/site-packages/airflow/example_dags/example_trigger_controller_dag.py took 1.007 seconds
[2023-04-30T01:56:19.579+0000] {processor.py:153} INFO - Started process (PID=9713) to work on /home/airflow/.local/lib/python3.7/site-packages/airflow/example_dags/example_trigger_controller_dag.py
[2023-04-30T01:56:19.588+0000] {processor.py:743} INFO - Processing file /home/airflow/.local/lib/python3.7/site-packages/airflow/example_dags/example_trigger_controller_dag.py for tasks to queue
[2023-04-30T01:56:19.597+0000] {logging_mixin.py:137} INFO - [2023-04-30T01:56:19.597+0000] {dagbag.py:532} INFO - Filling up the DagBag from /home/airflow/.local/lib/python3.7/site-packages/airflow/example_dags/example_trigger_controller_dag.py
[2023-04-30T01:56:19.711+0000] {processor.py:753} INFO - DAG(s) dict_keys(['example_trigger_controller_dag']) retrieved from /home/airflow/.local/lib/python3.7/site-packages/airflow/example_dags/example_trigger_controller_dag.py
[2023-04-30T01:56:20.085+0000] {logging_mixin.py:137} INFO - [2023-04-30T01:56:20.085+0000] {dag.py:2705} INFO - Sync 1 DAGs
[2023-04-30T01:56:20.499+0000] {logging_mixin.py:137} INFO - [2023-04-30T01:56:20.499+0000] {dag.py:3456} INFO - Setting next_dagrun for example_trigger_controller_dag to 2021-01-01T00:00:00+00:00, run_after=2021-01-01T00:00:00+00:00
[2023-04-30T01:56:21.412+0000] {processor.py:175} INFO - Processing /home/airflow/.local/lib/python3.7/site-packages/airflow/example_dags/example_trigger_controller_dag.py took 1.858 seconds
[2023-04-30T01:58:42.982+0000] {processor.py:153} INFO - Started process (PID=9781) to work on /home/airflow/.local/lib/python3.7/site-packages/airflow/example_dags/example_trigger_controller_dag.py
[2023-04-30T01:58:42.985+0000] {processor.py:743} INFO - Processing file /home/airflow/.local/lib/python3.7/site-packages/airflow/example_dags/example_trigger_controller_dag.py for tasks to queue
[2023-04-30T01:58:42.987+0000] {logging_mixin.py:137} INFO - [2023-04-30T01:58:42.987+0000] {dagbag.py:532} INFO - Filling up the DagBag from /home/airflow/.local/lib/python3.7/site-packages/airflow/example_dags/example_trigger_controller_dag.py
[2023-04-30T01:58:43.398+0000] {processor.py:753} INFO - DAG(s) dict_keys(['example_trigger_controller_dag']) retrieved from /home/airflow/.local/lib/python3.7/site-packages/airflow/example_dags/example_trigger_controller_dag.py
[2023-04-30T01:58:44.606+0000] {logging_mixin.py:137} INFO - [2023-04-30T01:58:44.491+0000] {dag.py:2705} INFO - Sync 1 DAGs
[2023-04-30T01:58:47.706+0000] {logging_mixin.py:137} INFO - [2023-04-30T01:58:47.666+0000] {dag.py:3456} INFO - Setting next_dagrun for example_trigger_controller_dag to 2021-01-01T00:00:00+00:00, run_after=2021-01-01T00:00:00+00:00
[2023-04-30T01:58:48.090+0000] {processor.py:175} INFO - Processing /home/airflow/.local/lib/python3.7/site-packages/airflow/example_dags/example_trigger_controller_dag.py took 5.197 seconds
[2023-04-30T02:40:57.152+0000] {processor.py:153} INFO - Started process (PID=9835) to work on /home/airflow/.local/lib/python3.7/site-packages/airflow/example_dags/example_trigger_controller_dag.py
[2023-04-30T02:40:57.198+0000] {processor.py:743} INFO - Processing file /home/airflow/.local/lib/python3.7/site-packages/airflow/example_dags/example_trigger_controller_dag.py for tasks to queue
[2023-04-30T02:40:57.221+0000] {logging_mixin.py:137} INFO - [2023-04-30T02:40:57.221+0000] {dagbag.py:532} INFO - Filling up the DagBag from /home/airflow/.local/lib/python3.7/site-packages/airflow/example_dags/example_trigger_controller_dag.py
[2023-04-30T02:40:57.589+0000] {processor.py:753} INFO - DAG(s) dict_keys(['example_trigger_controller_dag']) retrieved from /home/airflow/.local/lib/python3.7/site-packages/airflow/example_dags/example_trigger_controller_dag.py
[2023-04-30T02:40:58.143+0000] {logging_mixin.py:137} INFO - [2023-04-30T02:40:58.143+0000] {dag.py:2705} INFO - Sync 1 DAGs
[2023-04-30T02:40:58.611+0000] {logging_mixin.py:137} INFO - [2023-04-30T02:40:58.610+0000] {dag.py:3456} INFO - Setting next_dagrun for example_trigger_controller_dag to 2021-01-01T00:00:00+00:00, run_after=2021-01-01T00:00:00+00:00
[2023-04-30T02:40:58.962+0000] {processor.py:175} INFO - Processing /home/airflow/.local/lib/python3.7/site-packages/airflow/example_dags/example_trigger_controller_dag.py took 1.815 seconds
