[2023-04-30T00:59:49.048+0000] {processor.py:153} INFO - Started process (PID=9492) to work on /home/airflow/.local/lib/python3.7/site-packages/airflow/example_dags/example_python_operator.py
[2023-04-30T00:59:49.057+0000] {processor.py:743} INFO - Processing file /home/airflow/.local/lib/python3.7/site-packages/airflow/example_dags/example_python_operator.py for tasks to queue
[2023-04-30T00:59:49.064+0000] {logging_mixin.py:137} INFO - [2023-04-30T00:59:49.064+0000] {dagbag.py:532} INFO - Filling up the DagBag from /home/airflow/.local/lib/python3.7/site-packages/airflow/example_dags/example_python_operator.py
[2023-04-30T00:59:49.273+0000] {logging_mixin.py:137} INFO - [2023-04-30T00:59:49.273+0000] {taskmixin.py:211} WARNING - Dependency <Task(_PythonDecoratedOperator): print_the_context>, log_sql_query already registered for DAG: example_python_operator
[2023-04-30T00:59:49.282+0000] {logging_mixin.py:137} INFO - [2023-04-30T00:59:49.282+0000] {taskmixin.py:211} WARNING - Dependency <Task(_PythonDecoratedOperator): log_sql_query>, print_the_context already registered for DAG: example_python_operator
[2023-04-30T00:59:49.285+0000] {logging_mixin.py:137} INFO - [2023-04-30T00:59:49.285+0000] {taskmixin.py:211} WARNING - Dependency <Task(_PythonDecoratedOperator): print_the_context>, log_sql_query already registered for DAG: example_python_operator
[2023-04-30T00:59:49.287+0000] {logging_mixin.py:137} INFO - [2023-04-30T00:59:49.287+0000] {taskmixin.py:211} WARNING - Dependency <Task(_PythonDecoratedOperator): log_sql_query>, print_the_context already registered for DAG: example_python_operator
[2023-04-30T00:59:49.289+0000] {logging_mixin.py:137} INFO - [2023-04-30T00:59:49.289+0000] {taskmixin.py:211} WARNING - Dependency <Task(_PythonDecoratedOperator): print_the_context>, log_sql_query already registered for DAG: example_python_operator
[2023-04-30T00:59:49.295+0000] {logging_mixin.py:137} INFO - [2023-04-30T00:59:49.295+0000] {taskmixin.py:211} WARNING - Dependency <Task(_PythonDecoratedOperator): log_sql_query>, print_the_context already registered for DAG: example_python_operator
[2023-04-30T00:59:49.296+0000] {logging_mixin.py:137} INFO - [2023-04-30T00:59:49.296+0000] {taskmixin.py:211} WARNING - Dependency <Task(_PythonDecoratedOperator): print_the_context>, log_sql_query already registered for DAG: example_python_operator
[2023-04-30T00:59:49.298+0000] {logging_mixin.py:137} INFO - [2023-04-30T00:59:49.297+0000] {taskmixin.py:211} WARNING - Dependency <Task(_PythonDecoratedOperator): log_sql_query>, print_the_context already registered for DAG: example_python_operator
[2023-04-30T00:59:49.346+0000] {processor.py:753} INFO - DAG(s) dict_keys(['example_python_operator']) retrieved from /home/airflow/.local/lib/python3.7/site-packages/airflow/example_dags/example_python_operator.py
[2023-04-30T00:59:49.559+0000] {logging_mixin.py:137} INFO - [2023-04-30T00:59:49.559+0000] {dag.py:2705} INFO - Sync 1 DAGs
[2023-04-30T00:59:49.821+0000] {logging_mixin.py:137} INFO - [2023-04-30T00:59:49.821+0000] {dag.py:3456} INFO - Setting next_dagrun for example_python_operator to None, run_after=None
[2023-04-30T00:59:50.266+0000] {processor.py:175} INFO - Processing /home/airflow/.local/lib/python3.7/site-packages/airflow/example_dags/example_python_operator.py took 1.319 seconds
[2023-04-30T01:01:42.177+0000] {processor.py:153} INFO - Started process (PID=9558) to work on /home/airflow/.local/lib/python3.7/site-packages/airflow/example_dags/example_python_operator.py
[2023-04-30T01:01:42.195+0000] {processor.py:743} INFO - Processing file /home/airflow/.local/lib/python3.7/site-packages/airflow/example_dags/example_python_operator.py for tasks to queue
[2023-04-30T01:01:42.204+0000] {logging_mixin.py:137} INFO - [2023-04-30T01:01:42.204+0000] {dagbag.py:532} INFO - Filling up the DagBag from /home/airflow/.local/lib/python3.7/site-packages/airflow/example_dags/example_python_operator.py
[2023-04-30T01:01:42.881+0000] {logging_mixin.py:137} INFO - [2023-04-30T01:01:42.881+0000] {taskmixin.py:211} WARNING - Dependency <Task(_PythonDecoratedOperator): print_the_context>, log_sql_query already registered for DAG: example_python_operator
[2023-04-30T01:01:42.985+0000] {logging_mixin.py:137} INFO - [2023-04-30T01:01:42.941+0000] {taskmixin.py:211} WARNING - Dependency <Task(_PythonDecoratedOperator): log_sql_query>, print_the_context already registered for DAG: example_python_operator
[2023-04-30T01:01:43.065+0000] {logging_mixin.py:137} INFO - [2023-04-30T01:01:43.035+0000] {taskmixin.py:211} WARNING - Dependency <Task(_PythonDecoratedOperator): print_the_context>, log_sql_query already registered for DAG: example_python_operator
[2023-04-30T01:01:43.080+0000] {logging_mixin.py:137} INFO - [2023-04-30T01:01:43.075+0000] {taskmixin.py:211} WARNING - Dependency <Task(_PythonDecoratedOperator): log_sql_query>, print_the_context already registered for DAG: example_python_operator
[2023-04-30T01:01:43.087+0000] {logging_mixin.py:137} INFO - [2023-04-30T01:01:43.087+0000] {taskmixin.py:211} WARNING - Dependency <Task(_PythonDecoratedOperator): print_the_context>, log_sql_query already registered for DAG: example_python_operator
[2023-04-30T01:01:43.096+0000] {logging_mixin.py:137} INFO - [2023-04-30T01:01:43.095+0000] {taskmixin.py:211} WARNING - Dependency <Task(_PythonDecoratedOperator): log_sql_query>, print_the_context already registered for DAG: example_python_operator
[2023-04-30T01:01:43.114+0000] {logging_mixin.py:137} INFO - [2023-04-30T01:01:43.113+0000] {taskmixin.py:211} WARNING - Dependency <Task(_PythonDecoratedOperator): print_the_context>, log_sql_query already registered for DAG: example_python_operator
[2023-04-30T01:01:43.123+0000] {logging_mixin.py:137} INFO - [2023-04-30T01:01:43.123+0000] {taskmixin.py:211} WARNING - Dependency <Task(_PythonDecoratedOperator): log_sql_query>, print_the_context already registered for DAG: example_python_operator
[2023-04-30T01:01:44.725+0000] {processor.py:753} INFO - DAG(s) dict_keys(['example_python_operator']) retrieved from /home/airflow/.local/lib/python3.7/site-packages/airflow/example_dags/example_python_operator.py
[2023-04-30T01:01:53.161+0000] {logging_mixin.py:137} INFO - [2023-04-30T01:01:53.160+0000] {dag.py:2705} INFO - Sync 1 DAGs
[2023-04-30T01:01:53.729+0000] {logging_mixin.py:137} INFO - [2023-04-30T01:01:53.729+0000] {dag.py:3456} INFO - Setting next_dagrun for example_python_operator to None, run_after=None
[2023-04-30T01:01:53.972+0000] {processor.py:175} INFO - Processing /home/airflow/.local/lib/python3.7/site-packages/airflow/example_dags/example_python_operator.py took 11.948 seconds
[2023-04-30T01:36:45.232+0000] {processor.py:153} INFO - Started process (PID=9610) to work on /home/airflow/.local/lib/python3.7/site-packages/airflow/example_dags/example_python_operator.py
[2023-04-30T01:36:45.264+0000] {processor.py:743} INFO - Processing file /home/airflow/.local/lib/python3.7/site-packages/airflow/example_dags/example_python_operator.py for tasks to queue
[2023-04-30T01:36:45.303+0000] {logging_mixin.py:137} INFO - [2023-04-30T01:36:45.303+0000] {dagbag.py:532} INFO - Filling up the DagBag from /home/airflow/.local/lib/python3.7/site-packages/airflow/example_dags/example_python_operator.py
[2023-04-30T01:36:46.262+0000] {logging_mixin.py:137} INFO - [2023-04-30T01:36:46.262+0000] {taskmixin.py:211} WARNING - Dependency <Task(_PythonDecoratedOperator): print_the_context>, log_sql_query already registered for DAG: example_python_operator
[2023-04-30T01:36:46.274+0000] {logging_mixin.py:137} INFO - [2023-04-30T01:36:46.274+0000] {taskmixin.py:211} WARNING - Dependency <Task(_PythonDecoratedOperator): log_sql_query>, print_the_context already registered for DAG: example_python_operator
[2023-04-30T01:36:46.303+0000] {logging_mixin.py:137} INFO - [2023-04-30T01:36:46.303+0000] {taskmixin.py:211} WARNING - Dependency <Task(_PythonDecoratedOperator): print_the_context>, log_sql_query already registered for DAG: example_python_operator
[2023-04-30T01:36:46.307+0000] {logging_mixin.py:137} INFO - [2023-04-30T01:36:46.307+0000] {taskmixin.py:211} WARNING - Dependency <Task(_PythonDecoratedOperator): log_sql_query>, print_the_context already registered for DAG: example_python_operator
[2023-04-30T01:36:46.318+0000] {logging_mixin.py:137} INFO - [2023-04-30T01:36:46.317+0000] {taskmixin.py:211} WARNING - Dependency <Task(_PythonDecoratedOperator): print_the_context>, log_sql_query already registered for DAG: example_python_operator
[2023-04-30T01:36:46.325+0000] {logging_mixin.py:137} INFO - [2023-04-30T01:36:46.325+0000] {taskmixin.py:211} WARNING - Dependency <Task(_PythonDecoratedOperator): log_sql_query>, print_the_context already registered for DAG: example_python_operator
[2023-04-30T01:36:46.340+0000] {logging_mixin.py:137} INFO - [2023-04-30T01:36:46.340+0000] {taskmixin.py:211} WARNING - Dependency <Task(_PythonDecoratedOperator): print_the_context>, log_sql_query already registered for DAG: example_python_operator
[2023-04-30T01:36:46.350+0000] {logging_mixin.py:137} INFO - [2023-04-30T01:36:46.350+0000] {taskmixin.py:211} WARNING - Dependency <Task(_PythonDecoratedOperator): log_sql_query>, print_the_context already registered for DAG: example_python_operator
[2023-04-30T01:36:46.603+0000] {processor.py:753} INFO - DAG(s) dict_keys(['example_python_operator']) retrieved from /home/airflow/.local/lib/python3.7/site-packages/airflow/example_dags/example_python_operator.py
[2023-04-30T01:36:47.186+0000] {logging_mixin.py:137} INFO - [2023-04-30T01:36:47.186+0000] {dag.py:2705} INFO - Sync 1 DAGs
[2023-04-30T01:36:47.601+0000] {logging_mixin.py:137} INFO - [2023-04-30T01:36:47.591+0000] {dag.py:3456} INFO - Setting next_dagrun for example_python_operator to None, run_after=None
[2023-04-30T01:36:48.151+0000] {processor.py:175} INFO - Processing /home/airflow/.local/lib/python3.7/site-packages/airflow/example_dags/example_python_operator.py took 3.016 seconds
[2023-04-30T01:39:06.165+0000] {processor.py:153} INFO - Started process (PID=9665) to work on /home/airflow/.local/lib/python3.7/site-packages/airflow/example_dags/example_python_operator.py
[2023-04-30T01:39:06.185+0000] {processor.py:743} INFO - Processing file /home/airflow/.local/lib/python3.7/site-packages/airflow/example_dags/example_python_operator.py for tasks to queue
[2023-04-30T01:39:06.188+0000] {logging_mixin.py:137} INFO - [2023-04-30T01:39:06.188+0000] {dagbag.py:532} INFO - Filling up the DagBag from /home/airflow/.local/lib/python3.7/site-packages/airflow/example_dags/example_python_operator.py
[2023-04-30T01:39:06.370+0000] {logging_mixin.py:137} INFO - [2023-04-30T01:39:06.369+0000] {taskmixin.py:211} WARNING - Dependency <Task(_PythonDecoratedOperator): print_the_context>, log_sql_query already registered for DAG: example_python_operator
[2023-04-30T01:39:06.381+0000] {logging_mixin.py:137} INFO - [2023-04-30T01:39:06.381+0000] {taskmixin.py:211} WARNING - Dependency <Task(_PythonDecoratedOperator): log_sql_query>, print_the_context already registered for DAG: example_python_operator
[2023-04-30T01:39:06.386+0000] {logging_mixin.py:137} INFO - [2023-04-30T01:39:06.386+0000] {taskmixin.py:211} WARNING - Dependency <Task(_PythonDecoratedOperator): print_the_context>, log_sql_query already registered for DAG: example_python_operator
[2023-04-30T01:39:06.401+0000] {logging_mixin.py:137} INFO - [2023-04-30T01:39:06.401+0000] {taskmixin.py:211} WARNING - Dependency <Task(_PythonDecoratedOperator): log_sql_query>, print_the_context already registered for DAG: example_python_operator
[2023-04-30T01:39:06.406+0000] {logging_mixin.py:137} INFO - [2023-04-30T01:39:06.406+0000] {taskmixin.py:211} WARNING - Dependency <Task(_PythonDecoratedOperator): print_the_context>, log_sql_query already registered for DAG: example_python_operator
[2023-04-30T01:39:06.421+0000] {logging_mixin.py:137} INFO - [2023-04-30T01:39:06.421+0000] {taskmixin.py:211} WARNING - Dependency <Task(_PythonDecoratedOperator): log_sql_query>, print_the_context already registered for DAG: example_python_operator
[2023-04-30T01:39:06.432+0000] {logging_mixin.py:137} INFO - [2023-04-30T01:39:06.432+0000] {taskmixin.py:211} WARNING - Dependency <Task(_PythonDecoratedOperator): print_the_context>, log_sql_query already registered for DAG: example_python_operator
[2023-04-30T01:39:06.443+0000] {logging_mixin.py:137} INFO - [2023-04-30T01:39:06.443+0000] {taskmixin.py:211} WARNING - Dependency <Task(_PythonDecoratedOperator): log_sql_query>, print_the_context already registered for DAG: example_python_operator
[2023-04-30T01:39:06.600+0000] {processor.py:753} INFO - DAG(s) dict_keys(['example_python_operator']) retrieved from /home/airflow/.local/lib/python3.7/site-packages/airflow/example_dags/example_python_operator.py
[2023-04-30T01:39:07.322+0000] {logging_mixin.py:137} INFO - [2023-04-30T01:39:07.319+0000] {dag.py:2705} INFO - Sync 1 DAGs
[2023-04-30T01:39:07.803+0000] {logging_mixin.py:137} INFO - [2023-04-30T01:39:07.803+0000] {dag.py:3456} INFO - Setting next_dagrun for example_python_operator to None, run_after=None
[2023-04-30T01:39:11.191+0000] {processor.py:175} INFO - Processing /home/airflow/.local/lib/python3.7/site-packages/airflow/example_dags/example_python_operator.py took 5.069 seconds
[2023-04-30T01:56:25.173+0000] {processor.py:153} INFO - Started process (PID=9717) to work on /home/airflow/.local/lib/python3.7/site-packages/airflow/example_dags/example_python_operator.py
[2023-04-30T01:56:25.221+0000] {processor.py:743} INFO - Processing file /home/airflow/.local/lib/python3.7/site-packages/airflow/example_dags/example_python_operator.py for tasks to queue
[2023-04-30T01:56:25.234+0000] {logging_mixin.py:137} INFO - [2023-04-30T01:56:25.234+0000] {dagbag.py:532} INFO - Filling up the DagBag from /home/airflow/.local/lib/python3.7/site-packages/airflow/example_dags/example_python_operator.py
[2023-04-30T01:56:25.979+0000] {logging_mixin.py:137} INFO - [2023-04-30T01:56:25.979+0000] {taskmixin.py:211} WARNING - Dependency <Task(_PythonDecoratedOperator): print_the_context>, log_sql_query already registered for DAG: example_python_operator
[2023-04-30T01:56:25.982+0000] {logging_mixin.py:137} INFO - [2023-04-30T01:56:25.981+0000] {taskmixin.py:211} WARNING - Dependency <Task(_PythonDecoratedOperator): log_sql_query>, print_the_context already registered for DAG: example_python_operator
[2023-04-30T01:56:25.992+0000] {logging_mixin.py:137} INFO - [2023-04-30T01:56:25.991+0000] {taskmixin.py:211} WARNING - Dependency <Task(_PythonDecoratedOperator): print_the_context>, log_sql_query already registered for DAG: example_python_operator
[2023-04-30T01:56:25.994+0000] {logging_mixin.py:137} INFO - [2023-04-30T01:56:25.993+0000] {taskmixin.py:211} WARNING - Dependency <Task(_PythonDecoratedOperator): log_sql_query>, print_the_context already registered for DAG: example_python_operator
[2023-04-30T01:56:26.000+0000] {logging_mixin.py:137} INFO - [2023-04-30T01:56:25.999+0000] {taskmixin.py:211} WARNING - Dependency <Task(_PythonDecoratedOperator): print_the_context>, log_sql_query already registered for DAG: example_python_operator
[2023-04-30T01:56:26.003+0000] {logging_mixin.py:137} INFO - [2023-04-30T01:56:26.002+0000] {taskmixin.py:211} WARNING - Dependency <Task(_PythonDecoratedOperator): log_sql_query>, print_the_context already registered for DAG: example_python_operator
[2023-04-30T01:56:26.009+0000] {logging_mixin.py:137} INFO - [2023-04-30T01:56:26.008+0000] {taskmixin.py:211} WARNING - Dependency <Task(_PythonDecoratedOperator): print_the_context>, log_sql_query already registered for DAG: example_python_operator
[2023-04-30T01:56:26.012+0000] {logging_mixin.py:137} INFO - [2023-04-30T01:56:26.012+0000] {taskmixin.py:211} WARNING - Dependency <Task(_PythonDecoratedOperator): log_sql_query>, print_the_context already registered for DAG: example_python_operator
[2023-04-30T01:56:26.107+0000] {processor.py:753} INFO - DAG(s) dict_keys(['example_python_operator']) retrieved from /home/airflow/.local/lib/python3.7/site-packages/airflow/example_dags/example_python_operator.py
[2023-04-30T01:56:26.558+0000] {logging_mixin.py:137} INFO - [2023-04-30T01:56:26.557+0000] {dag.py:2705} INFO - Sync 1 DAGs
[2023-04-30T01:56:27.001+0000] {logging_mixin.py:137} INFO - [2023-04-30T01:56:27.001+0000] {dag.py:3456} INFO - Setting next_dagrun for example_python_operator to None, run_after=None
[2023-04-30T01:56:27.730+0000] {processor.py:175} INFO - Processing /home/airflow/.local/lib/python3.7/site-packages/airflow/example_dags/example_python_operator.py took 2.663 seconds
[2023-04-30T01:58:50.596+0000] {processor.py:153} INFO - Started process (PID=9785) to work on /home/airflow/.local/lib/python3.7/site-packages/airflow/example_dags/example_python_operator.py
[2023-04-30T01:58:50.619+0000] {processor.py:743} INFO - Processing file /home/airflow/.local/lib/python3.7/site-packages/airflow/example_dags/example_python_operator.py for tasks to queue
[2023-04-30T01:58:50.672+0000] {logging_mixin.py:137} INFO - [2023-04-30T01:58:50.672+0000] {dagbag.py:532} INFO - Filling up the DagBag from /home/airflow/.local/lib/python3.7/site-packages/airflow/example_dags/example_python_operator.py
[2023-04-30T02:41:01.797+0000] {processor.py:153} INFO - Started process (PID=9839) to work on /home/airflow/.local/lib/python3.7/site-packages/airflow/example_dags/example_python_operator.py
[2023-04-30T02:41:01.827+0000] {processor.py:743} INFO - Processing file /home/airflow/.local/lib/python3.7/site-packages/airflow/example_dags/example_python_operator.py for tasks to queue
[2023-04-30T02:41:01.846+0000] {logging_mixin.py:137} INFO - [2023-04-30T02:41:01.840+0000] {dagbag.py:532} INFO - Filling up the DagBag from /home/airflow/.local/lib/python3.7/site-packages/airflow/example_dags/example_python_operator.py
[2023-04-30T02:41:02.262+0000] {logging_mixin.py:137} INFO - [2023-04-30T02:41:02.257+0000] {taskmixin.py:211} WARNING - Dependency <Task(_PythonDecoratedOperator): print_the_context>, log_sql_query already registered for DAG: example_python_operator
[2023-04-30T02:41:02.264+0000] {logging_mixin.py:137} INFO - [2023-04-30T02:41:02.264+0000] {taskmixin.py:211} WARNING - Dependency <Task(_PythonDecoratedOperator): log_sql_query>, print_the_context already registered for DAG: example_python_operator
[2023-04-30T02:41:02.269+0000] {logging_mixin.py:137} INFO - [2023-04-30T02:41:02.269+0000] {taskmixin.py:211} WARNING - Dependency <Task(_PythonDecoratedOperator): print_the_context>, log_sql_query already registered for DAG: example_python_operator
[2023-04-30T02:41:02.273+0000] {logging_mixin.py:137} INFO - [2023-04-30T02:41:02.272+0000] {taskmixin.py:211} WARNING - Dependency <Task(_PythonDecoratedOperator): log_sql_query>, print_the_context already registered for DAG: example_python_operator
[2023-04-30T02:41:02.277+0000] {logging_mixin.py:137} INFO - [2023-04-30T02:41:02.277+0000] {taskmixin.py:211} WARNING - Dependency <Task(_PythonDecoratedOperator): print_the_context>, log_sql_query already registered for DAG: example_python_operator
[2023-04-30T02:41:02.282+0000] {logging_mixin.py:137} INFO - [2023-04-30T02:41:02.281+0000] {taskmixin.py:211} WARNING - Dependency <Task(_PythonDecoratedOperator): log_sql_query>, print_the_context already registered for DAG: example_python_operator
[2023-04-30T02:41:02.296+0000] {logging_mixin.py:137} INFO - [2023-04-30T02:41:02.296+0000] {taskmixin.py:211} WARNING - Dependency <Task(_PythonDecoratedOperator): print_the_context>, log_sql_query already registered for DAG: example_python_operator
[2023-04-30T02:41:02.307+0000] {logging_mixin.py:137} INFO - [2023-04-30T02:41:02.306+0000] {taskmixin.py:211} WARNING - Dependency <Task(_PythonDecoratedOperator): log_sql_query>, print_the_context already registered for DAG: example_python_operator
[2023-04-30T02:41:02.496+0000] {processor.py:753} INFO - DAG(s) dict_keys(['example_python_operator']) retrieved from /home/airflow/.local/lib/python3.7/site-packages/airflow/example_dags/example_python_operator.py
[2023-04-30T02:41:03.660+0000] {logging_mixin.py:137} INFO - [2023-04-30T02:41:03.659+0000] {dag.py:2705} INFO - Sync 1 DAGs
[2023-04-30T02:41:04.400+0000] {logging_mixin.py:137} INFO - [2023-04-30T02:41:04.400+0000] {dag.py:3456} INFO - Setting next_dagrun for example_python_operator to None, run_after=None
[2023-04-30T02:41:04.785+0000] {processor.py:175} INFO - Processing /home/airflow/.local/lib/python3.7/site-packages/airflow/example_dags/example_python_operator.py took 3.025 seconds
