[2023-04-30T01:00:05.481+0000] {processor.py:153} INFO - Started process (PID=9498) to work on /home/airflow/.local/lib/python3.7/site-packages/airflow/example_dags/example_sensors.py
[2023-04-30T01:00:05.487+0000] {processor.py:743} INFO - Processing file /home/airflow/.local/lib/python3.7/site-packages/airflow/example_dags/example_sensors.py for tasks to queue
[2023-04-30T01:00:05.509+0000] {logging_mixin.py:137} INFO - [2023-04-30T01:00:05.491+0000] {dagbag.py:532} INFO - Filling up the DagBag from /home/airflow/.local/lib/python3.7/site-packages/airflow/example_dags/example_sensors.py
[2023-04-30T01:00:05.926+0000] {processor.py:753} INFO - DAG(s) dict_keys(['example_sensors']) retrieved from /home/airflow/.local/lib/python3.7/site-packages/airflow/example_dags/example_sensors.py
[2023-04-30T01:00:06.423+0000] {logging_mixin.py:137} INFO - [2023-04-30T01:00:06.422+0000] {dag.py:2705} INFO - Sync 1 DAGs
[2023-04-30T01:00:06.931+0000] {logging_mixin.py:137} INFO - [2023-04-30T01:00:06.931+0000] {dag.py:3456} INFO - Setting next_dagrun for example_sensors to None, run_after=None
[2023-04-30T01:00:07.278+0000] {processor.py:175} INFO - Processing /home/airflow/.local/lib/python3.7/site-packages/airflow/example_dags/example_sensors.py took 1.826 seconds
[2023-04-30T01:02:03.248+0000] {processor.py:153} INFO - Started process (PID=9571) to work on /home/airflow/.local/lib/python3.7/site-packages/airflow/example_dags/example_sensors.py
[2023-04-30T01:02:03.367+0000] {processor.py:743} INFO - Processing file /home/airflow/.local/lib/python3.7/site-packages/airflow/example_dags/example_sensors.py for tasks to queue
[2023-04-30T01:02:03.467+0000] {logging_mixin.py:137} INFO - [2023-04-30T01:02:03.432+0000] {dagbag.py:532} INFO - Filling up the DagBag from /home/airflow/.local/lib/python3.7/site-packages/airflow/example_dags/example_sensors.py
[2023-04-30T01:02:06.227+0000] {processor.py:753} INFO - DAG(s) dict_keys(['example_sensors']) retrieved from /home/airflow/.local/lib/python3.7/site-packages/airflow/example_dags/example_sensors.py
[2023-04-30T01:02:06.925+0000] {logging_mixin.py:137} INFO - [2023-04-30T01:02:06.925+0000] {dag.py:2705} INFO - Sync 1 DAGs
[2023-04-30T01:02:07.443+0000] {logging_mixin.py:137} INFO - [2023-04-30T01:02:07.407+0000] {dag.py:3456} INFO - Setting next_dagrun for example_sensors to None, run_after=None
[2023-04-30T01:02:09.326+0000] {processor.py:175} INFO - Processing /home/airflow/.local/lib/python3.7/site-packages/airflow/example_dags/example_sensors.py took 6.318 seconds
[2023-04-30T01:37:01.168+0000] {processor.py:153} INFO - Started process (PID=9623) to work on /home/airflow/.local/lib/python3.7/site-packages/airflow/example_dags/example_sensors.py
[2023-04-30T01:37:01.204+0000] {processor.py:743} INFO - Processing file /home/airflow/.local/lib/python3.7/site-packages/airflow/example_dags/example_sensors.py for tasks to queue
[2023-04-30T01:37:01.220+0000] {logging_mixin.py:137} INFO - [2023-04-30T01:37:01.220+0000] {dagbag.py:532} INFO - Filling up the DagBag from /home/airflow/.local/lib/python3.7/site-packages/airflow/example_dags/example_sensors.py
[2023-04-30T01:37:01.885+0000] {processor.py:753} INFO - DAG(s) dict_keys(['example_sensors']) retrieved from /home/airflow/.local/lib/python3.7/site-packages/airflow/example_dags/example_sensors.py
[2023-04-30T01:37:02.053+0000] {logging_mixin.py:137} INFO - [2023-04-30T01:37:02.052+0000] {dag.py:2705} INFO - Sync 1 DAGs
[2023-04-30T01:37:07.437+0000] {logging_mixin.py:137} INFO - [2023-04-30T01:37:07.436+0000] {dag.py:3456} INFO - Setting next_dagrun for example_sensors to None, run_after=None
[2023-04-30T01:37:07.738+0000] {processor.py:175} INFO - Processing /home/airflow/.local/lib/python3.7/site-packages/airflow/example_dags/example_sensors.py took 6.560 seconds
[2023-04-30T01:39:19.979+0000] {processor.py:153} INFO - Started process (PID=9671) to work on /home/airflow/.local/lib/python3.7/site-packages/airflow/example_dags/example_sensors.py
[2023-04-30T01:39:19.987+0000] {processor.py:743} INFO - Processing file /home/airflow/.local/lib/python3.7/site-packages/airflow/example_dags/example_sensors.py for tasks to queue
[2023-04-30T01:39:19.999+0000] {logging_mixin.py:137} INFO - [2023-04-30T01:39:19.998+0000] {dagbag.py:532} INFO - Filling up the DagBag from /home/airflow/.local/lib/python3.7/site-packages/airflow/example_dags/example_sensors.py
[2023-04-30T01:39:20.716+0000] {processor.py:753} INFO - DAG(s) dict_keys(['example_sensors']) retrieved from /home/airflow/.local/lib/python3.7/site-packages/airflow/example_dags/example_sensors.py
[2023-04-30T01:39:39.690+0000] {logging_mixin.py:137} INFO - [2023-04-30T01:39:39.689+0000] {dag.py:2705} INFO - Sync 1 DAGs
[2023-04-30T01:39:40.127+0000] {logging_mixin.py:137} INFO - [2023-04-30T01:39:40.127+0000] {dag.py:3456} INFO - Setting next_dagrun for example_sensors to None, run_after=None
[2023-04-30T01:39:40.280+0000] {processor.py:175} INFO - Processing /home/airflow/.local/lib/python3.7/site-packages/airflow/example_dags/example_sensors.py took 20.355 seconds
[2023-04-30T01:56:48.104+0000] {processor.py:153} INFO - Started process (PID=9731) to work on /home/airflow/.local/lib/python3.7/site-packages/airflow/example_dags/example_sensors.py
[2023-04-30T01:56:48.113+0000] {processor.py:743} INFO - Processing file /home/airflow/.local/lib/python3.7/site-packages/airflow/example_dags/example_sensors.py for tasks to queue
[2023-04-30T01:56:48.153+0000] {logging_mixin.py:137} INFO - [2023-04-30T01:56:48.151+0000] {dagbag.py:532} INFO - Filling up the DagBag from /home/airflow/.local/lib/python3.7/site-packages/airflow/example_dags/example_sensors.py
[2023-04-30T01:56:48.592+0000] {processor.py:753} INFO - DAG(s) dict_keys(['example_sensors']) retrieved from /home/airflow/.local/lib/python3.7/site-packages/airflow/example_dags/example_sensors.py
[2023-04-30T01:56:52.192+0000] {logging_mixin.py:137} INFO - [2023-04-30T01:56:52.186+0000] {dag.py:2705} INFO - Sync 1 DAGs
[2023-04-30T01:56:52.716+0000] {logging_mixin.py:137} INFO - [2023-04-30T01:56:52.716+0000] {dag.py:3456} INFO - Setting next_dagrun for example_sensors to None, run_after=None
[2023-04-30T01:56:53.098+0000] {processor.py:175} INFO - Processing /home/airflow/.local/lib/python3.7/site-packages/airflow/example_dags/example_sensors.py took 5.016 seconds
[2023-04-30T02:16:15.578+0000] {processor.py:153} INFO - Started process (PID=9798) to work on /home/airflow/.local/lib/python3.7/site-packages/airflow/example_dags/example_sensors.py
[2023-04-30T02:16:15.615+0000] {processor.py:743} INFO - Processing file /home/airflow/.local/lib/python3.7/site-packages/airflow/example_dags/example_sensors.py for tasks to queue
[2023-04-30T02:16:15.631+0000] {logging_mixin.py:137} INFO - [2023-04-30T02:16:15.631+0000] {dagbag.py:532} INFO - Filling up the DagBag from /home/airflow/.local/lib/python3.7/site-packages/airflow/example_dags/example_sensors.py
[2023-04-30T02:16:16.050+0000] {processor.py:753} INFO - DAG(s) dict_keys(['example_sensors']) retrieved from /home/airflow/.local/lib/python3.7/site-packages/airflow/example_dags/example_sensors.py
[2023-04-30T02:16:16.358+0000] {logging_mixin.py:137} INFO - [2023-04-30T02:16:16.358+0000] {dag.py:2705} INFO - Sync 1 DAGs
[2023-04-30T02:16:16.570+0000] {logging_mixin.py:137} INFO - [2023-04-30T02:16:16.570+0000] {dag.py:3456} INFO - Setting next_dagrun for example_sensors to None, run_after=None
[2023-04-30T02:16:16.810+0000] {processor.py:175} INFO - Processing /home/airflow/.local/lib/python3.7/site-packages/airflow/example_dags/example_sensors.py took 1.235 seconds
[2023-04-30T02:41:15.977+0000] {processor.py:153} INFO - Started process (PID=9845) to work on /home/airflow/.local/lib/python3.7/site-packages/airflow/example_dags/example_sensors.py
[2023-04-30T02:41:16.011+0000] {processor.py:743} INFO - Processing file /home/airflow/.local/lib/python3.7/site-packages/airflow/example_dags/example_sensors.py for tasks to queue
[2023-04-30T02:41:16.033+0000] {logging_mixin.py:137} INFO - [2023-04-30T02:41:16.033+0000] {dagbag.py:532} INFO - Filling up the DagBag from /home/airflow/.local/lib/python3.7/site-packages/airflow/example_dags/example_sensors.py
[2023-04-30T02:41:16.362+0000] {processor.py:753} INFO - DAG(s) dict_keys(['example_sensors']) retrieved from /home/airflow/.local/lib/python3.7/site-packages/airflow/example_dags/example_sensors.py
[2023-04-30T02:41:18.101+0000] {logging_mixin.py:137} INFO - [2023-04-30T02:41:18.101+0000] {dag.py:2705} INFO - Sync 1 DAGs
[2023-04-30T02:41:19.276+0000] {logging_mixin.py:137} INFO - [2023-04-30T02:41:19.276+0000] {dag.py:3456} INFO - Setting next_dagrun for example_sensors to None, run_after=None
[2023-04-30T02:41:20.617+0000] {processor.py:175} INFO - Processing /home/airflow/.local/lib/python3.7/site-packages/airflow/example_dags/example_sensors.py took 4.772 seconds
