[2023-04-30T01:00:43.473+0000] {processor.py:153} INFO - Started process (PID=9529) to work on /home/airflow/.local/lib/python3.7/site-packages/airflow/example_dags/example_dynamic_task_mapping.py
[2023-04-30T01:00:43.496+0000] {processor.py:743} INFO - Processing file /home/airflow/.local/lib/python3.7/site-packages/airflow/example_dags/example_dynamic_task_mapping.py for tasks to queue
[2023-04-30T01:00:43.500+0000] {logging_mixin.py:137} INFO - [2023-04-30T01:00:43.500+0000] {dagbag.py:532} INFO - Filling up the DagBag from /home/airflow/.local/lib/python3.7/site-packages/airflow/example_dags/example_dynamic_task_mapping.py
[2023-04-30T01:00:43.806+0000] {processor.py:753} INFO - DAG(s) dict_keys(['example_dynamic_task_mapping']) retrieved from /home/airflow/.local/lib/python3.7/site-packages/airflow/example_dags/example_dynamic_task_mapping.py
[2023-04-30T01:00:44.136+0000] {logging_mixin.py:137} INFO - [2023-04-30T01:00:44.136+0000] {dag.py:2705} INFO - Sync 1 DAGs
[2023-04-30T01:00:44.338+0000] {logging_mixin.py:137} INFO - [2023-04-30T01:00:44.338+0000] {dag.py:3456} INFO - Setting next_dagrun for example_dynamic_task_mapping to 2022-03-04T00:00:00+00:00, run_after=2022-03-05T00:00:00+00:00
[2023-04-30T01:00:44.626+0000] {processor.py:175} INFO - Processing /home/airflow/.local/lib/python3.7/site-packages/airflow/example_dags/example_dynamic_task_mapping.py took 1.175 seconds
[2023-04-30T01:35:07.482+0000] {processor.py:153} INFO - Started process (PID=9596) to work on /home/airflow/.local/lib/python3.7/site-packages/airflow/example_dags/example_dynamic_task_mapping.py
[2023-04-30T01:35:07.492+0000] {processor.py:743} INFO - Processing file /home/airflow/.local/lib/python3.7/site-packages/airflow/example_dags/example_dynamic_task_mapping.py for tasks to queue
[2023-04-30T01:35:07.502+0000] {logging_mixin.py:137} INFO - [2023-04-30T01:35:07.502+0000] {dagbag.py:532} INFO - Filling up the DagBag from /home/airflow/.local/lib/python3.7/site-packages/airflow/example_dags/example_dynamic_task_mapping.py
[2023-04-30T01:35:07.841+0000] {processor.py:753} INFO - DAG(s) dict_keys(['example_dynamic_task_mapping']) retrieved from /home/airflow/.local/lib/python3.7/site-packages/airflow/example_dags/example_dynamic_task_mapping.py
[2023-04-30T01:35:08.101+0000] {logging_mixin.py:137} INFO - [2023-04-30T01:35:08.101+0000] {dag.py:2705} INFO - Sync 1 DAGs
[2023-04-30T01:35:08.215+0000] {logging_mixin.py:137} INFO - [2023-04-30T01:35:08.214+0000] {dag.py:3456} INFO - Setting next_dagrun for example_dynamic_task_mapping to 2022-03-04T00:00:00+00:00, run_after=2022-03-05T00:00:00+00:00
[2023-04-30T01:35:08.350+0000] {processor.py:175} INFO - Processing /home/airflow/.local/lib/python3.7/site-packages/airflow/example_dags/example_dynamic_task_mapping.py took 0.889 seconds
[2023-04-30T01:56:15.228+0000] {processor.py:153} INFO - Started process (PID=9696) to work on /home/airflow/.local/lib/python3.7/site-packages/airflow/example_dags/example_dynamic_task_mapping.py
[2023-04-30T01:56:15.264+0000] {processor.py:743} INFO - Processing file /home/airflow/.local/lib/python3.7/site-packages/airflow/example_dags/example_dynamic_task_mapping.py for tasks to queue
[2023-04-30T01:56:15.327+0000] {logging_mixin.py:137} INFO - [2023-04-30T01:56:15.327+0000] {dagbag.py:532} INFO - Filling up the DagBag from /home/airflow/.local/lib/python3.7/site-packages/airflow/example_dags/example_dynamic_task_mapping.py
[2023-04-30T01:56:15.956+0000] {processor.py:753} INFO - DAG(s) dict_keys(['example_dynamic_task_mapping']) retrieved from /home/airflow/.local/lib/python3.7/site-packages/airflow/example_dags/example_dynamic_task_mapping.py
[2023-04-30T01:56:16.312+0000] {logging_mixin.py:137} INFO - [2023-04-30T01:56:16.311+0000] {dag.py:2705} INFO - Sync 1 DAGs
[2023-04-30T01:56:16.580+0000] {logging_mixin.py:137} INFO - [2023-04-30T01:56:16.579+0000] {dag.py:3456} INFO - Setting next_dagrun for example_dynamic_task_mapping to 2022-03-04T00:00:00+00:00, run_after=2022-03-05T00:00:00+00:00
[2023-04-30T01:56:16.746+0000] {processor.py:175} INFO - Processing /home/airflow/.local/lib/python3.7/site-packages/airflow/example_dags/example_dynamic_task_mapping.py took 1.629 seconds
[2023-04-30T02:38:17.838+0000] {processor.py:153} INFO - Started process (PID=9823) to work on /home/airflow/.local/lib/python3.7/site-packages/airflow/example_dags/example_dynamic_task_mapping.py
[2023-04-30T02:38:17.856+0000] {processor.py:743} INFO - Processing file /home/airflow/.local/lib/python3.7/site-packages/airflow/example_dags/example_dynamic_task_mapping.py for tasks to queue
[2023-04-30T02:38:17.864+0000] {logging_mixin.py:137} INFO - [2023-04-30T02:38:17.862+0000] {dagbag.py:532} INFO - Filling up the DagBag from /home/airflow/.local/lib/python3.7/site-packages/airflow/example_dags/example_dynamic_task_mapping.py
[2023-04-30T02:38:18.292+0000] {processor.py:753} INFO - DAG(s) dict_keys(['example_dynamic_task_mapping']) retrieved from /home/airflow/.local/lib/python3.7/site-packages/airflow/example_dags/example_dynamic_task_mapping.py
[2023-04-30T02:38:18.435+0000] {logging_mixin.py:137} INFO - [2023-04-30T02:38:18.435+0000] {dag.py:2705} INFO - Sync 1 DAGs
[2023-04-30T02:38:18.607+0000] {logging_mixin.py:137} INFO - [2023-04-30T02:38:18.606+0000] {dag.py:3456} INFO - Setting next_dagrun for example_dynamic_task_mapping to 2022-03-04T00:00:00+00:00, run_after=2022-03-05T00:00:00+00:00
[2023-04-30T02:38:18.823+0000] {processor.py:175} INFO - Processing /home/airflow/.local/lib/python3.7/site-packages/airflow/example_dags/example_dynamic_task_mapping.py took 1.050 seconds
