[2023-04-30T00:59:05.349+0000] {processor.py:153} INFO - Started process (PID=9468) to work on /home/airflow/.local/lib/python3.7/site-packages/airflow/example_dags/example_subdag_operator.py
[2023-04-30T00:59:05.400+0000] {processor.py:743} INFO - Processing file /home/airflow/.local/lib/python3.7/site-packages/airflow/example_dags/example_subdag_operator.py for tasks to queue
[2023-04-30T00:59:05.490+0000] {logging_mixin.py:137} INFO - [2023-04-30T00:59:05.489+0000] {dagbag.py:532} INFO - Filling up the DagBag from /home/airflow/.local/lib/python3.7/site-packages/airflow/example_dags/example_subdag_operator.py
[2023-04-30T00:59:06.354+0000] {processor.py:753} INFO - DAG(s) dict_keys(['example_subdag_operator.section-1', 'example_subdag_operator.section-2', 'example_subdag_operator']) retrieved from /home/airflow/.local/lib/python3.7/site-packages/airflow/example_dags/example_subdag_operator.py
[2023-04-30T00:59:06.685+0000] {logging_mixin.py:137} INFO - [2023-04-30T00:59:06.684+0000] {dag.py:2705} INFO - Sync 3 DAGs
[2023-04-30T00:59:07.231+0000] {logging_mixin.py:137} INFO - [2023-04-30T00:59:07.231+0000] {dag.py:3456} INFO - Setting next_dagrun for example_subdag_operator to 2022-01-01T00:00:00+00:00, run_after=2022-01-01T00:00:00+00:00
[2023-04-30T00:59:07.294+0000] {logging_mixin.py:137} INFO - [2023-04-30T00:59:07.293+0000] {dag.py:3456} INFO - Setting next_dagrun for example_subdag_operator.section-1 to None, run_after=None
[2023-04-30T00:59:07.309+0000] {logging_mixin.py:137} INFO - [2023-04-30T00:59:07.309+0000] {dag.py:3456} INFO - Setting next_dagrun for example_subdag_operator.section-2 to None, run_after=None
[2023-04-30T00:59:07.436+0000] {logging_mixin.py:137} INFO - [2023-04-30T00:59:07.436+0000] {dag.py:2705} INFO - Sync 2 DAGs
[2023-04-30T00:59:07.589+0000] {logging_mixin.py:137} INFO - [2023-04-30T00:59:07.589+0000] {dag.py:3456} INFO - Setting next_dagrun for example_subdag_operator.section-1 to None, run_after=None
[2023-04-30T00:59:07.610+0000] {logging_mixin.py:137} INFO - [2023-04-30T00:59:07.610+0000] {dag.py:3456} INFO - Setting next_dagrun for example_subdag_operator.section-2 to None, run_after=None
[2023-04-30T00:59:07.839+0000] {processor.py:175} INFO - Processing /home/airflow/.local/lib/python3.7/site-packages/airflow/example_dags/example_subdag_operator.py took 2.734 seconds
[2023-04-30T01:01:02.334+0000] {processor.py:153} INFO - Started process (PID=9537) to work on /home/airflow/.local/lib/python3.7/site-packages/airflow/example_dags/example_subdag_operator.py
[2023-04-30T01:01:02.347+0000] {processor.py:743} INFO - Processing file /home/airflow/.local/lib/python3.7/site-packages/airflow/example_dags/example_subdag_operator.py for tasks to queue
[2023-04-30T01:01:02.350+0000] {logging_mixin.py:137} INFO - [2023-04-30T01:01:02.350+0000] {dagbag.py:532} INFO - Filling up the DagBag from /home/airflow/.local/lib/python3.7/site-packages/airflow/example_dags/example_subdag_operator.py
[2023-04-30T01:01:06.387+0000] {processor.py:753} INFO - DAG(s) dict_keys(['example_subdag_operator.section-1', 'example_subdag_operator.section-2', 'example_subdag_operator']) retrieved from /home/airflow/.local/lib/python3.7/site-packages/airflow/example_dags/example_subdag_operator.py
[2023-04-30T01:01:06.952+0000] {logging_mixin.py:137} INFO - [2023-04-30T01:01:06.952+0000] {dag.py:2705} INFO - Sync 3 DAGs
[2023-04-30T01:01:07.428+0000] {logging_mixin.py:137} INFO - [2023-04-30T01:01:07.428+0000] {dag.py:3456} INFO - Setting next_dagrun for example_subdag_operator to 2022-01-01T00:00:00+00:00, run_after=2022-01-01T00:00:00+00:00
[2023-04-30T01:01:07.945+0000] {logging_mixin.py:137} INFO - [2023-04-30T01:01:07.884+0000] {dag.py:3456} INFO - Setting next_dagrun for example_subdag_operator.section-1 to None, run_after=None
[2023-04-30T01:01:07.965+0000] {logging_mixin.py:137} INFO - [2023-04-30T01:01:07.965+0000] {dag.py:3456} INFO - Setting next_dagrun for example_subdag_operator.section-2 to None, run_after=None
[2023-04-30T01:01:08.138+0000] {logging_mixin.py:137} INFO - [2023-04-30T01:01:08.091+0000] {dag.py:2705} INFO - Sync 2 DAGs
[2023-04-30T01:01:08.382+0000] {logging_mixin.py:137} INFO - [2023-04-30T01:01:08.268+0000] {dag.py:3456} INFO - Setting next_dagrun for example_subdag_operator.section-1 to None, run_after=None
[2023-04-30T01:01:08.413+0000] {logging_mixin.py:137} INFO - [2023-04-30T01:01:08.412+0000] {dag.py:3456} INFO - Setting next_dagrun for example_subdag_operator.section-2 to None, run_after=None
[2023-04-30T01:01:10.334+0000] {processor.py:175} INFO - Processing /home/airflow/.local/lib/python3.7/site-packages/airflow/example_dags/example_subdag_operator.py took 8.045 seconds
[2023-04-30T01:38:34.360+0000] {processor.py:153} INFO - Started process (PID=9645) to work on /home/airflow/.local/lib/python3.7/site-packages/airflow/example_dags/example_subdag_operator.py
[2023-04-30T01:38:34.369+0000] {processor.py:743} INFO - Processing file /home/airflow/.local/lib/python3.7/site-packages/airflow/example_dags/example_subdag_operator.py for tasks to queue
[2023-04-30T01:38:34.382+0000] {logging_mixin.py:137} INFO - [2023-04-30T01:38:34.379+0000] {dagbag.py:532} INFO - Filling up the DagBag from /home/airflow/.local/lib/python3.7/site-packages/airflow/example_dags/example_subdag_operator.py
[2023-04-30T01:38:34.912+0000] {processor.py:753} INFO - DAG(s) dict_keys(['example_subdag_operator.section-1', 'example_subdag_operator.section-2', 'example_subdag_operator']) retrieved from /home/airflow/.local/lib/python3.7/site-packages/airflow/example_dags/example_subdag_operator.py
[2023-04-30T01:38:35.193+0000] {logging_mixin.py:137} INFO - [2023-04-30T01:38:35.193+0000] {dag.py:2705} INFO - Sync 3 DAGs
[2023-04-30T01:38:35.499+0000] {logging_mixin.py:137} INFO - [2023-04-30T01:38:35.499+0000] {dag.py:3456} INFO - Setting next_dagrun for example_subdag_operator to 2022-01-01T00:00:00+00:00, run_after=2022-01-01T00:00:00+00:00
[2023-04-30T01:38:35.566+0000] {logging_mixin.py:137} INFO - [2023-04-30T01:38:35.566+0000] {dag.py:3456} INFO - Setting next_dagrun for example_subdag_operator.section-1 to None, run_after=None
[2023-04-30T01:38:35.573+0000] {logging_mixin.py:137} INFO - [2023-04-30T01:38:35.573+0000] {dag.py:3456} INFO - Setting next_dagrun for example_subdag_operator.section-2 to None, run_after=None
[2023-04-30T01:38:35.693+0000] {logging_mixin.py:137} INFO - [2023-04-30T01:38:35.693+0000] {dag.py:2705} INFO - Sync 2 DAGs
[2023-04-30T01:38:35.784+0000] {logging_mixin.py:137} INFO - [2023-04-30T01:38:35.784+0000] {dag.py:3456} INFO - Setting next_dagrun for example_subdag_operator.section-1 to None, run_after=None
[2023-04-30T01:38:35.809+0000] {logging_mixin.py:137} INFO - [2023-04-30T01:38:35.808+0000] {dag.py:3456} INFO - Setting next_dagrun for example_subdag_operator.section-2 to None, run_after=None
[2023-04-30T01:38:35.946+0000] {processor.py:175} INFO - Processing /home/airflow/.local/lib/python3.7/site-packages/airflow/example_dags/example_subdag_operator.py took 1.670 seconds
[2023-04-30T01:58:07.030+0000] {processor.py:153} INFO - Started process (PID=9764) to work on /home/airflow/.local/lib/python3.7/site-packages/airflow/example_dags/example_subdag_operator.py
[2023-04-30T01:58:07.045+0000] {processor.py:743} INFO - Processing file /home/airflow/.local/lib/python3.7/site-packages/airflow/example_dags/example_subdag_operator.py for tasks to queue
[2023-04-30T01:58:07.068+0000] {logging_mixin.py:137} INFO - [2023-04-30T01:58:07.058+0000] {dagbag.py:532} INFO - Filling up the DagBag from /home/airflow/.local/lib/python3.7/site-packages/airflow/example_dags/example_subdag_operator.py
[2023-04-30T01:58:07.634+0000] {processor.py:753} INFO - DAG(s) dict_keys(['example_subdag_operator.section-1', 'example_subdag_operator.section-2', 'example_subdag_operator']) retrieved from /home/airflow/.local/lib/python3.7/site-packages/airflow/example_dags/example_subdag_operator.py
[2023-04-30T01:58:18.325+0000] {logging_mixin.py:137} INFO - [2023-04-30T01:58:18.324+0000] {dag.py:2705} INFO - Sync 3 DAGs
[2023-04-30T01:58:19.630+0000] {logging_mixin.py:137} INFO - [2023-04-30T01:58:19.628+0000] {dag.py:3456} INFO - Setting next_dagrun for example_subdag_operator to 2022-01-01T00:00:00+00:00, run_after=2022-01-01T00:00:00+00:00
[2023-04-30T01:58:19.775+0000] {logging_mixin.py:137} INFO - [2023-04-30T01:58:19.775+0000] {dag.py:3456} INFO - Setting next_dagrun for example_subdag_operator.section-1 to None, run_after=None
[2023-04-30T01:58:19.827+0000] {logging_mixin.py:137} INFO - [2023-04-30T01:58:19.826+0000] {dag.py:3456} INFO - Setting next_dagrun for example_subdag_operator.section-2 to None, run_after=None
[2023-04-30T01:58:20.433+0000] {logging_mixin.py:137} INFO - [2023-04-30T01:58:20.432+0000] {dag.py:2705} INFO - Sync 2 DAGs
[2023-04-30T01:58:21.292+0000] {logging_mixin.py:137} INFO - [2023-04-30T01:58:21.286+0000] {dag.py:3456} INFO - Setting next_dagrun for example_subdag_operator.section-1 to None, run_after=None
[2023-04-30T01:58:21.293+0000] {logging_mixin.py:137} INFO - [2023-04-30T01:58:21.293+0000] {dag.py:3456} INFO - Setting next_dagrun for example_subdag_operator.section-2 to None, run_after=None
[2023-04-30T01:58:21.570+0000] {processor.py:175} INFO - Processing /home/airflow/.local/lib/python3.7/site-packages/airflow/example_dags/example_subdag_operator.py took 14.604 seconds
