[2023-04-30T01:00:40.794+0000] {processor.py:153} INFO - Started process (PID=9520) to work on /home/airflow/.local/lib/python3.7/site-packages/airflow/example_dags/example_short_circuit_decorator.py
[2023-04-30T01:00:40.810+0000] {processor.py:743} INFO - Processing file /home/airflow/.local/lib/python3.7/site-packages/airflow/example_dags/example_short_circuit_decorator.py for tasks to queue
[2023-04-30T01:00:40.816+0000] {logging_mixin.py:137} INFO - [2023-04-30T01:00:40.816+0000] {dagbag.py:532} INFO - Filling up the DagBag from /home/airflow/.local/lib/python3.7/site-packages/airflow/example_dags/example_short_circuit_decorator.py
[2023-04-30T01:00:41.151+0000] {processor.py:753} INFO - DAG(s) dict_keys(['example_short_circuit_decorator']) retrieved from /home/airflow/.local/lib/python3.7/site-packages/airflow/example_dags/example_short_circuit_decorator.py
[2023-04-30T01:00:42.565+0000] {logging_mixin.py:137} INFO - [2023-04-30T01:00:42.564+0000] {dag.py:2705} INFO - Sync 1 DAGs
[2023-04-30T01:00:42.815+0000] {logging_mixin.py:137} INFO - [2023-04-30T01:00:42.815+0000] {dag.py:3456} INFO - Setting next_dagrun for example_short_circuit_decorator to 2023-04-29T01:00:42.814868+00:00, run_after=2023-04-30T01:00:42.814868+00:00
[2023-04-30T01:00:43.238+0000] {processor.py:175} INFO - Processing /home/airflow/.local/lib/python3.7/site-packages/airflow/example_dags/example_short_circuit_decorator.py took 2.493 seconds
[2023-04-30T01:35:05.502+0000] {processor.py:153} INFO - Started process (PID=9594) to work on /home/airflow/.local/lib/python3.7/site-packages/airflow/example_dags/example_short_circuit_decorator.py
[2023-04-30T01:35:05.538+0000] {processor.py:743} INFO - Processing file /home/airflow/.local/lib/python3.7/site-packages/airflow/example_dags/example_short_circuit_decorator.py for tasks to queue
[2023-04-30T01:35:05.551+0000] {logging_mixin.py:137} INFO - [2023-04-30T01:35:05.551+0000] {dagbag.py:532} INFO - Filling up the DagBag from /home/airflow/.local/lib/python3.7/site-packages/airflow/example_dags/example_short_circuit_decorator.py
[2023-04-30T01:35:06.080+0000] {processor.py:753} INFO - DAG(s) dict_keys(['example_short_circuit_decorator']) retrieved from /home/airflow/.local/lib/python3.7/site-packages/airflow/example_dags/example_short_circuit_decorator.py
[2023-04-30T01:35:06.292+0000] {logging_mixin.py:137} INFO - [2023-04-30T01:35:06.291+0000] {dag.py:2705} INFO - Sync 1 DAGs
[2023-04-30T01:35:06.747+0000] {logging_mixin.py:137} INFO - [2023-04-30T01:35:06.747+0000] {dag.py:3456} INFO - Setting next_dagrun for example_short_circuit_decorator to 2023-04-29T01:35:06.731892+00:00, run_after=2023-04-30T01:35:06.731892+00:00
[2023-04-30T01:35:06.995+0000] {processor.py:175} INFO - Processing /home/airflow/.local/lib/python3.7/site-packages/airflow/example_dags/example_short_circuit_decorator.py took 1.519 seconds
[2023-04-30T01:56:13.045+0000] {processor.py:153} INFO - Started process (PID=9694) to work on /home/airflow/.local/lib/python3.7/site-packages/airflow/example_dags/example_short_circuit_decorator.py
[2023-04-30T01:56:13.062+0000] {processor.py:743} INFO - Processing file /home/airflow/.local/lib/python3.7/site-packages/airflow/example_dags/example_short_circuit_decorator.py for tasks to queue
[2023-04-30T01:56:13.086+0000] {logging_mixin.py:137} INFO - [2023-04-30T01:56:13.077+0000] {dagbag.py:532} INFO - Filling up the DagBag from /home/airflow/.local/lib/python3.7/site-packages/airflow/example_dags/example_short_circuit_decorator.py
[2023-04-30T01:56:13.692+0000] {processor.py:753} INFO - DAG(s) dict_keys(['example_short_circuit_decorator']) retrieved from /home/airflow/.local/lib/python3.7/site-packages/airflow/example_dags/example_short_circuit_decorator.py
[2023-04-30T01:56:14.173+0000] {logging_mixin.py:137} INFO - [2023-04-30T01:56:14.173+0000] {dag.py:2705} INFO - Sync 1 DAGs
[2023-04-30T01:56:14.563+0000] {logging_mixin.py:137} INFO - [2023-04-30T01:56:14.563+0000] {dag.py:3456} INFO - Setting next_dagrun for example_short_circuit_decorator to 2023-04-29T01:56:14.562876+00:00, run_after=2023-04-30T01:56:14.562876+00:00
[2023-04-30T01:56:15.273+0000] {processor.py:175} INFO - Processing /home/airflow/.local/lib/python3.7/site-packages/airflow/example_dags/example_short_circuit_decorator.py took 2.318 seconds
[2023-04-30T02:38:15.217+0000] {processor.py:153} INFO - Started process (PID=9821) to work on /home/airflow/.local/lib/python3.7/site-packages/airflow/example_dags/example_short_circuit_decorator.py
[2023-04-30T02:38:15.242+0000] {processor.py:743} INFO - Processing file /home/airflow/.local/lib/python3.7/site-packages/airflow/example_dags/example_short_circuit_decorator.py for tasks to queue
[2023-04-30T02:38:15.273+0000] {logging_mixin.py:137} INFO - [2023-04-30T02:38:15.273+0000] {dagbag.py:532} INFO - Filling up the DagBag from /home/airflow/.local/lib/python3.7/site-packages/airflow/example_dags/example_short_circuit_decorator.py
[2023-04-30T02:38:16.072+0000] {processor.py:753} INFO - DAG(s) dict_keys(['example_short_circuit_decorator']) retrieved from /home/airflow/.local/lib/python3.7/site-packages/airflow/example_dags/example_short_circuit_decorator.py
[2023-04-30T02:38:16.705+0000] {logging_mixin.py:137} INFO - [2023-04-30T02:38:16.705+0000] {dag.py:2705} INFO - Sync 1 DAGs
[2023-04-30T02:38:17.154+0000] {logging_mixin.py:137} INFO - [2023-04-30T02:38:17.152+0000] {dag.py:3456} INFO - Setting next_dagrun for example_short_circuit_decorator to 2023-04-29T02:38:17.111652+00:00, run_after=2023-04-30T02:38:17.111652+00:00
[2023-04-30T02:38:17.560+0000] {processor.py:175} INFO - Processing /home/airflow/.local/lib/python3.7/site-packages/airflow/example_dags/example_short_circuit_decorator.py took 2.410 seconds
