[2023-04-30T01:00:21.553+0000] {processor.py:153} INFO - Started process (PID=9512) to work on /home/airflow/.local/lib/python3.7/site-packages/airflow/example_dags/example_branch_operator_decorator.py
[2023-04-30T01:00:21.607+0000] {processor.py:743} INFO - Processing file /home/airflow/.local/lib/python3.7/site-packages/airflow/example_dags/example_branch_operator_decorator.py for tasks to queue
[2023-04-30T01:00:21.642+0000] {logging_mixin.py:137} INFO - [2023-04-30T01:00:21.642+0000] {dagbag.py:532} INFO - Filling up the DagBag from /home/airflow/.local/lib/python3.7/site-packages/airflow/example_dags/example_branch_operator_decorator.py
[2023-04-30T01:00:22.076+0000] {processor.py:753} INFO - DAG(s) dict_keys(['example_branch_python_operator_decorator']) retrieved from /home/airflow/.local/lib/python3.7/site-packages/airflow/example_dags/example_branch_operator_decorator.py
[2023-04-30T01:00:22.515+0000] {logging_mixin.py:137} INFO - [2023-04-30T01:00:22.514+0000] {dag.py:2705} INFO - Sync 1 DAGs
[2023-04-30T01:00:22.852+0000] {logging_mixin.py:137} INFO - [2023-04-30T01:00:22.852+0000] {dag.py:3456} INFO - Setting next_dagrun for example_branch_python_operator_decorator to 2023-04-29T00:00:00+00:00, run_after=2023-04-30T00:00:00+00:00
[2023-04-30T01:00:23.286+0000] {processor.py:175} INFO - Processing /home/airflow/.local/lib/python3.7/site-packages/airflow/example_dags/example_branch_operator_decorator.py took 1.816 seconds
[2023-04-30T01:02:22.377+0000] {processor.py:153} INFO - Started process (PID=9579) to work on /home/airflow/.local/lib/python3.7/site-packages/airflow/example_dags/example_branch_operator_decorator.py
[2023-04-30T01:02:22.388+0000] {processor.py:743} INFO - Processing file /home/airflow/.local/lib/python3.7/site-packages/airflow/example_dags/example_branch_operator_decorator.py for tasks to queue
[2023-04-30T01:02:22.405+0000] {logging_mixin.py:137} INFO - [2023-04-30T01:02:22.398+0000] {dagbag.py:532} INFO - Filling up the DagBag from /home/airflow/.local/lib/python3.7/site-packages/airflow/example_dags/example_branch_operator_decorator.py
[2023-04-30T01:34:48.018+0000] {processor.py:753} INFO - DAG(s) dict_keys(['example_branch_python_operator_decorator']) retrieved from /home/airflow/.local/lib/python3.7/site-packages/airflow/example_dags/example_branch_operator_decorator.py
[2023-04-30T01:40:01.431+0000] {processor.py:153} INFO - Started process (PID=9679) to work on /home/airflow/.local/lib/python3.7/site-packages/airflow/example_dags/example_branch_operator_decorator.py
[2023-04-30T01:40:01.441+0000] {processor.py:743} INFO - Processing file /home/airflow/.local/lib/python3.7/site-packages/airflow/example_dags/example_branch_operator_decorator.py for tasks to queue
[2023-04-30T01:40:01.455+0000] {logging_mixin.py:137} INFO - [2023-04-30T01:40:01.447+0000] {dagbag.py:532} INFO - Filling up the DagBag from /home/airflow/.local/lib/python3.7/site-packages/airflow/example_dags/example_branch_operator_decorator.py
[2023-04-30T01:40:02.785+0000] {processor.py:753} INFO - DAG(s) dict_keys(['example_branch_python_operator_decorator']) retrieved from /home/airflow/.local/lib/python3.7/site-packages/airflow/example_dags/example_branch_operator_decorator.py
[2023-04-30T01:40:10.649+0000] {logging_mixin.py:137} INFO - [2023-04-30T01:40:10.648+0000] {dag.py:2705} INFO - Sync 1 DAGs
[2023-04-30T01:40:16.447+0000] {logging_mixin.py:137} INFO - [2023-04-30T01:40:16.408+0000] {dag.py:3456} INFO - Setting next_dagrun for example_branch_python_operator_decorator to 2023-04-29T00:00:00+00:00, run_after=2023-04-30T00:00:00+00:00
[2023-04-30T01:40:16.961+0000] {processor.py:175} INFO - Processing /home/airflow/.local/lib/python3.7/site-packages/airflow/example_dags/example_branch_operator_decorator.py took 15.611 seconds
[2023-04-30T01:57:22.458+0000] {processor.py:153} INFO - Started process (PID=9745) to work on /home/airflow/.local/lib/python3.7/site-packages/airflow/example_dags/example_branch_operator_decorator.py
[2023-04-30T01:57:22.474+0000] {processor.py:743} INFO - Processing file /home/airflow/.local/lib/python3.7/site-packages/airflow/example_dags/example_branch_operator_decorator.py for tasks to queue
[2023-04-30T01:57:22.490+0000] {logging_mixin.py:137} INFO - [2023-04-30T01:57:22.484+0000] {dagbag.py:532} INFO - Filling up the DagBag from /home/airflow/.local/lib/python3.7/site-packages/airflow/example_dags/example_branch_operator_decorator.py
[2023-04-30T01:57:24.141+0000] {processor.py:753} INFO - DAG(s) dict_keys(['example_branch_python_operator_decorator']) retrieved from /home/airflow/.local/lib/python3.7/site-packages/airflow/example_dags/example_branch_operator_decorator.py
[2023-04-30T01:57:31.103+0000] {logging_mixin.py:137} INFO - [2023-04-30T01:57:31.099+0000] {dag.py:2705} INFO - Sync 1 DAGs
[2023-04-30T01:57:31.690+0000] {logging_mixin.py:137} INFO - [2023-04-30T01:57:31.690+0000] {dag.py:3456} INFO - Setting next_dagrun for example_branch_python_operator_decorator to 2023-04-29T00:00:00+00:00, run_after=2023-04-30T00:00:00+00:00
[2023-04-30T01:57:31.877+0000] {processor.py:175} INFO - Processing /home/airflow/.local/lib/python3.7/site-packages/airflow/example_dags/example_branch_operator_decorator.py took 9.542 seconds
[2023-04-30T02:16:31.013+0000] {processor.py:153} INFO - Started process (PID=9813) to work on /home/airflow/.local/lib/python3.7/site-packages/airflow/example_dags/example_branch_operator_decorator.py
[2023-04-30T02:16:31.024+0000] {processor.py:743} INFO - Processing file /home/airflow/.local/lib/python3.7/site-packages/airflow/example_dags/example_branch_operator_decorator.py for tasks to queue
[2023-04-30T02:16:31.026+0000] {logging_mixin.py:137} INFO - [2023-04-30T02:16:31.026+0000] {dagbag.py:532} INFO - Filling up the DagBag from /home/airflow/.local/lib/python3.7/site-packages/airflow/example_dags/example_branch_operator_decorator.py
[2023-04-30T02:16:31.430+0000] {processor.py:753} INFO - DAG(s) dict_keys(['example_branch_python_operator_decorator']) retrieved from /home/airflow/.local/lib/python3.7/site-packages/airflow/example_dags/example_branch_operator_decorator.py
[2023-04-30T02:16:31.777+0000] {logging_mixin.py:137} INFO - [2023-04-30T02:16:31.777+0000] {dag.py:2705} INFO - Sync 1 DAGs
[2023-04-30T02:16:32.793+0000] {logging_mixin.py:137} INFO - [2023-04-30T02:16:32.792+0000] {dag.py:3456} INFO - Setting next_dagrun for example_branch_python_operator_decorator to 2023-04-29T00:00:00+00:00, run_after=2023-04-30T00:00:00+00:00
[2023-04-30T02:16:33.392+0000] {processor.py:175} INFO - Processing /home/airflow/.local/lib/python3.7/site-packages/airflow/example_dags/example_branch_operator_decorator.py took 2.416 seconds
