[2023-04-30T00:59:58.796+0000] {processor.py:153} INFO - Started process (PID=9496) to work on /home/airflow/.local/lib/python3.7/site-packages/airflow/example_dags/example_xcom.py
[2023-04-30T00:59:58.810+0000] {processor.py:743} INFO - Processing file /home/airflow/.local/lib/python3.7/site-packages/airflow/example_dags/example_xcom.py for tasks to queue
[2023-04-30T00:59:58.822+0000] {logging_mixin.py:137} INFO - [2023-04-30T00:59:58.822+0000] {dagbag.py:532} INFO - Filling up the DagBag from /home/airflow/.local/lib/python3.7/site-packages/airflow/example_dags/example_xcom.py
[2023-04-30T00:59:59.260+0000] {processor.py:753} INFO - DAG(s) dict_keys(['example_xcom']) retrieved from /home/airflow/.local/lib/python3.7/site-packages/airflow/example_dags/example_xcom.py
[2023-04-30T00:59:59.590+0000] {logging_mixin.py:137} INFO - [2023-04-30T00:59:59.588+0000] {dag.py:2705} INFO - Sync 1 DAGs
[2023-04-30T00:59:59.885+0000] {logging_mixin.py:137} INFO - [2023-04-30T00:59:59.884+0000] {dag.py:3456} INFO - Setting next_dagrun for example_xcom to 2021-01-01T00:00:00+00:00, run_after=2021-01-01T00:00:00+00:00
[2023-04-30T01:00:05.066+0000] {processor.py:175} INFO - Processing /home/airflow/.local/lib/python3.7/site-packages/airflow/example_dags/example_xcom.py took 6.336 seconds
[2023-04-30T01:01:58.295+0000] {processor.py:153} INFO - Started process (PID=9569) to work on /home/airflow/.local/lib/python3.7/site-packages/airflow/example_dags/example_xcom.py
[2023-04-30T01:01:58.360+0000] {processor.py:743} INFO - Processing file /home/airflow/.local/lib/python3.7/site-packages/airflow/example_dags/example_xcom.py for tasks to queue
[2023-04-30T01:01:58.370+0000] {logging_mixin.py:137} INFO - [2023-04-30T01:01:58.370+0000] {dagbag.py:532} INFO - Filling up the DagBag from /home/airflow/.local/lib/python3.7/site-packages/airflow/example_dags/example_xcom.py
[2023-04-30T01:01:59.146+0000] {processor.py:753} INFO - DAG(s) dict_keys(['example_xcom']) retrieved from /home/airflow/.local/lib/python3.7/site-packages/airflow/example_dags/example_xcom.py
[2023-04-30T01:02:00.390+0000] {logging_mixin.py:137} INFO - [2023-04-30T01:02:00.379+0000] {dag.py:2705} INFO - Sync 1 DAGs
[2023-04-30T01:02:02.351+0000] {logging_mixin.py:137} INFO - [2023-04-30T01:02:02.343+0000] {dag.py:3456} INFO - Setting next_dagrun for example_xcom to 2021-01-01T00:00:00+00:00, run_after=2021-01-01T00:00:00+00:00
[2023-04-30T01:02:02.789+0000] {processor.py:175} INFO - Processing /home/airflow/.local/lib/python3.7/site-packages/airflow/example_dags/example_xcom.py took 4.545 seconds
[2023-04-30T01:36:59.774+0000] {processor.py:153} INFO - Started process (PID=9620) to work on /home/airflow/.local/lib/python3.7/site-packages/airflow/example_dags/example_xcom.py
[2023-04-30T01:36:59.802+0000] {processor.py:743} INFO - Processing file /home/airflow/.local/lib/python3.7/site-packages/airflow/example_dags/example_xcom.py for tasks to queue
[2023-04-30T01:36:59.831+0000] {logging_mixin.py:137} INFO - [2023-04-30T01:36:59.826+0000] {dagbag.py:532} INFO - Filling up the DagBag from /home/airflow/.local/lib/python3.7/site-packages/airflow/example_dags/example_xcom.py
[2023-04-30T01:37:00.099+0000] {processor.py:753} INFO - DAG(s) dict_keys(['example_xcom']) retrieved from /home/airflow/.local/lib/python3.7/site-packages/airflow/example_dags/example_xcom.py
[2023-04-30T01:37:00.251+0000] {logging_mixin.py:137} INFO - [2023-04-30T01:37:00.250+0000] {dag.py:2705} INFO - Sync 1 DAGs
[2023-04-30T01:37:00.689+0000] {logging_mixin.py:137} INFO - [2023-04-30T01:37:00.688+0000] {dag.py:3456} INFO - Setting next_dagrun for example_xcom to 2021-01-01T00:00:00+00:00, run_after=2021-01-01T00:00:00+00:00
[2023-04-30T01:37:00.846+0000] {processor.py:175} INFO - Processing /home/airflow/.local/lib/python3.7/site-packages/airflow/example_dags/example_xcom.py took 1.179 seconds
[2023-04-30T01:39:16.823+0000] {processor.py:153} INFO - Started process (PID=9669) to work on /home/airflow/.local/lib/python3.7/site-packages/airflow/example_dags/example_xcom.py
[2023-04-30T01:39:16.858+0000] {processor.py:743} INFO - Processing file /home/airflow/.local/lib/python3.7/site-packages/airflow/example_dags/example_xcom.py for tasks to queue
[2023-04-30T01:39:16.890+0000] {logging_mixin.py:137} INFO - [2023-04-30T01:39:16.890+0000] {dagbag.py:532} INFO - Filling up the DagBag from /home/airflow/.local/lib/python3.7/site-packages/airflow/example_dags/example_xcom.py
[2023-04-30T01:39:17.692+0000] {processor.py:753} INFO - DAG(s) dict_keys(['example_xcom']) retrieved from /home/airflow/.local/lib/python3.7/site-packages/airflow/example_dags/example_xcom.py
[2023-04-30T01:39:18.149+0000] {logging_mixin.py:137} INFO - [2023-04-30T01:39:18.147+0000] {dag.py:2705} INFO - Sync 1 DAGs
[2023-04-30T01:39:18.932+0000] {logging_mixin.py:137} INFO - [2023-04-30T01:39:18.929+0000] {dag.py:3456} INFO - Setting next_dagrun for example_xcom to 2021-01-01T00:00:00+00:00, run_after=2021-01-01T00:00:00+00:00
[2023-04-30T01:39:19.839+0000] {processor.py:175} INFO - Processing /home/airflow/.local/lib/python3.7/site-packages/airflow/example_dags/example_xcom.py took 3.096 seconds
[2023-04-30T01:56:45.447+0000] {processor.py:153} INFO - Started process (PID=9721) to work on /home/airflow/.local/lib/python3.7/site-packages/airflow/example_dags/example_xcom.py
[2023-04-30T01:56:45.513+0000] {processor.py:743} INFO - Processing file /home/airflow/.local/lib/python3.7/site-packages/airflow/example_dags/example_xcom.py for tasks to queue
[2023-04-30T01:56:45.547+0000] {logging_mixin.py:137} INFO - [2023-04-30T01:56:45.542+0000] {dagbag.py:532} INFO - Filling up the DagBag from /home/airflow/.local/lib/python3.7/site-packages/airflow/example_dags/example_xcom.py
[2023-04-30T01:56:46.034+0000] {processor.py:753} INFO - DAG(s) dict_keys(['example_xcom']) retrieved from /home/airflow/.local/lib/python3.7/site-packages/airflow/example_dags/example_xcom.py
[2023-04-30T01:56:47.085+0000] {logging_mixin.py:137} INFO - [2023-04-30T01:56:47.085+0000] {dag.py:2705} INFO - Sync 1 DAGs
[2023-04-30T01:56:47.549+0000] {logging_mixin.py:137} INFO - [2023-04-30T01:56:47.536+0000] {dag.py:3456} INFO - Setting next_dagrun for example_xcom to 2021-01-01T00:00:00+00:00, run_after=2021-01-01T00:00:00+00:00
[2023-04-30T01:56:47.889+0000] {processor.py:175} INFO - Processing /home/airflow/.local/lib/python3.7/site-packages/airflow/example_dags/example_xcom.py took 2.624 seconds
[2023-04-30T02:16:13.694+0000] {processor.py:153} INFO - Started process (PID=9796) to work on /home/airflow/.local/lib/python3.7/site-packages/airflow/example_dags/example_xcom.py
[2023-04-30T02:16:13.708+0000] {processor.py:743} INFO - Processing file /home/airflow/.local/lib/python3.7/site-packages/airflow/example_dags/example_xcom.py for tasks to queue
[2023-04-30T02:16:13.719+0000] {logging_mixin.py:137} INFO - [2023-04-30T02:16:13.718+0000] {dagbag.py:532} INFO - Filling up the DagBag from /home/airflow/.local/lib/python3.7/site-packages/airflow/example_dags/example_xcom.py
[2023-04-30T02:16:14.158+0000] {processor.py:753} INFO - DAG(s) dict_keys(['example_xcom']) retrieved from /home/airflow/.local/lib/python3.7/site-packages/airflow/example_dags/example_xcom.py
[2023-04-30T02:16:14.798+0000] {logging_mixin.py:137} INFO - [2023-04-30T02:16:14.798+0000] {dag.py:2705} INFO - Sync 1 DAGs
[2023-04-30T02:16:15.109+0000] {logging_mixin.py:137} INFO - [2023-04-30T02:16:15.108+0000] {dag.py:3456} INFO - Setting next_dagrun for example_xcom to 2021-01-01T00:00:00+00:00, run_after=2021-01-01T00:00:00+00:00
[2023-04-30T02:16:15.337+0000] {processor.py:175} INFO - Processing /home/airflow/.local/lib/python3.7/site-packages/airflow/example_dags/example_xcom.py took 1.709 seconds
[2023-04-30T02:41:13.376+0000] {processor.py:153} INFO - Started process (PID=9843) to work on /home/airflow/.local/lib/python3.7/site-packages/airflow/example_dags/example_xcom.py
[2023-04-30T02:41:13.391+0000] {processor.py:743} INFO - Processing file /home/airflow/.local/lib/python3.7/site-packages/airflow/example_dags/example_xcom.py for tasks to queue
[2023-04-30T02:41:13.412+0000] {logging_mixin.py:137} INFO - [2023-04-30T02:41:13.412+0000] {dagbag.py:532} INFO - Filling up the DagBag from /home/airflow/.local/lib/python3.7/site-packages/airflow/example_dags/example_xcom.py
[2023-04-30T02:41:13.986+0000] {processor.py:753} INFO - DAG(s) dict_keys(['example_xcom']) retrieved from /home/airflow/.local/lib/python3.7/site-packages/airflow/example_dags/example_xcom.py
[2023-04-30T02:41:14.435+0000] {logging_mixin.py:137} INFO - [2023-04-30T02:41:14.435+0000] {dag.py:2705} INFO - Sync 1 DAGs
[2023-04-30T02:41:14.907+0000] {logging_mixin.py:137} INFO - [2023-04-30T02:41:14.907+0000] {dag.py:3456} INFO - Setting next_dagrun for example_xcom to 2021-01-01T00:00:00+00:00, run_after=2021-01-01T00:00:00+00:00
[2023-04-30T02:41:15.447+0000] {processor.py:175} INFO - Processing /home/airflow/.local/lib/python3.7/site-packages/airflow/example_dags/example_xcom.py took 2.160 seconds
