[2023-04-30T01:00:39.759+0000] {processor.py:153} INFO - Started process (PID=9519) to work on /home/airflow/.local/lib/python3.7/site-packages/airflow/example_dags/example_branch_python_dop_operator_3.py
[2023-04-30T01:00:39.773+0000] {processor.py:743} INFO - Processing file /home/airflow/.local/lib/python3.7/site-packages/airflow/example_dags/example_branch_python_dop_operator_3.py for tasks to queue
[2023-04-30T01:00:39.784+0000] {logging_mixin.py:137} INFO - [2023-04-30T01:00:39.782+0000] {dagbag.py:532} INFO - Filling up the DagBag from /home/airflow/.local/lib/python3.7/site-packages/airflow/example_dags/example_branch_python_dop_operator_3.py
[2023-04-30T01:00:40.125+0000] {processor.py:753} INFO - DAG(s) dict_keys(['example_branch_dop_operator_v3']) retrieved from /home/airflow/.local/lib/python3.7/site-packages/airflow/example_dags/example_branch_python_dop_operator_3.py
[2023-04-30T01:00:40.386+0000] {logging_mixin.py:137} INFO - [2023-04-30T01:00:40.386+0000] {dag.py:2705} INFO - Sync 1 DAGs
[2023-04-30T01:00:40.702+0000] {logging_mixin.py:137} INFO - [2023-04-30T01:00:40.695+0000] {dag.py:3456} INFO - Setting next_dagrun for example_branch_dop_operator_v3 to 2023-04-30T00:59:00+00:00, run_after=2023-04-30T01:00:00+00:00
[2023-04-30T01:00:40.927+0000] {processor.py:175} INFO - Processing /home/airflow/.local/lib/python3.7/site-packages/airflow/example_dags/example_branch_python_dop_operator_3.py took 1.191 seconds
[2023-04-30T01:35:05.217+0000] {processor.py:153} INFO - Started process (PID=9593) to work on /home/airflow/.local/lib/python3.7/site-packages/airflow/example_dags/example_branch_python_dop_operator_3.py
[2023-04-30T01:35:05.227+0000] {processor.py:743} INFO - Processing file /home/airflow/.local/lib/python3.7/site-packages/airflow/example_dags/example_branch_python_dop_operator_3.py for tasks to queue
[2023-04-30T01:35:05.230+0000] {logging_mixin.py:137} INFO - [2023-04-30T01:35:05.230+0000] {dagbag.py:532} INFO - Filling up the DagBag from /home/airflow/.local/lib/python3.7/site-packages/airflow/example_dags/example_branch_python_dop_operator_3.py
[2023-04-30T01:35:06.073+0000] {processor.py:753} INFO - DAG(s) dict_keys(['example_branch_dop_operator_v3']) retrieved from /home/airflow/.local/lib/python3.7/site-packages/airflow/example_dags/example_branch_python_dop_operator_3.py
[2023-04-30T01:35:06.352+0000] {logging_mixin.py:137} INFO - [2023-04-30T01:35:06.352+0000] {dag.py:2705} INFO - Sync 1 DAGs
[2023-04-30T01:35:06.796+0000] {logging_mixin.py:137} INFO - [2023-04-30T01:35:06.796+0000] {dag.py:3456} INFO - Setting next_dagrun for example_branch_dop_operator_v3 to 2023-04-30T01:34:00+00:00, run_after=2023-04-30T01:35:00+00:00
[2023-04-30T01:35:07.234+0000] {processor.py:175} INFO - Processing /home/airflow/.local/lib/python3.7/site-packages/airflow/example_dags/example_branch_python_dop_operator_3.py took 2.065 seconds
[2023-04-30T01:40:40.086+0000] {processor.py:153} INFO - Started process (PID=9693) to work on /home/airflow/.local/lib/python3.7/site-packages/airflow/example_dags/example_branch_python_dop_operator_3.py
[2023-04-30T01:40:41.842+0000] {processor.py:743} INFO - Processing file /home/airflow/.local/lib/python3.7/site-packages/airflow/example_dags/example_branch_python_dop_operator_3.py for tasks to queue
[2023-04-30T01:40:41.870+0000] {logging_mixin.py:137} INFO - [2023-04-30T01:40:41.862+0000] {dagbag.py:532} INFO - Filling up the DagBag from /home/airflow/.local/lib/python3.7/site-packages/airflow/example_dags/example_branch_python_dop_operator_3.py
[2023-04-30T01:56:12.053+0000] {processor.py:753} INFO - DAG(s) dict_keys(['example_branch_dop_operator_v3']) retrieved from /home/airflow/.local/lib/python3.7/site-packages/airflow/example_dags/example_branch_python_dop_operator_3.py
[2023-04-30T02:38:13.893+0000] {processor.py:153} INFO - Started process (PID=9820) to work on /home/airflow/.local/lib/python3.7/site-packages/airflow/example_dags/example_branch_python_dop_operator_3.py
[2023-04-30T02:38:13.897+0000] {processor.py:743} INFO - Processing file /home/airflow/.local/lib/python3.7/site-packages/airflow/example_dags/example_branch_python_dop_operator_3.py for tasks to queue
[2023-04-30T02:38:13.907+0000] {logging_mixin.py:137} INFO - [2023-04-30T02:38:13.905+0000] {dagbag.py:532} INFO - Filling up the DagBag from /home/airflow/.local/lib/python3.7/site-packages/airflow/example_dags/example_branch_python_dop_operator_3.py
[2023-04-30T02:38:14.337+0000] {processor.py:753} INFO - DAG(s) dict_keys(['example_branch_dop_operator_v3']) retrieved from /home/airflow/.local/lib/python3.7/site-packages/airflow/example_dags/example_branch_python_dop_operator_3.py
[2023-04-30T02:38:14.888+0000] {logging_mixin.py:137} INFO - [2023-04-30T02:38:14.888+0000] {dag.py:2705} INFO - Sync 1 DAGs
[2023-04-30T02:38:15.346+0000] {logging_mixin.py:137} INFO - [2023-04-30T02:38:15.345+0000] {dag.py:3456} INFO - Setting next_dagrun for example_branch_dop_operator_v3 to 2023-04-30T02:37:00+00:00, run_after=2023-04-30T02:38:00+00:00
[2023-04-30T02:38:16.173+0000] {processor.py:175} INFO - Processing /home/airflow/.local/lib/python3.7/site-packages/airflow/example_dags/example_branch_python_dop_operator_3.py took 2.325 seconds
