[2023-04-30T01:00:07.572+0000] {processor.py:153} INFO - Started process (PID=9500) to work on /home/airflow/.local/lib/python3.7/site-packages/airflow/example_dags/example_complex.py
[2023-04-30T01:00:07.602+0000] {processor.py:743} INFO - Processing file /home/airflow/.local/lib/python3.7/site-packages/airflow/example_dags/example_complex.py for tasks to queue
[2023-04-30T01:00:07.635+0000] {logging_mixin.py:137} INFO - [2023-04-30T01:00:07.624+0000] {dagbag.py:532} INFO - Filling up the DagBag from /home/airflow/.local/lib/python3.7/site-packages/airflow/example_dags/example_complex.py
[2023-04-30T01:00:07.867+0000] {logging_mixin.py:137} INFO - [2023-04-30T01:00:07.867+0000] {taskmixin.py:211} WARNING - Dependency <Task(BashOperator): create_entry_group>, delete_entry_group already registered for DAG: example_complex
[2023-04-30T01:00:07.889+0000] {logging_mixin.py:137} INFO - [2023-04-30T01:00:07.885+0000] {taskmixin.py:211} WARNING - Dependency <Task(BashOperator): delete_entry_group>, create_entry_group already registered for DAG: example_complex
[2023-04-30T01:00:07.904+0000] {logging_mixin.py:137} INFO - [2023-04-30T01:00:07.904+0000] {taskmixin.py:211} WARNING - Dependency <Task(BashOperator): create_entry_gcs>, delete_entry already registered for DAG: example_complex
[2023-04-30T01:00:07.906+0000] {logging_mixin.py:137} INFO - [2023-04-30T01:00:07.905+0000] {taskmixin.py:211} WARNING - Dependency <Task(BashOperator): delete_entry>, create_entry_gcs already registered for DAG: example_complex
[2023-04-30T01:00:07.912+0000] {logging_mixin.py:137} INFO - [2023-04-30T01:00:07.911+0000] {taskmixin.py:211} WARNING - Dependency <Task(BashOperator): create_tag>, delete_tag already registered for DAG: example_complex
[2023-04-30T01:00:07.922+0000] {logging_mixin.py:137} INFO - [2023-04-30T01:00:07.918+0000] {taskmixin.py:211} WARNING - Dependency <Task(BashOperator): delete_tag>, create_tag already registered for DAG: example_complex
[2023-04-30T01:00:08.124+0000] {processor.py:753} INFO - DAG(s) dict_keys(['example_complex']) retrieved from /home/airflow/.local/lib/python3.7/site-packages/airflow/example_dags/example_complex.py
[2023-04-30T01:00:09.103+0000] {logging_mixin.py:137} INFO - [2023-04-30T01:00:09.103+0000] {dag.py:2705} INFO - Sync 1 DAGs
[2023-04-30T01:00:09.671+0000] {logging_mixin.py:137} INFO - [2023-04-30T01:00:09.656+0000] {dag.py:3456} INFO - Setting next_dagrun for example_complex to None, run_after=None
[2023-04-30T01:00:10.015+0000] {processor.py:175} INFO - Processing /home/airflow/.local/lib/python3.7/site-packages/airflow/example_dags/example_complex.py took 2.506 seconds
[2023-04-30T01:02:09.634+0000] {processor.py:153} INFO - Started process (PID=9573) to work on /home/airflow/.local/lib/python3.7/site-packages/airflow/example_dags/example_complex.py
[2023-04-30T01:02:09.688+0000] {processor.py:743} INFO - Processing file /home/airflow/.local/lib/python3.7/site-packages/airflow/example_dags/example_complex.py for tasks to queue
[2023-04-30T01:02:09.697+0000] {logging_mixin.py:137} INFO - [2023-04-30T01:02:09.697+0000] {dagbag.py:532} INFO - Filling up the DagBag from /home/airflow/.local/lib/python3.7/site-packages/airflow/example_dags/example_complex.py
[2023-04-30T01:02:09.918+0000] {logging_mixin.py:137} INFO - [2023-04-30T01:02:09.918+0000] {taskmixin.py:211} WARNING - Dependency <Task(BashOperator): create_entry_group>, delete_entry_group already registered for DAG: example_complex
[2023-04-30T01:02:09.939+0000] {logging_mixin.py:137} INFO - [2023-04-30T01:02:09.929+0000] {taskmixin.py:211} WARNING - Dependency <Task(BashOperator): delete_entry_group>, create_entry_group already registered for DAG: example_complex
[2023-04-30T01:02:09.951+0000] {logging_mixin.py:137} INFO - [2023-04-30T01:02:09.947+0000] {taskmixin.py:211} WARNING - Dependency <Task(BashOperator): create_entry_gcs>, delete_entry already registered for DAG: example_complex
[2023-04-30T01:02:09.966+0000] {logging_mixin.py:137} INFO - [2023-04-30T01:02:09.964+0000] {taskmixin.py:211} WARNING - Dependency <Task(BashOperator): delete_entry>, create_entry_gcs already registered for DAG: example_complex
[2023-04-30T01:02:09.995+0000] {logging_mixin.py:137} INFO - [2023-04-30T01:02:09.992+0000] {taskmixin.py:211} WARNING - Dependency <Task(BashOperator): create_tag>, delete_tag already registered for DAG: example_complex
[2023-04-30T01:02:10.006+0000] {logging_mixin.py:137} INFO - [2023-04-30T01:02:09.999+0000] {taskmixin.py:211} WARNING - Dependency <Task(BashOperator): delete_tag>, create_tag already registered for DAG: example_complex
[2023-04-30T01:02:10.105+0000] {processor.py:753} INFO - DAG(s) dict_keys(['example_complex']) retrieved from /home/airflow/.local/lib/python3.7/site-packages/airflow/example_dags/example_complex.py
[2023-04-30T01:02:11.247+0000] {logging_mixin.py:137} INFO - [2023-04-30T01:02:11.201+0000] {dag.py:2705} INFO - Sync 1 DAGs
[2023-04-30T01:02:14.485+0000] {logging_mixin.py:137} INFO - [2023-04-30T01:02:14.469+0000] {dag.py:3456} INFO - Setting next_dagrun for example_complex to None, run_after=None
[2023-04-30T01:02:18.239+0000] {processor.py:175} INFO - Processing /home/airflow/.local/lib/python3.7/site-packages/airflow/example_dags/example_complex.py took 8.629 seconds
[2023-04-30T01:37:08.134+0000] {processor.py:153} INFO - Started process (PID=9625) to work on /home/airflow/.local/lib/python3.7/site-packages/airflow/example_dags/example_complex.py
[2023-04-30T01:37:08.138+0000] {processor.py:743} INFO - Processing file /home/airflow/.local/lib/python3.7/site-packages/airflow/example_dags/example_complex.py for tasks to queue
[2023-04-30T01:37:08.153+0000] {logging_mixin.py:137} INFO - [2023-04-30T01:37:08.150+0000] {dagbag.py:532} INFO - Filling up the DagBag from /home/airflow/.local/lib/python3.7/site-packages/airflow/example_dags/example_complex.py
[2023-04-30T01:37:08.409+0000] {logging_mixin.py:137} INFO - [2023-04-30T01:37:08.409+0000] {taskmixin.py:211} WARNING - Dependency <Task(BashOperator): create_entry_group>, delete_entry_group already registered for DAG: example_complex
[2023-04-30T01:37:08.461+0000] {logging_mixin.py:137} INFO - [2023-04-30T01:37:08.460+0000] {taskmixin.py:211} WARNING - Dependency <Task(BashOperator): delete_entry_group>, create_entry_group already registered for DAG: example_complex
[2023-04-30T01:37:08.462+0000] {logging_mixin.py:137} INFO - [2023-04-30T01:37:08.462+0000] {taskmixin.py:211} WARNING - Dependency <Task(BashOperator): create_entry_gcs>, delete_entry already registered for DAG: example_complex
[2023-04-30T01:37:08.469+0000] {logging_mixin.py:137} INFO - [2023-04-30T01:37:08.469+0000] {taskmixin.py:211} WARNING - Dependency <Task(BashOperator): delete_entry>, create_entry_gcs already registered for DAG: example_complex
[2023-04-30T01:37:08.472+0000] {logging_mixin.py:137} INFO - [2023-04-30T01:37:08.472+0000] {taskmixin.py:211} WARNING - Dependency <Task(BashOperator): create_tag>, delete_tag already registered for DAG: example_complex
[2023-04-30T01:37:08.492+0000] {logging_mixin.py:137} INFO - [2023-04-30T01:37:08.492+0000] {taskmixin.py:211} WARNING - Dependency <Task(BashOperator): delete_tag>, create_tag already registered for DAG: example_complex
[2023-04-30T01:37:08.596+0000] {processor.py:753} INFO - DAG(s) dict_keys(['example_complex']) retrieved from /home/airflow/.local/lib/python3.7/site-packages/airflow/example_dags/example_complex.py
[2023-04-30T01:37:10.397+0000] {logging_mixin.py:137} INFO - [2023-04-30T01:37:10.396+0000] {dag.py:2705} INFO - Sync 1 DAGs
[2023-04-30T01:37:11.029+0000] {logging_mixin.py:137} INFO - [2023-04-30T01:37:11.028+0000] {dag.py:3456} INFO - Setting next_dagrun for example_complex to None, run_after=None
[2023-04-30T01:37:11.217+0000] {processor.py:175} INFO - Processing /home/airflow/.local/lib/python3.7/site-packages/airflow/example_dags/example_complex.py took 3.174 seconds
[2023-04-30T01:39:41.277+0000] {processor.py:153} INFO - Started process (PID=9673) to work on /home/airflow/.local/lib/python3.7/site-packages/airflow/example_dags/example_complex.py
[2023-04-30T01:39:41.285+0000] {processor.py:743} INFO - Processing file /home/airflow/.local/lib/python3.7/site-packages/airflow/example_dags/example_complex.py for tasks to queue
[2023-04-30T01:39:41.300+0000] {logging_mixin.py:137} INFO - [2023-04-30T01:39:41.298+0000] {dagbag.py:532} INFO - Filling up the DagBag from /home/airflow/.local/lib/python3.7/site-packages/airflow/example_dags/example_complex.py
[2023-04-30T01:39:41.854+0000] {logging_mixin.py:137} INFO - [2023-04-30T01:39:41.853+0000] {taskmixin.py:211} WARNING - Dependency <Task(BashOperator): create_entry_group>, delete_entry_group already registered for DAG: example_complex
[2023-04-30T01:39:41.868+0000] {logging_mixin.py:137} INFO - [2023-04-30T01:39:41.868+0000] {taskmixin.py:211} WARNING - Dependency <Task(BashOperator): delete_entry_group>, create_entry_group already registered for DAG: example_complex
[2023-04-30T01:39:41.873+0000] {logging_mixin.py:137} INFO - [2023-04-30T01:39:41.872+0000] {taskmixin.py:211} WARNING - Dependency <Task(BashOperator): create_entry_gcs>, delete_entry already registered for DAG: example_complex
[2023-04-30T01:39:41.878+0000] {logging_mixin.py:137} INFO - [2023-04-30T01:39:41.878+0000] {taskmixin.py:211} WARNING - Dependency <Task(BashOperator): delete_entry>, create_entry_gcs already registered for DAG: example_complex
[2023-04-30T01:39:41.885+0000] {logging_mixin.py:137} INFO - [2023-04-30T01:39:41.880+0000] {taskmixin.py:211} WARNING - Dependency <Task(BashOperator): create_tag>, delete_tag already registered for DAG: example_complex
[2023-04-30T01:39:41.892+0000] {logging_mixin.py:137} INFO - [2023-04-30T01:39:41.892+0000] {taskmixin.py:211} WARNING - Dependency <Task(BashOperator): delete_tag>, create_tag already registered for DAG: example_complex
[2023-04-30T01:39:42.183+0000] {processor.py:753} INFO - DAG(s) dict_keys(['example_complex']) retrieved from /home/airflow/.local/lib/python3.7/site-packages/airflow/example_dags/example_complex.py
[2023-04-30T01:39:43.306+0000] {logging_mixin.py:137} INFO - [2023-04-30T01:39:43.179+0000] {dag.py:2705} INFO - Sync 1 DAGs
[2023-04-30T01:39:44.292+0000] {logging_mixin.py:137} INFO - [2023-04-30T01:39:44.291+0000] {dag.py:3456} INFO - Setting next_dagrun for example_complex to None, run_after=None
[2023-04-30T01:39:46.498+0000] {processor.py:175} INFO - Processing /home/airflow/.local/lib/python3.7/site-packages/airflow/example_dags/example_complex.py took 5.490 seconds
[2023-04-30T01:56:53.549+0000] {processor.py:153} INFO - Started process (PID=9733) to work on /home/airflow/.local/lib/python3.7/site-packages/airflow/example_dags/example_complex.py
[2023-04-30T01:56:53.567+0000] {processor.py:743} INFO - Processing file /home/airflow/.local/lib/python3.7/site-packages/airflow/example_dags/example_complex.py for tasks to queue
[2023-04-30T01:56:53.599+0000] {logging_mixin.py:137} INFO - [2023-04-30T01:56:53.594+0000] {dagbag.py:532} INFO - Filling up the DagBag from /home/airflow/.local/lib/python3.7/site-packages/airflow/example_dags/example_complex.py
[2023-04-30T01:56:53.735+0000] {logging_mixin.py:137} INFO - [2023-04-30T01:56:53.734+0000] {taskmixin.py:211} WARNING - Dependency <Task(BashOperator): create_entry_group>, delete_entry_group already registered for DAG: example_complex
[2023-04-30T01:56:53.738+0000] {logging_mixin.py:137} INFO - [2023-04-30T01:56:53.738+0000] {taskmixin.py:211} WARNING - Dependency <Task(BashOperator): delete_entry_group>, create_entry_group already registered for DAG: example_complex
[2023-04-30T01:56:53.743+0000] {logging_mixin.py:137} INFO - [2023-04-30T01:56:53.743+0000] {taskmixin.py:211} WARNING - Dependency <Task(BashOperator): create_entry_gcs>, delete_entry already registered for DAG: example_complex
[2023-04-30T01:56:53.750+0000] {logging_mixin.py:137} INFO - [2023-04-30T01:56:53.750+0000] {taskmixin.py:211} WARNING - Dependency <Task(BashOperator): delete_entry>, create_entry_gcs already registered for DAG: example_complex
[2023-04-30T01:56:53.758+0000] {logging_mixin.py:137} INFO - [2023-04-30T01:56:53.758+0000] {taskmixin.py:211} WARNING - Dependency <Task(BashOperator): create_tag>, delete_tag already registered for DAG: example_complex
[2023-04-30T01:56:53.763+0000] {logging_mixin.py:137} INFO - [2023-04-30T01:56:53.763+0000] {taskmixin.py:211} WARNING - Dependency <Task(BashOperator): delete_tag>, create_tag already registered for DAG: example_complex
[2023-04-30T01:56:54.131+0000] {processor.py:753} INFO - DAG(s) dict_keys(['example_complex']) retrieved from /home/airflow/.local/lib/python3.7/site-packages/airflow/example_dags/example_complex.py
[2023-04-30T01:56:58.348+0000] {logging_mixin.py:137} INFO - [2023-04-30T01:56:58.230+0000] {dag.py:2705} INFO - Sync 1 DAGs
[2023-04-30T01:57:01.349+0000] {logging_mixin.py:137} INFO - [2023-04-30T01:57:01.349+0000] {dag.py:3456} INFO - Setting next_dagrun for example_complex to None, run_after=None
[2023-04-30T01:57:01.585+0000] {processor.py:175} INFO - Processing /home/airflow/.local/lib/python3.7/site-packages/airflow/example_dags/example_complex.py took 8.128 seconds
[2023-04-30T02:16:18.031+0000] {processor.py:153} INFO - Started process (PID=9800) to work on /home/airflow/.local/lib/python3.7/site-packages/airflow/example_dags/example_complex.py
[2023-04-30T02:16:18.037+0000] {processor.py:743} INFO - Processing file /home/airflow/.local/lib/python3.7/site-packages/airflow/example_dags/example_complex.py for tasks to queue
[2023-04-30T02:16:18.044+0000] {logging_mixin.py:137} INFO - [2023-04-30T02:16:18.043+0000] {dagbag.py:532} INFO - Filling up the DagBag from /home/airflow/.local/lib/python3.7/site-packages/airflow/example_dags/example_complex.py
[2023-04-30T02:16:18.835+0000] {logging_mixin.py:137} INFO - [2023-04-30T02:16:18.822+0000] {taskmixin.py:211} WARNING - Dependency <Task(BashOperator): create_entry_group>, delete_entry_group already registered for DAG: example_complex
[2023-04-30T02:16:18.841+0000] {logging_mixin.py:137} INFO - [2023-04-30T02:16:18.841+0000] {taskmixin.py:211} WARNING - Dependency <Task(BashOperator): delete_entry_group>, create_entry_group already registered for DAG: example_complex
[2023-04-30T02:16:18.842+0000] {logging_mixin.py:137} INFO - [2023-04-30T02:16:18.842+0000] {taskmixin.py:211} WARNING - Dependency <Task(BashOperator): create_entry_gcs>, delete_entry already registered for DAG: example_complex
[2023-04-30T02:16:18.843+0000] {logging_mixin.py:137} INFO - [2023-04-30T02:16:18.843+0000] {taskmixin.py:211} WARNING - Dependency <Task(BashOperator): delete_entry>, create_entry_gcs already registered for DAG: example_complex
[2023-04-30T02:16:18.844+0000] {logging_mixin.py:137} INFO - [2023-04-30T02:16:18.844+0000] {taskmixin.py:211} WARNING - Dependency <Task(BashOperator): create_tag>, delete_tag already registered for DAG: example_complex
[2023-04-30T02:16:18.845+0000] {logging_mixin.py:137} INFO - [2023-04-30T02:16:18.845+0000] {taskmixin.py:211} WARNING - Dependency <Task(BashOperator): delete_tag>, create_tag already registered for DAG: example_complex
[2023-04-30T02:16:23.793+0000] {processor.py:753} INFO - DAG(s) dict_keys(['example_complex']) retrieved from /home/airflow/.local/lib/python3.7/site-packages/airflow/example_dags/example_complex.py
[2023-04-30T02:16:27.235+0000] {logging_mixin.py:137} INFO - [2023-04-30T02:16:27.235+0000] {dag.py:2705} INFO - Sync 1 DAGs
[2023-04-30T02:16:27.793+0000] {logging_mixin.py:137} INFO - [2023-04-30T02:16:27.793+0000] {dag.py:3456} INFO - Setting next_dagrun for example_complex to None, run_after=None
[2023-04-30T02:16:27.998+0000] {processor.py:175} INFO - Processing /home/airflow/.local/lib/python3.7/site-packages/airflow/example_dags/example_complex.py took 10.001 seconds
[2023-04-30T02:41:25.351+0000] {processor.py:153} INFO - Started process (PID=9855) to work on /home/airflow/.local/lib/python3.7/site-packages/airflow/example_dags/example_complex.py
[2023-04-30T02:41:25.390+0000] {processor.py:743} INFO - Processing file /home/airflow/.local/lib/python3.7/site-packages/airflow/example_dags/example_complex.py for tasks to queue
[2023-04-30T02:41:25.394+0000] {logging_mixin.py:137} INFO - [2023-04-30T02:41:25.394+0000] {dagbag.py:532} INFO - Filling up the DagBag from /home/airflow/.local/lib/python3.7/site-packages/airflow/example_dags/example_complex.py
[2023-04-30T02:41:28.841+0000] {logging_mixin.py:137} INFO - [2023-04-30T02:41:28.826+0000] {taskmixin.py:211} WARNING - Dependency <Task(BashOperator): create_entry_group>, delete_entry_group already registered for DAG: example_complex
[2023-04-30T02:41:28.844+0000] {logging_mixin.py:137} INFO - [2023-04-30T02:41:28.844+0000] {taskmixin.py:211} WARNING - Dependency <Task(BashOperator): delete_entry_group>, create_entry_group already registered for DAG: example_complex
[2023-04-30T02:41:28.849+0000] {logging_mixin.py:137} INFO - [2023-04-30T02:41:28.848+0000] {taskmixin.py:211} WARNING - Dependency <Task(BashOperator): create_entry_gcs>, delete_entry already registered for DAG: example_complex
[2023-04-30T02:41:28.853+0000] {logging_mixin.py:137} INFO - [2023-04-30T02:41:28.853+0000] {taskmixin.py:211} WARNING - Dependency <Task(BashOperator): delete_entry>, create_entry_gcs already registered for DAG: example_complex
[2023-04-30T02:41:28.854+0000] {logging_mixin.py:137} INFO - [2023-04-30T02:41:28.854+0000] {taskmixin.py:211} WARNING - Dependency <Task(BashOperator): create_tag>, delete_tag already registered for DAG: example_complex
[2023-04-30T02:41:28.856+0000] {logging_mixin.py:137} INFO - [2023-04-30T02:41:28.856+0000] {taskmixin.py:211} WARNING - Dependency <Task(BashOperator): delete_tag>, create_tag already registered for DAG: example_complex
[2023-04-30T02:41:29.083+0000] {processor.py:753} INFO - DAG(s) dict_keys(['example_complex']) retrieved from /home/airflow/.local/lib/python3.7/site-packages/airflow/example_dags/example_complex.py
[2023-04-30T02:41:32.387+0000] {logging_mixin.py:137} INFO - [2023-04-30T02:41:31.586+0000] {dag.py:2705} INFO - Sync 1 DAGs
[2023-04-30T02:41:37.784+0000] {logging_mixin.py:137} INFO - [2023-04-30T02:41:37.756+0000] {dag.py:3456} INFO - Setting next_dagrun for example_complex to None, run_after=None
[2023-04-30T02:41:38.720+0000] {processor.py:175} INFO - Processing /home/airflow/.local/lib/python3.7/site-packages/airflow/example_dags/example_complex.py took 15.677 seconds
