[2023-04-30T00:59:49.472+0000] {processor.py:153} INFO - Started process (PID=9493) to work on /home/airflow/.local/lib/python3.7/site-packages/airflow/example_dags/tutorial_dag.py
[2023-04-30T00:59:49.484+0000] {processor.py:743} INFO - Processing file /home/airflow/.local/lib/python3.7/site-packages/airflow/example_dags/tutorial_dag.py for tasks to queue
[2023-04-30T00:59:49.494+0000] {logging_mixin.py:137} INFO - [2023-04-30T00:59:49.494+0000] {dagbag.py:532} INFO - Filling up the DagBag from /home/airflow/.local/lib/python3.7/site-packages/airflow/example_dags/tutorial_dag.py
[2023-04-30T00:59:49.631+0000] {processor.py:753} INFO - DAG(s) dict_keys(['tutorial_dag']) retrieved from /home/airflow/.local/lib/python3.7/site-packages/airflow/example_dags/tutorial_dag.py
[2023-04-30T00:59:50.044+0000] {logging_mixin.py:137} INFO - [2023-04-30T00:59:50.043+0000] {dag.py:2705} INFO - Sync 1 DAGs
[2023-04-30T00:59:50.745+0000] {logging_mixin.py:137} INFO - [2023-04-30T00:59:50.745+0000] {dag.py:3456} INFO - Setting next_dagrun for tutorial_dag to None, run_after=None
[2023-04-30T00:59:51.122+0000] {processor.py:175} INFO - Processing /home/airflow/.local/lib/python3.7/site-packages/airflow/example_dags/tutorial_dag.py took 1.679 seconds
[2023-04-30T01:01:45.257+0000] {processor.py:153} INFO - Started process (PID=9559) to work on /home/airflow/.local/lib/python3.7/site-packages/airflow/example_dags/tutorial_dag.py
[2023-04-30T01:01:45.283+0000] {processor.py:743} INFO - Processing file /home/airflow/.local/lib/python3.7/site-packages/airflow/example_dags/tutorial_dag.py for tasks to queue
[2023-04-30T01:01:45.294+0000] {logging_mixin.py:137} INFO - [2023-04-30T01:01:45.290+0000] {dagbag.py:532} INFO - Filling up the DagBag from /home/airflow/.local/lib/python3.7/site-packages/airflow/example_dags/tutorial_dag.py
[2023-04-30T01:01:50.034+0000] {processor.py:753} INFO - DAG(s) dict_keys(['tutorial_dag']) retrieved from /home/airflow/.local/lib/python3.7/site-packages/airflow/example_dags/tutorial_dag.py
[2023-04-30T01:01:53.544+0000] {logging_mixin.py:137} INFO - [2023-04-30T01:01:53.544+0000] {dag.py:2705} INFO - Sync 1 DAGs
[2023-04-30T01:01:53.833+0000] {logging_mixin.py:137} INFO - [2023-04-30T01:01:53.833+0000] {dag.py:3456} INFO - Setting next_dagrun for tutorial_dag to None, run_after=None
[2023-04-30T01:01:54.130+0000] {processor.py:175} INFO - Processing /home/airflow/.local/lib/python3.7/site-packages/airflow/example_dags/tutorial_dag.py took 8.896 seconds
[2023-04-30T01:36:45.247+0000] {processor.py:153} INFO - Started process (PID=9611) to work on /home/airflow/.local/lib/python3.7/site-packages/airflow/example_dags/tutorial_dag.py
[2023-04-30T01:36:45.253+0000] {processor.py:743} INFO - Processing file /home/airflow/.local/lib/python3.7/site-packages/airflow/example_dags/tutorial_dag.py for tasks to queue
[2023-04-30T01:36:45.314+0000] {logging_mixin.py:137} INFO - [2023-04-30T01:36:45.302+0000] {dagbag.py:532} INFO - Filling up the DagBag from /home/airflow/.local/lib/python3.7/site-packages/airflow/example_dags/tutorial_dag.py
[2023-04-30T01:36:46.170+0000] {processor.py:753} INFO - DAG(s) dict_keys(['tutorial_dag']) retrieved from /home/airflow/.local/lib/python3.7/site-packages/airflow/example_dags/tutorial_dag.py
[2023-04-30T01:36:46.984+0000] {logging_mixin.py:137} INFO - [2023-04-30T01:36:46.983+0000] {dag.py:2705} INFO - Sync 1 DAGs
[2023-04-30T01:36:47.601+0000] {logging_mixin.py:137} INFO - [2023-04-30T01:36:47.598+0000] {dag.py:3456} INFO - Setting next_dagrun for tutorial_dag to None, run_after=None
[2023-04-30T01:36:48.025+0000] {processor.py:175} INFO - Processing /home/airflow/.local/lib/python3.7/site-packages/airflow/example_dags/tutorial_dag.py took 2.865 seconds
[2023-04-30T01:39:06.950+0000] {processor.py:153} INFO - Started process (PID=9666) to work on /home/airflow/.local/lib/python3.7/site-packages/airflow/example_dags/tutorial_dag.py
[2023-04-30T01:39:06.963+0000] {processor.py:743} INFO - Processing file /home/airflow/.local/lib/python3.7/site-packages/airflow/example_dags/tutorial_dag.py for tasks to queue
[2023-04-30T01:39:06.966+0000] {logging_mixin.py:137} INFO - [2023-04-30T01:39:06.966+0000] {dagbag.py:532} INFO - Filling up the DagBag from /home/airflow/.local/lib/python3.7/site-packages/airflow/example_dags/tutorial_dag.py
[2023-04-30T01:39:07.168+0000] {processor.py:753} INFO - DAG(s) dict_keys(['tutorial_dag']) retrieved from /home/airflow/.local/lib/python3.7/site-packages/airflow/example_dags/tutorial_dag.py
[2023-04-30T01:39:07.418+0000] {logging_mixin.py:137} INFO - [2023-04-30T01:39:07.418+0000] {dag.py:2705} INFO - Sync 1 DAGs
[2023-04-30T01:39:07.720+0000] {logging_mixin.py:137} INFO - [2023-04-30T01:39:07.720+0000] {dag.py:3456} INFO - Setting next_dagrun for tutorial_dag to None, run_after=None
[2023-04-30T01:39:08.221+0000] {processor.py:175} INFO - Processing /home/airflow/.local/lib/python3.7/site-packages/airflow/example_dags/tutorial_dag.py took 1.300 seconds
[2023-04-30T01:56:26.073+0000] {processor.py:153} INFO - Started process (PID=9718) to work on /home/airflow/.local/lib/python3.7/site-packages/airflow/example_dags/tutorial_dag.py
[2023-04-30T01:56:26.098+0000] {processor.py:743} INFO - Processing file /home/airflow/.local/lib/python3.7/site-packages/airflow/example_dags/tutorial_dag.py for tasks to queue
[2023-04-30T01:56:26.113+0000] {logging_mixin.py:137} INFO - [2023-04-30T01:56:26.112+0000] {dagbag.py:532} INFO - Filling up the DagBag from /home/airflow/.local/lib/python3.7/site-packages/airflow/example_dags/tutorial_dag.py
[2023-04-30T01:56:26.422+0000] {processor.py:753} INFO - DAG(s) dict_keys(['tutorial_dag']) retrieved from /home/airflow/.local/lib/python3.7/site-packages/airflow/example_dags/tutorial_dag.py
[2023-04-30T01:56:26.720+0000] {logging_mixin.py:137} INFO - [2023-04-30T01:56:26.720+0000] {dag.py:2705} INFO - Sync 1 DAGs
[2023-04-30T01:56:27.054+0000] {logging_mixin.py:137} INFO - [2023-04-30T01:56:27.054+0000] {dag.py:3456} INFO - Setting next_dagrun for tutorial_dag to None, run_after=None
[2023-04-30T01:56:27.664+0000] {processor.py:175} INFO - Processing /home/airflow/.local/lib/python3.7/site-packages/airflow/example_dags/tutorial_dag.py took 1.698 seconds
[2023-04-30T02:00:19.528+0000] {processor.py:153} INFO - Started process (PID=9792) to work on /home/airflow/.local/lib/python3.7/site-packages/airflow/example_dags/tutorial_dag.py
[2023-04-30T02:00:19.547+0000] {processor.py:743} INFO - Processing file /home/airflow/.local/lib/python3.7/site-packages/airflow/example_dags/tutorial_dag.py for tasks to queue
[2023-04-30T02:00:19.579+0000] {logging_mixin.py:137} INFO - [2023-04-30T02:00:19.573+0000] {dagbag.py:532} INFO - Filling up the DagBag from /home/airflow/.local/lib/python3.7/site-packages/airflow/example_dags/tutorial_dag.py
[2023-04-30T02:00:39.268+0000] {processor.py:753} INFO - DAG(s) dict_keys(['tutorial_dag']) retrieved from /home/airflow/.local/lib/python3.7/site-packages/airflow/example_dags/tutorial_dag.py
[2023-04-30T02:00:42.422+0000] {logging_mixin.py:137} INFO - [2023-04-30T02:00:42.421+0000] {dag.py:2705} INFO - Sync 1 DAGs
[2023-04-30T02:00:42.702+0000] {logging_mixin.py:137} INFO - [2023-04-30T02:00:42.702+0000] {dag.py:3456} INFO - Setting next_dagrun for tutorial_dag to None, run_after=None
[2023-04-30T02:16:12.580+0000] {processor.py:175} INFO - Processing /home/airflow/.local/lib/python3.7/site-packages/airflow/example_dags/tutorial_dag.py took 24.110 seconds
[2023-04-30T02:41:02.534+0000] {processor.py:153} INFO - Started process (PID=9840) to work on /home/airflow/.local/lib/python3.7/site-packages/airflow/example_dags/tutorial_dag.py
[2023-04-30T02:41:02.649+0000] {processor.py:743} INFO - Processing file /home/airflow/.local/lib/python3.7/site-packages/airflow/example_dags/tutorial_dag.py for tasks to queue
[2023-04-30T02:41:02.673+0000] {logging_mixin.py:137} INFO - [2023-04-30T02:41:02.673+0000] {dagbag.py:532} INFO - Filling up the DagBag from /home/airflow/.local/lib/python3.7/site-packages/airflow/example_dags/tutorial_dag.py
[2023-04-30T02:41:03.013+0000] {processor.py:753} INFO - DAG(s) dict_keys(['tutorial_dag']) retrieved from /home/airflow/.local/lib/python3.7/site-packages/airflow/example_dags/tutorial_dag.py
[2023-04-30T02:41:04.729+0000] {logging_mixin.py:137} INFO - [2023-04-30T02:41:04.729+0000] {dag.py:2705} INFO - Sync 1 DAGs
[2023-04-30T02:41:04.946+0000] {logging_mixin.py:137} INFO - [2023-04-30T02:41:04.946+0000] {dag.py:3456} INFO - Setting next_dagrun for tutorial_dag to None, run_after=None
[2023-04-30T02:41:11.300+0000] {processor.py:175} INFO - Processing /home/airflow/.local/lib/python3.7/site-packages/airflow/example_dags/tutorial_dag.py took 8.771 seconds
