[2023-05-16T00:01:13.113+0000] {processor.py:153} INFO - Started process (PID=16561) to work on /home/airflow/.local/lib/python3.7/site-packages/airflow/example_dags/example_task_group.py
[2023-05-16T00:01:13.122+0000] {processor.py:743} INFO - Processing file /home/airflow/.local/lib/python3.7/site-packages/airflow/example_dags/example_task_group.py for tasks to queue
[2023-05-16T00:01:13.131+0000] {logging_mixin.py:137} INFO - [2023-05-16T00:01:13.130+0000] {dagbag.py:532} INFO - Filling up the DagBag from /home/airflow/.local/lib/python3.7/site-packages/airflow/example_dags/example_task_group.py
[2023-05-16T00:01:13.257+0000] {processor.py:753} INFO - DAG(s) dict_keys(['example_task_group']) retrieved from /home/airflow/.local/lib/python3.7/site-packages/airflow/example_dags/example_task_group.py
[2023-05-16T00:01:13.438+0000] {logging_mixin.py:137} INFO - [2023-05-16T00:01:13.437+0000] {dag.py:2705} INFO - Sync 1 DAGs
[2023-05-16T00:01:13.583+0000] {logging_mixin.py:137} INFO - [2023-05-16T00:01:13.582+0000] {dag.py:3456} INFO - Setting next_dagrun for example_task_group to 2023-05-15T00:01:13.580507+00:00, run_after=2023-05-16T00:01:13.580507+00:00
[2023-05-16T00:01:13.695+0000] {processor.py:175} INFO - Processing /home/airflow/.local/lib/python3.7/site-packages/airflow/example_dags/example_task_group.py took 0.611 seconds
[2023-05-16T00:17:41.484+0000] {processor.py:153} INFO - Started process (PID=16632) to work on /home/airflow/.local/lib/python3.7/site-packages/airflow/example_dags/example_task_group.py
[2023-05-16T00:17:41.486+0000] {processor.py:743} INFO - Processing file /home/airflow/.local/lib/python3.7/site-packages/airflow/example_dags/example_task_group.py for tasks to queue
[2023-05-16T00:17:41.488+0000] {logging_mixin.py:137} INFO - [2023-05-16T00:17:41.488+0000] {dagbag.py:532} INFO - Filling up the DagBag from /home/airflow/.local/lib/python3.7/site-packages/airflow/example_dags/example_task_group.py
[2023-05-16T00:17:41.589+0000] {processor.py:753} INFO - DAG(s) dict_keys(['example_task_group']) retrieved from /home/airflow/.local/lib/python3.7/site-packages/airflow/example_dags/example_task_group.py
[2023-05-16T00:17:41.787+0000] {logging_mixin.py:137} INFO - [2023-05-16T00:17:41.787+0000] {dag.py:2705} INFO - Sync 1 DAGs
[2023-05-16T00:17:41.944+0000] {logging_mixin.py:137} INFO - [2023-05-16T00:17:41.944+0000] {dag.py:3456} INFO - Setting next_dagrun for example_task_group to 2023-05-15T00:17:41.943831+00:00, run_after=2023-05-16T00:17:41.943831+00:00
[2023-05-16T00:17:42.055+0000] {processor.py:175} INFO - Processing /home/airflow/.local/lib/python3.7/site-packages/airflow/example_dags/example_task_group.py took 0.594 seconds
[2023-05-16T00:18:33.575+0000] {processor.py:153} INFO - Started process (PID=16685) to work on /home/airflow/.local/lib/python3.7/site-packages/airflow/example_dags/example_task_group.py
[2023-05-16T00:18:33.608+0000] {processor.py:743} INFO - Processing file /home/airflow/.local/lib/python3.7/site-packages/airflow/example_dags/example_task_group.py for tasks to queue
[2023-05-16T00:18:33.640+0000] {logging_mixin.py:137} INFO - [2023-05-16T00:18:33.630+0000] {dagbag.py:532} INFO - Filling up the DagBag from /home/airflow/.local/lib/python3.7/site-packages/airflow/example_dags/example_task_group.py
[2023-05-16T00:18:33.853+0000] {processor.py:753} INFO - DAG(s) dict_keys(['example_task_group']) retrieved from /home/airflow/.local/lib/python3.7/site-packages/airflow/example_dags/example_task_group.py
[2023-05-16T00:18:34.320+0000] {logging_mixin.py:137} INFO - [2023-05-16T00:18:34.319+0000] {dag.py:2705} INFO - Sync 1 DAGs
[2023-05-16T00:18:34.600+0000] {logging_mixin.py:137} INFO - [2023-05-16T00:18:34.599+0000] {dag.py:3456} INFO - Setting next_dagrun for example_task_group to 2023-05-15T00:18:34.597907+00:00, run_after=2023-05-16T00:18:34.597907+00:00
[2023-05-16T00:18:34.857+0000] {processor.py:175} INFO - Processing /home/airflow/.local/lib/python3.7/site-packages/airflow/example_dags/example_task_group.py took 1.417 seconds
[2023-05-16T00:19:53.125+0000] {processor.py:153} INFO - Started process (PID=16758) to work on /home/airflow/.local/lib/python3.7/site-packages/airflow/example_dags/example_task_group.py
[2023-05-16T00:19:53.173+0000] {processor.py:743} INFO - Processing file /home/airflow/.local/lib/python3.7/site-packages/airflow/example_dags/example_task_group.py for tasks to queue
[2023-05-16T00:19:53.212+0000] {logging_mixin.py:137} INFO - [2023-05-16T00:19:53.193+0000] {dagbag.py:532} INFO - Filling up the DagBag from /home/airflow/.local/lib/python3.7/site-packages/airflow/example_dags/example_task_group.py
[2023-05-16T00:19:53.653+0000] {processor.py:753} INFO - DAG(s) dict_keys(['example_task_group']) retrieved from /home/airflow/.local/lib/python3.7/site-packages/airflow/example_dags/example_task_group.py
[2023-05-16T00:19:54.557+0000] {logging_mixin.py:137} INFO - [2023-05-16T00:19:54.556+0000] {dag.py:2705} INFO - Sync 1 DAGs
[2023-05-16T00:19:55.131+0000] {logging_mixin.py:137} INFO - [2023-05-16T00:19:55.130+0000] {dag.py:3456} INFO - Setting next_dagrun for example_task_group to 2023-05-15T00:19:55.129169+00:00, run_after=2023-05-16T00:19:55.129169+00:00
[2023-05-16T00:19:55.718+0000] {processor.py:175} INFO - Processing /home/airflow/.local/lib/python3.7/site-packages/airflow/example_dags/example_task_group.py took 2.703 seconds
[2023-05-16T00:35:50.712+0000] {processor.py:153} INFO - Started process (PID=16823) to work on /home/airflow/.local/lib/python3.7/site-packages/airflow/example_dags/example_task_group.py
[2023-05-16T00:35:50.714+0000] {processor.py:743} INFO - Processing file /home/airflow/.local/lib/python3.7/site-packages/airflow/example_dags/example_task_group.py for tasks to queue
[2023-05-16T00:35:50.715+0000] {logging_mixin.py:137} INFO - [2023-05-16T00:35:50.715+0000] {dagbag.py:532} INFO - Filling up the DagBag from /home/airflow/.local/lib/python3.7/site-packages/airflow/example_dags/example_task_group.py
[2023-05-16T00:35:50.748+0000] {processor.py:753} INFO - DAG(s) dict_keys(['example_task_group']) retrieved from /home/airflow/.local/lib/python3.7/site-packages/airflow/example_dags/example_task_group.py
[2023-05-16T00:35:50.802+0000] {logging_mixin.py:137} INFO - [2023-05-16T00:35:50.801+0000] {dag.py:2705} INFO - Sync 1 DAGs
[2023-05-16T00:35:50.839+0000] {logging_mixin.py:137} INFO - [2023-05-16T00:35:50.838+0000] {dag.py:3456} INFO - Setting next_dagrun for example_task_group to 2023-05-15T00:35:50.838537+00:00, run_after=2023-05-16T00:35:50.838537+00:00
[2023-05-16T00:35:50.869+0000] {processor.py:175} INFO - Processing /home/airflow/.local/lib/python3.7/site-packages/airflow/example_dags/example_task_group.py took 0.163 seconds
[2023-05-16T00:51:26.865+0000] {processor.py:153} INFO - Started process (PID=16880) to work on /home/airflow/.local/lib/python3.7/site-packages/airflow/example_dags/example_task_group.py
[2023-05-16T00:51:26.876+0000] {processor.py:743} INFO - Processing file /home/airflow/.local/lib/python3.7/site-packages/airflow/example_dags/example_task_group.py for tasks to queue
[2023-05-16T00:51:26.897+0000] {logging_mixin.py:137} INFO - [2023-05-16T00:51:26.895+0000] {dagbag.py:532} INFO - Filling up the DagBag from /home/airflow/.local/lib/python3.7/site-packages/airflow/example_dags/example_task_group.py
[2023-05-16T01:02:45.656+0000] {logging_mixin.py:137} INFO - [2023-05-16T01:02:45.655+0000] {timeout.py:68} ERROR - Process timed out, PID: 16880
[2023-05-16T01:02:46.022+0000] {logging_mixin.py:137} INFO - [2023-05-16T01:02:45.979+0000] {dagbag.py:341} ERROR - Failed to import: /home/airflow/.local/lib/python3.7/site-packages/airflow/example_dags/example_task_group.py
Traceback (most recent call last):
  File "/home/airflow/.local/lib/python3.7/site-packages/airflow/models/dagbag.py", line 337, in parse
    loader.exec_module(new_module)
  File "<frozen importlib._bootstrap_external>", line 728, in exec_module
  File "<frozen importlib._bootstrap>", line 219, in _call_with_frames_removed
  File "/home/airflow/.local/lib/python3.7/site-packages/airflow/example_dags/example_task_group.py", line 33, in <module>
    tags=["example"],
  File "/home/airflow/.local/lib/python3.7/site-packages/airflow/models/dag.py", line 518, in __init__
    if isinstance(schedule, Collection) and not isinstance(schedule, str):
  File "/usr/local/lib/python3.7/typing.py", line 716, in __instancecheck__
    return self.__subclasscheck__(type(obj))
  File "/usr/local/lib/python3.7/typing.py", line 721, in __subclasscheck__
    return issubclass(cls, self.__origin__)
  File "/usr/local/lib/python3.7/abc.py", line 143, in __subclasscheck__
    return _abc_subclasscheck(cls, subclass)
  File "/usr/local/lib/python3.7/abc.py", line 143, in __subclasscheck__
    return _abc_subclasscheck(cls, subclass)
  File "/usr/local/lib/python3.7/abc.py", line 143, in __subclasscheck__
    return _abc_subclasscheck(cls, subclass)
  [Previous line repeated 3 more times]
  File "/usr/local/lib/python3.7/abc.py", line 141, in __subclasscheck__
    def __subclasscheck__(cls, subclass):
  File "/home/airflow/.local/lib/python3.7/site-packages/airflow/utils/timeout.py", line 69, in handle_timeout
    raise AirflowTaskTimeout(self.error_message)
airflow.exceptions.AirflowTaskTimeout: DagBag import timeout for /home/airflow/.local/lib/python3.7/site-packages/airflow/example_dags/example_task_group.py after 30.0s.
Please take a look at these docs to improve your DAG import time:
* https://airflow.apache.org/docs/apache-airflow/2.5.3/best-practices.html#top-level-python-code
* https://airflow.apache.org/docs/apache-airflow/2.5.3/best-practices.html#reducing-dag-complexity, PID: 16880
[2023-05-16T01:02:46.045+0000] {processor.py:755} WARNING - No viable dags retrieved from /home/airflow/.local/lib/python3.7/site-packages/airflow/example_dags/example_task_group.py
[2023-05-16T01:02:46.232+0000] {processor.py:175} INFO - Processing /home/airflow/.local/lib/python3.7/site-packages/airflow/example_dags/example_task_group.py took 679.452 seconds
[2023-05-16T01:03:18.921+0000] {processor.py:153} INFO - Started process (PID=16939) to work on /home/airflow/.local/lib/python3.7/site-packages/airflow/example_dags/example_task_group.py
[2023-05-16T01:03:18.957+0000] {processor.py:743} INFO - Processing file /home/airflow/.local/lib/python3.7/site-packages/airflow/example_dags/example_task_group.py for tasks to queue
[2023-05-16T01:03:18.977+0000] {logging_mixin.py:137} INFO - [2023-05-16T01:03:18.975+0000] {dagbag.py:532} INFO - Filling up the DagBag from /home/airflow/.local/lib/python3.7/site-packages/airflow/example_dags/example_task_group.py
[2023-05-16T01:03:19.306+0000] {processor.py:753} INFO - DAG(s) dict_keys(['example_task_group']) retrieved from /home/airflow/.local/lib/python3.7/site-packages/airflow/example_dags/example_task_group.py
[2023-05-16T01:03:19.520+0000] {logging_mixin.py:137} INFO - [2023-05-16T01:03:19.519+0000] {dag.py:2705} INFO - Sync 1 DAGs
[2023-05-16T01:03:19.684+0000] {logging_mixin.py:137} INFO - [2023-05-16T01:03:19.683+0000] {dag.py:3456} INFO - Setting next_dagrun for example_task_group to 2023-05-15T01:03:19.682208+00:00, run_after=2023-05-16T01:03:19.682208+00:00
[2023-05-16T01:03:19.847+0000] {processor.py:175} INFO - Processing /home/airflow/.local/lib/python3.7/site-packages/airflow/example_dags/example_task_group.py took 1.024 seconds
[2023-05-16T01:04:11.153+0000] {processor.py:153} INFO - Started process (PID=16983) to work on /home/airflow/.local/lib/python3.7/site-packages/airflow/example_dags/example_task_group.py
[2023-05-16T01:04:11.281+0000] {processor.py:743} INFO - Processing file /home/airflow/.local/lib/python3.7/site-packages/airflow/example_dags/example_task_group.py for tasks to queue
[2023-05-16T01:04:11.334+0000] {logging_mixin.py:137} INFO - [2023-05-16T01:04:11.308+0000] {dagbag.py:532} INFO - Filling up the DagBag from /home/airflow/.local/lib/python3.7/site-packages/airflow/example_dags/example_task_group.py
[2023-05-16T01:04:12.474+0000] {processor.py:753} INFO - DAG(s) dict_keys(['example_task_group']) retrieved from /home/airflow/.local/lib/python3.7/site-packages/airflow/example_dags/example_task_group.py
[2023-05-16T01:04:13.496+0000] {logging_mixin.py:137} INFO - [2023-05-16T01:04:13.486+0000] {dag.py:2705} INFO - Sync 1 DAGs
[2023-05-16T01:04:14.301+0000] {logging_mixin.py:137} INFO - [2023-05-16T01:04:14.300+0000] {dag.py:3456} INFO - Setting next_dagrun for example_task_group to 2023-05-15T01:04:14.278394+00:00, run_after=2023-05-16T01:04:14.278394+00:00
[2023-05-16T01:04:14.957+0000] {processor.py:175} INFO - Processing /home/airflow/.local/lib/python3.7/site-packages/airflow/example_dags/example_task_group.py took 3.900 seconds
[2023-05-16T01:05:26.054+0000] {processor.py:153} INFO - Started process (PID=17057) to work on /home/airflow/.local/lib/python3.7/site-packages/airflow/example_dags/example_task_group.py
[2023-05-16T01:05:26.095+0000] {processor.py:743} INFO - Processing file /home/airflow/.local/lib/python3.7/site-packages/airflow/example_dags/example_task_group.py for tasks to queue
[2023-05-16T01:05:26.117+0000] {logging_mixin.py:137} INFO - [2023-05-16T01:05:26.116+0000] {dagbag.py:532} INFO - Filling up the DagBag from /home/airflow/.local/lib/python3.7/site-packages/airflow/example_dags/example_task_group.py
[2023-05-16T01:05:26.382+0000] {processor.py:753} INFO - DAG(s) dict_keys(['example_task_group']) retrieved from /home/airflow/.local/lib/python3.7/site-packages/airflow/example_dags/example_task_group.py
[2023-05-16T01:05:26.816+0000] {logging_mixin.py:137} INFO - [2023-05-16T01:05:26.816+0000] {dag.py:2705} INFO - Sync 1 DAGs
[2023-05-16T01:05:27.113+0000] {logging_mixin.py:137} INFO - [2023-05-16T01:05:27.110+0000] {dag.py:3456} INFO - Setting next_dagrun for example_task_group to 2023-05-15T01:05:27.105624+00:00, run_after=2023-05-16T01:05:27.105624+00:00
[2023-05-16T01:05:27.765+0000] {processor.py:175} INFO - Processing /home/airflow/.local/lib/python3.7/site-packages/airflow/example_dags/example_task_group.py took 1.744 seconds
[2023-05-16T01:06:23.537+0000] {processor.py:153} INFO - Started process (PID=17110) to work on /home/airflow/.local/lib/python3.7/site-packages/airflow/example_dags/example_task_group.py
[2023-05-16T01:06:23.539+0000] {processor.py:743} INFO - Processing file /home/airflow/.local/lib/python3.7/site-packages/airflow/example_dags/example_task_group.py for tasks to queue
[2023-05-16T01:06:23.542+0000] {logging_mixin.py:137} INFO - [2023-05-16T01:06:23.542+0000] {dagbag.py:532} INFO - Filling up the DagBag from /home/airflow/.local/lib/python3.7/site-packages/airflow/example_dags/example_task_group.py
[2023-05-16T01:06:23.570+0000] {processor.py:753} INFO - DAG(s) dict_keys(['example_task_group']) retrieved from /home/airflow/.local/lib/python3.7/site-packages/airflow/example_dags/example_task_group.py
[2023-05-16T01:06:23.619+0000] {logging_mixin.py:137} INFO - [2023-05-16T01:06:23.618+0000] {dag.py:2705} INFO - Sync 1 DAGs
[2023-05-16T01:06:23.655+0000] {logging_mixin.py:137} INFO - [2023-05-16T01:06:23.655+0000] {dag.py:3456} INFO - Setting next_dagrun for example_task_group to 2023-05-15T01:06:23.655025+00:00, run_after=2023-05-16T01:06:23.655025+00:00
[2023-05-16T01:06:23.680+0000] {processor.py:175} INFO - Processing /home/airflow/.local/lib/python3.7/site-packages/airflow/example_dags/example_task_group.py took 0.152 seconds
[2023-05-16T01:09:32.749+0000] {processor.py:153} INFO - Started process (PID=17179) to work on /home/airflow/.local/lib/python3.7/site-packages/airflow/example_dags/example_task_group.py
[2023-05-16T01:09:32.759+0000] {processor.py:743} INFO - Processing file /home/airflow/.local/lib/python3.7/site-packages/airflow/example_dags/example_task_group.py for tasks to queue
[2023-05-16T01:09:32.786+0000] {logging_mixin.py:137} INFO - [2023-05-16T01:09:32.785+0000] {dagbag.py:532} INFO - Filling up the DagBag from /home/airflow/.local/lib/python3.7/site-packages/airflow/example_dags/example_task_group.py
[2023-05-16T01:09:33.091+0000] {processor.py:753} INFO - DAG(s) dict_keys(['example_task_group']) retrieved from /home/airflow/.local/lib/python3.7/site-packages/airflow/example_dags/example_task_group.py
[2023-05-16T01:09:33.391+0000] {logging_mixin.py:137} INFO - [2023-05-16T01:09:33.390+0000] {dag.py:2705} INFO - Sync 1 DAGs
[2023-05-16T01:09:33.571+0000] {logging_mixin.py:137} INFO - [2023-05-16T01:09:33.570+0000] {dag.py:3456} INFO - Setting next_dagrun for example_task_group to 2023-05-15T01:09:33.568715+00:00, run_after=2023-05-16T01:09:33.568715+00:00
[2023-05-16T01:09:33.775+0000] {processor.py:175} INFO - Processing /home/airflow/.local/lib/python3.7/site-packages/airflow/example_dags/example_task_group.py took 1.123 seconds
[2023-05-16T01:11:24.163+0000] {processor.py:153} INFO - Started process (PID=17245) to work on /home/airflow/.local/lib/python3.7/site-packages/airflow/example_dags/example_task_group.py
[2023-05-16T01:11:24.170+0000] {processor.py:743} INFO - Processing file /home/airflow/.local/lib/python3.7/site-packages/airflow/example_dags/example_task_group.py for tasks to queue
[2023-05-16T01:11:24.176+0000] {logging_mixin.py:137} INFO - [2023-05-16T01:11:24.174+0000] {dagbag.py:532} INFO - Filling up the DagBag from /home/airflow/.local/lib/python3.7/site-packages/airflow/example_dags/example_task_group.py
[2023-05-16T01:11:24.220+0000] {processor.py:753} INFO - DAG(s) dict_keys(['example_task_group']) retrieved from /home/airflow/.local/lib/python3.7/site-packages/airflow/example_dags/example_task_group.py
[2023-05-16T01:11:24.359+0000] {logging_mixin.py:137} INFO - [2023-05-16T01:11:24.350+0000] {dag.py:2705} INFO - Sync 1 DAGs
[2023-05-16T01:11:24.591+0000] {logging_mixin.py:137} INFO - [2023-05-16T01:11:24.591+0000] {dag.py:3456} INFO - Setting next_dagrun for example_task_group to 2023-05-15T01:11:24.590309+00:00, run_after=2023-05-16T01:11:24.590309+00:00
[2023-05-16T01:11:24.636+0000] {processor.py:175} INFO - Processing /home/airflow/.local/lib/python3.7/site-packages/airflow/example_dags/example_task_group.py took 0.487 seconds
[2023-05-16T01:11:55.121+0000] {processor.py:153} INFO - Started process (PID=17296) to work on /home/airflow/.local/lib/python3.7/site-packages/airflow/example_dags/example_task_group.py
[2023-05-16T01:11:55.131+0000] {processor.py:743} INFO - Processing file /home/airflow/.local/lib/python3.7/site-packages/airflow/example_dags/example_task_group.py for tasks to queue
[2023-05-16T01:11:55.136+0000] {logging_mixin.py:137} INFO - [2023-05-16T01:11:55.133+0000] {dagbag.py:532} INFO - Filling up the DagBag from /home/airflow/.local/lib/python3.7/site-packages/airflow/example_dags/example_task_group.py
[2023-05-16T01:11:55.192+0000] {processor.py:753} INFO - DAG(s) dict_keys(['example_task_group']) retrieved from /home/airflow/.local/lib/python3.7/site-packages/airflow/example_dags/example_task_group.py
[2023-05-16T01:11:55.331+0000] {logging_mixin.py:137} INFO - [2023-05-16T01:11:55.330+0000] {dag.py:2705} INFO - Sync 1 DAGs
[2023-05-16T01:11:55.442+0000] {logging_mixin.py:137} INFO - [2023-05-16T01:11:55.442+0000] {dag.py:3456} INFO - Setting next_dagrun for example_task_group to 2023-05-15T01:11:55.442021+00:00, run_after=2023-05-16T01:11:55.442021+00:00
[2023-05-16T01:11:55.519+0000] {processor.py:175} INFO - Processing /home/airflow/.local/lib/python3.7/site-packages/airflow/example_dags/example_task_group.py took 0.409 seconds
[2023-05-16T01:12:25.670+0000] {processor.py:153} INFO - Started process (PID=17348) to work on /home/airflow/.local/lib/python3.7/site-packages/airflow/example_dags/example_task_group.py
[2023-05-16T01:12:25.673+0000] {processor.py:743} INFO - Processing file /home/airflow/.local/lib/python3.7/site-packages/airflow/example_dags/example_task_group.py for tasks to queue
[2023-05-16T01:12:25.674+0000] {logging_mixin.py:137} INFO - [2023-05-16T01:12:25.674+0000] {dagbag.py:532} INFO - Filling up the DagBag from /home/airflow/.local/lib/python3.7/site-packages/airflow/example_dags/example_task_group.py
[2023-05-16T01:12:25.696+0000] {processor.py:753} INFO - DAG(s) dict_keys(['example_task_group']) retrieved from /home/airflow/.local/lib/python3.7/site-packages/airflow/example_dags/example_task_group.py
[2023-05-16T01:12:25.732+0000] {logging_mixin.py:137} INFO - [2023-05-16T01:12:25.732+0000] {dag.py:2705} INFO - Sync 1 DAGs
[2023-05-16T01:12:25.775+0000] {logging_mixin.py:137} INFO - [2023-05-16T01:12:25.774+0000] {dag.py:3456} INFO - Setting next_dagrun for example_task_group to 2023-05-15T01:12:25.774650+00:00, run_after=2023-05-16T01:12:25.774650+00:00
[2023-05-16T01:12:25.802+0000] {processor.py:175} INFO - Processing /home/airflow/.local/lib/python3.7/site-packages/airflow/example_dags/example_task_group.py took 0.137 seconds
[2023-05-16T01:12:56.520+0000] {processor.py:153} INFO - Started process (PID=17400) to work on /home/airflow/.local/lib/python3.7/site-packages/airflow/example_dags/example_task_group.py
[2023-05-16T01:12:56.522+0000] {processor.py:743} INFO - Processing file /home/airflow/.local/lib/python3.7/site-packages/airflow/example_dags/example_task_group.py for tasks to queue
[2023-05-16T01:12:56.524+0000] {logging_mixin.py:137} INFO - [2023-05-16T01:12:56.524+0000] {dagbag.py:532} INFO - Filling up the DagBag from /home/airflow/.local/lib/python3.7/site-packages/airflow/example_dags/example_task_group.py
[2023-05-16T01:12:56.552+0000] {processor.py:753} INFO - DAG(s) dict_keys(['example_task_group']) retrieved from /home/airflow/.local/lib/python3.7/site-packages/airflow/example_dags/example_task_group.py
[2023-05-16T01:12:56.608+0000] {logging_mixin.py:137} INFO - [2023-05-16T01:12:56.607+0000] {dag.py:2705} INFO - Sync 1 DAGs
[2023-05-16T01:12:56.642+0000] {logging_mixin.py:137} INFO - [2023-05-16T01:12:56.642+0000] {dag.py:3456} INFO - Setting next_dagrun for example_task_group to 2023-05-15T01:12:56.642314+00:00, run_after=2023-05-16T01:12:56.642314+00:00
[2023-05-16T01:12:56.669+0000] {processor.py:175} INFO - Processing /home/airflow/.local/lib/python3.7/site-packages/airflow/example_dags/example_task_group.py took 0.163 seconds
[2023-05-16T01:13:27.053+0000] {processor.py:153} INFO - Started process (PID=17452) to work on /home/airflow/.local/lib/python3.7/site-packages/airflow/example_dags/example_task_group.py
[2023-05-16T01:13:27.055+0000] {processor.py:743} INFO - Processing file /home/airflow/.local/lib/python3.7/site-packages/airflow/example_dags/example_task_group.py for tasks to queue
[2023-05-16T01:13:27.058+0000] {logging_mixin.py:137} INFO - [2023-05-16T01:13:27.058+0000] {dagbag.py:532} INFO - Filling up the DagBag from /home/airflow/.local/lib/python3.7/site-packages/airflow/example_dags/example_task_group.py
[2023-05-16T01:13:27.095+0000] {processor.py:753} INFO - DAG(s) dict_keys(['example_task_group']) retrieved from /home/airflow/.local/lib/python3.7/site-packages/airflow/example_dags/example_task_group.py
[2023-05-16T01:13:27.138+0000] {logging_mixin.py:137} INFO - [2023-05-16T01:13:27.137+0000] {dag.py:2705} INFO - Sync 1 DAGs
[2023-05-16T01:13:27.173+0000] {logging_mixin.py:137} INFO - [2023-05-16T01:13:27.172+0000] {dag.py:3456} INFO - Setting next_dagrun for example_task_group to 2023-05-15T01:13:27.172601+00:00, run_after=2023-05-16T01:13:27.172601+00:00
[2023-05-16T01:13:27.239+0000] {processor.py:175} INFO - Processing /home/airflow/.local/lib/python3.7/site-packages/airflow/example_dags/example_task_group.py took 0.192 seconds
[2023-05-16T01:13:57.421+0000] {processor.py:153} INFO - Started process (PID=17504) to work on /home/airflow/.local/lib/python3.7/site-packages/airflow/example_dags/example_task_group.py
[2023-05-16T01:13:57.427+0000] {processor.py:743} INFO - Processing file /home/airflow/.local/lib/python3.7/site-packages/airflow/example_dags/example_task_group.py for tasks to queue
[2023-05-16T01:13:57.430+0000] {logging_mixin.py:137} INFO - [2023-05-16T01:13:57.429+0000] {dagbag.py:532} INFO - Filling up the DagBag from /home/airflow/.local/lib/python3.7/site-packages/airflow/example_dags/example_task_group.py
[2023-05-16T01:13:57.468+0000] {processor.py:753} INFO - DAG(s) dict_keys(['example_task_group']) retrieved from /home/airflow/.local/lib/python3.7/site-packages/airflow/example_dags/example_task_group.py
[2023-05-16T01:13:57.510+0000] {logging_mixin.py:137} INFO - [2023-05-16T01:13:57.509+0000] {dag.py:2705} INFO - Sync 1 DAGs
[2023-05-16T01:13:57.547+0000] {logging_mixin.py:137} INFO - [2023-05-16T01:13:57.547+0000] {dag.py:3456} INFO - Setting next_dagrun for example_task_group to 2023-05-15T01:13:57.546954+00:00, run_after=2023-05-16T01:13:57.546954+00:00
[2023-05-16T01:13:57.577+0000] {processor.py:175} INFO - Processing /home/airflow/.local/lib/python3.7/site-packages/airflow/example_dags/example_task_group.py took 0.171 seconds
[2023-05-16T01:14:28.165+0000] {processor.py:153} INFO - Started process (PID=17556) to work on /home/airflow/.local/lib/python3.7/site-packages/airflow/example_dags/example_task_group.py
[2023-05-16T01:14:28.167+0000] {processor.py:743} INFO - Processing file /home/airflow/.local/lib/python3.7/site-packages/airflow/example_dags/example_task_group.py for tasks to queue
[2023-05-16T01:14:28.170+0000] {logging_mixin.py:137} INFO - [2023-05-16T01:14:28.169+0000] {dagbag.py:532} INFO - Filling up the DagBag from /home/airflow/.local/lib/python3.7/site-packages/airflow/example_dags/example_task_group.py
[2023-05-16T01:14:28.194+0000] {processor.py:753} INFO - DAG(s) dict_keys(['example_task_group']) retrieved from /home/airflow/.local/lib/python3.7/site-packages/airflow/example_dags/example_task_group.py
[2023-05-16T01:14:28.235+0000] {logging_mixin.py:137} INFO - [2023-05-16T01:14:28.235+0000] {dag.py:2705} INFO - Sync 1 DAGs
[2023-05-16T01:14:28.269+0000] {logging_mixin.py:137} INFO - [2023-05-16T01:14:28.268+0000] {dag.py:3456} INFO - Setting next_dagrun for example_task_group to 2023-05-15T01:14:28.268647+00:00, run_after=2023-05-16T01:14:28.268647+00:00
[2023-05-16T01:14:28.300+0000] {processor.py:175} INFO - Processing /home/airflow/.local/lib/python3.7/site-packages/airflow/example_dags/example_task_group.py took 0.142 seconds
[2023-05-16T01:14:58.583+0000] {processor.py:153} INFO - Started process (PID=17609) to work on /home/airflow/.local/lib/python3.7/site-packages/airflow/example_dags/example_task_group.py
[2023-05-16T01:14:58.585+0000] {processor.py:743} INFO - Processing file /home/airflow/.local/lib/python3.7/site-packages/airflow/example_dags/example_task_group.py for tasks to queue
[2023-05-16T01:14:58.587+0000] {logging_mixin.py:137} INFO - [2023-05-16T01:14:58.587+0000] {dagbag.py:532} INFO - Filling up the DagBag from /home/airflow/.local/lib/python3.7/site-packages/airflow/example_dags/example_task_group.py
[2023-05-16T01:14:58.614+0000] {processor.py:753} INFO - DAG(s) dict_keys(['example_task_group']) retrieved from /home/airflow/.local/lib/python3.7/site-packages/airflow/example_dags/example_task_group.py
[2023-05-16T01:14:58.654+0000] {logging_mixin.py:137} INFO - [2023-05-16T01:14:58.654+0000] {dag.py:2705} INFO - Sync 1 DAGs
[2023-05-16T01:14:58.687+0000] {logging_mixin.py:137} INFO - [2023-05-16T01:14:58.687+0000] {dag.py:3456} INFO - Setting next_dagrun for example_task_group to 2023-05-15T01:14:58.687110+00:00, run_after=2023-05-16T01:14:58.687110+00:00
[2023-05-16T01:14:58.715+0000] {processor.py:175} INFO - Processing /home/airflow/.local/lib/python3.7/site-packages/airflow/example_dags/example_task_group.py took 0.138 seconds
[2023-05-16T01:15:29.224+0000] {processor.py:153} INFO - Started process (PID=17661) to work on /home/airflow/.local/lib/python3.7/site-packages/airflow/example_dags/example_task_group.py
[2023-05-16T01:15:29.226+0000] {processor.py:743} INFO - Processing file /home/airflow/.local/lib/python3.7/site-packages/airflow/example_dags/example_task_group.py for tasks to queue
[2023-05-16T01:15:29.229+0000] {logging_mixin.py:137} INFO - [2023-05-16T01:15:29.229+0000] {dagbag.py:532} INFO - Filling up the DagBag from /home/airflow/.local/lib/python3.7/site-packages/airflow/example_dags/example_task_group.py
[2023-05-16T01:15:29.256+0000] {processor.py:753} INFO - DAG(s) dict_keys(['example_task_group']) retrieved from /home/airflow/.local/lib/python3.7/site-packages/airflow/example_dags/example_task_group.py
[2023-05-16T01:15:29.309+0000] {logging_mixin.py:137} INFO - [2023-05-16T01:15:29.309+0000] {dag.py:2705} INFO - Sync 1 DAGs
[2023-05-16T01:15:29.347+0000] {logging_mixin.py:137} INFO - [2023-05-16T01:15:29.347+0000] {dag.py:3456} INFO - Setting next_dagrun for example_task_group to 2023-05-15T01:15:29.346910+00:00, run_after=2023-05-16T01:15:29.346910+00:00
[2023-05-16T01:15:29.378+0000] {processor.py:175} INFO - Processing /home/airflow/.local/lib/python3.7/site-packages/airflow/example_dags/example_task_group.py took 0.159 seconds
[2023-05-16T01:15:59.607+0000] {processor.py:153} INFO - Started process (PID=17713) to work on /home/airflow/.local/lib/python3.7/site-packages/airflow/example_dags/example_task_group.py
[2023-05-16T01:15:59.609+0000] {processor.py:743} INFO - Processing file /home/airflow/.local/lib/python3.7/site-packages/airflow/example_dags/example_task_group.py for tasks to queue
[2023-05-16T01:15:59.611+0000] {logging_mixin.py:137} INFO - [2023-05-16T01:15:59.611+0000] {dagbag.py:532} INFO - Filling up the DagBag from /home/airflow/.local/lib/python3.7/site-packages/airflow/example_dags/example_task_group.py
[2023-05-16T01:15:59.638+0000] {processor.py:753} INFO - DAG(s) dict_keys(['example_task_group']) retrieved from /home/airflow/.local/lib/python3.7/site-packages/airflow/example_dags/example_task_group.py
[2023-05-16T01:15:59.685+0000] {logging_mixin.py:137} INFO - [2023-05-16T01:15:59.685+0000] {dag.py:2705} INFO - Sync 1 DAGs
[2023-05-16T01:15:59.721+0000] {logging_mixin.py:137} INFO - [2023-05-16T01:15:59.721+0000] {dag.py:3456} INFO - Setting next_dagrun for example_task_group to 2023-05-15T01:15:59.721407+00:00, run_after=2023-05-16T01:15:59.721407+00:00
[2023-05-16T01:15:59.758+0000] {processor.py:175} INFO - Processing /home/airflow/.local/lib/python3.7/site-packages/airflow/example_dags/example_task_group.py took 0.157 seconds
[2023-05-16T01:16:30.331+0000] {processor.py:153} INFO - Started process (PID=17765) to work on /home/airflow/.local/lib/python3.7/site-packages/airflow/example_dags/example_task_group.py
[2023-05-16T01:16:30.333+0000] {processor.py:743} INFO - Processing file /home/airflow/.local/lib/python3.7/site-packages/airflow/example_dags/example_task_group.py for tasks to queue
[2023-05-16T01:16:30.335+0000] {logging_mixin.py:137} INFO - [2023-05-16T01:16:30.335+0000] {dagbag.py:532} INFO - Filling up the DagBag from /home/airflow/.local/lib/python3.7/site-packages/airflow/example_dags/example_task_group.py
[2023-05-16T01:16:30.360+0000] {processor.py:753} INFO - DAG(s) dict_keys(['example_task_group']) retrieved from /home/airflow/.local/lib/python3.7/site-packages/airflow/example_dags/example_task_group.py
[2023-05-16T01:16:30.404+0000] {logging_mixin.py:137} INFO - [2023-05-16T01:16:30.403+0000] {dag.py:2705} INFO - Sync 1 DAGs
[2023-05-16T01:16:30.444+0000] {logging_mixin.py:137} INFO - [2023-05-16T01:16:30.444+0000] {dag.py:3456} INFO - Setting next_dagrun for example_task_group to 2023-05-15T01:16:30.444141+00:00, run_after=2023-05-16T01:16:30.444141+00:00
[2023-05-16T01:16:30.473+0000] {processor.py:175} INFO - Processing /home/airflow/.local/lib/python3.7/site-packages/airflow/example_dags/example_task_group.py took 0.150 seconds
[2023-05-16T01:17:01.224+0000] {processor.py:153} INFO - Started process (PID=17817) to work on /home/airflow/.local/lib/python3.7/site-packages/airflow/example_dags/example_task_group.py
[2023-05-16T01:17:01.235+0000] {processor.py:743} INFO - Processing file /home/airflow/.local/lib/python3.7/site-packages/airflow/example_dags/example_task_group.py for tasks to queue
[2023-05-16T01:17:01.237+0000] {logging_mixin.py:137} INFO - [2023-05-16T01:17:01.237+0000] {dagbag.py:532} INFO - Filling up the DagBag from /home/airflow/.local/lib/python3.7/site-packages/airflow/example_dags/example_task_group.py
[2023-05-16T01:17:01.297+0000] {processor.py:753} INFO - DAG(s) dict_keys(['example_task_group']) retrieved from /home/airflow/.local/lib/python3.7/site-packages/airflow/example_dags/example_task_group.py
[2023-05-16T01:17:01.386+0000] {logging_mixin.py:137} INFO - [2023-05-16T01:17:01.386+0000] {dag.py:2705} INFO - Sync 1 DAGs
[2023-05-16T01:17:01.460+0000] {logging_mixin.py:137} INFO - [2023-05-16T01:17:01.460+0000] {dag.py:3456} INFO - Setting next_dagrun for example_task_group to 2023-05-15T01:17:01.459910+00:00, run_after=2023-05-16T01:17:01.459910+00:00
[2023-05-16T01:17:01.520+0000] {processor.py:175} INFO - Processing /home/airflow/.local/lib/python3.7/site-packages/airflow/example_dags/example_task_group.py took 0.305 seconds
[2023-05-16T01:17:32.022+0000] {processor.py:153} INFO - Started process (PID=17870) to work on /home/airflow/.local/lib/python3.7/site-packages/airflow/example_dags/example_task_group.py
[2023-05-16T01:17:32.025+0000] {processor.py:743} INFO - Processing file /home/airflow/.local/lib/python3.7/site-packages/airflow/example_dags/example_task_group.py for tasks to queue
[2023-05-16T01:17:32.032+0000] {logging_mixin.py:137} INFO - [2023-05-16T01:17:32.031+0000] {dagbag.py:532} INFO - Filling up the DagBag from /home/airflow/.local/lib/python3.7/site-packages/airflow/example_dags/example_task_group.py
[2023-05-16T01:17:32.067+0000] {processor.py:753} INFO - DAG(s) dict_keys(['example_task_group']) retrieved from /home/airflow/.local/lib/python3.7/site-packages/airflow/example_dags/example_task_group.py
[2023-05-16T01:17:32.114+0000] {logging_mixin.py:137} INFO - [2023-05-16T01:17:32.114+0000] {dag.py:2705} INFO - Sync 1 DAGs
[2023-05-16T01:17:32.153+0000] {logging_mixin.py:137} INFO - [2023-05-16T01:17:32.153+0000] {dag.py:3456} INFO - Setting next_dagrun for example_task_group to 2023-05-15T01:17:32.153122+00:00, run_after=2023-05-16T01:17:32.153122+00:00
[2023-05-16T01:17:32.184+0000] {processor.py:175} INFO - Processing /home/airflow/.local/lib/python3.7/site-packages/airflow/example_dags/example_task_group.py took 0.168 seconds
[2023-05-16T01:18:02.675+0000] {processor.py:153} INFO - Started process (PID=17923) to work on /home/airflow/.local/lib/python3.7/site-packages/airflow/example_dags/example_task_group.py
[2023-05-16T01:18:02.678+0000] {processor.py:743} INFO - Processing file /home/airflow/.local/lib/python3.7/site-packages/airflow/example_dags/example_task_group.py for tasks to queue
[2023-05-16T01:18:02.681+0000] {logging_mixin.py:137} INFO - [2023-05-16T01:18:02.680+0000] {dagbag.py:532} INFO - Filling up the DagBag from /home/airflow/.local/lib/python3.7/site-packages/airflow/example_dags/example_task_group.py
[2023-05-16T01:18:02.711+0000] {processor.py:753} INFO - DAG(s) dict_keys(['example_task_group']) retrieved from /home/airflow/.local/lib/python3.7/site-packages/airflow/example_dags/example_task_group.py
[2023-05-16T01:18:02.766+0000] {logging_mixin.py:137} INFO - [2023-05-16T01:18:02.766+0000] {dag.py:2705} INFO - Sync 1 DAGs
[2023-05-16T01:18:02.810+0000] {logging_mixin.py:137} INFO - [2023-05-16T01:18:02.810+0000] {dag.py:3456} INFO - Setting next_dagrun for example_task_group to 2023-05-15T01:18:02.810008+00:00, run_after=2023-05-16T01:18:02.810008+00:00
[2023-05-16T01:18:02.842+0000] {processor.py:175} INFO - Processing /home/airflow/.local/lib/python3.7/site-packages/airflow/example_dags/example_task_group.py took 0.176 seconds
[2023-05-16T01:18:33.450+0000] {processor.py:153} INFO - Started process (PID=17975) to work on /home/airflow/.local/lib/python3.7/site-packages/airflow/example_dags/example_task_group.py
[2023-05-16T01:18:33.452+0000] {processor.py:743} INFO - Processing file /home/airflow/.local/lib/python3.7/site-packages/airflow/example_dags/example_task_group.py for tasks to queue
[2023-05-16T01:18:33.456+0000] {logging_mixin.py:137} INFO - [2023-05-16T01:18:33.455+0000] {dagbag.py:532} INFO - Filling up the DagBag from /home/airflow/.local/lib/python3.7/site-packages/airflow/example_dags/example_task_group.py
[2023-05-16T01:18:33.522+0000] {processor.py:753} INFO - DAG(s) dict_keys(['example_task_group']) retrieved from /home/airflow/.local/lib/python3.7/site-packages/airflow/example_dags/example_task_group.py
[2023-05-16T01:18:33.607+0000] {logging_mixin.py:137} INFO - [2023-05-16T01:18:33.606+0000] {dag.py:2705} INFO - Sync 1 DAGs
[2023-05-16T01:18:33.672+0000] {logging_mixin.py:137} INFO - [2023-05-16T01:18:33.672+0000] {dag.py:3456} INFO - Setting next_dagrun for example_task_group to 2023-05-15T01:18:33.671845+00:00, run_after=2023-05-16T01:18:33.671845+00:00
[2023-05-16T01:18:33.727+0000] {processor.py:175} INFO - Processing /home/airflow/.local/lib/python3.7/site-packages/airflow/example_dags/example_task_group.py took 0.290 seconds
[2023-05-16T01:19:03.829+0000] {processor.py:153} INFO - Started process (PID=18028) to work on /home/airflow/.local/lib/python3.7/site-packages/airflow/example_dags/example_task_group.py
[2023-05-16T01:19:03.832+0000] {processor.py:743} INFO - Processing file /home/airflow/.local/lib/python3.7/site-packages/airflow/example_dags/example_task_group.py for tasks to queue
[2023-05-16T01:19:03.835+0000] {logging_mixin.py:137} INFO - [2023-05-16T01:19:03.835+0000] {dagbag.py:532} INFO - Filling up the DagBag from /home/airflow/.local/lib/python3.7/site-packages/airflow/example_dags/example_task_group.py
[2023-05-16T01:19:03.868+0000] {processor.py:753} INFO - DAG(s) dict_keys(['example_task_group']) retrieved from /home/airflow/.local/lib/python3.7/site-packages/airflow/example_dags/example_task_group.py
[2023-05-16T01:19:03.915+0000] {logging_mixin.py:137} INFO - [2023-05-16T01:19:03.915+0000] {dag.py:2705} INFO - Sync 1 DAGs
[2023-05-16T01:19:03.955+0000] {logging_mixin.py:137} INFO - [2023-05-16T01:19:03.955+0000] {dag.py:3456} INFO - Setting next_dagrun for example_task_group to 2023-05-15T01:19:03.954990+00:00, run_after=2023-05-16T01:19:03.954990+00:00
[2023-05-16T01:19:03.993+0000] {processor.py:175} INFO - Processing /home/airflow/.local/lib/python3.7/site-packages/airflow/example_dags/example_task_group.py took 0.176 seconds
[2023-05-16T01:19:34.159+0000] {processor.py:153} INFO - Started process (PID=18079) to work on /home/airflow/.local/lib/python3.7/site-packages/airflow/example_dags/example_task_group.py
[2023-05-16T01:19:34.162+0000] {processor.py:743} INFO - Processing file /home/airflow/.local/lib/python3.7/site-packages/airflow/example_dags/example_task_group.py for tasks to queue
[2023-05-16T01:19:34.164+0000] {logging_mixin.py:137} INFO - [2023-05-16T01:19:34.164+0000] {dagbag.py:532} INFO - Filling up the DagBag from /home/airflow/.local/lib/python3.7/site-packages/airflow/example_dags/example_task_group.py
[2023-05-16T01:19:34.215+0000] {processor.py:753} INFO - DAG(s) dict_keys(['example_task_group']) retrieved from /home/airflow/.local/lib/python3.7/site-packages/airflow/example_dags/example_task_group.py
[2023-05-16T01:19:34.261+0000] {logging_mixin.py:137} INFO - [2023-05-16T01:19:34.261+0000] {dag.py:2705} INFO - Sync 1 DAGs
[2023-05-16T01:19:34.298+0000] {logging_mixin.py:137} INFO - [2023-05-16T01:19:34.298+0000] {dag.py:3456} INFO - Setting next_dagrun for example_task_group to 2023-05-15T01:19:34.297658+00:00, run_after=2023-05-16T01:19:34.297658+00:00
[2023-05-16T01:19:34.326+0000] {processor.py:175} INFO - Processing /home/airflow/.local/lib/python3.7/site-packages/airflow/example_dags/example_task_group.py took 0.175 seconds
[2023-05-16T01:20:04.749+0000] {processor.py:153} INFO - Started process (PID=18131) to work on /home/airflow/.local/lib/python3.7/site-packages/airflow/example_dags/example_task_group.py
[2023-05-16T01:20:04.752+0000] {processor.py:743} INFO - Processing file /home/airflow/.local/lib/python3.7/site-packages/airflow/example_dags/example_task_group.py for tasks to queue
[2023-05-16T01:20:04.755+0000] {logging_mixin.py:137} INFO - [2023-05-16T01:20:04.754+0000] {dagbag.py:532} INFO - Filling up the DagBag from /home/airflow/.local/lib/python3.7/site-packages/airflow/example_dags/example_task_group.py
[2023-05-16T01:20:04.788+0000] {processor.py:753} INFO - DAG(s) dict_keys(['example_task_group']) retrieved from /home/airflow/.local/lib/python3.7/site-packages/airflow/example_dags/example_task_group.py
[2023-05-16T01:20:04.868+0000] {logging_mixin.py:137} INFO - [2023-05-16T01:20:04.868+0000] {dag.py:2705} INFO - Sync 1 DAGs
[2023-05-16T01:20:04.916+0000] {logging_mixin.py:137} INFO - [2023-05-16T01:20:04.916+0000] {dag.py:3456} INFO - Setting next_dagrun for example_task_group to 2023-05-15T01:20:04.916399+00:00, run_after=2023-05-16T01:20:04.916399+00:00
[2023-05-16T01:20:04.947+0000] {processor.py:175} INFO - Processing /home/airflow/.local/lib/python3.7/site-packages/airflow/example_dags/example_task_group.py took 0.207 seconds
[2023-05-16T01:20:35.171+0000] {processor.py:153} INFO - Started process (PID=18183) to work on /home/airflow/.local/lib/python3.7/site-packages/airflow/example_dags/example_task_group.py
[2023-05-16T01:20:35.174+0000] {processor.py:743} INFO - Processing file /home/airflow/.local/lib/python3.7/site-packages/airflow/example_dags/example_task_group.py for tasks to queue
[2023-05-16T01:20:35.177+0000] {logging_mixin.py:137} INFO - [2023-05-16T01:20:35.177+0000] {dagbag.py:532} INFO - Filling up the DagBag from /home/airflow/.local/lib/python3.7/site-packages/airflow/example_dags/example_task_group.py
[2023-05-16T01:20:35.250+0000] {processor.py:753} INFO - DAG(s) dict_keys(['example_task_group']) retrieved from /home/airflow/.local/lib/python3.7/site-packages/airflow/example_dags/example_task_group.py
[2023-05-16T01:20:35.298+0000] {logging_mixin.py:137} INFO - [2023-05-16T01:20:35.298+0000] {dag.py:2705} INFO - Sync 1 DAGs
[2023-05-16T01:20:35.342+0000] {logging_mixin.py:137} INFO - [2023-05-16T01:20:35.342+0000] {dag.py:3456} INFO - Setting next_dagrun for example_task_group to 2023-05-15T01:20:35.342097+00:00, run_after=2023-05-16T01:20:35.342097+00:00
[2023-05-16T01:20:35.370+0000] {processor.py:175} INFO - Processing /home/airflow/.local/lib/python3.7/site-packages/airflow/example_dags/example_task_group.py took 0.207 seconds
[2023-05-16T01:21:06.056+0000] {processor.py:153} INFO - Started process (PID=18234) to work on /home/airflow/.local/lib/python3.7/site-packages/airflow/example_dags/example_task_group.py
[2023-05-16T01:21:06.059+0000] {processor.py:743} INFO - Processing file /home/airflow/.local/lib/python3.7/site-packages/airflow/example_dags/example_task_group.py for tasks to queue
[2023-05-16T01:21:06.066+0000] {logging_mixin.py:137} INFO - [2023-05-16T01:21:06.065+0000] {dagbag.py:532} INFO - Filling up the DagBag from /home/airflow/.local/lib/python3.7/site-packages/airflow/example_dags/example_task_group.py
[2023-05-16T01:21:06.116+0000] {processor.py:753} INFO - DAG(s) dict_keys(['example_task_group']) retrieved from /home/airflow/.local/lib/python3.7/site-packages/airflow/example_dags/example_task_group.py
[2023-05-16T01:21:06.221+0000] {logging_mixin.py:137} INFO - [2023-05-16T01:21:06.220+0000] {dag.py:2705} INFO - Sync 1 DAGs
[2023-05-16T01:21:06.301+0000] {logging_mixin.py:137} INFO - [2023-05-16T01:21:06.301+0000] {dag.py:3456} INFO - Setting next_dagrun for example_task_group to 2023-05-15T01:21:06.300827+00:00, run_after=2023-05-16T01:21:06.300827+00:00
[2023-05-16T01:21:06.360+0000] {processor.py:175} INFO - Processing /home/airflow/.local/lib/python3.7/site-packages/airflow/example_dags/example_task_group.py took 0.317 seconds
[2023-05-16T01:21:37.131+0000] {processor.py:153} INFO - Started process (PID=18286) to work on /home/airflow/.local/lib/python3.7/site-packages/airflow/example_dags/example_task_group.py
[2023-05-16T01:21:37.133+0000] {processor.py:743} INFO - Processing file /home/airflow/.local/lib/python3.7/site-packages/airflow/example_dags/example_task_group.py for tasks to queue
[2023-05-16T01:21:37.136+0000] {logging_mixin.py:137} INFO - [2023-05-16T01:21:37.136+0000] {dagbag.py:532} INFO - Filling up the DagBag from /home/airflow/.local/lib/python3.7/site-packages/airflow/example_dags/example_task_group.py
[2023-05-16T01:21:37.165+0000] {processor.py:753} INFO - DAG(s) dict_keys(['example_task_group']) retrieved from /home/airflow/.local/lib/python3.7/site-packages/airflow/example_dags/example_task_group.py
[2023-05-16T01:21:37.212+0000] {logging_mixin.py:137} INFO - [2023-05-16T01:21:37.212+0000] {dag.py:2705} INFO - Sync 1 DAGs
[2023-05-16T01:21:37.264+0000] {logging_mixin.py:137} INFO - [2023-05-16T01:21:37.264+0000] {dag.py:3456} INFO - Setting next_dagrun for example_task_group to 2023-05-15T01:21:37.264007+00:00, run_after=2023-05-16T01:21:37.264007+00:00
[2023-05-16T01:21:37.301+0000] {processor.py:175} INFO - Processing /home/airflow/.local/lib/python3.7/site-packages/airflow/example_dags/example_task_group.py took 0.178 seconds
[2023-05-16T01:22:07.495+0000] {processor.py:153} INFO - Started process (PID=18339) to work on /home/airflow/.local/lib/python3.7/site-packages/airflow/example_dags/example_task_group.py
[2023-05-16T01:22:07.497+0000] {processor.py:743} INFO - Processing file /home/airflow/.local/lib/python3.7/site-packages/airflow/example_dags/example_task_group.py for tasks to queue
[2023-05-16T01:22:07.500+0000] {logging_mixin.py:137} INFO - [2023-05-16T01:22:07.500+0000] {dagbag.py:532} INFO - Filling up the DagBag from /home/airflow/.local/lib/python3.7/site-packages/airflow/example_dags/example_task_group.py
[2023-05-16T01:22:07.536+0000] {processor.py:753} INFO - DAG(s) dict_keys(['example_task_group']) retrieved from /home/airflow/.local/lib/python3.7/site-packages/airflow/example_dags/example_task_group.py
[2023-05-16T01:22:07.581+0000] {logging_mixin.py:137} INFO - [2023-05-16T01:22:07.581+0000] {dag.py:2705} INFO - Sync 1 DAGs
[2023-05-16T01:22:07.618+0000] {logging_mixin.py:137} INFO - [2023-05-16T01:22:07.618+0000] {dag.py:3456} INFO - Setting next_dagrun for example_task_group to 2023-05-15T01:22:07.617904+00:00, run_after=2023-05-16T01:22:07.617904+00:00
[2023-05-16T01:22:07.651+0000] {processor.py:175} INFO - Processing /home/airflow/.local/lib/python3.7/site-packages/airflow/example_dags/example_task_group.py took 0.162 seconds
[2023-05-16T01:22:37.954+0000] {processor.py:153} INFO - Started process (PID=18391) to work on /home/airflow/.local/lib/python3.7/site-packages/airflow/example_dags/example_task_group.py
[2023-05-16T01:22:37.957+0000] {processor.py:743} INFO - Processing file /home/airflow/.local/lib/python3.7/site-packages/airflow/example_dags/example_task_group.py for tasks to queue
[2023-05-16T01:22:37.962+0000] {logging_mixin.py:137} INFO - [2023-05-16T01:22:37.962+0000] {dagbag.py:532} INFO - Filling up the DagBag from /home/airflow/.local/lib/python3.7/site-packages/airflow/example_dags/example_task_group.py
[2023-05-16T01:22:37.989+0000] {processor.py:753} INFO - DAG(s) dict_keys(['example_task_group']) retrieved from /home/airflow/.local/lib/python3.7/site-packages/airflow/example_dags/example_task_group.py
[2023-05-16T01:22:38.042+0000] {logging_mixin.py:137} INFO - [2023-05-16T01:22:38.042+0000] {dag.py:2705} INFO - Sync 1 DAGs
[2023-05-16T01:22:38.087+0000] {logging_mixin.py:137} INFO - [2023-05-16T01:22:38.087+0000] {dag.py:3456} INFO - Setting next_dagrun for example_task_group to 2023-05-15T01:22:38.086845+00:00, run_after=2023-05-16T01:22:38.086845+00:00
[2023-05-16T01:22:38.116+0000] {processor.py:175} INFO - Processing /home/airflow/.local/lib/python3.7/site-packages/airflow/example_dags/example_task_group.py took 0.175 seconds
[2023-05-16T01:23:08.413+0000] {processor.py:153} INFO - Started process (PID=18443) to work on /home/airflow/.local/lib/python3.7/site-packages/airflow/example_dags/example_task_group.py
[2023-05-16T01:23:08.415+0000] {processor.py:743} INFO - Processing file /home/airflow/.local/lib/python3.7/site-packages/airflow/example_dags/example_task_group.py for tasks to queue
[2023-05-16T01:23:08.420+0000] {logging_mixin.py:137} INFO - [2023-05-16T01:23:08.419+0000] {dagbag.py:532} INFO - Filling up the DagBag from /home/airflow/.local/lib/python3.7/site-packages/airflow/example_dags/example_task_group.py
[2023-05-16T01:23:08.472+0000] {processor.py:753} INFO - DAG(s) dict_keys(['example_task_group']) retrieved from /home/airflow/.local/lib/python3.7/site-packages/airflow/example_dags/example_task_group.py
[2023-05-16T01:23:08.550+0000] {logging_mixin.py:137} INFO - [2023-05-16T01:23:08.550+0000] {dag.py:2705} INFO - Sync 1 DAGs
[2023-05-16T01:23:08.618+0000] {logging_mixin.py:137} INFO - [2023-05-16T01:23:08.618+0000] {dag.py:3456} INFO - Setting next_dagrun for example_task_group to 2023-05-15T01:23:08.617946+00:00, run_after=2023-05-16T01:23:08.617946+00:00
[2023-05-16T01:23:08.698+0000] {processor.py:175} INFO - Processing /home/airflow/.local/lib/python3.7/site-packages/airflow/example_dags/example_task_group.py took 0.312 seconds
[2023-05-16T01:23:38.784+0000] {processor.py:153} INFO - Started process (PID=18495) to work on /home/airflow/.local/lib/python3.7/site-packages/airflow/example_dags/example_task_group.py
[2023-05-16T01:23:38.786+0000] {processor.py:743} INFO - Processing file /home/airflow/.local/lib/python3.7/site-packages/airflow/example_dags/example_task_group.py for tasks to queue
[2023-05-16T01:23:38.789+0000] {logging_mixin.py:137} INFO - [2023-05-16T01:23:38.789+0000] {dagbag.py:532} INFO - Filling up the DagBag from /home/airflow/.local/lib/python3.7/site-packages/airflow/example_dags/example_task_group.py
[2023-05-16T01:23:38.823+0000] {processor.py:753} INFO - DAG(s) dict_keys(['example_task_group']) retrieved from /home/airflow/.local/lib/python3.7/site-packages/airflow/example_dags/example_task_group.py
[2023-05-16T01:23:38.875+0000] {logging_mixin.py:137} INFO - [2023-05-16T01:23:38.875+0000] {dag.py:2705} INFO - Sync 1 DAGs
[2023-05-16T01:23:38.930+0000] {logging_mixin.py:137} INFO - [2023-05-16T01:23:38.930+0000] {dag.py:3456} INFO - Setting next_dagrun for example_task_group to 2023-05-15T01:23:38.929731+00:00, run_after=2023-05-16T01:23:38.929731+00:00
[2023-05-16T01:23:38.963+0000] {processor.py:175} INFO - Processing /home/airflow/.local/lib/python3.7/site-packages/airflow/example_dags/example_task_group.py took 0.189 seconds
[2023-05-16T01:24:09.571+0000] {processor.py:153} INFO - Started process (PID=18547) to work on /home/airflow/.local/lib/python3.7/site-packages/airflow/example_dags/example_task_group.py
[2023-05-16T01:24:09.573+0000] {processor.py:743} INFO - Processing file /home/airflow/.local/lib/python3.7/site-packages/airflow/example_dags/example_task_group.py for tasks to queue
[2023-05-16T01:24:09.585+0000] {logging_mixin.py:137} INFO - [2023-05-16T01:24:09.585+0000] {dagbag.py:532} INFO - Filling up the DagBag from /home/airflow/.local/lib/python3.7/site-packages/airflow/example_dags/example_task_group.py
[2023-05-16T01:24:09.621+0000] {processor.py:753} INFO - DAG(s) dict_keys(['example_task_group']) retrieved from /home/airflow/.local/lib/python3.7/site-packages/airflow/example_dags/example_task_group.py
[2023-05-16T01:24:09.660+0000] {logging_mixin.py:137} INFO - [2023-05-16T01:24:09.659+0000] {dag.py:2705} INFO - Sync 1 DAGs
[2023-05-16T01:24:09.698+0000] {logging_mixin.py:137} INFO - [2023-05-16T01:24:09.698+0000] {dag.py:3456} INFO - Setting next_dagrun for example_task_group to 2023-05-15T01:24:09.697607+00:00, run_after=2023-05-16T01:24:09.697607+00:00
[2023-05-16T01:24:09.722+0000] {processor.py:175} INFO - Processing /home/airflow/.local/lib/python3.7/site-packages/airflow/example_dags/example_task_group.py took 0.159 seconds
[2023-05-16T01:24:40.603+0000] {processor.py:153} INFO - Started process (PID=18599) to work on /home/airflow/.local/lib/python3.7/site-packages/airflow/example_dags/example_task_group.py
[2023-05-16T01:24:40.613+0000] {processor.py:743} INFO - Processing file /home/airflow/.local/lib/python3.7/site-packages/airflow/example_dags/example_task_group.py for tasks to queue
[2023-05-16T01:24:40.617+0000] {logging_mixin.py:137} INFO - [2023-05-16T01:24:40.617+0000] {dagbag.py:532} INFO - Filling up the DagBag from /home/airflow/.local/lib/python3.7/site-packages/airflow/example_dags/example_task_group.py
[2023-05-16T01:24:40.646+0000] {processor.py:753} INFO - DAG(s) dict_keys(['example_task_group']) retrieved from /home/airflow/.local/lib/python3.7/site-packages/airflow/example_dags/example_task_group.py
[2023-05-16T01:24:40.693+0000] {logging_mixin.py:137} INFO - [2023-05-16T01:24:40.693+0000] {dag.py:2705} INFO - Sync 1 DAGs
[2023-05-16T01:24:40.731+0000] {logging_mixin.py:137} INFO - [2023-05-16T01:24:40.731+0000] {dag.py:3456} INFO - Setting next_dagrun for example_task_group to 2023-05-15T01:24:40.730729+00:00, run_after=2023-05-16T01:24:40.730729+00:00
[2023-05-16T01:24:40.761+0000] {processor.py:175} INFO - Processing /home/airflow/.local/lib/python3.7/site-packages/airflow/example_dags/example_task_group.py took 0.165 seconds
[2023-05-16T01:25:10.945+0000] {processor.py:153} INFO - Started process (PID=18651) to work on /home/airflow/.local/lib/python3.7/site-packages/airflow/example_dags/example_task_group.py
[2023-05-16T01:25:10.947+0000] {processor.py:743} INFO - Processing file /home/airflow/.local/lib/python3.7/site-packages/airflow/example_dags/example_task_group.py for tasks to queue
[2023-05-16T01:25:10.949+0000] {logging_mixin.py:137} INFO - [2023-05-16T01:25:10.949+0000] {dagbag.py:532} INFO - Filling up the DagBag from /home/airflow/.local/lib/python3.7/site-packages/airflow/example_dags/example_task_group.py
[2023-05-16T01:25:11.023+0000] {processor.py:753} INFO - DAG(s) dict_keys(['example_task_group']) retrieved from /home/airflow/.local/lib/python3.7/site-packages/airflow/example_dags/example_task_group.py
[2023-05-16T01:25:11.137+0000] {logging_mixin.py:137} INFO - [2023-05-16T01:25:11.137+0000] {dag.py:2705} INFO - Sync 1 DAGs
[2023-05-16T01:25:11.265+0000] {logging_mixin.py:137} INFO - [2023-05-16T01:25:11.265+0000] {dag.py:3456} INFO - Setting next_dagrun for example_task_group to 2023-05-15T01:25:11.264943+00:00, run_after=2023-05-16T01:25:11.264943+00:00
[2023-05-16T01:25:11.371+0000] {processor.py:175} INFO - Processing /home/airflow/.local/lib/python3.7/site-packages/airflow/example_dags/example_task_group.py took 0.442 seconds
[2023-05-16T01:25:41.811+0000] {processor.py:153} INFO - Started process (PID=18703) to work on /home/airflow/.local/lib/python3.7/site-packages/airflow/example_dags/example_task_group.py
[2023-05-16T01:25:41.814+0000] {processor.py:743} INFO - Processing file /home/airflow/.local/lib/python3.7/site-packages/airflow/example_dags/example_task_group.py for tasks to queue
[2023-05-16T01:25:41.817+0000] {logging_mixin.py:137} INFO - [2023-05-16T01:25:41.816+0000] {dagbag.py:532} INFO - Filling up the DagBag from /home/airflow/.local/lib/python3.7/site-packages/airflow/example_dags/example_task_group.py
[2023-05-16T01:25:41.847+0000] {processor.py:753} INFO - DAG(s) dict_keys(['example_task_group']) retrieved from /home/airflow/.local/lib/python3.7/site-packages/airflow/example_dags/example_task_group.py
[2023-05-16T01:25:41.901+0000] {logging_mixin.py:137} INFO - [2023-05-16T01:25:41.900+0000] {dag.py:2705} INFO - Sync 1 DAGs
[2023-05-16T01:25:41.951+0000] {logging_mixin.py:137} INFO - [2023-05-16T01:25:41.951+0000] {dag.py:3456} INFO - Setting next_dagrun for example_task_group to 2023-05-15T01:25:41.951249+00:00, run_after=2023-05-16T01:25:41.951249+00:00
[2023-05-16T01:25:41.980+0000] {processor.py:175} INFO - Processing /home/airflow/.local/lib/python3.7/site-packages/airflow/example_dags/example_task_group.py took 0.176 seconds
[2023-05-16T01:26:12.165+0000] {processor.py:153} INFO - Started process (PID=18755) to work on /home/airflow/.local/lib/python3.7/site-packages/airflow/example_dags/example_task_group.py
[2023-05-16T01:26:12.167+0000] {processor.py:743} INFO - Processing file /home/airflow/.local/lib/python3.7/site-packages/airflow/example_dags/example_task_group.py for tasks to queue
[2023-05-16T01:26:12.170+0000] {logging_mixin.py:137} INFO - [2023-05-16T01:26:12.170+0000] {dagbag.py:532} INFO - Filling up the DagBag from /home/airflow/.local/lib/python3.7/site-packages/airflow/example_dags/example_task_group.py
[2023-05-16T01:26:12.206+0000] {processor.py:753} INFO - DAG(s) dict_keys(['example_task_group']) retrieved from /home/airflow/.local/lib/python3.7/site-packages/airflow/example_dags/example_task_group.py
[2023-05-16T01:26:12.255+0000] {logging_mixin.py:137} INFO - [2023-05-16T01:26:12.254+0000] {dag.py:2705} INFO - Sync 1 DAGs
[2023-05-16T01:26:12.292+0000] {logging_mixin.py:137} INFO - [2023-05-16T01:26:12.292+0000] {dag.py:3456} INFO - Setting next_dagrun for example_task_group to 2023-05-15T01:26:12.291646+00:00, run_after=2023-05-16T01:26:12.291646+00:00
[2023-05-16T01:26:12.332+0000] {processor.py:175} INFO - Processing /home/airflow/.local/lib/python3.7/site-packages/airflow/example_dags/example_task_group.py took 0.172 seconds
[2023-05-16T01:26:42.383+0000] {processor.py:153} INFO - Started process (PID=18806) to work on /home/airflow/.local/lib/python3.7/site-packages/airflow/example_dags/example_task_group.py
[2023-05-16T01:26:42.386+0000] {processor.py:743} INFO - Processing file /home/airflow/.local/lib/python3.7/site-packages/airflow/example_dags/example_task_group.py for tasks to queue
[2023-05-16T01:26:42.388+0000] {logging_mixin.py:137} INFO - [2023-05-16T01:26:42.387+0000] {dagbag.py:532} INFO - Filling up the DagBag from /home/airflow/.local/lib/python3.7/site-packages/airflow/example_dags/example_task_group.py
[2023-05-16T01:26:42.413+0000] {processor.py:753} INFO - DAG(s) dict_keys(['example_task_group']) retrieved from /home/airflow/.local/lib/python3.7/site-packages/airflow/example_dags/example_task_group.py
[2023-05-16T01:26:42.454+0000] {logging_mixin.py:137} INFO - [2023-05-16T01:26:42.453+0000] {dag.py:2705} INFO - Sync 1 DAGs
[2023-05-16T01:26:42.487+0000] {logging_mixin.py:137} INFO - [2023-05-16T01:26:42.486+0000] {dag.py:3456} INFO - Setting next_dagrun for example_task_group to 2023-05-15T01:26:42.486541+00:00, run_after=2023-05-16T01:26:42.486541+00:00
[2023-05-16T01:26:42.517+0000] {processor.py:175} INFO - Processing /home/airflow/.local/lib/python3.7/site-packages/airflow/example_dags/example_task_group.py took 0.140 seconds
[2023-05-16T01:27:13.291+0000] {processor.py:153} INFO - Started process (PID=18859) to work on /home/airflow/.local/lib/python3.7/site-packages/airflow/example_dags/example_task_group.py
[2023-05-16T01:27:13.293+0000] {processor.py:743} INFO - Processing file /home/airflow/.local/lib/python3.7/site-packages/airflow/example_dags/example_task_group.py for tasks to queue
[2023-05-16T01:27:13.296+0000] {logging_mixin.py:137} INFO - [2023-05-16T01:27:13.296+0000] {dagbag.py:532} INFO - Filling up the DagBag from /home/airflow/.local/lib/python3.7/site-packages/airflow/example_dags/example_task_group.py
[2023-05-16T01:27:13.325+0000] {processor.py:753} INFO - DAG(s) dict_keys(['example_task_group']) retrieved from /home/airflow/.local/lib/python3.7/site-packages/airflow/example_dags/example_task_group.py
[2023-05-16T01:27:13.370+0000] {logging_mixin.py:137} INFO - [2023-05-16T01:27:13.370+0000] {dag.py:2705} INFO - Sync 1 DAGs
[2023-05-16T01:27:13.409+0000] {logging_mixin.py:137} INFO - [2023-05-16T01:27:13.409+0000] {dag.py:3456} INFO - Setting next_dagrun for example_task_group to 2023-05-15T01:27:13.409250+00:00, run_after=2023-05-16T01:27:13.409250+00:00
[2023-05-16T01:27:13.454+0000] {processor.py:175} INFO - Processing /home/airflow/.local/lib/python3.7/site-packages/airflow/example_dags/example_task_group.py took 0.172 seconds
[2023-05-16T01:27:44.352+0000] {processor.py:153} INFO - Started process (PID=18911) to work on /home/airflow/.local/lib/python3.7/site-packages/airflow/example_dags/example_task_group.py
[2023-05-16T01:27:44.355+0000] {processor.py:743} INFO - Processing file /home/airflow/.local/lib/python3.7/site-packages/airflow/example_dags/example_task_group.py for tasks to queue
[2023-05-16T01:27:44.359+0000] {logging_mixin.py:137} INFO - [2023-05-16T01:27:44.358+0000] {dagbag.py:532} INFO - Filling up the DagBag from /home/airflow/.local/lib/python3.7/site-packages/airflow/example_dags/example_task_group.py
[2023-05-16T01:27:44.399+0000] {processor.py:753} INFO - DAG(s) dict_keys(['example_task_group']) retrieved from /home/airflow/.local/lib/python3.7/site-packages/airflow/example_dags/example_task_group.py
[2023-05-16T01:27:44.453+0000] {logging_mixin.py:137} INFO - [2023-05-16T01:27:44.453+0000] {dag.py:2705} INFO - Sync 1 DAGs
[2023-05-16T01:27:44.498+0000] {logging_mixin.py:137} INFO - [2023-05-16T01:27:44.498+0000] {dag.py:3456} INFO - Setting next_dagrun for example_task_group to 2023-05-15T01:27:44.498010+00:00, run_after=2023-05-16T01:27:44.498010+00:00
[2023-05-16T01:27:44.542+0000] {processor.py:175} INFO - Processing /home/airflow/.local/lib/python3.7/site-packages/airflow/example_dags/example_task_group.py took 0.203 seconds
[2023-05-16T01:28:14.984+0000] {processor.py:153} INFO - Started process (PID=18963) to work on /home/airflow/.local/lib/python3.7/site-packages/airflow/example_dags/example_task_group.py
[2023-05-16T01:28:14.989+0000] {processor.py:743} INFO - Processing file /home/airflow/.local/lib/python3.7/site-packages/airflow/example_dags/example_task_group.py for tasks to queue
[2023-05-16T01:28:14.991+0000] {logging_mixin.py:137} INFO - [2023-05-16T01:28:14.990+0000] {dagbag.py:532} INFO - Filling up the DagBag from /home/airflow/.local/lib/python3.7/site-packages/airflow/example_dags/example_task_group.py
[2023-05-16T01:28:15.019+0000] {processor.py:753} INFO - DAG(s) dict_keys(['example_task_group']) retrieved from /home/airflow/.local/lib/python3.7/site-packages/airflow/example_dags/example_task_group.py
[2023-05-16T01:28:15.062+0000] {logging_mixin.py:137} INFO - [2023-05-16T01:28:15.061+0000] {dag.py:2705} INFO - Sync 1 DAGs
[2023-05-16T01:28:15.107+0000] {logging_mixin.py:137} INFO - [2023-05-16T01:28:15.107+0000] {dag.py:3456} INFO - Setting next_dagrun for example_task_group to 2023-05-15T01:28:15.107116+00:00, run_after=2023-05-16T01:28:15.107116+00:00
[2023-05-16T01:28:15.140+0000] {processor.py:175} INFO - Processing /home/airflow/.local/lib/python3.7/site-packages/airflow/example_dags/example_task_group.py took 0.168 seconds
[2023-05-16T01:28:46.203+0000] {processor.py:153} INFO - Started process (PID=19015) to work on /home/airflow/.local/lib/python3.7/site-packages/airflow/example_dags/example_task_group.py
[2023-05-16T01:28:46.206+0000] {processor.py:743} INFO - Processing file /home/airflow/.local/lib/python3.7/site-packages/airflow/example_dags/example_task_group.py for tasks to queue
[2023-05-16T01:28:46.208+0000] {logging_mixin.py:137} INFO - [2023-05-16T01:28:46.208+0000] {dagbag.py:532} INFO - Filling up the DagBag from /home/airflow/.local/lib/python3.7/site-packages/airflow/example_dags/example_task_group.py
[2023-05-16T01:28:46.236+0000] {processor.py:753} INFO - DAG(s) dict_keys(['example_task_group']) retrieved from /home/airflow/.local/lib/python3.7/site-packages/airflow/example_dags/example_task_group.py
[2023-05-16T01:28:46.287+0000] {logging_mixin.py:137} INFO - [2023-05-16T01:28:46.279+0000] {dag.py:2705} INFO - Sync 1 DAGs
[2023-05-16T01:28:46.327+0000] {logging_mixin.py:137} INFO - [2023-05-16T01:28:46.327+0000] {dag.py:3456} INFO - Setting next_dagrun for example_task_group to 2023-05-15T01:28:46.327083+00:00, run_after=2023-05-16T01:28:46.327083+00:00
[2023-05-16T01:28:46.365+0000] {processor.py:175} INFO - Processing /home/airflow/.local/lib/python3.7/site-packages/airflow/example_dags/example_task_group.py took 0.170 seconds
[2023-05-16T01:29:17.685+0000] {processor.py:153} INFO - Started process (PID=19067) to work on /home/airflow/.local/lib/python3.7/site-packages/airflow/example_dags/example_task_group.py
[2023-05-16T01:29:17.691+0000] {processor.py:743} INFO - Processing file /home/airflow/.local/lib/python3.7/site-packages/airflow/example_dags/example_task_group.py for tasks to queue
[2023-05-16T01:29:17.694+0000] {logging_mixin.py:137} INFO - [2023-05-16T01:29:17.694+0000] {dagbag.py:532} INFO - Filling up the DagBag from /home/airflow/.local/lib/python3.7/site-packages/airflow/example_dags/example_task_group.py
[2023-05-16T01:29:17.819+0000] {processor.py:753} INFO - DAG(s) dict_keys(['example_task_group']) retrieved from /home/airflow/.local/lib/python3.7/site-packages/airflow/example_dags/example_task_group.py
[2023-05-16T01:29:17.968+0000] {logging_mixin.py:137} INFO - [2023-05-16T01:29:17.968+0000] {dag.py:2705} INFO - Sync 1 DAGs
[2023-05-16T01:29:18.081+0000] {logging_mixin.py:137} INFO - [2023-05-16T01:29:18.079+0000] {dag.py:3456} INFO - Setting next_dagrun for example_task_group to 2023-05-15T01:29:18.079324+00:00, run_after=2023-05-16T01:29:18.079324+00:00
[2023-05-16T01:29:18.168+0000] {processor.py:175} INFO - Processing /home/airflow/.local/lib/python3.7/site-packages/airflow/example_dags/example_task_group.py took 0.529 seconds
[2023-05-16T01:29:48.984+0000] {processor.py:153} INFO - Started process (PID=19119) to work on /home/airflow/.local/lib/python3.7/site-packages/airflow/example_dags/example_task_group.py
[2023-05-16T01:29:48.987+0000] {processor.py:743} INFO - Processing file /home/airflow/.local/lib/python3.7/site-packages/airflow/example_dags/example_task_group.py for tasks to queue
[2023-05-16T01:29:48.989+0000] {logging_mixin.py:137} INFO - [2023-05-16T01:29:48.989+0000] {dagbag.py:532} INFO - Filling up the DagBag from /home/airflow/.local/lib/python3.7/site-packages/airflow/example_dags/example_task_group.py
[2023-05-16T01:29:49.015+0000] {processor.py:753} INFO - DAG(s) dict_keys(['example_task_group']) retrieved from /home/airflow/.local/lib/python3.7/site-packages/airflow/example_dags/example_task_group.py
[2023-05-16T01:29:49.056+0000] {logging_mixin.py:137} INFO - [2023-05-16T01:29:49.056+0000] {dag.py:2705} INFO - Sync 1 DAGs
[2023-05-16T01:29:49.090+0000] {logging_mixin.py:137} INFO - [2023-05-16T01:29:49.089+0000] {dag.py:3456} INFO - Setting next_dagrun for example_task_group to 2023-05-15T01:29:49.089595+00:00, run_after=2023-05-16T01:29:49.089595+00:00
[2023-05-16T01:29:49.118+0000] {processor.py:175} INFO - Processing /home/airflow/.local/lib/python3.7/site-packages/airflow/example_dags/example_task_group.py took 0.140 seconds
[2023-05-16T01:30:19.552+0000] {processor.py:153} INFO - Started process (PID=19171) to work on /home/airflow/.local/lib/python3.7/site-packages/airflow/example_dags/example_task_group.py
[2023-05-16T01:30:19.555+0000] {processor.py:743} INFO - Processing file /home/airflow/.local/lib/python3.7/site-packages/airflow/example_dags/example_task_group.py for tasks to queue
[2023-05-16T01:30:19.558+0000] {logging_mixin.py:137} INFO - [2023-05-16T01:30:19.557+0000] {dagbag.py:532} INFO - Filling up the DagBag from /home/airflow/.local/lib/python3.7/site-packages/airflow/example_dags/example_task_group.py
[2023-05-16T01:30:19.587+0000] {processor.py:753} INFO - DAG(s) dict_keys(['example_task_group']) retrieved from /home/airflow/.local/lib/python3.7/site-packages/airflow/example_dags/example_task_group.py
[2023-05-16T01:30:19.626+0000] {logging_mixin.py:137} INFO - [2023-05-16T01:30:19.626+0000] {dag.py:2705} INFO - Sync 1 DAGs
[2023-05-16T01:30:19.669+0000] {logging_mixin.py:137} INFO - [2023-05-16T01:30:19.668+0000] {dag.py:3456} INFO - Setting next_dagrun for example_task_group to 2023-05-15T01:30:19.668474+00:00, run_after=2023-05-16T01:30:19.668474+00:00
[2023-05-16T01:30:19.706+0000] {processor.py:175} INFO - Processing /home/airflow/.local/lib/python3.7/site-packages/airflow/example_dags/example_task_group.py took 0.160 seconds
[2023-05-16T01:30:49.972+0000] {processor.py:153} INFO - Started process (PID=19230) to work on /home/airflow/.local/lib/python3.7/site-packages/airflow/example_dags/example_task_group.py
[2023-05-16T01:30:49.975+0000] {processor.py:743} INFO - Processing file /home/airflow/.local/lib/python3.7/site-packages/airflow/example_dags/example_task_group.py for tasks to queue
[2023-05-16T01:30:49.978+0000] {logging_mixin.py:137} INFO - [2023-05-16T01:30:49.977+0000] {dagbag.py:532} INFO - Filling up the DagBag from /home/airflow/.local/lib/python3.7/site-packages/airflow/example_dags/example_task_group.py
[2023-05-16T01:30:50.011+0000] {processor.py:753} INFO - DAG(s) dict_keys(['example_task_group']) retrieved from /home/airflow/.local/lib/python3.7/site-packages/airflow/example_dags/example_task_group.py
[2023-05-16T01:30:50.051+0000] {logging_mixin.py:137} INFO - [2023-05-16T01:30:50.051+0000] {dag.py:2705} INFO - Sync 1 DAGs
[2023-05-16T01:30:50.085+0000] {logging_mixin.py:137} INFO - [2023-05-16T01:30:50.085+0000] {dag.py:3456} INFO - Setting next_dagrun for example_task_group to 2023-05-15T01:30:50.085365+00:00, run_after=2023-05-16T01:30:50.085365+00:00
[2023-05-16T01:30:50.118+0000] {processor.py:175} INFO - Processing /home/airflow/.local/lib/python3.7/site-packages/airflow/example_dags/example_task_group.py took 0.153 seconds
[2023-05-16T01:31:20.543+0000] {processor.py:153} INFO - Started process (PID=19282) to work on /home/airflow/.local/lib/python3.7/site-packages/airflow/example_dags/example_task_group.py
[2023-05-16T01:31:20.546+0000] {processor.py:743} INFO - Processing file /home/airflow/.local/lib/python3.7/site-packages/airflow/example_dags/example_task_group.py for tasks to queue
[2023-05-16T01:31:20.549+0000] {logging_mixin.py:137} INFO - [2023-05-16T01:31:20.549+0000] {dagbag.py:532} INFO - Filling up the DagBag from /home/airflow/.local/lib/python3.7/site-packages/airflow/example_dags/example_task_group.py
[2023-05-16T01:31:20.577+0000] {processor.py:753} INFO - DAG(s) dict_keys(['example_task_group']) retrieved from /home/airflow/.local/lib/python3.7/site-packages/airflow/example_dags/example_task_group.py
[2023-05-16T01:31:20.623+0000] {logging_mixin.py:137} INFO - [2023-05-16T01:31:20.622+0000] {dag.py:2705} INFO - Sync 1 DAGs
[2023-05-16T01:31:20.660+0000] {logging_mixin.py:137} INFO - [2023-05-16T01:31:20.660+0000] {dag.py:3456} INFO - Setting next_dagrun for example_task_group to 2023-05-15T01:31:20.660094+00:00, run_after=2023-05-16T01:31:20.660094+00:00
[2023-05-16T01:31:20.694+0000] {processor.py:175} INFO - Processing /home/airflow/.local/lib/python3.7/site-packages/airflow/example_dags/example_task_group.py took 0.158 seconds
[2023-05-16T01:31:51.279+0000] {processor.py:153} INFO - Started process (PID=19334) to work on /home/airflow/.local/lib/python3.7/site-packages/airflow/example_dags/example_task_group.py
[2023-05-16T01:31:51.282+0000] {processor.py:743} INFO - Processing file /home/airflow/.local/lib/python3.7/site-packages/airflow/example_dags/example_task_group.py for tasks to queue
[2023-05-16T01:31:51.285+0000] {logging_mixin.py:137} INFO - [2023-05-16T01:31:51.285+0000] {dagbag.py:532} INFO - Filling up the DagBag from /home/airflow/.local/lib/python3.7/site-packages/airflow/example_dags/example_task_group.py
[2023-05-16T01:31:51.323+0000] {processor.py:753} INFO - DAG(s) dict_keys(['example_task_group']) retrieved from /home/airflow/.local/lib/python3.7/site-packages/airflow/example_dags/example_task_group.py
[2023-05-16T01:31:51.378+0000] {logging_mixin.py:137} INFO - [2023-05-16T01:31:51.378+0000] {dag.py:2705} INFO - Sync 1 DAGs
[2023-05-16T01:31:51.440+0000] {logging_mixin.py:137} INFO - [2023-05-16T01:31:51.440+0000] {dag.py:3456} INFO - Setting next_dagrun for example_task_group to 2023-05-15T01:31:51.439395+00:00, run_after=2023-05-16T01:31:51.439395+00:00
[2023-05-16T01:31:51.476+0000] {processor.py:175} INFO - Processing /home/airflow/.local/lib/python3.7/site-packages/airflow/example_dags/example_task_group.py took 0.203 seconds
[2023-05-16T01:32:21.789+0000] {processor.py:153} INFO - Started process (PID=19386) to work on /home/airflow/.local/lib/python3.7/site-packages/airflow/example_dags/example_task_group.py
[2023-05-16T01:32:21.791+0000] {processor.py:743} INFO - Processing file /home/airflow/.local/lib/python3.7/site-packages/airflow/example_dags/example_task_group.py for tasks to queue
[2023-05-16T01:32:21.795+0000] {logging_mixin.py:137} INFO - [2023-05-16T01:32:21.794+0000] {dagbag.py:532} INFO - Filling up the DagBag from /home/airflow/.local/lib/python3.7/site-packages/airflow/example_dags/example_task_group.py
[2023-05-16T01:32:21.824+0000] {processor.py:753} INFO - DAG(s) dict_keys(['example_task_group']) retrieved from /home/airflow/.local/lib/python3.7/site-packages/airflow/example_dags/example_task_group.py
[2023-05-16T01:32:21.890+0000] {logging_mixin.py:137} INFO - [2023-05-16T01:32:21.890+0000] {dag.py:2705} INFO - Sync 1 DAGs
[2023-05-16T01:32:21.930+0000] {logging_mixin.py:137} INFO - [2023-05-16T01:32:21.930+0000] {dag.py:3456} INFO - Setting next_dagrun for example_task_group to 2023-05-15T01:32:21.930185+00:00, run_after=2023-05-16T01:32:21.930185+00:00
[2023-05-16T01:32:21.999+0000] {processor.py:175} INFO - Processing /home/airflow/.local/lib/python3.7/site-packages/airflow/example_dags/example_task_group.py took 0.219 seconds
[2023-05-16T01:32:52.122+0000] {processor.py:153} INFO - Started process (PID=19437) to work on /home/airflow/.local/lib/python3.7/site-packages/airflow/example_dags/example_task_group.py
[2023-05-16T01:32:52.125+0000] {processor.py:743} INFO - Processing file /home/airflow/.local/lib/python3.7/site-packages/airflow/example_dags/example_task_group.py for tasks to queue
[2023-05-16T01:32:52.127+0000] {logging_mixin.py:137} INFO - [2023-05-16T01:32:52.127+0000] {dagbag.py:532} INFO - Filling up the DagBag from /home/airflow/.local/lib/python3.7/site-packages/airflow/example_dags/example_task_group.py
[2023-05-16T01:32:52.152+0000] {processor.py:753} INFO - DAG(s) dict_keys(['example_task_group']) retrieved from /home/airflow/.local/lib/python3.7/site-packages/airflow/example_dags/example_task_group.py
[2023-05-16T01:32:52.193+0000] {logging_mixin.py:137} INFO - [2023-05-16T01:32:52.192+0000] {dag.py:2705} INFO - Sync 1 DAGs
[2023-05-16T01:32:52.225+0000] {logging_mixin.py:137} INFO - [2023-05-16T01:32:52.224+0000] {dag.py:3456} INFO - Setting next_dagrun for example_task_group to 2023-05-15T01:32:52.224577+00:00, run_after=2023-05-16T01:32:52.224577+00:00
[2023-05-16T01:32:52.252+0000] {processor.py:175} INFO - Processing /home/airflow/.local/lib/python3.7/site-packages/airflow/example_dags/example_task_group.py took 0.135 seconds
[2023-05-16T01:33:22.737+0000] {processor.py:153} INFO - Started process (PID=19489) to work on /home/airflow/.local/lib/python3.7/site-packages/airflow/example_dags/example_task_group.py
[2023-05-16T01:33:22.747+0000] {processor.py:743} INFO - Processing file /home/airflow/.local/lib/python3.7/site-packages/airflow/example_dags/example_task_group.py for tasks to queue
[2023-05-16T01:33:22.752+0000] {logging_mixin.py:137} INFO - [2023-05-16T01:33:22.751+0000] {dagbag.py:532} INFO - Filling up the DagBag from /home/airflow/.local/lib/python3.7/site-packages/airflow/example_dags/example_task_group.py
[2023-05-16T01:33:22.807+0000] {processor.py:753} INFO - DAG(s) dict_keys(['example_task_group']) retrieved from /home/airflow/.local/lib/python3.7/site-packages/airflow/example_dags/example_task_group.py
[2023-05-16T01:33:22.897+0000] {logging_mixin.py:137} INFO - [2023-05-16T01:33:22.896+0000] {dag.py:2705} INFO - Sync 1 DAGs
[2023-05-16T01:33:22.938+0000] {logging_mixin.py:137} INFO - [2023-05-16T01:33:22.938+0000] {dag.py:3456} INFO - Setting next_dagrun for example_task_group to 2023-05-15T01:33:22.937829+00:00, run_after=2023-05-16T01:33:22.937829+00:00
[2023-05-16T01:33:22.969+0000] {processor.py:175} INFO - Processing /home/airflow/.local/lib/python3.7/site-packages/airflow/example_dags/example_task_group.py took 0.252 seconds
[2023-05-16T01:33:53.658+0000] {processor.py:153} INFO - Started process (PID=19541) to work on /home/airflow/.local/lib/python3.7/site-packages/airflow/example_dags/example_task_group.py
[2023-05-16T01:33:53.661+0000] {processor.py:743} INFO - Processing file /home/airflow/.local/lib/python3.7/site-packages/airflow/example_dags/example_task_group.py for tasks to queue
[2023-05-16T01:33:53.672+0000] {logging_mixin.py:137} INFO - [2023-05-16T01:33:53.672+0000] {dagbag.py:532} INFO - Filling up the DagBag from /home/airflow/.local/lib/python3.7/site-packages/airflow/example_dags/example_task_group.py
[2023-05-16T01:33:53.700+0000] {processor.py:753} INFO - DAG(s) dict_keys(['example_task_group']) retrieved from /home/airflow/.local/lib/python3.7/site-packages/airflow/example_dags/example_task_group.py
[2023-05-16T01:33:53.751+0000] {logging_mixin.py:137} INFO - [2023-05-16T01:33:53.751+0000] {dag.py:2705} INFO - Sync 1 DAGs
[2023-05-16T01:33:53.787+0000] {logging_mixin.py:137} INFO - [2023-05-16T01:33:53.787+0000] {dag.py:3456} INFO - Setting next_dagrun for example_task_group to 2023-05-15T01:33:53.787076+00:00, run_after=2023-05-16T01:33:53.787076+00:00
[2023-05-16T01:33:53.818+0000] {processor.py:175} INFO - Processing /home/airflow/.local/lib/python3.7/site-packages/airflow/example_dags/example_task_group.py took 0.173 seconds
[2023-05-16T01:34:24.024+0000] {processor.py:153} INFO - Started process (PID=19592) to work on /home/airflow/.local/lib/python3.7/site-packages/airflow/example_dags/example_task_group.py
[2023-05-16T01:34:24.028+0000] {processor.py:743} INFO - Processing file /home/airflow/.local/lib/python3.7/site-packages/airflow/example_dags/example_task_group.py for tasks to queue
[2023-05-16T01:34:24.030+0000] {logging_mixin.py:137} INFO - [2023-05-16T01:34:24.030+0000] {dagbag.py:532} INFO - Filling up the DagBag from /home/airflow/.local/lib/python3.7/site-packages/airflow/example_dags/example_task_group.py
[2023-05-16T01:34:24.055+0000] {processor.py:753} INFO - DAG(s) dict_keys(['example_task_group']) retrieved from /home/airflow/.local/lib/python3.7/site-packages/airflow/example_dags/example_task_group.py
[2023-05-16T01:34:24.095+0000] {logging_mixin.py:137} INFO - [2023-05-16T01:34:24.095+0000] {dag.py:2705} INFO - Sync 1 DAGs
[2023-05-16T01:34:24.129+0000] {logging_mixin.py:137} INFO - [2023-05-16T01:34:24.128+0000] {dag.py:3456} INFO - Setting next_dagrun for example_task_group to 2023-05-15T01:34:24.128491+00:00, run_after=2023-05-16T01:34:24.128491+00:00
[2023-05-16T01:34:24.156+0000] {processor.py:175} INFO - Processing /home/airflow/.local/lib/python3.7/site-packages/airflow/example_dags/example_task_group.py took 0.137 seconds
[2023-05-16T01:34:54.751+0000] {processor.py:153} INFO - Started process (PID=19644) to work on /home/airflow/.local/lib/python3.7/site-packages/airflow/example_dags/example_task_group.py
[2023-05-16T01:34:54.759+0000] {processor.py:743} INFO - Processing file /home/airflow/.local/lib/python3.7/site-packages/airflow/example_dags/example_task_group.py for tasks to queue
[2023-05-16T01:34:54.765+0000] {logging_mixin.py:137} INFO - [2023-05-16T01:34:54.765+0000] {dagbag.py:532} INFO - Filling up the DagBag from /home/airflow/.local/lib/python3.7/site-packages/airflow/example_dags/example_task_group.py
[2023-05-16T01:34:54.799+0000] {processor.py:753} INFO - DAG(s) dict_keys(['example_task_group']) retrieved from /home/airflow/.local/lib/python3.7/site-packages/airflow/example_dags/example_task_group.py
[2023-05-16T01:34:54.841+0000] {logging_mixin.py:137} INFO - [2023-05-16T01:34:54.841+0000] {dag.py:2705} INFO - Sync 1 DAGs
[2023-05-16T01:34:54.876+0000] {logging_mixin.py:137} INFO - [2023-05-16T01:34:54.876+0000] {dag.py:3456} INFO - Setting next_dagrun for example_task_group to 2023-05-15T01:34:54.875819+00:00, run_after=2023-05-16T01:34:54.875819+00:00
[2023-05-16T01:34:54.902+0000] {processor.py:175} INFO - Processing /home/airflow/.local/lib/python3.7/site-packages/airflow/example_dags/example_task_group.py took 0.165 seconds
[2023-05-16T01:35:25.526+0000] {processor.py:153} INFO - Started process (PID=19695) to work on /home/airflow/.local/lib/python3.7/site-packages/airflow/example_dags/example_task_group.py
[2023-05-16T01:35:25.530+0000] {processor.py:743} INFO - Processing file /home/airflow/.local/lib/python3.7/site-packages/airflow/example_dags/example_task_group.py for tasks to queue
[2023-05-16T01:35:25.535+0000] {logging_mixin.py:137} INFO - [2023-05-16T01:35:25.535+0000] {dagbag.py:532} INFO - Filling up the DagBag from /home/airflow/.local/lib/python3.7/site-packages/airflow/example_dags/example_task_group.py
[2023-05-16T01:35:25.603+0000] {processor.py:753} INFO - DAG(s) dict_keys(['example_task_group']) retrieved from /home/airflow/.local/lib/python3.7/site-packages/airflow/example_dags/example_task_group.py
[2023-05-16T01:35:25.650+0000] {logging_mixin.py:137} INFO - [2023-05-16T01:35:25.650+0000] {dag.py:2705} INFO - Sync 1 DAGs
[2023-05-16T01:35:25.691+0000] {logging_mixin.py:137} INFO - [2023-05-16T01:35:25.691+0000] {dag.py:3456} INFO - Setting next_dagrun for example_task_group to 2023-05-15T01:35:25.690747+00:00, run_after=2023-05-16T01:35:25.690747+00:00
[2023-05-16T01:35:25.720+0000] {processor.py:175} INFO - Processing /home/airflow/.local/lib/python3.7/site-packages/airflow/example_dags/example_task_group.py took 0.208 seconds
[2023-05-16T01:35:55.862+0000] {processor.py:153} INFO - Started process (PID=19747) to work on /home/airflow/.local/lib/python3.7/site-packages/airflow/example_dags/example_task_group.py
[2023-05-16T01:35:55.865+0000] {processor.py:743} INFO - Processing file /home/airflow/.local/lib/python3.7/site-packages/airflow/example_dags/example_task_group.py for tasks to queue
[2023-05-16T01:35:55.868+0000] {logging_mixin.py:137} INFO - [2023-05-16T01:35:55.868+0000] {dagbag.py:532} INFO - Filling up the DagBag from /home/airflow/.local/lib/python3.7/site-packages/airflow/example_dags/example_task_group.py
[2023-05-16T01:35:55.899+0000] {processor.py:753} INFO - DAG(s) dict_keys(['example_task_group']) retrieved from /home/airflow/.local/lib/python3.7/site-packages/airflow/example_dags/example_task_group.py
[2023-05-16T01:35:55.946+0000] {logging_mixin.py:137} INFO - [2023-05-16T01:35:55.946+0000] {dag.py:2705} INFO - Sync 1 DAGs
[2023-05-16T01:35:55.988+0000] {logging_mixin.py:137} INFO - [2023-05-16T01:35:55.988+0000] {dag.py:3456} INFO - Setting next_dagrun for example_task_group to 2023-05-15T01:35:55.987899+00:00, run_after=2023-05-16T01:35:55.987899+00:00
[2023-05-16T01:35:56.022+0000] {processor.py:175} INFO - Processing /home/airflow/.local/lib/python3.7/site-packages/airflow/example_dags/example_task_group.py took 0.169 seconds
[2023-05-16T01:36:26.237+0000] {processor.py:153} INFO - Started process (PID=19799) to work on /home/airflow/.local/lib/python3.7/site-packages/airflow/example_dags/example_task_group.py
[2023-05-16T01:36:26.246+0000] {processor.py:743} INFO - Processing file /home/airflow/.local/lib/python3.7/site-packages/airflow/example_dags/example_task_group.py for tasks to queue
[2023-05-16T01:36:26.249+0000] {logging_mixin.py:137} INFO - [2023-05-16T01:36:26.249+0000] {dagbag.py:532} INFO - Filling up the DagBag from /home/airflow/.local/lib/python3.7/site-packages/airflow/example_dags/example_task_group.py
[2023-05-16T01:36:26.277+0000] {processor.py:753} INFO - DAG(s) dict_keys(['example_task_group']) retrieved from /home/airflow/.local/lib/python3.7/site-packages/airflow/example_dags/example_task_group.py
[2023-05-16T01:36:26.325+0000] {logging_mixin.py:137} INFO - [2023-05-16T01:36:26.325+0000] {dag.py:2705} INFO - Sync 1 DAGs
[2023-05-16T01:36:26.367+0000] {logging_mixin.py:137} INFO - [2023-05-16T01:36:26.367+0000] {dag.py:3456} INFO - Setting next_dagrun for example_task_group to 2023-05-15T01:36:26.367046+00:00, run_after=2023-05-16T01:36:26.367046+00:00
[2023-05-16T01:36:26.404+0000] {processor.py:175} INFO - Processing /home/airflow/.local/lib/python3.7/site-packages/airflow/example_dags/example_task_group.py took 0.173 seconds
[2023-05-16T01:36:56.894+0000] {processor.py:153} INFO - Started process (PID=19851) to work on /home/airflow/.local/lib/python3.7/site-packages/airflow/example_dags/example_task_group.py
[2023-05-16T01:36:56.898+0000] {processor.py:743} INFO - Processing file /home/airflow/.local/lib/python3.7/site-packages/airflow/example_dags/example_task_group.py for tasks to queue
[2023-05-16T01:36:56.902+0000] {logging_mixin.py:137} INFO - [2023-05-16T01:36:56.901+0000] {dagbag.py:532} INFO - Filling up the DagBag from /home/airflow/.local/lib/python3.7/site-packages/airflow/example_dags/example_task_group.py
[2023-05-16T01:36:56.935+0000] {processor.py:753} INFO - DAG(s) dict_keys(['example_task_group']) retrieved from /home/airflow/.local/lib/python3.7/site-packages/airflow/example_dags/example_task_group.py
[2023-05-16T01:36:56.979+0000] {logging_mixin.py:137} INFO - [2023-05-16T01:36:56.979+0000] {dag.py:2705} INFO - Sync 1 DAGs
[2023-05-16T01:36:57.056+0000] {logging_mixin.py:137} INFO - [2023-05-16T01:36:57.056+0000] {dag.py:3456} INFO - Setting next_dagrun for example_task_group to 2023-05-15T01:36:57.055608+00:00, run_after=2023-05-16T01:36:57.055608+00:00
[2023-05-16T01:36:57.127+0000] {processor.py:175} INFO - Processing /home/airflow/.local/lib/python3.7/site-packages/airflow/example_dags/example_task_group.py took 0.249 seconds
[2023-05-16T01:37:27.235+0000] {processor.py:153} INFO - Started process (PID=19903) to work on /home/airflow/.local/lib/python3.7/site-packages/airflow/example_dags/example_task_group.py
[2023-05-16T01:37:27.238+0000] {processor.py:743} INFO - Processing file /home/airflow/.local/lib/python3.7/site-packages/airflow/example_dags/example_task_group.py for tasks to queue
[2023-05-16T01:37:27.242+0000] {logging_mixin.py:137} INFO - [2023-05-16T01:37:27.242+0000] {dagbag.py:532} INFO - Filling up the DagBag from /home/airflow/.local/lib/python3.7/site-packages/airflow/example_dags/example_task_group.py
[2023-05-16T01:37:27.276+0000] {processor.py:753} INFO - DAG(s) dict_keys(['example_task_group']) retrieved from /home/airflow/.local/lib/python3.7/site-packages/airflow/example_dags/example_task_group.py
[2023-05-16T01:37:27.327+0000] {logging_mixin.py:137} INFO - [2023-05-16T01:37:27.326+0000] {dag.py:2705} INFO - Sync 1 DAGs
[2023-05-16T01:37:27.372+0000] {logging_mixin.py:137} INFO - [2023-05-16T01:37:27.371+0000] {dag.py:3456} INFO - Setting next_dagrun for example_task_group to 2023-05-15T01:37:27.371305+00:00, run_after=2023-05-16T01:37:27.371305+00:00
[2023-05-16T01:37:27.413+0000] {processor.py:175} INFO - Processing /home/airflow/.local/lib/python3.7/site-packages/airflow/example_dags/example_task_group.py took 0.186 seconds
[2023-05-16T01:37:57.922+0000] {processor.py:153} INFO - Started process (PID=19955) to work on /home/airflow/.local/lib/python3.7/site-packages/airflow/example_dags/example_task_group.py
[2023-05-16T01:37:57.925+0000] {processor.py:743} INFO - Processing file /home/airflow/.local/lib/python3.7/site-packages/airflow/example_dags/example_task_group.py for tasks to queue
[2023-05-16T01:37:57.928+0000] {logging_mixin.py:137} INFO - [2023-05-16T01:37:57.927+0000] {dagbag.py:532} INFO - Filling up the DagBag from /home/airflow/.local/lib/python3.7/site-packages/airflow/example_dags/example_task_group.py
[2023-05-16T01:37:57.964+0000] {processor.py:753} INFO - DAG(s) dict_keys(['example_task_group']) retrieved from /home/airflow/.local/lib/python3.7/site-packages/airflow/example_dags/example_task_group.py
[2023-05-16T01:37:58.029+0000] {logging_mixin.py:137} INFO - [2023-05-16T01:37:58.028+0000] {dag.py:2705} INFO - Sync 1 DAGs
[2023-05-16T01:37:58.072+0000] {logging_mixin.py:137} INFO - [2023-05-16T01:37:58.072+0000] {dag.py:3456} INFO - Setting next_dagrun for example_task_group to 2023-05-15T01:37:58.071695+00:00, run_after=2023-05-16T01:37:58.071695+00:00
[2023-05-16T01:37:58.117+0000] {processor.py:175} INFO - Processing /home/airflow/.local/lib/python3.7/site-packages/airflow/example_dags/example_task_group.py took 0.201 seconds
[2023-05-16T01:38:28.616+0000] {processor.py:153} INFO - Started process (PID=20008) to work on /home/airflow/.local/lib/python3.7/site-packages/airflow/example_dags/example_task_group.py
[2023-05-16T01:38:28.619+0000] {processor.py:743} INFO - Processing file /home/airflow/.local/lib/python3.7/site-packages/airflow/example_dags/example_task_group.py for tasks to queue
[2023-05-16T01:38:28.622+0000] {logging_mixin.py:137} INFO - [2023-05-16T01:38:28.621+0000] {dagbag.py:532} INFO - Filling up the DagBag from /home/airflow/.local/lib/python3.7/site-packages/airflow/example_dags/example_task_group.py
[2023-05-16T01:38:28.686+0000] {processor.py:753} INFO - DAG(s) dict_keys(['example_task_group']) retrieved from /home/airflow/.local/lib/python3.7/site-packages/airflow/example_dags/example_task_group.py
[2023-05-16T01:38:28.771+0000] {logging_mixin.py:137} INFO - [2023-05-16T01:38:28.770+0000] {dag.py:2705} INFO - Sync 1 DAGs
[2023-05-16T01:38:28.852+0000] {logging_mixin.py:137} INFO - [2023-05-16T01:38:28.852+0000] {dag.py:3456} INFO - Setting next_dagrun for example_task_group to 2023-05-15T01:38:28.851745+00:00, run_after=2023-05-16T01:38:28.851745+00:00
[2023-05-16T01:38:28.921+0000] {processor.py:175} INFO - Processing /home/airflow/.local/lib/python3.7/site-packages/airflow/example_dags/example_task_group.py took 0.320 seconds
[2023-05-16T01:38:59.604+0000] {processor.py:153} INFO - Started process (PID=20060) to work on /home/airflow/.local/lib/python3.7/site-packages/airflow/example_dags/example_task_group.py
[2023-05-16T01:38:59.610+0000] {processor.py:743} INFO - Processing file /home/airflow/.local/lib/python3.7/site-packages/airflow/example_dags/example_task_group.py for tasks to queue
[2023-05-16T01:38:59.613+0000] {logging_mixin.py:137} INFO - [2023-05-16T01:38:59.613+0000] {dagbag.py:532} INFO - Filling up the DagBag from /home/airflow/.local/lib/python3.7/site-packages/airflow/example_dags/example_task_group.py
[2023-05-16T01:38:59.639+0000] {processor.py:753} INFO - DAG(s) dict_keys(['example_task_group']) retrieved from /home/airflow/.local/lib/python3.7/site-packages/airflow/example_dags/example_task_group.py
[2023-05-16T01:38:59.679+0000] {logging_mixin.py:137} INFO - [2023-05-16T01:38:59.679+0000] {dag.py:2705} INFO - Sync 1 DAGs
[2023-05-16T01:38:59.714+0000] {logging_mixin.py:137} INFO - [2023-05-16T01:38:59.713+0000] {dag.py:3456} INFO - Setting next_dagrun for example_task_group to 2023-05-15T01:38:59.713614+00:00, run_after=2023-05-16T01:38:59.713614+00:00
[2023-05-16T01:38:59.741+0000] {processor.py:175} INFO - Processing /home/airflow/.local/lib/python3.7/site-packages/airflow/example_dags/example_task_group.py took 0.141 seconds
[2023-05-16T01:39:29.960+0000] {processor.py:153} INFO - Started process (PID=20112) to work on /home/airflow/.local/lib/python3.7/site-packages/airflow/example_dags/example_task_group.py
[2023-05-16T01:39:29.963+0000] {processor.py:743} INFO - Processing file /home/airflow/.local/lib/python3.7/site-packages/airflow/example_dags/example_task_group.py for tasks to queue
[2023-05-16T01:39:29.967+0000] {logging_mixin.py:137} INFO - [2023-05-16T01:39:29.966+0000] {dagbag.py:532} INFO - Filling up the DagBag from /home/airflow/.local/lib/python3.7/site-packages/airflow/example_dags/example_task_group.py
[2023-05-16T01:39:30.000+0000] {processor.py:753} INFO - DAG(s) dict_keys(['example_task_group']) retrieved from /home/airflow/.local/lib/python3.7/site-packages/airflow/example_dags/example_task_group.py
[2023-05-16T01:39:30.064+0000] {logging_mixin.py:137} INFO - [2023-05-16T01:39:30.063+0000] {dag.py:2705} INFO - Sync 1 DAGs
[2023-05-16T01:39:30.115+0000] {logging_mixin.py:137} INFO - [2023-05-16T01:39:30.115+0000] {dag.py:3456} INFO - Setting next_dagrun for example_task_group to 2023-05-15T01:39:30.115299+00:00, run_after=2023-05-16T01:39:30.115299+00:00
[2023-05-16T01:39:30.144+0000] {processor.py:175} INFO - Processing /home/airflow/.local/lib/python3.7/site-packages/airflow/example_dags/example_task_group.py took 0.193 seconds
[2023-05-16T01:40:00.839+0000] {processor.py:153} INFO - Started process (PID=20164) to work on /home/airflow/.local/lib/python3.7/site-packages/airflow/example_dags/example_task_group.py
[2023-05-16T01:40:00.841+0000] {processor.py:743} INFO - Processing file /home/airflow/.local/lib/python3.7/site-packages/airflow/example_dags/example_task_group.py for tasks to queue
[2023-05-16T01:40:00.844+0000] {logging_mixin.py:137} INFO - [2023-05-16T01:40:00.843+0000] {dagbag.py:532} INFO - Filling up the DagBag from /home/airflow/.local/lib/python3.7/site-packages/airflow/example_dags/example_task_group.py
[2023-05-16T01:40:00.874+0000] {processor.py:753} INFO - DAG(s) dict_keys(['example_task_group']) retrieved from /home/airflow/.local/lib/python3.7/site-packages/airflow/example_dags/example_task_group.py
[2023-05-16T01:40:00.917+0000] {logging_mixin.py:137} INFO - [2023-05-16T01:40:00.917+0000] {dag.py:2705} INFO - Sync 1 DAGs
[2023-05-16T01:40:00.956+0000] {logging_mixin.py:137} INFO - [2023-05-16T01:40:00.956+0000] {dag.py:3456} INFO - Setting next_dagrun for example_task_group to 2023-05-15T01:40:00.955783+00:00, run_after=2023-05-16T01:40:00.955783+00:00
[2023-05-16T01:40:00.986+0000] {processor.py:175} INFO - Processing /home/airflow/.local/lib/python3.7/site-packages/airflow/example_dags/example_task_group.py took 0.154 seconds
[2023-05-16T01:40:31.476+0000] {processor.py:153} INFO - Started process (PID=20216) to work on /home/airflow/.local/lib/python3.7/site-packages/airflow/example_dags/example_task_group.py
[2023-05-16T01:40:31.479+0000] {processor.py:743} INFO - Processing file /home/airflow/.local/lib/python3.7/site-packages/airflow/example_dags/example_task_group.py for tasks to queue
[2023-05-16T01:40:31.484+0000] {logging_mixin.py:137} INFO - [2023-05-16T01:40:31.483+0000] {dagbag.py:532} INFO - Filling up the DagBag from /home/airflow/.local/lib/python3.7/site-packages/airflow/example_dags/example_task_group.py
[2023-05-16T01:40:31.541+0000] {processor.py:753} INFO - DAG(s) dict_keys(['example_task_group']) retrieved from /home/airflow/.local/lib/python3.7/site-packages/airflow/example_dags/example_task_group.py
[2023-05-16T01:40:31.603+0000] {logging_mixin.py:137} INFO - [2023-05-16T01:40:31.602+0000] {dag.py:2705} INFO - Sync 1 DAGs
[2023-05-16T01:40:31.643+0000] {logging_mixin.py:137} INFO - [2023-05-16T01:40:31.642+0000] {dag.py:3456} INFO - Setting next_dagrun for example_task_group to 2023-05-15T01:40:31.642486+00:00, run_after=2023-05-16T01:40:31.642486+00:00
[2023-05-16T01:40:31.679+0000] {processor.py:175} INFO - Processing /home/airflow/.local/lib/python3.7/site-packages/airflow/example_dags/example_task_group.py took 0.221 seconds
