[2023-05-16T00:01:10.899+0000] {processor.py:153} INFO - Started process (PID=16558) to work on /home/airflow/.local/lib/python3.7/site-packages/airflow/example_dags/example_sensors.py
[2023-05-16T00:01:10.924+0000] {processor.py:743} INFO - Processing file /home/airflow/.local/lib/python3.7/site-packages/airflow/example_dags/example_sensors.py for tasks to queue
[2023-05-16T00:01:10.945+0000] {logging_mixin.py:137} INFO - [2023-05-16T00:01:10.944+0000] {dagbag.py:532} INFO - Filling up the DagBag from /home/airflow/.local/lib/python3.7/site-packages/airflow/example_dags/example_sensors.py
[2023-05-16T00:01:11.177+0000] {processor.py:753} INFO - DAG(s) dict_keys(['example_sensors']) retrieved from /home/airflow/.local/lib/python3.7/site-packages/airflow/example_dags/example_sensors.py
[2023-05-16T00:01:11.499+0000] {logging_mixin.py:137} INFO - [2023-05-16T00:01:11.498+0000] {dag.py:2705} INFO - Sync 1 DAGs
[2023-05-16T00:01:11.715+0000] {logging_mixin.py:137} INFO - [2023-05-16T00:01:11.714+0000] {dag.py:3456} INFO - Setting next_dagrun for example_sensors to None, run_after=None
[2023-05-16T00:01:11.845+0000] {processor.py:175} INFO - Processing /home/airflow/.local/lib/python3.7/site-packages/airflow/example_dags/example_sensors.py took 1.036 seconds
[2023-05-16T00:17:40.014+0000] {processor.py:153} INFO - Started process (PID=16629) to work on /home/airflow/.local/lib/python3.7/site-packages/airflow/example_dags/example_sensors.py
[2023-05-16T00:17:40.017+0000] {processor.py:743} INFO - Processing file /home/airflow/.local/lib/python3.7/site-packages/airflow/example_dags/example_sensors.py for tasks to queue
[2023-05-16T00:17:40.026+0000] {logging_mixin.py:137} INFO - [2023-05-16T00:17:40.023+0000] {dagbag.py:532} INFO - Filling up the DagBag from /home/airflow/.local/lib/python3.7/site-packages/airflow/example_dags/example_sensors.py
[2023-05-16T00:17:40.217+0000] {processor.py:753} INFO - DAG(s) dict_keys(['example_sensors']) retrieved from /home/airflow/.local/lib/python3.7/site-packages/airflow/example_dags/example_sensors.py
[2023-05-16T00:17:40.486+0000] {logging_mixin.py:137} INFO - [2023-05-16T00:17:40.483+0000] {dag.py:2705} INFO - Sync 1 DAGs
[2023-05-16T00:17:40.638+0000] {logging_mixin.py:137} INFO - [2023-05-16T00:17:40.637+0000] {dag.py:3456} INFO - Setting next_dagrun for example_sensors to None, run_after=None
[2023-05-16T00:17:40.757+0000] {processor.py:175} INFO - Processing /home/airflow/.local/lib/python3.7/site-packages/airflow/example_dags/example_sensors.py took 0.791 seconds
[2023-05-16T00:18:28.440+0000] {processor.py:153} INFO - Started process (PID=16682) to work on /home/airflow/.local/lib/python3.7/site-packages/airflow/example_dags/example_sensors.py
[2023-05-16T00:18:28.502+0000] {processor.py:743} INFO - Processing file /home/airflow/.local/lib/python3.7/site-packages/airflow/example_dags/example_sensors.py for tasks to queue
[2023-05-16T00:18:28.545+0000] {logging_mixin.py:137} INFO - [2023-05-16T00:18:28.530+0000] {dagbag.py:532} INFO - Filling up the DagBag from /home/airflow/.local/lib/python3.7/site-packages/airflow/example_dags/example_sensors.py
[2023-05-16T00:18:29.342+0000] {processor.py:753} INFO - DAG(s) dict_keys(['example_sensors']) retrieved from /home/airflow/.local/lib/python3.7/site-packages/airflow/example_dags/example_sensors.py
[2023-05-16T00:18:30.344+0000] {logging_mixin.py:137} INFO - [2023-05-16T00:18:30.344+0000] {dag.py:2705} INFO - Sync 1 DAGs
[2023-05-16T00:18:31.195+0000] {logging_mixin.py:137} INFO - [2023-05-16T00:18:31.194+0000] {dag.py:3456} INFO - Setting next_dagrun for example_sensors to None, run_after=None
[2023-05-16T00:18:31.520+0000] {processor.py:175} INFO - Processing /home/airflow/.local/lib/python3.7/site-packages/airflow/example_dags/example_sensors.py took 3.184 seconds
[2023-05-16T00:19:47.578+0000] {processor.py:153} INFO - Started process (PID=16755) to work on /home/airflow/.local/lib/python3.7/site-packages/airflow/example_dags/example_sensors.py
[2023-05-16T00:19:47.610+0000] {processor.py:743} INFO - Processing file /home/airflow/.local/lib/python3.7/site-packages/airflow/example_dags/example_sensors.py for tasks to queue
[2023-05-16T00:19:47.640+0000] {logging_mixin.py:137} INFO - [2023-05-16T00:19:47.637+0000] {dagbag.py:532} INFO - Filling up the DagBag from /home/airflow/.local/lib/python3.7/site-packages/airflow/example_dags/example_sensors.py
[2023-05-16T00:19:48.980+0000] {processor.py:753} INFO - DAG(s) dict_keys(['example_sensors']) retrieved from /home/airflow/.local/lib/python3.7/site-packages/airflow/example_dags/example_sensors.py
[2023-05-16T00:19:50.031+0000] {logging_mixin.py:137} INFO - [2023-05-16T00:19:50.027+0000] {dag.py:2705} INFO - Sync 1 DAGs
[2023-05-16T00:19:50.929+0000] {logging_mixin.py:137} INFO - [2023-05-16T00:19:50.928+0000] {dag.py:3456} INFO - Setting next_dagrun for example_sensors to None, run_after=None
[2023-05-16T00:19:51.308+0000] {processor.py:175} INFO - Processing /home/airflow/.local/lib/python3.7/site-packages/airflow/example_dags/example_sensors.py took 3.862 seconds
[2023-05-16T00:35:50.417+0000] {processor.py:153} INFO - Started process (PID=16820) to work on /home/airflow/.local/lib/python3.7/site-packages/airflow/example_dags/example_sensors.py
[2023-05-16T00:35:50.419+0000] {processor.py:743} INFO - Processing file /home/airflow/.local/lib/python3.7/site-packages/airflow/example_dags/example_sensors.py for tasks to queue
[2023-05-16T00:35:50.421+0000] {logging_mixin.py:137} INFO - [2023-05-16T00:35:50.421+0000] {dagbag.py:532} INFO - Filling up the DagBag from /home/airflow/.local/lib/python3.7/site-packages/airflow/example_dags/example_sensors.py
[2023-05-16T00:35:50.472+0000] {processor.py:753} INFO - DAG(s) dict_keys(['example_sensors']) retrieved from /home/airflow/.local/lib/python3.7/site-packages/airflow/example_dags/example_sensors.py
[2023-05-16T00:35:50.520+0000] {logging_mixin.py:137} INFO - [2023-05-16T00:35:50.520+0000] {dag.py:2705} INFO - Sync 1 DAGs
[2023-05-16T00:35:50.558+0000] {logging_mixin.py:137} INFO - [2023-05-16T00:35:50.558+0000] {dag.py:3456} INFO - Setting next_dagrun for example_sensors to None, run_after=None
[2023-05-16T00:35:50.584+0000] {processor.py:175} INFO - Processing /home/airflow/.local/lib/python3.7/site-packages/airflow/example_dags/example_sensors.py took 0.173 seconds
[2023-05-16T00:51:23.871+0000] {processor.py:153} INFO - Started process (PID=16877) to work on /home/airflow/.local/lib/python3.7/site-packages/airflow/example_dags/example_sensors.py
[2023-05-16T00:51:23.880+0000] {processor.py:743} INFO - Processing file /home/airflow/.local/lib/python3.7/site-packages/airflow/example_dags/example_sensors.py for tasks to queue
[2023-05-16T00:51:23.888+0000] {logging_mixin.py:137} INFO - [2023-05-16T00:51:23.887+0000] {dagbag.py:532} INFO - Filling up the DagBag from /home/airflow/.local/lib/python3.7/site-packages/airflow/example_dags/example_sensors.py
[2023-05-16T00:51:24.026+0000] {processor.py:753} INFO - DAG(s) dict_keys(['example_sensors']) retrieved from /home/airflow/.local/lib/python3.7/site-packages/airflow/example_dags/example_sensors.py
[2023-05-16T00:51:24.223+0000] {logging_mixin.py:137} INFO - [2023-05-16T00:51:24.222+0000] {dag.py:2705} INFO - Sync 1 DAGs
[2023-05-16T00:51:24.378+0000] {logging_mixin.py:137} INFO - [2023-05-16T00:51:24.378+0000] {dag.py:3456} INFO - Setting next_dagrun for example_sensors to None, run_after=None
[2023-05-16T00:51:24.497+0000] {processor.py:175} INFO - Processing /home/airflow/.local/lib/python3.7/site-packages/airflow/example_dags/example_sensors.py took 0.651 seconds
[2023-05-16T01:03:10.889+0000] {processor.py:153} INFO - Started process (PID=16919) to work on /home/airflow/.local/lib/python3.7/site-packages/airflow/example_dags/example_sensors.py
[2023-05-16T01:03:10.907+0000] {processor.py:743} INFO - Processing file /home/airflow/.local/lib/python3.7/site-packages/airflow/example_dags/example_sensors.py for tasks to queue
[2023-05-16T01:03:10.937+0000] {logging_mixin.py:137} INFO - [2023-05-16T01:03:10.936+0000] {dagbag.py:532} INFO - Filling up the DagBag from /home/airflow/.local/lib/python3.7/site-packages/airflow/example_dags/example_sensors.py
[2023-05-16T01:03:11.180+0000] {processor.py:753} INFO - DAG(s) dict_keys(['example_sensors']) retrieved from /home/airflow/.local/lib/python3.7/site-packages/airflow/example_dags/example_sensors.py
[2023-05-16T01:03:11.410+0000] {logging_mixin.py:137} INFO - [2023-05-16T01:03:11.409+0000] {dag.py:2705} INFO - Sync 1 DAGs
[2023-05-16T01:03:11.636+0000] {logging_mixin.py:137} INFO - [2023-05-16T01:03:11.636+0000] {dag.py:3456} INFO - Setting next_dagrun for example_sensors to None, run_after=None
[2023-05-16T01:03:11.754+0000] {processor.py:175} INFO - Processing /home/airflow/.local/lib/python3.7/site-packages/airflow/example_dags/example_sensors.py took 0.908 seconds
[2023-05-16T01:04:05.253+0000] {processor.py:153} INFO - Started process (PID=16980) to work on /home/airflow/.local/lib/python3.7/site-packages/airflow/example_dags/example_sensors.py
[2023-05-16T01:04:05.304+0000] {processor.py:743} INFO - Processing file /home/airflow/.local/lib/python3.7/site-packages/airflow/example_dags/example_sensors.py for tasks to queue
[2023-05-16T01:04:05.331+0000] {logging_mixin.py:137} INFO - [2023-05-16T01:04:05.330+0000] {dagbag.py:532} INFO - Filling up the DagBag from /home/airflow/.local/lib/python3.7/site-packages/airflow/example_dags/example_sensors.py
[2023-05-16T01:04:06.715+0000] {processor.py:753} INFO - DAG(s) dict_keys(['example_sensors']) retrieved from /home/airflow/.local/lib/python3.7/site-packages/airflow/example_dags/example_sensors.py
[2023-05-16T01:04:08.140+0000] {logging_mixin.py:137} INFO - [2023-05-16T01:04:08.139+0000] {dag.py:2705} INFO - Sync 1 DAGs
[2023-05-16T01:04:08.895+0000] {logging_mixin.py:137} INFO - [2023-05-16T01:04:08.882+0000] {dag.py:3456} INFO - Setting next_dagrun for example_sensors to None, run_after=None
[2023-05-16T01:04:09.376+0000] {processor.py:175} INFO - Processing /home/airflow/.local/lib/python3.7/site-packages/airflow/example_dags/example_sensors.py took 4.216 seconds
[2023-05-16T01:05:23.354+0000] {processor.py:153} INFO - Started process (PID=17046) to work on /home/airflow/.local/lib/python3.7/site-packages/airflow/example_dags/example_sensors.py
[2023-05-16T01:05:23.367+0000] {processor.py:743} INFO - Processing file /home/airflow/.local/lib/python3.7/site-packages/airflow/example_dags/example_sensors.py for tasks to queue
[2023-05-16T01:05:23.374+0000] {logging_mixin.py:137} INFO - [2023-05-16T01:05:23.373+0000] {dagbag.py:532} INFO - Filling up the DagBag from /home/airflow/.local/lib/python3.7/site-packages/airflow/example_dags/example_sensors.py
[2023-05-16T01:05:23.608+0000] {processor.py:753} INFO - DAG(s) dict_keys(['example_sensors']) retrieved from /home/airflow/.local/lib/python3.7/site-packages/airflow/example_dags/example_sensors.py
[2023-05-16T01:05:23.820+0000] {logging_mixin.py:137} INFO - [2023-05-16T01:05:23.819+0000] {dag.py:2705} INFO - Sync 1 DAGs
[2023-05-16T01:05:23.972+0000] {logging_mixin.py:137} INFO - [2023-05-16T01:05:23.971+0000] {dag.py:3456} INFO - Setting next_dagrun for example_sensors to None, run_after=None
[2023-05-16T01:05:24.112+0000] {processor.py:175} INFO - Processing /home/airflow/.local/lib/python3.7/site-packages/airflow/example_dags/example_sensors.py took 0.798 seconds
[2023-05-16T01:06:23.147+0000] {processor.py:153} INFO - Started process (PID=17107) to work on /home/airflow/.local/lib/python3.7/site-packages/airflow/example_dags/example_sensors.py
[2023-05-16T01:06:23.149+0000] {processor.py:743} INFO - Processing file /home/airflow/.local/lib/python3.7/site-packages/airflow/example_dags/example_sensors.py for tasks to queue
[2023-05-16T01:06:23.151+0000] {logging_mixin.py:137} INFO - [2023-05-16T01:06:23.151+0000] {dagbag.py:532} INFO - Filling up the DagBag from /home/airflow/.local/lib/python3.7/site-packages/airflow/example_dags/example_sensors.py
[2023-05-16T01:06:23.184+0000] {processor.py:753} INFO - DAG(s) dict_keys(['example_sensors']) retrieved from /home/airflow/.local/lib/python3.7/site-packages/airflow/example_dags/example_sensors.py
[2023-05-16T01:06:23.236+0000] {logging_mixin.py:137} INFO - [2023-05-16T01:06:23.236+0000] {dag.py:2705} INFO - Sync 1 DAGs
[2023-05-16T01:06:23.287+0000] {logging_mixin.py:137} INFO - [2023-05-16T01:06:23.287+0000] {dag.py:3456} INFO - Setting next_dagrun for example_sensors to None, run_after=None
[2023-05-16T01:06:23.319+0000] {processor.py:175} INFO - Processing /home/airflow/.local/lib/python3.7/site-packages/airflow/example_dags/example_sensors.py took 0.181 seconds
[2023-05-16T01:09:29.355+0000] {processor.py:153} INFO - Started process (PID=17176) to work on /home/airflow/.local/lib/python3.7/site-packages/airflow/example_dags/example_sensors.py
[2023-05-16T01:09:29.418+0000] {processor.py:743} INFO - Processing file /home/airflow/.local/lib/python3.7/site-packages/airflow/example_dags/example_sensors.py for tasks to queue
[2023-05-16T01:09:29.464+0000] {logging_mixin.py:137} INFO - [2023-05-16T01:09:29.448+0000] {dagbag.py:532} INFO - Filling up the DagBag from /home/airflow/.local/lib/python3.7/site-packages/airflow/example_dags/example_sensors.py
[2023-05-16T01:09:30.410+0000] {processor.py:753} INFO - DAG(s) dict_keys(['example_sensors']) retrieved from /home/airflow/.local/lib/python3.7/site-packages/airflow/example_dags/example_sensors.py
[2023-05-16T01:09:31.067+0000] {logging_mixin.py:137} INFO - [2023-05-16T01:09:31.066+0000] {dag.py:2705} INFO - Sync 1 DAGs
[2023-05-16T01:09:31.351+0000] {logging_mixin.py:137} INFO - [2023-05-16T01:09:31.351+0000] {dag.py:3456} INFO - Setting next_dagrun for example_sensors to None, run_after=None
[2023-05-16T01:09:31.753+0000] {processor.py:175} INFO - Processing /home/airflow/.local/lib/python3.7/site-packages/airflow/example_dags/example_sensors.py took 2.684 seconds
[2023-05-16T01:11:21.742+0000] {processor.py:153} INFO - Started process (PID=17242) to work on /home/airflow/.local/lib/python3.7/site-packages/airflow/example_dags/example_sensors.py
[2023-05-16T01:11:21.755+0000] {processor.py:743} INFO - Processing file /home/airflow/.local/lib/python3.7/site-packages/airflow/example_dags/example_sensors.py for tasks to queue
[2023-05-16T01:11:21.759+0000] {logging_mixin.py:137} INFO - [2023-05-16T01:11:21.759+0000] {dagbag.py:532} INFO - Filling up the DagBag from /home/airflow/.local/lib/python3.7/site-packages/airflow/example_dags/example_sensors.py
[2023-05-16T01:11:21.943+0000] {processor.py:753} INFO - DAG(s) dict_keys(['example_sensors']) retrieved from /home/airflow/.local/lib/python3.7/site-packages/airflow/example_dags/example_sensors.py
[2023-05-16T01:11:22.283+0000] {logging_mixin.py:137} INFO - [2023-05-16T01:11:22.282+0000] {dag.py:2705} INFO - Sync 1 DAGs
[2023-05-16T01:11:22.920+0000] {logging_mixin.py:137} INFO - [2023-05-16T01:11:22.920+0000] {dag.py:3456} INFO - Setting next_dagrun for example_sensors to None, run_after=None
[2023-05-16T01:11:23.021+0000] {processor.py:175} INFO - Processing /home/airflow/.local/lib/python3.7/site-packages/airflow/example_dags/example_sensors.py took 1.532 seconds
[2023-05-16T01:11:53.275+0000] {processor.py:153} INFO - Started process (PID=17293) to work on /home/airflow/.local/lib/python3.7/site-packages/airflow/example_dags/example_sensors.py
[2023-05-16T01:11:53.278+0000] {processor.py:743} INFO - Processing file /home/airflow/.local/lib/python3.7/site-packages/airflow/example_dags/example_sensors.py for tasks to queue
[2023-05-16T01:11:53.281+0000] {logging_mixin.py:137} INFO - [2023-05-16T01:11:53.280+0000] {dagbag.py:532} INFO - Filling up the DagBag from /home/airflow/.local/lib/python3.7/site-packages/airflow/example_dags/example_sensors.py
[2023-05-16T01:11:53.330+0000] {processor.py:753} INFO - DAG(s) dict_keys(['example_sensors']) retrieved from /home/airflow/.local/lib/python3.7/site-packages/airflow/example_dags/example_sensors.py
[2023-05-16T01:11:53.378+0000] {logging_mixin.py:137} INFO - [2023-05-16T01:11:53.378+0000] {dag.py:2705} INFO - Sync 1 DAGs
[2023-05-16T01:11:53.418+0000] {logging_mixin.py:137} INFO - [2023-05-16T01:11:53.417+0000] {dag.py:3456} INFO - Setting next_dagrun for example_sensors to None, run_after=None
[2023-05-16T01:11:53.446+0000] {processor.py:175} INFO - Processing /home/airflow/.local/lib/python3.7/site-packages/airflow/example_dags/example_sensors.py took 0.179 seconds
[2023-05-16T01:12:24.411+0000] {processor.py:153} INFO - Started process (PID=17345) to work on /home/airflow/.local/lib/python3.7/site-packages/airflow/example_dags/example_sensors.py
[2023-05-16T01:12:24.413+0000] {processor.py:743} INFO - Processing file /home/airflow/.local/lib/python3.7/site-packages/airflow/example_dags/example_sensors.py for tasks to queue
[2023-05-16T01:12:24.415+0000] {logging_mixin.py:137} INFO - [2023-05-16T01:12:24.414+0000] {dagbag.py:532} INFO - Filling up the DagBag from /home/airflow/.local/lib/python3.7/site-packages/airflow/example_dags/example_sensors.py
[2023-05-16T01:12:24.440+0000] {processor.py:753} INFO - DAG(s) dict_keys(['example_sensors']) retrieved from /home/airflow/.local/lib/python3.7/site-packages/airflow/example_dags/example_sensors.py
[2023-05-16T01:12:24.477+0000] {logging_mixin.py:137} INFO - [2023-05-16T01:12:24.477+0000] {dag.py:2705} INFO - Sync 1 DAGs
[2023-05-16T01:12:24.513+0000] {logging_mixin.py:137} INFO - [2023-05-16T01:12:24.513+0000] {dag.py:3456} INFO - Setting next_dagrun for example_sensors to None, run_after=None
[2023-05-16T01:12:24.541+0000] {processor.py:175} INFO - Processing /home/airflow/.local/lib/python3.7/site-packages/airflow/example_dags/example_sensors.py took 0.135 seconds
[2023-05-16T01:12:54.860+0000] {processor.py:153} INFO - Started process (PID=17397) to work on /home/airflow/.local/lib/python3.7/site-packages/airflow/example_dags/example_sensors.py
[2023-05-16T01:12:54.862+0000] {processor.py:743} INFO - Processing file /home/airflow/.local/lib/python3.7/site-packages/airflow/example_dags/example_sensors.py for tasks to queue
[2023-05-16T01:12:54.865+0000] {logging_mixin.py:137} INFO - [2023-05-16T01:12:54.864+0000] {dagbag.py:532} INFO - Filling up the DagBag from /home/airflow/.local/lib/python3.7/site-packages/airflow/example_dags/example_sensors.py
[2023-05-16T01:12:54.904+0000] {processor.py:753} INFO - DAG(s) dict_keys(['example_sensors']) retrieved from /home/airflow/.local/lib/python3.7/site-packages/airflow/example_dags/example_sensors.py
[2023-05-16T01:12:54.955+0000] {logging_mixin.py:137} INFO - [2023-05-16T01:12:54.955+0000] {dag.py:2705} INFO - Sync 1 DAGs
[2023-05-16T01:12:55.013+0000] {logging_mixin.py:137} INFO - [2023-05-16T01:12:55.013+0000] {dag.py:3456} INFO - Setting next_dagrun for example_sensors to None, run_after=None
[2023-05-16T01:12:55.042+0000] {processor.py:175} INFO - Processing /home/airflow/.local/lib/python3.7/site-packages/airflow/example_dags/example_sensors.py took 0.191 seconds
[2023-05-16T01:13:25.651+0000] {processor.py:153} INFO - Started process (PID=17449) to work on /home/airflow/.local/lib/python3.7/site-packages/airflow/example_dags/example_sensors.py
[2023-05-16T01:13:25.655+0000] {processor.py:743} INFO - Processing file /home/airflow/.local/lib/python3.7/site-packages/airflow/example_dags/example_sensors.py for tasks to queue
[2023-05-16T01:13:25.657+0000] {logging_mixin.py:137} INFO - [2023-05-16T01:13:25.657+0000] {dagbag.py:532} INFO - Filling up the DagBag from /home/airflow/.local/lib/python3.7/site-packages/airflow/example_dags/example_sensors.py
[2023-05-16T01:13:25.712+0000] {processor.py:753} INFO - DAG(s) dict_keys(['example_sensors']) retrieved from /home/airflow/.local/lib/python3.7/site-packages/airflow/example_dags/example_sensors.py
[2023-05-16T01:13:25.755+0000] {logging_mixin.py:137} INFO - [2023-05-16T01:13:25.755+0000] {dag.py:2705} INFO - Sync 1 DAGs
[2023-05-16T01:13:25.788+0000] {logging_mixin.py:137} INFO - [2023-05-16T01:13:25.788+0000] {dag.py:3456} INFO - Setting next_dagrun for example_sensors to None, run_after=None
[2023-05-16T01:13:25.815+0000] {processor.py:175} INFO - Processing /home/airflow/.local/lib/python3.7/site-packages/airflow/example_dags/example_sensors.py took 0.176 seconds
[2023-05-16T01:13:56.086+0000] {processor.py:153} INFO - Started process (PID=17501) to work on /home/airflow/.local/lib/python3.7/site-packages/airflow/example_dags/example_sensors.py
[2023-05-16T01:13:56.089+0000] {processor.py:743} INFO - Processing file /home/airflow/.local/lib/python3.7/site-packages/airflow/example_dags/example_sensors.py for tasks to queue
[2023-05-16T01:13:56.091+0000] {logging_mixin.py:137} INFO - [2023-05-16T01:13:56.091+0000] {dagbag.py:532} INFO - Filling up the DagBag from /home/airflow/.local/lib/python3.7/site-packages/airflow/example_dags/example_sensors.py
[2023-05-16T01:13:56.124+0000] {processor.py:753} INFO - DAG(s) dict_keys(['example_sensors']) retrieved from /home/airflow/.local/lib/python3.7/site-packages/airflow/example_dags/example_sensors.py
[2023-05-16T01:13:56.170+0000] {logging_mixin.py:137} INFO - [2023-05-16T01:13:56.170+0000] {dag.py:2705} INFO - Sync 1 DAGs
[2023-05-16T01:13:56.204+0000] {logging_mixin.py:137} INFO - [2023-05-16T01:13:56.204+0000] {dag.py:3456} INFO - Setting next_dagrun for example_sensors to None, run_after=None
[2023-05-16T01:13:56.235+0000] {processor.py:175} INFO - Processing /home/airflow/.local/lib/python3.7/site-packages/airflow/example_dags/example_sensors.py took 0.154 seconds
[2023-05-16T01:14:26.662+0000] {processor.py:153} INFO - Started process (PID=17553) to work on /home/airflow/.local/lib/python3.7/site-packages/airflow/example_dags/example_sensors.py
[2023-05-16T01:14:26.664+0000] {processor.py:743} INFO - Processing file /home/airflow/.local/lib/python3.7/site-packages/airflow/example_dags/example_sensors.py for tasks to queue
[2023-05-16T01:14:26.667+0000] {logging_mixin.py:137} INFO - [2023-05-16T01:14:26.666+0000] {dagbag.py:532} INFO - Filling up the DagBag from /home/airflow/.local/lib/python3.7/site-packages/airflow/example_dags/example_sensors.py
[2023-05-16T01:14:26.706+0000] {processor.py:753} INFO - DAG(s) dict_keys(['example_sensors']) retrieved from /home/airflow/.local/lib/python3.7/site-packages/airflow/example_dags/example_sensors.py
[2023-05-16T01:14:26.753+0000] {logging_mixin.py:137} INFO - [2023-05-16T01:14:26.753+0000] {dag.py:2705} INFO - Sync 1 DAGs
[2023-05-16T01:14:26.792+0000] {logging_mixin.py:137} INFO - [2023-05-16T01:14:26.791+0000] {dag.py:3456} INFO - Setting next_dagrun for example_sensors to None, run_after=None
[2023-05-16T01:14:26.817+0000] {processor.py:175} INFO - Processing /home/airflow/.local/lib/python3.7/site-packages/airflow/example_dags/example_sensors.py took 0.164 seconds
[2023-05-16T01:14:57.164+0000] {processor.py:153} INFO - Started process (PID=17606) to work on /home/airflow/.local/lib/python3.7/site-packages/airflow/example_dags/example_sensors.py
[2023-05-16T01:14:57.166+0000] {processor.py:743} INFO - Processing file /home/airflow/.local/lib/python3.7/site-packages/airflow/example_dags/example_sensors.py for tasks to queue
[2023-05-16T01:14:57.169+0000] {logging_mixin.py:137} INFO - [2023-05-16T01:14:57.168+0000] {dagbag.py:532} INFO - Filling up the DagBag from /home/airflow/.local/lib/python3.7/site-packages/airflow/example_dags/example_sensors.py
[2023-05-16T01:14:57.216+0000] {processor.py:753} INFO - DAG(s) dict_keys(['example_sensors']) retrieved from /home/airflow/.local/lib/python3.7/site-packages/airflow/example_dags/example_sensors.py
[2023-05-16T01:14:57.272+0000] {logging_mixin.py:137} INFO - [2023-05-16T01:14:57.271+0000] {dag.py:2705} INFO - Sync 1 DAGs
[2023-05-16T01:14:57.312+0000] {logging_mixin.py:137} INFO - [2023-05-16T01:14:57.312+0000] {dag.py:3456} INFO - Setting next_dagrun for example_sensors to None, run_after=None
[2023-05-16T01:14:57.348+0000] {processor.py:175} INFO - Processing /home/airflow/.local/lib/python3.7/site-packages/airflow/example_dags/example_sensors.py took 0.198 seconds
[2023-05-16T01:15:27.740+0000] {processor.py:153} INFO - Started process (PID=17658) to work on /home/airflow/.local/lib/python3.7/site-packages/airflow/example_dags/example_sensors.py
[2023-05-16T01:15:27.742+0000] {processor.py:743} INFO - Processing file /home/airflow/.local/lib/python3.7/site-packages/airflow/example_dags/example_sensors.py for tasks to queue
[2023-05-16T01:15:27.746+0000] {logging_mixin.py:137} INFO - [2023-05-16T01:15:27.745+0000] {dagbag.py:532} INFO - Filling up the DagBag from /home/airflow/.local/lib/python3.7/site-packages/airflow/example_dags/example_sensors.py
[2023-05-16T01:15:27.785+0000] {processor.py:753} INFO - DAG(s) dict_keys(['example_sensors']) retrieved from /home/airflow/.local/lib/python3.7/site-packages/airflow/example_dags/example_sensors.py
[2023-05-16T01:15:27.846+0000] {logging_mixin.py:137} INFO - [2023-05-16T01:15:27.846+0000] {dag.py:2705} INFO - Sync 1 DAGs
[2023-05-16T01:15:27.900+0000] {logging_mixin.py:137} INFO - [2023-05-16T01:15:27.900+0000] {dag.py:3456} INFO - Setting next_dagrun for example_sensors to None, run_after=None
[2023-05-16T01:15:27.936+0000] {processor.py:175} INFO - Processing /home/airflow/.local/lib/python3.7/site-packages/airflow/example_dags/example_sensors.py took 0.204 seconds
[2023-05-16T01:15:58.122+0000] {processor.py:153} INFO - Started process (PID=17710) to work on /home/airflow/.local/lib/python3.7/site-packages/airflow/example_dags/example_sensors.py
[2023-05-16T01:15:58.125+0000] {processor.py:743} INFO - Processing file /home/airflow/.local/lib/python3.7/site-packages/airflow/example_dags/example_sensors.py for tasks to queue
[2023-05-16T01:15:58.128+0000] {logging_mixin.py:137} INFO - [2023-05-16T01:15:58.128+0000] {dagbag.py:532} INFO - Filling up the DagBag from /home/airflow/.local/lib/python3.7/site-packages/airflow/example_dags/example_sensors.py
[2023-05-16T01:15:58.171+0000] {processor.py:753} INFO - DAG(s) dict_keys(['example_sensors']) retrieved from /home/airflow/.local/lib/python3.7/site-packages/airflow/example_dags/example_sensors.py
[2023-05-16T01:15:58.238+0000] {logging_mixin.py:137} INFO - [2023-05-16T01:15:58.238+0000] {dag.py:2705} INFO - Sync 1 DAGs
[2023-05-16T01:15:58.292+0000] {logging_mixin.py:137} INFO - [2023-05-16T01:15:58.291+0000] {dag.py:3456} INFO - Setting next_dagrun for example_sensors to None, run_after=None
[2023-05-16T01:15:58.328+0000] {processor.py:175} INFO - Processing /home/airflow/.local/lib/python3.7/site-packages/airflow/example_dags/example_sensors.py took 0.215 seconds
[2023-05-16T01:16:28.716+0000] {processor.py:153} INFO - Started process (PID=17762) to work on /home/airflow/.local/lib/python3.7/site-packages/airflow/example_dags/example_sensors.py
[2023-05-16T01:16:28.729+0000] {processor.py:743} INFO - Processing file /home/airflow/.local/lib/python3.7/site-packages/airflow/example_dags/example_sensors.py for tasks to queue
[2023-05-16T01:16:28.739+0000] {logging_mixin.py:137} INFO - [2023-05-16T01:16:28.736+0000] {dagbag.py:532} INFO - Filling up the DagBag from /home/airflow/.local/lib/python3.7/site-packages/airflow/example_dags/example_sensors.py
[2023-05-16T01:16:28.831+0000] {processor.py:753} INFO - DAG(s) dict_keys(['example_sensors']) retrieved from /home/airflow/.local/lib/python3.7/site-packages/airflow/example_dags/example_sensors.py
[2023-05-16T01:16:28.938+0000] {logging_mixin.py:137} INFO - [2023-05-16T01:16:28.938+0000] {dag.py:2705} INFO - Sync 1 DAGs
[2023-05-16T01:16:29.013+0000] {logging_mixin.py:137} INFO - [2023-05-16T01:16:29.012+0000] {dag.py:3456} INFO - Setting next_dagrun for example_sensors to None, run_after=None
[2023-05-16T01:16:29.080+0000] {processor.py:175} INFO - Processing /home/airflow/.local/lib/python3.7/site-packages/airflow/example_dags/example_sensors.py took 0.396 seconds
[2023-05-16T01:16:59.306+0000] {processor.py:153} INFO - Started process (PID=17814) to work on /home/airflow/.local/lib/python3.7/site-packages/airflow/example_dags/example_sensors.py
[2023-05-16T01:16:59.309+0000] {processor.py:743} INFO - Processing file /home/airflow/.local/lib/python3.7/site-packages/airflow/example_dags/example_sensors.py for tasks to queue
[2023-05-16T01:16:59.312+0000] {logging_mixin.py:137} INFO - [2023-05-16T01:16:59.312+0000] {dagbag.py:532} INFO - Filling up the DagBag from /home/airflow/.local/lib/python3.7/site-packages/airflow/example_dags/example_sensors.py
[2023-05-16T01:16:59.347+0000] {processor.py:753} INFO - DAG(s) dict_keys(['example_sensors']) retrieved from /home/airflow/.local/lib/python3.7/site-packages/airflow/example_dags/example_sensors.py
[2023-05-16T01:16:59.424+0000] {logging_mixin.py:137} INFO - [2023-05-16T01:16:59.424+0000] {dag.py:2705} INFO - Sync 1 DAGs
[2023-05-16T01:16:59.470+0000] {logging_mixin.py:137} INFO - [2023-05-16T01:16:59.470+0000] {dag.py:3456} INFO - Setting next_dagrun for example_sensors to None, run_after=None
[2023-05-16T01:16:59.509+0000] {processor.py:175} INFO - Processing /home/airflow/.local/lib/python3.7/site-packages/airflow/example_dags/example_sensors.py took 0.210 seconds
[2023-05-16T01:17:29.585+0000] {processor.py:153} INFO - Started process (PID=17867) to work on /home/airflow/.local/lib/python3.7/site-packages/airflow/example_dags/example_sensors.py
[2023-05-16T01:17:29.587+0000] {processor.py:743} INFO - Processing file /home/airflow/.local/lib/python3.7/site-packages/airflow/example_dags/example_sensors.py for tasks to queue
[2023-05-16T01:17:29.589+0000] {logging_mixin.py:137} INFO - [2023-05-16T01:17:29.589+0000] {dagbag.py:532} INFO - Filling up the DagBag from /home/airflow/.local/lib/python3.7/site-packages/airflow/example_dags/example_sensors.py
[2023-05-16T01:17:29.628+0000] {processor.py:753} INFO - DAG(s) dict_keys(['example_sensors']) retrieved from /home/airflow/.local/lib/python3.7/site-packages/airflow/example_dags/example_sensors.py
[2023-05-16T01:17:29.679+0000] {logging_mixin.py:137} INFO - [2023-05-16T01:17:29.679+0000] {dag.py:2705} INFO - Sync 1 DAGs
[2023-05-16T01:17:29.722+0000] {logging_mixin.py:137} INFO - [2023-05-16T01:17:29.721+0000] {dag.py:3456} INFO - Setting next_dagrun for example_sensors to None, run_after=None
[2023-05-16T01:17:29.754+0000] {processor.py:175} INFO - Processing /home/airflow/.local/lib/python3.7/site-packages/airflow/example_dags/example_sensors.py took 0.178 seconds
[2023-05-16T01:18:00.018+0000] {processor.py:153} INFO - Started process (PID=17919) to work on /home/airflow/.local/lib/python3.7/site-packages/airflow/example_dags/example_sensors.py
[2023-05-16T01:18:00.025+0000] {processor.py:743} INFO - Processing file /home/airflow/.local/lib/python3.7/site-packages/airflow/example_dags/example_sensors.py for tasks to queue
[2023-05-16T01:18:00.027+0000] {logging_mixin.py:137} INFO - [2023-05-16T01:18:00.027+0000] {dagbag.py:532} INFO - Filling up the DagBag from /home/airflow/.local/lib/python3.7/site-packages/airflow/example_dags/example_sensors.py
[2023-05-16T01:18:00.152+0000] {processor.py:753} INFO - DAG(s) dict_keys(['example_sensors']) retrieved from /home/airflow/.local/lib/python3.7/site-packages/airflow/example_dags/example_sensors.py
[2023-05-16T01:18:00.256+0000] {logging_mixin.py:137} INFO - [2023-05-16T01:18:00.256+0000] {dag.py:2705} INFO - Sync 1 DAGs
[2023-05-16T01:18:00.329+0000] {logging_mixin.py:137} INFO - [2023-05-16T01:18:00.329+0000] {dag.py:3456} INFO - Setting next_dagrun for example_sensors to None, run_after=None
[2023-05-16T01:18:00.360+0000] {processor.py:175} INFO - Processing /home/airflow/.local/lib/python3.7/site-packages/airflow/example_dags/example_sensors.py took 0.373 seconds
[2023-05-16T01:18:30.705+0000] {processor.py:153} INFO - Started process (PID=17971) to work on /home/airflow/.local/lib/python3.7/site-packages/airflow/example_dags/example_sensors.py
[2023-05-16T01:18:30.708+0000] {processor.py:743} INFO - Processing file /home/airflow/.local/lib/python3.7/site-packages/airflow/example_dags/example_sensors.py for tasks to queue
[2023-05-16T01:18:30.711+0000] {logging_mixin.py:137} INFO - [2023-05-16T01:18:30.710+0000] {dagbag.py:532} INFO - Filling up the DagBag from /home/airflow/.local/lib/python3.7/site-packages/airflow/example_dags/example_sensors.py
[2023-05-16T01:18:30.779+0000] {processor.py:753} INFO - DAG(s) dict_keys(['example_sensors']) retrieved from /home/airflow/.local/lib/python3.7/site-packages/airflow/example_dags/example_sensors.py
[2023-05-16T01:18:30.863+0000] {logging_mixin.py:137} INFO - [2023-05-16T01:18:30.863+0000] {dag.py:2705} INFO - Sync 1 DAGs
[2023-05-16T01:18:30.912+0000] {logging_mixin.py:137} INFO - [2023-05-16T01:18:30.912+0000] {dag.py:3456} INFO - Setting next_dagrun for example_sensors to None, run_after=None
[2023-05-16T01:18:30.946+0000] {processor.py:175} INFO - Processing /home/airflow/.local/lib/python3.7/site-packages/airflow/example_dags/example_sensors.py took 0.250 seconds
[2023-05-16T01:19:01.191+0000] {processor.py:153} INFO - Started process (PID=18024) to work on /home/airflow/.local/lib/python3.7/site-packages/airflow/example_dags/example_sensors.py
[2023-05-16T01:19:01.194+0000] {processor.py:743} INFO - Processing file /home/airflow/.local/lib/python3.7/site-packages/airflow/example_dags/example_sensors.py for tasks to queue
[2023-05-16T01:19:01.199+0000] {logging_mixin.py:137} INFO - [2023-05-16T01:19:01.199+0000] {dagbag.py:532} INFO - Filling up the DagBag from /home/airflow/.local/lib/python3.7/site-packages/airflow/example_dags/example_sensors.py
[2023-05-16T01:19:01.281+0000] {processor.py:753} INFO - DAG(s) dict_keys(['example_sensors']) retrieved from /home/airflow/.local/lib/python3.7/site-packages/airflow/example_dags/example_sensors.py
[2023-05-16T01:19:01.350+0000] {logging_mixin.py:137} INFO - [2023-05-16T01:19:01.349+0000] {dag.py:2705} INFO - Sync 1 DAGs
[2023-05-16T01:19:01.395+0000] {logging_mixin.py:137} INFO - [2023-05-16T01:19:01.395+0000] {dag.py:3456} INFO - Setting next_dagrun for example_sensors to None, run_after=None
[2023-05-16T01:19:01.443+0000] {processor.py:175} INFO - Processing /home/airflow/.local/lib/python3.7/site-packages/airflow/example_dags/example_sensors.py took 0.261 seconds
[2023-05-16T01:19:31.513+0000] {processor.py:153} INFO - Started process (PID=18074) to work on /home/airflow/.local/lib/python3.7/site-packages/airflow/example_dags/example_sensors.py
[2023-05-16T01:19:31.515+0000] {processor.py:743} INFO - Processing file /home/airflow/.local/lib/python3.7/site-packages/airflow/example_dags/example_sensors.py for tasks to queue
[2023-05-16T01:19:31.517+0000] {logging_mixin.py:137} INFO - [2023-05-16T01:19:31.517+0000] {dagbag.py:532} INFO - Filling up the DagBag from /home/airflow/.local/lib/python3.7/site-packages/airflow/example_dags/example_sensors.py
[2023-05-16T01:19:31.548+0000] {processor.py:753} INFO - DAG(s) dict_keys(['example_sensors']) retrieved from /home/airflow/.local/lib/python3.7/site-packages/airflow/example_dags/example_sensors.py
[2023-05-16T01:19:31.596+0000] {logging_mixin.py:137} INFO - [2023-05-16T01:19:31.596+0000] {dag.py:2705} INFO - Sync 1 DAGs
[2023-05-16T01:19:31.657+0000] {logging_mixin.py:137} INFO - [2023-05-16T01:19:31.657+0000] {dag.py:3456} INFO - Setting next_dagrun for example_sensors to None, run_after=None
[2023-05-16T01:19:31.710+0000] {processor.py:175} INFO - Processing /home/airflow/.local/lib/python3.7/site-packages/airflow/example_dags/example_sensors.py took 0.203 seconds
[2023-05-16T01:20:02.274+0000] {processor.py:153} INFO - Started process (PID=18127) to work on /home/airflow/.local/lib/python3.7/site-packages/airflow/example_dags/example_sensors.py
[2023-05-16T01:20:02.291+0000] {processor.py:743} INFO - Processing file /home/airflow/.local/lib/python3.7/site-packages/airflow/example_dags/example_sensors.py for tasks to queue
[2023-05-16T01:20:02.296+0000] {logging_mixin.py:137} INFO - [2023-05-16T01:20:02.295+0000] {dagbag.py:532} INFO - Filling up the DagBag from /home/airflow/.local/lib/python3.7/site-packages/airflow/example_dags/example_sensors.py
[2023-05-16T01:20:02.337+0000] {processor.py:753} INFO - DAG(s) dict_keys(['example_sensors']) retrieved from /home/airflow/.local/lib/python3.7/site-packages/airflow/example_dags/example_sensors.py
[2023-05-16T01:20:02.389+0000] {logging_mixin.py:137} INFO - [2023-05-16T01:20:02.389+0000] {dag.py:2705} INFO - Sync 1 DAGs
[2023-05-16T01:20:02.428+0000] {logging_mixin.py:137} INFO - [2023-05-16T01:20:02.428+0000] {dag.py:3456} INFO - Setting next_dagrun for example_sensors to None, run_after=None
[2023-05-16T01:20:02.463+0000] {processor.py:175} INFO - Processing /home/airflow/.local/lib/python3.7/site-packages/airflow/example_dags/example_sensors.py took 0.198 seconds
[2023-05-16T01:20:32.674+0000] {processor.py:153} INFO - Started process (PID=18179) to work on /home/airflow/.local/lib/python3.7/site-packages/airflow/example_dags/example_sensors.py
[2023-05-16T01:20:32.676+0000] {processor.py:743} INFO - Processing file /home/airflow/.local/lib/python3.7/site-packages/airflow/example_dags/example_sensors.py for tasks to queue
[2023-05-16T01:20:32.678+0000] {logging_mixin.py:137} INFO - [2023-05-16T01:20:32.678+0000] {dagbag.py:532} INFO - Filling up the DagBag from /home/airflow/.local/lib/python3.7/site-packages/airflow/example_dags/example_sensors.py
[2023-05-16T01:20:32.715+0000] {processor.py:753} INFO - DAG(s) dict_keys(['example_sensors']) retrieved from /home/airflow/.local/lib/python3.7/site-packages/airflow/example_dags/example_sensors.py
[2023-05-16T01:20:32.762+0000] {logging_mixin.py:137} INFO - [2023-05-16T01:20:32.761+0000] {dag.py:2705} INFO - Sync 1 DAGs
[2023-05-16T01:20:32.804+0000] {logging_mixin.py:137} INFO - [2023-05-16T01:20:32.804+0000] {dag.py:3456} INFO - Setting next_dagrun for example_sensors to None, run_after=None
[2023-05-16T01:20:32.847+0000] {processor.py:175} INFO - Processing /home/airflow/.local/lib/python3.7/site-packages/airflow/example_dags/example_sensors.py took 0.181 seconds
[2023-05-16T01:21:03.044+0000] {processor.py:153} INFO - Started process (PID=18230) to work on /home/airflow/.local/lib/python3.7/site-packages/airflow/example_dags/example_sensors.py
[2023-05-16T01:21:03.047+0000] {processor.py:743} INFO - Processing file /home/airflow/.local/lib/python3.7/site-packages/airflow/example_dags/example_sensors.py for tasks to queue
[2023-05-16T01:21:03.050+0000] {logging_mixin.py:137} INFO - [2023-05-16T01:21:03.049+0000] {dagbag.py:532} INFO - Filling up the DagBag from /home/airflow/.local/lib/python3.7/site-packages/airflow/example_dags/example_sensors.py
[2023-05-16T01:21:03.092+0000] {processor.py:753} INFO - DAG(s) dict_keys(['example_sensors']) retrieved from /home/airflow/.local/lib/python3.7/site-packages/airflow/example_dags/example_sensors.py
[2023-05-16T01:21:03.153+0000] {logging_mixin.py:137} INFO - [2023-05-16T01:21:03.153+0000] {dag.py:2705} INFO - Sync 1 DAGs
[2023-05-16T01:21:03.192+0000] {logging_mixin.py:137} INFO - [2023-05-16T01:21:03.192+0000] {dag.py:3456} INFO - Setting next_dagrun for example_sensors to None, run_after=None
[2023-05-16T01:21:03.235+0000] {processor.py:175} INFO - Processing /home/airflow/.local/lib/python3.7/site-packages/airflow/example_dags/example_sensors.py took 0.213 seconds
[2023-05-16T01:21:33.590+0000] {processor.py:153} INFO - Started process (PID=18282) to work on /home/airflow/.local/lib/python3.7/site-packages/airflow/example_dags/example_sensors.py
[2023-05-16T01:21:33.603+0000] {processor.py:743} INFO - Processing file /home/airflow/.local/lib/python3.7/site-packages/airflow/example_dags/example_sensors.py for tasks to queue
[2023-05-16T01:21:33.626+0000] {logging_mixin.py:137} INFO - [2023-05-16T01:21:33.625+0000] {dagbag.py:532} INFO - Filling up the DagBag from /home/airflow/.local/lib/python3.7/site-packages/airflow/example_dags/example_sensors.py
[2023-05-16T01:21:33.698+0000] {processor.py:753} INFO - DAG(s) dict_keys(['example_sensors']) retrieved from /home/airflow/.local/lib/python3.7/site-packages/airflow/example_dags/example_sensors.py
[2023-05-16T01:21:33.761+0000] {logging_mixin.py:137} INFO - [2023-05-16T01:21:33.761+0000] {dag.py:2705} INFO - Sync 1 DAGs
[2023-05-16T01:21:33.813+0000] {logging_mixin.py:137} INFO - [2023-05-16T01:21:33.813+0000] {dag.py:3456} INFO - Setting next_dagrun for example_sensors to None, run_after=None
[2023-05-16T01:21:33.849+0000] {processor.py:175} INFO - Processing /home/airflow/.local/lib/python3.7/site-packages/airflow/example_dags/example_sensors.py took 0.275 seconds
[2023-05-16T01:22:04.028+0000] {processor.py:153} INFO - Started process (PID=18335) to work on /home/airflow/.local/lib/python3.7/site-packages/airflow/example_dags/example_sensors.py
[2023-05-16T01:22:04.030+0000] {processor.py:743} INFO - Processing file /home/airflow/.local/lib/python3.7/site-packages/airflow/example_dags/example_sensors.py for tasks to queue
[2023-05-16T01:22:04.035+0000] {logging_mixin.py:137} INFO - [2023-05-16T01:22:04.034+0000] {dagbag.py:532} INFO - Filling up the DagBag from /home/airflow/.local/lib/python3.7/site-packages/airflow/example_dags/example_sensors.py
[2023-05-16T01:22:04.090+0000] {processor.py:753} INFO - DAG(s) dict_keys(['example_sensors']) retrieved from /home/airflow/.local/lib/python3.7/site-packages/airflow/example_dags/example_sensors.py
[2023-05-16T01:22:04.152+0000] {logging_mixin.py:137} INFO - [2023-05-16T01:22:04.152+0000] {dag.py:2705} INFO - Sync 1 DAGs
[2023-05-16T01:22:04.209+0000] {logging_mixin.py:137} INFO - [2023-05-16T01:22:04.208+0000] {dag.py:3456} INFO - Setting next_dagrun for example_sensors to None, run_after=None
[2023-05-16T01:22:04.242+0000] {processor.py:175} INFO - Processing /home/airflow/.local/lib/python3.7/site-packages/airflow/example_dags/example_sensors.py took 0.223 seconds
[2023-05-16T01:22:34.349+0000] {processor.py:153} INFO - Started process (PID=18387) to work on /home/airflow/.local/lib/python3.7/site-packages/airflow/example_dags/example_sensors.py
[2023-05-16T01:22:34.353+0000] {processor.py:743} INFO - Processing file /home/airflow/.local/lib/python3.7/site-packages/airflow/example_dags/example_sensors.py for tasks to queue
[2023-05-16T01:22:34.357+0000] {logging_mixin.py:137} INFO - [2023-05-16T01:22:34.356+0000] {dagbag.py:532} INFO - Filling up the DagBag from /home/airflow/.local/lib/python3.7/site-packages/airflow/example_dags/example_sensors.py
[2023-05-16T01:22:34.422+0000] {processor.py:753} INFO - DAG(s) dict_keys(['example_sensors']) retrieved from /home/airflow/.local/lib/python3.7/site-packages/airflow/example_dags/example_sensors.py
[2023-05-16T01:22:34.533+0000] {logging_mixin.py:137} INFO - [2023-05-16T01:22:34.533+0000] {dag.py:2705} INFO - Sync 1 DAGs
[2023-05-16T01:22:34.608+0000] {logging_mixin.py:137} INFO - [2023-05-16T01:22:34.608+0000] {dag.py:3456} INFO - Setting next_dagrun for example_sensors to None, run_after=None
[2023-05-16T01:22:34.669+0000] {processor.py:175} INFO - Processing /home/airflow/.local/lib/python3.7/site-packages/airflow/example_dags/example_sensors.py took 0.337 seconds
[2023-05-16T01:23:04.754+0000] {processor.py:153} INFO - Started process (PID=18439) to work on /home/airflow/.local/lib/python3.7/site-packages/airflow/example_dags/example_sensors.py
[2023-05-16T01:23:04.757+0000] {processor.py:743} INFO - Processing file /home/airflow/.local/lib/python3.7/site-packages/airflow/example_dags/example_sensors.py for tasks to queue
[2023-05-16T01:23:04.768+0000] {logging_mixin.py:137} INFO - [2023-05-16T01:23:04.767+0000] {dagbag.py:532} INFO - Filling up the DagBag from /home/airflow/.local/lib/python3.7/site-packages/airflow/example_dags/example_sensors.py
[2023-05-16T01:23:04.824+0000] {processor.py:753} INFO - DAG(s) dict_keys(['example_sensors']) retrieved from /home/airflow/.local/lib/python3.7/site-packages/airflow/example_dags/example_sensors.py
[2023-05-16T01:23:04.878+0000] {logging_mixin.py:137} INFO - [2023-05-16T01:23:04.878+0000] {dag.py:2705} INFO - Sync 1 DAGs
[2023-05-16T01:23:04.924+0000] {logging_mixin.py:137} INFO - [2023-05-16T01:23:04.923+0000] {dag.py:3456} INFO - Setting next_dagrun for example_sensors to None, run_after=None
[2023-05-16T01:23:04.954+0000] {processor.py:175} INFO - Processing /home/airflow/.local/lib/python3.7/site-packages/airflow/example_dags/example_sensors.py took 0.209 seconds
[2023-05-16T01:23:35.308+0000] {processor.py:153} INFO - Started process (PID=18491) to work on /home/airflow/.local/lib/python3.7/site-packages/airflow/example_dags/example_sensors.py
[2023-05-16T01:23:35.310+0000] {processor.py:743} INFO - Processing file /home/airflow/.local/lib/python3.7/site-packages/airflow/example_dags/example_sensors.py for tasks to queue
[2023-05-16T01:23:35.314+0000] {logging_mixin.py:137} INFO - [2023-05-16T01:23:35.313+0000] {dagbag.py:532} INFO - Filling up the DagBag from /home/airflow/.local/lib/python3.7/site-packages/airflow/example_dags/example_sensors.py
[2023-05-16T01:23:35.360+0000] {processor.py:753} INFO - DAG(s) dict_keys(['example_sensors']) retrieved from /home/airflow/.local/lib/python3.7/site-packages/airflow/example_dags/example_sensors.py
[2023-05-16T01:23:35.413+0000] {logging_mixin.py:137} INFO - [2023-05-16T01:23:35.413+0000] {dag.py:2705} INFO - Sync 1 DAGs
[2023-05-16T01:23:35.453+0000] {logging_mixin.py:137} INFO - [2023-05-16T01:23:35.452+0000] {dag.py:3456} INFO - Setting next_dagrun for example_sensors to None, run_after=None
[2023-05-16T01:23:35.490+0000] {processor.py:175} INFO - Processing /home/airflow/.local/lib/python3.7/site-packages/airflow/example_dags/example_sensors.py took 0.189 seconds
[2023-05-16T01:24:05.968+0000] {processor.py:153} INFO - Started process (PID=18543) to work on /home/airflow/.local/lib/python3.7/site-packages/airflow/example_dags/example_sensors.py
[2023-05-16T01:24:05.969+0000] {processor.py:743} INFO - Processing file /home/airflow/.local/lib/python3.7/site-packages/airflow/example_dags/example_sensors.py for tasks to queue
[2023-05-16T01:24:05.972+0000] {logging_mixin.py:137} INFO - [2023-05-16T01:24:05.972+0000] {dagbag.py:532} INFO - Filling up the DagBag from /home/airflow/.local/lib/python3.7/site-packages/airflow/example_dags/example_sensors.py
[2023-05-16T01:24:06.055+0000] {processor.py:753} INFO - DAG(s) dict_keys(['example_sensors']) retrieved from /home/airflow/.local/lib/python3.7/site-packages/airflow/example_dags/example_sensors.py
[2023-05-16T01:24:06.157+0000] {logging_mixin.py:137} INFO - [2023-05-16T01:24:06.157+0000] {dag.py:2705} INFO - Sync 1 DAGs
[2023-05-16T01:24:06.232+0000] {logging_mixin.py:137} INFO - [2023-05-16T01:24:06.231+0000] {dag.py:3456} INFO - Setting next_dagrun for example_sensors to None, run_after=None
[2023-05-16T01:24:06.284+0000] {processor.py:175} INFO - Processing /home/airflow/.local/lib/python3.7/site-packages/airflow/example_dags/example_sensors.py took 0.327 seconds
[2023-05-16T01:24:36.470+0000] {processor.py:153} INFO - Started process (PID=18595) to work on /home/airflow/.local/lib/python3.7/site-packages/airflow/example_dags/example_sensors.py
[2023-05-16T01:24:36.479+0000] {processor.py:743} INFO - Processing file /home/airflow/.local/lib/python3.7/site-packages/airflow/example_dags/example_sensors.py for tasks to queue
[2023-05-16T01:24:36.485+0000] {logging_mixin.py:137} INFO - [2023-05-16T01:24:36.483+0000] {dagbag.py:532} INFO - Filling up the DagBag from /home/airflow/.local/lib/python3.7/site-packages/airflow/example_dags/example_sensors.py
[2023-05-16T01:24:36.582+0000] {processor.py:753} INFO - DAG(s) dict_keys(['example_sensors']) retrieved from /home/airflow/.local/lib/python3.7/site-packages/airflow/example_dags/example_sensors.py
[2023-05-16T01:24:36.732+0000] {logging_mixin.py:137} INFO - [2023-05-16T01:24:36.731+0000] {dag.py:2705} INFO - Sync 1 DAGs
[2023-05-16T01:24:36.854+0000] {logging_mixin.py:137} INFO - [2023-05-16T01:24:36.854+0000] {dag.py:3456} INFO - Setting next_dagrun for example_sensors to None, run_after=None
[2023-05-16T01:24:36.980+0000] {processor.py:175} INFO - Processing /home/airflow/.local/lib/python3.7/site-packages/airflow/example_dags/example_sensors.py took 0.527 seconds
[2023-05-16T01:25:07.200+0000] {processor.py:153} INFO - Started process (PID=18647) to work on /home/airflow/.local/lib/python3.7/site-packages/airflow/example_dags/example_sensors.py
[2023-05-16T01:25:07.202+0000] {processor.py:743} INFO - Processing file /home/airflow/.local/lib/python3.7/site-packages/airflow/example_dags/example_sensors.py for tasks to queue
[2023-05-16T01:25:07.208+0000] {logging_mixin.py:137} INFO - [2023-05-16T01:25:07.208+0000] {dagbag.py:532} INFO - Filling up the DagBag from /home/airflow/.local/lib/python3.7/site-packages/airflow/example_dags/example_sensors.py
[2023-05-16T01:25:07.245+0000] {processor.py:753} INFO - DAG(s) dict_keys(['example_sensors']) retrieved from /home/airflow/.local/lib/python3.7/site-packages/airflow/example_dags/example_sensors.py
[2023-05-16T01:25:07.293+0000] {logging_mixin.py:137} INFO - [2023-05-16T01:25:07.293+0000] {dag.py:2705} INFO - Sync 1 DAGs
[2023-05-16T01:25:07.327+0000] {logging_mixin.py:137} INFO - [2023-05-16T01:25:07.327+0000] {dag.py:3456} INFO - Setting next_dagrun for example_sensors to None, run_after=None
[2023-05-16T01:25:07.355+0000] {processor.py:175} INFO - Processing /home/airflow/.local/lib/python3.7/site-packages/airflow/example_dags/example_sensors.py took 0.161 seconds
[2023-05-16T01:25:37.466+0000] {processor.py:153} INFO - Started process (PID=18699) to work on /home/airflow/.local/lib/python3.7/site-packages/airflow/example_dags/example_sensors.py
[2023-05-16T01:25:37.469+0000] {processor.py:743} INFO - Processing file /home/airflow/.local/lib/python3.7/site-packages/airflow/example_dags/example_sensors.py for tasks to queue
[2023-05-16T01:25:37.471+0000] {logging_mixin.py:137} INFO - [2023-05-16T01:25:37.471+0000] {dagbag.py:532} INFO - Filling up the DagBag from /home/airflow/.local/lib/python3.7/site-packages/airflow/example_dags/example_sensors.py
[2023-05-16T01:25:37.501+0000] {processor.py:753} INFO - DAG(s) dict_keys(['example_sensors']) retrieved from /home/airflow/.local/lib/python3.7/site-packages/airflow/example_dags/example_sensors.py
[2023-05-16T01:25:37.548+0000] {logging_mixin.py:137} INFO - [2023-05-16T01:25:37.548+0000] {dag.py:2705} INFO - Sync 1 DAGs
[2023-05-16T01:25:37.590+0000] {logging_mixin.py:137} INFO - [2023-05-16T01:25:37.590+0000] {dag.py:3456} INFO - Setting next_dagrun for example_sensors to None, run_after=None
[2023-05-16T01:25:37.617+0000] {processor.py:175} INFO - Processing /home/airflow/.local/lib/python3.7/site-packages/airflow/example_dags/example_sensors.py took 0.156 seconds
[2023-05-16T01:26:07.664+0000] {processor.py:153} INFO - Started process (PID=18751) to work on /home/airflow/.local/lib/python3.7/site-packages/airflow/example_dags/example_sensors.py
[2023-05-16T01:26:07.667+0000] {processor.py:743} INFO - Processing file /home/airflow/.local/lib/python3.7/site-packages/airflow/example_dags/example_sensors.py for tasks to queue
[2023-05-16T01:26:07.669+0000] {logging_mixin.py:137} INFO - [2023-05-16T01:26:07.668+0000] {dagbag.py:532} INFO - Filling up the DagBag from /home/airflow/.local/lib/python3.7/site-packages/airflow/example_dags/example_sensors.py
[2023-05-16T01:26:07.700+0000] {processor.py:753} INFO - DAG(s) dict_keys(['example_sensors']) retrieved from /home/airflow/.local/lib/python3.7/site-packages/airflow/example_dags/example_sensors.py
[2023-05-16T01:26:07.747+0000] {logging_mixin.py:137} INFO - [2023-05-16T01:26:07.747+0000] {dag.py:2705} INFO - Sync 1 DAGs
[2023-05-16T01:26:07.781+0000] {logging_mixin.py:137} INFO - [2023-05-16T01:26:07.781+0000] {dag.py:3456} INFO - Setting next_dagrun for example_sensors to None, run_after=None
[2023-05-16T01:26:07.809+0000] {processor.py:175} INFO - Processing /home/airflow/.local/lib/python3.7/site-packages/airflow/example_dags/example_sensors.py took 0.151 seconds
[2023-05-16T01:26:37.922+0000] {processor.py:153} INFO - Started process (PID=18803) to work on /home/airflow/.local/lib/python3.7/site-packages/airflow/example_dags/example_sensors.py
[2023-05-16T01:26:37.925+0000] {processor.py:743} INFO - Processing file /home/airflow/.local/lib/python3.7/site-packages/airflow/example_dags/example_sensors.py for tasks to queue
[2023-05-16T01:26:37.930+0000] {logging_mixin.py:137} INFO - [2023-05-16T01:26:37.930+0000] {dagbag.py:532} INFO - Filling up the DagBag from /home/airflow/.local/lib/python3.7/site-packages/airflow/example_dags/example_sensors.py
[2023-05-16T01:26:37.969+0000] {processor.py:753} INFO - DAG(s) dict_keys(['example_sensors']) retrieved from /home/airflow/.local/lib/python3.7/site-packages/airflow/example_dags/example_sensors.py
[2023-05-16T01:26:38.028+0000] {logging_mixin.py:137} INFO - [2023-05-16T01:26:38.027+0000] {dag.py:2705} INFO - Sync 1 DAGs
[2023-05-16T01:26:38.070+0000] {logging_mixin.py:137} INFO - [2023-05-16T01:26:38.070+0000] {dag.py:3456} INFO - Setting next_dagrun for example_sensors to None, run_after=None
[2023-05-16T01:26:38.107+0000] {processor.py:175} INFO - Processing /home/airflow/.local/lib/python3.7/site-packages/airflow/example_dags/example_sensors.py took 0.192 seconds
[2023-05-16T01:27:08.781+0000] {processor.py:153} INFO - Started process (PID=18855) to work on /home/airflow/.local/lib/python3.7/site-packages/airflow/example_dags/example_sensors.py
[2023-05-16T01:27:08.783+0000] {processor.py:743} INFO - Processing file /home/airflow/.local/lib/python3.7/site-packages/airflow/example_dags/example_sensors.py for tasks to queue
[2023-05-16T01:27:08.785+0000] {logging_mixin.py:137} INFO - [2023-05-16T01:27:08.784+0000] {dagbag.py:532} INFO - Filling up the DagBag from /home/airflow/.local/lib/python3.7/site-packages/airflow/example_dags/example_sensors.py
[2023-05-16T01:27:08.819+0000] {processor.py:753} INFO - DAG(s) dict_keys(['example_sensors']) retrieved from /home/airflow/.local/lib/python3.7/site-packages/airflow/example_dags/example_sensors.py
[2023-05-16T01:27:08.887+0000] {logging_mixin.py:137} INFO - [2023-05-16T01:27:08.887+0000] {dag.py:2705} INFO - Sync 1 DAGs
[2023-05-16T01:27:08.925+0000] {logging_mixin.py:137} INFO - [2023-05-16T01:27:08.925+0000] {dag.py:3456} INFO - Setting next_dagrun for example_sensors to None, run_after=None
[2023-05-16T01:27:08.960+0000] {processor.py:175} INFO - Processing /home/airflow/.local/lib/python3.7/site-packages/airflow/example_dags/example_sensors.py took 0.184 seconds
[2023-05-16T01:27:39.728+0000] {processor.py:153} INFO - Started process (PID=18907) to work on /home/airflow/.local/lib/python3.7/site-packages/airflow/example_dags/example_sensors.py
[2023-05-16T01:27:39.731+0000] {processor.py:743} INFO - Processing file /home/airflow/.local/lib/python3.7/site-packages/airflow/example_dags/example_sensors.py for tasks to queue
[2023-05-16T01:27:39.735+0000] {logging_mixin.py:137} INFO - [2023-05-16T01:27:39.734+0000] {dagbag.py:532} INFO - Filling up the DagBag from /home/airflow/.local/lib/python3.7/site-packages/airflow/example_dags/example_sensors.py
[2023-05-16T01:27:39.779+0000] {processor.py:753} INFO - DAG(s) dict_keys(['example_sensors']) retrieved from /home/airflow/.local/lib/python3.7/site-packages/airflow/example_dags/example_sensors.py
[2023-05-16T01:27:39.875+0000] {logging_mixin.py:137} INFO - [2023-05-16T01:27:39.875+0000] {dag.py:2705} INFO - Sync 1 DAGs
[2023-05-16T01:27:39.923+0000] {logging_mixin.py:137} INFO - [2023-05-16T01:27:39.922+0000] {dag.py:3456} INFO - Setting next_dagrun for example_sensors to None, run_after=None
[2023-05-16T01:27:39.955+0000] {processor.py:175} INFO - Processing /home/airflow/.local/lib/python3.7/site-packages/airflow/example_dags/example_sensors.py took 0.236 seconds
[2023-05-16T01:28:10.100+0000] {processor.py:153} INFO - Started process (PID=18959) to work on /home/airflow/.local/lib/python3.7/site-packages/airflow/example_dags/example_sensors.py
[2023-05-16T01:28:10.109+0000] {processor.py:743} INFO - Processing file /home/airflow/.local/lib/python3.7/site-packages/airflow/example_dags/example_sensors.py for tasks to queue
[2023-05-16T01:28:10.116+0000] {logging_mixin.py:137} INFO - [2023-05-16T01:28:10.116+0000] {dagbag.py:532} INFO - Filling up the DagBag from /home/airflow/.local/lib/python3.7/site-packages/airflow/example_dags/example_sensors.py
[2023-05-16T01:28:10.260+0000] {processor.py:753} INFO - DAG(s) dict_keys(['example_sensors']) retrieved from /home/airflow/.local/lib/python3.7/site-packages/airflow/example_dags/example_sensors.py
[2023-05-16T01:28:10.403+0000] {logging_mixin.py:137} INFO - [2023-05-16T01:28:10.403+0000] {dag.py:2705} INFO - Sync 1 DAGs
[2023-05-16T01:28:10.530+0000] {logging_mixin.py:137} INFO - [2023-05-16T01:28:10.530+0000] {dag.py:3456} INFO - Setting next_dagrun for example_sensors to None, run_after=None
[2023-05-16T01:28:10.619+0000] {processor.py:175} INFO - Processing /home/airflow/.local/lib/python3.7/site-packages/airflow/example_dags/example_sensors.py took 0.541 seconds
[2023-05-16T01:28:41.268+0000] {processor.py:153} INFO - Started process (PID=19011) to work on /home/airflow/.local/lib/python3.7/site-packages/airflow/example_dags/example_sensors.py
[2023-05-16T01:28:41.289+0000] {processor.py:743} INFO - Processing file /home/airflow/.local/lib/python3.7/site-packages/airflow/example_dags/example_sensors.py for tasks to queue
[2023-05-16T01:28:41.293+0000] {logging_mixin.py:137} INFO - [2023-05-16T01:28:41.292+0000] {dagbag.py:532} INFO - Filling up the DagBag from /home/airflow/.local/lib/python3.7/site-packages/airflow/example_dags/example_sensors.py
[2023-05-16T01:28:41.426+0000] {processor.py:753} INFO - DAG(s) dict_keys(['example_sensors']) retrieved from /home/airflow/.local/lib/python3.7/site-packages/airflow/example_dags/example_sensors.py
[2023-05-16T01:28:41.584+0000] {logging_mixin.py:137} INFO - [2023-05-16T01:28:41.584+0000] {dag.py:2705} INFO - Sync 1 DAGs
[2023-05-16T01:28:41.739+0000] {logging_mixin.py:137} INFO - [2023-05-16T01:28:41.739+0000] {dag.py:3456} INFO - Setting next_dagrun for example_sensors to None, run_after=None
[2023-05-16T01:28:41.810+0000] {processor.py:175} INFO - Processing /home/airflow/.local/lib/python3.7/site-packages/airflow/example_dags/example_sensors.py took 0.552 seconds
[2023-05-16T01:29:12.634+0000] {processor.py:153} INFO - Started process (PID=19063) to work on /home/airflow/.local/lib/python3.7/site-packages/airflow/example_dags/example_sensors.py
[2023-05-16T01:29:12.636+0000] {processor.py:743} INFO - Processing file /home/airflow/.local/lib/python3.7/site-packages/airflow/example_dags/example_sensors.py for tasks to queue
[2023-05-16T01:29:12.638+0000] {logging_mixin.py:137} INFO - [2023-05-16T01:29:12.638+0000] {dagbag.py:532} INFO - Filling up the DagBag from /home/airflow/.local/lib/python3.7/site-packages/airflow/example_dags/example_sensors.py
[2023-05-16T01:29:12.678+0000] {processor.py:753} INFO - DAG(s) dict_keys(['example_sensors']) retrieved from /home/airflow/.local/lib/python3.7/site-packages/airflow/example_dags/example_sensors.py
[2023-05-16T01:29:12.736+0000] {logging_mixin.py:137} INFO - [2023-05-16T01:29:12.736+0000] {dag.py:2705} INFO - Sync 1 DAGs
[2023-05-16T01:29:12.775+0000] {logging_mixin.py:137} INFO - [2023-05-16T01:29:12.775+0000] {dag.py:3456} INFO - Setting next_dagrun for example_sensors to None, run_after=None
[2023-05-16T01:29:12.807+0000] {processor.py:175} INFO - Processing /home/airflow/.local/lib/python3.7/site-packages/airflow/example_dags/example_sensors.py took 0.180 seconds
[2023-05-16T01:29:43.296+0000] {processor.py:153} INFO - Started process (PID=19114) to work on /home/airflow/.local/lib/python3.7/site-packages/airflow/example_dags/example_sensors.py
[2023-05-16T01:29:43.299+0000] {processor.py:743} INFO - Processing file /home/airflow/.local/lib/python3.7/site-packages/airflow/example_dags/example_sensors.py for tasks to queue
[2023-05-16T01:29:43.302+0000] {logging_mixin.py:137} INFO - [2023-05-16T01:29:43.301+0000] {dagbag.py:532} INFO - Filling up the DagBag from /home/airflow/.local/lib/python3.7/site-packages/airflow/example_dags/example_sensors.py
[2023-05-16T01:29:43.349+0000] {processor.py:753} INFO - DAG(s) dict_keys(['example_sensors']) retrieved from /home/airflow/.local/lib/python3.7/site-packages/airflow/example_dags/example_sensors.py
[2023-05-16T01:29:43.398+0000] {logging_mixin.py:137} INFO - [2023-05-16T01:29:43.397+0000] {dag.py:2705} INFO - Sync 1 DAGs
[2023-05-16T01:29:43.439+0000] {logging_mixin.py:137} INFO - [2023-05-16T01:29:43.438+0000] {dag.py:3456} INFO - Setting next_dagrun for example_sensors to None, run_after=None
[2023-05-16T01:29:43.475+0000] {processor.py:175} INFO - Processing /home/airflow/.local/lib/python3.7/site-packages/airflow/example_dags/example_sensors.py took 0.188 seconds
[2023-05-16T01:30:13.819+0000] {processor.py:153} INFO - Started process (PID=19166) to work on /home/airflow/.local/lib/python3.7/site-packages/airflow/example_dags/example_sensors.py
[2023-05-16T01:30:13.822+0000] {processor.py:743} INFO - Processing file /home/airflow/.local/lib/python3.7/site-packages/airflow/example_dags/example_sensors.py for tasks to queue
[2023-05-16T01:30:13.832+0000] {logging_mixin.py:137} INFO - [2023-05-16T01:30:13.832+0000] {dagbag.py:532} INFO - Filling up the DagBag from /home/airflow/.local/lib/python3.7/site-packages/airflow/example_dags/example_sensors.py
[2023-05-16T01:30:13.876+0000] {processor.py:753} INFO - DAG(s) dict_keys(['example_sensors']) retrieved from /home/airflow/.local/lib/python3.7/site-packages/airflow/example_dags/example_sensors.py
[2023-05-16T01:30:13.927+0000] {logging_mixin.py:137} INFO - [2023-05-16T01:30:13.927+0000] {dag.py:2705} INFO - Sync 1 DAGs
[2023-05-16T01:30:14.018+0000] {logging_mixin.py:137} INFO - [2023-05-16T01:30:14.018+0000] {dag.py:3456} INFO - Setting next_dagrun for example_sensors to None, run_after=None
[2023-05-16T01:30:14.062+0000] {processor.py:175} INFO - Processing /home/airflow/.local/lib/python3.7/site-packages/airflow/example_dags/example_sensors.py took 0.251 seconds
[2023-05-16T01:30:44.317+0000] {processor.py:153} INFO - Started process (PID=19218) to work on /home/airflow/.local/lib/python3.7/site-packages/airflow/example_dags/example_sensors.py
[2023-05-16T01:30:44.321+0000] {processor.py:743} INFO - Processing file /home/airflow/.local/lib/python3.7/site-packages/airflow/example_dags/example_sensors.py for tasks to queue
[2023-05-16T01:30:44.325+0000] {logging_mixin.py:137} INFO - [2023-05-16T01:30:44.325+0000] {dagbag.py:532} INFO - Filling up the DagBag from /home/airflow/.local/lib/python3.7/site-packages/airflow/example_dags/example_sensors.py
[2023-05-16T01:30:44.365+0000] {processor.py:753} INFO - DAG(s) dict_keys(['example_sensors']) retrieved from /home/airflow/.local/lib/python3.7/site-packages/airflow/example_dags/example_sensors.py
[2023-05-16T01:30:44.423+0000] {logging_mixin.py:137} INFO - [2023-05-16T01:30:44.423+0000] {dag.py:2705} INFO - Sync 1 DAGs
[2023-05-16T01:30:44.465+0000] {logging_mixin.py:137} INFO - [2023-05-16T01:30:44.465+0000] {dag.py:3456} INFO - Setting next_dagrun for example_sensors to None, run_after=None
[2023-05-16T01:30:44.502+0000] {processor.py:175} INFO - Processing /home/airflow/.local/lib/python3.7/site-packages/airflow/example_dags/example_sensors.py took 0.194 seconds
[2023-05-16T01:31:14.623+0000] {processor.py:153} INFO - Started process (PID=19270) to work on /home/airflow/.local/lib/python3.7/site-packages/airflow/example_dags/example_sensors.py
[2023-05-16T01:31:14.628+0000] {processor.py:743} INFO - Processing file /home/airflow/.local/lib/python3.7/site-packages/airflow/example_dags/example_sensors.py for tasks to queue
[2023-05-16T01:31:14.638+0000] {logging_mixin.py:137} INFO - [2023-05-16T01:31:14.637+0000] {dagbag.py:532} INFO - Filling up the DagBag from /home/airflow/.local/lib/python3.7/site-packages/airflow/example_dags/example_sensors.py
[2023-05-16T01:31:14.749+0000] {processor.py:753} INFO - DAG(s) dict_keys(['example_sensors']) retrieved from /home/airflow/.local/lib/python3.7/site-packages/airflow/example_dags/example_sensors.py
[2023-05-16T01:31:14.834+0000] {logging_mixin.py:137} INFO - [2023-05-16T01:31:14.834+0000] {dag.py:2705} INFO - Sync 1 DAGs
[2023-05-16T01:31:14.942+0000] {logging_mixin.py:137} INFO - [2023-05-16T01:31:14.941+0000] {dag.py:3456} INFO - Setting next_dagrun for example_sensors to None, run_after=None
[2023-05-16T01:31:14.972+0000] {processor.py:175} INFO - Processing /home/airflow/.local/lib/python3.7/site-packages/airflow/example_dags/example_sensors.py took 0.361 seconds
[2023-05-16T01:31:45.396+0000] {processor.py:153} INFO - Started process (PID=19322) to work on /home/airflow/.local/lib/python3.7/site-packages/airflow/example_dags/example_sensors.py
[2023-05-16T01:31:45.398+0000] {processor.py:743} INFO - Processing file /home/airflow/.local/lib/python3.7/site-packages/airflow/example_dags/example_sensors.py for tasks to queue
[2023-05-16T01:31:45.401+0000] {logging_mixin.py:137} INFO - [2023-05-16T01:31:45.400+0000] {dagbag.py:532} INFO - Filling up the DagBag from /home/airflow/.local/lib/python3.7/site-packages/airflow/example_dags/example_sensors.py
[2023-05-16T01:31:45.456+0000] {processor.py:753} INFO - DAG(s) dict_keys(['example_sensors']) retrieved from /home/airflow/.local/lib/python3.7/site-packages/airflow/example_dags/example_sensors.py
[2023-05-16T01:31:45.499+0000] {logging_mixin.py:137} INFO - [2023-05-16T01:31:45.499+0000] {dag.py:2705} INFO - Sync 1 DAGs
[2023-05-16T01:31:45.553+0000] {logging_mixin.py:137} INFO - [2023-05-16T01:31:45.553+0000] {dag.py:3456} INFO - Setting next_dagrun for example_sensors to None, run_after=None
[2023-05-16T01:31:45.593+0000] {processor.py:175} INFO - Processing /home/airflow/.local/lib/python3.7/site-packages/airflow/example_dags/example_sensors.py took 0.203 seconds
[2023-05-16T01:32:15.856+0000] {processor.py:153} INFO - Started process (PID=19374) to work on /home/airflow/.local/lib/python3.7/site-packages/airflow/example_dags/example_sensors.py
[2023-05-16T01:32:15.858+0000] {processor.py:743} INFO - Processing file /home/airflow/.local/lib/python3.7/site-packages/airflow/example_dags/example_sensors.py for tasks to queue
[2023-05-16T01:32:15.861+0000] {logging_mixin.py:137} INFO - [2023-05-16T01:32:15.861+0000] {dagbag.py:532} INFO - Filling up the DagBag from /home/airflow/.local/lib/python3.7/site-packages/airflow/example_dags/example_sensors.py
[2023-05-16T01:32:15.895+0000] {processor.py:753} INFO - DAG(s) dict_keys(['example_sensors']) retrieved from /home/airflow/.local/lib/python3.7/site-packages/airflow/example_dags/example_sensors.py
[2023-05-16T01:32:15.940+0000] {logging_mixin.py:137} INFO - [2023-05-16T01:32:15.940+0000] {dag.py:2705} INFO - Sync 1 DAGs
[2023-05-16T01:32:15.985+0000] {logging_mixin.py:137} INFO - [2023-05-16T01:32:15.985+0000] {dag.py:3456} INFO - Setting next_dagrun for example_sensors to None, run_after=None
[2023-05-16T01:32:16.012+0000] {processor.py:175} INFO - Processing /home/airflow/.local/lib/python3.7/site-packages/airflow/example_dags/example_sensors.py took 0.164 seconds
[2023-05-16T01:32:46.071+0000] {processor.py:153} INFO - Started process (PID=19426) to work on /home/airflow/.local/lib/python3.7/site-packages/airflow/example_dags/example_sensors.py
[2023-05-16T01:32:46.074+0000] {processor.py:743} INFO - Processing file /home/airflow/.local/lib/python3.7/site-packages/airflow/example_dags/example_sensors.py for tasks to queue
[2023-05-16T01:32:46.077+0000] {logging_mixin.py:137} INFO - [2023-05-16T01:32:46.077+0000] {dagbag.py:532} INFO - Filling up the DagBag from /home/airflow/.local/lib/python3.7/site-packages/airflow/example_dags/example_sensors.py
[2023-05-16T01:32:46.112+0000] {processor.py:753} INFO - DAG(s) dict_keys(['example_sensors']) retrieved from /home/airflow/.local/lib/python3.7/site-packages/airflow/example_dags/example_sensors.py
[2023-05-16T01:32:46.168+0000] {logging_mixin.py:137} INFO - [2023-05-16T01:32:46.168+0000] {dag.py:2705} INFO - Sync 1 DAGs
[2023-05-16T01:32:46.204+0000] {logging_mixin.py:137} INFO - [2023-05-16T01:32:46.204+0000] {dag.py:3456} INFO - Setting next_dagrun for example_sensors to None, run_after=None
[2023-05-16T01:32:46.232+0000] {processor.py:175} INFO - Processing /home/airflow/.local/lib/python3.7/site-packages/airflow/example_dags/example_sensors.py took 0.175 seconds
[2023-05-16T01:33:16.712+0000] {processor.py:153} INFO - Started process (PID=19477) to work on /home/airflow/.local/lib/python3.7/site-packages/airflow/example_dags/example_sensors.py
[2023-05-16T01:33:16.715+0000] {processor.py:743} INFO - Processing file /home/airflow/.local/lib/python3.7/site-packages/airflow/example_dags/example_sensors.py for tasks to queue
[2023-05-16T01:33:16.717+0000] {logging_mixin.py:137} INFO - [2023-05-16T01:33:16.717+0000] {dagbag.py:532} INFO - Filling up the DagBag from /home/airflow/.local/lib/python3.7/site-packages/airflow/example_dags/example_sensors.py
[2023-05-16T01:33:16.756+0000] {processor.py:753} INFO - DAG(s) dict_keys(['example_sensors']) retrieved from /home/airflow/.local/lib/python3.7/site-packages/airflow/example_dags/example_sensors.py
[2023-05-16T01:33:16.810+0000] {logging_mixin.py:137} INFO - [2023-05-16T01:33:16.810+0000] {dag.py:2705} INFO - Sync 1 DAGs
[2023-05-16T01:33:16.846+0000] {logging_mixin.py:137} INFO - [2023-05-16T01:33:16.846+0000] {dag.py:3456} INFO - Setting next_dagrun for example_sensors to None, run_after=None
[2023-05-16T01:33:16.874+0000] {processor.py:175} INFO - Processing /home/airflow/.local/lib/python3.7/site-packages/airflow/example_dags/example_sensors.py took 0.169 seconds
[2023-05-16T01:33:47.795+0000] {processor.py:153} INFO - Started process (PID=19529) to work on /home/airflow/.local/lib/python3.7/site-packages/airflow/example_dags/example_sensors.py
[2023-05-16T01:33:47.806+0000] {processor.py:743} INFO - Processing file /home/airflow/.local/lib/python3.7/site-packages/airflow/example_dags/example_sensors.py for tasks to queue
[2023-05-16T01:33:47.808+0000] {logging_mixin.py:137} INFO - [2023-05-16T01:33:47.807+0000] {dagbag.py:532} INFO - Filling up the DagBag from /home/airflow/.local/lib/python3.7/site-packages/airflow/example_dags/example_sensors.py
[2023-05-16T01:33:47.879+0000] {processor.py:753} INFO - DAG(s) dict_keys(['example_sensors']) retrieved from /home/airflow/.local/lib/python3.7/site-packages/airflow/example_dags/example_sensors.py
[2023-05-16T01:33:47.928+0000] {logging_mixin.py:137} INFO - [2023-05-16T01:33:47.928+0000] {dag.py:2705} INFO - Sync 1 DAGs
[2023-05-16T01:33:47.969+0000] {logging_mixin.py:137} INFO - [2023-05-16T01:33:47.969+0000] {dag.py:3456} INFO - Setting next_dagrun for example_sensors to None, run_after=None
[2023-05-16T01:33:48.008+0000] {processor.py:175} INFO - Processing /home/airflow/.local/lib/python3.7/site-packages/airflow/example_dags/example_sensors.py took 0.228 seconds
[2023-05-16T01:34:18.286+0000] {processor.py:153} INFO - Started process (PID=19581) to work on /home/airflow/.local/lib/python3.7/site-packages/airflow/example_dags/example_sensors.py
[2023-05-16T01:34:18.288+0000] {processor.py:743} INFO - Processing file /home/airflow/.local/lib/python3.7/site-packages/airflow/example_dags/example_sensors.py for tasks to queue
[2023-05-16T01:34:18.291+0000] {logging_mixin.py:137} INFO - [2023-05-16T01:34:18.290+0000] {dagbag.py:532} INFO - Filling up the DagBag from /home/airflow/.local/lib/python3.7/site-packages/airflow/example_dags/example_sensors.py
[2023-05-16T01:34:18.325+0000] {processor.py:753} INFO - DAG(s) dict_keys(['example_sensors']) retrieved from /home/airflow/.local/lib/python3.7/site-packages/airflow/example_dags/example_sensors.py
[2023-05-16T01:34:18.383+0000] {logging_mixin.py:137} INFO - [2023-05-16T01:34:18.382+0000] {dag.py:2705} INFO - Sync 1 DAGs
[2023-05-16T01:34:18.424+0000] {logging_mixin.py:137} INFO - [2023-05-16T01:34:18.424+0000] {dag.py:3456} INFO - Setting next_dagrun for example_sensors to None, run_after=None
[2023-05-16T01:34:18.462+0000] {processor.py:175} INFO - Processing /home/airflow/.local/lib/python3.7/site-packages/airflow/example_dags/example_sensors.py took 0.186 seconds
[2023-05-16T01:34:48.812+0000] {processor.py:153} INFO - Started process (PID=19632) to work on /home/airflow/.local/lib/python3.7/site-packages/airflow/example_dags/example_sensors.py
[2023-05-16T01:34:48.815+0000] {processor.py:743} INFO - Processing file /home/airflow/.local/lib/python3.7/site-packages/airflow/example_dags/example_sensors.py for tasks to queue
[2023-05-16T01:34:48.817+0000] {logging_mixin.py:137} INFO - [2023-05-16T01:34:48.817+0000] {dagbag.py:532} INFO - Filling up the DagBag from /home/airflow/.local/lib/python3.7/site-packages/airflow/example_dags/example_sensors.py
[2023-05-16T01:34:48.862+0000] {processor.py:753} INFO - DAG(s) dict_keys(['example_sensors']) retrieved from /home/airflow/.local/lib/python3.7/site-packages/airflow/example_dags/example_sensors.py
[2023-05-16T01:34:48.917+0000] {logging_mixin.py:137} INFO - [2023-05-16T01:34:48.917+0000] {dag.py:2705} INFO - Sync 1 DAGs
[2023-05-16T01:34:48.951+0000] {logging_mixin.py:137} INFO - [2023-05-16T01:34:48.951+0000] {dag.py:3456} INFO - Setting next_dagrun for example_sensors to None, run_after=None
[2023-05-16T01:34:48.979+0000] {processor.py:175} INFO - Processing /home/airflow/.local/lib/python3.7/site-packages/airflow/example_dags/example_sensors.py took 0.174 seconds
[2023-05-16T01:35:19.708+0000] {processor.py:153} INFO - Started process (PID=19684) to work on /home/airflow/.local/lib/python3.7/site-packages/airflow/example_dags/example_sensors.py
[2023-05-16T01:35:19.711+0000] {processor.py:743} INFO - Processing file /home/airflow/.local/lib/python3.7/site-packages/airflow/example_dags/example_sensors.py for tasks to queue
[2023-05-16T01:35:19.714+0000] {logging_mixin.py:137} INFO - [2023-05-16T01:35:19.714+0000] {dagbag.py:532} INFO - Filling up the DagBag from /home/airflow/.local/lib/python3.7/site-packages/airflow/example_dags/example_sensors.py
[2023-05-16T01:35:19.782+0000] {processor.py:753} INFO - DAG(s) dict_keys(['example_sensors']) retrieved from /home/airflow/.local/lib/python3.7/site-packages/airflow/example_dags/example_sensors.py
[2023-05-16T01:35:19.927+0000] {logging_mixin.py:137} INFO - [2023-05-16T01:35:19.926+0000] {dag.py:2705} INFO - Sync 1 DAGs
[2023-05-16T01:35:19.963+0000] {logging_mixin.py:137} INFO - [2023-05-16T01:35:19.963+0000] {dag.py:3456} INFO - Setting next_dagrun for example_sensors to None, run_after=None
[2023-05-16T01:35:19.995+0000] {processor.py:175} INFO - Processing /home/airflow/.local/lib/python3.7/site-packages/airflow/example_dags/example_sensors.py took 0.293 seconds
[2023-05-16T01:35:50.728+0000] {processor.py:153} INFO - Started process (PID=19735) to work on /home/airflow/.local/lib/python3.7/site-packages/airflow/example_dags/example_sensors.py
[2023-05-16T01:35:50.731+0000] {processor.py:743} INFO - Processing file /home/airflow/.local/lib/python3.7/site-packages/airflow/example_dags/example_sensors.py for tasks to queue
[2023-05-16T01:35:50.733+0000] {logging_mixin.py:137} INFO - [2023-05-16T01:35:50.733+0000] {dagbag.py:532} INFO - Filling up the DagBag from /home/airflow/.local/lib/python3.7/site-packages/airflow/example_dags/example_sensors.py
[2023-05-16T01:35:50.773+0000] {processor.py:753} INFO - DAG(s) dict_keys(['example_sensors']) retrieved from /home/airflow/.local/lib/python3.7/site-packages/airflow/example_dags/example_sensors.py
[2023-05-16T01:35:50.922+0000] {logging_mixin.py:137} INFO - [2023-05-16T01:35:50.922+0000] {dag.py:2705} INFO - Sync 1 DAGs
[2023-05-16T01:35:50.962+0000] {logging_mixin.py:137} INFO - [2023-05-16T01:35:50.962+0000] {dag.py:3456} INFO - Setting next_dagrun for example_sensors to None, run_after=None
[2023-05-16T01:35:51.009+0000] {processor.py:175} INFO - Processing /home/airflow/.local/lib/python3.7/site-packages/airflow/example_dags/example_sensors.py took 0.293 seconds
[2023-05-16T01:36:21.318+0000] {processor.py:153} INFO - Started process (PID=19794) to work on /home/airflow/.local/lib/python3.7/site-packages/airflow/example_dags/example_sensors.py
[2023-05-16T01:36:21.323+0000] {processor.py:743} INFO - Processing file /home/airflow/.local/lib/python3.7/site-packages/airflow/example_dags/example_sensors.py for tasks to queue
[2023-05-16T01:36:21.332+0000] {logging_mixin.py:137} INFO - [2023-05-16T01:36:21.331+0000] {dagbag.py:532} INFO - Filling up the DagBag from /home/airflow/.local/lib/python3.7/site-packages/airflow/example_dags/example_sensors.py
[2023-05-16T01:36:21.400+0000] {processor.py:753} INFO - DAG(s) dict_keys(['example_sensors']) retrieved from /home/airflow/.local/lib/python3.7/site-packages/airflow/example_dags/example_sensors.py
[2023-05-16T01:36:21.524+0000] {logging_mixin.py:137} INFO - [2023-05-16T01:36:21.524+0000] {dag.py:2705} INFO - Sync 1 DAGs
[2023-05-16T01:36:21.577+0000] {logging_mixin.py:137} INFO - [2023-05-16T01:36:21.577+0000] {dag.py:3456} INFO - Setting next_dagrun for example_sensors to None, run_after=None
[2023-05-16T01:36:21.632+0000] {processor.py:175} INFO - Processing /home/airflow/.local/lib/python3.7/site-packages/airflow/example_dags/example_sensors.py took 0.329 seconds
[2023-05-16T01:36:51.841+0000] {processor.py:153} INFO - Started process (PID=19846) to work on /home/airflow/.local/lib/python3.7/site-packages/airflow/example_dags/example_sensors.py
[2023-05-16T01:36:51.845+0000] {processor.py:743} INFO - Processing file /home/airflow/.local/lib/python3.7/site-packages/airflow/example_dags/example_sensors.py for tasks to queue
[2023-05-16T01:36:51.849+0000] {logging_mixin.py:137} INFO - [2023-05-16T01:36:51.848+0000] {dagbag.py:532} INFO - Filling up the DagBag from /home/airflow/.local/lib/python3.7/site-packages/airflow/example_dags/example_sensors.py
[2023-05-16T01:36:51.884+0000] {processor.py:753} INFO - DAG(s) dict_keys(['example_sensors']) retrieved from /home/airflow/.local/lib/python3.7/site-packages/airflow/example_dags/example_sensors.py
[2023-05-16T01:36:51.967+0000] {logging_mixin.py:137} INFO - [2023-05-16T01:36:51.967+0000] {dag.py:2705} INFO - Sync 1 DAGs
[2023-05-16T01:36:52.027+0000] {logging_mixin.py:137} INFO - [2023-05-16T01:36:52.027+0000] {dag.py:3456} INFO - Setting next_dagrun for example_sensors to None, run_after=None
[2023-05-16T01:36:52.071+0000] {processor.py:175} INFO - Processing /home/airflow/.local/lib/python3.7/site-packages/airflow/example_dags/example_sensors.py took 0.242 seconds
[2023-05-16T01:37:22.441+0000] {processor.py:153} INFO - Started process (PID=19899) to work on /home/airflow/.local/lib/python3.7/site-packages/airflow/example_dags/example_sensors.py
[2023-05-16T01:37:22.449+0000] {processor.py:743} INFO - Processing file /home/airflow/.local/lib/python3.7/site-packages/airflow/example_dags/example_sensors.py for tasks to queue
[2023-05-16T01:37:22.453+0000] {logging_mixin.py:137} INFO - [2023-05-16T01:37:22.453+0000] {dagbag.py:532} INFO - Filling up the DagBag from /home/airflow/.local/lib/python3.7/site-packages/airflow/example_dags/example_sensors.py
[2023-05-16T01:37:22.542+0000] {processor.py:753} INFO - DAG(s) dict_keys(['example_sensors']) retrieved from /home/airflow/.local/lib/python3.7/site-packages/airflow/example_dags/example_sensors.py
[2023-05-16T01:37:22.635+0000] {logging_mixin.py:137} INFO - [2023-05-16T01:37:22.635+0000] {dag.py:2705} INFO - Sync 1 DAGs
[2023-05-16T01:37:22.703+0000] {logging_mixin.py:137} INFO - [2023-05-16T01:37:22.702+0000] {dag.py:3456} INFO - Setting next_dagrun for example_sensors to None, run_after=None
[2023-05-16T01:37:22.755+0000] {processor.py:175} INFO - Processing /home/airflow/.local/lib/python3.7/site-packages/airflow/example_dags/example_sensors.py took 0.325 seconds
[2023-05-16T01:37:52.949+0000] {processor.py:153} INFO - Started process (PID=19950) to work on /home/airflow/.local/lib/python3.7/site-packages/airflow/example_dags/example_sensors.py
[2023-05-16T01:37:52.951+0000] {processor.py:743} INFO - Processing file /home/airflow/.local/lib/python3.7/site-packages/airflow/example_dags/example_sensors.py for tasks to queue
[2023-05-16T01:37:52.954+0000] {logging_mixin.py:137} INFO - [2023-05-16T01:37:52.953+0000] {dagbag.py:532} INFO - Filling up the DagBag from /home/airflow/.local/lib/python3.7/site-packages/airflow/example_dags/example_sensors.py
[2023-05-16T01:37:52.991+0000] {processor.py:753} INFO - DAG(s) dict_keys(['example_sensors']) retrieved from /home/airflow/.local/lib/python3.7/site-packages/airflow/example_dags/example_sensors.py
[2023-05-16T01:37:53.038+0000] {logging_mixin.py:137} INFO - [2023-05-16T01:37:53.038+0000] {dag.py:2705} INFO - Sync 1 DAGs
[2023-05-16T01:37:53.075+0000] {logging_mixin.py:137} INFO - [2023-05-16T01:37:53.074+0000] {dag.py:3456} INFO - Setting next_dagrun for example_sensors to None, run_after=None
[2023-05-16T01:37:53.109+0000] {processor.py:175} INFO - Processing /home/airflow/.local/lib/python3.7/site-packages/airflow/example_dags/example_sensors.py took 0.166 seconds
[2023-05-16T01:38:23.833+0000] {processor.py:153} INFO - Started process (PID=20003) to work on /home/airflow/.local/lib/python3.7/site-packages/airflow/example_dags/example_sensors.py
[2023-05-16T01:38:23.836+0000] {processor.py:743} INFO - Processing file /home/airflow/.local/lib/python3.7/site-packages/airflow/example_dags/example_sensors.py for tasks to queue
[2023-05-16T01:38:23.839+0000] {logging_mixin.py:137} INFO - [2023-05-16T01:38:23.839+0000] {dagbag.py:532} INFO - Filling up the DagBag from /home/airflow/.local/lib/python3.7/site-packages/airflow/example_dags/example_sensors.py
[2023-05-16T01:38:23.881+0000] {processor.py:753} INFO - DAG(s) dict_keys(['example_sensors']) retrieved from /home/airflow/.local/lib/python3.7/site-packages/airflow/example_dags/example_sensors.py
[2023-05-16T01:38:23.940+0000] {logging_mixin.py:137} INFO - [2023-05-16T01:38:23.940+0000] {dag.py:2705} INFO - Sync 1 DAGs
[2023-05-16T01:38:23.987+0000] {logging_mixin.py:137} INFO - [2023-05-16T01:38:23.987+0000] {dag.py:3456} INFO - Setting next_dagrun for example_sensors to None, run_after=None
[2023-05-16T01:38:24.020+0000] {processor.py:175} INFO - Processing /home/airflow/.local/lib/python3.7/site-packages/airflow/example_dags/example_sensors.py took 0.198 seconds
[2023-05-16T01:38:54.822+0000] {processor.py:153} INFO - Started process (PID=20055) to work on /home/airflow/.local/lib/python3.7/site-packages/airflow/example_dags/example_sensors.py
[2023-05-16T01:38:54.824+0000] {processor.py:743} INFO - Processing file /home/airflow/.local/lib/python3.7/site-packages/airflow/example_dags/example_sensors.py for tasks to queue
[2023-05-16T01:38:54.827+0000] {logging_mixin.py:137} INFO - [2023-05-16T01:38:54.827+0000] {dagbag.py:532} INFO - Filling up the DagBag from /home/airflow/.local/lib/python3.7/site-packages/airflow/example_dags/example_sensors.py
[2023-05-16T01:38:54.875+0000] {processor.py:753} INFO - DAG(s) dict_keys(['example_sensors']) retrieved from /home/airflow/.local/lib/python3.7/site-packages/airflow/example_dags/example_sensors.py
[2023-05-16T01:38:54.927+0000] {logging_mixin.py:137} INFO - [2023-05-16T01:38:54.927+0000] {dag.py:2705} INFO - Sync 1 DAGs
[2023-05-16T01:38:54.968+0000] {logging_mixin.py:137} INFO - [2023-05-16T01:38:54.967+0000] {dag.py:3456} INFO - Setting next_dagrun for example_sensors to None, run_after=None
[2023-05-16T01:38:55.000+0000] {processor.py:175} INFO - Processing /home/airflow/.local/lib/python3.7/site-packages/airflow/example_dags/example_sensors.py took 0.197 seconds
[2023-05-16T01:39:25.979+0000] {processor.py:153} INFO - Started process (PID=20107) to work on /home/airflow/.local/lib/python3.7/site-packages/airflow/example_dags/example_sensors.py
[2023-05-16T01:39:25.994+0000] {processor.py:743} INFO - Processing file /home/airflow/.local/lib/python3.7/site-packages/airflow/example_dags/example_sensors.py for tasks to queue
[2023-05-16T01:39:26.006+0000] {logging_mixin.py:137} INFO - [2023-05-16T01:39:26.006+0000] {dagbag.py:532} INFO - Filling up the DagBag from /home/airflow/.local/lib/python3.7/site-packages/airflow/example_dags/example_sensors.py
[2023-05-16T01:39:26.076+0000] {processor.py:753} INFO - DAG(s) dict_keys(['example_sensors']) retrieved from /home/airflow/.local/lib/python3.7/site-packages/airflow/example_dags/example_sensors.py
[2023-05-16T01:39:26.138+0000] {logging_mixin.py:137} INFO - [2023-05-16T01:39:26.137+0000] {dag.py:2705} INFO - Sync 1 DAGs
[2023-05-16T01:39:26.180+0000] {logging_mixin.py:137} INFO - [2023-05-16T01:39:26.180+0000] {dag.py:3456} INFO - Setting next_dagrun for example_sensors to None, run_after=None
[2023-05-16T01:39:26.212+0000] {processor.py:175} INFO - Processing /home/airflow/.local/lib/python3.7/site-packages/airflow/example_dags/example_sensors.py took 0.239 seconds
[2023-05-16T01:39:56.828+0000] {processor.py:153} INFO - Started process (PID=20159) to work on /home/airflow/.local/lib/python3.7/site-packages/airflow/example_dags/example_sensors.py
[2023-05-16T01:39:56.835+0000] {processor.py:743} INFO - Processing file /home/airflow/.local/lib/python3.7/site-packages/airflow/example_dags/example_sensors.py for tasks to queue
[2023-05-16T01:39:56.838+0000] {logging_mixin.py:137} INFO - [2023-05-16T01:39:56.838+0000] {dagbag.py:532} INFO - Filling up the DagBag from /home/airflow/.local/lib/python3.7/site-packages/airflow/example_dags/example_sensors.py
[2023-05-16T01:39:56.876+0000] {processor.py:753} INFO - DAG(s) dict_keys(['example_sensors']) retrieved from /home/airflow/.local/lib/python3.7/site-packages/airflow/example_dags/example_sensors.py
[2023-05-16T01:39:56.942+0000] {logging_mixin.py:137} INFO - [2023-05-16T01:39:56.942+0000] {dag.py:2705} INFO - Sync 1 DAGs
[2023-05-16T01:39:57.016+0000] {logging_mixin.py:137} INFO - [2023-05-16T01:39:57.015+0000] {dag.py:3456} INFO - Setting next_dagrun for example_sensors to None, run_after=None
[2023-05-16T01:39:57.096+0000] {processor.py:175} INFO - Processing /home/airflow/.local/lib/python3.7/site-packages/airflow/example_dags/example_sensors.py took 0.282 seconds
[2023-05-16T01:40:27.346+0000] {processor.py:153} INFO - Started process (PID=20210) to work on /home/airflow/.local/lib/python3.7/site-packages/airflow/example_dags/example_sensors.py
[2023-05-16T01:40:27.348+0000] {processor.py:743} INFO - Processing file /home/airflow/.local/lib/python3.7/site-packages/airflow/example_dags/example_sensors.py for tasks to queue
[2023-05-16T01:40:27.361+0000] {logging_mixin.py:137} INFO - [2023-05-16T01:40:27.359+0000] {dagbag.py:532} INFO - Filling up the DagBag from /home/airflow/.local/lib/python3.7/site-packages/airflow/example_dags/example_sensors.py
[2023-05-16T01:40:27.423+0000] {processor.py:753} INFO - DAG(s) dict_keys(['example_sensors']) retrieved from /home/airflow/.local/lib/python3.7/site-packages/airflow/example_dags/example_sensors.py
[2023-05-16T01:40:27.478+0000] {logging_mixin.py:137} INFO - [2023-05-16T01:40:27.478+0000] {dag.py:2705} INFO - Sync 1 DAGs
[2023-05-16T01:40:27.514+0000] {logging_mixin.py:137} INFO - [2023-05-16T01:40:27.514+0000] {dag.py:3456} INFO - Setting next_dagrun for example_sensors to None, run_after=None
[2023-05-16T01:40:27.556+0000] {processor.py:175} INFO - Processing /home/airflow/.local/lib/python3.7/site-packages/airflow/example_dags/example_sensors.py took 0.220 seconds
