[2023-05-16T00:00:23.774+0000] {processor.py:153} INFO - Started process (PID=16521) to work on /home/airflow/.local/lib/python3.7/site-packages/airflow/example_dags/example_branch_python_dop_operator_3.py
[2023-05-16T00:00:23.792+0000] {processor.py:743} INFO - Processing file /home/airflow/.local/lib/python3.7/site-packages/airflow/example_dags/example_branch_python_dop_operator_3.py for tasks to queue
[2023-05-16T00:00:23.814+0000] {logging_mixin.py:137} INFO - [2023-05-16T00:00:23.809+0000] {dagbag.py:532} INFO - Filling up the DagBag from /home/airflow/.local/lib/python3.7/site-packages/airflow/example_dags/example_branch_python_dop_operator_3.py
[2023-05-16T00:00:24.678+0000] {processor.py:753} INFO - DAG(s) dict_keys(['example_branch_dop_operator_v3']) retrieved from /home/airflow/.local/lib/python3.7/site-packages/airflow/example_dags/example_branch_python_dop_operator_3.py
[2023-05-16T00:00:25.372+0000] {logging_mixin.py:137} INFO - [2023-05-16T00:00:25.369+0000] {dag.py:2705} INFO - Sync 1 DAGs
[2023-05-16T00:00:26.445+0000] {logging_mixin.py:137} INFO - [2023-05-16T00:00:26.430+0000] {dag.py:3456} INFO - Setting next_dagrun for example_branch_dop_operator_v3 to 2023-05-15T23:59:00+00:00, run_after=2023-05-16T00:00:00+00:00
[2023-05-16T00:00:26.834+0000] {processor.py:175} INFO - Processing /home/airflow/.local/lib/python3.7/site-packages/airflow/example_dags/example_branch_python_dop_operator_3.py took 3.133 seconds
[2023-05-16T00:01:40.070+0000] {processor.py:153} INFO - Started process (PID=16585) to work on /home/airflow/.local/lib/python3.7/site-packages/airflow/example_dags/example_branch_python_dop_operator_3.py
[2023-05-16T00:01:40.135+0000] {processor.py:743} INFO - Processing file /home/airflow/.local/lib/python3.7/site-packages/airflow/example_dags/example_branch_python_dop_operator_3.py for tasks to queue
[2023-05-16T00:01:40.191+0000] {logging_mixin.py:137} INFO - [2023-05-16T00:01:40.190+0000] {dagbag.py:532} INFO - Filling up the DagBag from /home/airflow/.local/lib/python3.7/site-packages/airflow/example_dags/example_branch_python_dop_operator_3.py
[2023-05-16T00:01:41.563+0000] {processor.py:753} INFO - DAG(s) dict_keys(['example_branch_dop_operator_v3']) retrieved from /home/airflow/.local/lib/python3.7/site-packages/airflow/example_dags/example_branch_python_dop_operator_3.py
[2023-05-16T00:01:42.199+0000] {logging_mixin.py:137} INFO - [2023-05-16T00:01:42.198+0000] {dag.py:2705} INFO - Sync 1 DAGs
[2023-05-16T00:01:43.387+0000] {logging_mixin.py:137} INFO - [2023-05-16T00:01:43.386+0000] {dag.py:3456} INFO - Setting next_dagrun for example_branch_dop_operator_v3 to 2023-05-16T00:00:00+00:00, run_after=2023-05-16T00:01:00+00:00
[2023-05-16T00:01:43.859+0000] {processor.py:175} INFO - Processing /home/airflow/.local/lib/python3.7/site-packages/airflow/example_dags/example_branch_python_dop_operator_3.py took 3.965 seconds
[2023-05-16T00:17:51.325+0000] {processor.py:153} INFO - Started process (PID=16655) to work on /home/airflow/.local/lib/python3.7/site-packages/airflow/example_dags/example_branch_python_dop_operator_3.py
[2023-05-16T00:17:51.335+0000] {processor.py:743} INFO - Processing file /home/airflow/.local/lib/python3.7/site-packages/airflow/example_dags/example_branch_python_dop_operator_3.py for tasks to queue
[2023-05-16T00:17:51.359+0000] {logging_mixin.py:137} INFO - [2023-05-16T00:17:51.352+0000] {dagbag.py:532} INFO - Filling up the DagBag from /home/airflow/.local/lib/python3.7/site-packages/airflow/example_dags/example_branch_python_dop_operator_3.py
[2023-05-16T00:17:51.678+0000] {processor.py:753} INFO - DAG(s) dict_keys(['example_branch_dop_operator_v3']) retrieved from /home/airflow/.local/lib/python3.7/site-packages/airflow/example_dags/example_branch_python_dop_operator_3.py
[2023-05-16T00:17:51.909+0000] {logging_mixin.py:137} INFO - [2023-05-16T00:17:51.908+0000] {dag.py:2705} INFO - Sync 1 DAGs
[2023-05-16T00:17:52.229+0000] {logging_mixin.py:137} INFO - [2023-05-16T00:17:52.228+0000] {dag.py:3456} INFO - Setting next_dagrun for example_branch_dop_operator_v3 to 2023-05-16T00:16:00+00:00, run_after=2023-05-16T00:17:00+00:00
[2023-05-16T00:17:52.398+0000] {processor.py:175} INFO - Processing /home/airflow/.local/lib/python3.7/site-packages/airflow/example_dags/example_branch_python_dop_operator_3.py took 1.094 seconds
[2023-05-16T00:19:04.799+0000] {processor.py:153} INFO - Started process (PID=16711) to work on /home/airflow/.local/lib/python3.7/site-packages/airflow/example_dags/example_branch_python_dop_operator_3.py
[2023-05-16T00:19:04.840+0000] {processor.py:743} INFO - Processing file /home/airflow/.local/lib/python3.7/site-packages/airflow/example_dags/example_branch_python_dop_operator_3.py for tasks to queue
[2023-05-16T00:19:04.878+0000] {logging_mixin.py:137} INFO - [2023-05-16T00:19:04.869+0000] {dagbag.py:532} INFO - Filling up the DagBag from /home/airflow/.local/lib/python3.7/site-packages/airflow/example_dags/example_branch_python_dop_operator_3.py
[2023-05-16T00:19:05.444+0000] {processor.py:753} INFO - DAG(s) dict_keys(['example_branch_dop_operator_v3']) retrieved from /home/airflow/.local/lib/python3.7/site-packages/airflow/example_dags/example_branch_python_dop_operator_3.py
[2023-05-16T00:19:05.999+0000] {logging_mixin.py:137} INFO - [2023-05-16T00:19:05.998+0000] {dag.py:2705} INFO - Sync 1 DAGs
[2023-05-16T00:19:07.056+0000] {logging_mixin.py:137} INFO - [2023-05-16T00:19:07.056+0000] {dag.py:3456} INFO - Setting next_dagrun for example_branch_dop_operator_v3 to 2023-05-16T00:18:00+00:00, run_after=2023-05-16T00:19:00+00:00
[2023-05-16T00:19:07.484+0000] {processor.py:175} INFO - Processing /home/airflow/.local/lib/python3.7/site-packages/airflow/example_dags/example_branch_python_dop_operator_3.py took 2.853 seconds
[2023-05-16T00:20:10.286+0000] {processor.py:153} INFO - Started process (PID=16777) to work on /home/airflow/.local/lib/python3.7/site-packages/airflow/example_dags/example_branch_python_dop_operator_3.py
[2023-05-16T00:20:10.312+0000] {processor.py:743} INFO - Processing file /home/airflow/.local/lib/python3.7/site-packages/airflow/example_dags/example_branch_python_dop_operator_3.py for tasks to queue
[2023-05-16T00:20:10.327+0000] {logging_mixin.py:137} INFO - [2023-05-16T00:20:10.326+0000] {dagbag.py:532} INFO - Filling up the DagBag from /home/airflow/.local/lib/python3.7/site-packages/airflow/example_dags/example_branch_python_dop_operator_3.py
[2023-05-16T00:20:11.201+0000] {processor.py:753} INFO - DAG(s) dict_keys(['example_branch_dop_operator_v3']) retrieved from /home/airflow/.local/lib/python3.7/site-packages/airflow/example_dags/example_branch_python_dop_operator_3.py
[2023-05-16T00:20:12.097+0000] {logging_mixin.py:137} INFO - [2023-05-16T00:20:12.097+0000] {dag.py:2705} INFO - Sync 1 DAGs
[2023-05-16T00:20:13.154+0000] {logging_mixin.py:137} INFO - [2023-05-16T00:20:13.153+0000] {dag.py:3456} INFO - Setting next_dagrun for example_branch_dop_operator_v3 to 2023-05-16T00:19:00+00:00, run_after=2023-05-16T00:20:00+00:00
[2023-05-16T00:20:13.517+0000] {processor.py:175} INFO - Processing /home/airflow/.local/lib/python3.7/site-packages/airflow/example_dags/example_branch_python_dop_operator_3.py took 3.299 seconds
[2023-05-16T00:35:51.426+0000] {processor.py:153} INFO - Started process (PID=16829) to work on /home/airflow/.local/lib/python3.7/site-packages/airflow/example_dags/example_branch_python_dop_operator_3.py
[2023-05-16T00:35:51.428+0000] {processor.py:743} INFO - Processing file /home/airflow/.local/lib/python3.7/site-packages/airflow/example_dags/example_branch_python_dop_operator_3.py for tasks to queue
[2023-05-16T00:35:51.430+0000] {logging_mixin.py:137} INFO - [2023-05-16T00:35:51.430+0000] {dagbag.py:532} INFO - Filling up the DagBag from /home/airflow/.local/lib/python3.7/site-packages/airflow/example_dags/example_branch_python_dop_operator_3.py
[2023-05-16T00:35:51.464+0000] {processor.py:753} INFO - DAG(s) dict_keys(['example_branch_dop_operator_v3']) retrieved from /home/airflow/.local/lib/python3.7/site-packages/airflow/example_dags/example_branch_python_dop_operator_3.py
[2023-05-16T00:35:51.498+0000] {logging_mixin.py:137} INFO - [2023-05-16T00:35:51.498+0000] {dag.py:2705} INFO - Sync 1 DAGs
[2023-05-16T00:35:51.532+0000] {logging_mixin.py:137} INFO - [2023-05-16T00:35:51.532+0000] {dag.py:3456} INFO - Setting next_dagrun for example_branch_dop_operator_v3 to 2023-05-16T00:34:00+00:00, run_after=2023-05-16T00:35:00+00:00
[2023-05-16T00:35:51.553+0000] {processor.py:175} INFO - Processing /home/airflow/.local/lib/python3.7/site-packages/airflow/example_dags/example_branch_python_dop_operator_3.py took 0.132 seconds
[2023-05-16T01:02:48.648+0000] {processor.py:153} INFO - Started process (PID=16893) to work on /home/airflow/.local/lib/python3.7/site-packages/airflow/example_dags/example_branch_python_dop_operator_3.py
[2023-05-16T01:02:48.658+0000] {processor.py:743} INFO - Processing file /home/airflow/.local/lib/python3.7/site-packages/airflow/example_dags/example_branch_python_dop_operator_3.py for tasks to queue
[2023-05-16T01:02:48.670+0000] {logging_mixin.py:137} INFO - [2023-05-16T01:02:48.667+0000] {dagbag.py:532} INFO - Filling up the DagBag from /home/airflow/.local/lib/python3.7/site-packages/airflow/example_dags/example_branch_python_dop_operator_3.py
[2023-05-16T01:02:48.986+0000] {processor.py:753} INFO - DAG(s) dict_keys(['example_branch_dop_operator_v3']) retrieved from /home/airflow/.local/lib/python3.7/site-packages/airflow/example_dags/example_branch_python_dop_operator_3.py
[2023-05-16T01:02:49.221+0000] {logging_mixin.py:137} INFO - [2023-05-16T01:02:49.221+0000] {dag.py:2705} INFO - Sync 1 DAGs
[2023-05-16T01:02:49.450+0000] {logging_mixin.py:137} INFO - [2023-05-16T01:02:49.450+0000] {dag.py:3456} INFO - Setting next_dagrun for example_branch_dop_operator_v3 to 2023-05-16T01:01:00+00:00, run_after=2023-05-16T01:02:00+00:00
[2023-05-16T01:02:49.574+0000] {processor.py:175} INFO - Processing /home/airflow/.local/lib/python3.7/site-packages/airflow/example_dags/example_branch_python_dop_operator_3.py took 0.942 seconds
[2023-05-16T01:03:23.433+0000] {processor.py:153} INFO - Started process (PID=16947) to work on /home/airflow/.local/lib/python3.7/site-packages/airflow/example_dags/example_branch_python_dop_operator_3.py
[2023-05-16T01:03:23.448+0000] {processor.py:743} INFO - Processing file /home/airflow/.local/lib/python3.7/site-packages/airflow/example_dags/example_branch_python_dop_operator_3.py for tasks to queue
[2023-05-16T01:03:23.469+0000] {logging_mixin.py:137} INFO - [2023-05-16T01:03:23.468+0000] {dagbag.py:532} INFO - Filling up the DagBag from /home/airflow/.local/lib/python3.7/site-packages/airflow/example_dags/example_branch_python_dop_operator_3.py
[2023-05-16T01:03:23.697+0000] {processor.py:753} INFO - DAG(s) dict_keys(['example_branch_dop_operator_v3']) retrieved from /home/airflow/.local/lib/python3.7/site-packages/airflow/example_dags/example_branch_python_dop_operator_3.py
[2023-05-16T01:03:24.156+0000] {logging_mixin.py:137} INFO - [2023-05-16T01:03:24.154+0000] {dag.py:2705} INFO - Sync 1 DAGs
[2023-05-16T01:03:24.626+0000] {logging_mixin.py:137} INFO - [2023-05-16T01:03:24.625+0000] {dag.py:3456} INFO - Setting next_dagrun for example_branch_dop_operator_v3 to 2023-05-16T01:02:00+00:00, run_after=2023-05-16T01:03:00+00:00
[2023-05-16T01:03:24.987+0000] {processor.py:175} INFO - Processing /home/airflow/.local/lib/python3.7/site-packages/airflow/example_dags/example_branch_python_dop_operator_3.py took 1.577 seconds
[2023-05-16T01:05:02.689+0000] {processor.py:153} INFO - Started process (PID=17032) to work on /home/airflow/.local/lib/python3.7/site-packages/airflow/example_dags/example_branch_python_dop_operator_3.py
[2023-05-16T01:05:02.709+0000] {processor.py:743} INFO - Processing file /home/airflow/.local/lib/python3.7/site-packages/airflow/example_dags/example_branch_python_dop_operator_3.py for tasks to queue
[2023-05-16T01:05:02.737+0000] {logging_mixin.py:137} INFO - [2023-05-16T01:05:02.736+0000] {dagbag.py:532} INFO - Filling up the DagBag from /home/airflow/.local/lib/python3.7/site-packages/airflow/example_dags/example_branch_python_dop_operator_3.py
[2023-05-16T01:05:04.277+0000] {processor.py:753} INFO - DAG(s) dict_keys(['example_branch_dop_operator_v3']) retrieved from /home/airflow/.local/lib/python3.7/site-packages/airflow/example_dags/example_branch_python_dop_operator_3.py
[2023-05-16T01:05:05.238+0000] {logging_mixin.py:137} INFO - [2023-05-16T01:05:05.237+0000] {dag.py:2705} INFO - Sync 1 DAGs
[2023-05-16T01:05:06.772+0000] {logging_mixin.py:137} INFO - [2023-05-16T01:05:06.771+0000] {dag.py:3456} INFO - Setting next_dagrun for example_branch_dop_operator_v3 to 2023-05-16T01:04:00+00:00, run_after=2023-05-16T01:05:00+00:00
[2023-05-16T01:05:07.468+0000] {processor.py:175} INFO - Processing /home/airflow/.local/lib/python3.7/site-packages/airflow/example_dags/example_branch_python_dop_operator_3.py took 5.003 seconds
[2023-05-16T01:06:20.254+0000] {processor.py:153} INFO - Started process (PID=17097) to work on /home/airflow/.local/lib/python3.7/site-packages/airflow/example_dags/example_branch_python_dop_operator_3.py
[2023-05-16T01:06:20.262+0000] {processor.py:743} INFO - Processing file /home/airflow/.local/lib/python3.7/site-packages/airflow/example_dags/example_branch_python_dop_operator_3.py for tasks to queue
[2023-05-16T01:06:20.270+0000] {logging_mixin.py:137} INFO - [2023-05-16T01:06:20.268+0000] {dagbag.py:532} INFO - Filling up the DagBag from /home/airflow/.local/lib/python3.7/site-packages/airflow/example_dags/example_branch_python_dop_operator_3.py
[2023-05-16T01:06:20.407+0000] {processor.py:753} INFO - DAG(s) dict_keys(['example_branch_dop_operator_v3']) retrieved from /home/airflow/.local/lib/python3.7/site-packages/airflow/example_dags/example_branch_python_dop_operator_3.py
[2023-05-16T01:06:20.571+0000] {logging_mixin.py:137} INFO - [2023-05-16T01:06:20.571+0000] {dag.py:2705} INFO - Sync 1 DAGs
[2023-05-16T01:06:20.804+0000] {logging_mixin.py:137} INFO - [2023-05-16T01:06:20.804+0000] {dag.py:3456} INFO - Setting next_dagrun for example_branch_dop_operator_v3 to 2023-05-16T01:05:00+00:00, run_after=2023-05-16T01:06:00+00:00
[2023-05-16T01:06:20.859+0000] {processor.py:175} INFO - Processing /home/airflow/.local/lib/python3.7/site-packages/airflow/example_dags/example_branch_python_dop_operator_3.py took 0.632 seconds
[2023-05-16T01:09:36.757+0000] {processor.py:153} INFO - Started process (PID=17185) to work on /home/airflow/.local/lib/python3.7/site-packages/airflow/example_dags/example_branch_python_dop_operator_3.py
[2023-05-16T01:09:36.772+0000] {processor.py:743} INFO - Processing file /home/airflow/.local/lib/python3.7/site-packages/airflow/example_dags/example_branch_python_dop_operator_3.py for tasks to queue
[2023-05-16T01:09:36.796+0000] {logging_mixin.py:137} INFO - [2023-05-16T01:09:36.794+0000] {dagbag.py:532} INFO - Filling up the DagBag from /home/airflow/.local/lib/python3.7/site-packages/airflow/example_dags/example_branch_python_dop_operator_3.py
[2023-05-16T01:09:37.016+0000] {processor.py:753} INFO - DAG(s) dict_keys(['example_branch_dop_operator_v3']) retrieved from /home/airflow/.local/lib/python3.7/site-packages/airflow/example_dags/example_branch_python_dop_operator_3.py
[2023-05-16T01:09:37.201+0000] {logging_mixin.py:137} INFO - [2023-05-16T01:09:37.200+0000] {dag.py:2705} INFO - Sync 1 DAGs
[2023-05-16T01:09:37.502+0000] {logging_mixin.py:137} INFO - [2023-05-16T01:09:37.501+0000] {dag.py:3456} INFO - Setting next_dagrun for example_branch_dop_operator_v3 to 2023-05-16T01:08:00+00:00, run_after=2023-05-16T01:09:00+00:00
[2023-05-16T01:09:38.226+0000] {processor.py:175} INFO - Processing /home/airflow/.local/lib/python3.7/site-packages/airflow/example_dags/example_branch_python_dop_operator_3.py took 1.502 seconds
[2023-05-16T01:11:27.433+0000] {processor.py:153} INFO - Started process (PID=17264) to work on /home/airflow/.local/lib/python3.7/site-packages/airflow/example_dags/example_branch_python_dop_operator_3.py
[2023-05-16T01:11:27.438+0000] {processor.py:743} INFO - Processing file /home/airflow/.local/lib/python3.7/site-packages/airflow/example_dags/example_branch_python_dop_operator_3.py for tasks to queue
[2023-05-16T01:11:27.447+0000] {logging_mixin.py:137} INFO - [2023-05-16T01:11:27.447+0000] {dagbag.py:532} INFO - Filling up the DagBag from /home/airflow/.local/lib/python3.7/site-packages/airflow/example_dags/example_branch_python_dop_operator_3.py
[2023-05-16T01:11:27.502+0000] {processor.py:753} INFO - DAG(s) dict_keys(['example_branch_dop_operator_v3']) retrieved from /home/airflow/.local/lib/python3.7/site-packages/airflow/example_dags/example_branch_python_dop_operator_3.py
[2023-05-16T01:11:27.577+0000] {logging_mixin.py:137} INFO - [2023-05-16T01:11:27.576+0000] {dag.py:2705} INFO - Sync 1 DAGs
[2023-05-16T01:11:27.628+0000] {logging_mixin.py:137} INFO - [2023-05-16T01:11:27.628+0000] {dag.py:3456} INFO - Setting next_dagrun for example_branch_dop_operator_v3 to 2023-05-16T01:10:00+00:00, run_after=2023-05-16T01:11:00+00:00
[2023-05-16T01:11:27.663+0000] {processor.py:175} INFO - Processing /home/airflow/.local/lib/python3.7/site-packages/airflow/example_dags/example_branch_python_dop_operator_3.py took 0.236 seconds
[2023-05-16T01:11:59.665+0000] {processor.py:153} INFO - Started process (PID=17315) to work on /home/airflow/.local/lib/python3.7/site-packages/airflow/example_dags/example_branch_python_dop_operator_3.py
[2023-05-16T01:11:59.668+0000] {processor.py:743} INFO - Processing file /home/airflow/.local/lib/python3.7/site-packages/airflow/example_dags/example_branch_python_dop_operator_3.py for tasks to queue
[2023-05-16T01:11:59.672+0000] {logging_mixin.py:137} INFO - [2023-05-16T01:11:59.671+0000] {dagbag.py:532} INFO - Filling up the DagBag from /home/airflow/.local/lib/python3.7/site-packages/airflow/example_dags/example_branch_python_dop_operator_3.py
[2023-05-16T01:11:59.709+0000] {processor.py:753} INFO - DAG(s) dict_keys(['example_branch_dop_operator_v3']) retrieved from /home/airflow/.local/lib/python3.7/site-packages/airflow/example_dags/example_branch_python_dop_operator_3.py
[2023-05-16T01:11:59.753+0000] {logging_mixin.py:137} INFO - [2023-05-16T01:11:59.753+0000] {dag.py:2705} INFO - Sync 1 DAGs
[2023-05-16T01:11:59.807+0000] {logging_mixin.py:137} INFO - [2023-05-16T01:11:59.807+0000] {dag.py:3456} INFO - Setting next_dagrun for example_branch_dop_operator_v3 to 2023-05-16T01:10:00+00:00, run_after=2023-05-16T01:11:00+00:00
[2023-05-16T01:11:59.831+0000] {processor.py:175} INFO - Processing /home/airflow/.local/lib/python3.7/site-packages/airflow/example_dags/example_branch_python_dop_operator_3.py took 0.182 seconds
[2023-05-16T01:12:30.608+0000] {processor.py:153} INFO - Started process (PID=17367) to work on /home/airflow/.local/lib/python3.7/site-packages/airflow/example_dags/example_branch_python_dop_operator_3.py
[2023-05-16T01:12:30.613+0000] {processor.py:743} INFO - Processing file /home/airflow/.local/lib/python3.7/site-packages/airflow/example_dags/example_branch_python_dop_operator_3.py for tasks to queue
[2023-05-16T01:12:30.619+0000] {logging_mixin.py:137} INFO - [2023-05-16T01:12:30.618+0000] {dagbag.py:532} INFO - Filling up the DagBag from /home/airflow/.local/lib/python3.7/site-packages/airflow/example_dags/example_branch_python_dop_operator_3.py
[2023-05-16T01:12:30.719+0000] {processor.py:753} INFO - DAG(s) dict_keys(['example_branch_dop_operator_v3']) retrieved from /home/airflow/.local/lib/python3.7/site-packages/airflow/example_dags/example_branch_python_dop_operator_3.py
[2023-05-16T01:12:30.805+0000] {logging_mixin.py:137} INFO - [2023-05-16T01:12:30.804+0000] {dag.py:2705} INFO - Sync 1 DAGs
[2023-05-16T01:12:30.885+0000] {logging_mixin.py:137} INFO - [2023-05-16T01:12:30.885+0000] {dag.py:3456} INFO - Setting next_dagrun for example_branch_dop_operator_v3 to 2023-05-16T01:11:00+00:00, run_after=2023-05-16T01:12:00+00:00
[2023-05-16T01:12:30.926+0000] {processor.py:175} INFO - Processing /home/airflow/.local/lib/python3.7/site-packages/airflow/example_dags/example_branch_python_dop_operator_3.py took 0.327 seconds
[2023-05-16T01:13:01.168+0000] {processor.py:153} INFO - Started process (PID=17419) to work on /home/airflow/.local/lib/python3.7/site-packages/airflow/example_dags/example_branch_python_dop_operator_3.py
[2023-05-16T01:13:01.171+0000] {processor.py:743} INFO - Processing file /home/airflow/.local/lib/python3.7/site-packages/airflow/example_dags/example_branch_python_dop_operator_3.py for tasks to queue
[2023-05-16T01:13:01.176+0000] {logging_mixin.py:137} INFO - [2023-05-16T01:13:01.175+0000] {dagbag.py:532} INFO - Filling up the DagBag from /home/airflow/.local/lib/python3.7/site-packages/airflow/example_dags/example_branch_python_dop_operator_3.py
[2023-05-16T01:13:01.266+0000] {processor.py:753} INFO - DAG(s) dict_keys(['example_branch_dop_operator_v3']) retrieved from /home/airflow/.local/lib/python3.7/site-packages/airflow/example_dags/example_branch_python_dop_operator_3.py
[2023-05-16T01:13:01.373+0000] {logging_mixin.py:137} INFO - [2023-05-16T01:13:01.373+0000] {dag.py:2705} INFO - Sync 1 DAGs
[2023-05-16T01:13:01.473+0000] {logging_mixin.py:137} INFO - [2023-05-16T01:13:01.473+0000] {dag.py:3456} INFO - Setting next_dagrun for example_branch_dop_operator_v3 to 2023-05-16T01:12:00+00:00, run_after=2023-05-16T01:13:00+00:00
[2023-05-16T01:13:01.529+0000] {processor.py:175} INFO - Processing /home/airflow/.local/lib/python3.7/site-packages/airflow/example_dags/example_branch_python_dop_operator_3.py took 0.377 seconds
[2023-05-16T01:13:32.578+0000] {processor.py:153} INFO - Started process (PID=17471) to work on /home/airflow/.local/lib/python3.7/site-packages/airflow/example_dags/example_branch_python_dop_operator_3.py
[2023-05-16T01:13:32.582+0000] {processor.py:743} INFO - Processing file /home/airflow/.local/lib/python3.7/site-packages/airflow/example_dags/example_branch_python_dop_operator_3.py for tasks to queue
[2023-05-16T01:13:32.586+0000] {logging_mixin.py:137} INFO - [2023-05-16T01:13:32.586+0000] {dagbag.py:532} INFO - Filling up the DagBag from /home/airflow/.local/lib/python3.7/site-packages/airflow/example_dags/example_branch_python_dop_operator_3.py
[2023-05-16T01:13:32.666+0000] {processor.py:753} INFO - DAG(s) dict_keys(['example_branch_dop_operator_v3']) retrieved from /home/airflow/.local/lib/python3.7/site-packages/airflow/example_dags/example_branch_python_dop_operator_3.py
[2023-05-16T01:13:32.766+0000] {logging_mixin.py:137} INFO - [2023-05-16T01:13:32.766+0000] {dag.py:2705} INFO - Sync 1 DAGs
[2023-05-16T01:13:32.840+0000] {logging_mixin.py:137} INFO - [2023-05-16T01:13:32.840+0000] {dag.py:3456} INFO - Setting next_dagrun for example_branch_dop_operator_v3 to 2023-05-16T01:12:00+00:00, run_after=2023-05-16T01:13:00+00:00
[2023-05-16T01:13:32.893+0000] {processor.py:175} INFO - Processing /home/airflow/.local/lib/python3.7/site-packages/airflow/example_dags/example_branch_python_dop_operator_3.py took 0.331 seconds
[2023-05-16T01:14:03.153+0000] {processor.py:153} INFO - Started process (PID=17523) to work on /home/airflow/.local/lib/python3.7/site-packages/airflow/example_dags/example_branch_python_dop_operator_3.py
[2023-05-16T01:14:03.155+0000] {processor.py:743} INFO - Processing file /home/airflow/.local/lib/python3.7/site-packages/airflow/example_dags/example_branch_python_dop_operator_3.py for tasks to queue
[2023-05-16T01:14:03.158+0000] {logging_mixin.py:137} INFO - [2023-05-16T01:14:03.157+0000] {dagbag.py:532} INFO - Filling up the DagBag from /home/airflow/.local/lib/python3.7/site-packages/airflow/example_dags/example_branch_python_dop_operator_3.py
[2023-05-16T01:14:03.200+0000] {processor.py:753} INFO - DAG(s) dict_keys(['example_branch_dop_operator_v3']) retrieved from /home/airflow/.local/lib/python3.7/site-packages/airflow/example_dags/example_branch_python_dop_operator_3.py
[2023-05-16T01:14:03.247+0000] {logging_mixin.py:137} INFO - [2023-05-16T01:14:03.246+0000] {dag.py:2705} INFO - Sync 1 DAGs
[2023-05-16T01:14:03.345+0000] {logging_mixin.py:137} INFO - [2023-05-16T01:14:03.344+0000] {dag.py:3456} INFO - Setting next_dagrun for example_branch_dop_operator_v3 to 2023-05-16T01:13:00+00:00, run_after=2023-05-16T01:14:00+00:00
[2023-05-16T01:14:03.401+0000] {processor.py:175} INFO - Processing /home/airflow/.local/lib/python3.7/site-packages/airflow/example_dags/example_branch_python_dop_operator_3.py took 0.255 seconds
[2023-05-16T01:14:34.280+0000] {processor.py:153} INFO - Started process (PID=17575) to work on /home/airflow/.local/lib/python3.7/site-packages/airflow/example_dags/example_branch_python_dop_operator_3.py
[2023-05-16T01:14:34.282+0000] {processor.py:743} INFO - Processing file /home/airflow/.local/lib/python3.7/site-packages/airflow/example_dags/example_branch_python_dop_operator_3.py for tasks to queue
[2023-05-16T01:14:34.285+0000] {logging_mixin.py:137} INFO - [2023-05-16T01:14:34.285+0000] {dagbag.py:532} INFO - Filling up the DagBag from /home/airflow/.local/lib/python3.7/site-packages/airflow/example_dags/example_branch_python_dop_operator_3.py
[2023-05-16T01:14:34.332+0000] {processor.py:753} INFO - DAG(s) dict_keys(['example_branch_dop_operator_v3']) retrieved from /home/airflow/.local/lib/python3.7/site-packages/airflow/example_dags/example_branch_python_dop_operator_3.py
[2023-05-16T01:14:34.372+0000] {logging_mixin.py:137} INFO - [2023-05-16T01:14:34.372+0000] {dag.py:2705} INFO - Sync 1 DAGs
[2023-05-16T01:14:34.435+0000] {logging_mixin.py:137} INFO - [2023-05-16T01:14:34.434+0000] {dag.py:3456} INFO - Setting next_dagrun for example_branch_dop_operator_v3 to 2023-05-16T01:13:00+00:00, run_after=2023-05-16T01:14:00+00:00
[2023-05-16T01:14:34.458+0000] {processor.py:175} INFO - Processing /home/airflow/.local/lib/python3.7/site-packages/airflow/example_dags/example_branch_python_dop_operator_3.py took 0.188 seconds
[2023-05-16T01:15:04.716+0000] {processor.py:153} INFO - Started process (PID=17628) to work on /home/airflow/.local/lib/python3.7/site-packages/airflow/example_dags/example_branch_python_dop_operator_3.py
[2023-05-16T01:15:04.731+0000] {processor.py:743} INFO - Processing file /home/airflow/.local/lib/python3.7/site-packages/airflow/example_dags/example_branch_python_dop_operator_3.py for tasks to queue
[2023-05-16T01:15:04.734+0000] {logging_mixin.py:137} INFO - [2023-05-16T01:15:04.734+0000] {dagbag.py:532} INFO - Filling up the DagBag from /home/airflow/.local/lib/python3.7/site-packages/airflow/example_dags/example_branch_python_dop_operator_3.py
[2023-05-16T01:15:04.780+0000] {processor.py:753} INFO - DAG(s) dict_keys(['example_branch_dop_operator_v3']) retrieved from /home/airflow/.local/lib/python3.7/site-packages/airflow/example_dags/example_branch_python_dop_operator_3.py
[2023-05-16T01:15:04.820+0000] {logging_mixin.py:137} INFO - [2023-05-16T01:15:04.820+0000] {dag.py:2705} INFO - Sync 1 DAGs
[2023-05-16T01:15:04.867+0000] {logging_mixin.py:137} INFO - [2023-05-16T01:15:04.867+0000] {dag.py:3456} INFO - Setting next_dagrun for example_branch_dop_operator_v3 to 2023-05-16T01:14:00+00:00, run_after=2023-05-16T01:15:00+00:00
[2023-05-16T01:15:04.895+0000] {processor.py:175} INFO - Processing /home/airflow/.local/lib/python3.7/site-packages/airflow/example_dags/example_branch_python_dop_operator_3.py took 0.186 seconds
[2023-05-16T01:15:35.315+0000] {processor.py:153} INFO - Started process (PID=17680) to work on /home/airflow/.local/lib/python3.7/site-packages/airflow/example_dags/example_branch_python_dop_operator_3.py
[2023-05-16T01:15:35.320+0000] {processor.py:743} INFO - Processing file /home/airflow/.local/lib/python3.7/site-packages/airflow/example_dags/example_branch_python_dop_operator_3.py for tasks to queue
[2023-05-16T01:15:35.323+0000] {logging_mixin.py:137} INFO - [2023-05-16T01:15:35.322+0000] {dagbag.py:532} INFO - Filling up the DagBag from /home/airflow/.local/lib/python3.7/site-packages/airflow/example_dags/example_branch_python_dop_operator_3.py
[2023-05-16T01:15:35.395+0000] {processor.py:753} INFO - DAG(s) dict_keys(['example_branch_dop_operator_v3']) retrieved from /home/airflow/.local/lib/python3.7/site-packages/airflow/example_dags/example_branch_python_dop_operator_3.py
[2023-05-16T01:15:35.442+0000] {logging_mixin.py:137} INFO - [2023-05-16T01:15:35.442+0000] {dag.py:2705} INFO - Sync 1 DAGs
[2023-05-16T01:15:35.491+0000] {logging_mixin.py:137} INFO - [2023-05-16T01:15:35.491+0000] {dag.py:3456} INFO - Setting next_dagrun for example_branch_dop_operator_v3 to 2023-05-16T01:14:00+00:00, run_after=2023-05-16T01:15:00+00:00
[2023-05-16T01:15:35.532+0000] {processor.py:175} INFO - Processing /home/airflow/.local/lib/python3.7/site-packages/airflow/example_dags/example_branch_python_dop_operator_3.py took 0.225 seconds
[2023-05-16T01:16:05.740+0000] {processor.py:153} INFO - Started process (PID=17732) to work on /home/airflow/.local/lib/python3.7/site-packages/airflow/example_dags/example_branch_python_dop_operator_3.py
[2023-05-16T01:16:05.742+0000] {processor.py:743} INFO - Processing file /home/airflow/.local/lib/python3.7/site-packages/airflow/example_dags/example_branch_python_dop_operator_3.py for tasks to queue
[2023-05-16T01:16:05.745+0000] {logging_mixin.py:137} INFO - [2023-05-16T01:16:05.744+0000] {dagbag.py:532} INFO - Filling up the DagBag from /home/airflow/.local/lib/python3.7/site-packages/airflow/example_dags/example_branch_python_dop_operator_3.py
[2023-05-16T01:16:05.791+0000] {processor.py:753} INFO - DAG(s) dict_keys(['example_branch_dop_operator_v3']) retrieved from /home/airflow/.local/lib/python3.7/site-packages/airflow/example_dags/example_branch_python_dop_operator_3.py
[2023-05-16T01:16:05.839+0000] {logging_mixin.py:137} INFO - [2023-05-16T01:16:05.839+0000] {dag.py:2705} INFO - Sync 1 DAGs
[2023-05-16T01:16:05.903+0000] {logging_mixin.py:137} INFO - [2023-05-16T01:16:05.903+0000] {dag.py:3456} INFO - Setting next_dagrun for example_branch_dop_operator_v3 to 2023-05-16T01:15:00+00:00, run_after=2023-05-16T01:16:00+00:00
[2023-05-16T01:16:05.941+0000] {processor.py:175} INFO - Processing /home/airflow/.local/lib/python3.7/site-packages/airflow/example_dags/example_branch_python_dop_operator_3.py took 0.208 seconds
[2023-05-16T01:16:36.338+0000] {processor.py:153} INFO - Started process (PID=17784) to work on /home/airflow/.local/lib/python3.7/site-packages/airflow/example_dags/example_branch_python_dop_operator_3.py
[2023-05-16T01:16:36.340+0000] {processor.py:743} INFO - Processing file /home/airflow/.local/lib/python3.7/site-packages/airflow/example_dags/example_branch_python_dop_operator_3.py for tasks to queue
[2023-05-16T01:16:36.343+0000] {logging_mixin.py:137} INFO - [2023-05-16T01:16:36.343+0000] {dagbag.py:532} INFO - Filling up the DagBag from /home/airflow/.local/lib/python3.7/site-packages/airflow/example_dags/example_branch_python_dop_operator_3.py
[2023-05-16T01:16:36.385+0000] {processor.py:753} INFO - DAG(s) dict_keys(['example_branch_dop_operator_v3']) retrieved from /home/airflow/.local/lib/python3.7/site-packages/airflow/example_dags/example_branch_python_dop_operator_3.py
[2023-05-16T01:16:36.424+0000] {logging_mixin.py:137} INFO - [2023-05-16T01:16:36.424+0000] {dag.py:2705} INFO - Sync 1 DAGs
[2023-05-16T01:16:36.472+0000] {logging_mixin.py:137} INFO - [2023-05-16T01:16:36.471+0000] {dag.py:3456} INFO - Setting next_dagrun for example_branch_dop_operator_v3 to 2023-05-16T01:15:00+00:00, run_after=2023-05-16T01:16:00+00:00
[2023-05-16T01:16:36.507+0000] {processor.py:175} INFO - Processing /home/airflow/.local/lib/python3.7/site-packages/airflow/example_dags/example_branch_python_dop_operator_3.py took 0.178 seconds
[2023-05-16T01:17:07.140+0000] {processor.py:153} INFO - Started process (PID=17836) to work on /home/airflow/.local/lib/python3.7/site-packages/airflow/example_dags/example_branch_python_dop_operator_3.py
[2023-05-16T01:17:07.143+0000] {processor.py:743} INFO - Processing file /home/airflow/.local/lib/python3.7/site-packages/airflow/example_dags/example_branch_python_dop_operator_3.py for tasks to queue
[2023-05-16T01:17:07.146+0000] {logging_mixin.py:137} INFO - [2023-05-16T01:17:07.145+0000] {dagbag.py:532} INFO - Filling up the DagBag from /home/airflow/.local/lib/python3.7/site-packages/airflow/example_dags/example_branch_python_dop_operator_3.py
[2023-05-16T01:17:07.199+0000] {processor.py:753} INFO - DAG(s) dict_keys(['example_branch_dop_operator_v3']) retrieved from /home/airflow/.local/lib/python3.7/site-packages/airflow/example_dags/example_branch_python_dop_operator_3.py
[2023-05-16T01:17:07.241+0000] {logging_mixin.py:137} INFO - [2023-05-16T01:17:07.241+0000] {dag.py:2705} INFO - Sync 1 DAGs
[2023-05-16T01:17:07.289+0000] {logging_mixin.py:137} INFO - [2023-05-16T01:17:07.289+0000] {dag.py:3456} INFO - Setting next_dagrun for example_branch_dop_operator_v3 to 2023-05-16T01:16:00+00:00, run_after=2023-05-16T01:17:00+00:00
[2023-05-16T01:17:07.328+0000] {processor.py:175} INFO - Processing /home/airflow/.local/lib/python3.7/site-packages/airflow/example_dags/example_branch_python_dop_operator_3.py took 0.194 seconds
[2023-05-16T01:17:37.587+0000] {processor.py:153} INFO - Started process (PID=17889) to work on /home/airflow/.local/lib/python3.7/site-packages/airflow/example_dags/example_branch_python_dop_operator_3.py
[2023-05-16T01:17:37.590+0000] {processor.py:743} INFO - Processing file /home/airflow/.local/lib/python3.7/site-packages/airflow/example_dags/example_branch_python_dop_operator_3.py for tasks to queue
[2023-05-16T01:17:37.592+0000] {logging_mixin.py:137} INFO - [2023-05-16T01:17:37.592+0000] {dagbag.py:532} INFO - Filling up the DagBag from /home/airflow/.local/lib/python3.7/site-packages/airflow/example_dags/example_branch_python_dop_operator_3.py
[2023-05-16T01:17:37.635+0000] {processor.py:753} INFO - DAG(s) dict_keys(['example_branch_dop_operator_v3']) retrieved from /home/airflow/.local/lib/python3.7/site-packages/airflow/example_dags/example_branch_python_dop_operator_3.py
[2023-05-16T01:17:37.673+0000] {logging_mixin.py:137} INFO - [2023-05-16T01:17:37.673+0000] {dag.py:2705} INFO - Sync 1 DAGs
[2023-05-16T01:17:37.711+0000] {logging_mixin.py:137} INFO - [2023-05-16T01:17:37.711+0000] {dag.py:3456} INFO - Setting next_dagrun for example_branch_dop_operator_v3 to 2023-05-16T01:16:00+00:00, run_after=2023-05-16T01:17:00+00:00
[2023-05-16T01:17:37.759+0000] {processor.py:175} INFO - Processing /home/airflow/.local/lib/python3.7/site-packages/airflow/example_dags/example_branch_python_dop_operator_3.py took 0.181 seconds
[2023-05-16T01:18:08.617+0000] {processor.py:153} INFO - Started process (PID=17941) to work on /home/airflow/.local/lib/python3.7/site-packages/airflow/example_dags/example_branch_python_dop_operator_3.py
[2023-05-16T01:18:08.620+0000] {processor.py:743} INFO - Processing file /home/airflow/.local/lib/python3.7/site-packages/airflow/example_dags/example_branch_python_dop_operator_3.py for tasks to queue
[2023-05-16T01:18:08.622+0000] {logging_mixin.py:137} INFO - [2023-05-16T01:18:08.621+0000] {dagbag.py:532} INFO - Filling up the DagBag from /home/airflow/.local/lib/python3.7/site-packages/airflow/example_dags/example_branch_python_dop_operator_3.py
[2023-05-16T01:18:08.660+0000] {processor.py:753} INFO - DAG(s) dict_keys(['example_branch_dop_operator_v3']) retrieved from /home/airflow/.local/lib/python3.7/site-packages/airflow/example_dags/example_branch_python_dop_operator_3.py
[2023-05-16T01:18:08.712+0000] {logging_mixin.py:137} INFO - [2023-05-16T01:18:08.711+0000] {dag.py:2705} INFO - Sync 1 DAGs
[2023-05-16T01:18:08.761+0000] {logging_mixin.py:137} INFO - [2023-05-16T01:18:08.760+0000] {dag.py:3456} INFO - Setting next_dagrun for example_branch_dop_operator_v3 to 2023-05-16T01:17:00+00:00, run_after=2023-05-16T01:18:00+00:00
[2023-05-16T01:18:08.794+0000] {processor.py:175} INFO - Processing /home/airflow/.local/lib/python3.7/site-packages/airflow/example_dags/example_branch_python_dop_operator_3.py took 0.185 seconds
[2023-05-16T01:18:39.483+0000] {processor.py:153} INFO - Started process (PID=17993) to work on /home/airflow/.local/lib/python3.7/site-packages/airflow/example_dags/example_branch_python_dop_operator_3.py
[2023-05-16T01:18:39.487+0000] {processor.py:743} INFO - Processing file /home/airflow/.local/lib/python3.7/site-packages/airflow/example_dags/example_branch_python_dop_operator_3.py for tasks to queue
[2023-05-16T01:18:39.496+0000] {logging_mixin.py:137} INFO - [2023-05-16T01:18:39.496+0000] {dagbag.py:532} INFO - Filling up the DagBag from /home/airflow/.local/lib/python3.7/site-packages/airflow/example_dags/example_branch_python_dop_operator_3.py
[2023-05-16T01:18:39.551+0000] {processor.py:753} INFO - DAG(s) dict_keys(['example_branch_dop_operator_v3']) retrieved from /home/airflow/.local/lib/python3.7/site-packages/airflow/example_dags/example_branch_python_dop_operator_3.py
[2023-05-16T01:18:39.599+0000] {logging_mixin.py:137} INFO - [2023-05-16T01:18:39.599+0000] {dag.py:2705} INFO - Sync 1 DAGs
[2023-05-16T01:18:39.649+0000] {logging_mixin.py:137} INFO - [2023-05-16T01:18:39.649+0000] {dag.py:3456} INFO - Setting next_dagrun for example_branch_dop_operator_v3 to 2023-05-16T01:17:00+00:00, run_after=2023-05-16T01:18:00+00:00
[2023-05-16T01:18:39.677+0000] {processor.py:175} INFO - Processing /home/airflow/.local/lib/python3.7/site-packages/airflow/example_dags/example_branch_python_dop_operator_3.py took 0.203 seconds
[2023-05-16T01:19:09.923+0000] {processor.py:153} INFO - Started process (PID=18046) to work on /home/airflow/.local/lib/python3.7/site-packages/airflow/example_dags/example_branch_python_dop_operator_3.py
[2023-05-16T01:19:09.926+0000] {processor.py:743} INFO - Processing file /home/airflow/.local/lib/python3.7/site-packages/airflow/example_dags/example_branch_python_dop_operator_3.py for tasks to queue
[2023-05-16T01:19:09.931+0000] {logging_mixin.py:137} INFO - [2023-05-16T01:19:09.931+0000] {dagbag.py:532} INFO - Filling up the DagBag from /home/airflow/.local/lib/python3.7/site-packages/airflow/example_dags/example_branch_python_dop_operator_3.py
[2023-05-16T01:19:09.976+0000] {processor.py:753} INFO - DAG(s) dict_keys(['example_branch_dop_operator_v3']) retrieved from /home/airflow/.local/lib/python3.7/site-packages/airflow/example_dags/example_branch_python_dop_operator_3.py
[2023-05-16T01:19:10.023+0000] {logging_mixin.py:137} INFO - [2023-05-16T01:19:10.023+0000] {dag.py:2705} INFO - Sync 1 DAGs
[2023-05-16T01:19:10.089+0000] {logging_mixin.py:137} INFO - [2023-05-16T01:19:10.089+0000] {dag.py:3456} INFO - Setting next_dagrun for example_branch_dop_operator_v3 to 2023-05-16T01:18:00+00:00, run_after=2023-05-16T01:19:00+00:00
[2023-05-16T01:19:10.121+0000] {processor.py:175} INFO - Processing /home/airflow/.local/lib/python3.7/site-packages/airflow/example_dags/example_branch_python_dop_operator_3.py took 0.207 seconds
[2023-05-16T01:19:40.487+0000] {processor.py:153} INFO - Started process (PID=18097) to work on /home/airflow/.local/lib/python3.7/site-packages/airflow/example_dags/example_branch_python_dop_operator_3.py
[2023-05-16T01:19:40.489+0000] {processor.py:743} INFO - Processing file /home/airflow/.local/lib/python3.7/site-packages/airflow/example_dags/example_branch_python_dop_operator_3.py for tasks to queue
[2023-05-16T01:19:40.492+0000] {logging_mixin.py:137} INFO - [2023-05-16T01:19:40.492+0000] {dagbag.py:532} INFO - Filling up the DagBag from /home/airflow/.local/lib/python3.7/site-packages/airflow/example_dags/example_branch_python_dop_operator_3.py
[2023-05-16T01:19:40.567+0000] {processor.py:753} INFO - DAG(s) dict_keys(['example_branch_dop_operator_v3']) retrieved from /home/airflow/.local/lib/python3.7/site-packages/airflow/example_dags/example_branch_python_dop_operator_3.py
[2023-05-16T01:19:40.642+0000] {logging_mixin.py:137} INFO - [2023-05-16T01:19:40.642+0000] {dag.py:2705} INFO - Sync 1 DAGs
[2023-05-16T01:19:40.729+0000] {logging_mixin.py:137} INFO - [2023-05-16T01:19:40.729+0000] {dag.py:3456} INFO - Setting next_dagrun for example_branch_dop_operator_v3 to 2023-05-16T01:18:00+00:00, run_after=2023-05-16T01:19:00+00:00
[2023-05-16T01:19:40.780+0000] {processor.py:175} INFO - Processing /home/airflow/.local/lib/python3.7/site-packages/airflow/example_dags/example_branch_python_dop_operator_3.py took 0.305 seconds
[2023-05-16T01:20:11.705+0000] {processor.py:153} INFO - Started process (PID=18149) to work on /home/airflow/.local/lib/python3.7/site-packages/airflow/example_dags/example_branch_python_dop_operator_3.py
[2023-05-16T01:20:11.708+0000] {processor.py:743} INFO - Processing file /home/airflow/.local/lib/python3.7/site-packages/airflow/example_dags/example_branch_python_dop_operator_3.py for tasks to queue
[2023-05-16T01:20:11.712+0000] {logging_mixin.py:137} INFO - [2023-05-16T01:20:11.712+0000] {dagbag.py:532} INFO - Filling up the DagBag from /home/airflow/.local/lib/python3.7/site-packages/airflow/example_dags/example_branch_python_dop_operator_3.py
[2023-05-16T01:20:11.754+0000] {processor.py:753} INFO - DAG(s) dict_keys(['example_branch_dop_operator_v3']) retrieved from /home/airflow/.local/lib/python3.7/site-packages/airflow/example_dags/example_branch_python_dop_operator_3.py
[2023-05-16T01:20:11.810+0000] {logging_mixin.py:137} INFO - [2023-05-16T01:20:11.810+0000] {dag.py:2705} INFO - Sync 1 DAGs
[2023-05-16T01:20:11.856+0000] {logging_mixin.py:137} INFO - [2023-05-16T01:20:11.856+0000] {dag.py:3456} INFO - Setting next_dagrun for example_branch_dop_operator_v3 to 2023-05-16T01:19:00+00:00, run_after=2023-05-16T01:20:00+00:00
[2023-05-16T01:20:11.884+0000] {processor.py:175} INFO - Processing /home/airflow/.local/lib/python3.7/site-packages/airflow/example_dags/example_branch_python_dop_operator_3.py took 0.186 seconds
[2023-05-16T01:20:42.160+0000] {processor.py:153} INFO - Started process (PID=18201) to work on /home/airflow/.local/lib/python3.7/site-packages/airflow/example_dags/example_branch_python_dop_operator_3.py
[2023-05-16T01:20:42.162+0000] {processor.py:743} INFO - Processing file /home/airflow/.local/lib/python3.7/site-packages/airflow/example_dags/example_branch_python_dop_operator_3.py for tasks to queue
[2023-05-16T01:20:42.165+0000] {logging_mixin.py:137} INFO - [2023-05-16T01:20:42.165+0000] {dagbag.py:532} INFO - Filling up the DagBag from /home/airflow/.local/lib/python3.7/site-packages/airflow/example_dags/example_branch_python_dop_operator_3.py
[2023-05-16T01:20:42.243+0000] {processor.py:753} INFO - DAG(s) dict_keys(['example_branch_dop_operator_v3']) retrieved from /home/airflow/.local/lib/python3.7/site-packages/airflow/example_dags/example_branch_python_dop_operator_3.py
[2023-05-16T01:20:42.296+0000] {logging_mixin.py:137} INFO - [2023-05-16T01:20:42.296+0000] {dag.py:2705} INFO - Sync 1 DAGs
[2023-05-16T01:20:42.346+0000] {logging_mixin.py:137} INFO - [2023-05-16T01:20:42.345+0000] {dag.py:3456} INFO - Setting next_dagrun for example_branch_dop_operator_v3 to 2023-05-16T01:19:00+00:00, run_after=2023-05-16T01:20:00+00:00
[2023-05-16T01:20:42.390+0000] {processor.py:175} INFO - Processing /home/airflow/.local/lib/python3.7/site-packages/airflow/example_dags/example_branch_python_dop_operator_3.py took 0.237 seconds
[2023-05-16T01:21:13.186+0000] {processor.py:153} INFO - Started process (PID=18252) to work on /home/airflow/.local/lib/python3.7/site-packages/airflow/example_dags/example_branch_python_dop_operator_3.py
[2023-05-16T01:21:13.188+0000] {processor.py:743} INFO - Processing file /home/airflow/.local/lib/python3.7/site-packages/airflow/example_dags/example_branch_python_dop_operator_3.py for tasks to queue
[2023-05-16T01:21:13.191+0000] {logging_mixin.py:137} INFO - [2023-05-16T01:21:13.190+0000] {dagbag.py:532} INFO - Filling up the DagBag from /home/airflow/.local/lib/python3.7/site-packages/airflow/example_dags/example_branch_python_dop_operator_3.py
[2023-05-16T01:21:13.229+0000] {processor.py:753} INFO - DAG(s) dict_keys(['example_branch_dop_operator_v3']) retrieved from /home/airflow/.local/lib/python3.7/site-packages/airflow/example_dags/example_branch_python_dop_operator_3.py
[2023-05-16T01:21:13.284+0000] {logging_mixin.py:137} INFO - [2023-05-16T01:21:13.284+0000] {dag.py:2705} INFO - Sync 1 DAGs
[2023-05-16T01:21:13.335+0000] {logging_mixin.py:137} INFO - [2023-05-16T01:21:13.335+0000] {dag.py:3456} INFO - Setting next_dagrun for example_branch_dop_operator_v3 to 2023-05-16T01:20:00+00:00, run_after=2023-05-16T01:21:00+00:00
[2023-05-16T01:21:13.377+0000] {processor.py:175} INFO - Processing /home/airflow/.local/lib/python3.7/site-packages/airflow/example_dags/example_branch_python_dop_operator_3.py took 0.200 seconds
[2023-05-16T01:21:44.075+0000] {processor.py:153} INFO - Started process (PID=18304) to work on /home/airflow/.local/lib/python3.7/site-packages/airflow/example_dags/example_branch_python_dop_operator_3.py
[2023-05-16T01:21:44.079+0000] {processor.py:743} INFO - Processing file /home/airflow/.local/lib/python3.7/site-packages/airflow/example_dags/example_branch_python_dop_operator_3.py for tasks to queue
[2023-05-16T01:21:44.082+0000] {logging_mixin.py:137} INFO - [2023-05-16T01:21:44.081+0000] {dagbag.py:532} INFO - Filling up the DagBag from /home/airflow/.local/lib/python3.7/site-packages/airflow/example_dags/example_branch_python_dop_operator_3.py
[2023-05-16T01:21:44.166+0000] {processor.py:753} INFO - DAG(s) dict_keys(['example_branch_dop_operator_v3']) retrieved from /home/airflow/.local/lib/python3.7/site-packages/airflow/example_dags/example_branch_python_dop_operator_3.py
[2023-05-16T01:21:44.250+0000] {logging_mixin.py:137} INFO - [2023-05-16T01:21:44.249+0000] {dag.py:2705} INFO - Sync 1 DAGs
[2023-05-16T01:21:44.337+0000] {logging_mixin.py:137} INFO - [2023-05-16T01:21:44.337+0000] {dag.py:3456} INFO - Setting next_dagrun for example_branch_dop_operator_v3 to 2023-05-16T01:20:00+00:00, run_after=2023-05-16T01:21:00+00:00
[2023-05-16T01:21:44.396+0000] {processor.py:175} INFO - Processing /home/airflow/.local/lib/python3.7/site-packages/airflow/example_dags/example_branch_python_dop_operator_3.py took 0.336 seconds
[2023-05-16T01:22:14.638+0000] {processor.py:153} INFO - Started process (PID=18357) to work on /home/airflow/.local/lib/python3.7/site-packages/airflow/example_dags/example_branch_python_dop_operator_3.py
[2023-05-16T01:22:14.640+0000] {processor.py:743} INFO - Processing file /home/airflow/.local/lib/python3.7/site-packages/airflow/example_dags/example_branch_python_dop_operator_3.py for tasks to queue
[2023-05-16T01:22:14.643+0000] {logging_mixin.py:137} INFO - [2023-05-16T01:22:14.643+0000] {dagbag.py:532} INFO - Filling up the DagBag from /home/airflow/.local/lib/python3.7/site-packages/airflow/example_dags/example_branch_python_dop_operator_3.py
[2023-05-16T01:22:14.689+0000] {processor.py:753} INFO - DAG(s) dict_keys(['example_branch_dop_operator_v3']) retrieved from /home/airflow/.local/lib/python3.7/site-packages/airflow/example_dags/example_branch_python_dop_operator_3.py
[2023-05-16T01:22:14.743+0000] {logging_mixin.py:137} INFO - [2023-05-16T01:22:14.743+0000] {dag.py:2705} INFO - Sync 1 DAGs
[2023-05-16T01:22:14.797+0000] {logging_mixin.py:137} INFO - [2023-05-16T01:22:14.797+0000] {dag.py:3456} INFO - Setting next_dagrun for example_branch_dop_operator_v3 to 2023-05-16T01:21:00+00:00, run_after=2023-05-16T01:22:00+00:00
[2023-05-16T01:22:14.837+0000] {processor.py:175} INFO - Processing /home/airflow/.local/lib/python3.7/site-packages/airflow/example_dags/example_branch_python_dop_operator_3.py took 0.208 seconds
[2023-05-16T01:22:45.022+0000] {processor.py:153} INFO - Started process (PID=18409) to work on /home/airflow/.local/lib/python3.7/site-packages/airflow/example_dags/example_branch_python_dop_operator_3.py
[2023-05-16T01:22:45.024+0000] {processor.py:743} INFO - Processing file /home/airflow/.local/lib/python3.7/site-packages/airflow/example_dags/example_branch_python_dop_operator_3.py for tasks to queue
[2023-05-16T01:22:45.027+0000] {logging_mixin.py:137} INFO - [2023-05-16T01:22:45.026+0000] {dagbag.py:532} INFO - Filling up the DagBag from /home/airflow/.local/lib/python3.7/site-packages/airflow/example_dags/example_branch_python_dop_operator_3.py
[2023-05-16T01:22:45.065+0000] {processor.py:753} INFO - DAG(s) dict_keys(['example_branch_dop_operator_v3']) retrieved from /home/airflow/.local/lib/python3.7/site-packages/airflow/example_dags/example_branch_python_dop_operator_3.py
[2023-05-16T01:22:45.111+0000] {logging_mixin.py:137} INFO - [2023-05-16T01:22:45.110+0000] {dag.py:2705} INFO - Sync 1 DAGs
[2023-05-16T01:22:45.153+0000] {logging_mixin.py:137} INFO - [2023-05-16T01:22:45.153+0000] {dag.py:3456} INFO - Setting next_dagrun for example_branch_dop_operator_v3 to 2023-05-16T01:21:00+00:00, run_after=2023-05-16T01:22:00+00:00
[2023-05-16T01:22:45.181+0000] {processor.py:175} INFO - Processing /home/airflow/.local/lib/python3.7/site-packages/airflow/example_dags/example_branch_python_dop_operator_3.py took 0.167 seconds
[2023-05-16T01:23:15.640+0000] {processor.py:153} INFO - Started process (PID=18461) to work on /home/airflow/.local/lib/python3.7/site-packages/airflow/example_dags/example_branch_python_dop_operator_3.py
[2023-05-16T01:23:15.643+0000] {processor.py:743} INFO - Processing file /home/airflow/.local/lib/python3.7/site-packages/airflow/example_dags/example_branch_python_dop_operator_3.py for tasks to queue
[2023-05-16T01:23:15.647+0000] {logging_mixin.py:137} INFO - [2023-05-16T01:23:15.646+0000] {dagbag.py:532} INFO - Filling up the DagBag from /home/airflow/.local/lib/python3.7/site-packages/airflow/example_dags/example_branch_python_dop_operator_3.py
[2023-05-16T01:23:15.693+0000] {processor.py:753} INFO - DAG(s) dict_keys(['example_branch_dop_operator_v3']) retrieved from /home/airflow/.local/lib/python3.7/site-packages/airflow/example_dags/example_branch_python_dop_operator_3.py
[2023-05-16T01:23:15.740+0000] {logging_mixin.py:137} INFO - [2023-05-16T01:23:15.740+0000] {dag.py:2705} INFO - Sync 1 DAGs
[2023-05-16T01:23:15.789+0000] {logging_mixin.py:137} INFO - [2023-05-16T01:23:15.789+0000] {dag.py:3456} INFO - Setting next_dagrun for example_branch_dop_operator_v3 to 2023-05-16T01:22:00+00:00, run_after=2023-05-16T01:23:00+00:00
[2023-05-16T01:23:15.818+0000] {processor.py:175} INFO - Processing /home/airflow/.local/lib/python3.7/site-packages/airflow/example_dags/example_branch_python_dop_operator_3.py took 0.190 seconds
[2023-05-16T01:23:46.299+0000] {processor.py:153} INFO - Started process (PID=18513) to work on /home/airflow/.local/lib/python3.7/site-packages/airflow/example_dags/example_branch_python_dop_operator_3.py
[2023-05-16T01:23:46.301+0000] {processor.py:743} INFO - Processing file /home/airflow/.local/lib/python3.7/site-packages/airflow/example_dags/example_branch_python_dop_operator_3.py for tasks to queue
[2023-05-16T01:23:46.303+0000] {logging_mixin.py:137} INFO - [2023-05-16T01:23:46.303+0000] {dagbag.py:532} INFO - Filling up the DagBag from /home/airflow/.local/lib/python3.7/site-packages/airflow/example_dags/example_branch_python_dop_operator_3.py
[2023-05-16T01:23:46.344+0000] {processor.py:753} INFO - DAG(s) dict_keys(['example_branch_dop_operator_v3']) retrieved from /home/airflow/.local/lib/python3.7/site-packages/airflow/example_dags/example_branch_python_dop_operator_3.py
[2023-05-16T01:23:46.397+0000] {logging_mixin.py:137} INFO - [2023-05-16T01:23:46.397+0000] {dag.py:2705} INFO - Sync 1 DAGs
[2023-05-16T01:23:46.446+0000] {logging_mixin.py:137} INFO - [2023-05-16T01:23:46.445+0000] {dag.py:3456} INFO - Setting next_dagrun for example_branch_dop_operator_v3 to 2023-05-16T01:22:00+00:00, run_after=2023-05-16T01:23:00+00:00
[2023-05-16T01:23:46.484+0000] {processor.py:175} INFO - Processing /home/airflow/.local/lib/python3.7/site-packages/airflow/example_dags/example_branch_python_dop_operator_3.py took 0.194 seconds
[2023-05-16T01:24:16.938+0000] {processor.py:153} INFO - Started process (PID=18565) to work on /home/airflow/.local/lib/python3.7/site-packages/airflow/example_dags/example_branch_python_dop_operator_3.py
[2023-05-16T01:24:16.941+0000] {processor.py:743} INFO - Processing file /home/airflow/.local/lib/python3.7/site-packages/airflow/example_dags/example_branch_python_dop_operator_3.py for tasks to queue
[2023-05-16T01:24:16.944+0000] {logging_mixin.py:137} INFO - [2023-05-16T01:24:16.943+0000] {dagbag.py:532} INFO - Filling up the DagBag from /home/airflow/.local/lib/python3.7/site-packages/airflow/example_dags/example_branch_python_dop_operator_3.py
[2023-05-16T01:24:16.985+0000] {processor.py:753} INFO - DAG(s) dict_keys(['example_branch_dop_operator_v3']) retrieved from /home/airflow/.local/lib/python3.7/site-packages/airflow/example_dags/example_branch_python_dop_operator_3.py
[2023-05-16T01:24:17.033+0000] {logging_mixin.py:137} INFO - [2023-05-16T01:24:17.031+0000] {dag.py:2705} INFO - Sync 1 DAGs
[2023-05-16T01:24:17.098+0000] {logging_mixin.py:137} INFO - [2023-05-16T01:24:17.098+0000] {dag.py:3456} INFO - Setting next_dagrun for example_branch_dop_operator_v3 to 2023-05-16T01:23:00+00:00, run_after=2023-05-16T01:24:00+00:00
[2023-05-16T01:24:17.129+0000] {processor.py:175} INFO - Processing /home/airflow/.local/lib/python3.7/site-packages/airflow/example_dags/example_branch_python_dop_operator_3.py took 0.201 seconds
[2023-05-16T01:24:47.743+0000] {processor.py:153} INFO - Started process (PID=18617) to work on /home/airflow/.local/lib/python3.7/site-packages/airflow/example_dags/example_branch_python_dop_operator_3.py
[2023-05-16T01:24:47.745+0000] {processor.py:743} INFO - Processing file /home/airflow/.local/lib/python3.7/site-packages/airflow/example_dags/example_branch_python_dop_operator_3.py for tasks to queue
[2023-05-16T01:24:47.747+0000] {logging_mixin.py:137} INFO - [2023-05-16T01:24:47.746+0000] {dagbag.py:532} INFO - Filling up the DagBag from /home/airflow/.local/lib/python3.7/site-packages/airflow/example_dags/example_branch_python_dop_operator_3.py
[2023-05-16T01:24:47.822+0000] {processor.py:753} INFO - DAG(s) dict_keys(['example_branch_dop_operator_v3']) retrieved from /home/airflow/.local/lib/python3.7/site-packages/airflow/example_dags/example_branch_python_dop_operator_3.py
[2023-05-16T01:24:47.940+0000] {logging_mixin.py:137} INFO - [2023-05-16T01:24:47.940+0000] {dag.py:2705} INFO - Sync 1 DAGs
[2023-05-16T01:24:48.056+0000] {logging_mixin.py:137} INFO - [2023-05-16T01:24:48.056+0000] {dag.py:3456} INFO - Setting next_dagrun for example_branch_dop_operator_v3 to 2023-05-16T01:23:00+00:00, run_after=2023-05-16T01:24:00+00:00
[2023-05-16T01:24:48.110+0000] {processor.py:175} INFO - Processing /home/airflow/.local/lib/python3.7/site-packages/airflow/example_dags/example_branch_python_dop_operator_3.py took 0.385 seconds
[2023-05-16T01:25:19.035+0000] {processor.py:153} INFO - Started process (PID=18676) to work on /home/airflow/.local/lib/python3.7/site-packages/airflow/example_dags/example_branch_python_dop_operator_3.py
[2023-05-16T01:25:19.038+0000] {processor.py:743} INFO - Processing file /home/airflow/.local/lib/python3.7/site-packages/airflow/example_dags/example_branch_python_dop_operator_3.py for tasks to queue
[2023-05-16T01:25:19.041+0000] {logging_mixin.py:137} INFO - [2023-05-16T01:25:19.041+0000] {dagbag.py:532} INFO - Filling up the DagBag from /home/airflow/.local/lib/python3.7/site-packages/airflow/example_dags/example_branch_python_dop_operator_3.py
[2023-05-16T01:25:19.104+0000] {processor.py:753} INFO - DAG(s) dict_keys(['example_branch_dop_operator_v3']) retrieved from /home/airflow/.local/lib/python3.7/site-packages/airflow/example_dags/example_branch_python_dop_operator_3.py
[2023-05-16T01:25:19.153+0000] {logging_mixin.py:137} INFO - [2023-05-16T01:25:19.153+0000] {dag.py:2705} INFO - Sync 1 DAGs
[2023-05-16T01:25:19.195+0000] {logging_mixin.py:137} INFO - [2023-05-16T01:25:19.195+0000] {dag.py:3456} INFO - Setting next_dagrun for example_branch_dop_operator_v3 to 2023-05-16T01:24:00+00:00, run_after=2023-05-16T01:25:00+00:00
[2023-05-16T01:25:19.225+0000] {processor.py:175} INFO - Processing /home/airflow/.local/lib/python3.7/site-packages/airflow/example_dags/example_branch_python_dop_operator_3.py took 0.203 seconds
[2023-05-16T01:25:50.176+0000] {processor.py:153} INFO - Started process (PID=18728) to work on /home/airflow/.local/lib/python3.7/site-packages/airflow/example_dags/example_branch_python_dop_operator_3.py
[2023-05-16T01:25:50.184+0000] {processor.py:743} INFO - Processing file /home/airflow/.local/lib/python3.7/site-packages/airflow/example_dags/example_branch_python_dop_operator_3.py for tasks to queue
[2023-05-16T01:25:50.187+0000] {logging_mixin.py:137} INFO - [2023-05-16T01:25:50.187+0000] {dagbag.py:532} INFO - Filling up the DagBag from /home/airflow/.local/lib/python3.7/site-packages/airflow/example_dags/example_branch_python_dop_operator_3.py
[2023-05-16T01:25:50.295+0000] {processor.py:753} INFO - DAG(s) dict_keys(['example_branch_dop_operator_v3']) retrieved from /home/airflow/.local/lib/python3.7/site-packages/airflow/example_dags/example_branch_python_dop_operator_3.py
[2023-05-16T01:25:50.388+0000] {logging_mixin.py:137} INFO - [2023-05-16T01:25:50.388+0000] {dag.py:2705} INFO - Sync 1 DAGs
[2023-05-16T01:25:50.461+0000] {logging_mixin.py:137} INFO - [2023-05-16T01:25:50.460+0000] {dag.py:3456} INFO - Setting next_dagrun for example_branch_dop_operator_v3 to 2023-05-16T01:24:00+00:00, run_after=2023-05-16T01:25:00+00:00
[2023-05-16T01:25:50.506+0000] {processor.py:175} INFO - Processing /home/airflow/.local/lib/python3.7/site-packages/airflow/example_dags/example_branch_python_dop_operator_3.py took 0.343 seconds
[2023-05-16T01:26:20.675+0000] {processor.py:153} INFO - Started process (PID=18780) to work on /home/airflow/.local/lib/python3.7/site-packages/airflow/example_dags/example_branch_python_dop_operator_3.py
[2023-05-16T01:26:20.685+0000] {processor.py:743} INFO - Processing file /home/airflow/.local/lib/python3.7/site-packages/airflow/example_dags/example_branch_python_dop_operator_3.py for tasks to queue
[2023-05-16T01:26:20.687+0000] {logging_mixin.py:137} INFO - [2023-05-16T01:26:20.687+0000] {dagbag.py:532} INFO - Filling up the DagBag from /home/airflow/.local/lib/python3.7/site-packages/airflow/example_dags/example_branch_python_dop_operator_3.py
[2023-05-16T01:26:20.771+0000] {processor.py:753} INFO - DAG(s) dict_keys(['example_branch_dop_operator_v3']) retrieved from /home/airflow/.local/lib/python3.7/site-packages/airflow/example_dags/example_branch_python_dop_operator_3.py
[2023-05-16T01:26:20.852+0000] {logging_mixin.py:137} INFO - [2023-05-16T01:26:20.852+0000] {dag.py:2705} INFO - Sync 1 DAGs
[2023-05-16T01:26:20.908+0000] {logging_mixin.py:137} INFO - [2023-05-16T01:26:20.908+0000] {dag.py:3456} INFO - Setting next_dagrun for example_branch_dop_operator_v3 to 2023-05-16T01:25:00+00:00, run_after=2023-05-16T01:26:00+00:00
[2023-05-16T01:26:20.936+0000] {processor.py:175} INFO - Processing /home/airflow/.local/lib/python3.7/site-packages/airflow/example_dags/example_branch_python_dop_operator_3.py took 0.273 seconds
[2023-05-16T01:26:51.727+0000] {processor.py:153} INFO - Started process (PID=18832) to work on /home/airflow/.local/lib/python3.7/site-packages/airflow/example_dags/example_branch_python_dop_operator_3.py
[2023-05-16T01:26:51.729+0000] {processor.py:743} INFO - Processing file /home/airflow/.local/lib/python3.7/site-packages/airflow/example_dags/example_branch_python_dop_operator_3.py for tasks to queue
[2023-05-16T01:26:51.732+0000] {logging_mixin.py:137} INFO - [2023-05-16T01:26:51.731+0000] {dagbag.py:532} INFO - Filling up the DagBag from /home/airflow/.local/lib/python3.7/site-packages/airflow/example_dags/example_branch_python_dop_operator_3.py
[2023-05-16T01:26:51.811+0000] {processor.py:753} INFO - DAG(s) dict_keys(['example_branch_dop_operator_v3']) retrieved from /home/airflow/.local/lib/python3.7/site-packages/airflow/example_dags/example_branch_python_dop_operator_3.py
[2023-05-16T01:26:51.868+0000] {logging_mixin.py:137} INFO - [2023-05-16T01:26:51.867+0000] {dag.py:2705} INFO - Sync 1 DAGs
[2023-05-16T01:26:51.911+0000] {logging_mixin.py:137} INFO - [2023-05-16T01:26:51.911+0000] {dag.py:3456} INFO - Setting next_dagrun for example_branch_dop_operator_v3 to 2023-05-16T01:25:00+00:00, run_after=2023-05-16T01:26:00+00:00
[2023-05-16T01:26:51.955+0000] {processor.py:175} INFO - Processing /home/airflow/.local/lib/python3.7/site-packages/airflow/example_dags/example_branch_python_dop_operator_3.py took 0.235 seconds
[2023-05-16T01:27:22.361+0000] {processor.py:153} INFO - Started process (PID=18884) to work on /home/airflow/.local/lib/python3.7/site-packages/airflow/example_dags/example_branch_python_dop_operator_3.py
[2023-05-16T01:27:22.368+0000] {processor.py:743} INFO - Processing file /home/airflow/.local/lib/python3.7/site-packages/airflow/example_dags/example_branch_python_dop_operator_3.py for tasks to queue
[2023-05-16T01:27:22.370+0000] {logging_mixin.py:137} INFO - [2023-05-16T01:27:22.369+0000] {dagbag.py:532} INFO - Filling up the DagBag from /home/airflow/.local/lib/python3.7/site-packages/airflow/example_dags/example_branch_python_dop_operator_3.py
[2023-05-16T01:27:22.408+0000] {processor.py:753} INFO - DAG(s) dict_keys(['example_branch_dop_operator_v3']) retrieved from /home/airflow/.local/lib/python3.7/site-packages/airflow/example_dags/example_branch_python_dop_operator_3.py
[2023-05-16T01:27:22.452+0000] {logging_mixin.py:137} INFO - [2023-05-16T01:27:22.452+0000] {dag.py:2705} INFO - Sync 1 DAGs
[2023-05-16T01:27:22.497+0000] {logging_mixin.py:137} INFO - [2023-05-16T01:27:22.497+0000] {dag.py:3456} INFO - Setting next_dagrun for example_branch_dop_operator_v3 to 2023-05-16T01:26:00+00:00, run_after=2023-05-16T01:27:00+00:00
[2023-05-16T01:27:22.526+0000] {processor.py:175} INFO - Processing /home/airflow/.local/lib/python3.7/site-packages/airflow/example_dags/example_branch_python_dop_operator_3.py took 0.169 seconds
[2023-05-16T01:27:53.392+0000] {processor.py:153} INFO - Started process (PID=18936) to work on /home/airflow/.local/lib/python3.7/site-packages/airflow/example_dags/example_branch_python_dop_operator_3.py
[2023-05-16T01:27:53.395+0000] {processor.py:743} INFO - Processing file /home/airflow/.local/lib/python3.7/site-packages/airflow/example_dags/example_branch_python_dop_operator_3.py for tasks to queue
[2023-05-16T01:27:53.398+0000] {logging_mixin.py:137} INFO - [2023-05-16T01:27:53.398+0000] {dagbag.py:532} INFO - Filling up the DagBag from /home/airflow/.local/lib/python3.7/site-packages/airflow/example_dags/example_branch_python_dop_operator_3.py
[2023-05-16T01:27:53.439+0000] {processor.py:753} INFO - DAG(s) dict_keys(['example_branch_dop_operator_v3']) retrieved from /home/airflow/.local/lib/python3.7/site-packages/airflow/example_dags/example_branch_python_dop_operator_3.py
[2023-05-16T01:27:53.500+0000] {logging_mixin.py:137} INFO - [2023-05-16T01:27:53.500+0000] {dag.py:2705} INFO - Sync 1 DAGs
[2023-05-16T01:27:53.545+0000] {logging_mixin.py:137} INFO - [2023-05-16T01:27:53.545+0000] {dag.py:3456} INFO - Setting next_dagrun for example_branch_dop_operator_v3 to 2023-05-16T01:26:00+00:00, run_after=2023-05-16T01:27:00+00:00
[2023-05-16T01:27:53.574+0000] {processor.py:175} INFO - Processing /home/airflow/.local/lib/python3.7/site-packages/airflow/example_dags/example_branch_python_dop_operator_3.py took 0.191 seconds
[2023-05-16T01:28:23.887+0000] {processor.py:153} INFO - Started process (PID=18988) to work on /home/airflow/.local/lib/python3.7/site-packages/airflow/example_dags/example_branch_python_dop_operator_3.py
[2023-05-16T01:28:23.890+0000] {processor.py:743} INFO - Processing file /home/airflow/.local/lib/python3.7/site-packages/airflow/example_dags/example_branch_python_dop_operator_3.py for tasks to queue
[2023-05-16T01:28:23.893+0000] {logging_mixin.py:137} INFO - [2023-05-16T01:28:23.893+0000] {dagbag.py:532} INFO - Filling up the DagBag from /home/airflow/.local/lib/python3.7/site-packages/airflow/example_dags/example_branch_python_dop_operator_3.py
[2023-05-16T01:28:23.935+0000] {processor.py:753} INFO - DAG(s) dict_keys(['example_branch_dop_operator_v3']) retrieved from /home/airflow/.local/lib/python3.7/site-packages/airflow/example_dags/example_branch_python_dop_operator_3.py
[2023-05-16T01:28:23.978+0000] {logging_mixin.py:137} INFO - [2023-05-16T01:28:23.978+0000] {dag.py:2705} INFO - Sync 1 DAGs
[2023-05-16T01:28:24.031+0000] {logging_mixin.py:137} INFO - [2023-05-16T01:28:24.031+0000] {dag.py:3456} INFO - Setting next_dagrun for example_branch_dop_operator_v3 to 2023-05-16T01:27:00+00:00, run_after=2023-05-16T01:28:00+00:00
[2023-05-16T01:28:24.068+0000] {processor.py:175} INFO - Processing /home/airflow/.local/lib/python3.7/site-packages/airflow/example_dags/example_branch_python_dop_operator_3.py took 0.190 seconds
[2023-05-16T01:28:54.139+0000] {processor.py:153} INFO - Started process (PID=19039) to work on /home/airflow/.local/lib/python3.7/site-packages/airflow/example_dags/example_branch_python_dop_operator_3.py
[2023-05-16T01:28:54.141+0000] {processor.py:743} INFO - Processing file /home/airflow/.local/lib/python3.7/site-packages/airflow/example_dags/example_branch_python_dop_operator_3.py for tasks to queue
[2023-05-16T01:28:54.143+0000] {logging_mixin.py:137} INFO - [2023-05-16T01:28:54.143+0000] {dagbag.py:532} INFO - Filling up the DagBag from /home/airflow/.local/lib/python3.7/site-packages/airflow/example_dags/example_branch_python_dop_operator_3.py
[2023-05-16T01:28:54.172+0000] {processor.py:753} INFO - DAG(s) dict_keys(['example_branch_dop_operator_v3']) retrieved from /home/airflow/.local/lib/python3.7/site-packages/airflow/example_dags/example_branch_python_dop_operator_3.py
[2023-05-16T01:28:54.206+0000] {logging_mixin.py:137} INFO - [2023-05-16T01:28:54.206+0000] {dag.py:2705} INFO - Sync 1 DAGs
[2023-05-16T01:28:54.239+0000] {logging_mixin.py:137} INFO - [2023-05-16T01:28:54.239+0000] {dag.py:3456} INFO - Setting next_dagrun for example_branch_dop_operator_v3 to 2023-05-16T01:27:00+00:00, run_after=2023-05-16T01:28:00+00:00
[2023-05-16T01:28:54.262+0000] {processor.py:175} INFO - Processing /home/airflow/.local/lib/python3.7/site-packages/airflow/example_dags/example_branch_python_dop_operator_3.py took 0.129 seconds
[2023-05-16T01:29:24.795+0000] {processor.py:153} INFO - Started process (PID=19091) to work on /home/airflow/.local/lib/python3.7/site-packages/airflow/example_dags/example_branch_python_dop_operator_3.py
[2023-05-16T01:29:24.798+0000] {processor.py:743} INFO - Processing file /home/airflow/.local/lib/python3.7/site-packages/airflow/example_dags/example_branch_python_dop_operator_3.py for tasks to queue
[2023-05-16T01:29:24.803+0000] {logging_mixin.py:137} INFO - [2023-05-16T01:29:24.802+0000] {dagbag.py:532} INFO - Filling up the DagBag from /home/airflow/.local/lib/python3.7/site-packages/airflow/example_dags/example_branch_python_dop_operator_3.py
[2023-05-16T01:29:24.850+0000] {processor.py:753} INFO - DAG(s) dict_keys(['example_branch_dop_operator_v3']) retrieved from /home/airflow/.local/lib/python3.7/site-packages/airflow/example_dags/example_branch_python_dop_operator_3.py
[2023-05-16T01:29:24.896+0000] {logging_mixin.py:137} INFO - [2023-05-16T01:29:24.895+0000] {dag.py:2705} INFO - Sync 1 DAGs
[2023-05-16T01:29:24.945+0000] {logging_mixin.py:137} INFO - [2023-05-16T01:29:24.945+0000] {dag.py:3456} INFO - Setting next_dagrun for example_branch_dop_operator_v3 to 2023-05-16T01:28:00+00:00, run_after=2023-05-16T01:29:00+00:00
[2023-05-16T01:29:24.982+0000] {processor.py:175} INFO - Processing /home/airflow/.local/lib/python3.7/site-packages/airflow/example_dags/example_branch_python_dop_operator_3.py took 0.198 seconds
[2023-05-16T01:29:55.616+0000] {processor.py:153} INFO - Started process (PID=19143) to work on /home/airflow/.local/lib/python3.7/site-packages/airflow/example_dags/example_branch_python_dop_operator_3.py
[2023-05-16T01:29:55.621+0000] {processor.py:743} INFO - Processing file /home/airflow/.local/lib/python3.7/site-packages/airflow/example_dags/example_branch_python_dop_operator_3.py for tasks to queue
[2023-05-16T01:29:55.633+0000] {logging_mixin.py:137} INFO - [2023-05-16T01:29:55.625+0000] {dagbag.py:532} INFO - Filling up the DagBag from /home/airflow/.local/lib/python3.7/site-packages/airflow/example_dags/example_branch_python_dop_operator_3.py
[2023-05-16T01:29:55.725+0000] {processor.py:753} INFO - DAG(s) dict_keys(['example_branch_dop_operator_v3']) retrieved from /home/airflow/.local/lib/python3.7/site-packages/airflow/example_dags/example_branch_python_dop_operator_3.py
[2023-05-16T01:29:55.832+0000] {logging_mixin.py:137} INFO - [2023-05-16T01:29:55.832+0000] {dag.py:2705} INFO - Sync 1 DAGs
[2023-05-16T01:29:55.913+0000] {logging_mixin.py:137} INFO - [2023-05-16T01:29:55.913+0000] {dag.py:3456} INFO - Setting next_dagrun for example_branch_dop_operator_v3 to 2023-05-16T01:28:00+00:00, run_after=2023-05-16T01:29:00+00:00
[2023-05-16T01:29:55.979+0000] {processor.py:175} INFO - Processing /home/airflow/.local/lib/python3.7/site-packages/airflow/example_dags/example_branch_python_dop_operator_3.py took 0.377 seconds
[2023-05-16T01:30:26.653+0000] {processor.py:153} INFO - Started process (PID=19195) to work on /home/airflow/.local/lib/python3.7/site-packages/airflow/example_dags/example_branch_python_dop_operator_3.py
[2023-05-16T01:30:26.657+0000] {processor.py:743} INFO - Processing file /home/airflow/.local/lib/python3.7/site-packages/airflow/example_dags/example_branch_python_dop_operator_3.py for tasks to queue
[2023-05-16T01:30:26.662+0000] {logging_mixin.py:137} INFO - [2023-05-16T01:30:26.661+0000] {dagbag.py:532} INFO - Filling up the DagBag from /home/airflow/.local/lib/python3.7/site-packages/airflow/example_dags/example_branch_python_dop_operator_3.py
[2023-05-16T01:30:26.747+0000] {processor.py:753} INFO - DAG(s) dict_keys(['example_branch_dop_operator_v3']) retrieved from /home/airflow/.local/lib/python3.7/site-packages/airflow/example_dags/example_branch_python_dop_operator_3.py
[2023-05-16T01:30:26.810+0000] {logging_mixin.py:137} INFO - [2023-05-16T01:30:26.810+0000] {dag.py:2705} INFO - Sync 1 DAGs
[2023-05-16T01:30:26.902+0000] {logging_mixin.py:137} INFO - [2023-05-16T01:30:26.902+0000] {dag.py:3456} INFO - Setting next_dagrun for example_branch_dop_operator_v3 to 2023-05-16T01:29:00+00:00, run_after=2023-05-16T01:30:00+00:00
[2023-05-16T01:30:26.962+0000] {processor.py:175} INFO - Processing /home/airflow/.local/lib/python3.7/site-packages/airflow/example_dags/example_branch_python_dop_operator_3.py took 0.337 seconds
[2023-05-16T01:30:57.032+0000] {processor.py:153} INFO - Started process (PID=19246) to work on /home/airflow/.local/lib/python3.7/site-packages/airflow/example_dags/example_branch_python_dop_operator_3.py
[2023-05-16T01:30:57.038+0000] {processor.py:743} INFO - Processing file /home/airflow/.local/lib/python3.7/site-packages/airflow/example_dags/example_branch_python_dop_operator_3.py for tasks to queue
[2023-05-16T01:30:57.043+0000] {logging_mixin.py:137} INFO - [2023-05-16T01:30:57.043+0000] {dagbag.py:532} INFO - Filling up the DagBag from /home/airflow/.local/lib/python3.7/site-packages/airflow/example_dags/example_branch_python_dop_operator_3.py
[2023-05-16T01:30:57.082+0000] {processor.py:753} INFO - DAG(s) dict_keys(['example_branch_dop_operator_v3']) retrieved from /home/airflow/.local/lib/python3.7/site-packages/airflow/example_dags/example_branch_python_dop_operator_3.py
[2023-05-16T01:30:57.124+0000] {logging_mixin.py:137} INFO - [2023-05-16T01:30:57.123+0000] {dag.py:2705} INFO - Sync 1 DAGs
[2023-05-16T01:30:57.166+0000] {logging_mixin.py:137} INFO - [2023-05-16T01:30:57.166+0000] {dag.py:3456} INFO - Setting next_dagrun for example_branch_dop_operator_v3 to 2023-05-16T01:29:00+00:00, run_after=2023-05-16T01:30:00+00:00
[2023-05-16T01:30:57.193+0000] {processor.py:175} INFO - Processing /home/airflow/.local/lib/python3.7/site-packages/airflow/example_dags/example_branch_python_dop_operator_3.py took 0.167 seconds
[2023-05-16T01:31:27.363+0000] {processor.py:153} INFO - Started process (PID=19298) to work on /home/airflow/.local/lib/python3.7/site-packages/airflow/example_dags/example_branch_python_dop_operator_3.py
[2023-05-16T01:31:27.365+0000] {processor.py:743} INFO - Processing file /home/airflow/.local/lib/python3.7/site-packages/airflow/example_dags/example_branch_python_dop_operator_3.py for tasks to queue
[2023-05-16T01:31:27.368+0000] {logging_mixin.py:137} INFO - [2023-05-16T01:31:27.368+0000] {dagbag.py:532} INFO - Filling up the DagBag from /home/airflow/.local/lib/python3.7/site-packages/airflow/example_dags/example_branch_python_dop_operator_3.py
[2023-05-16T01:31:27.409+0000] {processor.py:753} INFO - DAG(s) dict_keys(['example_branch_dop_operator_v3']) retrieved from /home/airflow/.local/lib/python3.7/site-packages/airflow/example_dags/example_branch_python_dop_operator_3.py
[2023-05-16T01:31:27.462+0000] {logging_mixin.py:137} INFO - [2023-05-16T01:31:27.462+0000] {dag.py:2705} INFO - Sync 1 DAGs
[2023-05-16T01:31:27.539+0000] {logging_mixin.py:137} INFO - [2023-05-16T01:31:27.539+0000] {dag.py:3456} INFO - Setting next_dagrun for example_branch_dop_operator_v3 to 2023-05-16T01:30:00+00:00, run_after=2023-05-16T01:31:00+00:00
[2023-05-16T01:31:27.592+0000] {processor.py:175} INFO - Processing /home/airflow/.local/lib/python3.7/site-packages/airflow/example_dags/example_branch_python_dop_operator_3.py took 0.236 seconds
[2023-05-16T01:31:58.469+0000] {processor.py:153} INFO - Started process (PID=19351) to work on /home/airflow/.local/lib/python3.7/site-packages/airflow/example_dags/example_branch_python_dop_operator_3.py
[2023-05-16T01:31:58.471+0000] {processor.py:743} INFO - Processing file /home/airflow/.local/lib/python3.7/site-packages/airflow/example_dags/example_branch_python_dop_operator_3.py for tasks to queue
[2023-05-16T01:31:58.473+0000] {logging_mixin.py:137} INFO - [2023-05-16T01:31:58.473+0000] {dagbag.py:532} INFO - Filling up the DagBag from /home/airflow/.local/lib/python3.7/site-packages/airflow/example_dags/example_branch_python_dop_operator_3.py
[2023-05-16T01:31:58.513+0000] {processor.py:753} INFO - DAG(s) dict_keys(['example_branch_dop_operator_v3']) retrieved from /home/airflow/.local/lib/python3.7/site-packages/airflow/example_dags/example_branch_python_dop_operator_3.py
[2023-05-16T01:31:58.578+0000] {logging_mixin.py:137} INFO - [2023-05-16T01:31:58.578+0000] {dag.py:2705} INFO - Sync 1 DAGs
[2023-05-16T01:31:58.723+0000] {logging_mixin.py:137} INFO - [2023-05-16T01:31:58.723+0000] {dag.py:3456} INFO - Setting next_dagrun for example_branch_dop_operator_v3 to 2023-05-16T01:30:00+00:00, run_after=2023-05-16T01:31:00+00:00
[2023-05-16T01:31:58.760+0000] {processor.py:175} INFO - Processing /home/airflow/.local/lib/python3.7/site-packages/airflow/example_dags/example_branch_python_dop_operator_3.py took 0.297 seconds
[2023-05-16T01:32:28.819+0000] {processor.py:153} INFO - Started process (PID=19402) to work on /home/airflow/.local/lib/python3.7/site-packages/airflow/example_dags/example_branch_python_dop_operator_3.py
[2023-05-16T01:32:28.822+0000] {processor.py:743} INFO - Processing file /home/airflow/.local/lib/python3.7/site-packages/airflow/example_dags/example_branch_python_dop_operator_3.py for tasks to queue
[2023-05-16T01:32:28.824+0000] {logging_mixin.py:137} INFO - [2023-05-16T01:32:28.824+0000] {dagbag.py:532} INFO - Filling up the DagBag from /home/airflow/.local/lib/python3.7/site-packages/airflow/example_dags/example_branch_python_dop_operator_3.py
[2023-05-16T01:32:28.865+0000] {processor.py:753} INFO - DAG(s) dict_keys(['example_branch_dop_operator_v3']) retrieved from /home/airflow/.local/lib/python3.7/site-packages/airflow/example_dags/example_branch_python_dop_operator_3.py
[2023-05-16T01:32:28.910+0000] {logging_mixin.py:137} INFO - [2023-05-16T01:32:28.910+0000] {dag.py:2705} INFO - Sync 1 DAGs
[2023-05-16T01:32:28.951+0000] {logging_mixin.py:137} INFO - [2023-05-16T01:32:28.951+0000] {dag.py:3456} INFO - Setting next_dagrun for example_branch_dop_operator_v3 to 2023-05-16T01:31:00+00:00, run_after=2023-05-16T01:32:00+00:00
[2023-05-16T01:32:28.977+0000] {processor.py:175} INFO - Processing /home/airflow/.local/lib/python3.7/site-packages/airflow/example_dags/example_branch_python_dop_operator_3.py took 0.164 seconds
[2023-05-16T01:32:59.108+0000] {processor.py:153} INFO - Started process (PID=19453) to work on /home/airflow/.local/lib/python3.7/site-packages/airflow/example_dags/example_branch_python_dop_operator_3.py
[2023-05-16T01:32:59.110+0000] {processor.py:743} INFO - Processing file /home/airflow/.local/lib/python3.7/site-packages/airflow/example_dags/example_branch_python_dop_operator_3.py for tasks to queue
[2023-05-16T01:32:59.112+0000] {logging_mixin.py:137} INFO - [2023-05-16T01:32:59.112+0000] {dagbag.py:532} INFO - Filling up the DagBag from /home/airflow/.local/lib/python3.7/site-packages/airflow/example_dags/example_branch_python_dop_operator_3.py
[2023-05-16T01:32:59.148+0000] {processor.py:753} INFO - DAG(s) dict_keys(['example_branch_dop_operator_v3']) retrieved from /home/airflow/.local/lib/python3.7/site-packages/airflow/example_dags/example_branch_python_dop_operator_3.py
[2023-05-16T01:32:59.193+0000] {logging_mixin.py:137} INFO - [2023-05-16T01:32:59.193+0000] {dag.py:2705} INFO - Sync 1 DAGs
[2023-05-16T01:32:59.237+0000] {logging_mixin.py:137} INFO - [2023-05-16T01:32:59.237+0000] {dag.py:3456} INFO - Setting next_dagrun for example_branch_dop_operator_v3 to 2023-05-16T01:31:00+00:00, run_after=2023-05-16T01:32:00+00:00
[2023-05-16T01:32:59.269+0000] {processor.py:175} INFO - Processing /home/airflow/.local/lib/python3.7/site-packages/airflow/example_dags/example_branch_python_dop_operator_3.py took 0.169 seconds
[2023-05-16T01:33:29.707+0000] {processor.py:153} INFO - Started process (PID=19506) to work on /home/airflow/.local/lib/python3.7/site-packages/airflow/example_dags/example_branch_python_dop_operator_3.py
[2023-05-16T01:33:29.729+0000] {processor.py:743} INFO - Processing file /home/airflow/.local/lib/python3.7/site-packages/airflow/example_dags/example_branch_python_dop_operator_3.py for tasks to queue
[2023-05-16T01:33:29.733+0000] {logging_mixin.py:137} INFO - [2023-05-16T01:33:29.732+0000] {dagbag.py:532} INFO - Filling up the DagBag from /home/airflow/.local/lib/python3.7/site-packages/airflow/example_dags/example_branch_python_dop_operator_3.py
[2023-05-16T01:33:29.832+0000] {processor.py:753} INFO - DAG(s) dict_keys(['example_branch_dop_operator_v3']) retrieved from /home/airflow/.local/lib/python3.7/site-packages/airflow/example_dags/example_branch_python_dop_operator_3.py
[2023-05-16T01:33:29.904+0000] {logging_mixin.py:137} INFO - [2023-05-16T01:33:29.904+0000] {dag.py:2705} INFO - Sync 1 DAGs
[2023-05-16T01:33:29.959+0000] {logging_mixin.py:137} INFO - [2023-05-16T01:33:29.959+0000] {dag.py:3456} INFO - Setting next_dagrun for example_branch_dop_operator_v3 to 2023-05-16T01:32:00+00:00, run_after=2023-05-16T01:33:00+00:00
[2023-05-16T01:33:30.022+0000] {processor.py:175} INFO - Processing /home/airflow/.local/lib/python3.7/site-packages/airflow/example_dags/example_branch_python_dop_operator_3.py took 0.321 seconds
[2023-05-16T01:34:00.258+0000] {processor.py:153} INFO - Started process (PID=19557) to work on /home/airflow/.local/lib/python3.7/site-packages/airflow/example_dags/example_branch_python_dop_operator_3.py
[2023-05-16T01:34:00.264+0000] {processor.py:743} INFO - Processing file /home/airflow/.local/lib/python3.7/site-packages/airflow/example_dags/example_branch_python_dop_operator_3.py for tasks to queue
[2023-05-16T01:34:00.267+0000] {logging_mixin.py:137} INFO - [2023-05-16T01:34:00.266+0000] {dagbag.py:532} INFO - Filling up the DagBag from /home/airflow/.local/lib/python3.7/site-packages/airflow/example_dags/example_branch_python_dop_operator_3.py
[2023-05-16T01:34:00.306+0000] {processor.py:753} INFO - DAG(s) dict_keys(['example_branch_dop_operator_v3']) retrieved from /home/airflow/.local/lib/python3.7/site-packages/airflow/example_dags/example_branch_python_dop_operator_3.py
[2023-05-16T01:34:00.347+0000] {logging_mixin.py:137} INFO - [2023-05-16T01:34:00.347+0000] {dag.py:2705} INFO - Sync 1 DAGs
[2023-05-16T01:34:00.398+0000] {logging_mixin.py:137} INFO - [2023-05-16T01:34:00.398+0000] {dag.py:3456} INFO - Setting next_dagrun for example_branch_dop_operator_v3 to 2023-05-16T01:33:00+00:00, run_after=2023-05-16T01:34:00+00:00
[2023-05-16T01:34:00.434+0000] {processor.py:175} INFO - Processing /home/airflow/.local/lib/python3.7/site-packages/airflow/example_dags/example_branch_python_dop_operator_3.py took 0.183 seconds
[2023-05-16T01:34:30.906+0000] {processor.py:153} INFO - Started process (PID=19608) to work on /home/airflow/.local/lib/python3.7/site-packages/airflow/example_dags/example_branch_python_dop_operator_3.py
[2023-05-16T01:34:30.908+0000] {processor.py:743} INFO - Processing file /home/airflow/.local/lib/python3.7/site-packages/airflow/example_dags/example_branch_python_dop_operator_3.py for tasks to queue
[2023-05-16T01:34:30.917+0000] {logging_mixin.py:137} INFO - [2023-05-16T01:34:30.916+0000] {dagbag.py:532} INFO - Filling up the DagBag from /home/airflow/.local/lib/python3.7/site-packages/airflow/example_dags/example_branch_python_dop_operator_3.py
[2023-05-16T01:34:30.976+0000] {processor.py:753} INFO - DAG(s) dict_keys(['example_branch_dop_operator_v3']) retrieved from /home/airflow/.local/lib/python3.7/site-packages/airflow/example_dags/example_branch_python_dop_operator_3.py
[2023-05-16T01:34:31.028+0000] {logging_mixin.py:137} INFO - [2023-05-16T01:34:31.028+0000] {dag.py:2705} INFO - Sync 1 DAGs
[2023-05-16T01:34:31.076+0000] {logging_mixin.py:137} INFO - [2023-05-16T01:34:31.076+0000] {dag.py:3456} INFO - Setting next_dagrun for example_branch_dop_operator_v3 to 2023-05-16T01:33:00+00:00, run_after=2023-05-16T01:34:00+00:00
[2023-05-16T01:34:31.106+0000] {processor.py:175} INFO - Processing /home/airflow/.local/lib/python3.7/site-packages/airflow/example_dags/example_branch_python_dop_operator_3.py took 0.211 seconds
[2023-05-16T01:35:01.884+0000] {processor.py:153} INFO - Started process (PID=19661) to work on /home/airflow/.local/lib/python3.7/site-packages/airflow/example_dags/example_branch_python_dop_operator_3.py
[2023-05-16T01:35:01.895+0000] {processor.py:743} INFO - Processing file /home/airflow/.local/lib/python3.7/site-packages/airflow/example_dags/example_branch_python_dop_operator_3.py for tasks to queue
[2023-05-16T01:35:01.900+0000] {logging_mixin.py:137} INFO - [2023-05-16T01:35:01.900+0000] {dagbag.py:532} INFO - Filling up the DagBag from /home/airflow/.local/lib/python3.7/site-packages/airflow/example_dags/example_branch_python_dop_operator_3.py
[2023-05-16T01:35:01.943+0000] {processor.py:753} INFO - DAG(s) dict_keys(['example_branch_dop_operator_v3']) retrieved from /home/airflow/.local/lib/python3.7/site-packages/airflow/example_dags/example_branch_python_dop_operator_3.py
[2023-05-16T01:35:01.994+0000] {logging_mixin.py:137} INFO - [2023-05-16T01:35:01.993+0000] {dag.py:2705} INFO - Sync 1 DAGs
[2023-05-16T01:35:02.056+0000] {logging_mixin.py:137} INFO - [2023-05-16T01:35:02.056+0000] {dag.py:3456} INFO - Setting next_dagrun for example_branch_dop_operator_v3 to 2023-05-16T01:34:00+00:00, run_after=2023-05-16T01:35:00+00:00
[2023-05-16T01:35:02.103+0000] {processor.py:175} INFO - Processing /home/airflow/.local/lib/python3.7/site-packages/airflow/example_dags/example_branch_python_dop_operator_3.py took 0.225 seconds
[2023-05-16T01:35:32.204+0000] {processor.py:153} INFO - Started process (PID=19711) to work on /home/airflow/.local/lib/python3.7/site-packages/airflow/example_dags/example_branch_python_dop_operator_3.py
[2023-05-16T01:35:32.207+0000] {processor.py:743} INFO - Processing file /home/airflow/.local/lib/python3.7/site-packages/airflow/example_dags/example_branch_python_dop_operator_3.py for tasks to queue
[2023-05-16T01:35:32.210+0000] {logging_mixin.py:137} INFO - [2023-05-16T01:35:32.209+0000] {dagbag.py:532} INFO - Filling up the DagBag from /home/airflow/.local/lib/python3.7/site-packages/airflow/example_dags/example_branch_python_dop_operator_3.py
[2023-05-16T01:35:32.255+0000] {processor.py:753} INFO - DAG(s) dict_keys(['example_branch_dop_operator_v3']) retrieved from /home/airflow/.local/lib/python3.7/site-packages/airflow/example_dags/example_branch_python_dop_operator_3.py
[2023-05-16T01:35:32.301+0000] {logging_mixin.py:137} INFO - [2023-05-16T01:35:32.301+0000] {dag.py:2705} INFO - Sync 1 DAGs
[2023-05-16T01:35:32.348+0000] {logging_mixin.py:137} INFO - [2023-05-16T01:35:32.348+0000] {dag.py:3456} INFO - Setting next_dagrun for example_branch_dop_operator_v3 to 2023-05-16T01:34:00+00:00, run_after=2023-05-16T01:35:00+00:00
[2023-05-16T01:35:32.380+0000] {processor.py:175} INFO - Processing /home/airflow/.local/lib/python3.7/site-packages/airflow/example_dags/example_branch_python_dop_operator_3.py took 0.183 seconds
[2023-05-16T01:36:02.755+0000] {processor.py:153} INFO - Started process (PID=19763) to work on /home/airflow/.local/lib/python3.7/site-packages/airflow/example_dags/example_branch_python_dop_operator_3.py
[2023-05-16T01:36:02.759+0000] {processor.py:743} INFO - Processing file /home/airflow/.local/lib/python3.7/site-packages/airflow/example_dags/example_branch_python_dop_operator_3.py for tasks to queue
[2023-05-16T01:36:02.764+0000] {logging_mixin.py:137} INFO - [2023-05-16T01:36:02.763+0000] {dagbag.py:532} INFO - Filling up the DagBag from /home/airflow/.local/lib/python3.7/site-packages/airflow/example_dags/example_branch_python_dop_operator_3.py
[2023-05-16T01:36:02.857+0000] {processor.py:753} INFO - DAG(s) dict_keys(['example_branch_dop_operator_v3']) retrieved from /home/airflow/.local/lib/python3.7/site-packages/airflow/example_dags/example_branch_python_dop_operator_3.py
[2023-05-16T01:36:02.922+0000] {logging_mixin.py:137} INFO - [2023-05-16T01:36:02.922+0000] {dag.py:2705} INFO - Sync 1 DAGs
[2023-05-16T01:36:03.056+0000] {logging_mixin.py:137} INFO - [2023-05-16T01:36:03.053+0000] {dag.py:3456} INFO - Setting next_dagrun for example_branch_dop_operator_v3 to 2023-05-16T01:35:00+00:00, run_after=2023-05-16T01:36:00+00:00
[2023-05-16T01:36:03.134+0000] {processor.py:175} INFO - Processing /home/airflow/.local/lib/python3.7/site-packages/airflow/example_dags/example_branch_python_dop_operator_3.py took 0.391 seconds
[2023-05-16T01:36:33.461+0000] {processor.py:153} INFO - Started process (PID=19815) to work on /home/airflow/.local/lib/python3.7/site-packages/airflow/example_dags/example_branch_python_dop_operator_3.py
[2023-05-16T01:36:33.464+0000] {processor.py:743} INFO - Processing file /home/airflow/.local/lib/python3.7/site-packages/airflow/example_dags/example_branch_python_dop_operator_3.py for tasks to queue
[2023-05-16T01:36:33.467+0000] {logging_mixin.py:137} INFO - [2023-05-16T01:36:33.466+0000] {dagbag.py:532} INFO - Filling up the DagBag from /home/airflow/.local/lib/python3.7/site-packages/airflow/example_dags/example_branch_python_dop_operator_3.py
[2023-05-16T01:36:33.515+0000] {processor.py:753} INFO - DAG(s) dict_keys(['example_branch_dop_operator_v3']) retrieved from /home/airflow/.local/lib/python3.7/site-packages/airflow/example_dags/example_branch_python_dop_operator_3.py
[2023-05-16T01:36:33.594+0000] {logging_mixin.py:137} INFO - [2023-05-16T01:36:33.593+0000] {dag.py:2705} INFO - Sync 1 DAGs
[2023-05-16T01:36:33.695+0000] {logging_mixin.py:137} INFO - [2023-05-16T01:36:33.695+0000] {dag.py:3456} INFO - Setting next_dagrun for example_branch_dop_operator_v3 to 2023-05-16T01:35:00+00:00, run_after=2023-05-16T01:36:00+00:00
[2023-05-16T01:36:33.758+0000] {processor.py:175} INFO - Processing /home/airflow/.local/lib/python3.7/site-packages/airflow/example_dags/example_branch_python_dop_operator_3.py took 0.304 seconds
[2023-05-16T01:37:04.044+0000] {processor.py:153} INFO - Started process (PID=19867) to work on /home/airflow/.local/lib/python3.7/site-packages/airflow/example_dags/example_branch_python_dop_operator_3.py
[2023-05-16T01:37:04.048+0000] {processor.py:743} INFO - Processing file /home/airflow/.local/lib/python3.7/site-packages/airflow/example_dags/example_branch_python_dop_operator_3.py for tasks to queue
[2023-05-16T01:37:04.052+0000] {logging_mixin.py:137} INFO - [2023-05-16T01:37:04.052+0000] {dagbag.py:532} INFO - Filling up the DagBag from /home/airflow/.local/lib/python3.7/site-packages/airflow/example_dags/example_branch_python_dop_operator_3.py
[2023-05-16T01:37:04.106+0000] {processor.py:753} INFO - DAG(s) dict_keys(['example_branch_dop_operator_v3']) retrieved from /home/airflow/.local/lib/python3.7/site-packages/airflow/example_dags/example_branch_python_dop_operator_3.py
[2023-05-16T01:37:04.158+0000] {logging_mixin.py:137} INFO - [2023-05-16T01:37:04.157+0000] {dag.py:2705} INFO - Sync 1 DAGs
[2023-05-16T01:37:04.206+0000] {logging_mixin.py:137} INFO - [2023-05-16T01:37:04.206+0000] {dag.py:3456} INFO - Setting next_dagrun for example_branch_dop_operator_v3 to 2023-05-16T01:36:00+00:00, run_after=2023-05-16T01:37:00+00:00
[2023-05-16T01:37:04.237+0000] {processor.py:175} INFO - Processing /home/airflow/.local/lib/python3.7/site-packages/airflow/example_dags/example_branch_python_dop_operator_3.py took 0.202 seconds
[2023-05-16T01:37:34.876+0000] {processor.py:153} INFO - Started process (PID=19920) to work on /home/airflow/.local/lib/python3.7/site-packages/airflow/example_dags/example_branch_python_dop_operator_3.py
[2023-05-16T01:37:34.880+0000] {processor.py:743} INFO - Processing file /home/airflow/.local/lib/python3.7/site-packages/airflow/example_dags/example_branch_python_dop_operator_3.py for tasks to queue
[2023-05-16T01:37:34.883+0000] {logging_mixin.py:137} INFO - [2023-05-16T01:37:34.883+0000] {dagbag.py:532} INFO - Filling up the DagBag from /home/airflow/.local/lib/python3.7/site-packages/airflow/example_dags/example_branch_python_dop_operator_3.py
[2023-05-16T01:37:34.935+0000] {processor.py:753} INFO - DAG(s) dict_keys(['example_branch_dop_operator_v3']) retrieved from /home/airflow/.local/lib/python3.7/site-packages/airflow/example_dags/example_branch_python_dop_operator_3.py
[2023-05-16T01:37:34.985+0000] {logging_mixin.py:137} INFO - [2023-05-16T01:37:34.985+0000] {dag.py:2705} INFO - Sync 1 DAGs
[2023-05-16T01:37:35.031+0000] {logging_mixin.py:137} INFO - [2023-05-16T01:37:35.030+0000] {dag.py:3456} INFO - Setting next_dagrun for example_branch_dop_operator_v3 to 2023-05-16T01:36:00+00:00, run_after=2023-05-16T01:37:00+00:00
[2023-05-16T01:37:35.075+0000] {processor.py:175} INFO - Processing /home/airflow/.local/lib/python3.7/site-packages/airflow/example_dags/example_branch_python_dop_operator_3.py took 0.209 seconds
[2023-05-16T01:38:05.942+0000] {processor.py:153} INFO - Started process (PID=19972) to work on /home/airflow/.local/lib/python3.7/site-packages/airflow/example_dags/example_branch_python_dop_operator_3.py
[2023-05-16T01:38:05.947+0000] {processor.py:743} INFO - Processing file /home/airflow/.local/lib/python3.7/site-packages/airflow/example_dags/example_branch_python_dop_operator_3.py for tasks to queue
[2023-05-16T01:38:05.952+0000] {logging_mixin.py:137} INFO - [2023-05-16T01:38:05.952+0000] {dagbag.py:532} INFO - Filling up the DagBag from /home/airflow/.local/lib/python3.7/site-packages/airflow/example_dags/example_branch_python_dop_operator_3.py
[2023-05-16T01:38:06.041+0000] {processor.py:753} INFO - DAG(s) dict_keys(['example_branch_dop_operator_v3']) retrieved from /home/airflow/.local/lib/python3.7/site-packages/airflow/example_dags/example_branch_python_dop_operator_3.py
[2023-05-16T01:38:06.163+0000] {logging_mixin.py:137} INFO - [2023-05-16T01:38:06.162+0000] {dag.py:2705} INFO - Sync 1 DAGs
[2023-05-16T01:38:06.341+0000] {logging_mixin.py:137} INFO - [2023-05-16T01:38:06.340+0000] {dag.py:3456} INFO - Setting next_dagrun for example_branch_dop_operator_v3 to 2023-05-16T01:37:00+00:00, run_after=2023-05-16T01:38:00+00:00
[2023-05-16T01:38:06.415+0000] {processor.py:175} INFO - Processing /home/airflow/.local/lib/python3.7/site-packages/airflow/example_dags/example_branch_python_dop_operator_3.py took 0.490 seconds
[2023-05-16T01:38:36.990+0000] {processor.py:153} INFO - Started process (PID=20024) to work on /home/airflow/.local/lib/python3.7/site-packages/airflow/example_dags/example_branch_python_dop_operator_3.py
[2023-05-16T01:38:36.993+0000] {processor.py:743} INFO - Processing file /home/airflow/.local/lib/python3.7/site-packages/airflow/example_dags/example_branch_python_dop_operator_3.py for tasks to queue
[2023-05-16T01:38:36.996+0000] {logging_mixin.py:137} INFO - [2023-05-16T01:38:36.996+0000] {dagbag.py:532} INFO - Filling up the DagBag from /home/airflow/.local/lib/python3.7/site-packages/airflow/example_dags/example_branch_python_dop_operator_3.py
[2023-05-16T01:38:37.069+0000] {processor.py:753} INFO - DAG(s) dict_keys(['example_branch_dop_operator_v3']) retrieved from /home/airflow/.local/lib/python3.7/site-packages/airflow/example_dags/example_branch_python_dop_operator_3.py
[2023-05-16T01:38:37.117+0000] {logging_mixin.py:137} INFO - [2023-05-16T01:38:37.117+0000] {dag.py:2705} INFO - Sync 1 DAGs
[2023-05-16T01:38:37.160+0000] {logging_mixin.py:137} INFO - [2023-05-16T01:38:37.159+0000] {dag.py:3456} INFO - Setting next_dagrun for example_branch_dop_operator_v3 to 2023-05-16T01:37:00+00:00, run_after=2023-05-16T01:38:00+00:00
[2023-05-16T01:38:37.198+0000] {processor.py:175} INFO - Processing /home/airflow/.local/lib/python3.7/site-packages/airflow/example_dags/example_branch_python_dop_operator_3.py took 0.215 seconds
[2023-05-16T01:39:08.048+0000] {processor.py:153} INFO - Started process (PID=20077) to work on /home/airflow/.local/lib/python3.7/site-packages/airflow/example_dags/example_branch_python_dop_operator_3.py
[2023-05-16T01:39:08.050+0000] {processor.py:743} INFO - Processing file /home/airflow/.local/lib/python3.7/site-packages/airflow/example_dags/example_branch_python_dop_operator_3.py for tasks to queue
[2023-05-16T01:39:08.053+0000] {logging_mixin.py:137} INFO - [2023-05-16T01:39:08.052+0000] {dagbag.py:532} INFO - Filling up the DagBag from /home/airflow/.local/lib/python3.7/site-packages/airflow/example_dags/example_branch_python_dop_operator_3.py
[2023-05-16T01:39:08.096+0000] {processor.py:753} INFO - DAG(s) dict_keys(['example_branch_dop_operator_v3']) retrieved from /home/airflow/.local/lib/python3.7/site-packages/airflow/example_dags/example_branch_python_dop_operator_3.py
[2023-05-16T01:39:08.136+0000] {logging_mixin.py:137} INFO - [2023-05-16T01:39:08.135+0000] {dag.py:2705} INFO - Sync 1 DAGs
[2023-05-16T01:39:08.175+0000] {logging_mixin.py:137} INFO - [2023-05-16T01:39:08.175+0000] {dag.py:3456} INFO - Setting next_dagrun for example_branch_dop_operator_v3 to 2023-05-16T01:38:00+00:00, run_after=2023-05-16T01:39:00+00:00
[2023-05-16T01:39:08.208+0000] {processor.py:175} INFO - Processing /home/airflow/.local/lib/python3.7/site-packages/airflow/example_dags/example_branch_python_dop_operator_3.py took 0.167 seconds
[2023-05-16T01:39:39.022+0000] {processor.py:153} INFO - Started process (PID=20129) to work on /home/airflow/.local/lib/python3.7/site-packages/airflow/example_dags/example_branch_python_dop_operator_3.py
[2023-05-16T01:39:39.025+0000] {processor.py:743} INFO - Processing file /home/airflow/.local/lib/python3.7/site-packages/airflow/example_dags/example_branch_python_dop_operator_3.py for tasks to queue
[2023-05-16T01:39:39.028+0000] {logging_mixin.py:137} INFO - [2023-05-16T01:39:39.027+0000] {dagbag.py:532} INFO - Filling up the DagBag from /home/airflow/.local/lib/python3.7/site-packages/airflow/example_dags/example_branch_python_dop_operator_3.py
[2023-05-16T01:39:39.070+0000] {processor.py:753} INFO - DAG(s) dict_keys(['example_branch_dop_operator_v3']) retrieved from /home/airflow/.local/lib/python3.7/site-packages/airflow/example_dags/example_branch_python_dop_operator_3.py
[2023-05-16T01:39:39.119+0000] {logging_mixin.py:137} INFO - [2023-05-16T01:39:39.119+0000] {dag.py:2705} INFO - Sync 1 DAGs
[2023-05-16T01:39:39.178+0000] {logging_mixin.py:137} INFO - [2023-05-16T01:39:39.178+0000] {dag.py:3456} INFO - Setting next_dagrun for example_branch_dop_operator_v3 to 2023-05-16T01:38:00+00:00, run_after=2023-05-16T01:39:00+00:00
[2023-05-16T01:39:39.209+0000] {processor.py:175} INFO - Processing /home/airflow/.local/lib/python3.7/site-packages/airflow/example_dags/example_branch_python_dop_operator_3.py took 0.195 seconds
[2023-05-16T01:40:09.393+0000] {processor.py:153} INFO - Started process (PID=20181) to work on /home/airflow/.local/lib/python3.7/site-packages/airflow/example_dags/example_branch_python_dop_operator_3.py
[2023-05-16T01:40:09.405+0000] {processor.py:743} INFO - Processing file /home/airflow/.local/lib/python3.7/site-packages/airflow/example_dags/example_branch_python_dop_operator_3.py for tasks to queue
[2023-05-16T01:40:09.407+0000] {logging_mixin.py:137} INFO - [2023-05-16T01:40:09.407+0000] {dagbag.py:532} INFO - Filling up the DagBag from /home/airflow/.local/lib/python3.7/site-packages/airflow/example_dags/example_branch_python_dop_operator_3.py
[2023-05-16T01:40:09.510+0000] {processor.py:753} INFO - DAG(s) dict_keys(['example_branch_dop_operator_v3']) retrieved from /home/airflow/.local/lib/python3.7/site-packages/airflow/example_dags/example_branch_python_dop_operator_3.py
[2023-05-16T01:40:09.593+0000] {logging_mixin.py:137} INFO - [2023-05-16T01:40:09.593+0000] {dag.py:2705} INFO - Sync 1 DAGs
[2023-05-16T01:40:09.678+0000] {logging_mixin.py:137} INFO - [2023-05-16T01:40:09.678+0000] {dag.py:3456} INFO - Setting next_dagrun for example_branch_dop_operator_v3 to 2023-05-16T01:39:00+00:00, run_after=2023-05-16T01:40:00+00:00
[2023-05-16T01:40:09.742+0000] {processor.py:175} INFO - Processing /home/airflow/.local/lib/python3.7/site-packages/airflow/example_dags/example_branch_python_dop_operator_3.py took 0.363 seconds
