[2023-05-16T00:00:31.887+0000] {processor.py:153} INFO - Started process (PID=16526) to work on /home/airflow/.local/lib/python3.7/site-packages/airflow/example_dags/example_branch_labels.py
[2023-05-16T00:00:31.908+0000] {processor.py:743} INFO - Processing file /home/airflow/.local/lib/python3.7/site-packages/airflow/example_dags/example_branch_labels.py for tasks to queue
[2023-05-16T00:00:31.925+0000] {logging_mixin.py:137} INFO - [2023-05-16T00:00:31.924+0000] {dagbag.py:532} INFO - Filling up the DagBag from /home/airflow/.local/lib/python3.7/site-packages/airflow/example_dags/example_branch_labels.py
[2023-05-16T00:00:32.181+0000] {processor.py:753} INFO - DAG(s) dict_keys(['example_branch_labels']) retrieved from /home/airflow/.local/lib/python3.7/site-packages/airflow/example_dags/example_branch_labels.py
[2023-05-16T00:00:32.777+0000] {logging_mixin.py:137} INFO - [2023-05-16T00:00:32.776+0000] {dag.py:2705} INFO - Sync 1 DAGs
[2023-05-16T00:00:33.467+0000] {logging_mixin.py:137} INFO - [2023-05-16T00:00:33.467+0000] {dag.py:3456} INFO - Setting next_dagrun for example_branch_labels to 2023-05-15T00:00:00+00:00, run_after=2023-05-16T00:00:00+00:00
[2023-05-16T00:00:33.673+0000] {processor.py:175} INFO - Processing /home/airflow/.local/lib/python3.7/site-packages/airflow/example_dags/example_branch_labels.py took 1.838 seconds
[2023-05-16T00:01:52.275+0000] {processor.py:153} INFO - Started process (PID=16590) to work on /home/airflow/.local/lib/python3.7/site-packages/airflow/example_dags/example_branch_labels.py
[2023-05-16T00:01:52.294+0000] {processor.py:743} INFO - Processing file /home/airflow/.local/lib/python3.7/site-packages/airflow/example_dags/example_branch_labels.py for tasks to queue
[2023-05-16T00:01:52.317+0000] {logging_mixin.py:137} INFO - [2023-05-16T00:01:52.316+0000] {dagbag.py:532} INFO - Filling up the DagBag from /home/airflow/.local/lib/python3.7/site-packages/airflow/example_dags/example_branch_labels.py
[2023-05-16T00:01:52.918+0000] {processor.py:753} INFO - DAG(s) dict_keys(['example_branch_labels']) retrieved from /home/airflow/.local/lib/python3.7/site-packages/airflow/example_dags/example_branch_labels.py
[2023-05-16T00:01:53.733+0000] {logging_mixin.py:137} INFO - [2023-05-16T00:01:53.732+0000] {dag.py:2705} INFO - Sync 1 DAGs
[2023-05-16T00:01:54.591+0000] {logging_mixin.py:137} INFO - [2023-05-16T00:01:54.581+0000] {dag.py:3456} INFO - Setting next_dagrun for example_branch_labels to 2023-05-15T00:00:00+00:00, run_after=2023-05-16T00:00:00+00:00
[2023-05-16T00:01:54.970+0000] {processor.py:175} INFO - Processing /home/airflow/.local/lib/python3.7/site-packages/airflow/example_dags/example_branch_labels.py took 2.794 seconds
[2023-05-16T00:17:54.488+0000] {processor.py:153} INFO - Started process (PID=16660) to work on /home/airflow/.local/lib/python3.7/site-packages/airflow/example_dags/example_branch_labels.py
[2023-05-16T00:17:54.498+0000] {processor.py:743} INFO - Processing file /home/airflow/.local/lib/python3.7/site-packages/airflow/example_dags/example_branch_labels.py for tasks to queue
[2023-05-16T00:17:54.506+0000] {logging_mixin.py:137} INFO - [2023-05-16T00:17:54.505+0000] {dagbag.py:532} INFO - Filling up the DagBag from /home/airflow/.local/lib/python3.7/site-packages/airflow/example_dags/example_branch_labels.py
[2023-05-16T00:17:54.615+0000] {processor.py:753} INFO - DAG(s) dict_keys(['example_branch_labels']) retrieved from /home/airflow/.local/lib/python3.7/site-packages/airflow/example_dags/example_branch_labels.py
[2023-05-16T00:17:54.821+0000] {logging_mixin.py:137} INFO - [2023-05-16T00:17:54.820+0000] {dag.py:2705} INFO - Sync 1 DAGs
[2023-05-16T00:17:55.005+0000] {logging_mixin.py:137} INFO - [2023-05-16T00:17:55.004+0000] {dag.py:3456} INFO - Setting next_dagrun for example_branch_labels to 2023-05-15T00:00:00+00:00, run_after=2023-05-16T00:00:00+00:00
[2023-05-16T00:17:55.125+0000] {processor.py:175} INFO - Processing /home/airflow/.local/lib/python3.7/site-packages/airflow/example_dags/example_branch_labels.py took 0.663 seconds
[2023-05-16T00:19:12.268+0000] {processor.py:153} INFO - Started process (PID=16722) to work on /home/airflow/.local/lib/python3.7/site-packages/airflow/example_dags/example_branch_labels.py
[2023-05-16T00:19:12.294+0000] {processor.py:743} INFO - Processing file /home/airflow/.local/lib/python3.7/site-packages/airflow/example_dags/example_branch_labels.py for tasks to queue
[2023-05-16T00:19:12.362+0000] {logging_mixin.py:137} INFO - [2023-05-16T00:19:12.343+0000] {dagbag.py:532} INFO - Filling up the DagBag from /home/airflow/.local/lib/python3.7/site-packages/airflow/example_dags/example_branch_labels.py
[2023-05-16T00:19:12.573+0000] {processor.py:753} INFO - DAG(s) dict_keys(['example_branch_labels']) retrieved from /home/airflow/.local/lib/python3.7/site-packages/airflow/example_dags/example_branch_labels.py
[2023-05-16T00:19:13.071+0000] {logging_mixin.py:137} INFO - [2023-05-16T00:19:13.070+0000] {dag.py:2705} INFO - Sync 1 DAGs
[2023-05-16T00:19:13.580+0000] {logging_mixin.py:137} INFO - [2023-05-16T00:19:13.570+0000] {dag.py:3456} INFO - Setting next_dagrun for example_branch_labels to 2023-05-15T00:00:00+00:00, run_after=2023-05-16T00:00:00+00:00
[2023-05-16T00:19:13.927+0000] {processor.py:175} INFO - Processing /home/airflow/.local/lib/python3.7/site-packages/airflow/example_dags/example_branch_labels.py took 1.715 seconds
[2023-05-16T00:35:42.945+0000] {processor.py:153} INFO - Started process (PID=16789) to work on /home/airflow/.local/lib/python3.7/site-packages/airflow/example_dags/example_branch_labels.py
[2023-05-16T00:35:42.951+0000] {processor.py:743} INFO - Processing file /home/airflow/.local/lib/python3.7/site-packages/airflow/example_dags/example_branch_labels.py for tasks to queue
[2023-05-16T00:35:42.960+0000] {logging_mixin.py:137} INFO - [2023-05-16T00:35:42.958+0000] {dagbag.py:532} INFO - Filling up the DagBag from /home/airflow/.local/lib/python3.7/site-packages/airflow/example_dags/example_branch_labels.py
[2023-05-16T00:35:43.061+0000] {processor.py:753} INFO - DAG(s) dict_keys(['example_branch_labels']) retrieved from /home/airflow/.local/lib/python3.7/site-packages/airflow/example_dags/example_branch_labels.py
[2023-05-16T00:35:43.249+0000] {logging_mixin.py:137} INFO - [2023-05-16T00:35:43.248+0000] {dag.py:2705} INFO - Sync 1 DAGs
[2023-05-16T00:35:43.408+0000] {logging_mixin.py:137} INFO - [2023-05-16T00:35:43.407+0000] {dag.py:3456} INFO - Setting next_dagrun for example_branch_labels to 2023-05-15T00:00:00+00:00, run_after=2023-05-16T00:00:00+00:00
[2023-05-16T00:35:43.542+0000] {processor.py:175} INFO - Processing /home/airflow/.local/lib/python3.7/site-packages/airflow/example_dags/example_branch_labels.py took 0.629 seconds
[2023-05-16T00:51:07.698+0000] {processor.py:153} INFO - Started process (PID=16849) to work on /home/airflow/.local/lib/python3.7/site-packages/airflow/example_dags/example_branch_labels.py
[2023-05-16T00:51:07.712+0000] {processor.py:743} INFO - Processing file /home/airflow/.local/lib/python3.7/site-packages/airflow/example_dags/example_branch_labels.py for tasks to queue
[2023-05-16T00:51:07.727+0000] {logging_mixin.py:137} INFO - [2023-05-16T00:51:07.723+0000] {dagbag.py:532} INFO - Filling up the DagBag from /home/airflow/.local/lib/python3.7/site-packages/airflow/example_dags/example_branch_labels.py
[2023-05-16T00:51:07.905+0000] {processor.py:753} INFO - DAG(s) dict_keys(['example_branch_labels']) retrieved from /home/airflow/.local/lib/python3.7/site-packages/airflow/example_dags/example_branch_labels.py
[2023-05-16T00:51:08.190+0000] {logging_mixin.py:137} INFO - [2023-05-16T00:51:08.190+0000] {dag.py:2705} INFO - Sync 1 DAGs
[2023-05-16T00:51:08.377+0000] {logging_mixin.py:137} INFO - [2023-05-16T00:51:08.376+0000] {dag.py:3456} INFO - Setting next_dagrun for example_branch_labels to 2023-05-15T00:00:00+00:00, run_after=2023-05-16T00:00:00+00:00
[2023-05-16T00:51:08.491+0000] {processor.py:175} INFO - Processing /home/airflow/.local/lib/python3.7/site-packages/airflow/example_dags/example_branch_labels.py took 0.824 seconds
[2023-05-16T01:03:14.875+0000] {processor.py:153} INFO - Started process (PID=16925) to work on /home/airflow/.local/lib/python3.7/site-packages/airflow/example_dags/example_branch_labels.py
[2023-05-16T01:03:14.893+0000] {processor.py:743} INFO - Processing file /home/airflow/.local/lib/python3.7/site-packages/airflow/example_dags/example_branch_labels.py for tasks to queue
[2023-05-16T01:03:14.912+0000] {logging_mixin.py:137} INFO - [2023-05-16T01:03:14.911+0000] {dagbag.py:532} INFO - Filling up the DagBag from /home/airflow/.local/lib/python3.7/site-packages/airflow/example_dags/example_branch_labels.py
[2023-05-16T01:03:15.053+0000] {processor.py:753} INFO - DAG(s) dict_keys(['example_branch_labels']) retrieved from /home/airflow/.local/lib/python3.7/site-packages/airflow/example_dags/example_branch_labels.py
[2023-05-16T01:03:15.235+0000] {logging_mixin.py:137} INFO - [2023-05-16T01:03:15.235+0000] {dag.py:2705} INFO - Sync 1 DAGs
[2023-05-16T01:03:15.438+0000] {logging_mixin.py:137} INFO - [2023-05-16T01:03:15.430+0000] {dag.py:3456} INFO - Setting next_dagrun for example_branch_labels to 2023-05-15T00:00:00+00:00, run_after=2023-05-16T00:00:00+00:00
[2023-05-16T01:03:15.593+0000] {processor.py:175} INFO - Processing /home/airflow/.local/lib/python3.7/site-packages/airflow/example_dags/example_branch_labels.py took 0.744 seconds
[2023-05-16T01:04:27.726+0000] {processor.py:153} INFO - Started process (PID=16998) to work on /home/airflow/.local/lib/python3.7/site-packages/airflow/example_dags/example_branch_labels.py
[2023-05-16T01:04:27.749+0000] {processor.py:743} INFO - Processing file /home/airflow/.local/lib/python3.7/site-packages/airflow/example_dags/example_branch_labels.py for tasks to queue
[2023-05-16T01:04:27.768+0000] {logging_mixin.py:137} INFO - [2023-05-16T01:04:27.767+0000] {dagbag.py:532} INFO - Filling up the DagBag from /home/airflow/.local/lib/python3.7/site-packages/airflow/example_dags/example_branch_labels.py
[2023-05-16T01:04:27.999+0000] {processor.py:753} INFO - DAG(s) dict_keys(['example_branch_labels']) retrieved from /home/airflow/.local/lib/python3.7/site-packages/airflow/example_dags/example_branch_labels.py
[2023-05-16T01:04:28.272+0000] {logging_mixin.py:137} INFO - [2023-05-16T01:04:28.270+0000] {dag.py:2705} INFO - Sync 1 DAGs
[2023-05-16T01:04:28.648+0000] {logging_mixin.py:137} INFO - [2023-05-16T01:04:28.647+0000] {dag.py:3456} INFO - Setting next_dagrun for example_branch_labels to 2023-05-15T00:00:00+00:00, run_after=2023-05-16T00:00:00+00:00
[2023-05-16T01:04:28.889+0000] {processor.py:175} INFO - Processing /home/airflow/.local/lib/python3.7/site-packages/airflow/example_dags/example_branch_labels.py took 1.227 seconds
[2023-05-16T01:05:38.027+0000] {processor.py:153} INFO - Started process (PID=17065) to work on /home/airflow/.local/lib/python3.7/site-packages/airflow/example_dags/example_branch_labels.py
[2023-05-16T01:05:38.145+0000] {processor.py:743} INFO - Processing file /home/airflow/.local/lib/python3.7/site-packages/airflow/example_dags/example_branch_labels.py for tasks to queue
[2023-05-16T01:05:38.184+0000] {logging_mixin.py:137} INFO - [2023-05-16T01:05:38.175+0000] {dagbag.py:532} INFO - Filling up the DagBag from /home/airflow/.local/lib/python3.7/site-packages/airflow/example_dags/example_branch_labels.py
[2023-05-16T01:05:38.965+0000] {processor.py:753} INFO - DAG(s) dict_keys(['example_branch_labels']) retrieved from /home/airflow/.local/lib/python3.7/site-packages/airflow/example_dags/example_branch_labels.py
[2023-05-16T01:05:40.030+0000] {logging_mixin.py:137} INFO - [2023-05-16T01:05:40.029+0000] {dag.py:2705} INFO - Sync 1 DAGs
[2023-05-16T01:05:40.756+0000] {logging_mixin.py:137} INFO - [2023-05-16T01:05:40.756+0000] {dag.py:3456} INFO - Setting next_dagrun for example_branch_labels to 2023-05-15T00:00:00+00:00, run_after=2023-05-16T00:00:00+00:00
[2023-05-16T01:05:41.301+0000] {processor.py:175} INFO - Processing /home/airflow/.local/lib/python3.7/site-packages/airflow/example_dags/example_branch_labels.py took 3.496 seconds
[2023-05-16T01:06:24.364+0000] {processor.py:153} INFO - Started process (PID=17118) to work on /home/airflow/.local/lib/python3.7/site-packages/airflow/example_dags/example_branch_labels.py
[2023-05-16T01:06:24.367+0000] {processor.py:743} INFO - Processing file /home/airflow/.local/lib/python3.7/site-packages/airflow/example_dags/example_branch_labels.py for tasks to queue
[2023-05-16T01:06:24.369+0000] {logging_mixin.py:137} INFO - [2023-05-16T01:06:24.369+0000] {dagbag.py:532} INFO - Filling up the DagBag from /home/airflow/.local/lib/python3.7/site-packages/airflow/example_dags/example_branch_labels.py
[2023-05-16T01:06:24.394+0000] {processor.py:753} INFO - DAG(s) dict_keys(['example_branch_labels']) retrieved from /home/airflow/.local/lib/python3.7/site-packages/airflow/example_dags/example_branch_labels.py
[2023-05-16T01:06:24.451+0000] {logging_mixin.py:137} INFO - [2023-05-16T01:06:24.451+0000] {dag.py:2705} INFO - Sync 1 DAGs
[2023-05-16T01:06:24.484+0000] {logging_mixin.py:137} INFO - [2023-05-16T01:06:24.484+0000] {dag.py:3456} INFO - Setting next_dagrun for example_branch_labels to 2023-05-15T00:00:00+00:00, run_after=2023-05-16T00:00:00+00:00
[2023-05-16T01:06:24.510+0000] {processor.py:175} INFO - Processing /home/airflow/.local/lib/python3.7/site-packages/airflow/example_dags/example_branch_labels.py took 0.154 seconds
[2023-05-16T01:09:41.264+0000] {processor.py:153} INFO - Started process (PID=17197) to work on /home/airflow/.local/lib/python3.7/site-packages/airflow/example_dags/example_branch_labels.py
[2023-05-16T01:09:41.287+0000] {processor.py:743} INFO - Processing file /home/airflow/.local/lib/python3.7/site-packages/airflow/example_dags/example_branch_labels.py for tasks to queue
[2023-05-16T01:09:41.310+0000] {logging_mixin.py:137} INFO - [2023-05-16T01:09:41.309+0000] {dagbag.py:532} INFO - Filling up the DagBag from /home/airflow/.local/lib/python3.7/site-packages/airflow/example_dags/example_branch_labels.py
[2023-05-16T01:09:41.676+0000] {processor.py:753} INFO - DAG(s) dict_keys(['example_branch_labels']) retrieved from /home/airflow/.local/lib/python3.7/site-packages/airflow/example_dags/example_branch_labels.py
[2023-05-16T01:09:41.945+0000] {logging_mixin.py:137} INFO - [2023-05-16T01:09:41.945+0000] {dag.py:2705} INFO - Sync 1 DAGs
[2023-05-16T01:09:42.139+0000] {logging_mixin.py:137} INFO - [2023-05-16T01:09:42.138+0000] {dag.py:3456} INFO - Setting next_dagrun for example_branch_labels to 2023-05-15T00:00:00+00:00, run_after=2023-05-16T00:00:00+00:00
[2023-05-16T01:09:42.258+0000] {processor.py:175} INFO - Processing /home/airflow/.local/lib/python3.7/site-packages/airflow/example_dags/example_branch_labels.py took 1.079 seconds
[2023-05-16T01:11:28.087+0000] {processor.py:153} INFO - Started process (PID=17269) to work on /home/airflow/.local/lib/python3.7/site-packages/airflow/example_dags/example_branch_labels.py
[2023-05-16T01:11:28.090+0000] {processor.py:743} INFO - Processing file /home/airflow/.local/lib/python3.7/site-packages/airflow/example_dags/example_branch_labels.py for tasks to queue
[2023-05-16T01:11:28.093+0000] {logging_mixin.py:137} INFO - [2023-05-16T01:11:28.093+0000] {dagbag.py:532} INFO - Filling up the DagBag from /home/airflow/.local/lib/python3.7/site-packages/airflow/example_dags/example_branch_labels.py
[2023-05-16T01:11:28.124+0000] {processor.py:753} INFO - DAG(s) dict_keys(['example_branch_labels']) retrieved from /home/airflow/.local/lib/python3.7/site-packages/airflow/example_dags/example_branch_labels.py
[2023-05-16T01:11:28.181+0000] {logging_mixin.py:137} INFO - [2023-05-16T01:11:28.181+0000] {dag.py:2705} INFO - Sync 1 DAGs
[2023-05-16T01:11:28.236+0000] {logging_mixin.py:137} INFO - [2023-05-16T01:11:28.236+0000] {dag.py:3456} INFO - Setting next_dagrun for example_branch_labels to 2023-05-15T00:00:00+00:00, run_after=2023-05-16T00:00:00+00:00
[2023-05-16T01:11:28.265+0000] {processor.py:175} INFO - Processing /home/airflow/.local/lib/python3.7/site-packages/airflow/example_dags/example_branch_labels.py took 0.188 seconds
[2023-05-16T01:12:00.300+0000] {processor.py:153} INFO - Started process (PID=17320) to work on /home/airflow/.local/lib/python3.7/site-packages/airflow/example_dags/example_branch_labels.py
[2023-05-16T01:12:00.303+0000] {processor.py:743} INFO - Processing file /home/airflow/.local/lib/python3.7/site-packages/airflow/example_dags/example_branch_labels.py for tasks to queue
[2023-05-16T01:12:00.306+0000] {logging_mixin.py:137} INFO - [2023-05-16T01:12:00.306+0000] {dagbag.py:532} INFO - Filling up the DagBag from /home/airflow/.local/lib/python3.7/site-packages/airflow/example_dags/example_branch_labels.py
[2023-05-16T01:12:00.336+0000] {processor.py:753} INFO - DAG(s) dict_keys(['example_branch_labels']) retrieved from /home/airflow/.local/lib/python3.7/site-packages/airflow/example_dags/example_branch_labels.py
[2023-05-16T01:12:00.390+0000] {logging_mixin.py:137} INFO - [2023-05-16T01:12:00.390+0000] {dag.py:2705} INFO - Sync 1 DAGs
[2023-05-16T01:12:00.439+0000] {logging_mixin.py:137} INFO - [2023-05-16T01:12:00.439+0000] {dag.py:3456} INFO - Setting next_dagrun for example_branch_labels to 2023-05-15T00:00:00+00:00, run_after=2023-05-16T00:00:00+00:00
[2023-05-16T01:12:00.487+0000] {processor.py:175} INFO - Processing /home/airflow/.local/lib/python3.7/site-packages/airflow/example_dags/example_branch_labels.py took 0.194 seconds
[2023-05-16T01:12:31.501+0000] {processor.py:153} INFO - Started process (PID=17372) to work on /home/airflow/.local/lib/python3.7/site-packages/airflow/example_dags/example_branch_labels.py
[2023-05-16T01:12:31.518+0000] {processor.py:743} INFO - Processing file /home/airflow/.local/lib/python3.7/site-packages/airflow/example_dags/example_branch_labels.py for tasks to queue
[2023-05-16T01:12:31.532+0000] {logging_mixin.py:137} INFO - [2023-05-16T01:12:31.532+0000] {dagbag.py:532} INFO - Filling up the DagBag from /home/airflow/.local/lib/python3.7/site-packages/airflow/example_dags/example_branch_labels.py
[2023-05-16T01:12:31.586+0000] {processor.py:753} INFO - DAG(s) dict_keys(['example_branch_labels']) retrieved from /home/airflow/.local/lib/python3.7/site-packages/airflow/example_dags/example_branch_labels.py
[2023-05-16T01:12:31.665+0000] {logging_mixin.py:137} INFO - [2023-05-16T01:12:31.665+0000] {dag.py:2705} INFO - Sync 1 DAGs
[2023-05-16T01:12:31.739+0000] {logging_mixin.py:137} INFO - [2023-05-16T01:12:31.739+0000] {dag.py:3456} INFO - Setting next_dagrun for example_branch_labels to 2023-05-15T00:00:00+00:00, run_after=2023-05-16T00:00:00+00:00
[2023-05-16T01:12:31.805+0000] {processor.py:175} INFO - Processing /home/airflow/.local/lib/python3.7/site-packages/airflow/example_dags/example_branch_labels.py took 0.312 seconds
[2023-05-16T01:13:02.108+0000] {processor.py:153} INFO - Started process (PID=17424) to work on /home/airflow/.local/lib/python3.7/site-packages/airflow/example_dags/example_branch_labels.py
[2023-05-16T01:13:02.119+0000] {processor.py:743} INFO - Processing file /home/airflow/.local/lib/python3.7/site-packages/airflow/example_dags/example_branch_labels.py for tasks to queue
[2023-05-16T01:13:02.121+0000] {logging_mixin.py:137} INFO - [2023-05-16T01:13:02.120+0000] {dagbag.py:532} INFO - Filling up the DagBag from /home/airflow/.local/lib/python3.7/site-packages/airflow/example_dags/example_branch_labels.py
[2023-05-16T01:13:02.194+0000] {processor.py:753} INFO - DAG(s) dict_keys(['example_branch_labels']) retrieved from /home/airflow/.local/lib/python3.7/site-packages/airflow/example_dags/example_branch_labels.py
[2023-05-16T01:13:02.268+0000] {logging_mixin.py:137} INFO - [2023-05-16T01:13:02.267+0000] {dag.py:2705} INFO - Sync 1 DAGs
[2023-05-16T01:13:02.332+0000] {logging_mixin.py:137} INFO - [2023-05-16T01:13:02.332+0000] {dag.py:3456} INFO - Setting next_dagrun for example_branch_labels to 2023-05-15T00:00:00+00:00, run_after=2023-05-16T00:00:00+00:00
[2023-05-16T01:13:02.385+0000] {processor.py:175} INFO - Processing /home/airflow/.local/lib/python3.7/site-packages/airflow/example_dags/example_branch_labels.py took 0.298 seconds
[2023-05-16T01:13:33.540+0000] {processor.py:153} INFO - Started process (PID=17476) to work on /home/airflow/.local/lib/python3.7/site-packages/airflow/example_dags/example_branch_labels.py
[2023-05-16T01:13:33.543+0000] {processor.py:743} INFO - Processing file /home/airflow/.local/lib/python3.7/site-packages/airflow/example_dags/example_branch_labels.py for tasks to queue
[2023-05-16T01:13:33.545+0000] {logging_mixin.py:137} INFO - [2023-05-16T01:13:33.545+0000] {dagbag.py:532} INFO - Filling up the DagBag from /home/airflow/.local/lib/python3.7/site-packages/airflow/example_dags/example_branch_labels.py
[2023-05-16T01:13:33.581+0000] {processor.py:753} INFO - DAG(s) dict_keys(['example_branch_labels']) retrieved from /home/airflow/.local/lib/python3.7/site-packages/airflow/example_dags/example_branch_labels.py
[2023-05-16T01:13:33.630+0000] {logging_mixin.py:137} INFO - [2023-05-16T01:13:33.630+0000] {dag.py:2705} INFO - Sync 1 DAGs
[2023-05-16T01:13:33.671+0000] {logging_mixin.py:137} INFO - [2023-05-16T01:13:33.671+0000] {dag.py:3456} INFO - Setting next_dagrun for example_branch_labels to 2023-05-15T00:00:00+00:00, run_after=2023-05-16T00:00:00+00:00
[2023-05-16T01:13:33.703+0000] {processor.py:175} INFO - Processing /home/airflow/.local/lib/python3.7/site-packages/airflow/example_dags/example_branch_labels.py took 0.171 seconds
[2023-05-16T01:14:04.323+0000] {processor.py:153} INFO - Started process (PID=17528) to work on /home/airflow/.local/lib/python3.7/site-packages/airflow/example_dags/example_branch_labels.py
[2023-05-16T01:14:04.325+0000] {processor.py:743} INFO - Processing file /home/airflow/.local/lib/python3.7/site-packages/airflow/example_dags/example_branch_labels.py for tasks to queue
[2023-05-16T01:14:04.328+0000] {logging_mixin.py:137} INFO - [2023-05-16T01:14:04.328+0000] {dagbag.py:532} INFO - Filling up the DagBag from /home/airflow/.local/lib/python3.7/site-packages/airflow/example_dags/example_branch_labels.py
[2023-05-16T01:14:04.381+0000] {processor.py:753} INFO - DAG(s) dict_keys(['example_branch_labels']) retrieved from /home/airflow/.local/lib/python3.7/site-packages/airflow/example_dags/example_branch_labels.py
[2023-05-16T01:14:04.432+0000] {logging_mixin.py:137} INFO - [2023-05-16T01:14:04.432+0000] {dag.py:2705} INFO - Sync 1 DAGs
[2023-05-16T01:14:04.470+0000] {logging_mixin.py:137} INFO - [2023-05-16T01:14:04.470+0000] {dag.py:3456} INFO - Setting next_dagrun for example_branch_labels to 2023-05-15T00:00:00+00:00, run_after=2023-05-16T00:00:00+00:00
[2023-05-16T01:14:04.498+0000] {processor.py:175} INFO - Processing /home/airflow/.local/lib/python3.7/site-packages/airflow/example_dags/example_branch_labels.py took 0.183 seconds
[2023-05-16T01:14:35.120+0000] {processor.py:153} INFO - Started process (PID=17580) to work on /home/airflow/.local/lib/python3.7/site-packages/airflow/example_dags/example_branch_labels.py
[2023-05-16T01:14:35.122+0000] {processor.py:743} INFO - Processing file /home/airflow/.local/lib/python3.7/site-packages/airflow/example_dags/example_branch_labels.py for tasks to queue
[2023-05-16T01:14:35.125+0000] {logging_mixin.py:137} INFO - [2023-05-16T01:14:35.124+0000] {dagbag.py:532} INFO - Filling up the DagBag from /home/airflow/.local/lib/python3.7/site-packages/airflow/example_dags/example_branch_labels.py
[2023-05-16T01:14:35.158+0000] {processor.py:753} INFO - DAG(s) dict_keys(['example_branch_labels']) retrieved from /home/airflow/.local/lib/python3.7/site-packages/airflow/example_dags/example_branch_labels.py
[2023-05-16T01:14:35.203+0000] {logging_mixin.py:137} INFO - [2023-05-16T01:14:35.203+0000] {dag.py:2705} INFO - Sync 1 DAGs
[2023-05-16T01:14:35.250+0000] {logging_mixin.py:137} INFO - [2023-05-16T01:14:35.250+0000] {dag.py:3456} INFO - Setting next_dagrun for example_branch_labels to 2023-05-15T00:00:00+00:00, run_after=2023-05-16T00:00:00+00:00
[2023-05-16T01:14:35.277+0000] {processor.py:175} INFO - Processing /home/airflow/.local/lib/python3.7/site-packages/airflow/example_dags/example_branch_labels.py took 0.162 seconds
[2023-05-16T01:15:05.405+0000] {processor.py:153} INFO - Started process (PID=17633) to work on /home/airflow/.local/lib/python3.7/site-packages/airflow/example_dags/example_branch_labels.py
[2023-05-16T01:15:05.408+0000] {processor.py:743} INFO - Processing file /home/airflow/.local/lib/python3.7/site-packages/airflow/example_dags/example_branch_labels.py for tasks to queue
[2023-05-16T01:15:05.412+0000] {logging_mixin.py:137} INFO - [2023-05-16T01:15:05.411+0000] {dagbag.py:532} INFO - Filling up the DagBag from /home/airflow/.local/lib/python3.7/site-packages/airflow/example_dags/example_branch_labels.py
[2023-05-16T01:15:05.446+0000] {processor.py:753} INFO - DAG(s) dict_keys(['example_branch_labels']) retrieved from /home/airflow/.local/lib/python3.7/site-packages/airflow/example_dags/example_branch_labels.py
[2023-05-16T01:15:05.501+0000] {logging_mixin.py:137} INFO - [2023-05-16T01:15:05.501+0000] {dag.py:2705} INFO - Sync 1 DAGs
[2023-05-16T01:15:05.542+0000] {logging_mixin.py:137} INFO - [2023-05-16T01:15:05.542+0000] {dag.py:3456} INFO - Setting next_dagrun for example_branch_labels to 2023-05-15T00:00:00+00:00, run_after=2023-05-16T00:00:00+00:00
[2023-05-16T01:15:05.581+0000] {processor.py:175} INFO - Processing /home/airflow/.local/lib/python3.7/site-packages/airflow/example_dags/example_branch_labels.py took 0.184 seconds
[2023-05-16T01:15:36.098+0000] {processor.py:153} INFO - Started process (PID=17685) to work on /home/airflow/.local/lib/python3.7/site-packages/airflow/example_dags/example_branch_labels.py
[2023-05-16T01:15:36.101+0000] {processor.py:743} INFO - Processing file /home/airflow/.local/lib/python3.7/site-packages/airflow/example_dags/example_branch_labels.py for tasks to queue
[2023-05-16T01:15:36.104+0000] {logging_mixin.py:137} INFO - [2023-05-16T01:15:36.103+0000] {dagbag.py:532} INFO - Filling up the DagBag from /home/airflow/.local/lib/python3.7/site-packages/airflow/example_dags/example_branch_labels.py
[2023-05-16T01:15:36.145+0000] {processor.py:753} INFO - DAG(s) dict_keys(['example_branch_labels']) retrieved from /home/airflow/.local/lib/python3.7/site-packages/airflow/example_dags/example_branch_labels.py
[2023-05-16T01:15:36.201+0000] {logging_mixin.py:137} INFO - [2023-05-16T01:15:36.201+0000] {dag.py:2705} INFO - Sync 1 DAGs
[2023-05-16T01:15:36.248+0000] {logging_mixin.py:137} INFO - [2023-05-16T01:15:36.247+0000] {dag.py:3456} INFO - Setting next_dagrun for example_branch_labels to 2023-05-15T00:00:00+00:00, run_after=2023-05-16T00:00:00+00:00
[2023-05-16T01:15:36.301+0000] {processor.py:175} INFO - Processing /home/airflow/.local/lib/python3.7/site-packages/airflow/example_dags/example_branch_labels.py took 0.213 seconds
[2023-05-16T01:16:06.651+0000] {processor.py:153} INFO - Started process (PID=17737) to work on /home/airflow/.local/lib/python3.7/site-packages/airflow/example_dags/example_branch_labels.py
[2023-05-16T01:16:06.652+0000] {processor.py:743} INFO - Processing file /home/airflow/.local/lib/python3.7/site-packages/airflow/example_dags/example_branch_labels.py for tasks to queue
[2023-05-16T01:16:06.656+0000] {logging_mixin.py:137} INFO - [2023-05-16T01:16:06.655+0000] {dagbag.py:532} INFO - Filling up the DagBag from /home/airflow/.local/lib/python3.7/site-packages/airflow/example_dags/example_branch_labels.py
[2023-05-16T01:16:06.683+0000] {processor.py:753} INFO - DAG(s) dict_keys(['example_branch_labels']) retrieved from /home/airflow/.local/lib/python3.7/site-packages/airflow/example_dags/example_branch_labels.py
[2023-05-16T01:16:06.731+0000] {logging_mixin.py:137} INFO - [2023-05-16T01:16:06.731+0000] {dag.py:2705} INFO - Sync 1 DAGs
[2023-05-16T01:16:06.771+0000] {logging_mixin.py:137} INFO - [2023-05-16T01:16:06.771+0000] {dag.py:3456} INFO - Setting next_dagrun for example_branch_labels to 2023-05-15T00:00:00+00:00, run_after=2023-05-16T00:00:00+00:00
[2023-05-16T01:16:06.802+0000] {processor.py:175} INFO - Processing /home/airflow/.local/lib/python3.7/site-packages/airflow/example_dags/example_branch_labels.py took 0.158 seconds
[2023-05-16T01:16:37.158+0000] {processor.py:153} INFO - Started process (PID=17789) to work on /home/airflow/.local/lib/python3.7/site-packages/airflow/example_dags/example_branch_labels.py
[2023-05-16T01:16:37.162+0000] {processor.py:743} INFO - Processing file /home/airflow/.local/lib/python3.7/site-packages/airflow/example_dags/example_branch_labels.py for tasks to queue
[2023-05-16T01:16:37.165+0000] {logging_mixin.py:137} INFO - [2023-05-16T01:16:37.165+0000] {dagbag.py:532} INFO - Filling up the DagBag from /home/airflow/.local/lib/python3.7/site-packages/airflow/example_dags/example_branch_labels.py
[2023-05-16T01:16:37.198+0000] {processor.py:753} INFO - DAG(s) dict_keys(['example_branch_labels']) retrieved from /home/airflow/.local/lib/python3.7/site-packages/airflow/example_dags/example_branch_labels.py
[2023-05-16T01:16:37.239+0000] {logging_mixin.py:137} INFO - [2023-05-16T01:16:37.239+0000] {dag.py:2705} INFO - Sync 1 DAGs
[2023-05-16T01:16:37.285+0000] {logging_mixin.py:137} INFO - [2023-05-16T01:16:37.285+0000] {dag.py:3456} INFO - Setting next_dagrun for example_branch_labels to 2023-05-15T00:00:00+00:00, run_after=2023-05-16T00:00:00+00:00
[2023-05-16T01:16:37.328+0000] {processor.py:175} INFO - Processing /home/airflow/.local/lib/python3.7/site-packages/airflow/example_dags/example_branch_labels.py took 0.181 seconds
[2023-05-16T01:17:07.882+0000] {processor.py:153} INFO - Started process (PID=17841) to work on /home/airflow/.local/lib/python3.7/site-packages/airflow/example_dags/example_branch_labels.py
[2023-05-16T01:17:07.884+0000] {processor.py:743} INFO - Processing file /home/airflow/.local/lib/python3.7/site-packages/airflow/example_dags/example_branch_labels.py for tasks to queue
[2023-05-16T01:17:07.886+0000] {logging_mixin.py:137} INFO - [2023-05-16T01:17:07.886+0000] {dagbag.py:532} INFO - Filling up the DagBag from /home/airflow/.local/lib/python3.7/site-packages/airflow/example_dags/example_branch_labels.py
[2023-05-16T01:17:07.922+0000] {processor.py:753} INFO - DAG(s) dict_keys(['example_branch_labels']) retrieved from /home/airflow/.local/lib/python3.7/site-packages/airflow/example_dags/example_branch_labels.py
[2023-05-16T01:17:07.976+0000] {logging_mixin.py:137} INFO - [2023-05-16T01:17:07.976+0000] {dag.py:2705} INFO - Sync 1 DAGs
[2023-05-16T01:17:08.019+0000] {logging_mixin.py:137} INFO - [2023-05-16T01:17:08.019+0000] {dag.py:3456} INFO - Setting next_dagrun for example_branch_labels to 2023-05-15T00:00:00+00:00, run_after=2023-05-16T00:00:00+00:00
[2023-05-16T01:17:08.049+0000] {processor.py:175} INFO - Processing /home/airflow/.local/lib/python3.7/site-packages/airflow/example_dags/example_branch_labels.py took 0.176 seconds
[2023-05-16T01:17:38.578+0000] {processor.py:153} INFO - Started process (PID=17894) to work on /home/airflow/.local/lib/python3.7/site-packages/airflow/example_dags/example_branch_labels.py
[2023-05-16T01:17:38.586+0000] {processor.py:743} INFO - Processing file /home/airflow/.local/lib/python3.7/site-packages/airflow/example_dags/example_branch_labels.py for tasks to queue
[2023-05-16T01:17:38.588+0000] {logging_mixin.py:137} INFO - [2023-05-16T01:17:38.588+0000] {dagbag.py:532} INFO - Filling up the DagBag from /home/airflow/.local/lib/python3.7/site-packages/airflow/example_dags/example_branch_labels.py
[2023-05-16T01:17:38.655+0000] {processor.py:753} INFO - DAG(s) dict_keys(['example_branch_labels']) retrieved from /home/airflow/.local/lib/python3.7/site-packages/airflow/example_dags/example_branch_labels.py
[2023-05-16T01:17:38.754+0000] {logging_mixin.py:137} INFO - [2023-05-16T01:17:38.754+0000] {dag.py:2705} INFO - Sync 1 DAGs
[2023-05-16T01:17:38.835+0000] {logging_mixin.py:137} INFO - [2023-05-16T01:17:38.833+0000] {dag.py:3456} INFO - Setting next_dagrun for example_branch_labels to 2023-05-15T00:00:00+00:00, run_after=2023-05-16T00:00:00+00:00
[2023-05-16T01:17:38.895+0000] {processor.py:175} INFO - Processing /home/airflow/.local/lib/python3.7/site-packages/airflow/example_dags/example_branch_labels.py took 0.325 seconds
[2023-05-16T01:18:09.523+0000] {processor.py:153} INFO - Started process (PID=17946) to work on /home/airflow/.local/lib/python3.7/site-packages/airflow/example_dags/example_branch_labels.py
[2023-05-16T01:18:09.529+0000] {processor.py:743} INFO - Processing file /home/airflow/.local/lib/python3.7/site-packages/airflow/example_dags/example_branch_labels.py for tasks to queue
[2023-05-16T01:18:09.534+0000] {logging_mixin.py:137} INFO - [2023-05-16T01:18:09.533+0000] {dagbag.py:532} INFO - Filling up the DagBag from /home/airflow/.local/lib/python3.7/site-packages/airflow/example_dags/example_branch_labels.py
[2023-05-16T01:18:09.584+0000] {processor.py:753} INFO - DAG(s) dict_keys(['example_branch_labels']) retrieved from /home/airflow/.local/lib/python3.7/site-packages/airflow/example_dags/example_branch_labels.py
[2023-05-16T01:18:09.664+0000] {logging_mixin.py:137} INFO - [2023-05-16T01:18:09.664+0000] {dag.py:2705} INFO - Sync 1 DAGs
[2023-05-16T01:18:09.759+0000] {logging_mixin.py:137} INFO - [2023-05-16T01:18:09.759+0000] {dag.py:3456} INFO - Setting next_dagrun for example_branch_labels to 2023-05-15T00:00:00+00:00, run_after=2023-05-16T00:00:00+00:00
[2023-05-16T01:18:09.836+0000] {processor.py:175} INFO - Processing /home/airflow/.local/lib/python3.7/site-packages/airflow/example_dags/example_branch_labels.py took 0.328 seconds
[2023-05-16T01:18:40.006+0000] {processor.py:153} INFO - Started process (PID=17998) to work on /home/airflow/.local/lib/python3.7/site-packages/airflow/example_dags/example_branch_labels.py
[2023-05-16T01:18:40.008+0000] {processor.py:743} INFO - Processing file /home/airflow/.local/lib/python3.7/site-packages/airflow/example_dags/example_branch_labels.py for tasks to queue
[2023-05-16T01:18:40.011+0000] {logging_mixin.py:137} INFO - [2023-05-16T01:18:40.010+0000] {dagbag.py:532} INFO - Filling up the DagBag from /home/airflow/.local/lib/python3.7/site-packages/airflow/example_dags/example_branch_labels.py
[2023-05-16T01:18:40.044+0000] {processor.py:753} INFO - DAG(s) dict_keys(['example_branch_labels']) retrieved from /home/airflow/.local/lib/python3.7/site-packages/airflow/example_dags/example_branch_labels.py
[2023-05-16T01:18:40.101+0000] {logging_mixin.py:137} INFO - [2023-05-16T01:18:40.101+0000] {dag.py:2705} INFO - Sync 1 DAGs
[2023-05-16T01:18:40.142+0000] {logging_mixin.py:137} INFO - [2023-05-16T01:18:40.142+0000] {dag.py:3456} INFO - Setting next_dagrun for example_branch_labels to 2023-05-15T00:00:00+00:00, run_after=2023-05-16T00:00:00+00:00
[2023-05-16T01:18:40.177+0000] {processor.py:175} INFO - Processing /home/airflow/.local/lib/python3.7/site-packages/airflow/example_dags/example_branch_labels.py took 0.180 seconds
[2023-05-16T01:19:10.604+0000] {processor.py:153} INFO - Started process (PID=18051) to work on /home/airflow/.local/lib/python3.7/site-packages/airflow/example_dags/example_branch_labels.py
[2023-05-16T01:19:10.608+0000] {processor.py:743} INFO - Processing file /home/airflow/.local/lib/python3.7/site-packages/airflow/example_dags/example_branch_labels.py for tasks to queue
[2023-05-16T01:19:10.611+0000] {logging_mixin.py:137} INFO - [2023-05-16T01:19:10.611+0000] {dagbag.py:532} INFO - Filling up the DagBag from /home/airflow/.local/lib/python3.7/site-packages/airflow/example_dags/example_branch_labels.py
[2023-05-16T01:19:10.647+0000] {processor.py:753} INFO - DAG(s) dict_keys(['example_branch_labels']) retrieved from /home/airflow/.local/lib/python3.7/site-packages/airflow/example_dags/example_branch_labels.py
[2023-05-16T01:19:10.727+0000] {logging_mixin.py:137} INFO - [2023-05-16T01:19:10.727+0000] {dag.py:2705} INFO - Sync 1 DAGs
[2023-05-16T01:19:10.791+0000] {logging_mixin.py:137} INFO - [2023-05-16T01:19:10.790+0000] {dag.py:3456} INFO - Setting next_dagrun for example_branch_labels to 2023-05-15T00:00:00+00:00, run_after=2023-05-16T00:00:00+00:00
[2023-05-16T01:19:10.826+0000] {processor.py:175} INFO - Processing /home/airflow/.local/lib/python3.7/site-packages/airflow/example_dags/example_branch_labels.py took 0.232 seconds
[2023-05-16T01:19:41.701+0000] {processor.py:153} INFO - Started process (PID=18102) to work on /home/airflow/.local/lib/python3.7/site-packages/airflow/example_dags/example_branch_labels.py
[2023-05-16T01:19:41.704+0000] {processor.py:743} INFO - Processing file /home/airflow/.local/lib/python3.7/site-packages/airflow/example_dags/example_branch_labels.py for tasks to queue
[2023-05-16T01:19:41.708+0000] {logging_mixin.py:137} INFO - [2023-05-16T01:19:41.707+0000] {dagbag.py:532} INFO - Filling up the DagBag from /home/airflow/.local/lib/python3.7/site-packages/airflow/example_dags/example_branch_labels.py
[2023-05-16T01:19:41.737+0000] {processor.py:753} INFO - DAG(s) dict_keys(['example_branch_labels']) retrieved from /home/airflow/.local/lib/python3.7/site-packages/airflow/example_dags/example_branch_labels.py
[2023-05-16T01:19:41.785+0000] {logging_mixin.py:137} INFO - [2023-05-16T01:19:41.784+0000] {dag.py:2705} INFO - Sync 1 DAGs
[2023-05-16T01:19:41.905+0000] {logging_mixin.py:137} INFO - [2023-05-16T01:19:41.903+0000] {dag.py:3456} INFO - Setting next_dagrun for example_branch_labels to 2023-05-15T00:00:00+00:00, run_after=2023-05-16T00:00:00+00:00
[2023-05-16T01:19:42.003+0000] {processor.py:175} INFO - Processing /home/airflow/.local/lib/python3.7/site-packages/airflow/example_dags/example_branch_labels.py took 0.313 seconds
[2023-05-16T01:20:12.491+0000] {processor.py:153} INFO - Started process (PID=18154) to work on /home/airflow/.local/lib/python3.7/site-packages/airflow/example_dags/example_branch_labels.py
[2023-05-16T01:20:12.493+0000] {processor.py:743} INFO - Processing file /home/airflow/.local/lib/python3.7/site-packages/airflow/example_dags/example_branch_labels.py for tasks to queue
[2023-05-16T01:20:12.496+0000] {logging_mixin.py:137} INFO - [2023-05-16T01:20:12.495+0000] {dagbag.py:532} INFO - Filling up the DagBag from /home/airflow/.local/lib/python3.7/site-packages/airflow/example_dags/example_branch_labels.py
[2023-05-16T01:20:12.527+0000] {processor.py:753} INFO - DAG(s) dict_keys(['example_branch_labels']) retrieved from /home/airflow/.local/lib/python3.7/site-packages/airflow/example_dags/example_branch_labels.py
[2023-05-16T01:20:12.582+0000] {logging_mixin.py:137} INFO - [2023-05-16T01:20:12.581+0000] {dag.py:2705} INFO - Sync 1 DAGs
[2023-05-16T01:20:12.629+0000] {logging_mixin.py:137} INFO - [2023-05-16T01:20:12.629+0000] {dag.py:3456} INFO - Setting next_dagrun for example_branch_labels to 2023-05-15T00:00:00+00:00, run_after=2023-05-16T00:00:00+00:00
[2023-05-16T01:20:12.655+0000] {processor.py:175} INFO - Processing /home/airflow/.local/lib/python3.7/site-packages/airflow/example_dags/example_branch_labels.py took 0.173 seconds
[2023-05-16T01:20:42.991+0000] {processor.py:153} INFO - Started process (PID=18206) to work on /home/airflow/.local/lib/python3.7/site-packages/airflow/example_dags/example_branch_labels.py
[2023-05-16T01:20:42.999+0000] {processor.py:743} INFO - Processing file /home/airflow/.local/lib/python3.7/site-packages/airflow/example_dags/example_branch_labels.py for tasks to queue
[2023-05-16T01:20:43.002+0000] {logging_mixin.py:137} INFO - [2023-05-16T01:20:43.001+0000] {dagbag.py:532} INFO - Filling up the DagBag from /home/airflow/.local/lib/python3.7/site-packages/airflow/example_dags/example_branch_labels.py
[2023-05-16T01:20:43.036+0000] {processor.py:753} INFO - DAG(s) dict_keys(['example_branch_labels']) retrieved from /home/airflow/.local/lib/python3.7/site-packages/airflow/example_dags/example_branch_labels.py
[2023-05-16T01:20:43.091+0000] {logging_mixin.py:137} INFO - [2023-05-16T01:20:43.090+0000] {dag.py:2705} INFO - Sync 1 DAGs
[2023-05-16T01:20:43.145+0000] {logging_mixin.py:137} INFO - [2023-05-16T01:20:43.145+0000] {dag.py:3456} INFO - Setting next_dagrun for example_branch_labels to 2023-05-15T00:00:00+00:00, run_after=2023-05-16T00:00:00+00:00
[2023-05-16T01:20:43.170+0000] {processor.py:175} INFO - Processing /home/airflow/.local/lib/python3.7/site-packages/airflow/example_dags/example_branch_labels.py took 0.186 seconds
[2023-05-16T01:21:13.932+0000] {processor.py:153} INFO - Started process (PID=18257) to work on /home/airflow/.local/lib/python3.7/site-packages/airflow/example_dags/example_branch_labels.py
[2023-05-16T01:21:13.935+0000] {processor.py:743} INFO - Processing file /home/airflow/.local/lib/python3.7/site-packages/airflow/example_dags/example_branch_labels.py for tasks to queue
[2023-05-16T01:21:13.940+0000] {logging_mixin.py:137} INFO - [2023-05-16T01:21:13.940+0000] {dagbag.py:532} INFO - Filling up the DagBag from /home/airflow/.local/lib/python3.7/site-packages/airflow/example_dags/example_branch_labels.py
[2023-05-16T01:21:13.976+0000] {processor.py:753} INFO - DAG(s) dict_keys(['example_branch_labels']) retrieved from /home/airflow/.local/lib/python3.7/site-packages/airflow/example_dags/example_branch_labels.py
[2023-05-16T01:21:14.030+0000] {logging_mixin.py:137} INFO - [2023-05-16T01:21:14.029+0000] {dag.py:2705} INFO - Sync 1 DAGs
[2023-05-16T01:21:14.082+0000] {logging_mixin.py:137} INFO - [2023-05-16T01:21:14.081+0000] {dag.py:3456} INFO - Setting next_dagrun for example_branch_labels to 2023-05-15T00:00:00+00:00, run_after=2023-05-16T00:00:00+00:00
[2023-05-16T01:21:14.111+0000] {processor.py:175} INFO - Processing /home/airflow/.local/lib/python3.7/site-packages/airflow/example_dags/example_branch_labels.py took 0.191 seconds
[2023-05-16T01:21:45.305+0000] {processor.py:153} INFO - Started process (PID=18309) to work on /home/airflow/.local/lib/python3.7/site-packages/airflow/example_dags/example_branch_labels.py
[2023-05-16T01:21:45.312+0000] {processor.py:743} INFO - Processing file /home/airflow/.local/lib/python3.7/site-packages/airflow/example_dags/example_branch_labels.py for tasks to queue
[2023-05-16T01:21:45.319+0000] {logging_mixin.py:137} INFO - [2023-05-16T01:21:45.317+0000] {dagbag.py:532} INFO - Filling up the DagBag from /home/airflow/.local/lib/python3.7/site-packages/airflow/example_dags/example_branch_labels.py
[2023-05-16T01:21:45.371+0000] {processor.py:753} INFO - DAG(s) dict_keys(['example_branch_labels']) retrieved from /home/airflow/.local/lib/python3.7/site-packages/airflow/example_dags/example_branch_labels.py
[2023-05-16T01:21:45.514+0000] {logging_mixin.py:137} INFO - [2023-05-16T01:21:45.514+0000] {dag.py:2705} INFO - Sync 1 DAGs
[2023-05-16T01:21:45.617+0000] {logging_mixin.py:137} INFO - [2023-05-16T01:21:45.616+0000] {dag.py:3456} INFO - Setting next_dagrun for example_branch_labels to 2023-05-15T00:00:00+00:00, run_after=2023-05-16T00:00:00+00:00
[2023-05-16T01:21:45.679+0000] {processor.py:175} INFO - Processing /home/airflow/.local/lib/python3.7/site-packages/airflow/example_dags/example_branch_labels.py took 0.393 seconds
[2023-05-16T01:22:16.331+0000] {processor.py:153} INFO - Started process (PID=18362) to work on /home/airflow/.local/lib/python3.7/site-packages/airflow/example_dags/example_branch_labels.py
[2023-05-16T01:22:16.339+0000] {processor.py:743} INFO - Processing file /home/airflow/.local/lib/python3.7/site-packages/airflow/example_dags/example_branch_labels.py for tasks to queue
[2023-05-16T01:22:16.341+0000] {logging_mixin.py:137} INFO - [2023-05-16T01:22:16.341+0000] {dagbag.py:532} INFO - Filling up the DagBag from /home/airflow/.local/lib/python3.7/site-packages/airflow/example_dags/example_branch_labels.py
[2023-05-16T01:22:16.384+0000] {processor.py:753} INFO - DAG(s) dict_keys(['example_branch_labels']) retrieved from /home/airflow/.local/lib/python3.7/site-packages/airflow/example_dags/example_branch_labels.py
[2023-05-16T01:22:16.547+0000] {logging_mixin.py:137} INFO - [2023-05-16T01:22:16.546+0000] {dag.py:2705} INFO - Sync 1 DAGs
[2023-05-16T01:22:16.627+0000] {logging_mixin.py:137} INFO - [2023-05-16T01:22:16.627+0000] {dag.py:3456} INFO - Setting next_dagrun for example_branch_labels to 2023-05-15T00:00:00+00:00, run_after=2023-05-16T00:00:00+00:00
[2023-05-16T01:22:16.671+0000] {processor.py:175} INFO - Processing /home/airflow/.local/lib/python3.7/site-packages/airflow/example_dags/example_branch_labels.py took 0.357 seconds
[2023-05-16T01:22:46.780+0000] {processor.py:153} INFO - Started process (PID=18414) to work on /home/airflow/.local/lib/python3.7/site-packages/airflow/example_dags/example_branch_labels.py
[2023-05-16T01:22:46.783+0000] {processor.py:743} INFO - Processing file /home/airflow/.local/lib/python3.7/site-packages/airflow/example_dags/example_branch_labels.py for tasks to queue
[2023-05-16T01:22:46.787+0000] {logging_mixin.py:137} INFO - [2023-05-16T01:22:46.786+0000] {dagbag.py:532} INFO - Filling up the DagBag from /home/airflow/.local/lib/python3.7/site-packages/airflow/example_dags/example_branch_labels.py
[2023-05-16T01:22:46.812+0000] {processor.py:753} INFO - DAG(s) dict_keys(['example_branch_labels']) retrieved from /home/airflow/.local/lib/python3.7/site-packages/airflow/example_dags/example_branch_labels.py
[2023-05-16T01:22:46.855+0000] {logging_mixin.py:137} INFO - [2023-05-16T01:22:46.855+0000] {dag.py:2705} INFO - Sync 1 DAGs
[2023-05-16T01:22:46.900+0000] {logging_mixin.py:137} INFO - [2023-05-16T01:22:46.899+0000] {dag.py:3456} INFO - Setting next_dagrun for example_branch_labels to 2023-05-15T00:00:00+00:00, run_after=2023-05-16T00:00:00+00:00
[2023-05-16T01:22:46.934+0000] {processor.py:175} INFO - Processing /home/airflow/.local/lib/python3.7/site-packages/airflow/example_dags/example_branch_labels.py took 0.163 seconds
[2023-05-16T01:23:17.275+0000] {processor.py:153} INFO - Started process (PID=18466) to work on /home/airflow/.local/lib/python3.7/site-packages/airflow/example_dags/example_branch_labels.py
[2023-05-16T01:23:17.277+0000] {processor.py:743} INFO - Processing file /home/airflow/.local/lib/python3.7/site-packages/airflow/example_dags/example_branch_labels.py for tasks to queue
[2023-05-16T01:23:17.280+0000] {logging_mixin.py:137} INFO - [2023-05-16T01:23:17.280+0000] {dagbag.py:532} INFO - Filling up the DagBag from /home/airflow/.local/lib/python3.7/site-packages/airflow/example_dags/example_branch_labels.py
[2023-05-16T01:23:17.307+0000] {processor.py:753} INFO - DAG(s) dict_keys(['example_branch_labels']) retrieved from /home/airflow/.local/lib/python3.7/site-packages/airflow/example_dags/example_branch_labels.py
[2023-05-16T01:23:17.367+0000] {logging_mixin.py:137} INFO - [2023-05-16T01:23:17.367+0000] {dag.py:2705} INFO - Sync 1 DAGs
[2023-05-16T01:23:17.408+0000] {logging_mixin.py:137} INFO - [2023-05-16T01:23:17.408+0000] {dag.py:3456} INFO - Setting next_dagrun for example_branch_labels to 2023-05-15T00:00:00+00:00, run_after=2023-05-16T00:00:00+00:00
[2023-05-16T01:23:17.436+0000] {processor.py:175} INFO - Processing /home/airflow/.local/lib/python3.7/site-packages/airflow/example_dags/example_branch_labels.py took 0.167 seconds
[2023-05-16T01:23:47.861+0000] {processor.py:153} INFO - Started process (PID=18525) to work on /home/airflow/.local/lib/python3.7/site-packages/airflow/example_dags/example_branch_labels.py
[2023-05-16T01:23:47.863+0000] {processor.py:743} INFO - Processing file /home/airflow/.local/lib/python3.7/site-packages/airflow/example_dags/example_branch_labels.py for tasks to queue
[2023-05-16T01:23:47.865+0000] {logging_mixin.py:137} INFO - [2023-05-16T01:23:47.865+0000] {dagbag.py:532} INFO - Filling up the DagBag from /home/airflow/.local/lib/python3.7/site-packages/airflow/example_dags/example_branch_labels.py
[2023-05-16T01:23:47.892+0000] {processor.py:753} INFO - DAG(s) dict_keys(['example_branch_labels']) retrieved from /home/airflow/.local/lib/python3.7/site-packages/airflow/example_dags/example_branch_labels.py
[2023-05-16T01:23:47.941+0000] {logging_mixin.py:137} INFO - [2023-05-16T01:23:47.940+0000] {dag.py:2705} INFO - Sync 1 DAGs
[2023-05-16T01:23:47.995+0000] {logging_mixin.py:137} INFO - [2023-05-16T01:23:47.995+0000] {dag.py:3456} INFO - Setting next_dagrun for example_branch_labels to 2023-05-15T00:00:00+00:00, run_after=2023-05-16T00:00:00+00:00
[2023-05-16T01:23:48.028+0000] {processor.py:175} INFO - Processing /home/airflow/.local/lib/python3.7/site-packages/airflow/example_dags/example_branch_labels.py took 0.176 seconds
[2023-05-16T01:24:18.594+0000] {processor.py:153} INFO - Started process (PID=18577) to work on /home/airflow/.local/lib/python3.7/site-packages/airflow/example_dags/example_branch_labels.py
[2023-05-16T01:24:18.596+0000] {processor.py:743} INFO - Processing file /home/airflow/.local/lib/python3.7/site-packages/airflow/example_dags/example_branch_labels.py for tasks to queue
[2023-05-16T01:24:18.600+0000] {logging_mixin.py:137} INFO - [2023-05-16T01:24:18.600+0000] {dagbag.py:532} INFO - Filling up the DagBag from /home/airflow/.local/lib/python3.7/site-packages/airflow/example_dags/example_branch_labels.py
[2023-05-16T01:24:18.625+0000] {processor.py:753} INFO - DAG(s) dict_keys(['example_branch_labels']) retrieved from /home/airflow/.local/lib/python3.7/site-packages/airflow/example_dags/example_branch_labels.py
[2023-05-16T01:24:18.681+0000] {logging_mixin.py:137} INFO - [2023-05-16T01:24:18.681+0000] {dag.py:2705} INFO - Sync 1 DAGs
[2023-05-16T01:24:18.757+0000] {logging_mixin.py:137} INFO - [2023-05-16T01:24:18.757+0000] {dag.py:3456} INFO - Setting next_dagrun for example_branch_labels to 2023-05-15T00:00:00+00:00, run_after=2023-05-16T00:00:00+00:00
[2023-05-16T01:24:18.803+0000] {processor.py:175} INFO - Processing /home/airflow/.local/lib/python3.7/site-packages/airflow/example_dags/example_branch_labels.py took 0.215 seconds
[2023-05-16T01:24:48.920+0000] {processor.py:153} INFO - Started process (PID=18629) to work on /home/airflow/.local/lib/python3.7/site-packages/airflow/example_dags/example_branch_labels.py
[2023-05-16T01:24:48.924+0000] {processor.py:743} INFO - Processing file /home/airflow/.local/lib/python3.7/site-packages/airflow/example_dags/example_branch_labels.py for tasks to queue
[2023-05-16T01:24:48.936+0000] {logging_mixin.py:137} INFO - [2023-05-16T01:24:48.936+0000] {dagbag.py:532} INFO - Filling up the DagBag from /home/airflow/.local/lib/python3.7/site-packages/airflow/example_dags/example_branch_labels.py
[2023-05-16T01:24:48.996+0000] {processor.py:753} INFO - DAG(s) dict_keys(['example_branch_labels']) retrieved from /home/airflow/.local/lib/python3.7/site-packages/airflow/example_dags/example_branch_labels.py
[2023-05-16T01:24:49.076+0000] {logging_mixin.py:137} INFO - [2023-05-16T01:24:49.076+0000] {dag.py:2705} INFO - Sync 1 DAGs
[2023-05-16T01:24:49.136+0000] {logging_mixin.py:137} INFO - [2023-05-16T01:24:49.135+0000] {dag.py:3456} INFO - Setting next_dagrun for example_branch_labels to 2023-05-15T00:00:00+00:00, run_after=2023-05-16T00:00:00+00:00
[2023-05-16T01:24:49.179+0000] {processor.py:175} INFO - Processing /home/airflow/.local/lib/python3.7/site-packages/airflow/example_dags/example_branch_labels.py took 0.278 seconds
[2023-05-16T01:25:19.821+0000] {processor.py:153} INFO - Started process (PID=18681) to work on /home/airflow/.local/lib/python3.7/site-packages/airflow/example_dags/example_branch_labels.py
[2023-05-16T01:25:19.823+0000] {processor.py:743} INFO - Processing file /home/airflow/.local/lib/python3.7/site-packages/airflow/example_dags/example_branch_labels.py for tasks to queue
[2023-05-16T01:25:19.827+0000] {logging_mixin.py:137} INFO - [2023-05-16T01:25:19.827+0000] {dagbag.py:532} INFO - Filling up the DagBag from /home/airflow/.local/lib/python3.7/site-packages/airflow/example_dags/example_branch_labels.py
[2023-05-16T01:25:19.863+0000] {processor.py:753} INFO - DAG(s) dict_keys(['example_branch_labels']) retrieved from /home/airflow/.local/lib/python3.7/site-packages/airflow/example_dags/example_branch_labels.py
[2023-05-16T01:25:19.904+0000] {logging_mixin.py:137} INFO - [2023-05-16T01:25:19.903+0000] {dag.py:2705} INFO - Sync 1 DAGs
[2023-05-16T01:25:19.939+0000] {logging_mixin.py:137} INFO - [2023-05-16T01:25:19.939+0000] {dag.py:3456} INFO - Setting next_dagrun for example_branch_labels to 2023-05-15T00:00:00+00:00, run_after=2023-05-16T00:00:00+00:00
[2023-05-16T01:25:19.964+0000] {processor.py:175} INFO - Processing /home/airflow/.local/lib/python3.7/site-packages/airflow/example_dags/example_branch_labels.py took 0.151 seconds
[2023-05-16T01:25:51.383+0000] {processor.py:153} INFO - Started process (PID=18733) to work on /home/airflow/.local/lib/python3.7/site-packages/airflow/example_dags/example_branch_labels.py
[2023-05-16T01:25:51.386+0000] {processor.py:743} INFO - Processing file /home/airflow/.local/lib/python3.7/site-packages/airflow/example_dags/example_branch_labels.py for tasks to queue
[2023-05-16T01:25:51.392+0000] {logging_mixin.py:137} INFO - [2023-05-16T01:25:51.391+0000] {dagbag.py:532} INFO - Filling up the DagBag from /home/airflow/.local/lib/python3.7/site-packages/airflow/example_dags/example_branch_labels.py
[2023-05-16T01:25:51.428+0000] {processor.py:753} INFO - DAG(s) dict_keys(['example_branch_labels']) retrieved from /home/airflow/.local/lib/python3.7/site-packages/airflow/example_dags/example_branch_labels.py
[2023-05-16T01:25:51.486+0000] {logging_mixin.py:137} INFO - [2023-05-16T01:25:51.485+0000] {dag.py:2705} INFO - Sync 1 DAGs
[2023-05-16T01:25:51.524+0000] {logging_mixin.py:137} INFO - [2023-05-16T01:25:51.524+0000] {dag.py:3456} INFO - Setting next_dagrun for example_branch_labels to 2023-05-15T00:00:00+00:00, run_after=2023-05-16T00:00:00+00:00
[2023-05-16T01:25:51.552+0000] {processor.py:175} INFO - Processing /home/airflow/.local/lib/python3.7/site-packages/airflow/example_dags/example_branch_labels.py took 0.175 seconds
[2023-05-16T01:26:22.757+0000] {processor.py:153} INFO - Started process (PID=18785) to work on /home/airflow/.local/lib/python3.7/site-packages/airflow/example_dags/example_branch_labels.py
[2023-05-16T01:26:22.760+0000] {processor.py:743} INFO - Processing file /home/airflow/.local/lib/python3.7/site-packages/airflow/example_dags/example_branch_labels.py for tasks to queue
[2023-05-16T01:26:22.762+0000] {logging_mixin.py:137} INFO - [2023-05-16T01:26:22.762+0000] {dagbag.py:532} INFO - Filling up the DagBag from /home/airflow/.local/lib/python3.7/site-packages/airflow/example_dags/example_branch_labels.py
[2023-05-16T01:26:22.789+0000] {processor.py:753} INFO - DAG(s) dict_keys(['example_branch_labels']) retrieved from /home/airflow/.local/lib/python3.7/site-packages/airflow/example_dags/example_branch_labels.py
[2023-05-16T01:26:22.832+0000] {logging_mixin.py:137} INFO - [2023-05-16T01:26:22.831+0000] {dag.py:2705} INFO - Sync 1 DAGs
[2023-05-16T01:26:22.875+0000] {logging_mixin.py:137} INFO - [2023-05-16T01:26:22.875+0000] {dag.py:3456} INFO - Setting next_dagrun for example_branch_labels to 2023-05-15T00:00:00+00:00, run_after=2023-05-16T00:00:00+00:00
[2023-05-16T01:26:22.905+0000] {processor.py:175} INFO - Processing /home/airflow/.local/lib/python3.7/site-packages/airflow/example_dags/example_branch_labels.py took 0.157 seconds
[2023-05-16T01:26:53.865+0000] {processor.py:153} INFO - Started process (PID=18837) to work on /home/airflow/.local/lib/python3.7/site-packages/airflow/example_dags/example_branch_labels.py
[2023-05-16T01:26:53.868+0000] {processor.py:743} INFO - Processing file /home/airflow/.local/lib/python3.7/site-packages/airflow/example_dags/example_branch_labels.py for tasks to queue
[2023-05-16T01:26:53.872+0000] {logging_mixin.py:137} INFO - [2023-05-16T01:26:53.871+0000] {dagbag.py:532} INFO - Filling up the DagBag from /home/airflow/.local/lib/python3.7/site-packages/airflow/example_dags/example_branch_labels.py
[2023-05-16T01:26:53.908+0000] {processor.py:753} INFO - DAG(s) dict_keys(['example_branch_labels']) retrieved from /home/airflow/.local/lib/python3.7/site-packages/airflow/example_dags/example_branch_labels.py
[2023-05-16T01:26:53.952+0000] {logging_mixin.py:137} INFO - [2023-05-16T01:26:53.952+0000] {dag.py:2705} INFO - Sync 1 DAGs
[2023-05-16T01:26:53.994+0000] {logging_mixin.py:137} INFO - [2023-05-16T01:26:53.994+0000] {dag.py:3456} INFO - Setting next_dagrun for example_branch_labels to 2023-05-15T00:00:00+00:00, run_after=2023-05-16T00:00:00+00:00
[2023-05-16T01:26:54.027+0000] {processor.py:175} INFO - Processing /home/airflow/.local/lib/python3.7/site-packages/airflow/example_dags/example_branch_labels.py took 0.173 seconds
[2023-05-16T01:27:24.323+0000] {processor.py:153} INFO - Started process (PID=18889) to work on /home/airflow/.local/lib/python3.7/site-packages/airflow/example_dags/example_branch_labels.py
[2023-05-16T01:27:24.326+0000] {processor.py:743} INFO - Processing file /home/airflow/.local/lib/python3.7/site-packages/airflow/example_dags/example_branch_labels.py for tasks to queue
[2023-05-16T01:27:24.331+0000] {logging_mixin.py:137} INFO - [2023-05-16T01:27:24.330+0000] {dagbag.py:532} INFO - Filling up the DagBag from /home/airflow/.local/lib/python3.7/site-packages/airflow/example_dags/example_branch_labels.py
[2023-05-16T01:27:24.367+0000] {processor.py:753} INFO - DAG(s) dict_keys(['example_branch_labels']) retrieved from /home/airflow/.local/lib/python3.7/site-packages/airflow/example_dags/example_branch_labels.py
[2023-05-16T01:27:24.418+0000] {logging_mixin.py:137} INFO - [2023-05-16T01:27:24.418+0000] {dag.py:2705} INFO - Sync 1 DAGs
[2023-05-16T01:27:24.457+0000] {logging_mixin.py:137} INFO - [2023-05-16T01:27:24.457+0000] {dag.py:3456} INFO - Setting next_dagrun for example_branch_labels to 2023-05-15T00:00:00+00:00, run_after=2023-05-16T00:00:00+00:00
[2023-05-16T01:27:24.502+0000] {processor.py:175} INFO - Processing /home/airflow/.local/lib/python3.7/site-packages/airflow/example_dags/example_branch_labels.py took 0.194 seconds
[2023-05-16T01:27:55.082+0000] {processor.py:153} INFO - Started process (PID=18941) to work on /home/airflow/.local/lib/python3.7/site-packages/airflow/example_dags/example_branch_labels.py
[2023-05-16T01:27:55.085+0000] {processor.py:743} INFO - Processing file /home/airflow/.local/lib/python3.7/site-packages/airflow/example_dags/example_branch_labels.py for tasks to queue
[2023-05-16T01:27:55.087+0000] {logging_mixin.py:137} INFO - [2023-05-16T01:27:55.087+0000] {dagbag.py:532} INFO - Filling up the DagBag from /home/airflow/.local/lib/python3.7/site-packages/airflow/example_dags/example_branch_labels.py
[2023-05-16T01:27:55.112+0000] {processor.py:753} INFO - DAG(s) dict_keys(['example_branch_labels']) retrieved from /home/airflow/.local/lib/python3.7/site-packages/airflow/example_dags/example_branch_labels.py
[2023-05-16T01:27:55.150+0000] {logging_mixin.py:137} INFO - [2023-05-16T01:27:55.150+0000] {dag.py:2705} INFO - Sync 1 DAGs
[2023-05-16T01:27:55.184+0000] {logging_mixin.py:137} INFO - [2023-05-16T01:27:55.184+0000] {dag.py:3456} INFO - Setting next_dagrun for example_branch_labels to 2023-05-15T00:00:00+00:00, run_after=2023-05-16T00:00:00+00:00
[2023-05-16T01:27:55.208+0000] {processor.py:175} INFO - Processing /home/airflow/.local/lib/python3.7/site-packages/airflow/example_dags/example_branch_labels.py took 0.132 seconds
[2023-05-16T01:28:25.584+0000] {processor.py:153} INFO - Started process (PID=18993) to work on /home/airflow/.local/lib/python3.7/site-packages/airflow/example_dags/example_branch_labels.py
[2023-05-16T01:28:25.587+0000] {processor.py:743} INFO - Processing file /home/airflow/.local/lib/python3.7/site-packages/airflow/example_dags/example_branch_labels.py for tasks to queue
[2023-05-16T01:28:25.590+0000] {logging_mixin.py:137} INFO - [2023-05-16T01:28:25.589+0000] {dagbag.py:532} INFO - Filling up the DagBag from /home/airflow/.local/lib/python3.7/site-packages/airflow/example_dags/example_branch_labels.py
[2023-05-16T01:28:25.623+0000] {processor.py:753} INFO - DAG(s) dict_keys(['example_branch_labels']) retrieved from /home/airflow/.local/lib/python3.7/site-packages/airflow/example_dags/example_branch_labels.py
[2023-05-16T01:28:25.672+0000] {logging_mixin.py:137} INFO - [2023-05-16T01:28:25.672+0000] {dag.py:2705} INFO - Sync 1 DAGs
[2023-05-16T01:28:25.719+0000] {logging_mixin.py:137} INFO - [2023-05-16T01:28:25.719+0000] {dag.py:3456} INFO - Setting next_dagrun for example_branch_labels to 2023-05-15T00:00:00+00:00, run_after=2023-05-16T00:00:00+00:00
[2023-05-16T01:28:25.747+0000] {processor.py:175} INFO - Processing /home/airflow/.local/lib/python3.7/site-packages/airflow/example_dags/example_branch_labels.py took 0.168 seconds
[2023-05-16T01:28:55.925+0000] {processor.py:153} INFO - Started process (PID=19045) to work on /home/airflow/.local/lib/python3.7/site-packages/airflow/example_dags/example_branch_labels.py
[2023-05-16T01:28:55.927+0000] {processor.py:743} INFO - Processing file /home/airflow/.local/lib/python3.7/site-packages/airflow/example_dags/example_branch_labels.py for tasks to queue
[2023-05-16T01:28:55.930+0000] {logging_mixin.py:137} INFO - [2023-05-16T01:28:55.930+0000] {dagbag.py:532} INFO - Filling up the DagBag from /home/airflow/.local/lib/python3.7/site-packages/airflow/example_dags/example_branch_labels.py
[2023-05-16T01:28:55.955+0000] {processor.py:753} INFO - DAG(s) dict_keys(['example_branch_labels']) retrieved from /home/airflow/.local/lib/python3.7/site-packages/airflow/example_dags/example_branch_labels.py
[2023-05-16T01:28:55.999+0000] {logging_mixin.py:137} INFO - [2023-05-16T01:28:55.999+0000] {dag.py:2705} INFO - Sync 1 DAGs
[2023-05-16T01:28:56.037+0000] {logging_mixin.py:137} INFO - [2023-05-16T01:28:56.037+0000] {dag.py:3456} INFO - Setting next_dagrun for example_branch_labels to 2023-05-15T00:00:00+00:00, run_after=2023-05-16T00:00:00+00:00
[2023-05-16T01:28:56.062+0000] {processor.py:175} INFO - Processing /home/airflow/.local/lib/python3.7/site-packages/airflow/example_dags/example_branch_labels.py took 0.144 seconds
[2023-05-16T01:29:26.522+0000] {processor.py:153} INFO - Started process (PID=19096) to work on /home/airflow/.local/lib/python3.7/site-packages/airflow/example_dags/example_branch_labels.py
[2023-05-16T01:29:26.525+0000] {processor.py:743} INFO - Processing file /home/airflow/.local/lib/python3.7/site-packages/airflow/example_dags/example_branch_labels.py for tasks to queue
[2023-05-16T01:29:26.526+0000] {logging_mixin.py:137} INFO - [2023-05-16T01:29:26.526+0000] {dagbag.py:532} INFO - Filling up the DagBag from /home/airflow/.local/lib/python3.7/site-packages/airflow/example_dags/example_branch_labels.py
[2023-05-16T01:29:26.551+0000] {processor.py:753} INFO - DAG(s) dict_keys(['example_branch_labels']) retrieved from /home/airflow/.local/lib/python3.7/site-packages/airflow/example_dags/example_branch_labels.py
[2023-05-16T01:29:26.606+0000] {logging_mixin.py:137} INFO - [2023-05-16T01:29:26.606+0000] {dag.py:2705} INFO - Sync 1 DAGs
[2023-05-16T01:29:26.648+0000] {logging_mixin.py:137} INFO - [2023-05-16T01:29:26.648+0000] {dag.py:3456} INFO - Setting next_dagrun for example_branch_labels to 2023-05-15T00:00:00+00:00, run_after=2023-05-16T00:00:00+00:00
[2023-05-16T01:29:26.676+0000] {processor.py:175} INFO - Processing /home/airflow/.local/lib/python3.7/site-packages/airflow/example_dags/example_branch_labels.py took 0.161 seconds
[2023-05-16T01:29:57.774+0000] {processor.py:153} INFO - Started process (PID=19148) to work on /home/airflow/.local/lib/python3.7/site-packages/airflow/example_dags/example_branch_labels.py
[2023-05-16T01:29:57.777+0000] {processor.py:743} INFO - Processing file /home/airflow/.local/lib/python3.7/site-packages/airflow/example_dags/example_branch_labels.py for tasks to queue
[2023-05-16T01:29:57.780+0000] {logging_mixin.py:137} INFO - [2023-05-16T01:29:57.779+0000] {dagbag.py:532} INFO - Filling up the DagBag from /home/airflow/.local/lib/python3.7/site-packages/airflow/example_dags/example_branch_labels.py
[2023-05-16T01:29:57.808+0000] {processor.py:753} INFO - DAG(s) dict_keys(['example_branch_labels']) retrieved from /home/airflow/.local/lib/python3.7/site-packages/airflow/example_dags/example_branch_labels.py
[2023-05-16T01:29:57.858+0000] {logging_mixin.py:137} INFO - [2023-05-16T01:29:57.858+0000] {dag.py:2705} INFO - Sync 1 DAGs
[2023-05-16T01:29:57.922+0000] {logging_mixin.py:137} INFO - [2023-05-16T01:29:57.922+0000] {dag.py:3456} INFO - Setting next_dagrun for example_branch_labels to 2023-05-15T00:00:00+00:00, run_after=2023-05-16T00:00:00+00:00
[2023-05-16T01:29:57.965+0000] {processor.py:175} INFO - Processing /home/airflow/.local/lib/python3.7/site-packages/airflow/example_dags/example_branch_labels.py took 0.200 seconds
[2023-05-16T01:30:28.793+0000] {processor.py:153} INFO - Started process (PID=19200) to work on /home/airflow/.local/lib/python3.7/site-packages/airflow/example_dags/example_branch_labels.py
[2023-05-16T01:30:28.796+0000] {processor.py:743} INFO - Processing file /home/airflow/.local/lib/python3.7/site-packages/airflow/example_dags/example_branch_labels.py for tasks to queue
[2023-05-16T01:30:28.801+0000] {logging_mixin.py:137} INFO - [2023-05-16T01:30:28.800+0000] {dagbag.py:532} INFO - Filling up the DagBag from /home/airflow/.local/lib/python3.7/site-packages/airflow/example_dags/example_branch_labels.py
[2023-05-16T01:30:28.844+0000] {processor.py:753} INFO - DAG(s) dict_keys(['example_branch_labels']) retrieved from /home/airflow/.local/lib/python3.7/site-packages/airflow/example_dags/example_branch_labels.py
[2023-05-16T01:30:28.888+0000] {logging_mixin.py:137} INFO - [2023-05-16T01:30:28.888+0000] {dag.py:2705} INFO - Sync 1 DAGs
[2023-05-16T01:30:28.965+0000] {logging_mixin.py:137} INFO - [2023-05-16T01:30:28.965+0000] {dag.py:3456} INFO - Setting next_dagrun for example_branch_labels to 2023-05-15T00:00:00+00:00, run_after=2023-05-16T00:00:00+00:00
[2023-05-16T01:30:29.028+0000] {processor.py:175} INFO - Processing /home/airflow/.local/lib/python3.7/site-packages/airflow/example_dags/example_branch_labels.py took 0.259 seconds
[2023-05-16T01:30:59.249+0000] {processor.py:153} INFO - Started process (PID=19252) to work on /home/airflow/.local/lib/python3.7/site-packages/airflow/example_dags/example_branch_labels.py
[2023-05-16T01:30:59.260+0000] {processor.py:743} INFO - Processing file /home/airflow/.local/lib/python3.7/site-packages/airflow/example_dags/example_branch_labels.py for tasks to queue
[2023-05-16T01:30:59.268+0000] {logging_mixin.py:137} INFO - [2023-05-16T01:30:59.268+0000] {dagbag.py:532} INFO - Filling up the DagBag from /home/airflow/.local/lib/python3.7/site-packages/airflow/example_dags/example_branch_labels.py
[2023-05-16T01:30:59.319+0000] {processor.py:753} INFO - DAG(s) dict_keys(['example_branch_labels']) retrieved from /home/airflow/.local/lib/python3.7/site-packages/airflow/example_dags/example_branch_labels.py
[2023-05-16T01:30:59.372+0000] {logging_mixin.py:137} INFO - [2023-05-16T01:30:59.371+0000] {dag.py:2705} INFO - Sync 1 DAGs
[2023-05-16T01:30:59.414+0000] {logging_mixin.py:137} INFO - [2023-05-16T01:30:59.413+0000] {dag.py:3456} INFO - Setting next_dagrun for example_branch_labels to 2023-05-15T00:00:00+00:00, run_after=2023-05-16T00:00:00+00:00
[2023-05-16T01:30:59.458+0000] {processor.py:175} INFO - Processing /home/airflow/.local/lib/python3.7/site-packages/airflow/example_dags/example_branch_labels.py took 0.217 seconds
[2023-05-16T01:31:29.812+0000] {processor.py:153} INFO - Started process (PID=19304) to work on /home/airflow/.local/lib/python3.7/site-packages/airflow/example_dags/example_branch_labels.py
[2023-05-16T01:31:29.816+0000] {processor.py:743} INFO - Processing file /home/airflow/.local/lib/python3.7/site-packages/airflow/example_dags/example_branch_labels.py for tasks to queue
[2023-05-16T01:31:29.819+0000] {logging_mixin.py:137} INFO - [2023-05-16T01:31:29.819+0000] {dagbag.py:532} INFO - Filling up the DagBag from /home/airflow/.local/lib/python3.7/site-packages/airflow/example_dags/example_branch_labels.py
[2023-05-16T01:31:29.849+0000] {processor.py:753} INFO - DAG(s) dict_keys(['example_branch_labels']) retrieved from /home/airflow/.local/lib/python3.7/site-packages/airflow/example_dags/example_branch_labels.py
[2023-05-16T01:31:29.902+0000] {logging_mixin.py:137} INFO - [2023-05-16T01:31:29.901+0000] {dag.py:2705} INFO - Sync 1 DAGs
[2023-05-16T01:31:29.969+0000] {logging_mixin.py:137} INFO - [2023-05-16T01:31:29.968+0000] {dag.py:3456} INFO - Setting next_dagrun for example_branch_labels to 2023-05-15T00:00:00+00:00, run_after=2023-05-16T00:00:00+00:00
[2023-05-16T01:31:30.005+0000] {processor.py:175} INFO - Processing /home/airflow/.local/lib/python3.7/site-packages/airflow/example_dags/example_branch_labels.py took 0.201 seconds
[2023-05-16T01:32:00.309+0000] {processor.py:153} INFO - Started process (PID=19356) to work on /home/airflow/.local/lib/python3.7/site-packages/airflow/example_dags/example_branch_labels.py
[2023-05-16T01:32:00.312+0000] {processor.py:743} INFO - Processing file /home/airflow/.local/lib/python3.7/site-packages/airflow/example_dags/example_branch_labels.py for tasks to queue
[2023-05-16T01:32:00.317+0000] {logging_mixin.py:137} INFO - [2023-05-16T01:32:00.316+0000] {dagbag.py:532} INFO - Filling up the DagBag from /home/airflow/.local/lib/python3.7/site-packages/airflow/example_dags/example_branch_labels.py
[2023-05-16T01:32:00.344+0000] {processor.py:753} INFO - DAG(s) dict_keys(['example_branch_labels']) retrieved from /home/airflow/.local/lib/python3.7/site-packages/airflow/example_dags/example_branch_labels.py
[2023-05-16T01:32:00.393+0000] {logging_mixin.py:137} INFO - [2023-05-16T01:32:00.393+0000] {dag.py:2705} INFO - Sync 1 DAGs
[2023-05-16T01:32:00.431+0000] {logging_mixin.py:137} INFO - [2023-05-16T01:32:00.431+0000] {dag.py:3456} INFO - Setting next_dagrun for example_branch_labels to 2023-05-15T00:00:00+00:00, run_after=2023-05-16T00:00:00+00:00
[2023-05-16T01:32:00.459+0000] {processor.py:175} INFO - Processing /home/airflow/.local/lib/python3.7/site-packages/airflow/example_dags/example_branch_labels.py took 0.159 seconds
[2023-05-16T01:32:30.843+0000] {processor.py:153} INFO - Started process (PID=19408) to work on /home/airflow/.local/lib/python3.7/site-packages/airflow/example_dags/example_branch_labels.py
[2023-05-16T01:32:30.846+0000] {processor.py:743} INFO - Processing file /home/airflow/.local/lib/python3.7/site-packages/airflow/example_dags/example_branch_labels.py for tasks to queue
[2023-05-16T01:32:30.848+0000] {logging_mixin.py:137} INFO - [2023-05-16T01:32:30.848+0000] {dagbag.py:532} INFO - Filling up the DagBag from /home/airflow/.local/lib/python3.7/site-packages/airflow/example_dags/example_branch_labels.py
[2023-05-16T01:32:30.876+0000] {processor.py:753} INFO - DAG(s) dict_keys(['example_branch_labels']) retrieved from /home/airflow/.local/lib/python3.7/site-packages/airflow/example_dags/example_branch_labels.py
[2023-05-16T01:32:30.922+0000] {logging_mixin.py:137} INFO - [2023-05-16T01:32:30.922+0000] {dag.py:2705} INFO - Sync 1 DAGs
[2023-05-16T01:32:30.963+0000] {logging_mixin.py:137} INFO - [2023-05-16T01:32:30.963+0000] {dag.py:3456} INFO - Setting next_dagrun for example_branch_labels to 2023-05-15T00:00:00+00:00, run_after=2023-05-16T00:00:00+00:00
[2023-05-16T01:32:30.994+0000] {processor.py:175} INFO - Processing /home/airflow/.local/lib/python3.7/site-packages/airflow/example_dags/example_branch_labels.py took 0.160 seconds
[2023-05-16T01:33:01.150+0000] {processor.py:153} INFO - Started process (PID=19459) to work on /home/airflow/.local/lib/python3.7/site-packages/airflow/example_dags/example_branch_labels.py
[2023-05-16T01:33:01.153+0000] {processor.py:743} INFO - Processing file /home/airflow/.local/lib/python3.7/site-packages/airflow/example_dags/example_branch_labels.py for tasks to queue
[2023-05-16T01:33:01.156+0000] {logging_mixin.py:137} INFO - [2023-05-16T01:33:01.155+0000] {dagbag.py:532} INFO - Filling up the DagBag from /home/airflow/.local/lib/python3.7/site-packages/airflow/example_dags/example_branch_labels.py
[2023-05-16T01:33:01.179+0000] {processor.py:753} INFO - DAG(s) dict_keys(['example_branch_labels']) retrieved from /home/airflow/.local/lib/python3.7/site-packages/airflow/example_dags/example_branch_labels.py
[2023-05-16T01:33:01.223+0000] {logging_mixin.py:137} INFO - [2023-05-16T01:33:01.223+0000] {dag.py:2705} INFO - Sync 1 DAGs
[2023-05-16T01:33:01.259+0000] {logging_mixin.py:137} INFO - [2023-05-16T01:33:01.259+0000] {dag.py:3456} INFO - Setting next_dagrun for example_branch_labels to 2023-05-15T00:00:00+00:00, run_after=2023-05-16T00:00:00+00:00
[2023-05-16T01:33:01.286+0000] {processor.py:175} INFO - Processing /home/airflow/.local/lib/python3.7/site-packages/airflow/example_dags/example_branch_labels.py took 0.143 seconds
[2023-05-16T01:33:31.732+0000] {processor.py:153} INFO - Started process (PID=19511) to work on /home/airflow/.local/lib/python3.7/site-packages/airflow/example_dags/example_branch_labels.py
[2023-05-16T01:33:31.735+0000] {processor.py:743} INFO - Processing file /home/airflow/.local/lib/python3.7/site-packages/airflow/example_dags/example_branch_labels.py for tasks to queue
[2023-05-16T01:33:31.738+0000] {logging_mixin.py:137} INFO - [2023-05-16T01:33:31.737+0000] {dagbag.py:532} INFO - Filling up the DagBag from /home/airflow/.local/lib/python3.7/site-packages/airflow/example_dags/example_branch_labels.py
[2023-05-16T01:33:31.763+0000] {processor.py:753} INFO - DAG(s) dict_keys(['example_branch_labels']) retrieved from /home/airflow/.local/lib/python3.7/site-packages/airflow/example_dags/example_branch_labels.py
[2023-05-16T01:33:31.806+0000] {logging_mixin.py:137} INFO - [2023-05-16T01:33:31.806+0000] {dag.py:2705} INFO - Sync 1 DAGs
[2023-05-16T01:33:31.841+0000] {logging_mixin.py:137} INFO - [2023-05-16T01:33:31.840+0000] {dag.py:3456} INFO - Setting next_dagrun for example_branch_labels to 2023-05-15T00:00:00+00:00, run_after=2023-05-16T00:00:00+00:00
[2023-05-16T01:33:31.869+0000] {processor.py:175} INFO - Processing /home/airflow/.local/lib/python3.7/site-packages/airflow/example_dags/example_branch_labels.py took 0.143 seconds
[2023-05-16T01:34:02.979+0000] {processor.py:153} INFO - Started process (PID=19563) to work on /home/airflow/.local/lib/python3.7/site-packages/airflow/example_dags/example_branch_labels.py
[2023-05-16T01:34:02.988+0000] {processor.py:743} INFO - Processing file /home/airflow/.local/lib/python3.7/site-packages/airflow/example_dags/example_branch_labels.py for tasks to queue
[2023-05-16T01:34:02.998+0000] {logging_mixin.py:137} INFO - [2023-05-16T01:34:02.996+0000] {dagbag.py:532} INFO - Filling up the DagBag from /home/airflow/.local/lib/python3.7/site-packages/airflow/example_dags/example_branch_labels.py
[2023-05-16T01:34:03.038+0000] {processor.py:753} INFO - DAG(s) dict_keys(['example_branch_labels']) retrieved from /home/airflow/.local/lib/python3.7/site-packages/airflow/example_dags/example_branch_labels.py
[2023-05-16T01:34:03.166+0000] {logging_mixin.py:137} INFO - [2023-05-16T01:34:03.166+0000] {dag.py:2705} INFO - Sync 1 DAGs
[2023-05-16T01:34:03.262+0000] {logging_mixin.py:137} INFO - [2023-05-16T01:34:03.261+0000] {dag.py:3456} INFO - Setting next_dagrun for example_branch_labels to 2023-05-15T00:00:00+00:00, run_after=2023-05-16T00:00:00+00:00
[2023-05-16T01:34:03.325+0000] {processor.py:175} INFO - Processing /home/airflow/.local/lib/python3.7/site-packages/airflow/example_dags/example_branch_labels.py took 0.367 seconds
[2023-05-16T01:34:33.834+0000] {processor.py:153} INFO - Started process (PID=19614) to work on /home/airflow/.local/lib/python3.7/site-packages/airflow/example_dags/example_branch_labels.py
[2023-05-16T01:34:33.836+0000] {processor.py:743} INFO - Processing file /home/airflow/.local/lib/python3.7/site-packages/airflow/example_dags/example_branch_labels.py for tasks to queue
[2023-05-16T01:34:33.837+0000] {logging_mixin.py:137} INFO - [2023-05-16T01:34:33.837+0000] {dagbag.py:532} INFO - Filling up the DagBag from /home/airflow/.local/lib/python3.7/site-packages/airflow/example_dags/example_branch_labels.py
[2023-05-16T01:34:33.866+0000] {processor.py:753} INFO - DAG(s) dict_keys(['example_branch_labels']) retrieved from /home/airflow/.local/lib/python3.7/site-packages/airflow/example_dags/example_branch_labels.py
[2023-05-16T01:34:33.913+0000] {logging_mixin.py:137} INFO - [2023-05-16T01:34:33.913+0000] {dag.py:2705} INFO - Sync 1 DAGs
[2023-05-16T01:34:33.977+0000] {logging_mixin.py:137} INFO - [2023-05-16T01:34:33.977+0000] {dag.py:3456} INFO - Setting next_dagrun for example_branch_labels to 2023-05-15T00:00:00+00:00, run_after=2023-05-16T00:00:00+00:00
[2023-05-16T01:34:34.016+0000] {processor.py:175} INFO - Processing /home/airflow/.local/lib/python3.7/site-packages/airflow/example_dags/example_branch_labels.py took 0.189 seconds
[2023-05-16T01:35:04.769+0000] {processor.py:153} INFO - Started process (PID=19666) to work on /home/airflow/.local/lib/python3.7/site-packages/airflow/example_dags/example_branch_labels.py
[2023-05-16T01:35:04.771+0000] {processor.py:743} INFO - Processing file /home/airflow/.local/lib/python3.7/site-packages/airflow/example_dags/example_branch_labels.py for tasks to queue
[2023-05-16T01:35:04.774+0000] {logging_mixin.py:137} INFO - [2023-05-16T01:35:04.774+0000] {dagbag.py:532} INFO - Filling up the DagBag from /home/airflow/.local/lib/python3.7/site-packages/airflow/example_dags/example_branch_labels.py
[2023-05-16T01:35:04.811+0000] {processor.py:753} INFO - DAG(s) dict_keys(['example_branch_labels']) retrieved from /home/airflow/.local/lib/python3.7/site-packages/airflow/example_dags/example_branch_labels.py
[2023-05-16T01:35:04.861+0000] {logging_mixin.py:137} INFO - [2023-05-16T01:35:04.861+0000] {dag.py:2705} INFO - Sync 1 DAGs
[2023-05-16T01:35:04.908+0000] {logging_mixin.py:137} INFO - [2023-05-16T01:35:04.908+0000] {dag.py:3456} INFO - Setting next_dagrun for example_branch_labels to 2023-05-15T00:00:00+00:00, run_after=2023-05-16T00:00:00+00:00
[2023-05-16T01:35:04.937+0000] {processor.py:175} INFO - Processing /home/airflow/.local/lib/python3.7/site-packages/airflow/example_dags/example_branch_labels.py took 0.173 seconds
[2023-05-16T01:35:35.179+0000] {processor.py:153} INFO - Started process (PID=19717) to work on /home/airflow/.local/lib/python3.7/site-packages/airflow/example_dags/example_branch_labels.py
[2023-05-16T01:35:35.183+0000] {processor.py:743} INFO - Processing file /home/airflow/.local/lib/python3.7/site-packages/airflow/example_dags/example_branch_labels.py for tasks to queue
[2023-05-16T01:35:35.186+0000] {logging_mixin.py:137} INFO - [2023-05-16T01:35:35.186+0000] {dagbag.py:532} INFO - Filling up the DagBag from /home/airflow/.local/lib/python3.7/site-packages/airflow/example_dags/example_branch_labels.py
[2023-05-16T01:35:35.217+0000] {processor.py:753} INFO - DAG(s) dict_keys(['example_branch_labels']) retrieved from /home/airflow/.local/lib/python3.7/site-packages/airflow/example_dags/example_branch_labels.py
[2023-05-16T01:35:35.264+0000] {logging_mixin.py:137} INFO - [2023-05-16T01:35:35.263+0000] {dag.py:2705} INFO - Sync 1 DAGs
[2023-05-16T01:35:35.315+0000] {logging_mixin.py:137} INFO - [2023-05-16T01:35:35.314+0000] {dag.py:3456} INFO - Setting next_dagrun for example_branch_labels to 2023-05-15T00:00:00+00:00, run_after=2023-05-16T00:00:00+00:00
[2023-05-16T01:35:35.348+0000] {processor.py:175} INFO - Processing /home/airflow/.local/lib/python3.7/site-packages/airflow/example_dags/example_branch_labels.py took 0.179 seconds
[2023-05-16T01:36:06.034+0000] {processor.py:153} INFO - Started process (PID=19769) to work on /home/airflow/.local/lib/python3.7/site-packages/airflow/example_dags/example_branch_labels.py
[2023-05-16T01:36:06.037+0000] {processor.py:743} INFO - Processing file /home/airflow/.local/lib/python3.7/site-packages/airflow/example_dags/example_branch_labels.py for tasks to queue
[2023-05-16T01:36:06.039+0000] {logging_mixin.py:137} INFO - [2023-05-16T01:36:06.039+0000] {dagbag.py:532} INFO - Filling up the DagBag from /home/airflow/.local/lib/python3.7/site-packages/airflow/example_dags/example_branch_labels.py
[2023-05-16T01:36:06.066+0000] {processor.py:753} INFO - DAG(s) dict_keys(['example_branch_labels']) retrieved from /home/airflow/.local/lib/python3.7/site-packages/airflow/example_dags/example_branch_labels.py
[2023-05-16T01:36:06.117+0000] {logging_mixin.py:137} INFO - [2023-05-16T01:36:06.117+0000] {dag.py:2705} INFO - Sync 1 DAGs
[2023-05-16T01:36:06.156+0000] {logging_mixin.py:137} INFO - [2023-05-16T01:36:06.156+0000] {dag.py:3456} INFO - Setting next_dagrun for example_branch_labels to 2023-05-15T00:00:00+00:00, run_after=2023-05-16T00:00:00+00:00
[2023-05-16T01:36:06.186+0000] {processor.py:175} INFO - Processing /home/airflow/.local/lib/python3.7/site-packages/airflow/example_dags/example_branch_labels.py took 0.158 seconds
[2023-05-16T01:36:36.576+0000] {processor.py:153} INFO - Started process (PID=19821) to work on /home/airflow/.local/lib/python3.7/site-packages/airflow/example_dags/example_branch_labels.py
[2023-05-16T01:36:36.580+0000] {processor.py:743} INFO - Processing file /home/airflow/.local/lib/python3.7/site-packages/airflow/example_dags/example_branch_labels.py for tasks to queue
[2023-05-16T01:36:36.585+0000] {logging_mixin.py:137} INFO - [2023-05-16T01:36:36.584+0000] {dagbag.py:532} INFO - Filling up the DagBag from /home/airflow/.local/lib/python3.7/site-packages/airflow/example_dags/example_branch_labels.py
[2023-05-16T01:36:36.633+0000] {processor.py:753} INFO - DAG(s) dict_keys(['example_branch_labels']) retrieved from /home/airflow/.local/lib/python3.7/site-packages/airflow/example_dags/example_branch_labels.py
[2023-05-16T01:36:36.771+0000] {logging_mixin.py:137} INFO - [2023-05-16T01:36:36.771+0000] {dag.py:2705} INFO - Sync 1 DAGs
[2023-05-16T01:36:36.857+0000] {logging_mixin.py:137} INFO - [2023-05-16T01:36:36.857+0000] {dag.py:3456} INFO - Setting next_dagrun for example_branch_labels to 2023-05-15T00:00:00+00:00, run_after=2023-05-16T00:00:00+00:00
[2023-05-16T01:36:36.906+0000] {processor.py:175} INFO - Processing /home/airflow/.local/lib/python3.7/site-packages/airflow/example_dags/example_branch_labels.py took 0.352 seconds
[2023-05-16T01:37:07.152+0000] {processor.py:153} INFO - Started process (PID=19874) to work on /home/airflow/.local/lib/python3.7/site-packages/airflow/example_dags/example_branch_labels.py
[2023-05-16T01:37:07.154+0000] {processor.py:743} INFO - Processing file /home/airflow/.local/lib/python3.7/site-packages/airflow/example_dags/example_branch_labels.py for tasks to queue
[2023-05-16T01:37:07.156+0000] {logging_mixin.py:137} INFO - [2023-05-16T01:37:07.156+0000] {dagbag.py:532} INFO - Filling up the DagBag from /home/airflow/.local/lib/python3.7/site-packages/airflow/example_dags/example_branch_labels.py
[2023-05-16T01:37:07.179+0000] {processor.py:753} INFO - DAG(s) dict_keys(['example_branch_labels']) retrieved from /home/airflow/.local/lib/python3.7/site-packages/airflow/example_dags/example_branch_labels.py
[2023-05-16T01:37:07.221+0000] {logging_mixin.py:137} INFO - [2023-05-16T01:37:07.221+0000] {dag.py:2705} INFO - Sync 1 DAGs
[2023-05-16T01:37:07.258+0000] {logging_mixin.py:137} INFO - [2023-05-16T01:37:07.258+0000] {dag.py:3456} INFO - Setting next_dagrun for example_branch_labels to 2023-05-15T00:00:00+00:00, run_after=2023-05-16T00:00:00+00:00
[2023-05-16T01:37:07.288+0000] {processor.py:175} INFO - Processing /home/airflow/.local/lib/python3.7/site-packages/airflow/example_dags/example_branch_labels.py took 0.143 seconds
[2023-05-16T01:37:37.618+0000] {processor.py:153} INFO - Started process (PID=19926) to work on /home/airflow/.local/lib/python3.7/site-packages/airflow/example_dags/example_branch_labels.py
[2023-05-16T01:37:37.620+0000] {processor.py:743} INFO - Processing file /home/airflow/.local/lib/python3.7/site-packages/airflow/example_dags/example_branch_labels.py for tasks to queue
[2023-05-16T01:37:37.622+0000] {logging_mixin.py:137} INFO - [2023-05-16T01:37:37.622+0000] {dagbag.py:532} INFO - Filling up the DagBag from /home/airflow/.local/lib/python3.7/site-packages/airflow/example_dags/example_branch_labels.py
[2023-05-16T01:37:37.641+0000] {processor.py:753} INFO - DAG(s) dict_keys(['example_branch_labels']) retrieved from /home/airflow/.local/lib/python3.7/site-packages/airflow/example_dags/example_branch_labels.py
[2023-05-16T01:37:37.675+0000] {logging_mixin.py:137} INFO - [2023-05-16T01:37:37.675+0000] {dag.py:2705} INFO - Sync 1 DAGs
[2023-05-16T01:37:37.703+0000] {logging_mixin.py:137} INFO - [2023-05-16T01:37:37.703+0000] {dag.py:3456} INFO - Setting next_dagrun for example_branch_labels to 2023-05-15T00:00:00+00:00, run_after=2023-05-16T00:00:00+00:00
[2023-05-16T01:37:37.724+0000] {processor.py:175} INFO - Processing /home/airflow/.local/lib/python3.7/site-packages/airflow/example_dags/example_branch_labels.py took 0.110 seconds
[2023-05-16T01:38:08.646+0000] {processor.py:153} INFO - Started process (PID=19978) to work on /home/airflow/.local/lib/python3.7/site-packages/airflow/example_dags/example_branch_labels.py
[2023-05-16T01:38:08.650+0000] {processor.py:743} INFO - Processing file /home/airflow/.local/lib/python3.7/site-packages/airflow/example_dags/example_branch_labels.py for tasks to queue
[2023-05-16T01:38:08.652+0000] {logging_mixin.py:137} INFO - [2023-05-16T01:38:08.652+0000] {dagbag.py:532} INFO - Filling up the DagBag from /home/airflow/.local/lib/python3.7/site-packages/airflow/example_dags/example_branch_labels.py
[2023-05-16T01:38:08.689+0000] {processor.py:753} INFO - DAG(s) dict_keys(['example_branch_labels']) retrieved from /home/airflow/.local/lib/python3.7/site-packages/airflow/example_dags/example_branch_labels.py
[2023-05-16T01:38:08.786+0000] {logging_mixin.py:137} INFO - [2023-05-16T01:38:08.786+0000] {dag.py:2705} INFO - Sync 1 DAGs
[2023-05-16T01:38:08.831+0000] {logging_mixin.py:137} INFO - [2023-05-16T01:38:08.831+0000] {dag.py:3456} INFO - Setting next_dagrun for example_branch_labels to 2023-05-15T00:00:00+00:00, run_after=2023-05-16T00:00:00+00:00
[2023-05-16T01:38:08.864+0000] {processor.py:175} INFO - Processing /home/airflow/.local/lib/python3.7/site-packages/airflow/example_dags/example_branch_labels.py took 0.229 seconds
[2023-05-16T01:38:39.029+0000] {processor.py:153} INFO - Started process (PID=20030) to work on /home/airflow/.local/lib/python3.7/site-packages/airflow/example_dags/example_branch_labels.py
[2023-05-16T01:38:39.032+0000] {processor.py:743} INFO - Processing file /home/airflow/.local/lib/python3.7/site-packages/airflow/example_dags/example_branch_labels.py for tasks to queue
[2023-05-16T01:38:39.040+0000] {logging_mixin.py:137} INFO - [2023-05-16T01:38:39.039+0000] {dagbag.py:532} INFO - Filling up the DagBag from /home/airflow/.local/lib/python3.7/site-packages/airflow/example_dags/example_branch_labels.py
[2023-05-16T01:38:39.093+0000] {processor.py:753} INFO - DAG(s) dict_keys(['example_branch_labels']) retrieved from /home/airflow/.local/lib/python3.7/site-packages/airflow/example_dags/example_branch_labels.py
[2023-05-16T01:38:39.149+0000] {logging_mixin.py:137} INFO - [2023-05-16T01:38:39.148+0000] {dag.py:2705} INFO - Sync 1 DAGs
[2023-05-16T01:38:39.187+0000] {logging_mixin.py:137} INFO - [2023-05-16T01:38:39.186+0000] {dag.py:3456} INFO - Setting next_dagrun for example_branch_labels to 2023-05-15T00:00:00+00:00, run_after=2023-05-16T00:00:00+00:00
[2023-05-16T01:38:39.215+0000] {processor.py:175} INFO - Processing /home/airflow/.local/lib/python3.7/site-packages/airflow/example_dags/example_branch_labels.py took 0.194 seconds
[2023-05-16T01:39:09.665+0000] {processor.py:153} INFO - Started process (PID=20082) to work on /home/airflow/.local/lib/python3.7/site-packages/airflow/example_dags/example_branch_labels.py
[2023-05-16T01:39:09.667+0000] {processor.py:743} INFO - Processing file /home/airflow/.local/lib/python3.7/site-packages/airflow/example_dags/example_branch_labels.py for tasks to queue
[2023-05-16T01:39:09.670+0000] {logging_mixin.py:137} INFO - [2023-05-16T01:39:09.670+0000] {dagbag.py:532} INFO - Filling up the DagBag from /home/airflow/.local/lib/python3.7/site-packages/airflow/example_dags/example_branch_labels.py
[2023-05-16T01:39:09.708+0000] {processor.py:753} INFO - DAG(s) dict_keys(['example_branch_labels']) retrieved from /home/airflow/.local/lib/python3.7/site-packages/airflow/example_dags/example_branch_labels.py
[2023-05-16T01:39:09.760+0000] {logging_mixin.py:137} INFO - [2023-05-16T01:39:09.759+0000] {dag.py:2705} INFO - Sync 1 DAGs
[2023-05-16T01:39:09.878+0000] {logging_mixin.py:137} INFO - [2023-05-16T01:39:09.878+0000] {dag.py:3456} INFO - Setting next_dagrun for example_branch_labels to 2023-05-15T00:00:00+00:00, run_after=2023-05-16T00:00:00+00:00
[2023-05-16T01:39:09.924+0000] {processor.py:175} INFO - Processing /home/airflow/.local/lib/python3.7/site-packages/airflow/example_dags/example_branch_labels.py took 0.266 seconds
[2023-05-16T01:39:40.697+0000] {processor.py:153} INFO - Started process (PID=20134) to work on /home/airflow/.local/lib/python3.7/site-packages/airflow/example_dags/example_branch_labels.py
[2023-05-16T01:39:40.700+0000] {processor.py:743} INFO - Processing file /home/airflow/.local/lib/python3.7/site-packages/airflow/example_dags/example_branch_labels.py for tasks to queue
[2023-05-16T01:39:40.702+0000] {logging_mixin.py:137} INFO - [2023-05-16T01:39:40.702+0000] {dagbag.py:532} INFO - Filling up the DagBag from /home/airflow/.local/lib/python3.7/site-packages/airflow/example_dags/example_branch_labels.py
[2023-05-16T01:39:40.736+0000] {processor.py:753} INFO - DAG(s) dict_keys(['example_branch_labels']) retrieved from /home/airflow/.local/lib/python3.7/site-packages/airflow/example_dags/example_branch_labels.py
[2023-05-16T01:39:40.776+0000] {logging_mixin.py:137} INFO - [2023-05-16T01:39:40.776+0000] {dag.py:2705} INFO - Sync 1 DAGs
[2023-05-16T01:39:40.821+0000] {logging_mixin.py:137} INFO - [2023-05-16T01:39:40.821+0000] {dag.py:3456} INFO - Setting next_dagrun for example_branch_labels to 2023-05-15T00:00:00+00:00, run_after=2023-05-16T00:00:00+00:00
[2023-05-16T01:39:40.853+0000] {processor.py:175} INFO - Processing /home/airflow/.local/lib/python3.7/site-packages/airflow/example_dags/example_branch_labels.py took 0.164 seconds
[2023-05-16T01:40:11.728+0000] {processor.py:153} INFO - Started process (PID=20186) to work on /home/airflow/.local/lib/python3.7/site-packages/airflow/example_dags/example_branch_labels.py
[2023-05-16T01:40:11.730+0000] {processor.py:743} INFO - Processing file /home/airflow/.local/lib/python3.7/site-packages/airflow/example_dags/example_branch_labels.py for tasks to queue
[2023-05-16T01:40:11.732+0000] {logging_mixin.py:137} INFO - [2023-05-16T01:40:11.731+0000] {dagbag.py:532} INFO - Filling up the DagBag from /home/airflow/.local/lib/python3.7/site-packages/airflow/example_dags/example_branch_labels.py
[2023-05-16T01:40:11.758+0000] {processor.py:753} INFO - DAG(s) dict_keys(['example_branch_labels']) retrieved from /home/airflow/.local/lib/python3.7/site-packages/airflow/example_dags/example_branch_labels.py
[2023-05-16T01:40:11.804+0000] {logging_mixin.py:137} INFO - [2023-05-16T01:40:11.803+0000] {dag.py:2705} INFO - Sync 1 DAGs
[2023-05-16T01:40:11.842+0000] {logging_mixin.py:137} INFO - [2023-05-16T01:40:11.841+0000] {dag.py:3456} INFO - Setting next_dagrun for example_branch_labels to 2023-05-15T00:00:00+00:00, run_after=2023-05-16T00:00:00+00:00
[2023-05-16T01:40:11.909+0000] {processor.py:175} INFO - Processing /home/airflow/.local/lib/python3.7/site-packages/airflow/example_dags/example_branch_labels.py took 0.187 seconds
