[2023-05-16T00:00:05.661+0000] {processor.py:153} INFO - Started process (PID=16507) to work on /home/airflow/.local/lib/python3.7/site-packages/airflow/example_dags/example_bash_operator.py
[2023-05-16T00:00:05.727+0000] {processor.py:743} INFO - Processing file /home/airflow/.local/lib/python3.7/site-packages/airflow/example_dags/example_bash_operator.py for tasks to queue
[2023-05-16T00:00:05.750+0000] {logging_mixin.py:137} INFO - [2023-05-16T00:00:05.749+0000] {dagbag.py:532} INFO - Filling up the DagBag from /home/airflow/.local/lib/python3.7/site-packages/airflow/example_dags/example_bash_operator.py
[2023-05-16T00:00:07.189+0000] {processor.py:753} INFO - DAG(s) dict_keys(['example_bash_operator']) retrieved from /home/airflow/.local/lib/python3.7/site-packages/airflow/example_dags/example_bash_operator.py
[2023-05-16T00:00:08.321+0000] {logging_mixin.py:137} INFO - [2023-05-16T00:00:08.320+0000] {dag.py:2705} INFO - Sync 1 DAGs
[2023-05-16T00:00:08.922+0000] {logging_mixin.py:137} INFO - [2023-05-16T00:00:08.921+0000] {dag.py:3456} INFO - Setting next_dagrun for example_bash_operator to 2023-05-15T00:00:00+00:00, run_after=2023-05-16T00:00:00+00:00
[2023-05-16T00:00:09.321+0000] {processor.py:175} INFO - Processing /home/airflow/.local/lib/python3.7/site-packages/airflow/example_dags/example_bash_operator.py took 3.779 seconds
[2023-05-16T00:01:22.540+0000] {processor.py:153} INFO - Started process (PID=16571) to work on /home/airflow/.local/lib/python3.7/site-packages/airflow/example_dags/example_bash_operator.py
[2023-05-16T00:01:22.562+0000] {processor.py:743} INFO - Processing file /home/airflow/.local/lib/python3.7/site-packages/airflow/example_dags/example_bash_operator.py for tasks to queue
[2023-05-16T00:01:22.582+0000] {logging_mixin.py:137} INFO - [2023-05-16T00:01:22.581+0000] {dagbag.py:532} INFO - Filling up the DagBag from /home/airflow/.local/lib/python3.7/site-packages/airflow/example_dags/example_bash_operator.py
[2023-05-16T00:01:22.991+0000] {processor.py:753} INFO - DAG(s) dict_keys(['example_bash_operator']) retrieved from /home/airflow/.local/lib/python3.7/site-packages/airflow/example_dags/example_bash_operator.py
[2023-05-16T00:01:23.645+0000] {logging_mixin.py:137} INFO - [2023-05-16T00:01:23.640+0000] {dag.py:2705} INFO - Sync 1 DAGs
[2023-05-16T00:01:24.354+0000] {logging_mixin.py:137} INFO - [2023-05-16T00:01:24.353+0000] {dag.py:3456} INFO - Setting next_dagrun for example_bash_operator to 2023-05-15T00:00:00+00:00, run_after=2023-05-16T00:00:00+00:00
[2023-05-16T00:01:24.839+0000] {processor.py:175} INFO - Processing /home/airflow/.local/lib/python3.7/site-packages/airflow/example_dags/example_bash_operator.py took 2.329 seconds
[2023-05-16T00:17:37.617+0000] {processor.py:153} INFO - Started process (PID=16624) to work on /home/airflow/.local/lib/python3.7/site-packages/airflow/example_dags/example_bash_operator.py
[2023-05-16T00:17:37.634+0000] {processor.py:743} INFO - Processing file /home/airflow/.local/lib/python3.7/site-packages/airflow/example_dags/example_bash_operator.py for tasks to queue
[2023-05-16T00:17:37.647+0000] {logging_mixin.py:137} INFO - [2023-05-16T00:17:37.646+0000] {dagbag.py:532} INFO - Filling up the DagBag from /home/airflow/.local/lib/python3.7/site-packages/airflow/example_dags/example_bash_operator.py
[2023-05-16T00:17:37.865+0000] {processor.py:753} INFO - DAG(s) dict_keys(['example_bash_operator']) retrieved from /home/airflow/.local/lib/python3.7/site-packages/airflow/example_dags/example_bash_operator.py
[2023-05-16T00:17:38.141+0000] {logging_mixin.py:137} INFO - [2023-05-16T00:17:38.141+0000] {dag.py:2705} INFO - Sync 1 DAGs
[2023-05-16T00:17:38.307+0000] {logging_mixin.py:137} INFO - [2023-05-16T00:17:38.307+0000] {dag.py:3456} INFO - Setting next_dagrun for example_bash_operator to 2023-05-15T00:00:00+00:00, run_after=2023-05-16T00:00:00+00:00
[2023-05-16T00:17:38.422+0000] {processor.py:175} INFO - Processing /home/airflow/.local/lib/python3.7/site-packages/airflow/example_dags/example_bash_operator.py took 0.856 seconds
[2023-05-16T00:18:12.214+0000] {processor.py:153} INFO - Started process (PID=16675) to work on /home/airflow/.local/lib/python3.7/site-packages/airflow/example_dags/example_bash_operator.py
[2023-05-16T00:18:12.300+0000] {processor.py:743} INFO - Processing file /home/airflow/.local/lib/python3.7/site-packages/airflow/example_dags/example_bash_operator.py for tasks to queue
[2023-05-16T00:18:12.348+0000] {logging_mixin.py:137} INFO - [2023-05-16T00:18:12.336+0000] {dagbag.py:532} INFO - Filling up the DagBag from /home/airflow/.local/lib/python3.7/site-packages/airflow/example_dags/example_bash_operator.py
[2023-05-16T00:18:12.713+0000] {processor.py:753} INFO - DAG(s) dict_keys(['example_bash_operator']) retrieved from /home/airflow/.local/lib/python3.7/site-packages/airflow/example_dags/example_bash_operator.py
[2023-05-16T00:18:13.480+0000] {logging_mixin.py:137} INFO - [2023-05-16T00:18:13.467+0000] {dag.py:2705} INFO - Sync 1 DAGs
[2023-05-16T00:18:14.181+0000] {logging_mixin.py:137} INFO - [2023-05-16T00:18:14.178+0000] {dag.py:3456} INFO - Setting next_dagrun for example_bash_operator to 2023-05-15T00:00:00+00:00, run_after=2023-05-16T00:00:00+00:00
[2023-05-16T00:18:14.502+0000] {processor.py:175} INFO - Processing /home/airflow/.local/lib/python3.7/site-packages/airflow/example_dags/example_bash_operator.py took 2.465 seconds
[2023-05-16T00:19:31.155+0000] {processor.py:153} INFO - Started process (PID=16743) to work on /home/airflow/.local/lib/python3.7/site-packages/airflow/example_dags/example_bash_operator.py
[2023-05-16T00:19:31.186+0000] {processor.py:743} INFO - Processing file /home/airflow/.local/lib/python3.7/site-packages/airflow/example_dags/example_bash_operator.py for tasks to queue
[2023-05-16T00:19:31.251+0000] {logging_mixin.py:137} INFO - [2023-05-16T00:19:31.248+0000] {dagbag.py:532} INFO - Filling up the DagBag from /home/airflow/.local/lib/python3.7/site-packages/airflow/example_dags/example_bash_operator.py
[2023-05-16T00:19:32.039+0000] {processor.py:753} INFO - DAG(s) dict_keys(['example_bash_operator']) retrieved from /home/airflow/.local/lib/python3.7/site-packages/airflow/example_dags/example_bash_operator.py
[2023-05-16T00:19:33.481+0000] {logging_mixin.py:137} INFO - [2023-05-16T00:19:33.480+0000] {dag.py:2705} INFO - Sync 1 DAGs
[2023-05-16T00:19:34.468+0000] {logging_mixin.py:137} INFO - [2023-05-16T00:19:34.467+0000] {dag.py:3456} INFO - Setting next_dagrun for example_bash_operator to 2023-05-15T00:00:00+00:00, run_after=2023-05-16T00:00:00+00:00
[2023-05-16T00:19:35.077+0000] {processor.py:175} INFO - Processing /home/airflow/.local/lib/python3.7/site-packages/airflow/example_dags/example_bash_operator.py took 4.289 seconds
[2023-05-16T00:35:48.811+0000] {processor.py:153} INFO - Started process (PID=16812) to work on /home/airflow/.local/lib/python3.7/site-packages/airflow/example_dags/example_bash_operator.py
[2023-05-16T00:35:48.816+0000] {processor.py:743} INFO - Processing file /home/airflow/.local/lib/python3.7/site-packages/airflow/example_dags/example_bash_operator.py for tasks to queue
[2023-05-16T00:35:48.819+0000] {logging_mixin.py:137} INFO - [2023-05-16T00:35:48.819+0000] {dagbag.py:532} INFO - Filling up the DagBag from /home/airflow/.local/lib/python3.7/site-packages/airflow/example_dags/example_bash_operator.py
[2023-05-16T00:35:48.912+0000] {processor.py:753} INFO - DAG(s) dict_keys(['example_bash_operator']) retrieved from /home/airflow/.local/lib/python3.7/site-packages/airflow/example_dags/example_bash_operator.py
[2023-05-16T00:35:49.050+0000] {logging_mixin.py:137} INFO - [2023-05-16T00:35:49.050+0000] {dag.py:2705} INFO - Sync 1 DAGs
[2023-05-16T00:35:49.122+0000] {logging_mixin.py:137} INFO - [2023-05-16T00:35:49.122+0000] {dag.py:3456} INFO - Setting next_dagrun for example_bash_operator to 2023-05-15T00:00:00+00:00, run_after=2023-05-16T00:00:00+00:00
[2023-05-16T00:35:49.186+0000] {processor.py:175} INFO - Processing /home/airflow/.local/lib/python3.7/site-packages/airflow/example_dags/example_bash_operator.py took 0.387 seconds
[2023-05-16T00:51:14.735+0000] {processor.py:153} INFO - Started process (PID=16869) to work on /home/airflow/.local/lib/python3.7/site-packages/airflow/example_dags/example_bash_operator.py
[2023-05-16T00:51:14.746+0000] {processor.py:743} INFO - Processing file /home/airflow/.local/lib/python3.7/site-packages/airflow/example_dags/example_bash_operator.py for tasks to queue
[2023-05-16T00:51:14.748+0000] {logging_mixin.py:137} INFO - [2023-05-16T00:51:14.748+0000] {dagbag.py:532} INFO - Filling up the DagBag from /home/airflow/.local/lib/python3.7/site-packages/airflow/example_dags/example_bash_operator.py
[2023-05-16T00:51:14.820+0000] {processor.py:753} INFO - DAG(s) dict_keys(['example_bash_operator']) retrieved from /home/airflow/.local/lib/python3.7/site-packages/airflow/example_dags/example_bash_operator.py
[2023-05-16T00:51:14.990+0000] {logging_mixin.py:137} INFO - [2023-05-16T00:51:14.990+0000] {dag.py:2705} INFO - Sync 1 DAGs
[2023-05-16T00:51:15.040+0000] {logging_mixin.py:137} INFO - [2023-05-16T00:51:15.039+0000] {dag.py:3456} INFO - Setting next_dagrun for example_bash_operator to 2023-05-15T00:00:00+00:00, run_after=2023-05-16T00:00:00+00:00
[2023-05-16T00:51:15.108+0000] {processor.py:175} INFO - Processing /home/airflow/.local/lib/python3.7/site-packages/airflow/example_dags/example_bash_operator.py took 0.387 seconds
[2023-05-16T01:03:03.274+0000] {processor.py:153} INFO - Started process (PID=16911) to work on /home/airflow/.local/lib/python3.7/site-packages/airflow/example_dags/example_bash_operator.py
[2023-05-16T01:03:03.300+0000] {processor.py:743} INFO - Processing file /home/airflow/.local/lib/python3.7/site-packages/airflow/example_dags/example_bash_operator.py for tasks to queue
[2023-05-16T01:03:03.315+0000] {logging_mixin.py:137} INFO - [2023-05-16T01:03:03.313+0000] {dagbag.py:532} INFO - Filling up the DagBag from /home/airflow/.local/lib/python3.7/site-packages/airflow/example_dags/example_bash_operator.py
[2023-05-16T01:03:03.629+0000] {processor.py:753} INFO - DAG(s) dict_keys(['example_bash_operator']) retrieved from /home/airflow/.local/lib/python3.7/site-packages/airflow/example_dags/example_bash_operator.py
[2023-05-16T01:03:04.094+0000] {logging_mixin.py:137} INFO - [2023-05-16T01:03:04.093+0000] {dag.py:2705} INFO - Sync 1 DAGs
[2023-05-16T01:03:04.668+0000] {logging_mixin.py:137} INFO - [2023-05-16T01:03:04.667+0000] {dag.py:3456} INFO - Setting next_dagrun for example_bash_operator to 2023-05-15T00:00:00+00:00, run_after=2023-05-16T00:00:00+00:00
[2023-05-16T01:03:04.899+0000] {processor.py:175} INFO - Processing /home/airflow/.local/lib/python3.7/site-packages/airflow/example_dags/example_bash_operator.py took 1.671 seconds
[2023-05-16T01:03:52.778+0000] {processor.py:153} INFO - Started process (PID=16970) to work on /home/airflow/.local/lib/python3.7/site-packages/airflow/example_dags/example_bash_operator.py
[2023-05-16T01:03:52.788+0000] {processor.py:743} INFO - Processing file /home/airflow/.local/lib/python3.7/site-packages/airflow/example_dags/example_bash_operator.py for tasks to queue
[2023-05-16T01:03:52.807+0000] {logging_mixin.py:137} INFO - [2023-05-16T01:03:52.806+0000] {dagbag.py:532} INFO - Filling up the DagBag from /home/airflow/.local/lib/python3.7/site-packages/airflow/example_dags/example_bash_operator.py
[2023-05-16T01:03:53.236+0000] {processor.py:753} INFO - DAG(s) dict_keys(['example_bash_operator']) retrieved from /home/airflow/.local/lib/python3.7/site-packages/airflow/example_dags/example_bash_operator.py
[2023-05-16T01:03:53.900+0000] {logging_mixin.py:137} INFO - [2023-05-16T01:03:53.899+0000] {dag.py:2705} INFO - Sync 1 DAGs
[2023-05-16T01:03:54.173+0000] {logging_mixin.py:137} INFO - [2023-05-16T01:03:54.172+0000] {dag.py:3456} INFO - Setting next_dagrun for example_bash_operator to 2023-05-15T00:00:00+00:00, run_after=2023-05-16T00:00:00+00:00
[2023-05-16T01:03:54.520+0000] {processor.py:175} INFO - Processing /home/airflow/.local/lib/python3.7/site-packages/airflow/example_dags/example_bash_operator.py took 1.808 seconds
[2023-05-16T01:04:46.148+0000] {processor.py:153} INFO - Started process (PID=17019) to work on /home/airflow/.local/lib/python3.7/site-packages/airflow/example_dags/example_bash_operator.py
[2023-05-16T01:04:46.220+0000] {processor.py:743} INFO - Processing file /home/airflow/.local/lib/python3.7/site-packages/airflow/example_dags/example_bash_operator.py for tasks to queue
[2023-05-16T01:04:46.277+0000] {logging_mixin.py:137} INFO - [2023-05-16T01:04:46.264+0000] {dagbag.py:532} INFO - Filling up the DagBag from /home/airflow/.local/lib/python3.7/site-packages/airflow/example_dags/example_bash_operator.py
[2023-05-16T01:04:47.495+0000] {processor.py:753} INFO - DAG(s) dict_keys(['example_bash_operator']) retrieved from /home/airflow/.local/lib/python3.7/site-packages/airflow/example_dags/example_bash_operator.py
[2023-05-16T01:04:48.895+0000] {logging_mixin.py:137} INFO - [2023-05-16T01:04:48.895+0000] {dag.py:2705} INFO - Sync 1 DAGs
[2023-05-16T01:04:49.637+0000] {logging_mixin.py:137} INFO - [2023-05-16T01:04:49.636+0000] {dag.py:3456} INFO - Setting next_dagrun for example_bash_operator to 2023-05-15T00:00:00+00:00, run_after=2023-05-16T00:00:00+00:00
[2023-05-16T01:04:50.056+0000] {processor.py:175} INFO - Processing /home/airflow/.local/lib/python3.7/site-packages/airflow/example_dags/example_bash_operator.py took 4.372 seconds
[2023-05-16T01:06:03.604+0000] {processor.py:153} INFO - Started process (PID=17091) to work on /home/airflow/.local/lib/python3.7/site-packages/airflow/example_dags/example_bash_operator.py
[2023-05-16T01:06:03.623+0000] {processor.py:743} INFO - Processing file /home/airflow/.local/lib/python3.7/site-packages/airflow/example_dags/example_bash_operator.py for tasks to queue
[2023-05-16T01:06:03.640+0000] {logging_mixin.py:137} INFO - [2023-05-16T01:06:03.639+0000] {dagbag.py:532} INFO - Filling up the DagBag from /home/airflow/.local/lib/python3.7/site-packages/airflow/example_dags/example_bash_operator.py
[2023-05-16T01:06:03.973+0000] {processor.py:753} INFO - DAG(s) dict_keys(['example_bash_operator']) retrieved from /home/airflow/.local/lib/python3.7/site-packages/airflow/example_dags/example_bash_operator.py
[2023-05-16T01:06:04.993+0000] {logging_mixin.py:137} INFO - [2023-05-16T01:06:04.992+0000] {dag.py:2705} INFO - Sync 1 DAGs
[2023-05-16T01:06:05.407+0000] {logging_mixin.py:137} INFO - [2023-05-16T01:06:05.406+0000] {dag.py:3456} INFO - Setting next_dagrun for example_bash_operator to 2023-05-15T00:00:00+00:00, run_after=2023-05-16T00:00:00+00:00
[2023-05-16T01:06:05.691+0000] {processor.py:175} INFO - Processing /home/airflow/.local/lib/python3.7/site-packages/airflow/example_dags/example_bash_operator.py took 2.287 seconds
[2023-05-16T01:06:36.367+0000] {processor.py:153} INFO - Started process (PID=17143) to work on /home/airflow/.local/lib/python3.7/site-packages/airflow/example_dags/example_bash_operator.py
[2023-05-16T01:06:36.370+0000] {processor.py:743} INFO - Processing file /home/airflow/.local/lib/python3.7/site-packages/airflow/example_dags/example_bash_operator.py for tasks to queue
[2023-05-16T01:06:36.373+0000] {logging_mixin.py:137} INFO - [2023-05-16T01:06:36.373+0000] {dagbag.py:532} INFO - Filling up the DagBag from /home/airflow/.local/lib/python3.7/site-packages/airflow/example_dags/example_bash_operator.py
[2023-05-16T01:06:36.415+0000] {processor.py:753} INFO - DAG(s) dict_keys(['example_bash_operator']) retrieved from /home/airflow/.local/lib/python3.7/site-packages/airflow/example_dags/example_bash_operator.py
[2023-05-16T01:06:36.470+0000] {logging_mixin.py:137} INFO - [2023-05-16T01:06:36.470+0000] {dag.py:2705} INFO - Sync 1 DAGs
[2023-05-16T01:06:36.510+0000] {logging_mixin.py:137} INFO - [2023-05-16T01:06:36.510+0000] {dag.py:3456} INFO - Setting next_dagrun for example_bash_operator to 2023-05-15T00:00:00+00:00, run_after=2023-05-16T00:00:00+00:00
[2023-05-16T01:06:36.534+0000] {processor.py:175} INFO - Processing /home/airflow/.local/lib/python3.7/site-packages/airflow/example_dags/example_bash_operator.py took 0.177 seconds
[2023-05-16T01:09:14.577+0000] {processor.py:153} INFO - Started process (PID=17168) to work on /home/airflow/.local/lib/python3.7/site-packages/airflow/example_dags/example_bash_operator.py
[2023-05-16T01:09:14.591+0000] {processor.py:743} INFO - Processing file /home/airflow/.local/lib/python3.7/site-packages/airflow/example_dags/example_bash_operator.py for tasks to queue
[2023-05-16T01:09:14.602+0000] {logging_mixin.py:137} INFO - [2023-05-16T01:09:14.598+0000] {dagbag.py:532} INFO - Filling up the DagBag from /home/airflow/.local/lib/python3.7/site-packages/airflow/example_dags/example_bash_operator.py
[2023-05-16T01:09:14.799+0000] {processor.py:753} INFO - DAG(s) dict_keys(['example_bash_operator']) retrieved from /home/airflow/.local/lib/python3.7/site-packages/airflow/example_dags/example_bash_operator.py
[2023-05-16T01:09:15.136+0000] {logging_mixin.py:137} INFO - [2023-05-16T01:09:15.136+0000] {dag.py:2705} INFO - Sync 1 DAGs
[2023-05-16T01:09:15.329+0000] {logging_mixin.py:137} INFO - [2023-05-16T01:09:15.328+0000] {dag.py:3456} INFO - Setting next_dagrun for example_bash_operator to 2023-05-15T00:00:00+00:00, run_after=2023-05-16T00:00:00+00:00
[2023-05-16T01:09:15.454+0000] {processor.py:175} INFO - Processing /home/airflow/.local/lib/python3.7/site-packages/airflow/example_dags/example_bash_operator.py took 0.911 seconds
[2023-05-16T01:11:14.086+0000] {processor.py:153} INFO - Started process (PID=17227) to work on /home/airflow/.local/lib/python3.7/site-packages/airflow/example_dags/example_bash_operator.py
[2023-05-16T01:11:14.095+0000] {processor.py:743} INFO - Processing file /home/airflow/.local/lib/python3.7/site-packages/airflow/example_dags/example_bash_operator.py for tasks to queue
[2023-05-16T01:11:14.140+0000] {logging_mixin.py:137} INFO - [2023-05-16T01:11:14.140+0000] {dagbag.py:532} INFO - Filling up the DagBag from /home/airflow/.local/lib/python3.7/site-packages/airflow/example_dags/example_bash_operator.py
[2023-05-16T01:11:44.287+0000] {processor.py:153} INFO - Started process (PID=17279) to work on /home/airflow/.local/lib/python3.7/site-packages/airflow/example_dags/example_bash_operator.py
[2023-05-16T01:11:44.291+0000] {processor.py:743} INFO - Processing file /home/airflow/.local/lib/python3.7/site-packages/airflow/example_dags/example_bash_operator.py for tasks to queue
[2023-05-16T01:11:44.296+0000] {logging_mixin.py:137} INFO - [2023-05-16T01:11:44.295+0000] {dagbag.py:532} INFO - Filling up the DagBag from /home/airflow/.local/lib/python3.7/site-packages/airflow/example_dags/example_bash_operator.py
[2023-05-16T01:11:44.352+0000] {processor.py:753} INFO - DAG(s) dict_keys(['example_bash_operator']) retrieved from /home/airflow/.local/lib/python3.7/site-packages/airflow/example_dags/example_bash_operator.py
[2023-05-16T01:11:44.424+0000] {logging_mixin.py:137} INFO - [2023-05-16T01:11:44.423+0000] {dag.py:2705} INFO - Sync 1 DAGs
[2023-05-16T01:11:44.552+0000] {logging_mixin.py:137} INFO - [2023-05-16T01:11:44.552+0000] {dag.py:3456} INFO - Setting next_dagrun for example_bash_operator to 2023-05-15T00:00:00+00:00, run_after=2023-05-16T00:00:00+00:00
[2023-05-16T01:11:44.633+0000] {processor.py:175} INFO - Processing /home/airflow/.local/lib/python3.7/site-packages/airflow/example_dags/example_bash_operator.py took 0.367 seconds
[2023-05-16T01:12:15.308+0000] {processor.py:153} INFO - Started process (PID=17330) to work on /home/airflow/.local/lib/python3.7/site-packages/airflow/example_dags/example_bash_operator.py
[2023-05-16T01:12:15.315+0000] {processor.py:743} INFO - Processing file /home/airflow/.local/lib/python3.7/site-packages/airflow/example_dags/example_bash_operator.py for tasks to queue
[2023-05-16T01:12:15.318+0000] {logging_mixin.py:137} INFO - [2023-05-16T01:12:15.318+0000] {dagbag.py:532} INFO - Filling up the DagBag from /home/airflow/.local/lib/python3.7/site-packages/airflow/example_dags/example_bash_operator.py
[2023-05-16T01:12:15.402+0000] {processor.py:753} INFO - DAG(s) dict_keys(['example_bash_operator']) retrieved from /home/airflow/.local/lib/python3.7/site-packages/airflow/example_dags/example_bash_operator.py
[2023-05-16T01:12:15.496+0000] {logging_mixin.py:137} INFO - [2023-05-16T01:12:15.496+0000] {dag.py:2705} INFO - Sync 1 DAGs
[2023-05-16T01:12:15.544+0000] {logging_mixin.py:137} INFO - [2023-05-16T01:12:15.543+0000] {dag.py:3456} INFO - Setting next_dagrun for example_bash_operator to 2023-05-15T00:00:00+00:00, run_after=2023-05-16T00:00:00+00:00
[2023-05-16T01:12:15.573+0000] {processor.py:175} INFO - Processing /home/airflow/.local/lib/python3.7/site-packages/airflow/example_dags/example_bash_operator.py took 0.279 seconds
[2023-05-16T01:12:45.746+0000] {processor.py:153} INFO - Started process (PID=17389) to work on /home/airflow/.local/lib/python3.7/site-packages/airflow/example_dags/example_bash_operator.py
[2023-05-16T01:12:45.749+0000] {processor.py:743} INFO - Processing file /home/airflow/.local/lib/python3.7/site-packages/airflow/example_dags/example_bash_operator.py for tasks to queue
[2023-05-16T01:12:45.751+0000] {logging_mixin.py:137} INFO - [2023-05-16T01:12:45.751+0000] {dagbag.py:532} INFO - Filling up the DagBag from /home/airflow/.local/lib/python3.7/site-packages/airflow/example_dags/example_bash_operator.py
[2023-05-16T01:12:45.809+0000] {processor.py:753} INFO - DAG(s) dict_keys(['example_bash_operator']) retrieved from /home/airflow/.local/lib/python3.7/site-packages/airflow/example_dags/example_bash_operator.py
[2023-05-16T01:12:45.886+0000] {logging_mixin.py:137} INFO - [2023-05-16T01:12:45.886+0000] {dag.py:2705} INFO - Sync 1 DAGs
[2023-05-16T01:12:45.957+0000] {logging_mixin.py:137} INFO - [2023-05-16T01:12:45.957+0000] {dag.py:3456} INFO - Setting next_dagrun for example_bash_operator to 2023-05-15T00:00:00+00:00, run_after=2023-05-16T00:00:00+00:00
[2023-05-16T01:12:46.007+0000] {processor.py:175} INFO - Processing /home/airflow/.local/lib/python3.7/site-packages/airflow/example_dags/example_bash_operator.py took 0.271 seconds
[2023-05-16T01:13:16.486+0000] {processor.py:153} INFO - Started process (PID=17441) to work on /home/airflow/.local/lib/python3.7/site-packages/airflow/example_dags/example_bash_operator.py
[2023-05-16T01:13:16.488+0000] {processor.py:743} INFO - Processing file /home/airflow/.local/lib/python3.7/site-packages/airflow/example_dags/example_bash_operator.py for tasks to queue
[2023-05-16T01:13:16.494+0000] {logging_mixin.py:137} INFO - [2023-05-16T01:13:16.494+0000] {dagbag.py:532} INFO - Filling up the DagBag from /home/airflow/.local/lib/python3.7/site-packages/airflow/example_dags/example_bash_operator.py
[2023-05-16T01:13:16.607+0000] {processor.py:753} INFO - DAG(s) dict_keys(['example_bash_operator']) retrieved from /home/airflow/.local/lib/python3.7/site-packages/airflow/example_dags/example_bash_operator.py
[2023-05-16T01:13:16.686+0000] {logging_mixin.py:137} INFO - [2023-05-16T01:13:16.686+0000] {dag.py:2705} INFO - Sync 1 DAGs
[2023-05-16T01:13:16.738+0000] {logging_mixin.py:137} INFO - [2023-05-16T01:13:16.738+0000] {dag.py:3456} INFO - Setting next_dagrun for example_bash_operator to 2023-05-15T00:00:00+00:00, run_after=2023-05-16T00:00:00+00:00
[2023-05-16T01:13:16.776+0000] {processor.py:175} INFO - Processing /home/airflow/.local/lib/python3.7/site-packages/airflow/example_dags/example_bash_operator.py took 0.297 seconds
[2023-05-16T01:13:46.902+0000] {processor.py:153} INFO - Started process (PID=17493) to work on /home/airflow/.local/lib/python3.7/site-packages/airflow/example_dags/example_bash_operator.py
[2023-05-16T01:13:46.905+0000] {processor.py:743} INFO - Processing file /home/airflow/.local/lib/python3.7/site-packages/airflow/example_dags/example_bash_operator.py for tasks to queue
[2023-05-16T01:13:46.906+0000] {logging_mixin.py:137} INFO - [2023-05-16T01:13:46.906+0000] {dagbag.py:532} INFO - Filling up the DagBag from /home/airflow/.local/lib/python3.7/site-packages/airflow/example_dags/example_bash_operator.py
[2023-05-16T01:13:46.953+0000] {processor.py:753} INFO - DAG(s) dict_keys(['example_bash_operator']) retrieved from /home/airflow/.local/lib/python3.7/site-packages/airflow/example_dags/example_bash_operator.py
[2023-05-16T01:13:47.038+0000] {logging_mixin.py:137} INFO - [2023-05-16T01:13:47.038+0000] {dag.py:2705} INFO - Sync 1 DAGs
[2023-05-16T01:13:47.084+0000] {logging_mixin.py:137} INFO - [2023-05-16T01:13:47.083+0000] {dag.py:3456} INFO - Setting next_dagrun for example_bash_operator to 2023-05-15T00:00:00+00:00, run_after=2023-05-16T00:00:00+00:00
[2023-05-16T01:13:47.126+0000] {processor.py:175} INFO - Processing /home/airflow/.local/lib/python3.7/site-packages/airflow/example_dags/example_bash_operator.py took 0.232 seconds
[2023-05-16T01:14:17.652+0000] {processor.py:153} INFO - Started process (PID=17545) to work on /home/airflow/.local/lib/python3.7/site-packages/airflow/example_dags/example_bash_operator.py
[2023-05-16T01:14:17.656+0000] {processor.py:743} INFO - Processing file /home/airflow/.local/lib/python3.7/site-packages/airflow/example_dags/example_bash_operator.py for tasks to queue
[2023-05-16T01:14:17.657+0000] {logging_mixin.py:137} INFO - [2023-05-16T01:14:17.657+0000] {dagbag.py:532} INFO - Filling up the DagBag from /home/airflow/.local/lib/python3.7/site-packages/airflow/example_dags/example_bash_operator.py
[2023-05-16T01:14:17.705+0000] {processor.py:753} INFO - DAG(s) dict_keys(['example_bash_operator']) retrieved from /home/airflow/.local/lib/python3.7/site-packages/airflow/example_dags/example_bash_operator.py
[2023-05-16T01:14:17.779+0000] {logging_mixin.py:137} INFO - [2023-05-16T01:14:17.779+0000] {dag.py:2705} INFO - Sync 1 DAGs
[2023-05-16T01:14:17.843+0000] {logging_mixin.py:137} INFO - [2023-05-16T01:14:17.843+0000] {dag.py:3456} INFO - Setting next_dagrun for example_bash_operator to 2023-05-15T00:00:00+00:00, run_after=2023-05-16T00:00:00+00:00
[2023-05-16T01:14:17.878+0000] {processor.py:175} INFO - Processing /home/airflow/.local/lib/python3.7/site-packages/airflow/example_dags/example_bash_operator.py took 0.237 seconds
[2023-05-16T01:14:48.240+0000] {processor.py:153} INFO - Started process (PID=17598) to work on /home/airflow/.local/lib/python3.7/site-packages/airflow/example_dags/example_bash_operator.py
[2023-05-16T01:14:48.242+0000] {processor.py:743} INFO - Processing file /home/airflow/.local/lib/python3.7/site-packages/airflow/example_dags/example_bash_operator.py for tasks to queue
[2023-05-16T01:14:48.244+0000] {logging_mixin.py:137} INFO - [2023-05-16T01:14:48.244+0000] {dagbag.py:532} INFO - Filling up the DagBag from /home/airflow/.local/lib/python3.7/site-packages/airflow/example_dags/example_bash_operator.py
[2023-05-16T01:14:48.287+0000] {processor.py:753} INFO - DAG(s) dict_keys(['example_bash_operator']) retrieved from /home/airflow/.local/lib/python3.7/site-packages/airflow/example_dags/example_bash_operator.py
[2023-05-16T01:14:48.345+0000] {logging_mixin.py:137} INFO - [2023-05-16T01:14:48.345+0000] {dag.py:2705} INFO - Sync 1 DAGs
[2023-05-16T01:14:48.389+0000] {logging_mixin.py:137} INFO - [2023-05-16T01:14:48.389+0000] {dag.py:3456} INFO - Setting next_dagrun for example_bash_operator to 2023-05-15T00:00:00+00:00, run_after=2023-05-16T00:00:00+00:00
[2023-05-16T01:14:48.417+0000] {processor.py:175} INFO - Processing /home/airflow/.local/lib/python3.7/site-packages/airflow/example_dags/example_bash_operator.py took 0.185 seconds
[2023-05-16T01:15:18.631+0000] {processor.py:153} INFO - Started process (PID=17650) to work on /home/airflow/.local/lib/python3.7/site-packages/airflow/example_dags/example_bash_operator.py
[2023-05-16T01:15:18.639+0000] {processor.py:743} INFO - Processing file /home/airflow/.local/lib/python3.7/site-packages/airflow/example_dags/example_bash_operator.py for tasks to queue
[2023-05-16T01:15:18.644+0000] {logging_mixin.py:137} INFO - [2023-05-16T01:15:18.643+0000] {dagbag.py:532} INFO - Filling up the DagBag from /home/airflow/.local/lib/python3.7/site-packages/airflow/example_dags/example_bash_operator.py
[2023-05-16T01:15:18.715+0000] {processor.py:753} INFO - DAG(s) dict_keys(['example_bash_operator']) retrieved from /home/airflow/.local/lib/python3.7/site-packages/airflow/example_dags/example_bash_operator.py
[2023-05-16T01:15:18.844+0000] {logging_mixin.py:137} INFO - [2023-05-16T01:15:18.844+0000] {dag.py:2705} INFO - Sync 1 DAGs
[2023-05-16T01:15:18.918+0000] {logging_mixin.py:137} INFO - [2023-05-16T01:15:18.918+0000] {dag.py:3456} INFO - Setting next_dagrun for example_bash_operator to 2023-05-15T00:00:00+00:00, run_after=2023-05-16T00:00:00+00:00
[2023-05-16T01:15:18.946+0000] {processor.py:175} INFO - Processing /home/airflow/.local/lib/python3.7/site-packages/airflow/example_dags/example_bash_operator.py took 0.321 seconds
[2023-05-16T01:15:49.241+0000] {processor.py:153} INFO - Started process (PID=17702) to work on /home/airflow/.local/lib/python3.7/site-packages/airflow/example_dags/example_bash_operator.py
[2023-05-16T01:15:49.246+0000] {processor.py:743} INFO - Processing file /home/airflow/.local/lib/python3.7/site-packages/airflow/example_dags/example_bash_operator.py for tasks to queue
[2023-05-16T01:15:49.248+0000] {logging_mixin.py:137} INFO - [2023-05-16T01:15:49.248+0000] {dagbag.py:532} INFO - Filling up the DagBag from /home/airflow/.local/lib/python3.7/site-packages/airflow/example_dags/example_bash_operator.py
[2023-05-16T01:15:49.328+0000] {processor.py:753} INFO - DAG(s) dict_keys(['example_bash_operator']) retrieved from /home/airflow/.local/lib/python3.7/site-packages/airflow/example_dags/example_bash_operator.py
[2023-05-16T01:15:49.451+0000] {logging_mixin.py:137} INFO - [2023-05-16T01:15:49.451+0000] {dag.py:2705} INFO - Sync 1 DAGs
[2023-05-16T01:15:49.538+0000] {logging_mixin.py:137} INFO - [2023-05-16T01:15:49.538+0000] {dag.py:3456} INFO - Setting next_dagrun for example_bash_operator to 2023-05-15T00:00:00+00:00, run_after=2023-05-16T00:00:00+00:00
[2023-05-16T01:15:49.610+0000] {processor.py:175} INFO - Processing /home/airflow/.local/lib/python3.7/site-packages/airflow/example_dags/example_bash_operator.py took 0.381 seconds
[2023-05-16T01:16:20.433+0000] {processor.py:153} INFO - Started process (PID=17754) to work on /home/airflow/.local/lib/python3.7/site-packages/airflow/example_dags/example_bash_operator.py
[2023-05-16T01:16:20.435+0000] {processor.py:743} INFO - Processing file /home/airflow/.local/lib/python3.7/site-packages/airflow/example_dags/example_bash_operator.py for tasks to queue
[2023-05-16T01:16:20.437+0000] {logging_mixin.py:137} INFO - [2023-05-16T01:16:20.437+0000] {dagbag.py:532} INFO - Filling up the DagBag from /home/airflow/.local/lib/python3.7/site-packages/airflow/example_dags/example_bash_operator.py
[2023-05-16T01:16:20.470+0000] {processor.py:753} INFO - DAG(s) dict_keys(['example_bash_operator']) retrieved from /home/airflow/.local/lib/python3.7/site-packages/airflow/example_dags/example_bash_operator.py
[2023-05-16T01:16:20.532+0000] {logging_mixin.py:137} INFO - [2023-05-16T01:16:20.531+0000] {dag.py:2705} INFO - Sync 1 DAGs
[2023-05-16T01:16:20.570+0000] {logging_mixin.py:137} INFO - [2023-05-16T01:16:20.570+0000] {dag.py:3456} INFO - Setting next_dagrun for example_bash_operator to 2023-05-15T00:00:00+00:00, run_after=2023-05-16T00:00:00+00:00
[2023-05-16T01:16:20.603+0000] {processor.py:175} INFO - Processing /home/airflow/.local/lib/python3.7/site-packages/airflow/example_dags/example_bash_operator.py took 0.178 seconds
[2023-05-16T01:16:50.972+0000] {processor.py:153} INFO - Started process (PID=17806) to work on /home/airflow/.local/lib/python3.7/site-packages/airflow/example_dags/example_bash_operator.py
[2023-05-16T01:16:50.974+0000] {processor.py:743} INFO - Processing file /home/airflow/.local/lib/python3.7/site-packages/airflow/example_dags/example_bash_operator.py for tasks to queue
[2023-05-16T01:16:50.977+0000] {logging_mixin.py:137} INFO - [2023-05-16T01:16:50.977+0000] {dagbag.py:532} INFO - Filling up the DagBag from /home/airflow/.local/lib/python3.7/site-packages/airflow/example_dags/example_bash_operator.py
[2023-05-16T01:16:51.015+0000] {processor.py:753} INFO - DAG(s) dict_keys(['example_bash_operator']) retrieved from /home/airflow/.local/lib/python3.7/site-packages/airflow/example_dags/example_bash_operator.py
[2023-05-16T01:16:51.075+0000] {logging_mixin.py:137} INFO - [2023-05-16T01:16:51.075+0000] {dag.py:2705} INFO - Sync 1 DAGs
[2023-05-16T01:16:51.113+0000] {logging_mixin.py:137} INFO - [2023-05-16T01:16:51.113+0000] {dag.py:3456} INFO - Setting next_dagrun for example_bash_operator to 2023-05-15T00:00:00+00:00, run_after=2023-05-16T00:00:00+00:00
[2023-05-16T01:16:51.140+0000] {processor.py:175} INFO - Processing /home/airflow/.local/lib/python3.7/site-packages/airflow/example_dags/example_bash_operator.py took 0.180 seconds
[2023-05-16T01:17:21.691+0000] {processor.py:153} INFO - Started process (PID=17859) to work on /home/airflow/.local/lib/python3.7/site-packages/airflow/example_dags/example_bash_operator.py
[2023-05-16T01:17:21.693+0000] {processor.py:743} INFO - Processing file /home/airflow/.local/lib/python3.7/site-packages/airflow/example_dags/example_bash_operator.py for tasks to queue
[2023-05-16T01:17:21.695+0000] {logging_mixin.py:137} INFO - [2023-05-16T01:17:21.695+0000] {dagbag.py:532} INFO - Filling up the DagBag from /home/airflow/.local/lib/python3.7/site-packages/airflow/example_dags/example_bash_operator.py
[2023-05-16T01:17:21.729+0000] {processor.py:753} INFO - DAG(s) dict_keys(['example_bash_operator']) retrieved from /home/airflow/.local/lib/python3.7/site-packages/airflow/example_dags/example_bash_operator.py
[2023-05-16T01:17:21.791+0000] {logging_mixin.py:137} INFO - [2023-05-16T01:17:21.791+0000] {dag.py:2705} INFO - Sync 1 DAGs
[2023-05-16T01:17:21.826+0000] {logging_mixin.py:137} INFO - [2023-05-16T01:17:21.826+0000] {dag.py:3456} INFO - Setting next_dagrun for example_bash_operator to 2023-05-15T00:00:00+00:00, run_after=2023-05-16T00:00:00+00:00
[2023-05-16T01:17:21.855+0000] {processor.py:175} INFO - Processing /home/airflow/.local/lib/python3.7/site-packages/airflow/example_dags/example_bash_operator.py took 0.175 seconds
[2023-05-16T01:17:52.113+0000] {processor.py:153} INFO - Started process (PID=17911) to work on /home/airflow/.local/lib/python3.7/site-packages/airflow/example_dags/example_bash_operator.py
[2023-05-16T01:17:52.115+0000] {processor.py:743} INFO - Processing file /home/airflow/.local/lib/python3.7/site-packages/airflow/example_dags/example_bash_operator.py for tasks to queue
[2023-05-16T01:17:52.119+0000] {logging_mixin.py:137} INFO - [2023-05-16T01:17:52.119+0000] {dagbag.py:532} INFO - Filling up the DagBag from /home/airflow/.local/lib/python3.7/site-packages/airflow/example_dags/example_bash_operator.py
[2023-05-16T01:17:52.155+0000] {processor.py:753} INFO - DAG(s) dict_keys(['example_bash_operator']) retrieved from /home/airflow/.local/lib/python3.7/site-packages/airflow/example_dags/example_bash_operator.py
[2023-05-16T01:17:52.213+0000] {logging_mixin.py:137} INFO - [2023-05-16T01:17:52.213+0000] {dag.py:2705} INFO - Sync 1 DAGs
[2023-05-16T01:17:52.251+0000] {logging_mixin.py:137} INFO - [2023-05-16T01:17:52.250+0000] {dag.py:3456} INFO - Setting next_dagrun for example_bash_operator to 2023-05-15T00:00:00+00:00, run_after=2023-05-16T00:00:00+00:00
[2023-05-16T01:17:52.278+0000] {processor.py:175} INFO - Processing /home/airflow/.local/lib/python3.7/site-packages/airflow/example_dags/example_bash_operator.py took 0.171 seconds
[2023-05-16T01:18:22.732+0000] {processor.py:153} INFO - Started process (PID=17963) to work on /home/airflow/.local/lib/python3.7/site-packages/airflow/example_dags/example_bash_operator.py
[2023-05-16T01:18:22.734+0000] {processor.py:743} INFO - Processing file /home/airflow/.local/lib/python3.7/site-packages/airflow/example_dags/example_bash_operator.py for tasks to queue
[2023-05-16T01:18:22.736+0000] {logging_mixin.py:137} INFO - [2023-05-16T01:18:22.736+0000] {dagbag.py:532} INFO - Filling up the DagBag from /home/airflow/.local/lib/python3.7/site-packages/airflow/example_dags/example_bash_operator.py
[2023-05-16T01:18:22.770+0000] {processor.py:753} INFO - DAG(s) dict_keys(['example_bash_operator']) retrieved from /home/airflow/.local/lib/python3.7/site-packages/airflow/example_dags/example_bash_operator.py
[2023-05-16T01:18:22.827+0000] {logging_mixin.py:137} INFO - [2023-05-16T01:18:22.827+0000] {dag.py:2705} INFO - Sync 1 DAGs
[2023-05-16T01:18:22.864+0000] {logging_mixin.py:137} INFO - [2023-05-16T01:18:22.864+0000] {dag.py:3456} INFO - Setting next_dagrun for example_bash_operator to 2023-05-15T00:00:00+00:00, run_after=2023-05-16T00:00:00+00:00
[2023-05-16T01:18:22.893+0000] {processor.py:175} INFO - Processing /home/airflow/.local/lib/python3.7/site-packages/airflow/example_dags/example_bash_operator.py took 0.171 seconds
[2023-05-16T01:18:52.975+0000] {processor.py:153} INFO - Started process (PID=18016) to work on /home/airflow/.local/lib/python3.7/site-packages/airflow/example_dags/example_bash_operator.py
[2023-05-16T01:18:52.977+0000] {processor.py:743} INFO - Processing file /home/airflow/.local/lib/python3.7/site-packages/airflow/example_dags/example_bash_operator.py for tasks to queue
[2023-05-16T01:18:52.979+0000] {logging_mixin.py:137} INFO - [2023-05-16T01:18:52.978+0000] {dagbag.py:532} INFO - Filling up the DagBag from /home/airflow/.local/lib/python3.7/site-packages/airflow/example_dags/example_bash_operator.py
[2023-05-16T01:18:53.014+0000] {processor.py:753} INFO - DAG(s) dict_keys(['example_bash_operator']) retrieved from /home/airflow/.local/lib/python3.7/site-packages/airflow/example_dags/example_bash_operator.py
[2023-05-16T01:18:53.069+0000] {logging_mixin.py:137} INFO - [2023-05-16T01:18:53.069+0000] {dag.py:2705} INFO - Sync 1 DAGs
[2023-05-16T01:18:53.105+0000] {logging_mixin.py:137} INFO - [2023-05-16T01:18:53.105+0000] {dag.py:3456} INFO - Setting next_dagrun for example_bash_operator to 2023-05-15T00:00:00+00:00, run_after=2023-05-16T00:00:00+00:00
[2023-05-16T01:18:53.133+0000] {processor.py:175} INFO - Processing /home/airflow/.local/lib/python3.7/site-packages/airflow/example_dags/example_bash_operator.py took 0.167 seconds
[2023-05-16T01:19:23.555+0000] {processor.py:153} INFO - Started process (PID=18067) to work on /home/airflow/.local/lib/python3.7/site-packages/airflow/example_dags/example_bash_operator.py
[2023-05-16T01:19:23.557+0000] {processor.py:743} INFO - Processing file /home/airflow/.local/lib/python3.7/site-packages/airflow/example_dags/example_bash_operator.py for tasks to queue
[2023-05-16T01:19:23.560+0000] {logging_mixin.py:137} INFO - [2023-05-16T01:19:23.559+0000] {dagbag.py:532} INFO - Filling up the DagBag from /home/airflow/.local/lib/python3.7/site-packages/airflow/example_dags/example_bash_operator.py
[2023-05-16T01:19:23.597+0000] {processor.py:753} INFO - DAG(s) dict_keys(['example_bash_operator']) retrieved from /home/airflow/.local/lib/python3.7/site-packages/airflow/example_dags/example_bash_operator.py
[2023-05-16T01:19:23.654+0000] {logging_mixin.py:137} INFO - [2023-05-16T01:19:23.654+0000] {dag.py:2705} INFO - Sync 1 DAGs
[2023-05-16T01:19:23.692+0000] {logging_mixin.py:137} INFO - [2023-05-16T01:19:23.691+0000] {dag.py:3456} INFO - Setting next_dagrun for example_bash_operator to 2023-05-15T00:00:00+00:00, run_after=2023-05-16T00:00:00+00:00
[2023-05-16T01:19:23.726+0000] {processor.py:175} INFO - Processing /home/airflow/.local/lib/python3.7/site-packages/airflow/example_dags/example_bash_operator.py took 0.183 seconds
[2023-05-16T01:19:53.932+0000] {processor.py:153} INFO - Started process (PID=18119) to work on /home/airflow/.local/lib/python3.7/site-packages/airflow/example_dags/example_bash_operator.py
[2023-05-16T01:19:53.934+0000] {processor.py:743} INFO - Processing file /home/airflow/.local/lib/python3.7/site-packages/airflow/example_dags/example_bash_operator.py for tasks to queue
[2023-05-16T01:19:53.936+0000] {logging_mixin.py:137} INFO - [2023-05-16T01:19:53.936+0000] {dagbag.py:532} INFO - Filling up the DagBag from /home/airflow/.local/lib/python3.7/site-packages/airflow/example_dags/example_bash_operator.py
[2023-05-16T01:19:53.972+0000] {processor.py:753} INFO - DAG(s) dict_keys(['example_bash_operator']) retrieved from /home/airflow/.local/lib/python3.7/site-packages/airflow/example_dags/example_bash_operator.py
[2023-05-16T01:19:54.030+0000] {logging_mixin.py:137} INFO - [2023-05-16T01:19:54.030+0000] {dag.py:2705} INFO - Sync 1 DAGs
[2023-05-16T01:19:54.064+0000] {logging_mixin.py:137} INFO - [2023-05-16T01:19:54.063+0000] {dag.py:3456} INFO - Setting next_dagrun for example_bash_operator to 2023-05-15T00:00:00+00:00, run_after=2023-05-16T00:00:00+00:00
[2023-05-16T01:19:54.095+0000] {processor.py:175} INFO - Processing /home/airflow/.local/lib/python3.7/site-packages/airflow/example_dags/example_bash_operator.py took 0.171 seconds
[2023-05-16T01:20:24.504+0000] {processor.py:153} INFO - Started process (PID=18171) to work on /home/airflow/.local/lib/python3.7/site-packages/airflow/example_dags/example_bash_operator.py
[2023-05-16T01:20:24.506+0000] {processor.py:743} INFO - Processing file /home/airflow/.local/lib/python3.7/site-packages/airflow/example_dags/example_bash_operator.py for tasks to queue
[2023-05-16T01:20:24.508+0000] {logging_mixin.py:137} INFO - [2023-05-16T01:20:24.508+0000] {dagbag.py:532} INFO - Filling up the DagBag from /home/airflow/.local/lib/python3.7/site-packages/airflow/example_dags/example_bash_operator.py
[2023-05-16T01:20:24.543+0000] {processor.py:753} INFO - DAG(s) dict_keys(['example_bash_operator']) retrieved from /home/airflow/.local/lib/python3.7/site-packages/airflow/example_dags/example_bash_operator.py
[2023-05-16T01:20:24.599+0000] {logging_mixin.py:137} INFO - [2023-05-16T01:20:24.598+0000] {dag.py:2705} INFO - Sync 1 DAGs
[2023-05-16T01:20:24.632+0000] {logging_mixin.py:137} INFO - [2023-05-16T01:20:24.632+0000] {dag.py:3456} INFO - Setting next_dagrun for example_bash_operator to 2023-05-15T00:00:00+00:00, run_after=2023-05-16T00:00:00+00:00
[2023-05-16T01:20:24.663+0000] {processor.py:175} INFO - Processing /home/airflow/.local/lib/python3.7/site-packages/airflow/example_dags/example_bash_operator.py took 0.169 seconds
[2023-05-16T01:20:54.778+0000] {processor.py:153} INFO - Started process (PID=18222) to work on /home/airflow/.local/lib/python3.7/site-packages/airflow/example_dags/example_bash_operator.py
[2023-05-16T01:20:54.780+0000] {processor.py:743} INFO - Processing file /home/airflow/.local/lib/python3.7/site-packages/airflow/example_dags/example_bash_operator.py for tasks to queue
[2023-05-16T01:20:54.797+0000] {logging_mixin.py:137} INFO - [2023-05-16T01:20:54.796+0000] {dagbag.py:532} INFO - Filling up the DagBag from /home/airflow/.local/lib/python3.7/site-packages/airflow/example_dags/example_bash_operator.py
[2023-05-16T01:20:54.833+0000] {processor.py:753} INFO - DAG(s) dict_keys(['example_bash_operator']) retrieved from /home/airflow/.local/lib/python3.7/site-packages/airflow/example_dags/example_bash_operator.py
[2023-05-16T01:20:54.892+0000] {logging_mixin.py:137} INFO - [2023-05-16T01:20:54.892+0000] {dag.py:2705} INFO - Sync 1 DAGs
[2023-05-16T01:20:54.929+0000] {logging_mixin.py:137} INFO - [2023-05-16T01:20:54.929+0000] {dag.py:3456} INFO - Setting next_dagrun for example_bash_operator to 2023-05-15T00:00:00+00:00, run_after=2023-05-16T00:00:00+00:00
[2023-05-16T01:20:54.957+0000] {processor.py:175} INFO - Processing /home/airflow/.local/lib/python3.7/site-packages/airflow/example_dags/example_bash_operator.py took 0.189 seconds
[2023-05-16T01:21:25.202+0000] {processor.py:153} INFO - Started process (PID=18274) to work on /home/airflow/.local/lib/python3.7/site-packages/airflow/example_dags/example_bash_operator.py
[2023-05-16T01:21:25.209+0000] {processor.py:743} INFO - Processing file /home/airflow/.local/lib/python3.7/site-packages/airflow/example_dags/example_bash_operator.py for tasks to queue
[2023-05-16T01:21:25.229+0000] {logging_mixin.py:137} INFO - [2023-05-16T01:21:25.228+0000] {dagbag.py:532} INFO - Filling up the DagBag from /home/airflow/.local/lib/python3.7/site-packages/airflow/example_dags/example_bash_operator.py
[2023-05-16T01:21:25.262+0000] {processor.py:753} INFO - DAG(s) dict_keys(['example_bash_operator']) retrieved from /home/airflow/.local/lib/python3.7/site-packages/airflow/example_dags/example_bash_operator.py
[2023-05-16T01:21:25.321+0000] {logging_mixin.py:137} INFO - [2023-05-16T01:21:25.320+0000] {dag.py:2705} INFO - Sync 1 DAGs
[2023-05-16T01:21:25.357+0000] {logging_mixin.py:137} INFO - [2023-05-16T01:21:25.357+0000] {dag.py:3456} INFO - Setting next_dagrun for example_bash_operator to 2023-05-15T00:00:00+00:00, run_after=2023-05-16T00:00:00+00:00
[2023-05-16T01:21:25.385+0000] {processor.py:175} INFO - Processing /home/airflow/.local/lib/python3.7/site-packages/airflow/example_dags/example_bash_operator.py took 0.192 seconds
[2023-05-16T01:21:55.809+0000] {processor.py:153} INFO - Started process (PID=18327) to work on /home/airflow/.local/lib/python3.7/site-packages/airflow/example_dags/example_bash_operator.py
[2023-05-16T01:21:55.811+0000] {processor.py:743} INFO - Processing file /home/airflow/.local/lib/python3.7/site-packages/airflow/example_dags/example_bash_operator.py for tasks to queue
[2023-05-16T01:21:55.813+0000] {logging_mixin.py:137} INFO - [2023-05-16T01:21:55.813+0000] {dagbag.py:532} INFO - Filling up the DagBag from /home/airflow/.local/lib/python3.7/site-packages/airflow/example_dags/example_bash_operator.py
[2023-05-16T01:21:55.849+0000] {processor.py:753} INFO - DAG(s) dict_keys(['example_bash_operator']) retrieved from /home/airflow/.local/lib/python3.7/site-packages/airflow/example_dags/example_bash_operator.py
[2023-05-16T01:21:55.907+0000] {logging_mixin.py:137} INFO - [2023-05-16T01:21:55.907+0000] {dag.py:2705} INFO - Sync 1 DAGs
[2023-05-16T01:21:55.942+0000] {logging_mixin.py:137} INFO - [2023-05-16T01:21:55.941+0000] {dag.py:3456} INFO - Setting next_dagrun for example_bash_operator to 2023-05-15T00:00:00+00:00, run_after=2023-05-16T00:00:00+00:00
[2023-05-16T01:21:55.968+0000] {processor.py:175} INFO - Processing /home/airflow/.local/lib/python3.7/site-packages/airflow/example_dags/example_bash_operator.py took 0.168 seconds
[2023-05-16T01:22:26.119+0000] {processor.py:153} INFO - Started process (PID=18379) to work on /home/airflow/.local/lib/python3.7/site-packages/airflow/example_dags/example_bash_operator.py
[2023-05-16T01:22:26.121+0000] {processor.py:743} INFO - Processing file /home/airflow/.local/lib/python3.7/site-packages/airflow/example_dags/example_bash_operator.py for tasks to queue
[2023-05-16T01:22:26.124+0000] {logging_mixin.py:137} INFO - [2023-05-16T01:22:26.124+0000] {dagbag.py:532} INFO - Filling up the DagBag from /home/airflow/.local/lib/python3.7/site-packages/airflow/example_dags/example_bash_operator.py
[2023-05-16T01:22:26.162+0000] {processor.py:753} INFO - DAG(s) dict_keys(['example_bash_operator']) retrieved from /home/airflow/.local/lib/python3.7/site-packages/airflow/example_dags/example_bash_operator.py
[2023-05-16T01:22:26.219+0000] {logging_mixin.py:137} INFO - [2023-05-16T01:22:26.219+0000] {dag.py:2705} INFO - Sync 1 DAGs
[2023-05-16T01:22:26.257+0000] {logging_mixin.py:137} INFO - [2023-05-16T01:22:26.256+0000] {dag.py:3456} INFO - Setting next_dagrun for example_bash_operator to 2023-05-15T00:00:00+00:00, run_after=2023-05-16T00:00:00+00:00
[2023-05-16T01:22:26.284+0000] {processor.py:175} INFO - Processing /home/airflow/.local/lib/python3.7/site-packages/airflow/example_dags/example_bash_operator.py took 0.172 seconds
[2023-05-16T01:22:56.666+0000] {processor.py:153} INFO - Started process (PID=18431) to work on /home/airflow/.local/lib/python3.7/site-packages/airflow/example_dags/example_bash_operator.py
[2023-05-16T01:22:56.669+0000] {processor.py:743} INFO - Processing file /home/airflow/.local/lib/python3.7/site-packages/airflow/example_dags/example_bash_operator.py for tasks to queue
[2023-05-16T01:22:56.670+0000] {logging_mixin.py:137} INFO - [2023-05-16T01:22:56.670+0000] {dagbag.py:532} INFO - Filling up the DagBag from /home/airflow/.local/lib/python3.7/site-packages/airflow/example_dags/example_bash_operator.py
[2023-05-16T01:22:56.706+0000] {processor.py:753} INFO - DAG(s) dict_keys(['example_bash_operator']) retrieved from /home/airflow/.local/lib/python3.7/site-packages/airflow/example_dags/example_bash_operator.py
[2023-05-16T01:22:56.762+0000] {logging_mixin.py:137} INFO - [2023-05-16T01:22:56.762+0000] {dag.py:2705} INFO - Sync 1 DAGs
[2023-05-16T01:22:56.797+0000] {logging_mixin.py:137} INFO - [2023-05-16T01:22:56.796+0000] {dag.py:3456} INFO - Setting next_dagrun for example_bash_operator to 2023-05-15T00:00:00+00:00, run_after=2023-05-16T00:00:00+00:00
[2023-05-16T01:22:56.825+0000] {processor.py:175} INFO - Processing /home/airflow/.local/lib/python3.7/site-packages/airflow/example_dags/example_bash_operator.py took 0.167 seconds
[2023-05-16T01:23:26.983+0000] {processor.py:153} INFO - Started process (PID=18483) to work on /home/airflow/.local/lib/python3.7/site-packages/airflow/example_dags/example_bash_operator.py
[2023-05-16T01:23:26.985+0000] {processor.py:743} INFO - Processing file /home/airflow/.local/lib/python3.7/site-packages/airflow/example_dags/example_bash_operator.py for tasks to queue
[2023-05-16T01:23:26.988+0000] {logging_mixin.py:137} INFO - [2023-05-16T01:23:26.988+0000] {dagbag.py:532} INFO - Filling up the DagBag from /home/airflow/.local/lib/python3.7/site-packages/airflow/example_dags/example_bash_operator.py
[2023-05-16T01:23:27.029+0000] {processor.py:753} INFO - DAG(s) dict_keys(['example_bash_operator']) retrieved from /home/airflow/.local/lib/python3.7/site-packages/airflow/example_dags/example_bash_operator.py
[2023-05-16T01:23:27.115+0000] {logging_mixin.py:137} INFO - [2023-05-16T01:23:27.115+0000] {dag.py:2705} INFO - Sync 1 DAGs
[2023-05-16T01:23:27.172+0000] {logging_mixin.py:137} INFO - [2023-05-16T01:23:27.171+0000] {dag.py:3456} INFO - Setting next_dagrun for example_bash_operator to 2023-05-15T00:00:00+00:00, run_after=2023-05-16T00:00:00+00:00
[2023-05-16T01:23:27.211+0000] {processor.py:175} INFO - Processing /home/airflow/.local/lib/python3.7/site-packages/airflow/example_dags/example_bash_operator.py took 0.245 seconds
[2023-05-16T01:23:57.618+0000] {processor.py:153} INFO - Started process (PID=18535) to work on /home/airflow/.local/lib/python3.7/site-packages/airflow/example_dags/example_bash_operator.py
[2023-05-16T01:23:57.620+0000] {processor.py:743} INFO - Processing file /home/airflow/.local/lib/python3.7/site-packages/airflow/example_dags/example_bash_operator.py for tasks to queue
[2023-05-16T01:23:57.622+0000] {logging_mixin.py:137} INFO - [2023-05-16T01:23:57.622+0000] {dagbag.py:532} INFO - Filling up the DagBag from /home/airflow/.local/lib/python3.7/site-packages/airflow/example_dags/example_bash_operator.py
[2023-05-16T01:23:57.657+0000] {processor.py:753} INFO - DAG(s) dict_keys(['example_bash_operator']) retrieved from /home/airflow/.local/lib/python3.7/site-packages/airflow/example_dags/example_bash_operator.py
[2023-05-16T01:23:57.715+0000] {logging_mixin.py:137} INFO - [2023-05-16T01:23:57.715+0000] {dag.py:2705} INFO - Sync 1 DAGs
[2023-05-16T01:23:57.750+0000] {logging_mixin.py:137} INFO - [2023-05-16T01:23:57.749+0000] {dag.py:3456} INFO - Setting next_dagrun for example_bash_operator to 2023-05-15T00:00:00+00:00, run_after=2023-05-16T00:00:00+00:00
[2023-05-16T01:23:57.781+0000] {processor.py:175} INFO - Processing /home/airflow/.local/lib/python3.7/site-packages/airflow/example_dags/example_bash_operator.py took 0.172 seconds
[2023-05-16T01:24:28.418+0000] {processor.py:153} INFO - Started process (PID=18587) to work on /home/airflow/.local/lib/python3.7/site-packages/airflow/example_dags/example_bash_operator.py
[2023-05-16T01:24:28.420+0000] {processor.py:743} INFO - Processing file /home/airflow/.local/lib/python3.7/site-packages/airflow/example_dags/example_bash_operator.py for tasks to queue
[2023-05-16T01:24:28.422+0000] {logging_mixin.py:137} INFO - [2023-05-16T01:24:28.422+0000] {dagbag.py:532} INFO - Filling up the DagBag from /home/airflow/.local/lib/python3.7/site-packages/airflow/example_dags/example_bash_operator.py
[2023-05-16T01:24:28.458+0000] {processor.py:753} INFO - DAG(s) dict_keys(['example_bash_operator']) retrieved from /home/airflow/.local/lib/python3.7/site-packages/airflow/example_dags/example_bash_operator.py
[2023-05-16T01:24:28.516+0000] {logging_mixin.py:137} INFO - [2023-05-16T01:24:28.515+0000] {dag.py:2705} INFO - Sync 1 DAGs
[2023-05-16T01:24:28.550+0000] {logging_mixin.py:137} INFO - [2023-05-16T01:24:28.550+0000] {dag.py:3456} INFO - Setting next_dagrun for example_bash_operator to 2023-05-15T00:00:00+00:00, run_after=2023-05-16T00:00:00+00:00
[2023-05-16T01:24:28.628+0000] {processor.py:175} INFO - Processing /home/airflow/.local/lib/python3.7/site-packages/airflow/example_dags/example_bash_operator.py took 0.217 seconds
[2023-05-16T01:24:58.829+0000] {processor.py:153} INFO - Started process (PID=18639) to work on /home/airflow/.local/lib/python3.7/site-packages/airflow/example_dags/example_bash_operator.py
[2023-05-16T01:24:58.831+0000] {processor.py:743} INFO - Processing file /home/airflow/.local/lib/python3.7/site-packages/airflow/example_dags/example_bash_operator.py for tasks to queue
[2023-05-16T01:24:58.833+0000] {logging_mixin.py:137} INFO - [2023-05-16T01:24:58.833+0000] {dagbag.py:532} INFO - Filling up the DagBag from /home/airflow/.local/lib/python3.7/site-packages/airflow/example_dags/example_bash_operator.py
[2023-05-16T01:24:58.867+0000] {processor.py:753} INFO - DAG(s) dict_keys(['example_bash_operator']) retrieved from /home/airflow/.local/lib/python3.7/site-packages/airflow/example_dags/example_bash_operator.py
[2023-05-16T01:24:58.924+0000] {logging_mixin.py:137} INFO - [2023-05-16T01:24:58.924+0000] {dag.py:2705} INFO - Sync 1 DAGs
[2023-05-16T01:24:58.961+0000] {logging_mixin.py:137} INFO - [2023-05-16T01:24:58.960+0000] {dag.py:3456} INFO - Setting next_dagrun for example_bash_operator to 2023-05-15T00:00:00+00:00, run_after=2023-05-16T00:00:00+00:00
[2023-05-16T01:24:58.996+0000] {processor.py:175} INFO - Processing /home/airflow/.local/lib/python3.7/site-packages/airflow/example_dags/example_bash_operator.py took 0.176 seconds
[2023-05-16T01:25:29.103+0000] {processor.py:153} INFO - Started process (PID=18691) to work on /home/airflow/.local/lib/python3.7/site-packages/airflow/example_dags/example_bash_operator.py
[2023-05-16T01:25:29.105+0000] {processor.py:743} INFO - Processing file /home/airflow/.local/lib/python3.7/site-packages/airflow/example_dags/example_bash_operator.py for tasks to queue
[2023-05-16T01:25:29.107+0000] {logging_mixin.py:137} INFO - [2023-05-16T01:25:29.107+0000] {dagbag.py:532} INFO - Filling up the DagBag from /home/airflow/.local/lib/python3.7/site-packages/airflow/example_dags/example_bash_operator.py
[2023-05-16T01:25:29.142+0000] {processor.py:753} INFO - DAG(s) dict_keys(['example_bash_operator']) retrieved from /home/airflow/.local/lib/python3.7/site-packages/airflow/example_dags/example_bash_operator.py
[2023-05-16T01:25:29.205+0000] {logging_mixin.py:137} INFO - [2023-05-16T01:25:29.205+0000] {dag.py:2705} INFO - Sync 1 DAGs
[2023-05-16T01:25:29.239+0000] {logging_mixin.py:137} INFO - [2023-05-16T01:25:29.239+0000] {dag.py:3456} INFO - Setting next_dagrun for example_bash_operator to 2023-05-15T00:00:00+00:00, run_after=2023-05-16T00:00:00+00:00
[2023-05-16T01:25:29.269+0000] {processor.py:175} INFO - Processing /home/airflow/.local/lib/python3.7/site-packages/airflow/example_dags/example_bash_operator.py took 0.176 seconds
[2023-05-16T01:25:59.513+0000] {processor.py:153} INFO - Started process (PID=18743) to work on /home/airflow/.local/lib/python3.7/site-packages/airflow/example_dags/example_bash_operator.py
[2023-05-16T01:25:59.515+0000] {processor.py:743} INFO - Processing file /home/airflow/.local/lib/python3.7/site-packages/airflow/example_dags/example_bash_operator.py for tasks to queue
[2023-05-16T01:25:59.516+0000] {logging_mixin.py:137} INFO - [2023-05-16T01:25:59.516+0000] {dagbag.py:532} INFO - Filling up the DagBag from /home/airflow/.local/lib/python3.7/site-packages/airflow/example_dags/example_bash_operator.py
[2023-05-16T01:25:59.549+0000] {processor.py:753} INFO - DAG(s) dict_keys(['example_bash_operator']) retrieved from /home/airflow/.local/lib/python3.7/site-packages/airflow/example_dags/example_bash_operator.py
[2023-05-16T01:25:59.610+0000] {logging_mixin.py:137} INFO - [2023-05-16T01:25:59.609+0000] {dag.py:2705} INFO - Sync 1 DAGs
[2023-05-16T01:25:59.643+0000] {logging_mixin.py:137} INFO - [2023-05-16T01:25:59.643+0000] {dag.py:3456} INFO - Setting next_dagrun for example_bash_operator to 2023-05-15T00:00:00+00:00, run_after=2023-05-16T00:00:00+00:00
[2023-05-16T01:25:59.672+0000] {processor.py:175} INFO - Processing /home/airflow/.local/lib/python3.7/site-packages/airflow/example_dags/example_bash_operator.py took 0.168 seconds
[2023-05-16T01:26:29.872+0000] {processor.py:153} INFO - Started process (PID=18795) to work on /home/airflow/.local/lib/python3.7/site-packages/airflow/example_dags/example_bash_operator.py
[2023-05-16T01:26:29.875+0000] {processor.py:743} INFO - Processing file /home/airflow/.local/lib/python3.7/site-packages/airflow/example_dags/example_bash_operator.py for tasks to queue
[2023-05-16T01:26:29.878+0000] {logging_mixin.py:137} INFO - [2023-05-16T01:26:29.877+0000] {dagbag.py:532} INFO - Filling up the DagBag from /home/airflow/.local/lib/python3.7/site-packages/airflow/example_dags/example_bash_operator.py
[2023-05-16T01:26:29.914+0000] {processor.py:753} INFO - DAG(s) dict_keys(['example_bash_operator']) retrieved from /home/airflow/.local/lib/python3.7/site-packages/airflow/example_dags/example_bash_operator.py
[2023-05-16T01:26:29.973+0000] {logging_mixin.py:137} INFO - [2023-05-16T01:26:29.972+0000] {dag.py:2705} INFO - Sync 1 DAGs
[2023-05-16T01:26:30.006+0000] {logging_mixin.py:137} INFO - [2023-05-16T01:26:30.006+0000] {dag.py:3456} INFO - Setting next_dagrun for example_bash_operator to 2023-05-15T00:00:00+00:00, run_after=2023-05-16T00:00:00+00:00
[2023-05-16T01:26:30.031+0000] {processor.py:175} INFO - Processing /home/airflow/.local/lib/python3.7/site-packages/airflow/example_dags/example_bash_operator.py took 0.167 seconds
[2023-05-16T01:27:00.956+0000] {processor.py:153} INFO - Started process (PID=18847) to work on /home/airflow/.local/lib/python3.7/site-packages/airflow/example_dags/example_bash_operator.py
[2023-05-16T01:27:00.959+0000] {processor.py:743} INFO - Processing file /home/airflow/.local/lib/python3.7/site-packages/airflow/example_dags/example_bash_operator.py for tasks to queue
[2023-05-16T01:27:00.961+0000] {logging_mixin.py:137} INFO - [2023-05-16T01:27:00.961+0000] {dagbag.py:532} INFO - Filling up the DagBag from /home/airflow/.local/lib/python3.7/site-packages/airflow/example_dags/example_bash_operator.py
[2023-05-16T01:27:00.997+0000] {processor.py:753} INFO - DAG(s) dict_keys(['example_bash_operator']) retrieved from /home/airflow/.local/lib/python3.7/site-packages/airflow/example_dags/example_bash_operator.py
[2023-05-16T01:27:01.053+0000] {logging_mixin.py:137} INFO - [2023-05-16T01:27:01.052+0000] {dag.py:2705} INFO - Sync 1 DAGs
[2023-05-16T01:27:01.091+0000] {logging_mixin.py:137} INFO - [2023-05-16T01:27:01.091+0000] {dag.py:3456} INFO - Setting next_dagrun for example_bash_operator to 2023-05-15T00:00:00+00:00, run_after=2023-05-16T00:00:00+00:00
[2023-05-16T01:27:01.139+0000] {processor.py:175} INFO - Processing /home/airflow/.local/lib/python3.7/site-packages/airflow/example_dags/example_bash_operator.py took 0.190 seconds
[2023-05-16T01:27:31.384+0000] {processor.py:153} INFO - Started process (PID=18899) to work on /home/airflow/.local/lib/python3.7/site-packages/airflow/example_dags/example_bash_operator.py
[2023-05-16T01:27:31.387+0000] {processor.py:743} INFO - Processing file /home/airflow/.local/lib/python3.7/site-packages/airflow/example_dags/example_bash_operator.py for tasks to queue
[2023-05-16T01:27:31.390+0000] {logging_mixin.py:137} INFO - [2023-05-16T01:27:31.390+0000] {dagbag.py:532} INFO - Filling up the DagBag from /home/airflow/.local/lib/python3.7/site-packages/airflow/example_dags/example_bash_operator.py
[2023-05-16T01:27:31.431+0000] {processor.py:753} INFO - DAG(s) dict_keys(['example_bash_operator']) retrieved from /home/airflow/.local/lib/python3.7/site-packages/airflow/example_dags/example_bash_operator.py
[2023-05-16T01:27:31.505+0000] {logging_mixin.py:137} INFO - [2023-05-16T01:27:31.505+0000] {dag.py:2705} INFO - Sync 1 DAGs
[2023-05-16T01:27:31.555+0000] {logging_mixin.py:137} INFO - [2023-05-16T01:27:31.555+0000] {dag.py:3456} INFO - Setting next_dagrun for example_bash_operator to 2023-05-15T00:00:00+00:00, run_after=2023-05-16T00:00:00+00:00
[2023-05-16T01:27:31.592+0000] {processor.py:175} INFO - Processing /home/airflow/.local/lib/python3.7/site-packages/airflow/example_dags/example_bash_operator.py took 0.216 seconds
[2023-05-16T01:28:01.932+0000] {processor.py:153} INFO - Started process (PID=18951) to work on /home/airflow/.local/lib/python3.7/site-packages/airflow/example_dags/example_bash_operator.py
[2023-05-16T01:28:01.934+0000] {processor.py:743} INFO - Processing file /home/airflow/.local/lib/python3.7/site-packages/airflow/example_dags/example_bash_operator.py for tasks to queue
[2023-05-16T01:28:01.937+0000] {logging_mixin.py:137} INFO - [2023-05-16T01:28:01.936+0000] {dagbag.py:532} INFO - Filling up the DagBag from /home/airflow/.local/lib/python3.7/site-packages/airflow/example_dags/example_bash_operator.py
[2023-05-16T01:28:01.972+0000] {processor.py:753} INFO - DAG(s) dict_keys(['example_bash_operator']) retrieved from /home/airflow/.local/lib/python3.7/site-packages/airflow/example_dags/example_bash_operator.py
[2023-05-16T01:28:02.029+0000] {logging_mixin.py:137} INFO - [2023-05-16T01:28:02.028+0000] {dag.py:2705} INFO - Sync 1 DAGs
[2023-05-16T01:28:02.064+0000] {logging_mixin.py:137} INFO - [2023-05-16T01:28:02.064+0000] {dag.py:3456} INFO - Setting next_dagrun for example_bash_operator to 2023-05-15T00:00:00+00:00, run_after=2023-05-16T00:00:00+00:00
[2023-05-16T01:28:02.092+0000] {processor.py:175} INFO - Processing /home/airflow/.local/lib/python3.7/site-packages/airflow/example_dags/example_bash_operator.py took 0.165 seconds
[2023-05-16T01:28:32.311+0000] {processor.py:153} INFO - Started process (PID=19003) to work on /home/airflow/.local/lib/python3.7/site-packages/airflow/example_dags/example_bash_operator.py
[2023-05-16T01:28:32.313+0000] {processor.py:743} INFO - Processing file /home/airflow/.local/lib/python3.7/site-packages/airflow/example_dags/example_bash_operator.py for tasks to queue
[2023-05-16T01:28:32.315+0000] {logging_mixin.py:137} INFO - [2023-05-16T01:28:32.315+0000] {dagbag.py:532} INFO - Filling up the DagBag from /home/airflow/.local/lib/python3.7/site-packages/airflow/example_dags/example_bash_operator.py
[2023-05-16T01:28:32.358+0000] {processor.py:753} INFO - DAG(s) dict_keys(['example_bash_operator']) retrieved from /home/airflow/.local/lib/python3.7/site-packages/airflow/example_dags/example_bash_operator.py
[2023-05-16T01:28:32.416+0000] {logging_mixin.py:137} INFO - [2023-05-16T01:28:32.416+0000] {dag.py:2705} INFO - Sync 1 DAGs
[2023-05-16T01:28:32.452+0000] {logging_mixin.py:137} INFO - [2023-05-16T01:28:32.452+0000] {dag.py:3456} INFO - Setting next_dagrun for example_bash_operator to 2023-05-15T00:00:00+00:00, run_after=2023-05-16T00:00:00+00:00
[2023-05-16T01:28:32.492+0000] {processor.py:175} INFO - Processing /home/airflow/.local/lib/python3.7/site-packages/airflow/example_dags/example_bash_operator.py took 0.187 seconds
[2023-05-16T01:29:02.634+0000] {processor.py:153} INFO - Started process (PID=19055) to work on /home/airflow/.local/lib/python3.7/site-packages/airflow/example_dags/example_bash_operator.py
[2023-05-16T01:29:02.637+0000] {processor.py:743} INFO - Processing file /home/airflow/.local/lib/python3.7/site-packages/airflow/example_dags/example_bash_operator.py for tasks to queue
[2023-05-16T01:29:02.639+0000] {logging_mixin.py:137} INFO - [2023-05-16T01:29:02.639+0000] {dagbag.py:532} INFO - Filling up the DagBag from /home/airflow/.local/lib/python3.7/site-packages/airflow/example_dags/example_bash_operator.py
[2023-05-16T01:29:02.674+0000] {processor.py:753} INFO - DAG(s) dict_keys(['example_bash_operator']) retrieved from /home/airflow/.local/lib/python3.7/site-packages/airflow/example_dags/example_bash_operator.py
[2023-05-16T01:29:02.731+0000] {logging_mixin.py:137} INFO - [2023-05-16T01:29:02.731+0000] {dag.py:2705} INFO - Sync 1 DAGs
[2023-05-16T01:29:02.768+0000] {logging_mixin.py:137} INFO - [2023-05-16T01:29:02.768+0000] {dag.py:3456} INFO - Setting next_dagrun for example_bash_operator to 2023-05-15T00:00:00+00:00, run_after=2023-05-16T00:00:00+00:00
[2023-05-16T01:29:02.808+0000] {processor.py:175} INFO - Processing /home/airflow/.local/lib/python3.7/site-packages/airflow/example_dags/example_bash_operator.py took 0.180 seconds
[2023-05-16T01:29:32.874+0000] {processor.py:153} INFO - Started process (PID=19106) to work on /home/airflow/.local/lib/python3.7/site-packages/airflow/example_dags/example_bash_operator.py
[2023-05-16T01:29:32.876+0000] {processor.py:743} INFO - Processing file /home/airflow/.local/lib/python3.7/site-packages/airflow/example_dags/example_bash_operator.py for tasks to queue
[2023-05-16T01:29:32.878+0000] {logging_mixin.py:137} INFO - [2023-05-16T01:29:32.877+0000] {dagbag.py:532} INFO - Filling up the DagBag from /home/airflow/.local/lib/python3.7/site-packages/airflow/example_dags/example_bash_operator.py
[2023-05-16T01:29:32.917+0000] {processor.py:753} INFO - DAG(s) dict_keys(['example_bash_operator']) retrieved from /home/airflow/.local/lib/python3.7/site-packages/airflow/example_dags/example_bash_operator.py
[2023-05-16T01:29:32.983+0000] {logging_mixin.py:137} INFO - [2023-05-16T01:29:32.983+0000] {dag.py:2705} INFO - Sync 1 DAGs
[2023-05-16T01:29:33.022+0000] {logging_mixin.py:137} INFO - [2023-05-16T01:29:33.022+0000] {dag.py:3456} INFO - Setting next_dagrun for example_bash_operator to 2023-05-15T00:00:00+00:00, run_after=2023-05-16T00:00:00+00:00
[2023-05-16T01:29:33.052+0000] {processor.py:175} INFO - Processing /home/airflow/.local/lib/python3.7/site-packages/airflow/example_dags/example_bash_operator.py took 0.185 seconds
[2023-05-16T01:30:03.241+0000] {processor.py:153} INFO - Started process (PID=19158) to work on /home/airflow/.local/lib/python3.7/site-packages/airflow/example_dags/example_bash_operator.py
[2023-05-16T01:30:03.244+0000] {processor.py:743} INFO - Processing file /home/airflow/.local/lib/python3.7/site-packages/airflow/example_dags/example_bash_operator.py for tasks to queue
[2023-05-16T01:30:03.247+0000] {logging_mixin.py:137} INFO - [2023-05-16T01:30:03.246+0000] {dagbag.py:532} INFO - Filling up the DagBag from /home/airflow/.local/lib/python3.7/site-packages/airflow/example_dags/example_bash_operator.py
[2023-05-16T01:30:03.290+0000] {processor.py:753} INFO - DAG(s) dict_keys(['example_bash_operator']) retrieved from /home/airflow/.local/lib/python3.7/site-packages/airflow/example_dags/example_bash_operator.py
[2023-05-16T01:30:03.372+0000] {logging_mixin.py:137} INFO - [2023-05-16T01:30:03.372+0000] {dag.py:2705} INFO - Sync 1 DAGs
[2023-05-16T01:30:03.410+0000] {logging_mixin.py:137} INFO - [2023-05-16T01:30:03.410+0000] {dag.py:3456} INFO - Setting next_dagrun for example_bash_operator to 2023-05-15T00:00:00+00:00, run_after=2023-05-16T00:00:00+00:00
[2023-05-16T01:30:03.438+0000] {processor.py:175} INFO - Processing /home/airflow/.local/lib/python3.7/site-packages/airflow/example_dags/example_bash_operator.py took 0.206 seconds
[2023-05-16T01:30:33.836+0000] {processor.py:153} INFO - Started process (PID=19210) to work on /home/airflow/.local/lib/python3.7/site-packages/airflow/example_dags/example_bash_operator.py
[2023-05-16T01:30:33.838+0000] {processor.py:743} INFO - Processing file /home/airflow/.local/lib/python3.7/site-packages/airflow/example_dags/example_bash_operator.py for tasks to queue
[2023-05-16T01:30:33.841+0000] {logging_mixin.py:137} INFO - [2023-05-16T01:30:33.840+0000] {dagbag.py:532} INFO - Filling up the DagBag from /home/airflow/.local/lib/python3.7/site-packages/airflow/example_dags/example_bash_operator.py
[2023-05-16T01:30:33.875+0000] {processor.py:753} INFO - DAG(s) dict_keys(['example_bash_operator']) retrieved from /home/airflow/.local/lib/python3.7/site-packages/airflow/example_dags/example_bash_operator.py
[2023-05-16T01:30:33.930+0000] {logging_mixin.py:137} INFO - [2023-05-16T01:30:33.930+0000] {dag.py:2705} INFO - Sync 1 DAGs
[2023-05-16T01:30:33.965+0000] {logging_mixin.py:137} INFO - [2023-05-16T01:30:33.964+0000] {dag.py:3456} INFO - Setting next_dagrun for example_bash_operator to 2023-05-15T00:00:00+00:00, run_after=2023-05-16T00:00:00+00:00
[2023-05-16T01:30:33.992+0000] {processor.py:175} INFO - Processing /home/airflow/.local/lib/python3.7/site-packages/airflow/example_dags/example_bash_operator.py took 0.164 seconds
[2023-05-16T01:31:04.381+0000] {processor.py:153} INFO - Started process (PID=19262) to work on /home/airflow/.local/lib/python3.7/site-packages/airflow/example_dags/example_bash_operator.py
[2023-05-16T01:31:04.383+0000] {processor.py:743} INFO - Processing file /home/airflow/.local/lib/python3.7/site-packages/airflow/example_dags/example_bash_operator.py for tasks to queue
[2023-05-16T01:31:04.385+0000] {logging_mixin.py:137} INFO - [2023-05-16T01:31:04.385+0000] {dagbag.py:532} INFO - Filling up the DagBag from /home/airflow/.local/lib/python3.7/site-packages/airflow/example_dags/example_bash_operator.py
[2023-05-16T01:31:04.422+0000] {processor.py:753} INFO - DAG(s) dict_keys(['example_bash_operator']) retrieved from /home/airflow/.local/lib/python3.7/site-packages/airflow/example_dags/example_bash_operator.py
[2023-05-16T01:31:04.486+0000] {logging_mixin.py:137} INFO - [2023-05-16T01:31:04.486+0000] {dag.py:2705} INFO - Sync 1 DAGs
[2023-05-16T01:31:04.526+0000] {logging_mixin.py:137} INFO - [2023-05-16T01:31:04.525+0000] {dag.py:3456} INFO - Setting next_dagrun for example_bash_operator to 2023-05-15T00:00:00+00:00, run_after=2023-05-16T00:00:00+00:00
[2023-05-16T01:31:04.559+0000] {processor.py:175} INFO - Processing /home/airflow/.local/lib/python3.7/site-packages/airflow/example_dags/example_bash_operator.py took 0.185 seconds
[2023-05-16T01:31:34.885+0000] {processor.py:153} INFO - Started process (PID=19314) to work on /home/airflow/.local/lib/python3.7/site-packages/airflow/example_dags/example_bash_operator.py
[2023-05-16T01:31:34.887+0000] {processor.py:743} INFO - Processing file /home/airflow/.local/lib/python3.7/site-packages/airflow/example_dags/example_bash_operator.py for tasks to queue
[2023-05-16T01:31:34.890+0000] {logging_mixin.py:137} INFO - [2023-05-16T01:31:34.890+0000] {dagbag.py:532} INFO - Filling up the DagBag from /home/airflow/.local/lib/python3.7/site-packages/airflow/example_dags/example_bash_operator.py
[2023-05-16T01:31:34.951+0000] {processor.py:753} INFO - DAG(s) dict_keys(['example_bash_operator']) retrieved from /home/airflow/.local/lib/python3.7/site-packages/airflow/example_dags/example_bash_operator.py
[2023-05-16T01:31:35.022+0000] {logging_mixin.py:137} INFO - [2023-05-16T01:31:35.021+0000] {dag.py:2705} INFO - Sync 1 DAGs
[2023-05-16T01:31:35.076+0000] {logging_mixin.py:137} INFO - [2023-05-16T01:31:35.076+0000] {dag.py:3456} INFO - Setting next_dagrun for example_bash_operator to 2023-05-15T00:00:00+00:00, run_after=2023-05-16T00:00:00+00:00
[2023-05-16T01:31:35.107+0000] {processor.py:175} INFO - Processing /home/airflow/.local/lib/python3.7/site-packages/airflow/example_dags/example_bash_operator.py took 0.233 seconds
[2023-05-16T01:32:05.354+0000] {processor.py:153} INFO - Started process (PID=19366) to work on /home/airflow/.local/lib/python3.7/site-packages/airflow/example_dags/example_bash_operator.py
[2023-05-16T01:32:05.356+0000] {processor.py:743} INFO - Processing file /home/airflow/.local/lib/python3.7/site-packages/airflow/example_dags/example_bash_operator.py for tasks to queue
[2023-05-16T01:32:05.358+0000] {logging_mixin.py:137} INFO - [2023-05-16T01:32:05.357+0000] {dagbag.py:532} INFO - Filling up the DagBag from /home/airflow/.local/lib/python3.7/site-packages/airflow/example_dags/example_bash_operator.py
[2023-05-16T01:32:05.400+0000] {processor.py:753} INFO - DAG(s) dict_keys(['example_bash_operator']) retrieved from /home/airflow/.local/lib/python3.7/site-packages/airflow/example_dags/example_bash_operator.py
[2023-05-16T01:32:05.491+0000] {logging_mixin.py:137} INFO - [2023-05-16T01:32:05.491+0000] {dag.py:2705} INFO - Sync 1 DAGs
[2023-05-16T01:32:05.532+0000] {logging_mixin.py:137} INFO - [2023-05-16T01:32:05.532+0000] {dag.py:3456} INFO - Setting next_dagrun for example_bash_operator to 2023-05-15T00:00:00+00:00, run_after=2023-05-16T00:00:00+00:00
[2023-05-16T01:32:05.580+0000] {processor.py:175} INFO - Processing /home/airflow/.local/lib/python3.7/site-packages/airflow/example_dags/example_bash_operator.py took 0.233 seconds
[2023-05-16T01:32:35.734+0000] {processor.py:153} INFO - Started process (PID=19418) to work on /home/airflow/.local/lib/python3.7/site-packages/airflow/example_dags/example_bash_operator.py
[2023-05-16T01:32:35.736+0000] {processor.py:743} INFO - Processing file /home/airflow/.local/lib/python3.7/site-packages/airflow/example_dags/example_bash_operator.py for tasks to queue
[2023-05-16T01:32:35.739+0000] {logging_mixin.py:137} INFO - [2023-05-16T01:32:35.739+0000] {dagbag.py:532} INFO - Filling up the DagBag from /home/airflow/.local/lib/python3.7/site-packages/airflow/example_dags/example_bash_operator.py
[2023-05-16T01:32:35.787+0000] {processor.py:753} INFO - DAG(s) dict_keys(['example_bash_operator']) retrieved from /home/airflow/.local/lib/python3.7/site-packages/airflow/example_dags/example_bash_operator.py
[2023-05-16T01:32:35.877+0000] {logging_mixin.py:137} INFO - [2023-05-16T01:32:35.877+0000] {dag.py:2705} INFO - Sync 1 DAGs
[2023-05-16T01:32:35.918+0000] {logging_mixin.py:137} INFO - [2023-05-16T01:32:35.918+0000] {dag.py:3456} INFO - Setting next_dagrun for example_bash_operator to 2023-05-15T00:00:00+00:00, run_after=2023-05-16T00:00:00+00:00
[2023-05-16T01:32:35.949+0000] {processor.py:175} INFO - Processing /home/airflow/.local/lib/python3.7/site-packages/airflow/example_dags/example_bash_operator.py took 0.220 seconds
[2023-05-16T01:33:06.091+0000] {processor.py:153} INFO - Started process (PID=19469) to work on /home/airflow/.local/lib/python3.7/site-packages/airflow/example_dags/example_bash_operator.py
[2023-05-16T01:33:06.093+0000] {processor.py:743} INFO - Processing file /home/airflow/.local/lib/python3.7/site-packages/airflow/example_dags/example_bash_operator.py for tasks to queue
[2023-05-16T01:33:06.095+0000] {logging_mixin.py:137} INFO - [2023-05-16T01:33:06.095+0000] {dagbag.py:532} INFO - Filling up the DagBag from /home/airflow/.local/lib/python3.7/site-packages/airflow/example_dags/example_bash_operator.py
[2023-05-16T01:33:06.129+0000] {processor.py:753} INFO - DAG(s) dict_keys(['example_bash_operator']) retrieved from /home/airflow/.local/lib/python3.7/site-packages/airflow/example_dags/example_bash_operator.py
[2023-05-16T01:33:06.188+0000] {logging_mixin.py:137} INFO - [2023-05-16T01:33:06.188+0000] {dag.py:2705} INFO - Sync 1 DAGs
[2023-05-16T01:33:06.222+0000] {logging_mixin.py:137} INFO - [2023-05-16T01:33:06.221+0000] {dag.py:3456} INFO - Setting next_dagrun for example_bash_operator to 2023-05-15T00:00:00+00:00, run_after=2023-05-16T00:00:00+00:00
[2023-05-16T01:33:06.247+0000] {processor.py:175} INFO - Processing /home/airflow/.local/lib/python3.7/site-packages/airflow/example_dags/example_bash_operator.py took 0.162 seconds
[2023-05-16T01:33:36.514+0000] {processor.py:153} INFO - Started process (PID=19521) to work on /home/airflow/.local/lib/python3.7/site-packages/airflow/example_dags/example_bash_operator.py
[2023-05-16T01:33:36.517+0000] {processor.py:743} INFO - Processing file /home/airflow/.local/lib/python3.7/site-packages/airflow/example_dags/example_bash_operator.py for tasks to queue
[2023-05-16T01:33:36.519+0000] {logging_mixin.py:137} INFO - [2023-05-16T01:33:36.518+0000] {dagbag.py:532} INFO - Filling up the DagBag from /home/airflow/.local/lib/python3.7/site-packages/airflow/example_dags/example_bash_operator.py
[2023-05-16T01:33:36.554+0000] {processor.py:753} INFO - DAG(s) dict_keys(['example_bash_operator']) retrieved from /home/airflow/.local/lib/python3.7/site-packages/airflow/example_dags/example_bash_operator.py
[2023-05-16T01:33:36.612+0000] {logging_mixin.py:137} INFO - [2023-05-16T01:33:36.612+0000] {dag.py:2705} INFO - Sync 1 DAGs
[2023-05-16T01:33:36.650+0000] {logging_mixin.py:137} INFO - [2023-05-16T01:33:36.650+0000] {dag.py:3456} INFO - Setting next_dagrun for example_bash_operator to 2023-05-15T00:00:00+00:00, run_after=2023-05-16T00:00:00+00:00
[2023-05-16T01:33:36.680+0000] {processor.py:175} INFO - Processing /home/airflow/.local/lib/python3.7/site-packages/airflow/example_dags/example_bash_operator.py took 0.171 seconds
[2023-05-16T01:34:07.406+0000] {processor.py:153} INFO - Started process (PID=19573) to work on /home/airflow/.local/lib/python3.7/site-packages/airflow/example_dags/example_bash_operator.py
[2023-05-16T01:34:07.409+0000] {processor.py:743} INFO - Processing file /home/airflow/.local/lib/python3.7/site-packages/airflow/example_dags/example_bash_operator.py for tasks to queue
[2023-05-16T01:34:07.413+0000] {logging_mixin.py:137} INFO - [2023-05-16T01:34:07.412+0000] {dagbag.py:532} INFO - Filling up the DagBag from /home/airflow/.local/lib/python3.7/site-packages/airflow/example_dags/example_bash_operator.py
[2023-05-16T01:34:07.451+0000] {processor.py:753} INFO - DAG(s) dict_keys(['example_bash_operator']) retrieved from /home/airflow/.local/lib/python3.7/site-packages/airflow/example_dags/example_bash_operator.py
[2023-05-16T01:34:07.510+0000] {logging_mixin.py:137} INFO - [2023-05-16T01:34:07.509+0000] {dag.py:2705} INFO - Sync 1 DAGs
[2023-05-16T01:34:07.545+0000] {logging_mixin.py:137} INFO - [2023-05-16T01:34:07.545+0000] {dag.py:3456} INFO - Setting next_dagrun for example_bash_operator to 2023-05-15T00:00:00+00:00, run_after=2023-05-16T00:00:00+00:00
[2023-05-16T01:34:07.576+0000] {processor.py:175} INFO - Processing /home/airflow/.local/lib/python3.7/site-packages/airflow/example_dags/example_bash_operator.py took 0.177 seconds
[2023-05-16T01:34:37.920+0000] {processor.py:153} INFO - Started process (PID=19624) to work on /home/airflow/.local/lib/python3.7/site-packages/airflow/example_dags/example_bash_operator.py
[2023-05-16T01:34:37.923+0000] {processor.py:743} INFO - Processing file /home/airflow/.local/lib/python3.7/site-packages/airflow/example_dags/example_bash_operator.py for tasks to queue
[2023-05-16T01:34:37.924+0000] {logging_mixin.py:137} INFO - [2023-05-16T01:34:37.924+0000] {dagbag.py:532} INFO - Filling up the DagBag from /home/airflow/.local/lib/python3.7/site-packages/airflow/example_dags/example_bash_operator.py
[2023-05-16T01:34:38.005+0000] {processor.py:753} INFO - DAG(s) dict_keys(['example_bash_operator']) retrieved from /home/airflow/.local/lib/python3.7/site-packages/airflow/example_dags/example_bash_operator.py
[2023-05-16T01:34:38.129+0000] {logging_mixin.py:137} INFO - [2023-05-16T01:34:38.129+0000] {dag.py:2705} INFO - Sync 1 DAGs
[2023-05-16T01:34:38.207+0000] {logging_mixin.py:137} INFO - [2023-05-16T01:34:38.207+0000] {dag.py:3456} INFO - Setting next_dagrun for example_bash_operator to 2023-05-15T00:00:00+00:00, run_after=2023-05-16T00:00:00+00:00
[2023-05-16T01:34:38.272+0000] {processor.py:175} INFO - Processing /home/airflow/.local/lib/python3.7/site-packages/airflow/example_dags/example_bash_operator.py took 0.367 seconds
[2023-05-16T01:35:08.418+0000] {processor.py:153} INFO - Started process (PID=19674) to work on /home/airflow/.local/lib/python3.7/site-packages/airflow/example_dags/example_bash_operator.py
[2023-05-16T01:35:08.421+0000] {processor.py:743} INFO - Processing file /home/airflow/.local/lib/python3.7/site-packages/airflow/example_dags/example_bash_operator.py for tasks to queue
[2023-05-16T01:35:08.424+0000] {logging_mixin.py:137} INFO - [2023-05-16T01:35:08.423+0000] {dagbag.py:532} INFO - Filling up the DagBag from /home/airflow/.local/lib/python3.7/site-packages/airflow/example_dags/example_bash_operator.py
[2023-05-16T01:35:08.474+0000] {processor.py:753} INFO - DAG(s) dict_keys(['example_bash_operator']) retrieved from /home/airflow/.local/lib/python3.7/site-packages/airflow/example_dags/example_bash_operator.py
[2023-05-16T01:35:08.551+0000] {logging_mixin.py:137} INFO - [2023-05-16T01:35:08.551+0000] {dag.py:2705} INFO - Sync 1 DAGs
[2023-05-16T01:35:08.602+0000] {logging_mixin.py:137} INFO - [2023-05-16T01:35:08.602+0000] {dag.py:3456} INFO - Setting next_dagrun for example_bash_operator to 2023-05-15T00:00:00+00:00, run_after=2023-05-16T00:00:00+00:00
[2023-05-16T01:35:08.640+0000] {processor.py:175} INFO - Processing /home/airflow/.local/lib/python3.7/site-packages/airflow/example_dags/example_bash_operator.py took 0.232 seconds
[2023-05-16T01:35:38.954+0000] {processor.py:153} INFO - Started process (PID=19725) to work on /home/airflow/.local/lib/python3.7/site-packages/airflow/example_dags/example_bash_operator.py
[2023-05-16T01:35:38.960+0000] {processor.py:743} INFO - Processing file /home/airflow/.local/lib/python3.7/site-packages/airflow/example_dags/example_bash_operator.py for tasks to queue
[2023-05-16T01:35:38.967+0000] {logging_mixin.py:137} INFO - [2023-05-16T01:35:38.965+0000] {dagbag.py:532} INFO - Filling up the DagBag from /home/airflow/.local/lib/python3.7/site-packages/airflow/example_dags/example_bash_operator.py
[2023-05-16T01:35:39.021+0000] {processor.py:753} INFO - DAG(s) dict_keys(['example_bash_operator']) retrieved from /home/airflow/.local/lib/python3.7/site-packages/airflow/example_dags/example_bash_operator.py
[2023-05-16T01:35:39.091+0000] {logging_mixin.py:137} INFO - [2023-05-16T01:35:39.091+0000] {dag.py:2705} INFO - Sync 1 DAGs
[2023-05-16T01:35:39.137+0000] {logging_mixin.py:137} INFO - [2023-05-16T01:35:39.137+0000] {dag.py:3456} INFO - Setting next_dagrun for example_bash_operator to 2023-05-15T00:00:00+00:00, run_after=2023-05-16T00:00:00+00:00
[2023-05-16T01:35:39.174+0000] {processor.py:175} INFO - Processing /home/airflow/.local/lib/python3.7/site-packages/airflow/example_dags/example_bash_operator.py took 0.231 seconds
[2023-05-16T01:36:09.831+0000] {processor.py:153} INFO - Started process (PID=19777) to work on /home/airflow/.local/lib/python3.7/site-packages/airflow/example_dags/example_bash_operator.py
[2023-05-16T01:36:09.835+0000] {processor.py:743} INFO - Processing file /home/airflow/.local/lib/python3.7/site-packages/airflow/example_dags/example_bash_operator.py for tasks to queue
[2023-05-16T01:36:09.841+0000] {logging_mixin.py:137} INFO - [2023-05-16T01:36:09.840+0000] {dagbag.py:532} INFO - Filling up the DagBag from /home/airflow/.local/lib/python3.7/site-packages/airflow/example_dags/example_bash_operator.py
[2023-05-16T01:36:09.887+0000] {processor.py:753} INFO - DAG(s) dict_keys(['example_bash_operator']) retrieved from /home/airflow/.local/lib/python3.7/site-packages/airflow/example_dags/example_bash_operator.py
[2023-05-16T01:36:09.963+0000] {logging_mixin.py:137} INFO - [2023-05-16T01:36:09.963+0000] {dag.py:2705} INFO - Sync 1 DAGs
[2023-05-16T01:36:10.011+0000] {logging_mixin.py:137} INFO - [2023-05-16T01:36:10.011+0000] {dag.py:3456} INFO - Setting next_dagrun for example_bash_operator to 2023-05-15T00:00:00+00:00, run_after=2023-05-16T00:00:00+00:00
[2023-05-16T01:36:10.055+0000] {processor.py:175} INFO - Processing /home/airflow/.local/lib/python3.7/site-packages/airflow/example_dags/example_bash_operator.py took 0.233 seconds
[2023-05-16T01:36:40.629+0000] {processor.py:153} INFO - Started process (PID=19829) to work on /home/airflow/.local/lib/python3.7/site-packages/airflow/example_dags/example_bash_operator.py
[2023-05-16T01:36:40.632+0000] {processor.py:743} INFO - Processing file /home/airflow/.local/lib/python3.7/site-packages/airflow/example_dags/example_bash_operator.py for tasks to queue
[2023-05-16T01:36:40.634+0000] {logging_mixin.py:137} INFO - [2023-05-16T01:36:40.634+0000] {dagbag.py:532} INFO - Filling up the DagBag from /home/airflow/.local/lib/python3.7/site-packages/airflow/example_dags/example_bash_operator.py
[2023-05-16T01:36:40.679+0000] {processor.py:753} INFO - DAG(s) dict_keys(['example_bash_operator']) retrieved from /home/airflow/.local/lib/python3.7/site-packages/airflow/example_dags/example_bash_operator.py
[2023-05-16T01:36:40.752+0000] {logging_mixin.py:137} INFO - [2023-05-16T01:36:40.752+0000] {dag.py:2705} INFO - Sync 1 DAGs
[2023-05-16T01:36:40.807+0000] {logging_mixin.py:137} INFO - [2023-05-16T01:36:40.805+0000] {dag.py:3456} INFO - Setting next_dagrun for example_bash_operator to 2023-05-15T00:00:00+00:00, run_after=2023-05-16T00:00:00+00:00
[2023-05-16T01:36:40.846+0000] {processor.py:175} INFO - Processing /home/airflow/.local/lib/python3.7/site-packages/airflow/example_dags/example_bash_operator.py took 0.227 seconds
[2023-05-16T01:37:11.050+0000] {processor.py:153} INFO - Started process (PID=19881) to work on /home/airflow/.local/lib/python3.7/site-packages/airflow/example_dags/example_bash_operator.py
[2023-05-16T01:37:11.057+0000] {processor.py:743} INFO - Processing file /home/airflow/.local/lib/python3.7/site-packages/airflow/example_dags/example_bash_operator.py for tasks to queue
[2023-05-16T01:37:11.059+0000] {logging_mixin.py:137} INFO - [2023-05-16T01:37:11.059+0000] {dagbag.py:532} INFO - Filling up the DagBag from /home/airflow/.local/lib/python3.7/site-packages/airflow/example_dags/example_bash_operator.py
[2023-05-16T01:37:11.146+0000] {processor.py:753} INFO - DAG(s) dict_keys(['example_bash_operator']) retrieved from /home/airflow/.local/lib/python3.7/site-packages/airflow/example_dags/example_bash_operator.py
[2023-05-16T01:37:11.228+0000] {logging_mixin.py:137} INFO - [2023-05-16T01:37:11.228+0000] {dag.py:2705} INFO - Sync 1 DAGs
[2023-05-16T01:37:11.301+0000] {logging_mixin.py:137} INFO - [2023-05-16T01:37:11.301+0000] {dag.py:3456} INFO - Setting next_dagrun for example_bash_operator to 2023-05-15T00:00:00+00:00, run_after=2023-05-16T00:00:00+00:00
[2023-05-16T01:37:11.339+0000] {processor.py:175} INFO - Processing /home/airflow/.local/lib/python3.7/site-packages/airflow/example_dags/example_bash_operator.py took 0.306 seconds
[2023-05-16T01:37:41.436+0000] {processor.py:153} INFO - Started process (PID=19934) to work on /home/airflow/.local/lib/python3.7/site-packages/airflow/example_dags/example_bash_operator.py
[2023-05-16T01:37:41.438+0000] {processor.py:743} INFO - Processing file /home/airflow/.local/lib/python3.7/site-packages/airflow/example_dags/example_bash_operator.py for tasks to queue
[2023-05-16T01:37:41.441+0000] {logging_mixin.py:137} INFO - [2023-05-16T01:37:41.440+0000] {dagbag.py:532} INFO - Filling up the DagBag from /home/airflow/.local/lib/python3.7/site-packages/airflow/example_dags/example_bash_operator.py
[2023-05-16T01:37:41.503+0000] {processor.py:753} INFO - DAG(s) dict_keys(['example_bash_operator']) retrieved from /home/airflow/.local/lib/python3.7/site-packages/airflow/example_dags/example_bash_operator.py
[2023-05-16T01:37:41.605+0000] {logging_mixin.py:137} INFO - [2023-05-16T01:37:41.603+0000] {dag.py:2705} INFO - Sync 1 DAGs
[2023-05-16T01:37:41.666+0000] {logging_mixin.py:137} INFO - [2023-05-16T01:37:41.666+0000] {dag.py:3456} INFO - Setting next_dagrun for example_bash_operator to 2023-05-15T00:00:00+00:00, run_after=2023-05-16T00:00:00+00:00
[2023-05-16T01:37:41.693+0000] {processor.py:175} INFO - Processing /home/airflow/.local/lib/python3.7/site-packages/airflow/example_dags/example_bash_operator.py took 0.271 seconds
[2023-05-16T01:38:11.863+0000] {processor.py:153} INFO - Started process (PID=19986) to work on /home/airflow/.local/lib/python3.7/site-packages/airflow/example_dags/example_bash_operator.py
[2023-05-16T01:38:11.866+0000] {processor.py:743} INFO - Processing file /home/airflow/.local/lib/python3.7/site-packages/airflow/example_dags/example_bash_operator.py for tasks to queue
[2023-05-16T01:38:11.869+0000] {logging_mixin.py:137} INFO - [2023-05-16T01:38:11.868+0000] {dagbag.py:532} INFO - Filling up the DagBag from /home/airflow/.local/lib/python3.7/site-packages/airflow/example_dags/example_bash_operator.py
[2023-05-16T01:38:11.923+0000] {processor.py:753} INFO - DAG(s) dict_keys(['example_bash_operator']) retrieved from /home/airflow/.local/lib/python3.7/site-packages/airflow/example_dags/example_bash_operator.py
[2023-05-16T01:38:11.985+0000] {logging_mixin.py:137} INFO - [2023-05-16T01:38:11.984+0000] {dag.py:2705} INFO - Sync 1 DAGs
[2023-05-16T01:38:12.032+0000] {logging_mixin.py:137} INFO - [2023-05-16T01:38:12.031+0000] {dag.py:3456} INFO - Setting next_dagrun for example_bash_operator to 2023-05-15T00:00:00+00:00, run_after=2023-05-16T00:00:00+00:00
[2023-05-16T01:38:12.063+0000] {processor.py:175} INFO - Processing /home/airflow/.local/lib/python3.7/site-packages/airflow/example_dags/example_bash_operator.py took 0.207 seconds
[2023-05-16T01:38:42.321+0000] {processor.py:153} INFO - Started process (PID=20038) to work on /home/airflow/.local/lib/python3.7/site-packages/airflow/example_dags/example_bash_operator.py
[2023-05-16T01:38:42.324+0000] {processor.py:743} INFO - Processing file /home/airflow/.local/lib/python3.7/site-packages/airflow/example_dags/example_bash_operator.py for tasks to queue
[2023-05-16T01:38:42.334+0000] {logging_mixin.py:137} INFO - [2023-05-16T01:38:42.334+0000] {dagbag.py:532} INFO - Filling up the DagBag from /home/airflow/.local/lib/python3.7/site-packages/airflow/example_dags/example_bash_operator.py
[2023-05-16T01:38:42.411+0000] {processor.py:753} INFO - DAG(s) dict_keys(['example_bash_operator']) retrieved from /home/airflow/.local/lib/python3.7/site-packages/airflow/example_dags/example_bash_operator.py
[2023-05-16T01:38:42.598+0000] {logging_mixin.py:137} INFO - [2023-05-16T01:38:42.597+0000] {dag.py:2705} INFO - Sync 1 DAGs
[2023-05-16T01:38:42.665+0000] {logging_mixin.py:137} INFO - [2023-05-16T01:38:42.665+0000] {dag.py:3456} INFO - Setting next_dagrun for example_bash_operator to 2023-05-15T00:00:00+00:00, run_after=2023-05-16T00:00:00+00:00
[2023-05-16T01:38:42.701+0000] {processor.py:175} INFO - Processing /home/airflow/.local/lib/python3.7/site-packages/airflow/example_dags/example_bash_operator.py took 0.406 seconds
[2023-05-16T01:39:13.427+0000] {processor.py:153} INFO - Started process (PID=20090) to work on /home/airflow/.local/lib/python3.7/site-packages/airflow/example_dags/example_bash_operator.py
[2023-05-16T01:39:13.430+0000] {processor.py:743} INFO - Processing file /home/airflow/.local/lib/python3.7/site-packages/airflow/example_dags/example_bash_operator.py for tasks to queue
[2023-05-16T01:39:13.433+0000] {logging_mixin.py:137} INFO - [2023-05-16T01:39:13.432+0000] {dagbag.py:532} INFO - Filling up the DagBag from /home/airflow/.local/lib/python3.7/site-packages/airflow/example_dags/example_bash_operator.py
[2023-05-16T01:39:13.484+0000] {processor.py:753} INFO - DAG(s) dict_keys(['example_bash_operator']) retrieved from /home/airflow/.local/lib/python3.7/site-packages/airflow/example_dags/example_bash_operator.py
[2023-05-16T01:39:13.577+0000] {logging_mixin.py:137} INFO - [2023-05-16T01:39:13.577+0000] {dag.py:2705} INFO - Sync 1 DAGs
[2023-05-16T01:39:13.625+0000] {logging_mixin.py:137} INFO - [2023-05-16T01:39:13.625+0000] {dag.py:3456} INFO - Setting next_dagrun for example_bash_operator to 2023-05-15T00:00:00+00:00, run_after=2023-05-16T00:00:00+00:00
[2023-05-16T01:39:13.656+0000] {processor.py:175} INFO - Processing /home/airflow/.local/lib/python3.7/site-packages/airflow/example_dags/example_bash_operator.py took 0.240 seconds
[2023-05-16T01:39:44.291+0000] {processor.py:153} INFO - Started process (PID=20142) to work on /home/airflow/.local/lib/python3.7/site-packages/airflow/example_dags/example_bash_operator.py
[2023-05-16T01:39:44.293+0000] {processor.py:743} INFO - Processing file /home/airflow/.local/lib/python3.7/site-packages/airflow/example_dags/example_bash_operator.py for tasks to queue
[2023-05-16T01:39:44.301+0000] {logging_mixin.py:137} INFO - [2023-05-16T01:39:44.301+0000] {dagbag.py:532} INFO - Filling up the DagBag from /home/airflow/.local/lib/python3.7/site-packages/airflow/example_dags/example_bash_operator.py
[2023-05-16T01:39:44.350+0000] {processor.py:753} INFO - DAG(s) dict_keys(['example_bash_operator']) retrieved from /home/airflow/.local/lib/python3.7/site-packages/airflow/example_dags/example_bash_operator.py
[2023-05-16T01:39:44.421+0000] {logging_mixin.py:137} INFO - [2023-05-16T01:39:44.421+0000] {dag.py:2705} INFO - Sync 1 DAGs
[2023-05-16T01:39:44.479+0000] {logging_mixin.py:137} INFO - [2023-05-16T01:39:44.479+0000] {dag.py:3456} INFO - Setting next_dagrun for example_bash_operator to 2023-05-15T00:00:00+00:00, run_after=2023-05-16T00:00:00+00:00
[2023-05-16T01:39:44.541+0000] {processor.py:175} INFO - Processing /home/airflow/.local/lib/python3.7/site-packages/airflow/example_dags/example_bash_operator.py took 0.261 seconds
[2023-05-16T01:40:14.632+0000] {processor.py:153} INFO - Started process (PID=20194) to work on /home/airflow/.local/lib/python3.7/site-packages/airflow/example_dags/example_bash_operator.py
[2023-05-16T01:40:14.635+0000] {processor.py:743} INFO - Processing file /home/airflow/.local/lib/python3.7/site-packages/airflow/example_dags/example_bash_operator.py for tasks to queue
[2023-05-16T01:40:14.638+0000] {logging_mixin.py:137} INFO - [2023-05-16T01:40:14.638+0000] {dagbag.py:532} INFO - Filling up the DagBag from /home/airflow/.local/lib/python3.7/site-packages/airflow/example_dags/example_bash_operator.py
[2023-05-16T01:40:14.679+0000] {processor.py:753} INFO - DAG(s) dict_keys(['example_bash_operator']) retrieved from /home/airflow/.local/lib/python3.7/site-packages/airflow/example_dags/example_bash_operator.py
[2023-05-16T01:40:14.754+0000] {logging_mixin.py:137} INFO - [2023-05-16T01:40:14.754+0000] {dag.py:2705} INFO - Sync 1 DAGs
[2023-05-16T01:40:14.804+0000] {logging_mixin.py:137} INFO - [2023-05-16T01:40:14.803+0000] {dag.py:3456} INFO - Setting next_dagrun for example_bash_operator to 2023-05-15T00:00:00+00:00, run_after=2023-05-16T00:00:00+00:00
[2023-05-16T01:40:14.853+0000] {processor.py:175} INFO - Processing /home/airflow/.local/lib/python3.7/site-packages/airflow/example_dags/example_bash_operator.py took 0.230 seconds
