[2023-05-16T00:01:11.950+0000] {processor.py:153} INFO - Started process (PID=16559) to work on /home/airflow/.local/lib/python3.7/site-packages/airflow/example_dags/example_kubernetes_executor.py
[2023-05-16T00:01:11.967+0000] {processor.py:743} INFO - Processing file /home/airflow/.local/lib/python3.7/site-packages/airflow/example_dags/example_kubernetes_executor.py for tasks to queue
[2023-05-16T00:01:11.985+0000] {logging_mixin.py:137} INFO - [2023-05-16T00:01:11.984+0000] {dagbag.py:532} INFO - Filling up the DagBag from /home/airflow/.local/lib/python3.7/site-packages/airflow/example_dags/example_kubernetes_executor.py
[2023-05-16T00:01:12.391+0000] {processor.py:753} INFO - DAG(s) dict_keys(['example_kubernetes_executor']) retrieved from /home/airflow/.local/lib/python3.7/site-packages/airflow/example_dags/example_kubernetes_executor.py
[2023-05-16T00:01:12.613+0000] {logging_mixin.py:137} INFO - [2023-05-16T00:01:12.612+0000] {dag.py:2705} INFO - Sync 1 DAGs
[2023-05-16T00:01:12.792+0000] {logging_mixin.py:137} INFO - [2023-05-16T00:01:12.792+0000] {dag.py:3456} INFO - Setting next_dagrun for example_kubernetes_executor to None, run_after=None
[2023-05-16T00:01:12.927+0000] {processor.py:175} INFO - Processing /home/airflow/.local/lib/python3.7/site-packages/airflow/example_dags/example_kubernetes_executor.py took 1.006 seconds
[2023-05-16T00:17:40.517+0000] {processor.py:153} INFO - Started process (PID=16630) to work on /home/airflow/.local/lib/python3.7/site-packages/airflow/example_dags/example_kubernetes_executor.py
[2023-05-16T00:17:40.527+0000] {processor.py:743} INFO - Processing file /home/airflow/.local/lib/python3.7/site-packages/airflow/example_dags/example_kubernetes_executor.py for tasks to queue
[2023-05-16T00:17:40.529+0000] {logging_mixin.py:137} INFO - [2023-05-16T00:17:40.529+0000] {dagbag.py:532} INFO - Filling up the DagBag from /home/airflow/.local/lib/python3.7/site-packages/airflow/example_dags/example_kubernetes_executor.py
[2023-05-16T00:17:40.769+0000] {processor.py:753} INFO - DAG(s) dict_keys(['example_kubernetes_executor']) retrieved from /home/airflow/.local/lib/python3.7/site-packages/airflow/example_dags/example_kubernetes_executor.py
[2023-05-16T00:17:40.984+0000] {logging_mixin.py:137} INFO - [2023-05-16T00:17:40.984+0000] {dag.py:2705} INFO - Sync 1 DAGs
[2023-05-16T00:17:41.163+0000] {logging_mixin.py:137} INFO - [2023-05-16T00:17:41.162+0000] {dag.py:3456} INFO - Setting next_dagrun for example_kubernetes_executor to None, run_after=None
[2023-05-16T00:17:41.307+0000] {processor.py:175} INFO - Processing /home/airflow/.local/lib/python3.7/site-packages/airflow/example_dags/example_kubernetes_executor.py took 0.821 seconds
[2023-05-16T00:18:29.214+0000] {processor.py:153} INFO - Started process (PID=16683) to work on /home/airflow/.local/lib/python3.7/site-packages/airflow/example_dags/example_kubernetes_executor.py
[2023-05-16T00:18:29.233+0000] {processor.py:743} INFO - Processing file /home/airflow/.local/lib/python3.7/site-packages/airflow/example_dags/example_kubernetes_executor.py for tasks to queue
[2023-05-16T00:18:29.261+0000] {logging_mixin.py:137} INFO - [2023-05-16T00:18:29.259+0000] {dagbag.py:532} INFO - Filling up the DagBag from /home/airflow/.local/lib/python3.7/site-packages/airflow/example_dags/example_kubernetes_executor.py
[2023-05-16T00:18:30.306+0000] {processor.py:753} INFO - DAG(s) dict_keys(['example_kubernetes_executor']) retrieved from /home/airflow/.local/lib/python3.7/site-packages/airflow/example_dags/example_kubernetes_executor.py
[2023-05-16T00:18:31.363+0000] {logging_mixin.py:137} INFO - [2023-05-16T00:18:31.362+0000] {dag.py:2705} INFO - Sync 1 DAGs
[2023-05-16T00:18:32.239+0000] {logging_mixin.py:137} INFO - [2023-05-16T00:18:32.214+0000] {dag.py:3456} INFO - Setting next_dagrun for example_kubernetes_executor to None, run_after=None
[2023-05-16T00:18:32.896+0000] {processor.py:175} INFO - Processing /home/airflow/.local/lib/python3.7/site-packages/airflow/example_dags/example_kubernetes_executor.py took 3.782 seconds
[2023-05-16T00:19:48.145+0000] {processor.py:153} INFO - Started process (PID=16756) to work on /home/airflow/.local/lib/python3.7/site-packages/airflow/example_dags/example_kubernetes_executor.py
[2023-05-16T00:19:48.212+0000] {processor.py:743} INFO - Processing file /home/airflow/.local/lib/python3.7/site-packages/airflow/example_dags/example_kubernetes_executor.py for tasks to queue
[2023-05-16T00:19:48.324+0000] {logging_mixin.py:137} INFO - [2023-05-16T00:19:48.244+0000] {dagbag.py:532} INFO - Filling up the DagBag from /home/airflow/.local/lib/python3.7/site-packages/airflow/example_dags/example_kubernetes_executor.py
[2023-05-16T00:19:49.549+0000] {processor.py:753} INFO - DAG(s) dict_keys(['example_kubernetes_executor']) retrieved from /home/airflow/.local/lib/python3.7/site-packages/airflow/example_dags/example_kubernetes_executor.py
[2023-05-16T00:19:50.587+0000] {logging_mixin.py:137} INFO - [2023-05-16T00:19:50.581+0000] {dag.py:2705} INFO - Sync 1 DAGs
[2023-05-16T00:19:51.485+0000] {logging_mixin.py:137} INFO - [2023-05-16T00:19:51.479+0000] {dag.py:3456} INFO - Setting next_dagrun for example_kubernetes_executor to None, run_after=None
[2023-05-16T00:19:52.286+0000] {processor.py:175} INFO - Processing /home/airflow/.local/lib/python3.7/site-packages/airflow/example_dags/example_kubernetes_executor.py took 4.376 seconds
[2023-05-16T00:35:50.475+0000] {processor.py:153} INFO - Started process (PID=16821) to work on /home/airflow/.local/lib/python3.7/site-packages/airflow/example_dags/example_kubernetes_executor.py
[2023-05-16T00:35:50.477+0000] {processor.py:743} INFO - Processing file /home/airflow/.local/lib/python3.7/site-packages/airflow/example_dags/example_kubernetes_executor.py for tasks to queue
[2023-05-16T00:35:50.480+0000] {logging_mixin.py:137} INFO - [2023-05-16T00:35:50.479+0000] {dagbag.py:532} INFO - Filling up the DagBag from /home/airflow/.local/lib/python3.7/site-packages/airflow/example_dags/example_kubernetes_executor.py
[2023-05-16T00:35:50.528+0000] {processor.py:753} INFO - DAG(s) dict_keys(['example_kubernetes_executor']) retrieved from /home/airflow/.local/lib/python3.7/site-packages/airflow/example_dags/example_kubernetes_executor.py
[2023-05-16T00:35:50.580+0000] {logging_mixin.py:137} INFO - [2023-05-16T00:35:50.579+0000] {dag.py:2705} INFO - Sync 1 DAGs
[2023-05-16T00:35:50.618+0000] {logging_mixin.py:137} INFO - [2023-05-16T00:35:50.618+0000] {dag.py:3456} INFO - Setting next_dagrun for example_kubernetes_executor to None, run_after=None
[2023-05-16T00:35:50.657+0000] {processor.py:175} INFO - Processing /home/airflow/.local/lib/python3.7/site-packages/airflow/example_dags/example_kubernetes_executor.py took 0.187 seconds
[2023-05-16T00:51:24.719+0000] {processor.py:153} INFO - Started process (PID=16878) to work on /home/airflow/.local/lib/python3.7/site-packages/airflow/example_dags/example_kubernetes_executor.py
[2023-05-16T00:51:24.732+0000] {processor.py:743} INFO - Processing file /home/airflow/.local/lib/python3.7/site-packages/airflow/example_dags/example_kubernetes_executor.py for tasks to queue
[2023-05-16T00:51:24.757+0000] {logging_mixin.py:137} INFO - [2023-05-16T00:51:24.751+0000] {dagbag.py:532} INFO - Filling up the DagBag from /home/airflow/.local/lib/python3.7/site-packages/airflow/example_dags/example_kubernetes_executor.py
[2023-05-16T00:51:25.128+0000] {processor.py:753} INFO - DAG(s) dict_keys(['example_kubernetes_executor']) retrieved from /home/airflow/.local/lib/python3.7/site-packages/airflow/example_dags/example_kubernetes_executor.py
[2023-05-16T00:51:25.395+0000] {logging_mixin.py:137} INFO - [2023-05-16T00:51:25.394+0000] {dag.py:2705} INFO - Sync 1 DAGs
[2023-05-16T00:51:25.666+0000] {logging_mixin.py:137} INFO - [2023-05-16T00:51:25.666+0000] {dag.py:3456} INFO - Setting next_dagrun for example_kubernetes_executor to None, run_after=None
[2023-05-16T00:51:25.832+0000] {processor.py:175} INFO - Processing /home/airflow/.local/lib/python3.7/site-packages/airflow/example_dags/example_kubernetes_executor.py took 1.171 seconds
[2023-05-16T01:03:11.583+0000] {processor.py:153} INFO - Started process (PID=16920) to work on /home/airflow/.local/lib/python3.7/site-packages/airflow/example_dags/example_kubernetes_executor.py
[2023-05-16T01:03:11.601+0000] {processor.py:743} INFO - Processing file /home/airflow/.local/lib/python3.7/site-packages/airflow/example_dags/example_kubernetes_executor.py for tasks to queue
[2023-05-16T01:03:11.620+0000] {logging_mixin.py:137} INFO - [2023-05-16T01:03:11.618+0000] {dagbag.py:532} INFO - Filling up the DagBag from /home/airflow/.local/lib/python3.7/site-packages/airflow/example_dags/example_kubernetes_executor.py
[2023-05-16T01:03:11.877+0000] {processor.py:753} INFO - DAG(s) dict_keys(['example_kubernetes_executor']) retrieved from /home/airflow/.local/lib/python3.7/site-packages/airflow/example_dags/example_kubernetes_executor.py
[2023-05-16T01:03:12.079+0000] {logging_mixin.py:137} INFO - [2023-05-16T01:03:12.078+0000] {dag.py:2705} INFO - Sync 1 DAGs
[2023-05-16T01:03:12.230+0000] {logging_mixin.py:137} INFO - [2023-05-16T01:03:12.230+0000] {dag.py:3456} INFO - Setting next_dagrun for example_kubernetes_executor to None, run_after=None
[2023-05-16T01:03:12.348+0000] {processor.py:175} INFO - Processing /home/airflow/.local/lib/python3.7/site-packages/airflow/example_dags/example_kubernetes_executor.py took 0.790 seconds
[2023-05-16T01:04:07.189+0000] {processor.py:153} INFO - Started process (PID=16981) to work on /home/airflow/.local/lib/python3.7/site-packages/airflow/example_dags/example_kubernetes_executor.py
[2023-05-16T01:04:07.249+0000] {processor.py:743} INFO - Processing file /home/airflow/.local/lib/python3.7/site-packages/airflow/example_dags/example_kubernetes_executor.py for tasks to queue
[2023-05-16T01:04:07.291+0000] {logging_mixin.py:137} INFO - [2023-05-16T01:04:07.290+0000] {dagbag.py:532} INFO - Filling up the DagBag from /home/airflow/.local/lib/python3.7/site-packages/airflow/example_dags/example_kubernetes_executor.py
[2023-05-16T01:04:08.103+0000] {processor.py:753} INFO - DAG(s) dict_keys(['example_kubernetes_executor']) retrieved from /home/airflow/.local/lib/python3.7/site-packages/airflow/example_dags/example_kubernetes_executor.py
[2023-05-16T01:04:09.054+0000] {logging_mixin.py:137} INFO - [2023-05-16T01:04:09.053+0000] {dag.py:2705} INFO - Sync 1 DAGs
[2023-05-16T01:04:09.961+0000] {logging_mixin.py:137} INFO - [2023-05-16T01:04:09.947+0000] {dag.py:3456} INFO - Setting next_dagrun for example_kubernetes_executor to None, run_after=None
[2023-05-16T01:04:10.581+0000] {processor.py:175} INFO - Processing /home/airflow/.local/lib/python3.7/site-packages/airflow/example_dags/example_kubernetes_executor.py took 3.563 seconds
[2023-05-16T01:05:24.296+0000] {processor.py:153} INFO - Started process (PID=17047) to work on /home/airflow/.local/lib/python3.7/site-packages/airflow/example_dags/example_kubernetes_executor.py
[2023-05-16T01:05:24.308+0000] {processor.py:743} INFO - Processing file /home/airflow/.local/lib/python3.7/site-packages/airflow/example_dags/example_kubernetes_executor.py for tasks to queue
[2023-05-16T01:05:24.320+0000] {logging_mixin.py:137} INFO - [2023-05-16T01:05:24.319+0000] {dagbag.py:532} INFO - Filling up the DagBag from /home/airflow/.local/lib/python3.7/site-packages/airflow/example_dags/example_kubernetes_executor.py
[2023-05-16T01:05:24.569+0000] {processor.py:753} INFO - DAG(s) dict_keys(['example_kubernetes_executor']) retrieved from /home/airflow/.local/lib/python3.7/site-packages/airflow/example_dags/example_kubernetes_executor.py
[2023-05-16T01:05:25.029+0000] {logging_mixin.py:137} INFO - [2023-05-16T01:05:25.028+0000] {dag.py:2705} INFO - Sync 1 DAGs
[2023-05-16T01:05:25.464+0000] {logging_mixin.py:137} INFO - [2023-05-16T01:05:25.463+0000] {dag.py:3456} INFO - Setting next_dagrun for example_kubernetes_executor to None, run_after=None
[2023-05-16T01:05:25.695+0000] {processor.py:175} INFO - Processing /home/airflow/.local/lib/python3.7/site-packages/airflow/example_dags/example_kubernetes_executor.py took 1.438 seconds
[2023-05-16T01:06:23.253+0000] {processor.py:153} INFO - Started process (PID=17108) to work on /home/airflow/.local/lib/python3.7/site-packages/airflow/example_dags/example_kubernetes_executor.py
[2023-05-16T01:06:23.255+0000] {processor.py:743} INFO - Processing file /home/airflow/.local/lib/python3.7/site-packages/airflow/example_dags/example_kubernetes_executor.py for tasks to queue
[2023-05-16T01:06:23.257+0000] {logging_mixin.py:137} INFO - [2023-05-16T01:06:23.256+0000] {dagbag.py:532} INFO - Filling up the DagBag from /home/airflow/.local/lib/python3.7/site-packages/airflow/example_dags/example_kubernetes_executor.py
[2023-05-16T01:06:23.329+0000] {processor.py:753} INFO - DAG(s) dict_keys(['example_kubernetes_executor']) retrieved from /home/airflow/.local/lib/python3.7/site-packages/airflow/example_dags/example_kubernetes_executor.py
[2023-05-16T01:06:23.425+0000] {logging_mixin.py:137} INFO - [2023-05-16T01:06:23.425+0000] {dag.py:2705} INFO - Sync 1 DAGs
[2023-05-16T01:06:23.458+0000] {logging_mixin.py:137} INFO - [2023-05-16T01:06:23.458+0000] {dag.py:3456} INFO - Setting next_dagrun for example_kubernetes_executor to None, run_after=None
[2023-05-16T01:06:23.482+0000] {processor.py:175} INFO - Processing /home/airflow/.local/lib/python3.7/site-packages/airflow/example_dags/example_kubernetes_executor.py took 0.236 seconds
[2023-05-16T01:09:29.565+0000] {processor.py:153} INFO - Started process (PID=17177) to work on /home/airflow/.local/lib/python3.7/site-packages/airflow/example_dags/example_kubernetes_executor.py
[2023-05-16T01:09:29.603+0000] {processor.py:743} INFO - Processing file /home/airflow/.local/lib/python3.7/site-packages/airflow/example_dags/example_kubernetes_executor.py for tasks to queue
[2023-05-16T01:09:29.637+0000] {logging_mixin.py:137} INFO - [2023-05-16T01:09:29.636+0000] {dagbag.py:532} INFO - Filling up the DagBag from /home/airflow/.local/lib/python3.7/site-packages/airflow/example_dags/example_kubernetes_executor.py
[2023-05-16T01:09:30.871+0000] {processor.py:753} INFO - DAG(s) dict_keys(['example_kubernetes_executor']) retrieved from /home/airflow/.local/lib/python3.7/site-packages/airflow/example_dags/example_kubernetes_executor.py
[2023-05-16T01:09:31.302+0000] {logging_mixin.py:137} INFO - [2023-05-16T01:09:31.301+0000] {dag.py:2705} INFO - Sync 1 DAGs
[2023-05-16T01:09:31.809+0000] {logging_mixin.py:137} INFO - [2023-05-16T01:09:31.809+0000] {dag.py:3456} INFO - Setting next_dagrun for example_kubernetes_executor to None, run_after=None
[2023-05-16T01:09:32.026+0000] {processor.py:175} INFO - Processing /home/airflow/.local/lib/python3.7/site-packages/airflow/example_dags/example_kubernetes_executor.py took 2.639 seconds
[2023-05-16T01:11:23.114+0000] {processor.py:153} INFO - Started process (PID=17243) to work on /home/airflow/.local/lib/python3.7/site-packages/airflow/example_dags/example_kubernetes_executor.py
[2023-05-16T01:11:23.119+0000] {processor.py:743} INFO - Processing file /home/airflow/.local/lib/python3.7/site-packages/airflow/example_dags/example_kubernetes_executor.py for tasks to queue
[2023-05-16T01:11:23.122+0000] {logging_mixin.py:137} INFO - [2023-05-16T01:11:23.122+0000] {dagbag.py:532} INFO - Filling up the DagBag from /home/airflow/.local/lib/python3.7/site-packages/airflow/example_dags/example_kubernetes_executor.py
[2023-05-16T01:11:23.566+0000] {processor.py:753} INFO - DAG(s) dict_keys(['example_kubernetes_executor']) retrieved from /home/airflow/.local/lib/python3.7/site-packages/airflow/example_dags/example_kubernetes_executor.py
[2023-05-16T01:11:23.832+0000] {logging_mixin.py:137} INFO - [2023-05-16T01:11:23.831+0000] {dag.py:2705} INFO - Sync 1 DAGs
[2023-05-16T01:11:23.974+0000] {logging_mixin.py:137} INFO - [2023-05-16T01:11:23.974+0000] {dag.py:3456} INFO - Setting next_dagrun for example_kubernetes_executor to None, run_after=None
[2023-05-16T01:11:24.051+0000] {processor.py:175} INFO - Processing /home/airflow/.local/lib/python3.7/site-packages/airflow/example_dags/example_kubernetes_executor.py took 0.976 seconds
[2023-05-16T01:11:54.281+0000] {processor.py:153} INFO - Started process (PID=17294) to work on /home/airflow/.local/lib/python3.7/site-packages/airflow/example_dags/example_kubernetes_executor.py
[2023-05-16T01:11:54.284+0000] {processor.py:743} INFO - Processing file /home/airflow/.local/lib/python3.7/site-packages/airflow/example_dags/example_kubernetes_executor.py for tasks to queue
[2023-05-16T01:11:54.285+0000] {logging_mixin.py:137} INFO - [2023-05-16T01:11:54.285+0000] {dagbag.py:532} INFO - Filling up the DagBag from /home/airflow/.local/lib/python3.7/site-packages/airflow/example_dags/example_kubernetes_executor.py
[2023-05-16T01:11:54.467+0000] {processor.py:753} INFO - DAG(s) dict_keys(['example_kubernetes_executor']) retrieved from /home/airflow/.local/lib/python3.7/site-packages/airflow/example_dags/example_kubernetes_executor.py
[2023-05-16T01:11:54.680+0000] {logging_mixin.py:137} INFO - [2023-05-16T01:11:54.680+0000] {dag.py:2705} INFO - Sync 1 DAGs
[2023-05-16T01:11:54.853+0000] {logging_mixin.py:137} INFO - [2023-05-16T01:11:54.850+0000] {dag.py:3456} INFO - Setting next_dagrun for example_kubernetes_executor to None, run_after=None
[2023-05-16T01:11:54.994+0000] {processor.py:175} INFO - Processing /home/airflow/.local/lib/python3.7/site-packages/airflow/example_dags/example_kubernetes_executor.py took 0.725 seconds
[2023-05-16T01:12:25.484+0000] {processor.py:153} INFO - Started process (PID=17346) to work on /home/airflow/.local/lib/python3.7/site-packages/airflow/example_dags/example_kubernetes_executor.py
[2023-05-16T01:12:25.486+0000] {processor.py:743} INFO - Processing file /home/airflow/.local/lib/python3.7/site-packages/airflow/example_dags/example_kubernetes_executor.py for tasks to queue
[2023-05-16T01:12:25.488+0000] {logging_mixin.py:137} INFO - [2023-05-16T01:12:25.487+0000] {dagbag.py:532} INFO - Filling up the DagBag from /home/airflow/.local/lib/python3.7/site-packages/airflow/example_dags/example_kubernetes_executor.py
[2023-05-16T01:12:25.528+0000] {processor.py:753} INFO - DAG(s) dict_keys(['example_kubernetes_executor']) retrieved from /home/airflow/.local/lib/python3.7/site-packages/airflow/example_dags/example_kubernetes_executor.py
[2023-05-16T01:12:25.571+0000] {logging_mixin.py:137} INFO - [2023-05-16T01:12:25.570+0000] {dag.py:2705} INFO - Sync 1 DAGs
[2023-05-16T01:12:25.603+0000] {logging_mixin.py:137} INFO - [2023-05-16T01:12:25.603+0000] {dag.py:3456} INFO - Setting next_dagrun for example_kubernetes_executor to None, run_after=None
[2023-05-16T01:12:25.633+0000] {processor.py:175} INFO - Processing /home/airflow/.local/lib/python3.7/site-packages/airflow/example_dags/example_kubernetes_executor.py took 0.159 seconds
[2023-05-16T01:12:56.024+0000] {processor.py:153} INFO - Started process (PID=17398) to work on /home/airflow/.local/lib/python3.7/site-packages/airflow/example_dags/example_kubernetes_executor.py
[2023-05-16T01:12:56.025+0000] {processor.py:743} INFO - Processing file /home/airflow/.local/lib/python3.7/site-packages/airflow/example_dags/example_kubernetes_executor.py for tasks to queue
[2023-05-16T01:12:56.028+0000] {logging_mixin.py:137} INFO - [2023-05-16T01:12:56.027+0000] {dagbag.py:532} INFO - Filling up the DagBag from /home/airflow/.local/lib/python3.7/site-packages/airflow/example_dags/example_kubernetes_executor.py
[2023-05-16T01:12:56.182+0000] {processor.py:753} INFO - DAG(s) dict_keys(['example_kubernetes_executor']) retrieved from /home/airflow/.local/lib/python3.7/site-packages/airflow/example_dags/example_kubernetes_executor.py
[2023-05-16T01:12:56.310+0000] {logging_mixin.py:137} INFO - [2023-05-16T01:12:56.310+0000] {dag.py:2705} INFO - Sync 1 DAGs
[2023-05-16T01:12:56.397+0000] {logging_mixin.py:137} INFO - [2023-05-16T01:12:56.397+0000] {dag.py:3456} INFO - Setting next_dagrun for example_kubernetes_executor to None, run_after=None
[2023-05-16T01:12:56.460+0000] {processor.py:175} INFO - Processing /home/airflow/.local/lib/python3.7/site-packages/airflow/example_dags/example_kubernetes_executor.py took 0.454 seconds
[2023-05-16T01:13:26.753+0000] {processor.py:153} INFO - Started process (PID=17450) to work on /home/airflow/.local/lib/python3.7/site-packages/airflow/example_dags/example_kubernetes_executor.py
[2023-05-16T01:13:26.763+0000] {processor.py:743} INFO - Processing file /home/airflow/.local/lib/python3.7/site-packages/airflow/example_dags/example_kubernetes_executor.py for tasks to queue
[2023-05-16T01:13:26.767+0000] {logging_mixin.py:137} INFO - [2023-05-16T01:13:26.767+0000] {dagbag.py:532} INFO - Filling up the DagBag from /home/airflow/.local/lib/python3.7/site-packages/airflow/example_dags/example_kubernetes_executor.py
[2023-05-16T01:13:26.872+0000] {processor.py:753} INFO - DAG(s) dict_keys(['example_kubernetes_executor']) retrieved from /home/airflow/.local/lib/python3.7/site-packages/airflow/example_dags/example_kubernetes_executor.py
[2023-05-16T01:13:26.957+0000] {logging_mixin.py:137} INFO - [2023-05-16T01:13:26.956+0000] {dag.py:2705} INFO - Sync 1 DAGs
[2023-05-16T01:13:27.005+0000] {logging_mixin.py:137} INFO - [2023-05-16T01:13:27.005+0000] {dag.py:3456} INFO - Setting next_dagrun for example_kubernetes_executor to None, run_after=None
[2023-05-16T01:13:27.045+0000] {processor.py:175} INFO - Processing /home/airflow/.local/lib/python3.7/site-packages/airflow/example_dags/example_kubernetes_executor.py took 0.317 seconds
[2023-05-16T01:13:57.107+0000] {processor.py:153} INFO - Started process (PID=17502) to work on /home/airflow/.local/lib/python3.7/site-packages/airflow/example_dags/example_kubernetes_executor.py
[2023-05-16T01:13:57.109+0000] {processor.py:743} INFO - Processing file /home/airflow/.local/lib/python3.7/site-packages/airflow/example_dags/example_kubernetes_executor.py for tasks to queue
[2023-05-16T01:13:57.112+0000] {logging_mixin.py:137} INFO - [2023-05-16T01:13:57.111+0000] {dagbag.py:532} INFO - Filling up the DagBag from /home/airflow/.local/lib/python3.7/site-packages/airflow/example_dags/example_kubernetes_executor.py
[2023-05-16T01:13:57.168+0000] {processor.py:753} INFO - DAG(s) dict_keys(['example_kubernetes_executor']) retrieved from /home/airflow/.local/lib/python3.7/site-packages/airflow/example_dags/example_kubernetes_executor.py
[2023-05-16T01:13:57.230+0000] {logging_mixin.py:137} INFO - [2023-05-16T01:13:57.229+0000] {dag.py:2705} INFO - Sync 1 DAGs
[2023-05-16T01:13:57.285+0000] {logging_mixin.py:137} INFO - [2023-05-16T01:13:57.285+0000] {dag.py:3456} INFO - Setting next_dagrun for example_kubernetes_executor to None, run_after=None
[2023-05-16T01:13:57.326+0000] {processor.py:175} INFO - Processing /home/airflow/.local/lib/python3.7/site-packages/airflow/example_dags/example_kubernetes_executor.py took 0.233 seconds
[2023-05-16T01:14:27.892+0000] {processor.py:153} INFO - Started process (PID=17554) to work on /home/airflow/.local/lib/python3.7/site-packages/airflow/example_dags/example_kubernetes_executor.py
[2023-05-16T01:14:27.900+0000] {processor.py:743} INFO - Processing file /home/airflow/.local/lib/python3.7/site-packages/airflow/example_dags/example_kubernetes_executor.py for tasks to queue
[2023-05-16T01:14:27.910+0000] {logging_mixin.py:137} INFO - [2023-05-16T01:14:27.908+0000] {dagbag.py:532} INFO - Filling up the DagBag from /home/airflow/.local/lib/python3.7/site-packages/airflow/example_dags/example_kubernetes_executor.py
[2023-05-16T01:14:27.992+0000] {processor.py:753} INFO - DAG(s) dict_keys(['example_kubernetes_executor']) retrieved from /home/airflow/.local/lib/python3.7/site-packages/airflow/example_dags/example_kubernetes_executor.py
[2023-05-16T01:14:28.049+0000] {logging_mixin.py:137} INFO - [2023-05-16T01:14:28.049+0000] {dag.py:2705} INFO - Sync 1 DAGs
[2023-05-16T01:14:28.091+0000] {logging_mixin.py:137} INFO - [2023-05-16T01:14:28.091+0000] {dag.py:3456} INFO - Setting next_dagrun for example_kubernetes_executor to None, run_after=None
[2023-05-16T01:14:28.123+0000] {processor.py:175} INFO - Processing /home/airflow/.local/lib/python3.7/site-packages/airflow/example_dags/example_kubernetes_executor.py took 0.246 seconds
[2023-05-16T01:14:58.357+0000] {processor.py:153} INFO - Started process (PID=17607) to work on /home/airflow/.local/lib/python3.7/site-packages/airflow/example_dags/example_kubernetes_executor.py
[2023-05-16T01:14:58.360+0000] {processor.py:743} INFO - Processing file /home/airflow/.local/lib/python3.7/site-packages/airflow/example_dags/example_kubernetes_executor.py for tasks to queue
[2023-05-16T01:14:58.363+0000] {logging_mixin.py:137} INFO - [2023-05-16T01:14:58.363+0000] {dagbag.py:532} INFO - Filling up the DagBag from /home/airflow/.local/lib/python3.7/site-packages/airflow/example_dags/example_kubernetes_executor.py
[2023-05-16T01:14:58.415+0000] {processor.py:753} INFO - DAG(s) dict_keys(['example_kubernetes_executor']) retrieved from /home/airflow/.local/lib/python3.7/site-packages/airflow/example_dags/example_kubernetes_executor.py
[2023-05-16T01:14:58.473+0000] {logging_mixin.py:137} INFO - [2023-05-16T01:14:58.472+0000] {dag.py:2705} INFO - Sync 1 DAGs
[2023-05-16T01:14:58.510+0000] {logging_mixin.py:137} INFO - [2023-05-16T01:14:58.509+0000] {dag.py:3456} INFO - Setting next_dagrun for example_kubernetes_executor to None, run_after=None
[2023-05-16T01:14:58.536+0000] {processor.py:175} INFO - Processing /home/airflow/.local/lib/python3.7/site-packages/airflow/example_dags/example_kubernetes_executor.py took 0.190 seconds
[2023-05-16T01:15:28.973+0000] {processor.py:153} INFO - Started process (PID=17659) to work on /home/airflow/.local/lib/python3.7/site-packages/airflow/example_dags/example_kubernetes_executor.py
[2023-05-16T01:15:28.981+0000] {processor.py:743} INFO - Processing file /home/airflow/.local/lib/python3.7/site-packages/airflow/example_dags/example_kubernetes_executor.py for tasks to queue
[2023-05-16T01:15:28.983+0000] {logging_mixin.py:137} INFO - [2023-05-16T01:15:28.983+0000] {dagbag.py:532} INFO - Filling up the DagBag from /home/airflow/.local/lib/python3.7/site-packages/airflow/example_dags/example_kubernetes_executor.py
[2023-05-16T01:15:29.033+0000] {processor.py:753} INFO - DAG(s) dict_keys(['example_kubernetes_executor']) retrieved from /home/airflow/.local/lib/python3.7/site-packages/airflow/example_dags/example_kubernetes_executor.py
[2023-05-16T01:15:29.101+0000] {logging_mixin.py:137} INFO - [2023-05-16T01:15:29.100+0000] {dag.py:2705} INFO - Sync 1 DAGs
[2023-05-16T01:15:29.143+0000] {logging_mixin.py:137} INFO - [2023-05-16T01:15:29.143+0000] {dag.py:3456} INFO - Setting next_dagrun for example_kubernetes_executor to None, run_after=None
[2023-05-16T01:15:29.177+0000] {processor.py:175} INFO - Processing /home/airflow/.local/lib/python3.7/site-packages/airflow/example_dags/example_kubernetes_executor.py took 0.213 seconds
[2023-05-16T01:15:59.346+0000] {processor.py:153} INFO - Started process (PID=17711) to work on /home/airflow/.local/lib/python3.7/site-packages/airflow/example_dags/example_kubernetes_executor.py
[2023-05-16T01:15:59.349+0000] {processor.py:743} INFO - Processing file /home/airflow/.local/lib/python3.7/site-packages/airflow/example_dags/example_kubernetes_executor.py for tasks to queue
[2023-05-16T01:15:59.352+0000] {logging_mixin.py:137} INFO - [2023-05-16T01:15:59.352+0000] {dagbag.py:532} INFO - Filling up the DagBag from /home/airflow/.local/lib/python3.7/site-packages/airflow/example_dags/example_kubernetes_executor.py
[2023-05-16T01:15:59.408+0000] {processor.py:753} INFO - DAG(s) dict_keys(['example_kubernetes_executor']) retrieved from /home/airflow/.local/lib/python3.7/site-packages/airflow/example_dags/example_kubernetes_executor.py
[2023-05-16T01:15:59.468+0000] {logging_mixin.py:137} INFO - [2023-05-16T01:15:59.468+0000] {dag.py:2705} INFO - Sync 1 DAGs
[2023-05-16T01:15:59.513+0000] {logging_mixin.py:137} INFO - [2023-05-16T01:15:59.512+0000] {dag.py:3456} INFO - Setting next_dagrun for example_kubernetes_executor to None, run_after=None
[2023-05-16T01:15:59.552+0000] {processor.py:175} INFO - Processing /home/airflow/.local/lib/python3.7/site-packages/airflow/example_dags/example_kubernetes_executor.py took 0.217 seconds
[2023-05-16T01:16:30.094+0000] {processor.py:153} INFO - Started process (PID=17763) to work on /home/airflow/.local/lib/python3.7/site-packages/airflow/example_dags/example_kubernetes_executor.py
[2023-05-16T01:16:30.098+0000] {processor.py:743} INFO - Processing file /home/airflow/.local/lib/python3.7/site-packages/airflow/example_dags/example_kubernetes_executor.py for tasks to queue
[2023-05-16T01:16:30.101+0000] {logging_mixin.py:137} INFO - [2023-05-16T01:16:30.100+0000] {dagbag.py:532} INFO - Filling up the DagBag from /home/airflow/.local/lib/python3.7/site-packages/airflow/example_dags/example_kubernetes_executor.py
[2023-05-16T01:16:30.181+0000] {processor.py:753} INFO - DAG(s) dict_keys(['example_kubernetes_executor']) retrieved from /home/airflow/.local/lib/python3.7/site-packages/airflow/example_dags/example_kubernetes_executor.py
[2023-05-16T01:16:30.229+0000] {logging_mixin.py:137} INFO - [2023-05-16T01:16:30.228+0000] {dag.py:2705} INFO - Sync 1 DAGs
[2023-05-16T01:16:30.266+0000] {logging_mixin.py:137} INFO - [2023-05-16T01:16:30.266+0000] {dag.py:3456} INFO - Setting next_dagrun for example_kubernetes_executor to None, run_after=None
[2023-05-16T01:16:30.292+0000] {processor.py:175} INFO - Processing /home/airflow/.local/lib/python3.7/site-packages/airflow/example_dags/example_kubernetes_executor.py took 0.210 seconds
[2023-05-16T01:17:00.585+0000] {processor.py:153} INFO - Started process (PID=17815) to work on /home/airflow/.local/lib/python3.7/site-packages/airflow/example_dags/example_kubernetes_executor.py
[2023-05-16T01:17:00.595+0000] {processor.py:743} INFO - Processing file /home/airflow/.local/lib/python3.7/site-packages/airflow/example_dags/example_kubernetes_executor.py for tasks to queue
[2023-05-16T01:17:00.603+0000] {logging_mixin.py:137} INFO - [2023-05-16T01:17:00.602+0000] {dagbag.py:532} INFO - Filling up the DagBag from /home/airflow/.local/lib/python3.7/site-packages/airflow/example_dags/example_kubernetes_executor.py
[2023-05-16T01:17:00.757+0000] {processor.py:753} INFO - DAG(s) dict_keys(['example_kubernetes_executor']) retrieved from /home/airflow/.local/lib/python3.7/site-packages/airflow/example_dags/example_kubernetes_executor.py
[2023-05-16T01:17:00.908+0000] {logging_mixin.py:137} INFO - [2023-05-16T01:17:00.906+0000] {dag.py:2705} INFO - Sync 1 DAGs
[2023-05-16T01:17:01.022+0000] {logging_mixin.py:137} INFO - [2023-05-16T01:17:01.021+0000] {dag.py:3456} INFO - Setting next_dagrun for example_kubernetes_executor to None, run_after=None
[2023-05-16T01:17:01.110+0000] {processor.py:175} INFO - Processing /home/airflow/.local/lib/python3.7/site-packages/airflow/example_dags/example_kubernetes_executor.py took 0.546 seconds
[2023-05-16T01:17:31.797+0000] {processor.py:153} INFO - Started process (PID=17868) to work on /home/airflow/.local/lib/python3.7/site-packages/airflow/example_dags/example_kubernetes_executor.py
[2023-05-16T01:17:31.799+0000] {processor.py:743} INFO - Processing file /home/airflow/.local/lib/python3.7/site-packages/airflow/example_dags/example_kubernetes_executor.py for tasks to queue
[2023-05-16T01:17:31.801+0000] {logging_mixin.py:137} INFO - [2023-05-16T01:17:31.800+0000] {dagbag.py:532} INFO - Filling up the DagBag from /home/airflow/.local/lib/python3.7/site-packages/airflow/example_dags/example_kubernetes_executor.py
[2023-05-16T01:17:31.857+0000] {processor.py:753} INFO - DAG(s) dict_keys(['example_kubernetes_executor']) retrieved from /home/airflow/.local/lib/python3.7/site-packages/airflow/example_dags/example_kubernetes_executor.py
[2023-05-16T01:17:31.904+0000] {logging_mixin.py:137} INFO - [2023-05-16T01:17:31.903+0000] {dag.py:2705} INFO - Sync 1 DAGs
[2023-05-16T01:17:31.957+0000] {logging_mixin.py:137} INFO - [2023-05-16T01:17:31.956+0000] {dag.py:3456} INFO - Setting next_dagrun for example_kubernetes_executor to None, run_after=None
[2023-05-16T01:17:32.006+0000] {processor.py:175} INFO - Processing /home/airflow/.local/lib/python3.7/site-packages/airflow/example_dags/example_kubernetes_executor.py took 0.222 seconds
[2023-05-16T01:18:02.427+0000] {processor.py:153} INFO - Started process (PID=17921) to work on /home/airflow/.local/lib/python3.7/site-packages/airflow/example_dags/example_kubernetes_executor.py
[2023-05-16T01:18:02.429+0000] {processor.py:743} INFO - Processing file /home/airflow/.local/lib/python3.7/site-packages/airflow/example_dags/example_kubernetes_executor.py for tasks to queue
[2023-05-16T01:18:02.432+0000] {logging_mixin.py:137} INFO - [2023-05-16T01:18:02.432+0000] {dagbag.py:532} INFO - Filling up the DagBag from /home/airflow/.local/lib/python3.7/site-packages/airflow/example_dags/example_kubernetes_executor.py
[2023-05-16T01:18:02.486+0000] {processor.py:753} INFO - DAG(s) dict_keys(['example_kubernetes_executor']) retrieved from /home/airflow/.local/lib/python3.7/site-packages/airflow/example_dags/example_kubernetes_executor.py
[2023-05-16T01:18:02.543+0000] {logging_mixin.py:137} INFO - [2023-05-16T01:18:02.543+0000] {dag.py:2705} INFO - Sync 1 DAGs
[2023-05-16T01:18:02.583+0000] {logging_mixin.py:137} INFO - [2023-05-16T01:18:02.583+0000] {dag.py:3456} INFO - Setting next_dagrun for example_kubernetes_executor to None, run_after=None
[2023-05-16T01:18:02.616+0000] {processor.py:175} INFO - Processing /home/airflow/.local/lib/python3.7/site-packages/airflow/example_dags/example_kubernetes_executor.py took 0.237 seconds
[2023-05-16T01:18:33.038+0000] {processor.py:153} INFO - Started process (PID=17973) to work on /home/airflow/.local/lib/python3.7/site-packages/airflow/example_dags/example_kubernetes_executor.py
[2023-05-16T01:18:33.043+0000] {processor.py:743} INFO - Processing file /home/airflow/.local/lib/python3.7/site-packages/airflow/example_dags/example_kubernetes_executor.py for tasks to queue
[2023-05-16T01:18:33.046+0000] {logging_mixin.py:137} INFO - [2023-05-16T01:18:33.046+0000] {dagbag.py:532} INFO - Filling up the DagBag from /home/airflow/.local/lib/python3.7/site-packages/airflow/example_dags/example_kubernetes_executor.py
[2023-05-16T01:18:33.143+0000] {processor.py:753} INFO - DAG(s) dict_keys(['example_kubernetes_executor']) retrieved from /home/airflow/.local/lib/python3.7/site-packages/airflow/example_dags/example_kubernetes_executor.py
[2023-05-16T01:18:33.234+0000] {logging_mixin.py:137} INFO - [2023-05-16T01:18:33.233+0000] {dag.py:2705} INFO - Sync 1 DAGs
[2023-05-16T01:18:33.317+0000] {logging_mixin.py:137} INFO - [2023-05-16T01:18:33.317+0000] {dag.py:3456} INFO - Setting next_dagrun for example_kubernetes_executor to None, run_after=None
[2023-05-16T01:18:33.378+0000] {processor.py:175} INFO - Processing /home/airflow/.local/lib/python3.7/site-packages/airflow/example_dags/example_kubernetes_executor.py took 0.362 seconds
[2023-05-16T01:19:03.550+0000] {processor.py:153} INFO - Started process (PID=18026) to work on /home/airflow/.local/lib/python3.7/site-packages/airflow/example_dags/example_kubernetes_executor.py
[2023-05-16T01:19:03.552+0000] {processor.py:743} INFO - Processing file /home/airflow/.local/lib/python3.7/site-packages/airflow/example_dags/example_kubernetes_executor.py for tasks to queue
[2023-05-16T01:19:03.554+0000] {logging_mixin.py:137} INFO - [2023-05-16T01:19:03.554+0000] {dagbag.py:532} INFO - Filling up the DagBag from /home/airflow/.local/lib/python3.7/site-packages/airflow/example_dags/example_kubernetes_executor.py
[2023-05-16T01:19:03.610+0000] {processor.py:753} INFO - DAG(s) dict_keys(['example_kubernetes_executor']) retrieved from /home/airflow/.local/lib/python3.7/site-packages/airflow/example_dags/example_kubernetes_executor.py
[2023-05-16T01:19:03.664+0000] {logging_mixin.py:137} INFO - [2023-05-16T01:19:03.663+0000] {dag.py:2705} INFO - Sync 1 DAGs
[2023-05-16T01:19:03.713+0000] {logging_mixin.py:137} INFO - [2023-05-16T01:19:03.713+0000] {dag.py:3456} INFO - Setting next_dagrun for example_kubernetes_executor to None, run_after=None
[2023-05-16T01:19:03.766+0000] {processor.py:175} INFO - Processing /home/airflow/.local/lib/python3.7/site-packages/airflow/example_dags/example_kubernetes_executor.py took 0.224 seconds
[2023-05-16T01:19:33.916+0000] {processor.py:153} INFO - Started process (PID=18077) to work on /home/airflow/.local/lib/python3.7/site-packages/airflow/example_dags/example_kubernetes_executor.py
[2023-05-16T01:19:33.919+0000] {processor.py:743} INFO - Processing file /home/airflow/.local/lib/python3.7/site-packages/airflow/example_dags/example_kubernetes_executor.py for tasks to queue
[2023-05-16T01:19:33.928+0000] {logging_mixin.py:137} INFO - [2023-05-16T01:19:33.927+0000] {dagbag.py:532} INFO - Filling up the DagBag from /home/airflow/.local/lib/python3.7/site-packages/airflow/example_dags/example_kubernetes_executor.py
[2023-05-16T01:19:33.975+0000] {processor.py:753} INFO - DAG(s) dict_keys(['example_kubernetes_executor']) retrieved from /home/airflow/.local/lib/python3.7/site-packages/airflow/example_dags/example_kubernetes_executor.py
[2023-05-16T01:19:34.035+0000] {logging_mixin.py:137} INFO - [2023-05-16T01:19:34.034+0000] {dag.py:2705} INFO - Sync 1 DAGs
[2023-05-16T01:19:34.073+0000] {logging_mixin.py:137} INFO - [2023-05-16T01:19:34.072+0000] {dag.py:3456} INFO - Setting next_dagrun for example_kubernetes_executor to None, run_after=None
[2023-05-16T01:19:34.102+0000] {processor.py:175} INFO - Processing /home/airflow/.local/lib/python3.7/site-packages/airflow/example_dags/example_kubernetes_executor.py took 0.193 seconds
[2023-05-16T01:20:04.493+0000] {processor.py:153} INFO - Started process (PID=18129) to work on /home/airflow/.local/lib/python3.7/site-packages/airflow/example_dags/example_kubernetes_executor.py
[2023-05-16T01:20:04.495+0000] {processor.py:743} INFO - Processing file /home/airflow/.local/lib/python3.7/site-packages/airflow/example_dags/example_kubernetes_executor.py for tasks to queue
[2023-05-16T01:20:04.498+0000] {logging_mixin.py:137} INFO - [2023-05-16T01:20:04.497+0000] {dagbag.py:532} INFO - Filling up the DagBag from /home/airflow/.local/lib/python3.7/site-packages/airflow/example_dags/example_kubernetes_executor.py
[2023-05-16T01:20:04.549+0000] {processor.py:753} INFO - DAG(s) dict_keys(['example_kubernetes_executor']) retrieved from /home/airflow/.local/lib/python3.7/site-packages/airflow/example_dags/example_kubernetes_executor.py
[2023-05-16T01:20:04.604+0000] {logging_mixin.py:137} INFO - [2023-05-16T01:20:04.603+0000] {dag.py:2705} INFO - Sync 1 DAGs
[2023-05-16T01:20:04.639+0000] {logging_mixin.py:137} INFO - [2023-05-16T01:20:04.639+0000] {dag.py:3456} INFO - Setting next_dagrun for example_kubernetes_executor to None, run_after=None
[2023-05-16T01:20:04.671+0000] {processor.py:175} INFO - Processing /home/airflow/.local/lib/python3.7/site-packages/airflow/example_dags/example_kubernetes_executor.py took 0.189 seconds
[2023-05-16T01:20:34.933+0000] {processor.py:153} INFO - Started process (PID=18181) to work on /home/airflow/.local/lib/python3.7/site-packages/airflow/example_dags/example_kubernetes_executor.py
[2023-05-16T01:20:34.936+0000] {processor.py:743} INFO - Processing file /home/airflow/.local/lib/python3.7/site-packages/airflow/example_dags/example_kubernetes_executor.py for tasks to queue
[2023-05-16T01:20:34.938+0000] {logging_mixin.py:137} INFO - [2023-05-16T01:20:34.938+0000] {dagbag.py:532} INFO - Filling up the DagBag from /home/airflow/.local/lib/python3.7/site-packages/airflow/example_dags/example_kubernetes_executor.py
[2023-05-16T01:20:34.994+0000] {processor.py:753} INFO - DAG(s) dict_keys(['example_kubernetes_executor']) retrieved from /home/airflow/.local/lib/python3.7/site-packages/airflow/example_dags/example_kubernetes_executor.py
[2023-05-16T01:20:35.042+0000] {logging_mixin.py:137} INFO - [2023-05-16T01:20:35.042+0000] {dag.py:2705} INFO - Sync 1 DAGs
[2023-05-16T01:20:35.077+0000] {logging_mixin.py:137} INFO - [2023-05-16T01:20:35.076+0000] {dag.py:3456} INFO - Setting next_dagrun for example_kubernetes_executor to None, run_after=None
[2023-05-16T01:20:35.114+0000] {processor.py:175} INFO - Processing /home/airflow/.local/lib/python3.7/site-packages/airflow/example_dags/example_kubernetes_executor.py took 0.192 seconds
[2023-05-16T01:21:05.332+0000] {processor.py:153} INFO - Started process (PID=18232) to work on /home/airflow/.local/lib/python3.7/site-packages/airflow/example_dags/example_kubernetes_executor.py
[2023-05-16T01:21:05.338+0000] {processor.py:743} INFO - Processing file /home/airflow/.local/lib/python3.7/site-packages/airflow/example_dags/example_kubernetes_executor.py for tasks to queue
[2023-05-16T01:21:05.345+0000] {logging_mixin.py:137} INFO - [2023-05-16T01:21:05.344+0000] {dagbag.py:532} INFO - Filling up the DagBag from /home/airflow/.local/lib/python3.7/site-packages/airflow/example_dags/example_kubernetes_executor.py
[2023-05-16T01:21:05.480+0000] {processor.py:753} INFO - DAG(s) dict_keys(['example_kubernetes_executor']) retrieved from /home/airflow/.local/lib/python3.7/site-packages/airflow/example_dags/example_kubernetes_executor.py
[2023-05-16T01:21:05.671+0000] {logging_mixin.py:137} INFO - [2023-05-16T01:21:05.671+0000] {dag.py:2705} INFO - Sync 1 DAGs
[2023-05-16T01:21:05.826+0000] {logging_mixin.py:137} INFO - [2023-05-16T01:21:05.826+0000] {dag.py:3456} INFO - Setting next_dagrun for example_kubernetes_executor to None, run_after=None
[2023-05-16T01:21:05.936+0000] {processor.py:175} INFO - Processing /home/airflow/.local/lib/python3.7/site-packages/airflow/example_dags/example_kubernetes_executor.py took 0.641 seconds
[2023-05-16T01:21:36.110+0000] {processor.py:153} INFO - Started process (PID=18284) to work on /home/airflow/.local/lib/python3.7/site-packages/airflow/example_dags/example_kubernetes_executor.py
[2023-05-16T01:21:36.116+0000] {processor.py:743} INFO - Processing file /home/airflow/.local/lib/python3.7/site-packages/airflow/example_dags/example_kubernetes_executor.py for tasks to queue
[2023-05-16T01:21:36.119+0000] {logging_mixin.py:137} INFO - [2023-05-16T01:21:36.119+0000] {dagbag.py:532} INFO - Filling up the DagBag from /home/airflow/.local/lib/python3.7/site-packages/airflow/example_dags/example_kubernetes_executor.py
[2023-05-16T01:21:36.159+0000] {processor.py:753} INFO - DAG(s) dict_keys(['example_kubernetes_executor']) retrieved from /home/airflow/.local/lib/python3.7/site-packages/airflow/example_dags/example_kubernetes_executor.py
[2023-05-16T01:21:36.210+0000] {logging_mixin.py:137} INFO - [2023-05-16T01:21:36.209+0000] {dag.py:2705} INFO - Sync 1 DAGs
[2023-05-16T01:21:36.238+0000] {logging_mixin.py:137} INFO - [2023-05-16T01:21:36.238+0000] {dag.py:3456} INFO - Setting next_dagrun for example_kubernetes_executor to None, run_after=None
[2023-05-16T01:21:36.262+0000] {processor.py:175} INFO - Processing /home/airflow/.local/lib/python3.7/site-packages/airflow/example_dags/example_kubernetes_executor.py took 0.164 seconds
[2023-05-16T01:22:06.319+0000] {processor.py:153} INFO - Started process (PID=18337) to work on /home/airflow/.local/lib/python3.7/site-packages/airflow/example_dags/example_kubernetes_executor.py
[2023-05-16T01:22:06.322+0000] {processor.py:743} INFO - Processing file /home/airflow/.local/lib/python3.7/site-packages/airflow/example_dags/example_kubernetes_executor.py for tasks to queue
[2023-05-16T01:22:06.325+0000] {logging_mixin.py:137} INFO - [2023-05-16T01:22:06.325+0000] {dagbag.py:532} INFO - Filling up the DagBag from /home/airflow/.local/lib/python3.7/site-packages/airflow/example_dags/example_kubernetes_executor.py
[2023-05-16T01:22:06.377+0000] {processor.py:753} INFO - DAG(s) dict_keys(['example_kubernetes_executor']) retrieved from /home/airflow/.local/lib/python3.7/site-packages/airflow/example_dags/example_kubernetes_executor.py
[2023-05-16T01:22:06.432+0000] {logging_mixin.py:137} INFO - [2023-05-16T01:22:06.432+0000] {dag.py:2705} INFO - Sync 1 DAGs
[2023-05-16T01:22:06.479+0000] {logging_mixin.py:137} INFO - [2023-05-16T01:22:06.479+0000] {dag.py:3456} INFO - Setting next_dagrun for example_kubernetes_executor to None, run_after=None
[2023-05-16T01:22:06.508+0000] {processor.py:175} INFO - Processing /home/airflow/.local/lib/python3.7/site-packages/airflow/example_dags/example_kubernetes_executor.py took 0.202 seconds
[2023-05-16T01:22:36.742+0000] {processor.py:153} INFO - Started process (PID=18389) to work on /home/airflow/.local/lib/python3.7/site-packages/airflow/example_dags/example_kubernetes_executor.py
[2023-05-16T01:22:36.745+0000] {processor.py:743} INFO - Processing file /home/airflow/.local/lib/python3.7/site-packages/airflow/example_dags/example_kubernetes_executor.py for tasks to queue
[2023-05-16T01:22:36.749+0000] {logging_mixin.py:137} INFO - [2023-05-16T01:22:36.748+0000] {dagbag.py:532} INFO - Filling up the DagBag from /home/airflow/.local/lib/python3.7/site-packages/airflow/example_dags/example_kubernetes_executor.py
[2023-05-16T01:22:36.800+0000] {processor.py:753} INFO - DAG(s) dict_keys(['example_kubernetes_executor']) retrieved from /home/airflow/.local/lib/python3.7/site-packages/airflow/example_dags/example_kubernetes_executor.py
[2023-05-16T01:22:36.851+0000] {logging_mixin.py:137} INFO - [2023-05-16T01:22:36.851+0000] {dag.py:2705} INFO - Sync 1 DAGs
[2023-05-16T01:22:36.887+0000] {logging_mixin.py:137} INFO - [2023-05-16T01:22:36.886+0000] {dag.py:3456} INFO - Setting next_dagrun for example_kubernetes_executor to None, run_after=None
[2023-05-16T01:22:36.923+0000] {processor.py:175} INFO - Processing /home/airflow/.local/lib/python3.7/site-packages/airflow/example_dags/example_kubernetes_executor.py took 0.186 seconds
[2023-05-16T01:23:07.043+0000] {processor.py:153} INFO - Started process (PID=18441) to work on /home/airflow/.local/lib/python3.7/site-packages/airflow/example_dags/example_kubernetes_executor.py
[2023-05-16T01:23:07.048+0000] {processor.py:743} INFO - Processing file /home/airflow/.local/lib/python3.7/site-packages/airflow/example_dags/example_kubernetes_executor.py for tasks to queue
[2023-05-16T01:23:07.052+0000] {logging_mixin.py:137} INFO - [2023-05-16T01:23:07.051+0000] {dagbag.py:532} INFO - Filling up the DagBag from /home/airflow/.local/lib/python3.7/site-packages/airflow/example_dags/example_kubernetes_executor.py
[2023-05-16T01:23:07.114+0000] {processor.py:753} INFO - DAG(s) dict_keys(['example_kubernetes_executor']) retrieved from /home/airflow/.local/lib/python3.7/site-packages/airflow/example_dags/example_kubernetes_executor.py
[2023-05-16T01:23:07.205+0000] {logging_mixin.py:137} INFO - [2023-05-16T01:23:07.205+0000] {dag.py:2705} INFO - Sync 1 DAGs
[2023-05-16T01:23:07.273+0000] {logging_mixin.py:137} INFO - [2023-05-16T01:23:07.273+0000] {dag.py:3456} INFO - Setting next_dagrun for example_kubernetes_executor to None, run_after=None
[2023-05-16T01:23:07.302+0000] {processor.py:175} INFO - Processing /home/airflow/.local/lib/python3.7/site-packages/airflow/example_dags/example_kubernetes_executor.py took 0.280 seconds
[2023-05-16T01:23:37.536+0000] {processor.py:153} INFO - Started process (PID=18493) to work on /home/airflow/.local/lib/python3.7/site-packages/airflow/example_dags/example_kubernetes_executor.py
[2023-05-16T01:23:37.542+0000] {processor.py:743} INFO - Processing file /home/airflow/.local/lib/python3.7/site-packages/airflow/example_dags/example_kubernetes_executor.py for tasks to queue
[2023-05-16T01:23:37.545+0000] {logging_mixin.py:137} INFO - [2023-05-16T01:23:37.544+0000] {dagbag.py:532} INFO - Filling up the DagBag from /home/airflow/.local/lib/python3.7/site-packages/airflow/example_dags/example_kubernetes_executor.py
[2023-05-16T01:23:37.603+0000] {processor.py:753} INFO - DAG(s) dict_keys(['example_kubernetes_executor']) retrieved from /home/airflow/.local/lib/python3.7/site-packages/airflow/example_dags/example_kubernetes_executor.py
[2023-05-16T01:23:37.656+0000] {logging_mixin.py:137} INFO - [2023-05-16T01:23:37.656+0000] {dag.py:2705} INFO - Sync 1 DAGs
[2023-05-16T01:23:37.689+0000] {logging_mixin.py:137} INFO - [2023-05-16T01:23:37.688+0000] {dag.py:3456} INFO - Setting next_dagrun for example_kubernetes_executor to None, run_after=None
[2023-05-16T01:23:37.719+0000] {processor.py:175} INFO - Processing /home/airflow/.local/lib/python3.7/site-packages/airflow/example_dags/example_kubernetes_executor.py took 0.188 seconds
[2023-05-16T01:24:08.374+0000] {processor.py:153} INFO - Started process (PID=18545) to work on /home/airflow/.local/lib/python3.7/site-packages/airflow/example_dags/example_kubernetes_executor.py
[2023-05-16T01:24:08.382+0000] {processor.py:743} INFO - Processing file /home/airflow/.local/lib/python3.7/site-packages/airflow/example_dags/example_kubernetes_executor.py for tasks to queue
[2023-05-16T01:24:08.384+0000] {logging_mixin.py:137} INFO - [2023-05-16T01:24:08.384+0000] {dagbag.py:532} INFO - Filling up the DagBag from /home/airflow/.local/lib/python3.7/site-packages/airflow/example_dags/example_kubernetes_executor.py
[2023-05-16T01:24:08.432+0000] {processor.py:753} INFO - DAG(s) dict_keys(['example_kubernetes_executor']) retrieved from /home/airflow/.local/lib/python3.7/site-packages/airflow/example_dags/example_kubernetes_executor.py
[2023-05-16T01:24:08.480+0000] {logging_mixin.py:137} INFO - [2023-05-16T01:24:08.480+0000] {dag.py:2705} INFO - Sync 1 DAGs
[2023-05-16T01:24:08.527+0000] {logging_mixin.py:137} INFO - [2023-05-16T01:24:08.526+0000] {dag.py:3456} INFO - Setting next_dagrun for example_kubernetes_executor to None, run_after=None
[2023-05-16T01:24:08.555+0000] {processor.py:175} INFO - Processing /home/airflow/.local/lib/python3.7/site-packages/airflow/example_dags/example_kubernetes_executor.py took 0.193 seconds
[2023-05-16T01:24:39.069+0000] {processor.py:153} INFO - Started process (PID=18597) to work on /home/airflow/.local/lib/python3.7/site-packages/airflow/example_dags/example_kubernetes_executor.py
[2023-05-16T01:24:39.080+0000] {processor.py:743} INFO - Processing file /home/airflow/.local/lib/python3.7/site-packages/airflow/example_dags/example_kubernetes_executor.py for tasks to queue
[2023-05-16T01:24:39.091+0000] {logging_mixin.py:137} INFO - [2023-05-16T01:24:39.091+0000] {dagbag.py:532} INFO - Filling up the DagBag from /home/airflow/.local/lib/python3.7/site-packages/airflow/example_dags/example_kubernetes_executor.py
[2023-05-16T01:24:39.326+0000] {processor.py:753} INFO - DAG(s) dict_keys(['example_kubernetes_executor']) retrieved from /home/airflow/.local/lib/python3.7/site-packages/airflow/example_dags/example_kubernetes_executor.py
[2023-05-16T01:24:39.458+0000] {logging_mixin.py:137} INFO - [2023-05-16T01:24:39.458+0000] {dag.py:2705} INFO - Sync 1 DAGs
[2023-05-16T01:24:39.509+0000] {logging_mixin.py:137} INFO - [2023-05-16T01:24:39.509+0000] {dag.py:3456} INFO - Setting next_dagrun for example_kubernetes_executor to None, run_after=None
[2023-05-16T01:24:39.579+0000] {processor.py:175} INFO - Processing /home/airflow/.local/lib/python3.7/site-packages/airflow/example_dags/example_kubernetes_executor.py took 0.565 seconds
[2023-05-16T01:25:10.294+0000] {processor.py:153} INFO - Started process (PID=18649) to work on /home/airflow/.local/lib/python3.7/site-packages/airflow/example_dags/example_kubernetes_executor.py
[2023-05-16T01:25:10.315+0000] {processor.py:743} INFO - Processing file /home/airflow/.local/lib/python3.7/site-packages/airflow/example_dags/example_kubernetes_executor.py for tasks to queue
[2023-05-16T01:25:10.318+0000] {logging_mixin.py:137} INFO - [2023-05-16T01:25:10.318+0000] {dagbag.py:532} INFO - Filling up the DagBag from /home/airflow/.local/lib/python3.7/site-packages/airflow/example_dags/example_kubernetes_executor.py
[2023-05-16T01:25:10.529+0000] {processor.py:753} INFO - DAG(s) dict_keys(['example_kubernetes_executor']) retrieved from /home/airflow/.local/lib/python3.7/site-packages/airflow/example_dags/example_kubernetes_executor.py
[2023-05-16T01:25:10.659+0000] {logging_mixin.py:137} INFO - [2023-05-16T01:25:10.659+0000] {dag.py:2705} INFO - Sync 1 DAGs
[2023-05-16T01:25:10.768+0000] {logging_mixin.py:137} INFO - [2023-05-16T01:25:10.768+0000] {dag.py:3456} INFO - Setting next_dagrun for example_kubernetes_executor to None, run_after=None
[2023-05-16T01:25:10.842+0000] {processor.py:175} INFO - Processing /home/airflow/.local/lib/python3.7/site-packages/airflow/example_dags/example_kubernetes_executor.py took 0.578 seconds
[2023-05-16T01:25:41.513+0000] {processor.py:153} INFO - Started process (PID=18701) to work on /home/airflow/.local/lib/python3.7/site-packages/airflow/example_dags/example_kubernetes_executor.py
[2023-05-16T01:25:41.516+0000] {processor.py:743} INFO - Processing file /home/airflow/.local/lib/python3.7/site-packages/airflow/example_dags/example_kubernetes_executor.py for tasks to queue
[2023-05-16T01:25:41.521+0000] {logging_mixin.py:137} INFO - [2023-05-16T01:25:41.520+0000] {dagbag.py:532} INFO - Filling up the DagBag from /home/airflow/.local/lib/python3.7/site-packages/airflow/example_dags/example_kubernetes_executor.py
[2023-05-16T01:25:41.608+0000] {processor.py:753} INFO - DAG(s) dict_keys(['example_kubernetes_executor']) retrieved from /home/airflow/.local/lib/python3.7/site-packages/airflow/example_dags/example_kubernetes_executor.py
[2023-05-16T01:25:41.670+0000] {logging_mixin.py:137} INFO - [2023-05-16T01:25:41.670+0000] {dag.py:2705} INFO - Sync 1 DAGs
[2023-05-16T01:25:41.714+0000] {logging_mixin.py:137} INFO - [2023-05-16T01:25:41.714+0000] {dag.py:3456} INFO - Setting next_dagrun for example_kubernetes_executor to None, run_after=None
[2023-05-16T01:25:41.744+0000] {processor.py:175} INFO - Processing /home/airflow/.local/lib/python3.7/site-packages/airflow/example_dags/example_kubernetes_executor.py took 0.239 seconds
[2023-05-16T01:26:11.891+0000] {processor.py:153} INFO - Started process (PID=18753) to work on /home/airflow/.local/lib/python3.7/site-packages/airflow/example_dags/example_kubernetes_executor.py
[2023-05-16T01:26:11.894+0000] {processor.py:743} INFO - Processing file /home/airflow/.local/lib/python3.7/site-packages/airflow/example_dags/example_kubernetes_executor.py for tasks to queue
[2023-05-16T01:26:11.897+0000] {logging_mixin.py:137} INFO - [2023-05-16T01:26:11.896+0000] {dagbag.py:532} INFO - Filling up the DagBag from /home/airflow/.local/lib/python3.7/site-packages/airflow/example_dags/example_kubernetes_executor.py
[2023-05-16T01:26:11.954+0000] {processor.py:753} INFO - DAG(s) dict_keys(['example_kubernetes_executor']) retrieved from /home/airflow/.local/lib/python3.7/site-packages/airflow/example_dags/example_kubernetes_executor.py
[2023-05-16T01:26:12.019+0000] {logging_mixin.py:137} INFO - [2023-05-16T01:26:12.019+0000] {dag.py:2705} INFO - Sync 1 DAGs
[2023-05-16T01:26:12.060+0000] {logging_mixin.py:137} INFO - [2023-05-16T01:26:12.060+0000] {dag.py:3456} INFO - Setting next_dagrun for example_kubernetes_executor to None, run_after=None
[2023-05-16T01:26:12.088+0000] {processor.py:175} INFO - Processing /home/airflow/.local/lib/python3.7/site-packages/airflow/example_dags/example_kubernetes_executor.py took 0.209 seconds
[2023-05-16T01:26:42.169+0000] {processor.py:153} INFO - Started process (PID=18805) to work on /home/airflow/.local/lib/python3.7/site-packages/airflow/example_dags/example_kubernetes_executor.py
[2023-05-16T01:26:42.172+0000] {processor.py:743} INFO - Processing file /home/airflow/.local/lib/python3.7/site-packages/airflow/example_dags/example_kubernetes_executor.py for tasks to queue
[2023-05-16T01:26:42.173+0000] {logging_mixin.py:137} INFO - [2023-05-16T01:26:42.173+0000] {dagbag.py:532} INFO - Filling up the DagBag from /home/airflow/.local/lib/python3.7/site-packages/airflow/example_dags/example_kubernetes_executor.py
[2023-05-16T01:26:42.224+0000] {processor.py:753} INFO - DAG(s) dict_keys(['example_kubernetes_executor']) retrieved from /home/airflow/.local/lib/python3.7/site-packages/airflow/example_dags/example_kubernetes_executor.py
[2023-05-16T01:26:42.272+0000] {logging_mixin.py:137} INFO - [2023-05-16T01:26:42.272+0000] {dag.py:2705} INFO - Sync 1 DAGs
[2023-05-16T01:26:42.310+0000] {logging_mixin.py:137} INFO - [2023-05-16T01:26:42.310+0000] {dag.py:3456} INFO - Setting next_dagrun for example_kubernetes_executor to None, run_after=None
[2023-05-16T01:26:42.342+0000] {processor.py:175} INFO - Processing /home/airflow/.local/lib/python3.7/site-packages/airflow/example_dags/example_kubernetes_executor.py took 0.177 seconds
[2023-05-16T01:27:13.047+0000] {processor.py:153} INFO - Started process (PID=18857) to work on /home/airflow/.local/lib/python3.7/site-packages/airflow/example_dags/example_kubernetes_executor.py
[2023-05-16T01:27:13.050+0000] {processor.py:743} INFO - Processing file /home/airflow/.local/lib/python3.7/site-packages/airflow/example_dags/example_kubernetes_executor.py for tasks to queue
[2023-05-16T01:27:13.066+0000] {logging_mixin.py:137} INFO - [2023-05-16T01:27:13.066+0000] {dagbag.py:532} INFO - Filling up the DagBag from /home/airflow/.local/lib/python3.7/site-packages/airflow/example_dags/example_kubernetes_executor.py
[2023-05-16T01:27:13.119+0000] {processor.py:753} INFO - DAG(s) dict_keys(['example_kubernetes_executor']) retrieved from /home/airflow/.local/lib/python3.7/site-packages/airflow/example_dags/example_kubernetes_executor.py
[2023-05-16T01:27:13.168+0000] {logging_mixin.py:137} INFO - [2023-05-16T01:27:13.168+0000] {dag.py:2705} INFO - Sync 1 DAGs
[2023-05-16T01:27:13.202+0000] {logging_mixin.py:137} INFO - [2023-05-16T01:27:13.202+0000] {dag.py:3456} INFO - Setting next_dagrun for example_kubernetes_executor to None, run_after=None
[2023-05-16T01:27:13.233+0000] {processor.py:175} INFO - Processing /home/airflow/.local/lib/python3.7/site-packages/airflow/example_dags/example_kubernetes_executor.py took 0.191 seconds
[2023-05-16T01:27:44.037+0000] {processor.py:153} INFO - Started process (PID=18909) to work on /home/airflow/.local/lib/python3.7/site-packages/airflow/example_dags/example_kubernetes_executor.py
[2023-05-16T01:27:44.041+0000] {processor.py:743} INFO - Processing file /home/airflow/.local/lib/python3.7/site-packages/airflow/example_dags/example_kubernetes_executor.py for tasks to queue
[2023-05-16T01:27:44.045+0000] {logging_mixin.py:137} INFO - [2023-05-16T01:27:44.044+0000] {dagbag.py:532} INFO - Filling up the DagBag from /home/airflow/.local/lib/python3.7/site-packages/airflow/example_dags/example_kubernetes_executor.py
[2023-05-16T01:27:44.107+0000] {processor.py:753} INFO - DAG(s) dict_keys(['example_kubernetes_executor']) retrieved from /home/airflow/.local/lib/python3.7/site-packages/airflow/example_dags/example_kubernetes_executor.py
[2023-05-16T01:27:44.170+0000] {logging_mixin.py:137} INFO - [2023-05-16T01:27:44.170+0000] {dag.py:2705} INFO - Sync 1 DAGs
[2023-05-16T01:27:44.215+0000] {logging_mixin.py:137} INFO - [2023-05-16T01:27:44.215+0000] {dag.py:3456} INFO - Setting next_dagrun for example_kubernetes_executor to None, run_after=None
[2023-05-16T01:27:44.250+0000] {processor.py:175} INFO - Processing /home/airflow/.local/lib/python3.7/site-packages/airflow/example_dags/example_kubernetes_executor.py took 0.221 seconds
[2023-05-16T01:28:14.710+0000] {processor.py:153} INFO - Started process (PID=18961) to work on /home/airflow/.local/lib/python3.7/site-packages/airflow/example_dags/example_kubernetes_executor.py
[2023-05-16T01:28:14.713+0000] {processor.py:743} INFO - Processing file /home/airflow/.local/lib/python3.7/site-packages/airflow/example_dags/example_kubernetes_executor.py for tasks to queue
[2023-05-16T01:28:14.714+0000] {logging_mixin.py:137} INFO - [2023-05-16T01:28:14.714+0000] {dagbag.py:532} INFO - Filling up the DagBag from /home/airflow/.local/lib/python3.7/site-packages/airflow/example_dags/example_kubernetes_executor.py
[2023-05-16T01:28:14.773+0000] {processor.py:753} INFO - DAG(s) dict_keys(['example_kubernetes_executor']) retrieved from /home/airflow/.local/lib/python3.7/site-packages/airflow/example_dags/example_kubernetes_executor.py
[2023-05-16T01:28:14.838+0000] {logging_mixin.py:137} INFO - [2023-05-16T01:28:14.837+0000] {dag.py:2705} INFO - Sync 1 DAGs
[2023-05-16T01:28:14.876+0000] {logging_mixin.py:137} INFO - [2023-05-16T01:28:14.876+0000] {dag.py:3456} INFO - Setting next_dagrun for example_kubernetes_executor to None, run_after=None
[2023-05-16T01:28:14.911+0000] {processor.py:175} INFO - Processing /home/airflow/.local/lib/python3.7/site-packages/airflow/example_dags/example_kubernetes_executor.py took 0.210 seconds
[2023-05-16T01:28:45.830+0000] {processor.py:153} INFO - Started process (PID=19013) to work on /home/airflow/.local/lib/python3.7/site-packages/airflow/example_dags/example_kubernetes_executor.py
[2023-05-16T01:28:45.834+0000] {processor.py:743} INFO - Processing file /home/airflow/.local/lib/python3.7/site-packages/airflow/example_dags/example_kubernetes_executor.py for tasks to queue
[2023-05-16T01:28:45.836+0000] {logging_mixin.py:137} INFO - [2023-05-16T01:28:45.836+0000] {dagbag.py:532} INFO - Filling up the DagBag from /home/airflow/.local/lib/python3.7/site-packages/airflow/example_dags/example_kubernetes_executor.py
[2023-05-16T01:28:45.958+0000] {processor.py:753} INFO - DAG(s) dict_keys(['example_kubernetes_executor']) retrieved from /home/airflow/.local/lib/python3.7/site-packages/airflow/example_dags/example_kubernetes_executor.py
[2023-05-16T01:28:46.052+0000] {logging_mixin.py:137} INFO - [2023-05-16T01:28:46.052+0000] {dag.py:2705} INFO - Sync 1 DAGs
[2023-05-16T01:28:46.101+0000] {logging_mixin.py:137} INFO - [2023-05-16T01:28:46.101+0000] {dag.py:3456} INFO - Setting next_dagrun for example_kubernetes_executor to None, run_after=None
[2023-05-16T01:28:46.139+0000] {processor.py:175} INFO - Processing /home/airflow/.local/lib/python3.7/site-packages/airflow/example_dags/example_kubernetes_executor.py took 0.335 seconds
[2023-05-16T01:29:16.975+0000] {processor.py:153} INFO - Started process (PID=19065) to work on /home/airflow/.local/lib/python3.7/site-packages/airflow/example_dags/example_kubernetes_executor.py
[2023-05-16T01:29:16.977+0000] {processor.py:743} INFO - Processing file /home/airflow/.local/lib/python3.7/site-packages/airflow/example_dags/example_kubernetes_executor.py for tasks to queue
[2023-05-16T01:29:16.988+0000] {logging_mixin.py:137} INFO - [2023-05-16T01:29:16.988+0000] {dagbag.py:532} INFO - Filling up the DagBag from /home/airflow/.local/lib/python3.7/site-packages/airflow/example_dags/example_kubernetes_executor.py
[2023-05-16T01:29:17.155+0000] {processor.py:753} INFO - DAG(s) dict_keys(['example_kubernetes_executor']) retrieved from /home/airflow/.local/lib/python3.7/site-packages/airflow/example_dags/example_kubernetes_executor.py
[2023-05-16T01:29:17.282+0000] {logging_mixin.py:137} INFO - [2023-05-16T01:29:17.282+0000] {dag.py:2705} INFO - Sync 1 DAGs
[2023-05-16T01:29:17.384+0000] {logging_mixin.py:137} INFO - [2023-05-16T01:29:17.383+0000] {dag.py:3456} INFO - Setting next_dagrun for example_kubernetes_executor to None, run_after=None
[2023-05-16T01:29:17.512+0000] {processor.py:175} INFO - Processing /home/airflow/.local/lib/python3.7/site-packages/airflow/example_dags/example_kubernetes_executor.py took 0.584 seconds
[2023-05-16T01:29:47.713+0000] {processor.py:153} INFO - Started process (PID=19116) to work on /home/airflow/.local/lib/python3.7/site-packages/airflow/example_dags/example_kubernetes_executor.py
[2023-05-16T01:29:47.715+0000] {processor.py:743} INFO - Processing file /home/airflow/.local/lib/python3.7/site-packages/airflow/example_dags/example_kubernetes_executor.py for tasks to queue
[2023-05-16T01:29:47.717+0000] {logging_mixin.py:137} INFO - [2023-05-16T01:29:47.717+0000] {dagbag.py:532} INFO - Filling up the DagBag from /home/airflow/.local/lib/python3.7/site-packages/airflow/example_dags/example_kubernetes_executor.py
[2023-05-16T01:29:47.761+0000] {processor.py:753} INFO - DAG(s) dict_keys(['example_kubernetes_executor']) retrieved from /home/airflow/.local/lib/python3.7/site-packages/airflow/example_dags/example_kubernetes_executor.py
[2023-05-16T01:29:47.808+0000] {logging_mixin.py:137} INFO - [2023-05-16T01:29:47.808+0000] {dag.py:2705} INFO - Sync 1 DAGs
[2023-05-16T01:29:47.841+0000] {logging_mixin.py:137} INFO - [2023-05-16T01:29:47.840+0000] {dag.py:3456} INFO - Setting next_dagrun for example_kubernetes_executor to None, run_after=None
[2023-05-16T01:29:47.866+0000] {processor.py:175} INFO - Processing /home/airflow/.local/lib/python3.7/site-packages/airflow/example_dags/example_kubernetes_executor.py took 0.158 seconds
[2023-05-16T01:30:18.124+0000] {processor.py:153} INFO - Started process (PID=19168) to work on /home/airflow/.local/lib/python3.7/site-packages/airflow/example_dags/example_kubernetes_executor.py
[2023-05-16T01:30:18.126+0000] {processor.py:743} INFO - Processing file /home/airflow/.local/lib/python3.7/site-packages/airflow/example_dags/example_kubernetes_executor.py for tasks to queue
[2023-05-16T01:30:18.152+0000] {logging_mixin.py:137} INFO - [2023-05-16T01:30:18.152+0000] {dagbag.py:532} INFO - Filling up the DagBag from /home/airflow/.local/lib/python3.7/site-packages/airflow/example_dags/example_kubernetes_executor.py
[2023-05-16T01:30:18.216+0000] {processor.py:753} INFO - DAG(s) dict_keys(['example_kubernetes_executor']) retrieved from /home/airflow/.local/lib/python3.7/site-packages/airflow/example_dags/example_kubernetes_executor.py
[2023-05-16T01:30:18.277+0000] {logging_mixin.py:137} INFO - [2023-05-16T01:30:18.277+0000] {dag.py:2705} INFO - Sync 1 DAGs
[2023-05-16T01:30:18.323+0000] {logging_mixin.py:137} INFO - [2023-05-16T01:30:18.323+0000] {dag.py:3456} INFO - Setting next_dagrun for example_kubernetes_executor to None, run_after=None
[2023-05-16T01:30:18.357+0000] {processor.py:175} INFO - Processing /home/airflow/.local/lib/python3.7/site-packages/airflow/example_dags/example_kubernetes_executor.py took 0.237 seconds
[2023-05-16T01:30:48.525+0000] {processor.py:153} INFO - Started process (PID=19220) to work on /home/airflow/.local/lib/python3.7/site-packages/airflow/example_dags/example_kubernetes_executor.py
[2023-05-16T01:30:48.528+0000] {processor.py:743} INFO - Processing file /home/airflow/.local/lib/python3.7/site-packages/airflow/example_dags/example_kubernetes_executor.py for tasks to queue
[2023-05-16T01:30:48.530+0000] {logging_mixin.py:137} INFO - [2023-05-16T01:30:48.530+0000] {dagbag.py:532} INFO - Filling up the DagBag from /home/airflow/.local/lib/python3.7/site-packages/airflow/example_dags/example_kubernetes_executor.py
[2023-05-16T01:30:48.581+0000] {processor.py:753} INFO - DAG(s) dict_keys(['example_kubernetes_executor']) retrieved from /home/airflow/.local/lib/python3.7/site-packages/airflow/example_dags/example_kubernetes_executor.py
[2023-05-16T01:30:48.639+0000] {logging_mixin.py:137} INFO - [2023-05-16T01:30:48.639+0000] {dag.py:2705} INFO - Sync 1 DAGs
[2023-05-16T01:30:48.677+0000] {logging_mixin.py:137} INFO - [2023-05-16T01:30:48.677+0000] {dag.py:3456} INFO - Setting next_dagrun for example_kubernetes_executor to None, run_after=None
[2023-05-16T01:30:48.708+0000] {processor.py:175} INFO - Processing /home/airflow/.local/lib/python3.7/site-packages/airflow/example_dags/example_kubernetes_executor.py took 0.188 seconds
[2023-05-16T01:31:18.943+0000] {processor.py:153} INFO - Started process (PID=19272) to work on /home/airflow/.local/lib/python3.7/site-packages/airflow/example_dags/example_kubernetes_executor.py
[2023-05-16T01:31:18.952+0000] {processor.py:743} INFO - Processing file /home/airflow/.local/lib/python3.7/site-packages/airflow/example_dags/example_kubernetes_executor.py for tasks to queue
[2023-05-16T01:31:18.955+0000] {logging_mixin.py:137} INFO - [2023-05-16T01:31:18.955+0000] {dagbag.py:532} INFO - Filling up the DagBag from /home/airflow/.local/lib/python3.7/site-packages/airflow/example_dags/example_kubernetes_executor.py
[2023-05-16T01:31:19.055+0000] {processor.py:753} INFO - DAG(s) dict_keys(['example_kubernetes_executor']) retrieved from /home/airflow/.local/lib/python3.7/site-packages/airflow/example_dags/example_kubernetes_executor.py
[2023-05-16T01:31:19.124+0000] {logging_mixin.py:137} INFO - [2023-05-16T01:31:19.124+0000] {dag.py:2705} INFO - Sync 1 DAGs
[2023-05-16T01:31:19.173+0000] {logging_mixin.py:137} INFO - [2023-05-16T01:31:19.173+0000] {dag.py:3456} INFO - Setting next_dagrun for example_kubernetes_executor to None, run_after=None
[2023-05-16T01:31:19.209+0000] {processor.py:175} INFO - Processing /home/airflow/.local/lib/python3.7/site-packages/airflow/example_dags/example_kubernetes_executor.py took 0.274 seconds
[2023-05-16T01:31:49.670+0000] {processor.py:153} INFO - Started process (PID=19324) to work on /home/airflow/.local/lib/python3.7/site-packages/airflow/example_dags/example_kubernetes_executor.py
[2023-05-16T01:31:49.675+0000] {processor.py:743} INFO - Processing file /home/airflow/.local/lib/python3.7/site-packages/airflow/example_dags/example_kubernetes_executor.py for tasks to queue
[2023-05-16T01:31:49.680+0000] {logging_mixin.py:137} INFO - [2023-05-16T01:31:49.679+0000] {dagbag.py:532} INFO - Filling up the DagBag from /home/airflow/.local/lib/python3.7/site-packages/airflow/example_dags/example_kubernetes_executor.py
[2023-05-16T01:31:49.781+0000] {processor.py:753} INFO - DAG(s) dict_keys(['example_kubernetes_executor']) retrieved from /home/airflow/.local/lib/python3.7/site-packages/airflow/example_dags/example_kubernetes_executor.py
[2023-05-16T01:31:49.886+0000] {logging_mixin.py:137} INFO - [2023-05-16T01:31:49.885+0000] {dag.py:2705} INFO - Sync 1 DAGs
[2023-05-16T01:31:49.998+0000] {logging_mixin.py:137} INFO - [2023-05-16T01:31:49.997+0000] {dag.py:3456} INFO - Setting next_dagrun for example_kubernetes_executor to None, run_after=None
[2023-05-16T01:31:50.071+0000] {processor.py:175} INFO - Processing /home/airflow/.local/lib/python3.7/site-packages/airflow/example_dags/example_kubernetes_executor.py took 0.423 seconds
[2023-05-16T01:32:20.312+0000] {processor.py:153} INFO - Started process (PID=19383) to work on /home/airflow/.local/lib/python3.7/site-packages/airflow/example_dags/example_kubernetes_executor.py
[2023-05-16T01:32:20.314+0000] {processor.py:743} INFO - Processing file /home/airflow/.local/lib/python3.7/site-packages/airflow/example_dags/example_kubernetes_executor.py for tasks to queue
[2023-05-16T01:32:20.316+0000] {logging_mixin.py:137} INFO - [2023-05-16T01:32:20.316+0000] {dagbag.py:532} INFO - Filling up the DagBag from /home/airflow/.local/lib/python3.7/site-packages/airflow/example_dags/example_kubernetes_executor.py
[2023-05-16T01:32:20.370+0000] {processor.py:753} INFO - DAG(s) dict_keys(['example_kubernetes_executor']) retrieved from /home/airflow/.local/lib/python3.7/site-packages/airflow/example_dags/example_kubernetes_executor.py
[2023-05-16T01:32:20.419+0000] {logging_mixin.py:137} INFO - [2023-05-16T01:32:20.419+0000] {dag.py:2705} INFO - Sync 1 DAGs
[2023-05-16T01:32:20.472+0000] {logging_mixin.py:137} INFO - [2023-05-16T01:32:20.472+0000] {dag.py:3456} INFO - Setting next_dagrun for example_kubernetes_executor to None, run_after=None
[2023-05-16T01:32:20.499+0000] {processor.py:175} INFO - Processing /home/airflow/.local/lib/python3.7/site-packages/airflow/example_dags/example_kubernetes_executor.py took 0.194 seconds
[2023-05-16T01:32:51.233+0000] {processor.py:153} INFO - Started process (PID=19434) to work on /home/airflow/.local/lib/python3.7/site-packages/airflow/example_dags/example_kubernetes_executor.py
[2023-05-16T01:32:51.236+0000] {processor.py:743} INFO - Processing file /home/airflow/.local/lib/python3.7/site-packages/airflow/example_dags/example_kubernetes_executor.py for tasks to queue
[2023-05-16T01:32:51.239+0000] {logging_mixin.py:137} INFO - [2023-05-16T01:32:51.239+0000] {dagbag.py:532} INFO - Filling up the DagBag from /home/airflow/.local/lib/python3.7/site-packages/airflow/example_dags/example_kubernetes_executor.py
[2023-05-16T01:32:51.359+0000] {processor.py:753} INFO - DAG(s) dict_keys(['example_kubernetes_executor']) retrieved from /home/airflow/.local/lib/python3.7/site-packages/airflow/example_dags/example_kubernetes_executor.py
[2023-05-16T01:32:51.461+0000] {logging_mixin.py:137} INFO - [2023-05-16T01:32:51.461+0000] {dag.py:2705} INFO - Sync 1 DAGs
[2023-05-16T01:32:51.558+0000] {logging_mixin.py:137} INFO - [2023-05-16T01:32:51.558+0000] {dag.py:3456} INFO - Setting next_dagrun for example_kubernetes_executor to None, run_after=None
[2023-05-16T01:32:51.677+0000] {processor.py:175} INFO - Processing /home/airflow/.local/lib/python3.7/site-packages/airflow/example_dags/example_kubernetes_executor.py took 0.466 seconds
[2023-05-16T01:33:21.944+0000] {processor.py:153} INFO - Started process (PID=19486) to work on /home/airflow/.local/lib/python3.7/site-packages/airflow/example_dags/example_kubernetes_executor.py
[2023-05-16T01:33:21.955+0000] {processor.py:743} INFO - Processing file /home/airflow/.local/lib/python3.7/site-packages/airflow/example_dags/example_kubernetes_executor.py for tasks to queue
[2023-05-16T01:33:21.965+0000] {logging_mixin.py:137} INFO - [2023-05-16T01:33:21.964+0000] {dagbag.py:532} INFO - Filling up the DagBag from /home/airflow/.local/lib/python3.7/site-packages/airflow/example_dags/example_kubernetes_executor.py
[2023-05-16T01:33:22.080+0000] {processor.py:753} INFO - DAG(s) dict_keys(['example_kubernetes_executor']) retrieved from /home/airflow/.local/lib/python3.7/site-packages/airflow/example_dags/example_kubernetes_executor.py
[2023-05-16T01:33:22.144+0000] {logging_mixin.py:137} INFO - [2023-05-16T01:33:22.144+0000] {dag.py:2705} INFO - Sync 1 DAGs
[2023-05-16T01:33:22.183+0000] {logging_mixin.py:137} INFO - [2023-05-16T01:33:22.183+0000] {dag.py:3456} INFO - Setting next_dagrun for example_kubernetes_executor to None, run_after=None
[2023-05-16T01:33:22.212+0000] {processor.py:175} INFO - Processing /home/airflow/.local/lib/python3.7/site-packages/airflow/example_dags/example_kubernetes_executor.py took 0.321 seconds
[2023-05-16T01:33:53.357+0000] {processor.py:153} INFO - Started process (PID=19539) to work on /home/airflow/.local/lib/python3.7/site-packages/airflow/example_dags/example_kubernetes_executor.py
[2023-05-16T01:33:53.359+0000] {processor.py:743} INFO - Processing file /home/airflow/.local/lib/python3.7/site-packages/airflow/example_dags/example_kubernetes_executor.py for tasks to queue
[2023-05-16T01:33:53.362+0000] {logging_mixin.py:137} INFO - [2023-05-16T01:33:53.361+0000] {dagbag.py:532} INFO - Filling up the DagBag from /home/airflow/.local/lib/python3.7/site-packages/airflow/example_dags/example_kubernetes_executor.py
[2023-05-16T01:33:53.473+0000] {processor.py:753} INFO - DAG(s) dict_keys(['example_kubernetes_executor']) retrieved from /home/airflow/.local/lib/python3.7/site-packages/airflow/example_dags/example_kubernetes_executor.py
[2023-05-16T01:33:53.529+0000] {logging_mixin.py:137} INFO - [2023-05-16T01:33:53.529+0000] {dag.py:2705} INFO - Sync 1 DAGs
[2023-05-16T01:33:53.572+0000] {logging_mixin.py:137} INFO - [2023-05-16T01:33:53.572+0000] {dag.py:3456} INFO - Setting next_dagrun for example_kubernetes_executor to None, run_after=None
[2023-05-16T01:33:53.601+0000] {processor.py:175} INFO - Processing /home/airflow/.local/lib/python3.7/site-packages/airflow/example_dags/example_kubernetes_executor.py took 0.251 seconds
[2023-05-16T01:34:23.683+0000] {processor.py:153} INFO - Started process (PID=19590) to work on /home/airflow/.local/lib/python3.7/site-packages/airflow/example_dags/example_kubernetes_executor.py
[2023-05-16T01:34:23.685+0000] {processor.py:743} INFO - Processing file /home/airflow/.local/lib/python3.7/site-packages/airflow/example_dags/example_kubernetes_executor.py for tasks to queue
[2023-05-16T01:34:23.687+0000] {logging_mixin.py:137} INFO - [2023-05-16T01:34:23.687+0000] {dagbag.py:532} INFO - Filling up the DagBag from /home/airflow/.local/lib/python3.7/site-packages/airflow/example_dags/example_kubernetes_executor.py
[2023-05-16T01:34:23.738+0000] {processor.py:753} INFO - DAG(s) dict_keys(['example_kubernetes_executor']) retrieved from /home/airflow/.local/lib/python3.7/site-packages/airflow/example_dags/example_kubernetes_executor.py
[2023-05-16T01:34:23.810+0000] {logging_mixin.py:137} INFO - [2023-05-16T01:34:23.809+0000] {dag.py:2705} INFO - Sync 1 DAGs
[2023-05-16T01:34:23.895+0000] {logging_mixin.py:137} INFO - [2023-05-16T01:34:23.894+0000] {dag.py:3456} INFO - Setting next_dagrun for example_kubernetes_executor to None, run_after=None
[2023-05-16T01:34:23.961+0000] {processor.py:175} INFO - Processing /home/airflow/.local/lib/python3.7/site-packages/airflow/example_dags/example_kubernetes_executor.py took 0.286 seconds
[2023-05-16T01:34:54.316+0000] {processor.py:153} INFO - Started process (PID=19642) to work on /home/airflow/.local/lib/python3.7/site-packages/airflow/example_dags/example_kubernetes_executor.py
[2023-05-16T01:34:54.321+0000] {processor.py:743} INFO - Processing file /home/airflow/.local/lib/python3.7/site-packages/airflow/example_dags/example_kubernetes_executor.py for tasks to queue
[2023-05-16T01:34:54.329+0000] {logging_mixin.py:137} INFO - [2023-05-16T01:34:54.327+0000] {dagbag.py:532} INFO - Filling up the DagBag from /home/airflow/.local/lib/python3.7/site-packages/airflow/example_dags/example_kubernetes_executor.py
[2023-05-16T01:34:54.486+0000] {processor.py:753} INFO - DAG(s) dict_keys(['example_kubernetes_executor']) retrieved from /home/airflow/.local/lib/python3.7/site-packages/airflow/example_dags/example_kubernetes_executor.py
[2023-05-16T01:34:54.611+0000] {logging_mixin.py:137} INFO - [2023-05-16T01:34:54.611+0000] {dag.py:2705} INFO - Sync 1 DAGs
[2023-05-16T01:34:54.688+0000] {logging_mixin.py:137} INFO - [2023-05-16T01:34:54.688+0000] {dag.py:3456} INFO - Setting next_dagrun for example_kubernetes_executor to None, run_after=None
[2023-05-16T01:34:54.724+0000] {processor.py:175} INFO - Processing /home/airflow/.local/lib/python3.7/site-packages/airflow/example_dags/example_kubernetes_executor.py took 0.434 seconds
[2023-05-16T01:35:25.198+0000] {processor.py:153} INFO - Started process (PID=19693) to work on /home/airflow/.local/lib/python3.7/site-packages/airflow/example_dags/example_kubernetes_executor.py
[2023-05-16T01:35:25.201+0000] {processor.py:743} INFO - Processing file /home/airflow/.local/lib/python3.7/site-packages/airflow/example_dags/example_kubernetes_executor.py for tasks to queue
[2023-05-16T01:35:25.204+0000] {logging_mixin.py:137} INFO - [2023-05-16T01:35:25.203+0000] {dagbag.py:532} INFO - Filling up the DagBag from /home/airflow/.local/lib/python3.7/site-packages/airflow/example_dags/example_kubernetes_executor.py
[2023-05-16T01:35:25.265+0000] {processor.py:753} INFO - DAG(s) dict_keys(['example_kubernetes_executor']) retrieved from /home/airflow/.local/lib/python3.7/site-packages/airflow/example_dags/example_kubernetes_executor.py
[2023-05-16T01:35:25.338+0000] {logging_mixin.py:137} INFO - [2023-05-16T01:35:25.338+0000] {dag.py:2705} INFO - Sync 1 DAGs
[2023-05-16T01:35:25.395+0000] {logging_mixin.py:137} INFO - [2023-05-16T01:35:25.395+0000] {dag.py:3456} INFO - Setting next_dagrun for example_kubernetes_executor to None, run_after=None
[2023-05-16T01:35:25.427+0000] {processor.py:175} INFO - Processing /home/airflow/.local/lib/python3.7/site-packages/airflow/example_dags/example_kubernetes_executor.py took 0.243 seconds
[2023-05-16T01:35:55.620+0000] {processor.py:153} INFO - Started process (PID=19745) to work on /home/airflow/.local/lib/python3.7/site-packages/airflow/example_dags/example_kubernetes_executor.py
[2023-05-16T01:35:55.623+0000] {processor.py:743} INFO - Processing file /home/airflow/.local/lib/python3.7/site-packages/airflow/example_dags/example_kubernetes_executor.py for tasks to queue
[2023-05-16T01:35:55.627+0000] {logging_mixin.py:137} INFO - [2023-05-16T01:35:55.626+0000] {dagbag.py:532} INFO - Filling up the DagBag from /home/airflow/.local/lib/python3.7/site-packages/airflow/example_dags/example_kubernetes_executor.py
[2023-05-16T01:35:55.674+0000] {processor.py:753} INFO - DAG(s) dict_keys(['example_kubernetes_executor']) retrieved from /home/airflow/.local/lib/python3.7/site-packages/airflow/example_dags/example_kubernetes_executor.py
[2023-05-16T01:35:55.723+0000] {logging_mixin.py:137} INFO - [2023-05-16T01:35:55.723+0000] {dag.py:2705} INFO - Sync 1 DAGs
[2023-05-16T01:35:55.760+0000] {logging_mixin.py:137} INFO - [2023-05-16T01:35:55.759+0000] {dag.py:3456} INFO - Setting next_dagrun for example_kubernetes_executor to None, run_after=None
[2023-05-16T01:35:55.790+0000] {processor.py:175} INFO - Processing /home/airflow/.local/lib/python3.7/site-packages/airflow/example_dags/example_kubernetes_executor.py took 0.175 seconds
[2023-05-16T01:36:25.999+0000] {processor.py:153} INFO - Started process (PID=19797) to work on /home/airflow/.local/lib/python3.7/site-packages/airflow/example_dags/example_kubernetes_executor.py
[2023-05-16T01:36:26.002+0000] {processor.py:743} INFO - Processing file /home/airflow/.local/lib/python3.7/site-packages/airflow/example_dags/example_kubernetes_executor.py for tasks to queue
[2023-05-16T01:36:26.004+0000] {logging_mixin.py:137} INFO - [2023-05-16T01:36:26.004+0000] {dagbag.py:532} INFO - Filling up the DagBag from /home/airflow/.local/lib/python3.7/site-packages/airflow/example_dags/example_kubernetes_executor.py
[2023-05-16T01:36:26.051+0000] {processor.py:753} INFO - DAG(s) dict_keys(['example_kubernetes_executor']) retrieved from /home/airflow/.local/lib/python3.7/site-packages/airflow/example_dags/example_kubernetes_executor.py
[2023-05-16T01:36:26.101+0000] {logging_mixin.py:137} INFO - [2023-05-16T01:36:26.100+0000] {dag.py:2705} INFO - Sync 1 DAGs
[2023-05-16T01:36:26.135+0000] {logging_mixin.py:137} INFO - [2023-05-16T01:36:26.134+0000] {dag.py:3456} INFO - Setting next_dagrun for example_kubernetes_executor to None, run_after=None
[2023-05-16T01:36:26.164+0000] {processor.py:175} INFO - Processing /home/airflow/.local/lib/python3.7/site-packages/airflow/example_dags/example_kubernetes_executor.py took 0.170 seconds
[2023-05-16T01:36:56.618+0000] {processor.py:153} INFO - Started process (PID=19849) to work on /home/airflow/.local/lib/python3.7/site-packages/airflow/example_dags/example_kubernetes_executor.py
[2023-05-16T01:36:56.620+0000] {processor.py:743} INFO - Processing file /home/airflow/.local/lib/python3.7/site-packages/airflow/example_dags/example_kubernetes_executor.py for tasks to queue
[2023-05-16T01:36:56.624+0000] {logging_mixin.py:137} INFO - [2023-05-16T01:36:56.623+0000] {dagbag.py:532} INFO - Filling up the DagBag from /home/airflow/.local/lib/python3.7/site-packages/airflow/example_dags/example_kubernetes_executor.py
[2023-05-16T01:36:56.683+0000] {processor.py:753} INFO - DAG(s) dict_keys(['example_kubernetes_executor']) retrieved from /home/airflow/.local/lib/python3.7/site-packages/airflow/example_dags/example_kubernetes_executor.py
[2023-05-16T01:36:56.735+0000] {logging_mixin.py:137} INFO - [2023-05-16T01:36:56.735+0000] {dag.py:2705} INFO - Sync 1 DAGs
[2023-05-16T01:36:56.774+0000] {logging_mixin.py:137} INFO - [2023-05-16T01:36:56.774+0000] {dag.py:3456} INFO - Setting next_dagrun for example_kubernetes_executor to None, run_after=None
[2023-05-16T01:36:56.803+0000] {processor.py:175} INFO - Processing /home/airflow/.local/lib/python3.7/site-packages/airflow/example_dags/example_kubernetes_executor.py took 0.196 seconds
[2023-05-16T01:37:27.143+0000] {processor.py:153} INFO - Started process (PID=19902) to work on /home/airflow/.local/lib/python3.7/site-packages/airflow/example_dags/example_kubernetes_executor.py
[2023-05-16T01:37:27.146+0000] {processor.py:743} INFO - Processing file /home/airflow/.local/lib/python3.7/site-packages/airflow/example_dags/example_kubernetes_executor.py for tasks to queue
[2023-05-16T01:37:27.148+0000] {logging_mixin.py:137} INFO - [2023-05-16T01:37:27.148+0000] {dagbag.py:532} INFO - Filling up the DagBag from /home/airflow/.local/lib/python3.7/site-packages/airflow/example_dags/example_kubernetes_executor.py
[2023-05-16T01:37:27.228+0000] {processor.py:753} INFO - DAG(s) dict_keys(['example_kubernetes_executor']) retrieved from /home/airflow/.local/lib/python3.7/site-packages/airflow/example_dags/example_kubernetes_executor.py
[2023-05-16T01:37:27.291+0000] {logging_mixin.py:137} INFO - [2023-05-16T01:37:27.291+0000] {dag.py:2705} INFO - Sync 1 DAGs
[2023-05-16T01:37:27.331+0000] {logging_mixin.py:137} INFO - [2023-05-16T01:37:27.331+0000] {dag.py:3456} INFO - Setting next_dagrun for example_kubernetes_executor to None, run_after=None
[2023-05-16T01:37:27.367+0000] {processor.py:175} INFO - Processing /home/airflow/.local/lib/python3.7/site-packages/airflow/example_dags/example_kubernetes_executor.py took 0.232 seconds
[2023-05-16T01:37:57.734+0000] {processor.py:153} INFO - Started process (PID=19954) to work on /home/airflow/.local/lib/python3.7/site-packages/airflow/example_dags/example_kubernetes_executor.py
[2023-05-16T01:37:57.741+0000] {processor.py:743} INFO - Processing file /home/airflow/.local/lib/python3.7/site-packages/airflow/example_dags/example_kubernetes_executor.py for tasks to queue
[2023-05-16T01:37:57.748+0000] {logging_mixin.py:137} INFO - [2023-05-16T01:37:57.748+0000] {dagbag.py:532} INFO - Filling up the DagBag from /home/airflow/.local/lib/python3.7/site-packages/airflow/example_dags/example_kubernetes_executor.py
[2023-05-16T01:37:57.821+0000] {processor.py:753} INFO - DAG(s) dict_keys(['example_kubernetes_executor']) retrieved from /home/airflow/.local/lib/python3.7/site-packages/airflow/example_dags/example_kubernetes_executor.py
[2023-05-16T01:37:57.880+0000] {logging_mixin.py:137} INFO - [2023-05-16T01:37:57.880+0000] {dag.py:2705} INFO - Sync 1 DAGs
[2023-05-16T01:37:57.941+0000] {logging_mixin.py:137} INFO - [2023-05-16T01:37:57.941+0000] {dag.py:3456} INFO - Setting next_dagrun for example_kubernetes_executor to None, run_after=None
[2023-05-16T01:37:57.978+0000] {processor.py:175} INFO - Processing /home/airflow/.local/lib/python3.7/site-packages/airflow/example_dags/example_kubernetes_executor.py took 0.254 seconds
[2023-05-16T01:38:28.395+0000] {processor.py:153} INFO - Started process (PID=20006) to work on /home/airflow/.local/lib/python3.7/site-packages/airflow/example_dags/example_kubernetes_executor.py
[2023-05-16T01:38:28.398+0000] {processor.py:743} INFO - Processing file /home/airflow/.local/lib/python3.7/site-packages/airflow/example_dags/example_kubernetes_executor.py for tasks to queue
[2023-05-16T01:38:28.400+0000] {logging_mixin.py:137} INFO - [2023-05-16T01:38:28.399+0000] {dagbag.py:532} INFO - Filling up the DagBag from /home/airflow/.local/lib/python3.7/site-packages/airflow/example_dags/example_kubernetes_executor.py
[2023-05-16T01:38:28.439+0000] {processor.py:753} INFO - DAG(s) dict_keys(['example_kubernetes_executor']) retrieved from /home/airflow/.local/lib/python3.7/site-packages/airflow/example_dags/example_kubernetes_executor.py
[2023-05-16T01:38:28.486+0000] {logging_mixin.py:137} INFO - [2023-05-16T01:38:28.486+0000] {dag.py:2705} INFO - Sync 1 DAGs
[2023-05-16T01:38:28.517+0000] {logging_mixin.py:137} INFO - [2023-05-16T01:38:28.516+0000] {dag.py:3456} INFO - Setting next_dagrun for example_kubernetes_executor to None, run_after=None
[2023-05-16T01:38:28.539+0000] {processor.py:175} INFO - Processing /home/airflow/.local/lib/python3.7/site-packages/airflow/example_dags/example_kubernetes_executor.py took 0.151 seconds
[2023-05-16T01:38:59.346+0000] {processor.py:153} INFO - Started process (PID=20058) to work on /home/airflow/.local/lib/python3.7/site-packages/airflow/example_dags/example_kubernetes_executor.py
[2023-05-16T01:38:59.348+0000] {processor.py:743} INFO - Processing file /home/airflow/.local/lib/python3.7/site-packages/airflow/example_dags/example_kubernetes_executor.py for tasks to queue
[2023-05-16T01:38:59.350+0000] {logging_mixin.py:137} INFO - [2023-05-16T01:38:59.350+0000] {dagbag.py:532} INFO - Filling up the DagBag from /home/airflow/.local/lib/python3.7/site-packages/airflow/example_dags/example_kubernetes_executor.py
[2023-05-16T01:38:59.404+0000] {processor.py:753} INFO - DAG(s) dict_keys(['example_kubernetes_executor']) retrieved from /home/airflow/.local/lib/python3.7/site-packages/airflow/example_dags/example_kubernetes_executor.py
[2023-05-16T01:38:59.457+0000] {logging_mixin.py:137} INFO - [2023-05-16T01:38:59.457+0000] {dag.py:2705} INFO - Sync 1 DAGs
[2023-05-16T01:38:59.510+0000] {logging_mixin.py:137} INFO - [2023-05-16T01:38:59.510+0000] {dag.py:3456} INFO - Setting next_dagrun for example_kubernetes_executor to None, run_after=None
[2023-05-16T01:38:59.544+0000] {processor.py:175} INFO - Processing /home/airflow/.local/lib/python3.7/site-packages/airflow/example_dags/example_kubernetes_executor.py took 0.206 seconds
[2023-05-16T01:39:29.669+0000] {processor.py:153} INFO - Started process (PID=20110) to work on /home/airflow/.local/lib/python3.7/site-packages/airflow/example_dags/example_kubernetes_executor.py
[2023-05-16T01:39:29.672+0000] {processor.py:743} INFO - Processing file /home/airflow/.local/lib/python3.7/site-packages/airflow/example_dags/example_kubernetes_executor.py for tasks to queue
[2023-05-16T01:39:29.675+0000] {logging_mixin.py:137} INFO - [2023-05-16T01:39:29.674+0000] {dagbag.py:532} INFO - Filling up the DagBag from /home/airflow/.local/lib/python3.7/site-packages/airflow/example_dags/example_kubernetes_executor.py
[2023-05-16T01:39:29.726+0000] {processor.py:753} INFO - DAG(s) dict_keys(['example_kubernetes_executor']) retrieved from /home/airflow/.local/lib/python3.7/site-packages/airflow/example_dags/example_kubernetes_executor.py
[2023-05-16T01:39:29.787+0000] {logging_mixin.py:137} INFO - [2023-05-16T01:39:29.787+0000] {dag.py:2705} INFO - Sync 1 DAGs
[2023-05-16T01:39:29.841+0000] {logging_mixin.py:137} INFO - [2023-05-16T01:39:29.841+0000] {dag.py:3456} INFO - Setting next_dagrun for example_kubernetes_executor to None, run_after=None
[2023-05-16T01:39:29.896+0000] {processor.py:175} INFO - Processing /home/airflow/.local/lib/python3.7/site-packages/airflow/example_dags/example_kubernetes_executor.py took 0.246 seconds
[2023-05-16T01:40:00.402+0000] {processor.py:153} INFO - Started process (PID=20162) to work on /home/airflow/.local/lib/python3.7/site-packages/airflow/example_dags/example_kubernetes_executor.py
[2023-05-16T01:40:00.404+0000] {processor.py:743} INFO - Processing file /home/airflow/.local/lib/python3.7/site-packages/airflow/example_dags/example_kubernetes_executor.py for tasks to queue
[2023-05-16T01:40:00.406+0000] {logging_mixin.py:137} INFO - [2023-05-16T01:40:00.406+0000] {dagbag.py:532} INFO - Filling up the DagBag from /home/airflow/.local/lib/python3.7/site-packages/airflow/example_dags/example_kubernetes_executor.py
[2023-05-16T01:40:00.451+0000] {processor.py:753} INFO - DAG(s) dict_keys(['example_kubernetes_executor']) retrieved from /home/airflow/.local/lib/python3.7/site-packages/airflow/example_dags/example_kubernetes_executor.py
[2023-05-16T01:40:00.503+0000] {logging_mixin.py:137} INFO - [2023-05-16T01:40:00.502+0000] {dag.py:2705} INFO - Sync 1 DAGs
[2023-05-16T01:40:00.540+0000] {logging_mixin.py:137} INFO - [2023-05-16T01:40:00.540+0000] {dag.py:3456} INFO - Setting next_dagrun for example_kubernetes_executor to None, run_after=None
[2023-05-16T01:40:00.572+0000] {processor.py:175} INFO - Processing /home/airflow/.local/lib/python3.7/site-packages/airflow/example_dags/example_kubernetes_executor.py took 0.175 seconds
[2023-05-16T01:40:30.942+0000] {processor.py:153} INFO - Started process (PID=20214) to work on /home/airflow/.local/lib/python3.7/site-packages/airflow/example_dags/example_kubernetes_executor.py
[2023-05-16T01:40:30.946+0000] {processor.py:743} INFO - Processing file /home/airflow/.local/lib/python3.7/site-packages/airflow/example_dags/example_kubernetes_executor.py for tasks to queue
[2023-05-16T01:40:30.949+0000] {logging_mixin.py:137} INFO - [2023-05-16T01:40:30.949+0000] {dagbag.py:532} INFO - Filling up the DagBag from /home/airflow/.local/lib/python3.7/site-packages/airflow/example_dags/example_kubernetes_executor.py
[2023-05-16T01:40:31.127+0000] {processor.py:753} INFO - DAG(s) dict_keys(['example_kubernetes_executor']) retrieved from /home/airflow/.local/lib/python3.7/site-packages/airflow/example_dags/example_kubernetes_executor.py
[2023-05-16T01:40:31.262+0000] {logging_mixin.py:137} INFO - [2023-05-16T01:40:31.262+0000] {dag.py:2705} INFO - Sync 1 DAGs
[2023-05-16T01:40:31.321+0000] {logging_mixin.py:137} INFO - [2023-05-16T01:40:31.321+0000] {dag.py:3456} INFO - Setting next_dagrun for example_kubernetes_executor to None, run_after=None
[2023-05-16T01:40:31.381+0000] {processor.py:175} INFO - Processing /home/airflow/.local/lib/python3.7/site-packages/airflow/example_dags/example_kubernetes_executor.py took 0.448 seconds
