[2023-05-16T00:01:10.747+0000] {processor.py:153} INFO - Started process (PID=16557) to work on /home/airflow/.local/lib/python3.7/site-packages/airflow/example_dags/example_short_circuit_operator.py
[2023-05-16T00:01:10.798+0000] {processor.py:743} INFO - Processing file /home/airflow/.local/lib/python3.7/site-packages/airflow/example_dags/example_short_circuit_operator.py for tasks to queue
[2023-05-16T00:01:10.816+0000] {logging_mixin.py:137} INFO - [2023-05-16T00:01:10.815+0000] {dagbag.py:532} INFO - Filling up the DagBag from /home/airflow/.local/lib/python3.7/site-packages/airflow/example_dags/example_short_circuit_operator.py
[2023-05-16T00:01:11.076+0000] {processor.py:753} INFO - DAG(s) dict_keys(['example_short_circuit_operator']) retrieved from /home/airflow/.local/lib/python3.7/site-packages/airflow/example_dags/example_short_circuit_operator.py
[2023-05-16T00:01:11.320+0000] {logging_mixin.py:137} INFO - [2023-05-16T00:01:11.319+0000] {dag.py:2705} INFO - Sync 1 DAGs
[2023-05-16T00:01:11.566+0000] {logging_mixin.py:137} INFO - [2023-05-16T00:01:11.565+0000] {dag.py:3456} INFO - Setting next_dagrun for example_short_circuit_operator to 2023-05-15T00:01:11.563118+00:00, run_after=2023-05-16T00:01:11.563118+00:00
[2023-05-16T00:01:11.717+0000] {processor.py:175} INFO - Processing /home/airflow/.local/lib/python3.7/site-packages/airflow/example_dags/example_short_circuit_operator.py took 1.049 seconds
[2023-05-16T00:17:39.604+0000] {processor.py:153} INFO - Started process (PID=16628) to work on /home/airflow/.local/lib/python3.7/site-packages/airflow/example_dags/example_short_circuit_operator.py
[2023-05-16T00:17:39.614+0000] {processor.py:743} INFO - Processing file /home/airflow/.local/lib/python3.7/site-packages/airflow/example_dags/example_short_circuit_operator.py for tasks to queue
[2023-05-16T00:17:39.619+0000] {logging_mixin.py:137} INFO - [2023-05-16T00:17:39.618+0000] {dagbag.py:532} INFO - Filling up the DagBag from /home/airflow/.local/lib/python3.7/site-packages/airflow/example_dags/example_short_circuit_operator.py
[2023-05-16T00:17:39.746+0000] {processor.py:753} INFO - DAG(s) dict_keys(['example_short_circuit_operator']) retrieved from /home/airflow/.local/lib/python3.7/site-packages/airflow/example_dags/example_short_circuit_operator.py
[2023-05-16T00:17:40.052+0000] {logging_mixin.py:137} INFO - [2023-05-16T00:17:40.052+0000] {dag.py:2705} INFO - Sync 1 DAGs
[2023-05-16T00:17:40.196+0000] {logging_mixin.py:137} INFO - [2023-05-16T00:17:40.195+0000] {dag.py:3456} INFO - Setting next_dagrun for example_short_circuit_operator to 2023-05-15T00:17:40.195491+00:00, run_after=2023-05-16T00:17:40.195491+00:00
[2023-05-16T00:17:40.344+0000] {processor.py:175} INFO - Processing /home/airflow/.local/lib/python3.7/site-packages/airflow/example_dags/example_short_circuit_operator.py took 0.764 seconds
[2023-05-16T00:18:25.672+0000] {processor.py:153} INFO - Started process (PID=16681) to work on /home/airflow/.local/lib/python3.7/site-packages/airflow/example_dags/example_short_circuit_operator.py
[2023-05-16T00:18:25.704+0000] {processor.py:743} INFO - Processing file /home/airflow/.local/lib/python3.7/site-packages/airflow/example_dags/example_short_circuit_operator.py for tasks to queue
[2023-05-16T00:18:25.727+0000] {logging_mixin.py:137} INFO - [2023-05-16T00:18:25.726+0000] {dagbag.py:532} INFO - Filling up the DagBag from /home/airflow/.local/lib/python3.7/site-packages/airflow/example_dags/example_short_circuit_operator.py
[2023-05-16T00:18:26.424+0000] {processor.py:753} INFO - DAG(s) dict_keys(['example_short_circuit_operator']) retrieved from /home/airflow/.local/lib/python3.7/site-packages/airflow/example_dags/example_short_circuit_operator.py
[2023-05-16T00:18:27.458+0000] {logging_mixin.py:137} INFO - [2023-05-16T00:18:27.457+0000] {dag.py:2705} INFO - Sync 1 DAGs
[2023-05-16T00:18:27.941+0000] {logging_mixin.py:137} INFO - [2023-05-16T00:18:27.933+0000] {dag.py:3456} INFO - Setting next_dagrun for example_short_circuit_operator to 2023-05-15T00:18:27.931935+00:00, run_after=2023-05-16T00:18:27.931935+00:00
[2023-05-16T00:18:28.473+0000] {processor.py:175} INFO - Processing /home/airflow/.local/lib/python3.7/site-packages/airflow/example_dags/example_short_circuit_operator.py took 2.916 seconds
[2023-05-16T00:19:43.152+0000] {processor.py:153} INFO - Started process (PID=16753) to work on /home/airflow/.local/lib/python3.7/site-packages/airflow/example_dags/example_short_circuit_operator.py
[2023-05-16T00:19:43.214+0000] {processor.py:743} INFO - Processing file /home/airflow/.local/lib/python3.7/site-packages/airflow/example_dags/example_short_circuit_operator.py for tasks to queue
[2023-05-16T00:19:43.248+0000] {logging_mixin.py:137} INFO - [2023-05-16T00:19:43.247+0000] {dagbag.py:532} INFO - Filling up the DagBag from /home/airflow/.local/lib/python3.7/site-packages/airflow/example_dags/example_short_circuit_operator.py
[2023-05-16T00:19:44.325+0000] {processor.py:753} INFO - DAG(s) dict_keys(['example_short_circuit_operator']) retrieved from /home/airflow/.local/lib/python3.7/site-packages/airflow/example_dags/example_short_circuit_operator.py
[2023-05-16T00:19:45.421+0000] {logging_mixin.py:137} INFO - [2023-05-16T00:19:45.414+0000] {dag.py:2705} INFO - Sync 1 DAGs
[2023-05-16T00:19:46.370+0000] {logging_mixin.py:137} INFO - [2023-05-16T00:19:46.364+0000] {dag.py:3456} INFO - Setting next_dagrun for example_short_circuit_operator to 2023-05-15T00:19:46.362961+00:00, run_after=2023-05-16T00:19:46.362961+00:00
[2023-05-16T00:19:47.080+0000] {processor.py:175} INFO - Processing /home/airflow/.local/lib/python3.7/site-packages/airflow/example_dags/example_short_circuit_operator.py took 4.215 seconds
[2023-05-16T00:35:50.274+0000] {processor.py:153} INFO - Started process (PID=16819) to work on /home/airflow/.local/lib/python3.7/site-packages/airflow/example_dags/example_short_circuit_operator.py
[2023-05-16T00:35:50.275+0000] {processor.py:743} INFO - Processing file /home/airflow/.local/lib/python3.7/site-packages/airflow/example_dags/example_short_circuit_operator.py for tasks to queue
[2023-05-16T00:35:50.278+0000] {logging_mixin.py:137} INFO - [2023-05-16T00:35:50.278+0000] {dagbag.py:532} INFO - Filling up the DagBag from /home/airflow/.local/lib/python3.7/site-packages/airflow/example_dags/example_short_circuit_operator.py
[2023-05-16T00:35:50.306+0000] {processor.py:753} INFO - DAG(s) dict_keys(['example_short_circuit_operator']) retrieved from /home/airflow/.local/lib/python3.7/site-packages/airflow/example_dags/example_short_circuit_operator.py
[2023-05-16T00:35:50.361+0000] {logging_mixin.py:137} INFO - [2023-05-16T00:35:50.361+0000] {dag.py:2705} INFO - Sync 1 DAGs
[2023-05-16T00:35:50.397+0000] {logging_mixin.py:137} INFO - [2023-05-16T00:35:50.396+0000] {dag.py:3456} INFO - Setting next_dagrun for example_short_circuit_operator to 2023-05-15T00:35:50.396640+00:00, run_after=2023-05-16T00:35:50.396640+00:00
[2023-05-16T00:35:50.427+0000] {processor.py:175} INFO - Processing /home/airflow/.local/lib/python3.7/site-packages/airflow/example_dags/example_short_circuit_operator.py took 0.158 seconds
[2023-05-16T00:51:22.871+0000] {processor.py:153} INFO - Started process (PID=16876) to work on /home/airflow/.local/lib/python3.7/site-packages/airflow/example_dags/example_short_circuit_operator.py
[2023-05-16T00:51:22.899+0000] {processor.py:743} INFO - Processing file /home/airflow/.local/lib/python3.7/site-packages/airflow/example_dags/example_short_circuit_operator.py for tasks to queue
[2023-05-16T00:51:22.927+0000] {logging_mixin.py:137} INFO - [2023-05-16T00:51:22.922+0000] {dagbag.py:532} INFO - Filling up the DagBag from /home/airflow/.local/lib/python3.7/site-packages/airflow/example_dags/example_short_circuit_operator.py
[2023-05-16T00:51:23.116+0000] {processor.py:753} INFO - DAG(s) dict_keys(['example_short_circuit_operator']) retrieved from /home/airflow/.local/lib/python3.7/site-packages/airflow/example_dags/example_short_circuit_operator.py
[2023-05-16T00:51:23.373+0000] {logging_mixin.py:137} INFO - [2023-05-16T00:51:23.372+0000] {dag.py:2705} INFO - Sync 1 DAGs
[2023-05-16T00:51:23.591+0000] {logging_mixin.py:137} INFO - [2023-05-16T00:51:23.590+0000] {dag.py:3456} INFO - Setting next_dagrun for example_short_circuit_operator to 2023-05-15T00:51:23.589003+00:00, run_after=2023-05-16T00:51:23.589003+00:00
[2023-05-16T00:51:23.716+0000] {processor.py:175} INFO - Processing /home/airflow/.local/lib/python3.7/site-packages/airflow/example_dags/example_short_circuit_operator.py took 0.962 seconds
[2023-05-16T01:03:10.484+0000] {processor.py:153} INFO - Started process (PID=16918) to work on /home/airflow/.local/lib/python3.7/site-packages/airflow/example_dags/example_short_circuit_operator.py
[2023-05-16T01:03:10.506+0000] {processor.py:743} INFO - Processing file /home/airflow/.local/lib/python3.7/site-packages/airflow/example_dags/example_short_circuit_operator.py for tasks to queue
[2023-05-16T01:03:10.530+0000] {logging_mixin.py:137} INFO - [2023-05-16T01:03:10.529+0000] {dagbag.py:532} INFO - Filling up the DagBag from /home/airflow/.local/lib/python3.7/site-packages/airflow/example_dags/example_short_circuit_operator.py
[2023-05-16T01:03:10.823+0000] {processor.py:753} INFO - DAG(s) dict_keys(['example_short_circuit_operator']) retrieved from /home/airflow/.local/lib/python3.7/site-packages/airflow/example_dags/example_short_circuit_operator.py
[2023-05-16T01:03:11.056+0000] {logging_mixin.py:137} INFO - [2023-05-16T01:03:11.055+0000] {dag.py:2705} INFO - Sync 1 DAGs
[2023-05-16T01:03:11.240+0000] {logging_mixin.py:137} INFO - [2023-05-16T01:03:11.239+0000] {dag.py:3456} INFO - Setting next_dagrun for example_short_circuit_operator to 2023-05-15T01:03:11.238308+00:00, run_after=2023-05-16T01:03:11.238308+00:00
[2023-05-16T01:03:11.361+0000] {processor.py:175} INFO - Processing /home/airflow/.local/lib/python3.7/site-packages/airflow/example_dags/example_short_circuit_operator.py took 0.964 seconds
[2023-05-16T01:04:03.561+0000] {processor.py:153} INFO - Started process (PID=16979) to work on /home/airflow/.local/lib/python3.7/site-packages/airflow/example_dags/example_short_circuit_operator.py
[2023-05-16T01:04:03.593+0000] {processor.py:743} INFO - Processing file /home/airflow/.local/lib/python3.7/site-packages/airflow/example_dags/example_short_circuit_operator.py for tasks to queue
[2023-05-16T01:04:03.649+0000] {logging_mixin.py:137} INFO - [2023-05-16T01:04:03.642+0000] {dagbag.py:532} INFO - Filling up the DagBag from /home/airflow/.local/lib/python3.7/site-packages/airflow/example_dags/example_short_circuit_operator.py
[2023-05-16T01:04:04.073+0000] {processor.py:753} INFO - DAG(s) dict_keys(['example_short_circuit_operator']) retrieved from /home/airflow/.local/lib/python3.7/site-packages/airflow/example_dags/example_short_circuit_operator.py
[2023-05-16T01:04:04.651+0000] {logging_mixin.py:137} INFO - [2023-05-16T01:04:04.650+0000] {dag.py:2705} INFO - Sync 1 DAGs
[2023-05-16T01:04:05.262+0000] {logging_mixin.py:137} INFO - [2023-05-16T01:04:05.261+0000] {dag.py:3456} INFO - Setting next_dagrun for example_short_circuit_operator to 2023-05-15T01:04:05.255399+00:00, run_after=2023-05-16T01:04:05.255399+00:00
[2023-05-16T01:04:06.307+0000] {processor.py:175} INFO - Processing /home/airflow/.local/lib/python3.7/site-packages/airflow/example_dags/example_short_circuit_operator.py took 2.827 seconds
[2023-05-16T01:05:23.213+0000] {processor.py:153} INFO - Started process (PID=17045) to work on /home/airflow/.local/lib/python3.7/site-packages/airflow/example_dags/example_short_circuit_operator.py
[2023-05-16T01:05:23.228+0000] {processor.py:743} INFO - Processing file /home/airflow/.local/lib/python3.7/site-packages/airflow/example_dags/example_short_circuit_operator.py for tasks to queue
[2023-05-16T01:05:23.250+0000] {logging_mixin.py:137} INFO - [2023-05-16T01:05:23.249+0000] {dagbag.py:532} INFO - Filling up the DagBag from /home/airflow/.local/lib/python3.7/site-packages/airflow/example_dags/example_short_circuit_operator.py
[2023-05-16T01:05:23.539+0000] {processor.py:753} INFO - DAG(s) dict_keys(['example_short_circuit_operator']) retrieved from /home/airflow/.local/lib/python3.7/site-packages/airflow/example_dags/example_short_circuit_operator.py
[2023-05-16T01:05:23.785+0000] {logging_mixin.py:137} INFO - [2023-05-16T01:05:23.785+0000] {dag.py:2705} INFO - Sync 1 DAGs
[2023-05-16T01:05:23.944+0000] {logging_mixin.py:137} INFO - [2023-05-16T01:05:23.943+0000] {dag.py:3456} INFO - Setting next_dagrun for example_short_circuit_operator to 2023-05-15T01:05:23.941557+00:00, run_after=2023-05-16T01:05:23.941557+00:00
[2023-05-16T01:05:24.078+0000] {processor.py:175} INFO - Processing /home/airflow/.local/lib/python3.7/site-packages/airflow/example_dags/example_short_circuit_operator.py took 0.892 seconds
[2023-05-16T01:06:23.045+0000] {processor.py:153} INFO - Started process (PID=17106) to work on /home/airflow/.local/lib/python3.7/site-packages/airflow/example_dags/example_short_circuit_operator.py
[2023-05-16T01:06:23.047+0000] {processor.py:743} INFO - Processing file /home/airflow/.local/lib/python3.7/site-packages/airflow/example_dags/example_short_circuit_operator.py for tasks to queue
[2023-05-16T01:06:23.049+0000] {logging_mixin.py:137} INFO - [2023-05-16T01:06:23.049+0000] {dagbag.py:532} INFO - Filling up the DagBag from /home/airflow/.local/lib/python3.7/site-packages/airflow/example_dags/example_short_circuit_operator.py
[2023-05-16T01:06:23.079+0000] {processor.py:753} INFO - DAG(s) dict_keys(['example_short_circuit_operator']) retrieved from /home/airflow/.local/lib/python3.7/site-packages/airflow/example_dags/example_short_circuit_operator.py
[2023-05-16T01:06:23.144+0000] {logging_mixin.py:137} INFO - [2023-05-16T01:06:23.144+0000] {dag.py:2705} INFO - Sync 1 DAGs
[2023-05-16T01:06:23.178+0000] {logging_mixin.py:137} INFO - [2023-05-16T01:06:23.177+0000] {dag.py:3456} INFO - Setting next_dagrun for example_short_circuit_operator to 2023-05-15T01:06:23.177679+00:00, run_after=2023-05-16T01:06:23.177679+00:00
[2023-05-16T01:06:23.204+0000] {processor.py:175} INFO - Processing /home/airflow/.local/lib/python3.7/site-packages/airflow/example_dags/example_short_circuit_operator.py took 0.169 seconds
[2023-05-16T01:09:26.561+0000] {processor.py:153} INFO - Started process (PID=17175) to work on /home/airflow/.local/lib/python3.7/site-packages/airflow/example_dags/example_short_circuit_operator.py
[2023-05-16T01:09:26.584+0000] {processor.py:743} INFO - Processing file /home/airflow/.local/lib/python3.7/site-packages/airflow/example_dags/example_short_circuit_operator.py for tasks to queue
[2023-05-16T01:09:26.608+0000] {logging_mixin.py:137} INFO - [2023-05-16T01:09:26.606+0000] {dagbag.py:532} INFO - Filling up the DagBag from /home/airflow/.local/lib/python3.7/site-packages/airflow/example_dags/example_short_circuit_operator.py
[2023-05-16T01:09:27.420+0000] {processor.py:753} INFO - DAG(s) dict_keys(['example_short_circuit_operator']) retrieved from /home/airflow/.local/lib/python3.7/site-packages/airflow/example_dags/example_short_circuit_operator.py
[2023-05-16T01:09:27.826+0000] {logging_mixin.py:137} INFO - [2023-05-16T01:09:27.825+0000] {dag.py:2705} INFO - Sync 1 DAGs
[2023-05-16T01:09:28.149+0000] {logging_mixin.py:137} INFO - [2023-05-16T01:09:28.148+0000] {dag.py:3456} INFO - Setting next_dagrun for example_short_circuit_operator to 2023-05-15T01:09:28.147134+00:00, run_after=2023-05-16T01:09:28.147134+00:00
[2023-05-16T01:09:28.371+0000] {processor.py:175} INFO - Processing /home/airflow/.local/lib/python3.7/site-packages/airflow/example_dags/example_short_circuit_operator.py took 1.881 seconds
[2023-05-16T01:11:20.875+0000] {processor.py:153} INFO - Started process (PID=17241) to work on /home/airflow/.local/lib/python3.7/site-packages/airflow/example_dags/example_short_circuit_operator.py
[2023-05-16T01:11:20.886+0000] {processor.py:743} INFO - Processing file /home/airflow/.local/lib/python3.7/site-packages/airflow/example_dags/example_short_circuit_operator.py for tasks to queue
[2023-05-16T01:11:20.897+0000] {logging_mixin.py:137} INFO - [2023-05-16T01:11:20.897+0000] {dagbag.py:532} INFO - Filling up the DagBag from /home/airflow/.local/lib/python3.7/site-packages/airflow/example_dags/example_short_circuit_operator.py
[2023-05-16T01:11:21.629+0000] {processor.py:753} INFO - DAG(s) dict_keys(['example_short_circuit_operator']) retrieved from /home/airflow/.local/lib/python3.7/site-packages/airflow/example_dags/example_short_circuit_operator.py
[2023-05-16T01:11:22.088+0000] {logging_mixin.py:137} INFO - [2023-05-16T01:11:22.088+0000] {dag.py:2705} INFO - Sync 1 DAGs
[2023-05-16T01:11:22.714+0000] {logging_mixin.py:137} INFO - [2023-05-16T01:11:22.713+0000] {dag.py:3456} INFO - Setting next_dagrun for example_short_circuit_operator to 2023-05-15T01:11:22.713598+00:00, run_after=2023-05-16T01:11:22.713598+00:00
[2023-05-16T01:11:22.947+0000] {processor.py:175} INFO - Processing /home/airflow/.local/lib/python3.7/site-packages/airflow/example_dags/example_short_circuit_operator.py took 2.108 seconds
[2023-05-16T01:11:53.078+0000] {processor.py:153} INFO - Started process (PID=17292) to work on /home/airflow/.local/lib/python3.7/site-packages/airflow/example_dags/example_short_circuit_operator.py
[2023-05-16T01:11:53.080+0000] {processor.py:743} INFO - Processing file /home/airflow/.local/lib/python3.7/site-packages/airflow/example_dags/example_short_circuit_operator.py for tasks to queue
[2023-05-16T01:11:53.082+0000] {logging_mixin.py:137} INFO - [2023-05-16T01:11:53.081+0000] {dagbag.py:532} INFO - Filling up the DagBag from /home/airflow/.local/lib/python3.7/site-packages/airflow/example_dags/example_short_circuit_operator.py
[2023-05-16T01:11:53.107+0000] {processor.py:753} INFO - DAG(s) dict_keys(['example_short_circuit_operator']) retrieved from /home/airflow/.local/lib/python3.7/site-packages/airflow/example_dags/example_short_circuit_operator.py
[2023-05-16T01:11:53.151+0000] {logging_mixin.py:137} INFO - [2023-05-16T01:11:53.150+0000] {dag.py:2705} INFO - Sync 1 DAGs
[2023-05-16T01:11:53.187+0000] {logging_mixin.py:137} INFO - [2023-05-16T01:11:53.187+0000] {dag.py:3456} INFO - Setting next_dagrun for example_short_circuit_operator to 2023-05-15T01:11:53.187116+00:00, run_after=2023-05-16T01:11:53.187116+00:00
[2023-05-16T01:11:53.217+0000] {processor.py:175} INFO - Processing /home/airflow/.local/lib/python3.7/site-packages/airflow/example_dags/example_short_circuit_operator.py took 0.146 seconds
[2023-05-16T01:12:23.313+0000] {processor.py:153} INFO - Started process (PID=17344) to work on /home/airflow/.local/lib/python3.7/site-packages/airflow/example_dags/example_short_circuit_operator.py
[2023-05-16T01:12:23.315+0000] {processor.py:743} INFO - Processing file /home/airflow/.local/lib/python3.7/site-packages/airflow/example_dags/example_short_circuit_operator.py for tasks to queue
[2023-05-16T01:12:23.317+0000] {logging_mixin.py:137} INFO - [2023-05-16T01:12:23.317+0000] {dagbag.py:532} INFO - Filling up the DagBag from /home/airflow/.local/lib/python3.7/site-packages/airflow/example_dags/example_short_circuit_operator.py
[2023-05-16T01:12:23.339+0000] {processor.py:753} INFO - DAG(s) dict_keys(['example_short_circuit_operator']) retrieved from /home/airflow/.local/lib/python3.7/site-packages/airflow/example_dags/example_short_circuit_operator.py
[2023-05-16T01:12:23.375+0000] {logging_mixin.py:137} INFO - [2023-05-16T01:12:23.375+0000] {dag.py:2705} INFO - Sync 1 DAGs
[2023-05-16T01:12:23.406+0000] {logging_mixin.py:137} INFO - [2023-05-16T01:12:23.406+0000] {dag.py:3456} INFO - Setting next_dagrun for example_short_circuit_operator to 2023-05-15T01:12:23.406333+00:00, run_after=2023-05-16T01:12:23.406333+00:00
[2023-05-16T01:12:23.429+0000] {processor.py:175} INFO - Processing /home/airflow/.local/lib/python3.7/site-packages/airflow/example_dags/example_short_circuit_operator.py took 0.121 seconds
[2023-05-16T01:12:53.729+0000] {processor.py:153} INFO - Started process (PID=17396) to work on /home/airflow/.local/lib/python3.7/site-packages/airflow/example_dags/example_short_circuit_operator.py
[2023-05-16T01:12:53.737+0000] {processor.py:743} INFO - Processing file /home/airflow/.local/lib/python3.7/site-packages/airflow/example_dags/example_short_circuit_operator.py for tasks to queue
[2023-05-16T01:12:53.739+0000] {logging_mixin.py:137} INFO - [2023-05-16T01:12:53.738+0000] {dagbag.py:532} INFO - Filling up the DagBag from /home/airflow/.local/lib/python3.7/site-packages/airflow/example_dags/example_short_circuit_operator.py
[2023-05-16T01:12:53.799+0000] {processor.py:753} INFO - DAG(s) dict_keys(['example_short_circuit_operator']) retrieved from /home/airflow/.local/lib/python3.7/site-packages/airflow/example_dags/example_short_circuit_operator.py
[2023-05-16T01:12:53.870+0000] {logging_mixin.py:137} INFO - [2023-05-16T01:12:53.870+0000] {dag.py:2705} INFO - Sync 1 DAGs
[2023-05-16T01:12:53.912+0000] {logging_mixin.py:137} INFO - [2023-05-16T01:12:53.912+0000] {dag.py:3456} INFO - Setting next_dagrun for example_short_circuit_operator to 2023-05-15T01:12:53.911547+00:00, run_after=2023-05-16T01:12:53.911547+00:00
[2023-05-16T01:12:53.943+0000] {processor.py:175} INFO - Processing /home/airflow/.local/lib/python3.7/site-packages/airflow/example_dags/example_short_circuit_operator.py took 0.218 seconds
[2023-05-16T01:13:24.517+0000] {processor.py:153} INFO - Started process (PID=17448) to work on /home/airflow/.local/lib/python3.7/site-packages/airflow/example_dags/example_short_circuit_operator.py
[2023-05-16T01:13:24.519+0000] {processor.py:743} INFO - Processing file /home/airflow/.local/lib/python3.7/site-packages/airflow/example_dags/example_short_circuit_operator.py for tasks to queue
[2023-05-16T01:13:24.521+0000] {logging_mixin.py:137} INFO - [2023-05-16T01:13:24.521+0000] {dagbag.py:532} INFO - Filling up the DagBag from /home/airflow/.local/lib/python3.7/site-packages/airflow/example_dags/example_short_circuit_operator.py
[2023-05-16T01:13:24.547+0000] {processor.py:753} INFO - DAG(s) dict_keys(['example_short_circuit_operator']) retrieved from /home/airflow/.local/lib/python3.7/site-packages/airflow/example_dags/example_short_circuit_operator.py
[2023-05-16T01:13:24.591+0000] {logging_mixin.py:137} INFO - [2023-05-16T01:13:24.591+0000] {dag.py:2705} INFO - Sync 1 DAGs
[2023-05-16T01:13:24.625+0000] {logging_mixin.py:137} INFO - [2023-05-16T01:13:24.625+0000] {dag.py:3456} INFO - Setting next_dagrun for example_short_circuit_operator to 2023-05-15T01:13:24.625203+00:00, run_after=2023-05-16T01:13:24.625203+00:00
[2023-05-16T01:13:24.653+0000] {processor.py:175} INFO - Processing /home/airflow/.local/lib/python3.7/site-packages/airflow/example_dags/example_short_circuit_operator.py took 0.143 seconds
[2023-05-16T01:13:54.930+0000] {processor.py:153} INFO - Started process (PID=17500) to work on /home/airflow/.local/lib/python3.7/site-packages/airflow/example_dags/example_short_circuit_operator.py
[2023-05-16T01:13:54.933+0000] {processor.py:743} INFO - Processing file /home/airflow/.local/lib/python3.7/site-packages/airflow/example_dags/example_short_circuit_operator.py for tasks to queue
[2023-05-16T01:13:54.935+0000] {logging_mixin.py:137} INFO - [2023-05-16T01:13:54.935+0000] {dagbag.py:532} INFO - Filling up the DagBag from /home/airflow/.local/lib/python3.7/site-packages/airflow/example_dags/example_short_circuit_operator.py
[2023-05-16T01:13:54.961+0000] {processor.py:753} INFO - DAG(s) dict_keys(['example_short_circuit_operator']) retrieved from /home/airflow/.local/lib/python3.7/site-packages/airflow/example_dags/example_short_circuit_operator.py
[2023-05-16T01:13:55.008+0000] {logging_mixin.py:137} INFO - [2023-05-16T01:13:55.008+0000] {dag.py:2705} INFO - Sync 1 DAGs
[2023-05-16T01:13:55.050+0000] {logging_mixin.py:137} INFO - [2023-05-16T01:13:55.050+0000] {dag.py:3456} INFO - Setting next_dagrun for example_short_circuit_operator to 2023-05-15T01:13:55.049963+00:00, run_after=2023-05-16T01:13:55.049963+00:00
[2023-05-16T01:13:55.775+0000] {processor.py:175} INFO - Processing /home/airflow/.local/lib/python3.7/site-packages/airflow/example_dags/example_short_circuit_operator.py took 0.851 seconds
[2023-05-16T01:14:26.654+0000] {processor.py:153} INFO - Started process (PID=17552) to work on /home/airflow/.local/lib/python3.7/site-packages/airflow/example_dags/example_short_circuit_operator.py
[2023-05-16T01:14:26.656+0000] {processor.py:743} INFO - Processing file /home/airflow/.local/lib/python3.7/site-packages/airflow/example_dags/example_short_circuit_operator.py for tasks to queue
[2023-05-16T01:14:26.659+0000] {logging_mixin.py:137} INFO - [2023-05-16T01:14:26.658+0000] {dagbag.py:532} INFO - Filling up the DagBag from /home/airflow/.local/lib/python3.7/site-packages/airflow/example_dags/example_short_circuit_operator.py
[2023-05-16T01:14:26.689+0000] {processor.py:753} INFO - DAG(s) dict_keys(['example_short_circuit_operator']) retrieved from /home/airflow/.local/lib/python3.7/site-packages/airflow/example_dags/example_short_circuit_operator.py
[2023-05-16T01:14:26.748+0000] {logging_mixin.py:137} INFO - [2023-05-16T01:14:26.747+0000] {dag.py:2705} INFO - Sync 1 DAGs
[2023-05-16T01:14:26.783+0000] {logging_mixin.py:137} INFO - [2023-05-16T01:14:26.783+0000] {dag.py:3456} INFO - Setting next_dagrun for example_short_circuit_operator to 2023-05-15T01:14:26.782919+00:00, run_after=2023-05-16T01:14:26.782919+00:00
[2023-05-16T01:14:26.812+0000] {processor.py:175} INFO - Processing /home/airflow/.local/lib/python3.7/site-packages/airflow/example_dags/example_short_circuit_operator.py took 0.171 seconds
[2023-05-16T01:14:57.141+0000] {processor.py:153} INFO - Started process (PID=17605) to work on /home/airflow/.local/lib/python3.7/site-packages/airflow/example_dags/example_short_circuit_operator.py
[2023-05-16T01:14:57.146+0000] {processor.py:743} INFO - Processing file /home/airflow/.local/lib/python3.7/site-packages/airflow/example_dags/example_short_circuit_operator.py for tasks to queue
[2023-05-16T01:14:57.149+0000] {logging_mixin.py:137} INFO - [2023-05-16T01:14:57.149+0000] {dagbag.py:532} INFO - Filling up the DagBag from /home/airflow/.local/lib/python3.7/site-packages/airflow/example_dags/example_short_circuit_operator.py
[2023-05-16T01:14:57.181+0000] {processor.py:753} INFO - DAG(s) dict_keys(['example_short_circuit_operator']) retrieved from /home/airflow/.local/lib/python3.7/site-packages/airflow/example_dags/example_short_circuit_operator.py
[2023-05-16T01:14:57.224+0000] {logging_mixin.py:137} INFO - [2023-05-16T01:14:57.224+0000] {dag.py:2705} INFO - Sync 1 DAGs
[2023-05-16T01:14:57.266+0000] {logging_mixin.py:137} INFO - [2023-05-16T01:14:57.266+0000] {dag.py:3456} INFO - Setting next_dagrun for example_short_circuit_operator to 2023-05-15T01:14:57.266196+00:00, run_after=2023-05-16T01:14:57.266196+00:00
[2023-05-16T01:14:57.298+0000] {processor.py:175} INFO - Processing /home/airflow/.local/lib/python3.7/site-packages/airflow/example_dags/example_short_circuit_operator.py took 0.162 seconds
[2023-05-16T01:15:27.731+0000] {processor.py:153} INFO - Started process (PID=17657) to work on /home/airflow/.local/lib/python3.7/site-packages/airflow/example_dags/example_short_circuit_operator.py
[2023-05-16T01:15:27.734+0000] {processor.py:743} INFO - Processing file /home/airflow/.local/lib/python3.7/site-packages/airflow/example_dags/example_short_circuit_operator.py for tasks to queue
[2023-05-16T01:15:27.737+0000] {logging_mixin.py:137} INFO - [2023-05-16T01:15:27.737+0000] {dagbag.py:532} INFO - Filling up the DagBag from /home/airflow/.local/lib/python3.7/site-packages/airflow/example_dags/example_short_circuit_operator.py
[2023-05-16T01:15:27.769+0000] {processor.py:753} INFO - DAG(s) dict_keys(['example_short_circuit_operator']) retrieved from /home/airflow/.local/lib/python3.7/site-packages/airflow/example_dags/example_short_circuit_operator.py
[2023-05-16T01:15:27.831+0000] {logging_mixin.py:137} INFO - [2023-05-16T01:15:27.830+0000] {dag.py:2705} INFO - Sync 1 DAGs
[2023-05-16T01:15:27.878+0000] {logging_mixin.py:137} INFO - [2023-05-16T01:15:27.878+0000] {dag.py:3456} INFO - Setting next_dagrun for example_short_circuit_operator to 2023-05-15T01:15:27.877632+00:00, run_after=2023-05-16T01:15:27.877632+00:00
[2023-05-16T01:15:27.914+0000] {processor.py:175} INFO - Processing /home/airflow/.local/lib/python3.7/site-packages/airflow/example_dags/example_short_circuit_operator.py took 0.194 seconds
[2023-05-16T01:15:58.091+0000] {processor.py:153} INFO - Started process (PID=17709) to work on /home/airflow/.local/lib/python3.7/site-packages/airflow/example_dags/example_short_circuit_operator.py
[2023-05-16T01:15:58.093+0000] {processor.py:743} INFO - Processing file /home/airflow/.local/lib/python3.7/site-packages/airflow/example_dags/example_short_circuit_operator.py for tasks to queue
[2023-05-16T01:15:58.097+0000] {logging_mixin.py:137} INFO - [2023-05-16T01:15:58.096+0000] {dagbag.py:532} INFO - Filling up the DagBag from /home/airflow/.local/lib/python3.7/site-packages/airflow/example_dags/example_short_circuit_operator.py
[2023-05-16T01:15:58.133+0000] {processor.py:753} INFO - DAG(s) dict_keys(['example_short_circuit_operator']) retrieved from /home/airflow/.local/lib/python3.7/site-packages/airflow/example_dags/example_short_circuit_operator.py
[2023-05-16T01:15:58.197+0000] {logging_mixin.py:137} INFO - [2023-05-16T01:15:58.197+0000] {dag.py:2705} INFO - Sync 1 DAGs
[2023-05-16T01:15:58.250+0000] {logging_mixin.py:137} INFO - [2023-05-16T01:15:58.250+0000] {dag.py:3456} INFO - Setting next_dagrun for example_short_circuit_operator to 2023-05-15T01:15:58.250204+00:00, run_after=2023-05-16T01:15:58.250204+00:00
[2023-05-16T01:15:58.285+0000] {processor.py:175} INFO - Processing /home/airflow/.local/lib/python3.7/site-packages/airflow/example_dags/example_short_circuit_operator.py took 0.204 seconds
[2023-05-16T01:16:28.685+0000] {processor.py:153} INFO - Started process (PID=17761) to work on /home/airflow/.local/lib/python3.7/site-packages/airflow/example_dags/example_short_circuit_operator.py
[2023-05-16T01:16:28.689+0000] {processor.py:743} INFO - Processing file /home/airflow/.local/lib/python3.7/site-packages/airflow/example_dags/example_short_circuit_operator.py for tasks to queue
[2023-05-16T01:16:28.695+0000] {logging_mixin.py:137} INFO - [2023-05-16T01:16:28.693+0000] {dagbag.py:532} INFO - Filling up the DagBag from /home/airflow/.local/lib/python3.7/site-packages/airflow/example_dags/example_short_circuit_operator.py
[2023-05-16T01:16:28.793+0000] {processor.py:753} INFO - DAG(s) dict_keys(['example_short_circuit_operator']) retrieved from /home/airflow/.local/lib/python3.7/site-packages/airflow/example_dags/example_short_circuit_operator.py
[2023-05-16T01:16:28.897+0000] {logging_mixin.py:137} INFO - [2023-05-16T01:16:28.897+0000] {dag.py:2705} INFO - Sync 1 DAGs
[2023-05-16T01:16:28.963+0000] {logging_mixin.py:137} INFO - [2023-05-16T01:16:28.963+0000] {dag.py:3456} INFO - Setting next_dagrun for example_short_circuit_operator to 2023-05-15T01:16:28.963081+00:00, run_after=2023-05-16T01:16:28.963081+00:00
[2023-05-16T01:16:29.029+0000] {processor.py:175} INFO - Processing /home/airflow/.local/lib/python3.7/site-packages/airflow/example_dags/example_short_circuit_operator.py took 0.375 seconds
[2023-05-16T01:16:59.096+0000] {processor.py:153} INFO - Started process (PID=17813) to work on /home/airflow/.local/lib/python3.7/site-packages/airflow/example_dags/example_short_circuit_operator.py
[2023-05-16T01:16:59.098+0000] {processor.py:743} INFO - Processing file /home/airflow/.local/lib/python3.7/site-packages/airflow/example_dags/example_short_circuit_operator.py for tasks to queue
[2023-05-16T01:16:59.101+0000] {logging_mixin.py:137} INFO - [2023-05-16T01:16:59.101+0000] {dagbag.py:532} INFO - Filling up the DagBag from /home/airflow/.local/lib/python3.7/site-packages/airflow/example_dags/example_short_circuit_operator.py
[2023-05-16T01:16:59.131+0000] {processor.py:753} INFO - DAG(s) dict_keys(['example_short_circuit_operator']) retrieved from /home/airflow/.local/lib/python3.7/site-packages/airflow/example_dags/example_short_circuit_operator.py
[2023-05-16T01:16:59.177+0000] {logging_mixin.py:137} INFO - [2023-05-16T01:16:59.177+0000] {dag.py:2705} INFO - Sync 1 DAGs
[2023-05-16T01:16:59.218+0000] {logging_mixin.py:137} INFO - [2023-05-16T01:16:59.218+0000] {dag.py:3456} INFO - Setting next_dagrun for example_short_circuit_operator to 2023-05-15T01:16:59.217866+00:00, run_after=2023-05-16T01:16:59.217866+00:00
[2023-05-16T01:16:59.248+0000] {processor.py:175} INFO - Processing /home/airflow/.local/lib/python3.7/site-packages/airflow/example_dags/example_short_circuit_operator.py took 0.161 seconds
[2023-05-16T01:17:29.577+0000] {processor.py:153} INFO - Started process (PID=17866) to work on /home/airflow/.local/lib/python3.7/site-packages/airflow/example_dags/example_short_circuit_operator.py
[2023-05-16T01:17:29.580+0000] {processor.py:743} INFO - Processing file /home/airflow/.local/lib/python3.7/site-packages/airflow/example_dags/example_short_circuit_operator.py for tasks to queue
[2023-05-16T01:17:29.583+0000] {logging_mixin.py:137} INFO - [2023-05-16T01:17:29.582+0000] {dagbag.py:532} INFO - Filling up the DagBag from /home/airflow/.local/lib/python3.7/site-packages/airflow/example_dags/example_short_circuit_operator.py
[2023-05-16T01:17:29.612+0000] {processor.py:753} INFO - DAG(s) dict_keys(['example_short_circuit_operator']) retrieved from /home/airflow/.local/lib/python3.7/site-packages/airflow/example_dags/example_short_circuit_operator.py
[2023-05-16T01:17:29.659+0000] {logging_mixin.py:137} INFO - [2023-05-16T01:17:29.659+0000] {dag.py:2705} INFO - Sync 1 DAGs
[2023-05-16T01:17:29.704+0000] {logging_mixin.py:137} INFO - [2023-05-16T01:17:29.704+0000] {dag.py:3456} INFO - Setting next_dagrun for example_short_circuit_operator to 2023-05-15T01:17:29.703798+00:00, run_after=2023-05-16T01:17:29.703798+00:00
[2023-05-16T01:17:29.734+0000] {processor.py:175} INFO - Processing /home/airflow/.local/lib/python3.7/site-packages/airflow/example_dags/example_short_circuit_operator.py took 0.168 seconds
[2023-05-16T01:17:59.981+0000] {processor.py:153} INFO - Started process (PID=17918) to work on /home/airflow/.local/lib/python3.7/site-packages/airflow/example_dags/example_short_circuit_operator.py
[2023-05-16T01:17:59.987+0000] {processor.py:743} INFO - Processing file /home/airflow/.local/lib/python3.7/site-packages/airflow/example_dags/example_short_circuit_operator.py for tasks to queue
[2023-05-16T01:17:59.989+0000] {logging_mixin.py:137} INFO - [2023-05-16T01:17:59.989+0000] {dagbag.py:532} INFO - Filling up the DagBag from /home/airflow/.local/lib/python3.7/site-packages/airflow/example_dags/example_short_circuit_operator.py
[2023-05-16T01:18:00.020+0000] {processor.py:753} INFO - DAG(s) dict_keys(['example_short_circuit_operator']) retrieved from /home/airflow/.local/lib/python3.7/site-packages/airflow/example_dags/example_short_circuit_operator.py
[2023-05-16T01:18:00.118+0000] {logging_mixin.py:137} INFO - [2023-05-16T01:18:00.118+0000] {dag.py:2705} INFO - Sync 1 DAGs
[2023-05-16T01:18:00.213+0000] {logging_mixin.py:137} INFO - [2023-05-16T01:18:00.213+0000] {dag.py:3456} INFO - Setting next_dagrun for example_short_circuit_operator to 2023-05-15T01:18:00.212900+00:00, run_after=2023-05-16T01:18:00.212900+00:00
[2023-05-16T01:18:00.272+0000] {processor.py:175} INFO - Processing /home/airflow/.local/lib/python3.7/site-packages/airflow/example_dags/example_short_circuit_operator.py took 0.306 seconds
[2023-05-16T01:18:30.696+0000] {processor.py:153} INFO - Started process (PID=17970) to work on /home/airflow/.local/lib/python3.7/site-packages/airflow/example_dags/example_short_circuit_operator.py
[2023-05-16T01:18:30.699+0000] {processor.py:743} INFO - Processing file /home/airflow/.local/lib/python3.7/site-packages/airflow/example_dags/example_short_circuit_operator.py for tasks to queue
[2023-05-16T01:18:30.702+0000] {logging_mixin.py:137} INFO - [2023-05-16T01:18:30.701+0000] {dagbag.py:532} INFO - Filling up the DagBag from /home/airflow/.local/lib/python3.7/site-packages/airflow/example_dags/example_short_circuit_operator.py
[2023-05-16T01:18:30.733+0000] {processor.py:753} INFO - DAG(s) dict_keys(['example_short_circuit_operator']) retrieved from /home/airflow/.local/lib/python3.7/site-packages/airflow/example_dags/example_short_circuit_operator.py
[2023-05-16T01:18:30.785+0000] {logging_mixin.py:137} INFO - [2023-05-16T01:18:30.785+0000] {dag.py:2705} INFO - Sync 1 DAGs
[2023-05-16T01:18:30.856+0000] {logging_mixin.py:137} INFO - [2023-05-16T01:18:30.856+0000] {dag.py:3456} INFO - Setting next_dagrun for example_short_circuit_operator to 2023-05-15T01:18:30.855572+00:00, run_after=2023-05-16T01:18:30.855572+00:00
[2023-05-16T01:18:30.924+0000] {processor.py:175} INFO - Processing /home/airflow/.local/lib/python3.7/site-packages/airflow/example_dags/example_short_circuit_operator.py took 0.241 seconds
[2023-05-16T01:19:01.179+0000] {processor.py:153} INFO - Started process (PID=18023) to work on /home/airflow/.local/lib/python3.7/site-packages/airflow/example_dags/example_short_circuit_operator.py
[2023-05-16T01:19:01.182+0000] {processor.py:743} INFO - Processing file /home/airflow/.local/lib/python3.7/site-packages/airflow/example_dags/example_short_circuit_operator.py for tasks to queue
[2023-05-16T01:19:01.185+0000] {logging_mixin.py:137} INFO - [2023-05-16T01:19:01.185+0000] {dagbag.py:532} INFO - Filling up the DagBag from /home/airflow/.local/lib/python3.7/site-packages/airflow/example_dags/example_short_circuit_operator.py
[2023-05-16T01:19:01.251+0000] {processor.py:753} INFO - DAG(s) dict_keys(['example_short_circuit_operator']) retrieved from /home/airflow/.local/lib/python3.7/site-packages/airflow/example_dags/example_short_circuit_operator.py
[2023-05-16T01:19:01.364+0000] {logging_mixin.py:137} INFO - [2023-05-16T01:19:01.364+0000] {dag.py:2705} INFO - Sync 1 DAGs
[2023-05-16T01:19:01.448+0000] {logging_mixin.py:137} INFO - [2023-05-16T01:19:01.448+0000] {dag.py:3456} INFO - Setting next_dagrun for example_short_circuit_operator to 2023-05-15T01:19:01.447121+00:00, run_after=2023-05-16T01:19:01.447121+00:00
[2023-05-16T01:19:01.488+0000] {processor.py:175} INFO - Processing /home/airflow/.local/lib/python3.7/site-packages/airflow/example_dags/example_short_circuit_operator.py took 0.321 seconds
[2023-05-16T01:19:31.636+0000] {processor.py:153} INFO - Started process (PID=18075) to work on /home/airflow/.local/lib/python3.7/site-packages/airflow/example_dags/example_short_circuit_operator.py
[2023-05-16T01:19:31.642+0000] {processor.py:743} INFO - Processing file /home/airflow/.local/lib/python3.7/site-packages/airflow/example_dags/example_short_circuit_operator.py for tasks to queue
[2023-05-16T01:19:31.648+0000] {logging_mixin.py:137} INFO - [2023-05-16T01:19:31.646+0000] {dagbag.py:532} INFO - Filling up the DagBag from /home/airflow/.local/lib/python3.7/site-packages/airflow/example_dags/example_short_circuit_operator.py
[2023-05-16T01:19:31.708+0000] {processor.py:753} INFO - DAG(s) dict_keys(['example_short_circuit_operator']) retrieved from /home/airflow/.local/lib/python3.7/site-packages/airflow/example_dags/example_short_circuit_operator.py
[2023-05-16T01:19:31.779+0000] {logging_mixin.py:137} INFO - [2023-05-16T01:19:31.779+0000] {dag.py:2705} INFO - Sync 1 DAGs
[2023-05-16T01:19:31.827+0000] {logging_mixin.py:137} INFO - [2023-05-16T01:19:31.827+0000] {dag.py:3456} INFO - Setting next_dagrun for example_short_circuit_operator to 2023-05-15T01:19:31.827203+00:00, run_after=2023-05-16T01:19:31.827203+00:00
[2023-05-16T01:19:31.858+0000] {processor.py:175} INFO - Processing /home/airflow/.local/lib/python3.7/site-packages/airflow/example_dags/example_short_circuit_operator.py took 0.229 seconds
[2023-05-16T01:20:02.257+0000] {processor.py:153} INFO - Started process (PID=18126) to work on /home/airflow/.local/lib/python3.7/site-packages/airflow/example_dags/example_short_circuit_operator.py
[2023-05-16T01:20:02.261+0000] {processor.py:743} INFO - Processing file /home/airflow/.local/lib/python3.7/site-packages/airflow/example_dags/example_short_circuit_operator.py for tasks to queue
[2023-05-16T01:20:02.263+0000] {logging_mixin.py:137} INFO - [2023-05-16T01:20:02.263+0000] {dagbag.py:532} INFO - Filling up the DagBag from /home/airflow/.local/lib/python3.7/site-packages/airflow/example_dags/example_short_circuit_operator.py
[2023-05-16T01:20:02.301+0000] {processor.py:753} INFO - DAG(s) dict_keys(['example_short_circuit_operator']) retrieved from /home/airflow/.local/lib/python3.7/site-packages/airflow/example_dags/example_short_circuit_operator.py
[2023-05-16T01:20:02.347+0000] {logging_mixin.py:137} INFO - [2023-05-16T01:20:02.347+0000] {dag.py:2705} INFO - Sync 1 DAGs
[2023-05-16T01:20:02.381+0000] {logging_mixin.py:137} INFO - [2023-05-16T01:20:02.381+0000] {dag.py:3456} INFO - Setting next_dagrun for example_short_circuit_operator to 2023-05-15T01:20:02.381343+00:00, run_after=2023-05-16T01:20:02.381343+00:00
[2023-05-16T01:20:02.416+0000] {processor.py:175} INFO - Processing /home/airflow/.local/lib/python3.7/site-packages/airflow/example_dags/example_short_circuit_operator.py took 0.166 seconds
[2023-05-16T01:20:32.678+0000] {processor.py:153} INFO - Started process (PID=18178) to work on /home/airflow/.local/lib/python3.7/site-packages/airflow/example_dags/example_short_circuit_operator.py
[2023-05-16T01:20:32.681+0000] {processor.py:743} INFO - Processing file /home/airflow/.local/lib/python3.7/site-packages/airflow/example_dags/example_short_circuit_operator.py for tasks to queue
[2023-05-16T01:20:32.684+0000] {logging_mixin.py:137} INFO - [2023-05-16T01:20:32.683+0000] {dagbag.py:532} INFO - Filling up the DagBag from /home/airflow/.local/lib/python3.7/site-packages/airflow/example_dags/example_short_circuit_operator.py
[2023-05-16T01:20:32.762+0000] {processor.py:753} INFO - DAG(s) dict_keys(['example_short_circuit_operator']) retrieved from /home/airflow/.local/lib/python3.7/site-packages/airflow/example_dags/example_short_circuit_operator.py
[2023-05-16T01:20:32.848+0000] {logging_mixin.py:137} INFO - [2023-05-16T01:20:32.848+0000] {dag.py:2705} INFO - Sync 1 DAGs
[2023-05-16T01:20:32.903+0000] {logging_mixin.py:137} INFO - [2023-05-16T01:20:32.902+0000] {dag.py:3456} INFO - Setting next_dagrun for example_short_circuit_operator to 2023-05-15T01:20:32.902504+00:00, run_after=2023-05-16T01:20:32.902504+00:00
[2023-05-16T01:20:32.932+0000] {processor.py:175} INFO - Processing /home/airflow/.local/lib/python3.7/site-packages/airflow/example_dags/example_short_circuit_operator.py took 0.267 seconds
[2023-05-16T01:21:02.997+0000] {processor.py:153} INFO - Started process (PID=18229) to work on /home/airflow/.local/lib/python3.7/site-packages/airflow/example_dags/example_short_circuit_operator.py
[2023-05-16T01:21:03.003+0000] {processor.py:743} INFO - Processing file /home/airflow/.local/lib/python3.7/site-packages/airflow/example_dags/example_short_circuit_operator.py for tasks to queue
[2023-05-16T01:21:03.006+0000] {logging_mixin.py:137} INFO - [2023-05-16T01:21:03.005+0000] {dagbag.py:532} INFO - Filling up the DagBag from /home/airflow/.local/lib/python3.7/site-packages/airflow/example_dags/example_short_circuit_operator.py
[2023-05-16T01:21:03.055+0000] {processor.py:753} INFO - DAG(s) dict_keys(['example_short_circuit_operator']) retrieved from /home/airflow/.local/lib/python3.7/site-packages/airflow/example_dags/example_short_circuit_operator.py
[2023-05-16T01:21:03.109+0000] {logging_mixin.py:137} INFO - [2023-05-16T01:21:03.109+0000] {dag.py:2705} INFO - Sync 1 DAGs
[2023-05-16T01:21:03.153+0000] {logging_mixin.py:137} INFO - [2023-05-16T01:21:03.153+0000] {dag.py:3456} INFO - Setting next_dagrun for example_short_circuit_operator to 2023-05-15T01:21:03.152594+00:00, run_after=2023-05-16T01:21:03.152594+00:00
[2023-05-16T01:21:03.198+0000] {processor.py:175} INFO - Processing /home/airflow/.local/lib/python3.7/site-packages/airflow/example_dags/example_short_circuit_operator.py took 0.214 seconds
[2023-05-16T01:21:33.560+0000] {processor.py:153} INFO - Started process (PID=18281) to work on /home/airflow/.local/lib/python3.7/site-packages/airflow/example_dags/example_short_circuit_operator.py
[2023-05-16T01:21:33.577+0000] {processor.py:743} INFO - Processing file /home/airflow/.local/lib/python3.7/site-packages/airflow/example_dags/example_short_circuit_operator.py for tasks to queue
[2023-05-16T01:21:33.582+0000] {logging_mixin.py:137} INFO - [2023-05-16T01:21:33.581+0000] {dagbag.py:532} INFO - Filling up the DagBag from /home/airflow/.local/lib/python3.7/site-packages/airflow/example_dags/example_short_circuit_operator.py
[2023-05-16T01:21:33.639+0000] {processor.py:753} INFO - DAG(s) dict_keys(['example_short_circuit_operator']) retrieved from /home/airflow/.local/lib/python3.7/site-packages/airflow/example_dags/example_short_circuit_operator.py
[2023-05-16T01:21:33.770+0000] {logging_mixin.py:137} INFO - [2023-05-16T01:21:33.770+0000] {dag.py:2705} INFO - Sync 1 DAGs
[2023-05-16T01:21:33.820+0000] {logging_mixin.py:137} INFO - [2023-05-16T01:21:33.820+0000] {dag.py:3456} INFO - Setting next_dagrun for example_short_circuit_operator to 2023-05-15T01:21:33.819835+00:00, run_after=2023-05-16T01:21:33.819835+00:00
[2023-05-16T01:21:33.848+0000] {processor.py:175} INFO - Processing /home/airflow/.local/lib/python3.7/site-packages/airflow/example_dags/example_short_circuit_operator.py took 0.309 seconds
[2023-05-16T01:22:04.005+0000] {processor.py:153} INFO - Started process (PID=18334) to work on /home/airflow/.local/lib/python3.7/site-packages/airflow/example_dags/example_short_circuit_operator.py
[2023-05-16T01:22:04.008+0000] {processor.py:743} INFO - Processing file /home/airflow/.local/lib/python3.7/site-packages/airflow/example_dags/example_short_circuit_operator.py for tasks to queue
[2023-05-16T01:22:04.011+0000] {logging_mixin.py:137} INFO - [2023-05-16T01:22:04.010+0000] {dagbag.py:532} INFO - Filling up the DagBag from /home/airflow/.local/lib/python3.7/site-packages/airflow/example_dags/example_short_circuit_operator.py
[2023-05-16T01:22:04.048+0000] {processor.py:753} INFO - DAG(s) dict_keys(['example_short_circuit_operator']) retrieved from /home/airflow/.local/lib/python3.7/site-packages/airflow/example_dags/example_short_circuit_operator.py
[2023-05-16T01:22:04.104+0000] {logging_mixin.py:137} INFO - [2023-05-16T01:22:04.103+0000] {dag.py:2705} INFO - Sync 1 DAGs
[2023-05-16T01:22:04.165+0000] {logging_mixin.py:137} INFO - [2023-05-16T01:22:04.165+0000] {dag.py:3456} INFO - Setting next_dagrun for example_short_circuit_operator to 2023-05-15T01:22:04.165275+00:00, run_after=2023-05-16T01:22:04.165275+00:00
[2023-05-16T01:22:04.195+0000] {processor.py:175} INFO - Processing /home/airflow/.local/lib/python3.7/site-packages/airflow/example_dags/example_short_circuit_operator.py took 0.196 seconds
[2023-05-16T01:22:34.326+0000] {processor.py:153} INFO - Started process (PID=18386) to work on /home/airflow/.local/lib/python3.7/site-packages/airflow/example_dags/example_short_circuit_operator.py
[2023-05-16T01:22:34.334+0000] {processor.py:743} INFO - Processing file /home/airflow/.local/lib/python3.7/site-packages/airflow/example_dags/example_short_circuit_operator.py for tasks to queue
[2023-05-16T01:22:34.336+0000] {logging_mixin.py:137} INFO - [2023-05-16T01:22:34.336+0000] {dagbag.py:532} INFO - Filling up the DagBag from /home/airflow/.local/lib/python3.7/site-packages/airflow/example_dags/example_short_circuit_operator.py
[2023-05-16T01:22:34.402+0000] {processor.py:753} INFO - DAG(s) dict_keys(['example_short_circuit_operator']) retrieved from /home/airflow/.local/lib/python3.7/site-packages/airflow/example_dags/example_short_circuit_operator.py
[2023-05-16T01:22:34.507+0000] {logging_mixin.py:137} INFO - [2023-05-16T01:22:34.506+0000] {dag.py:2705} INFO - Sync 1 DAGs
[2023-05-16T01:22:34.582+0000] {logging_mixin.py:137} INFO - [2023-05-16T01:22:34.582+0000] {dag.py:3456} INFO - Setting next_dagrun for example_short_circuit_operator to 2023-05-15T01:22:34.582111+00:00, run_after=2023-05-16T01:22:34.582111+00:00
[2023-05-16T01:22:34.644+0000] {processor.py:175} INFO - Processing /home/airflow/.local/lib/python3.7/site-packages/airflow/example_dags/example_short_circuit_operator.py took 0.331 seconds
[2023-05-16T01:23:04.746+0000] {processor.py:153} INFO - Started process (PID=18438) to work on /home/airflow/.local/lib/python3.7/site-packages/airflow/example_dags/example_short_circuit_operator.py
[2023-05-16T01:23:04.748+0000] {processor.py:743} INFO - Processing file /home/airflow/.local/lib/python3.7/site-packages/airflow/example_dags/example_short_circuit_operator.py for tasks to queue
[2023-05-16T01:23:04.751+0000] {logging_mixin.py:137} INFO - [2023-05-16T01:23:04.751+0000] {dagbag.py:532} INFO - Filling up the DagBag from /home/airflow/.local/lib/python3.7/site-packages/airflow/example_dags/example_short_circuit_operator.py
[2023-05-16T01:23:04.786+0000] {processor.py:753} INFO - DAG(s) dict_keys(['example_short_circuit_operator']) retrieved from /home/airflow/.local/lib/python3.7/site-packages/airflow/example_dags/example_short_circuit_operator.py
[2023-05-16T01:23:04.859+0000] {logging_mixin.py:137} INFO - [2023-05-16T01:23:04.859+0000] {dag.py:2705} INFO - Sync 1 DAGs
[2023-05-16T01:23:04.907+0000] {logging_mixin.py:137} INFO - [2023-05-16T01:23:04.906+0000] {dag.py:3456} INFO - Setting next_dagrun for example_short_circuit_operator to 2023-05-15T01:23:04.906523+00:00, run_after=2023-05-16T01:23:04.906523+00:00
[2023-05-16T01:23:04.940+0000] {processor.py:175} INFO - Processing /home/airflow/.local/lib/python3.7/site-packages/airflow/example_dags/example_short_circuit_operator.py took 0.205 seconds
[2023-05-16T01:23:35.302+0000] {processor.py:153} INFO - Started process (PID=18490) to work on /home/airflow/.local/lib/python3.7/site-packages/airflow/example_dags/example_short_circuit_operator.py
[2023-05-16T01:23:35.304+0000] {processor.py:743} INFO - Processing file /home/airflow/.local/lib/python3.7/site-packages/airflow/example_dags/example_short_circuit_operator.py for tasks to queue
[2023-05-16T01:23:35.307+0000] {logging_mixin.py:137} INFO - [2023-05-16T01:23:35.306+0000] {dagbag.py:532} INFO - Filling up the DagBag from /home/airflow/.local/lib/python3.7/site-packages/airflow/example_dags/example_short_circuit_operator.py
[2023-05-16T01:23:35.337+0000] {processor.py:753} INFO - DAG(s) dict_keys(['example_short_circuit_operator']) retrieved from /home/airflow/.local/lib/python3.7/site-packages/airflow/example_dags/example_short_circuit_operator.py
[2023-05-16T01:23:35.392+0000] {logging_mixin.py:137} INFO - [2023-05-16T01:23:35.392+0000] {dag.py:2705} INFO - Sync 1 DAGs
[2023-05-16T01:23:35.430+0000] {logging_mixin.py:137} INFO - [2023-05-16T01:23:35.429+0000] {dag.py:3456} INFO - Setting next_dagrun for example_short_circuit_operator to 2023-05-15T01:23:35.429543+00:00, run_after=2023-05-16T01:23:35.429543+00:00
[2023-05-16T01:23:35.462+0000] {processor.py:175} INFO - Processing /home/airflow/.local/lib/python3.7/site-packages/airflow/example_dags/example_short_circuit_operator.py took 0.172 seconds
[2023-05-16T01:24:05.952+0000] {processor.py:153} INFO - Started process (PID=18542) to work on /home/airflow/.local/lib/python3.7/site-packages/airflow/example_dags/example_short_circuit_operator.py
[2023-05-16T01:24:05.955+0000] {processor.py:743} INFO - Processing file /home/airflow/.local/lib/python3.7/site-packages/airflow/example_dags/example_short_circuit_operator.py for tasks to queue
[2023-05-16T01:24:05.962+0000] {logging_mixin.py:137} INFO - [2023-05-16T01:24:05.961+0000] {dagbag.py:532} INFO - Filling up the DagBag from /home/airflow/.local/lib/python3.7/site-packages/airflow/example_dags/example_short_circuit_operator.py
[2023-05-16T01:24:06.001+0000] {processor.py:753} INFO - DAG(s) dict_keys(['example_short_circuit_operator']) retrieved from /home/airflow/.local/lib/python3.7/site-packages/airflow/example_dags/example_short_circuit_operator.py
[2023-05-16T01:24:06.098+0000] {logging_mixin.py:137} INFO - [2023-05-16T01:24:06.098+0000] {dag.py:2705} INFO - Sync 1 DAGs
[2023-05-16T01:24:06.175+0000] {logging_mixin.py:137} INFO - [2023-05-16T01:24:06.175+0000] {dag.py:3456} INFO - Setting next_dagrun for example_short_circuit_operator to 2023-05-15T01:24:06.174900+00:00, run_after=2023-05-16T01:24:06.174900+00:00
[2023-05-16T01:24:06.234+0000] {processor.py:175} INFO - Processing /home/airflow/.local/lib/python3.7/site-packages/airflow/example_dags/example_short_circuit_operator.py took 0.293 seconds
[2023-05-16T01:24:36.438+0000] {processor.py:153} INFO - Started process (PID=18594) to work on /home/airflow/.local/lib/python3.7/site-packages/airflow/example_dags/example_short_circuit_operator.py
[2023-05-16T01:24:36.447+0000] {processor.py:743} INFO - Processing file /home/airflow/.local/lib/python3.7/site-packages/airflow/example_dags/example_short_circuit_operator.py for tasks to queue
[2023-05-16T01:24:36.451+0000] {logging_mixin.py:137} INFO - [2023-05-16T01:24:36.451+0000] {dagbag.py:532} INFO - Filling up the DagBag from /home/airflow/.local/lib/python3.7/site-packages/airflow/example_dags/example_short_circuit_operator.py
[2023-05-16T01:24:36.544+0000] {processor.py:753} INFO - DAG(s) dict_keys(['example_short_circuit_operator']) retrieved from /home/airflow/.local/lib/python3.7/site-packages/airflow/example_dags/example_short_circuit_operator.py
[2023-05-16T01:24:36.669+0000] {logging_mixin.py:137} INFO - [2023-05-16T01:24:36.668+0000] {dag.py:2705} INFO - Sync 1 DAGs
[2023-05-16T01:24:36.785+0000] {logging_mixin.py:137} INFO - [2023-05-16T01:24:36.785+0000] {dag.py:3456} INFO - Setting next_dagrun for example_short_circuit_operator to 2023-05-15T01:24:36.776682+00:00, run_after=2023-05-16T01:24:36.776682+00:00
[2023-05-16T01:24:36.882+0000] {processor.py:175} INFO - Processing /home/airflow/.local/lib/python3.7/site-packages/airflow/example_dags/example_short_circuit_operator.py took 0.463 seconds
[2023-05-16T01:25:07.020+0000] {processor.py:153} INFO - Started process (PID=18646) to work on /home/airflow/.local/lib/python3.7/site-packages/airflow/example_dags/example_short_circuit_operator.py
[2023-05-16T01:25:07.022+0000] {processor.py:743} INFO - Processing file /home/airflow/.local/lib/python3.7/site-packages/airflow/example_dags/example_short_circuit_operator.py for tasks to queue
[2023-05-16T01:25:07.024+0000] {logging_mixin.py:137} INFO - [2023-05-16T01:25:07.024+0000] {dagbag.py:532} INFO - Filling up the DagBag from /home/airflow/.local/lib/python3.7/site-packages/airflow/example_dags/example_short_circuit_operator.py
[2023-05-16T01:25:07.051+0000] {processor.py:753} INFO - DAG(s) dict_keys(['example_short_circuit_operator']) retrieved from /home/airflow/.local/lib/python3.7/site-packages/airflow/example_dags/example_short_circuit_operator.py
[2023-05-16T01:25:07.094+0000] {logging_mixin.py:137} INFO - [2023-05-16T01:25:07.094+0000] {dag.py:2705} INFO - Sync 1 DAGs
[2023-05-16T01:25:07.129+0000] {logging_mixin.py:137} INFO - [2023-05-16T01:25:07.128+0000] {dag.py:3456} INFO - Setting next_dagrun for example_short_circuit_operator to 2023-05-15T01:25:07.128509+00:00, run_after=2023-05-16T01:25:07.128509+00:00
[2023-05-16T01:25:07.156+0000] {processor.py:175} INFO - Processing /home/airflow/.local/lib/python3.7/site-packages/airflow/example_dags/example_short_circuit_operator.py took 0.143 seconds
[2023-05-16T01:25:37.287+0000] {processor.py:153} INFO - Started process (PID=18698) to work on /home/airflow/.local/lib/python3.7/site-packages/airflow/example_dags/example_short_circuit_operator.py
[2023-05-16T01:25:37.290+0000] {processor.py:743} INFO - Processing file /home/airflow/.local/lib/python3.7/site-packages/airflow/example_dags/example_short_circuit_operator.py for tasks to queue
[2023-05-16T01:25:37.292+0000] {logging_mixin.py:137} INFO - [2023-05-16T01:25:37.292+0000] {dagbag.py:532} INFO - Filling up the DagBag from /home/airflow/.local/lib/python3.7/site-packages/airflow/example_dags/example_short_circuit_operator.py
[2023-05-16T01:25:37.320+0000] {processor.py:753} INFO - DAG(s) dict_keys(['example_short_circuit_operator']) retrieved from /home/airflow/.local/lib/python3.7/site-packages/airflow/example_dags/example_short_circuit_operator.py
[2023-05-16T01:25:37.365+0000] {logging_mixin.py:137} INFO - [2023-05-16T01:25:37.365+0000] {dag.py:2705} INFO - Sync 1 DAGs
[2023-05-16T01:25:37.398+0000] {logging_mixin.py:137} INFO - [2023-05-16T01:25:37.398+0000] {dag.py:3456} INFO - Setting next_dagrun for example_short_circuit_operator to 2023-05-15T01:25:37.398163+00:00, run_after=2023-05-16T01:25:37.398163+00:00
[2023-05-16T01:25:37.424+0000] {processor.py:175} INFO - Processing /home/airflow/.local/lib/python3.7/site-packages/airflow/example_dags/example_short_circuit_operator.py took 0.143 seconds
[2023-05-16T01:26:07.484+0000] {processor.py:153} INFO - Started process (PID=18750) to work on /home/airflow/.local/lib/python3.7/site-packages/airflow/example_dags/example_short_circuit_operator.py
[2023-05-16T01:26:07.487+0000] {processor.py:743} INFO - Processing file /home/airflow/.local/lib/python3.7/site-packages/airflow/example_dags/example_short_circuit_operator.py for tasks to queue
[2023-05-16T01:26:07.489+0000] {logging_mixin.py:137} INFO - [2023-05-16T01:26:07.489+0000] {dagbag.py:532} INFO - Filling up the DagBag from /home/airflow/.local/lib/python3.7/site-packages/airflow/example_dags/example_short_circuit_operator.py
[2023-05-16T01:26:07.516+0000] {processor.py:753} INFO - DAG(s) dict_keys(['example_short_circuit_operator']) retrieved from /home/airflow/.local/lib/python3.7/site-packages/airflow/example_dags/example_short_circuit_operator.py
[2023-05-16T01:26:07.560+0000] {logging_mixin.py:137} INFO - [2023-05-16T01:26:07.560+0000] {dag.py:2705} INFO - Sync 1 DAGs
[2023-05-16T01:26:07.594+0000] {logging_mixin.py:137} INFO - [2023-05-16T01:26:07.593+0000] {dag.py:3456} INFO - Setting next_dagrun for example_short_circuit_operator to 2023-05-15T01:26:07.593505+00:00, run_after=2023-05-16T01:26:07.593505+00:00
[2023-05-16T01:26:07.622+0000] {processor.py:175} INFO - Processing /home/airflow/.local/lib/python3.7/site-packages/airflow/example_dags/example_short_circuit_operator.py took 0.144 seconds
[2023-05-16T01:26:37.913+0000] {processor.py:153} INFO - Started process (PID=18802) to work on /home/airflow/.local/lib/python3.7/site-packages/airflow/example_dags/example_short_circuit_operator.py
[2023-05-16T01:26:37.915+0000] {processor.py:743} INFO - Processing file /home/airflow/.local/lib/python3.7/site-packages/airflow/example_dags/example_short_circuit_operator.py for tasks to queue
[2023-05-16T01:26:37.918+0000] {logging_mixin.py:137} INFO - [2023-05-16T01:26:37.917+0000] {dagbag.py:532} INFO - Filling up the DagBag from /home/airflow/.local/lib/python3.7/site-packages/airflow/example_dags/example_short_circuit_operator.py
[2023-05-16T01:26:37.949+0000] {processor.py:753} INFO - DAG(s) dict_keys(['example_short_circuit_operator']) retrieved from /home/airflow/.local/lib/python3.7/site-packages/airflow/example_dags/example_short_circuit_operator.py
[2023-05-16T01:26:37.998+0000] {logging_mixin.py:137} INFO - [2023-05-16T01:26:37.997+0000] {dag.py:2705} INFO - Sync 1 DAGs
[2023-05-16T01:26:38.047+0000] {logging_mixin.py:137} INFO - [2023-05-16T01:26:38.047+0000] {dag.py:3456} INFO - Setting next_dagrun for example_short_circuit_operator to 2023-05-15T01:26:38.046787+00:00, run_after=2023-05-16T01:26:38.046787+00:00
[2023-05-16T01:26:38.081+0000] {processor.py:175} INFO - Processing /home/airflow/.local/lib/python3.7/site-packages/airflow/example_dags/example_short_circuit_operator.py took 0.181 seconds
[2023-05-16T01:27:08.762+0000] {processor.py:153} INFO - Started process (PID=18854) to work on /home/airflow/.local/lib/python3.7/site-packages/airflow/example_dags/example_short_circuit_operator.py
[2023-05-16T01:27:08.764+0000] {processor.py:743} INFO - Processing file /home/airflow/.local/lib/python3.7/site-packages/airflow/example_dags/example_short_circuit_operator.py for tasks to queue
[2023-05-16T01:27:08.766+0000] {logging_mixin.py:137} INFO - [2023-05-16T01:27:08.766+0000] {dagbag.py:532} INFO - Filling up the DagBag from /home/airflow/.local/lib/python3.7/site-packages/airflow/example_dags/example_short_circuit_operator.py
[2023-05-16T01:27:08.805+0000] {processor.py:753} INFO - DAG(s) dict_keys(['example_short_circuit_operator']) retrieved from /home/airflow/.local/lib/python3.7/site-packages/airflow/example_dags/example_short_circuit_operator.py
[2023-05-16T01:27:08.880+0000] {logging_mixin.py:137} INFO - [2023-05-16T01:27:08.880+0000] {dag.py:2705} INFO - Sync 1 DAGs
[2023-05-16T01:27:08.921+0000] {logging_mixin.py:137} INFO - [2023-05-16T01:27:08.921+0000] {dag.py:3456} INFO - Setting next_dagrun for example_short_circuit_operator to 2023-05-15T01:27:08.921071+00:00, run_after=2023-05-16T01:27:08.921071+00:00
[2023-05-16T01:27:08.965+0000] {processor.py:175} INFO - Processing /home/airflow/.local/lib/python3.7/site-packages/airflow/example_dags/example_short_circuit_operator.py took 0.209 seconds
[2023-05-16T01:27:39.716+0000] {processor.py:153} INFO - Started process (PID=18906) to work on /home/airflow/.local/lib/python3.7/site-packages/airflow/example_dags/example_short_circuit_operator.py
[2023-05-16T01:27:39.719+0000] {processor.py:743} INFO - Processing file /home/airflow/.local/lib/python3.7/site-packages/airflow/example_dags/example_short_circuit_operator.py for tasks to queue
[2023-05-16T01:27:39.722+0000] {logging_mixin.py:137} INFO - [2023-05-16T01:27:39.721+0000] {dagbag.py:532} INFO - Filling up the DagBag from /home/airflow/.local/lib/python3.7/site-packages/airflow/example_dags/example_short_circuit_operator.py
[2023-05-16T01:27:39.760+0000] {processor.py:753} INFO - DAG(s) dict_keys(['example_short_circuit_operator']) retrieved from /home/airflow/.local/lib/python3.7/site-packages/airflow/example_dags/example_short_circuit_operator.py
[2023-05-16T01:27:39.840+0000] {logging_mixin.py:137} INFO - [2023-05-16T01:27:39.840+0000] {dag.py:2705} INFO - Sync 1 DAGs
[2023-05-16T01:27:39.905+0000] {logging_mixin.py:137} INFO - [2023-05-16T01:27:39.904+0000] {dag.py:3456} INFO - Setting next_dagrun for example_short_circuit_operator to 2023-05-15T01:27:39.904449+00:00, run_after=2023-05-16T01:27:39.904449+00:00
[2023-05-16T01:27:39.943+0000] {processor.py:175} INFO - Processing /home/airflow/.local/lib/python3.7/site-packages/airflow/example_dags/example_short_circuit_operator.py took 0.236 seconds
[2023-05-16T01:28:10.067+0000] {processor.py:153} INFO - Started process (PID=18958) to work on /home/airflow/.local/lib/python3.7/site-packages/airflow/example_dags/example_short_circuit_operator.py
[2023-05-16T01:28:10.072+0000] {processor.py:743} INFO - Processing file /home/airflow/.local/lib/python3.7/site-packages/airflow/example_dags/example_short_circuit_operator.py for tasks to queue
[2023-05-16T01:28:10.081+0000] {logging_mixin.py:137} INFO - [2023-05-16T01:28:10.081+0000] {dagbag.py:532} INFO - Filling up the DagBag from /home/airflow/.local/lib/python3.7/site-packages/airflow/example_dags/example_short_circuit_operator.py
[2023-05-16T01:28:10.215+0000] {processor.py:753} INFO - DAG(s) dict_keys(['example_short_circuit_operator']) retrieved from /home/airflow/.local/lib/python3.7/site-packages/airflow/example_dags/example_short_circuit_operator.py
[2023-05-16T01:28:10.364+0000] {logging_mixin.py:137} INFO - [2023-05-16T01:28:10.364+0000] {dag.py:2705} INFO - Sync 1 DAGs
[2023-05-16T01:28:10.517+0000] {logging_mixin.py:137} INFO - [2023-05-16T01:28:10.512+0000] {dag.py:3456} INFO - Setting next_dagrun for example_short_circuit_operator to 2023-05-15T01:28:10.511809+00:00, run_after=2023-05-16T01:28:10.511809+00:00
[2023-05-16T01:28:10.590+0000] {processor.py:175} INFO - Processing /home/airflow/.local/lib/python3.7/site-packages/airflow/example_dags/example_short_circuit_operator.py took 0.541 seconds
[2023-05-16T01:28:41.236+0000] {processor.py:153} INFO - Started process (PID=19010) to work on /home/airflow/.local/lib/python3.7/site-packages/airflow/example_dags/example_short_circuit_operator.py
[2023-05-16T01:28:41.238+0000] {processor.py:743} INFO - Processing file /home/airflow/.local/lib/python3.7/site-packages/airflow/example_dags/example_short_circuit_operator.py for tasks to queue
[2023-05-16T01:28:41.243+0000] {logging_mixin.py:137} INFO - [2023-05-16T01:28:41.243+0000] {dagbag.py:532} INFO - Filling up the DagBag from /home/airflow/.local/lib/python3.7/site-packages/airflow/example_dags/example_short_circuit_operator.py
[2023-05-16T01:28:41.315+0000] {processor.py:753} INFO - DAG(s) dict_keys(['example_short_circuit_operator']) retrieved from /home/airflow/.local/lib/python3.7/site-packages/airflow/example_dags/example_short_circuit_operator.py
[2023-05-16T01:28:41.480+0000] {logging_mixin.py:137} INFO - [2023-05-16T01:28:41.469+0000] {dag.py:2705} INFO - Sync 1 DAGs
[2023-05-16T01:28:41.583+0000] {logging_mixin.py:137} INFO - [2023-05-16T01:28:41.582+0000] {dag.py:3456} INFO - Setting next_dagrun for example_short_circuit_operator to 2023-05-15T01:28:41.582228+00:00, run_after=2023-05-16T01:28:41.582228+00:00
[2023-05-16T01:28:41.665+0000] {processor.py:175} INFO - Processing /home/airflow/.local/lib/python3.7/site-packages/airflow/example_dags/example_short_circuit_operator.py took 0.437 seconds
[2023-05-16T01:29:12.625+0000] {processor.py:153} INFO - Started process (PID=19062) to work on /home/airflow/.local/lib/python3.7/site-packages/airflow/example_dags/example_short_circuit_operator.py
[2023-05-16T01:29:12.628+0000] {processor.py:743} INFO - Processing file /home/airflow/.local/lib/python3.7/site-packages/airflow/example_dags/example_short_circuit_operator.py for tasks to queue
[2023-05-16T01:29:12.631+0000] {logging_mixin.py:137} INFO - [2023-05-16T01:29:12.630+0000] {dagbag.py:532} INFO - Filling up the DagBag from /home/airflow/.local/lib/python3.7/site-packages/airflow/example_dags/example_short_circuit_operator.py
[2023-05-16T01:29:12.666+0000] {processor.py:753} INFO - DAG(s) dict_keys(['example_short_circuit_operator']) retrieved from /home/airflow/.local/lib/python3.7/site-packages/airflow/example_dags/example_short_circuit_operator.py
[2023-05-16T01:29:12.726+0000] {logging_mixin.py:137} INFO - [2023-05-16T01:29:12.726+0000] {dag.py:2705} INFO - Sync 1 DAGs
[2023-05-16T01:29:12.774+0000] {logging_mixin.py:137} INFO - [2023-05-16T01:29:12.773+0000] {dag.py:3456} INFO - Setting next_dagrun for example_short_circuit_operator to 2023-05-15T01:29:12.773488+00:00, run_after=2023-05-16T01:29:12.773488+00:00
[2023-05-16T01:29:12.806+0000] {processor.py:175} INFO - Processing /home/airflow/.local/lib/python3.7/site-packages/airflow/example_dags/example_short_circuit_operator.py took 0.194 seconds
[2023-05-16T01:29:43.288+0000] {processor.py:153} INFO - Started process (PID=19113) to work on /home/airflow/.local/lib/python3.7/site-packages/airflow/example_dags/example_short_circuit_operator.py
[2023-05-16T01:29:43.290+0000] {processor.py:743} INFO - Processing file /home/airflow/.local/lib/python3.7/site-packages/airflow/example_dags/example_short_circuit_operator.py for tasks to queue
[2023-05-16T01:29:43.294+0000] {logging_mixin.py:137} INFO - [2023-05-16T01:29:43.293+0000] {dagbag.py:532} INFO - Filling up the DagBag from /home/airflow/.local/lib/python3.7/site-packages/airflow/example_dags/example_short_circuit_operator.py
[2023-05-16T01:29:43.330+0000] {processor.py:753} INFO - DAG(s) dict_keys(['example_short_circuit_operator']) retrieved from /home/airflow/.local/lib/python3.7/site-packages/airflow/example_dags/example_short_circuit_operator.py
[2023-05-16T01:29:43.385+0000] {logging_mixin.py:137} INFO - [2023-05-16T01:29:43.385+0000] {dag.py:2705} INFO - Sync 1 DAGs
[2023-05-16T01:29:43.432+0000] {logging_mixin.py:137} INFO - [2023-05-16T01:29:43.432+0000] {dag.py:3456} INFO - Setting next_dagrun for example_short_circuit_operator to 2023-05-15T01:29:43.431874+00:00, run_after=2023-05-16T01:29:43.431874+00:00
[2023-05-16T01:29:43.465+0000] {processor.py:175} INFO - Processing /home/airflow/.local/lib/python3.7/site-packages/airflow/example_dags/example_short_circuit_operator.py took 0.189 seconds
[2023-05-16T01:30:13.811+0000] {processor.py:153} INFO - Started process (PID=19165) to work on /home/airflow/.local/lib/python3.7/site-packages/airflow/example_dags/example_short_circuit_operator.py
[2023-05-16T01:30:13.814+0000] {processor.py:743} INFO - Processing file /home/airflow/.local/lib/python3.7/site-packages/airflow/example_dags/example_short_circuit_operator.py for tasks to queue
[2023-05-16T01:30:13.816+0000] {logging_mixin.py:137} INFO - [2023-05-16T01:30:13.816+0000] {dagbag.py:532} INFO - Filling up the DagBag from /home/airflow/.local/lib/python3.7/site-packages/airflow/example_dags/example_short_circuit_operator.py
[2023-05-16T01:30:13.846+0000] {processor.py:753} INFO - DAG(s) dict_keys(['example_short_circuit_operator']) retrieved from /home/airflow/.local/lib/python3.7/site-packages/airflow/example_dags/example_short_circuit_operator.py
[2023-05-16T01:30:13.904+0000] {logging_mixin.py:137} INFO - [2023-05-16T01:30:13.904+0000] {dag.py:2705} INFO - Sync 1 DAGs
[2023-05-16T01:30:13.953+0000] {logging_mixin.py:137} INFO - [2023-05-16T01:30:13.952+0000] {dag.py:3456} INFO - Setting next_dagrun for example_short_circuit_operator to 2023-05-15T01:30:13.952458+00:00, run_after=2023-05-16T01:30:13.952458+00:00
[2023-05-16T01:30:14.031+0000] {processor.py:175} INFO - Processing /home/airflow/.local/lib/python3.7/site-packages/airflow/example_dags/example_short_circuit_operator.py took 0.232 seconds
[2023-05-16T01:30:44.096+0000] {processor.py:153} INFO - Started process (PID=19217) to work on /home/airflow/.local/lib/python3.7/site-packages/airflow/example_dags/example_short_circuit_operator.py
[2023-05-16T01:30:44.098+0000] {processor.py:743} INFO - Processing file /home/airflow/.local/lib/python3.7/site-packages/airflow/example_dags/example_short_circuit_operator.py for tasks to queue
[2023-05-16T01:30:44.101+0000] {logging_mixin.py:137} INFO - [2023-05-16T01:30:44.101+0000] {dagbag.py:532} INFO - Filling up the DagBag from /home/airflow/.local/lib/python3.7/site-packages/airflow/example_dags/example_short_circuit_operator.py
[2023-05-16T01:30:44.131+0000] {processor.py:753} INFO - DAG(s) dict_keys(['example_short_circuit_operator']) retrieved from /home/airflow/.local/lib/python3.7/site-packages/airflow/example_dags/example_short_circuit_operator.py
[2023-05-16T01:30:44.181+0000] {logging_mixin.py:137} INFO - [2023-05-16T01:30:44.181+0000] {dag.py:2705} INFO - Sync 1 DAGs
[2023-05-16T01:30:44.223+0000] {logging_mixin.py:137} INFO - [2023-05-16T01:30:44.223+0000] {dag.py:3456} INFO - Setting next_dagrun for example_short_circuit_operator to 2023-05-15T01:30:44.223327+00:00, run_after=2023-05-16T01:30:44.223327+00:00
[2023-05-16T01:30:44.255+0000] {processor.py:175} INFO - Processing /home/airflow/.local/lib/python3.7/site-packages/airflow/example_dags/example_short_circuit_operator.py took 0.167 seconds
[2023-05-16T01:31:14.491+0000] {processor.py:153} INFO - Started process (PID=19269) to work on /home/airflow/.local/lib/python3.7/site-packages/airflow/example_dags/example_short_circuit_operator.py
[2023-05-16T01:31:14.493+0000] {processor.py:743} INFO - Processing file /home/airflow/.local/lib/python3.7/site-packages/airflow/example_dags/example_short_circuit_operator.py for tasks to queue
[2023-05-16T01:31:14.495+0000] {logging_mixin.py:137} INFO - [2023-05-16T01:31:14.495+0000] {dagbag.py:532} INFO - Filling up the DagBag from /home/airflow/.local/lib/python3.7/site-packages/airflow/example_dags/example_short_circuit_operator.py
[2023-05-16T01:31:14.525+0000] {processor.py:753} INFO - DAG(s) dict_keys(['example_short_circuit_operator']) retrieved from /home/airflow/.local/lib/python3.7/site-packages/airflow/example_dags/example_short_circuit_operator.py
[2023-05-16T01:31:14.583+0000] {logging_mixin.py:137} INFO - [2023-05-16T01:31:14.583+0000] {dag.py:2705} INFO - Sync 1 DAGs
[2023-05-16T01:31:14.702+0000] {logging_mixin.py:137} INFO - [2023-05-16T01:31:14.696+0000] {dag.py:3456} INFO - Setting next_dagrun for example_short_circuit_operator to 2023-05-15T01:31:14.696268+00:00, run_after=2023-05-16T01:31:14.696268+00:00
[2023-05-16T01:31:14.777+0000] {processor.py:175} INFO - Processing /home/airflow/.local/lib/python3.7/site-packages/airflow/example_dags/example_short_circuit_operator.py took 0.292 seconds
[2023-05-16T01:31:45.386+0000] {processor.py:153} INFO - Started process (PID=19321) to work on /home/airflow/.local/lib/python3.7/site-packages/airflow/example_dags/example_short_circuit_operator.py
[2023-05-16T01:31:45.388+0000] {processor.py:743} INFO - Processing file /home/airflow/.local/lib/python3.7/site-packages/airflow/example_dags/example_short_circuit_operator.py for tasks to queue
[2023-05-16T01:31:45.390+0000] {logging_mixin.py:137} INFO - [2023-05-16T01:31:45.389+0000] {dagbag.py:532} INFO - Filling up the DagBag from /home/airflow/.local/lib/python3.7/site-packages/airflow/example_dags/example_short_circuit_operator.py
[2023-05-16T01:31:45.420+0000] {processor.py:753} INFO - DAG(s) dict_keys(['example_short_circuit_operator']) retrieved from /home/airflow/.local/lib/python3.7/site-packages/airflow/example_dags/example_short_circuit_operator.py
[2023-05-16T01:31:45.469+0000] {logging_mixin.py:137} INFO - [2023-05-16T01:31:45.469+0000] {dag.py:2705} INFO - Sync 1 DAGs
[2023-05-16T01:31:45.508+0000] {logging_mixin.py:137} INFO - [2023-05-16T01:31:45.508+0000] {dag.py:3456} INFO - Setting next_dagrun for example_short_circuit_operator to 2023-05-15T01:31:45.508143+00:00, run_after=2023-05-16T01:31:45.508143+00:00
[2023-05-16T01:31:45.553+0000] {processor.py:175} INFO - Processing /home/airflow/.local/lib/python3.7/site-packages/airflow/example_dags/example_short_circuit_operator.py took 0.174 seconds
[2023-05-16T01:32:15.637+0000] {processor.py:153} INFO - Started process (PID=19373) to work on /home/airflow/.local/lib/python3.7/site-packages/airflow/example_dags/example_short_circuit_operator.py
[2023-05-16T01:32:15.642+0000] {processor.py:743} INFO - Processing file /home/airflow/.local/lib/python3.7/site-packages/airflow/example_dags/example_short_circuit_operator.py for tasks to queue
[2023-05-16T01:32:15.644+0000] {logging_mixin.py:137} INFO - [2023-05-16T01:32:15.644+0000] {dagbag.py:532} INFO - Filling up the DagBag from /home/airflow/.local/lib/python3.7/site-packages/airflow/example_dags/example_short_circuit_operator.py
[2023-05-16T01:32:15.695+0000] {processor.py:753} INFO - DAG(s) dict_keys(['example_short_circuit_operator']) retrieved from /home/airflow/.local/lib/python3.7/site-packages/airflow/example_dags/example_short_circuit_operator.py
[2023-05-16T01:32:15.740+0000] {logging_mixin.py:137} INFO - [2023-05-16T01:32:15.740+0000] {dag.py:2705} INFO - Sync 1 DAGs
[2023-05-16T01:32:15.776+0000] {logging_mixin.py:137} INFO - [2023-05-16T01:32:15.776+0000] {dag.py:3456} INFO - Setting next_dagrun for example_short_circuit_operator to 2023-05-15T01:32:15.776222+00:00, run_after=2023-05-16T01:32:15.776222+00:00
[2023-05-16T01:32:15.803+0000] {processor.py:175} INFO - Processing /home/airflow/.local/lib/python3.7/site-packages/airflow/example_dags/example_short_circuit_operator.py took 0.179 seconds
[2023-05-16T01:32:45.932+0000] {processor.py:153} INFO - Started process (PID=19425) to work on /home/airflow/.local/lib/python3.7/site-packages/airflow/example_dags/example_short_circuit_operator.py
[2023-05-16T01:32:45.934+0000] {processor.py:743} INFO - Processing file /home/airflow/.local/lib/python3.7/site-packages/airflow/example_dags/example_short_circuit_operator.py for tasks to queue
[2023-05-16T01:32:45.939+0000] {logging_mixin.py:137} INFO - [2023-05-16T01:32:45.938+0000] {dagbag.py:532} INFO - Filling up the DagBag from /home/airflow/.local/lib/python3.7/site-packages/airflow/example_dags/example_short_circuit_operator.py
[2023-05-16T01:32:45.975+0000] {processor.py:753} INFO - DAG(s) dict_keys(['example_short_circuit_operator']) retrieved from /home/airflow/.local/lib/python3.7/site-packages/airflow/example_dags/example_short_circuit_operator.py
[2023-05-16T01:32:46.033+0000] {logging_mixin.py:137} INFO - [2023-05-16T01:32:46.032+0000] {dag.py:2705} INFO - Sync 1 DAGs
[2023-05-16T01:32:46.078+0000] {logging_mixin.py:137} INFO - [2023-05-16T01:32:46.078+0000] {dag.py:3456} INFO - Setting next_dagrun for example_short_circuit_operator to 2023-05-15T01:32:46.078226+00:00, run_after=2023-05-16T01:32:46.078226+00:00
[2023-05-16T01:32:46.107+0000] {processor.py:175} INFO - Processing /home/airflow/.local/lib/python3.7/site-packages/airflow/example_dags/example_short_circuit_operator.py took 0.181 seconds
[2023-05-16T01:33:16.482+0000] {processor.py:153} INFO - Started process (PID=19476) to work on /home/airflow/.local/lib/python3.7/site-packages/airflow/example_dags/example_short_circuit_operator.py
[2023-05-16T01:33:16.485+0000] {processor.py:743} INFO - Processing file /home/airflow/.local/lib/python3.7/site-packages/airflow/example_dags/example_short_circuit_operator.py for tasks to queue
[2023-05-16T01:33:16.489+0000] {logging_mixin.py:137} INFO - [2023-05-16T01:33:16.489+0000] {dagbag.py:532} INFO - Filling up the DagBag from /home/airflow/.local/lib/python3.7/site-packages/airflow/example_dags/example_short_circuit_operator.py
[2023-05-16T01:33:16.520+0000] {processor.py:753} INFO - DAG(s) dict_keys(['example_short_circuit_operator']) retrieved from /home/airflow/.local/lib/python3.7/site-packages/airflow/example_dags/example_short_circuit_operator.py
[2023-05-16T01:33:16.583+0000] {logging_mixin.py:137} INFO - [2023-05-16T01:33:16.583+0000] {dag.py:2705} INFO - Sync 1 DAGs
[2023-05-16T01:33:16.631+0000] {logging_mixin.py:137} INFO - [2023-05-16T01:33:16.630+0000] {dag.py:3456} INFO - Setting next_dagrun for example_short_circuit_operator to 2023-05-15T01:33:16.630473+00:00, run_after=2023-05-16T01:33:16.630473+00:00
[2023-05-16T01:33:16.661+0000] {processor.py:175} INFO - Processing /home/airflow/.local/lib/python3.7/site-packages/airflow/example_dags/example_short_circuit_operator.py took 0.187 seconds
[2023-05-16T01:33:47.421+0000] {processor.py:153} INFO - Started process (PID=19528) to work on /home/airflow/.local/lib/python3.7/site-packages/airflow/example_dags/example_short_circuit_operator.py
[2023-05-16T01:33:47.424+0000] {processor.py:743} INFO - Processing file /home/airflow/.local/lib/python3.7/site-packages/airflow/example_dags/example_short_circuit_operator.py for tasks to queue
[2023-05-16T01:33:47.430+0000] {logging_mixin.py:137} INFO - [2023-05-16T01:33:47.429+0000] {dagbag.py:532} INFO - Filling up the DagBag from /home/airflow/.local/lib/python3.7/site-packages/airflow/example_dags/example_short_circuit_operator.py
[2023-05-16T01:33:47.491+0000] {processor.py:753} INFO - DAG(s) dict_keys(['example_short_circuit_operator']) retrieved from /home/airflow/.local/lib/python3.7/site-packages/airflow/example_dags/example_short_circuit_operator.py
[2023-05-16T01:33:47.586+0000] {logging_mixin.py:137} INFO - [2023-05-16T01:33:47.586+0000] {dag.py:2705} INFO - Sync 1 DAGs
[2023-05-16T01:33:47.669+0000] {logging_mixin.py:137} INFO - [2023-05-16T01:33:47.669+0000] {dag.py:3456} INFO - Setting next_dagrun for example_short_circuit_operator to 2023-05-15T01:33:47.668671+00:00, run_after=2023-05-16T01:33:47.668671+00:00
[2023-05-16T01:33:47.722+0000] {processor.py:175} INFO - Processing /home/airflow/.local/lib/python3.7/site-packages/airflow/example_dags/example_short_circuit_operator.py took 0.319 seconds
[2023-05-16T01:34:18.018+0000] {processor.py:153} INFO - Started process (PID=19579) to work on /home/airflow/.local/lib/python3.7/site-packages/airflow/example_dags/example_short_circuit_operator.py
[2023-05-16T01:34:18.021+0000] {processor.py:743} INFO - Processing file /home/airflow/.local/lib/python3.7/site-packages/airflow/example_dags/example_short_circuit_operator.py for tasks to queue
[2023-05-16T01:34:18.024+0000] {logging_mixin.py:137} INFO - [2023-05-16T01:34:18.023+0000] {dagbag.py:532} INFO - Filling up the DagBag from /home/airflow/.local/lib/python3.7/site-packages/airflow/example_dags/example_short_circuit_operator.py
[2023-05-16T01:34:18.058+0000] {processor.py:753} INFO - DAG(s) dict_keys(['example_short_circuit_operator']) retrieved from /home/airflow/.local/lib/python3.7/site-packages/airflow/example_dags/example_short_circuit_operator.py
[2023-05-16T01:34:18.111+0000] {logging_mixin.py:137} INFO - [2023-05-16T01:34:18.111+0000] {dag.py:2705} INFO - Sync 1 DAGs
[2023-05-16T01:34:18.179+0000] {logging_mixin.py:137} INFO - [2023-05-16T01:34:18.179+0000] {dag.py:3456} INFO - Setting next_dagrun for example_short_circuit_operator to 2023-05-15T01:34:18.179287+00:00, run_after=2023-05-16T01:34:18.179287+00:00
[2023-05-16T01:34:18.229+0000] {processor.py:175} INFO - Processing /home/airflow/.local/lib/python3.7/site-packages/airflow/example_dags/example_short_circuit_operator.py took 0.216 seconds
[2023-05-16T01:34:48.574+0000] {processor.py:153} INFO - Started process (PID=19631) to work on /home/airflow/.local/lib/python3.7/site-packages/airflow/example_dags/example_short_circuit_operator.py
[2023-05-16T01:34:48.578+0000] {processor.py:743} INFO - Processing file /home/airflow/.local/lib/python3.7/site-packages/airflow/example_dags/example_short_circuit_operator.py for tasks to queue
[2023-05-16T01:34:48.581+0000] {logging_mixin.py:137} INFO - [2023-05-16T01:34:48.581+0000] {dagbag.py:532} INFO - Filling up the DagBag from /home/airflow/.local/lib/python3.7/site-packages/airflow/example_dags/example_short_circuit_operator.py
[2023-05-16T01:34:48.621+0000] {processor.py:753} INFO - DAG(s) dict_keys(['example_short_circuit_operator']) retrieved from /home/airflow/.local/lib/python3.7/site-packages/airflow/example_dags/example_short_circuit_operator.py
[2023-05-16T01:34:48.673+0000] {logging_mixin.py:137} INFO - [2023-05-16T01:34:48.673+0000] {dag.py:2705} INFO - Sync 1 DAGs
[2023-05-16T01:34:48.719+0000] {logging_mixin.py:137} INFO - [2023-05-16T01:34:48.718+0000] {dag.py:3456} INFO - Setting next_dagrun for example_short_circuit_operator to 2023-05-15T01:34:48.718595+00:00, run_after=2023-05-16T01:34:48.718595+00:00
[2023-05-16T01:34:48.751+0000] {processor.py:175} INFO - Processing /home/airflow/.local/lib/python3.7/site-packages/airflow/example_dags/example_short_circuit_operator.py took 0.195 seconds
[2023-05-16T01:35:19.478+0000] {processor.py:153} INFO - Started process (PID=19683) to work on /home/airflow/.local/lib/python3.7/site-packages/airflow/example_dags/example_short_circuit_operator.py
[2023-05-16T01:35:19.481+0000] {processor.py:743} INFO - Processing file /home/airflow/.local/lib/python3.7/site-packages/airflow/example_dags/example_short_circuit_operator.py for tasks to queue
[2023-05-16T01:35:19.484+0000] {logging_mixin.py:137} INFO - [2023-05-16T01:35:19.484+0000] {dagbag.py:532} INFO - Filling up the DagBag from /home/airflow/.local/lib/python3.7/site-packages/airflow/example_dags/example_short_circuit_operator.py
[2023-05-16T01:35:19.516+0000] {processor.py:753} INFO - DAG(s) dict_keys(['example_short_circuit_operator']) retrieved from /home/airflow/.local/lib/python3.7/site-packages/airflow/example_dags/example_short_circuit_operator.py
[2023-05-16T01:35:19.562+0000] {logging_mixin.py:137} INFO - [2023-05-16T01:35:19.562+0000] {dag.py:2705} INFO - Sync 1 DAGs
[2023-05-16T01:35:19.614+0000] {logging_mixin.py:137} INFO - [2023-05-16T01:35:19.613+0000] {dag.py:3456} INFO - Setting next_dagrun for example_short_circuit_operator to 2023-05-15T01:35:19.613564+00:00, run_after=2023-05-16T01:35:19.613564+00:00
[2023-05-16T01:35:19.643+0000] {processor.py:175} INFO - Processing /home/airflow/.local/lib/python3.7/site-packages/airflow/example_dags/example_short_circuit_operator.py took 0.178 seconds
[2023-05-16T01:35:49.695+0000] {processor.py:153} INFO - Started process (PID=19733) to work on /home/airflow/.local/lib/python3.7/site-packages/airflow/example_dags/example_short_circuit_operator.py
[2023-05-16T01:35:49.714+0000] {processor.py:743} INFO - Processing file /home/airflow/.local/lib/python3.7/site-packages/airflow/example_dags/example_short_circuit_operator.py for tasks to queue
[2023-05-16T01:35:49.716+0000] {logging_mixin.py:137} INFO - [2023-05-16T01:35:49.716+0000] {dagbag.py:532} INFO - Filling up the DagBag from /home/airflow/.local/lib/python3.7/site-packages/airflow/example_dags/example_short_circuit_operator.py
[2023-05-16T01:35:49.743+0000] {processor.py:753} INFO - DAG(s) dict_keys(['example_short_circuit_operator']) retrieved from /home/airflow/.local/lib/python3.7/site-packages/airflow/example_dags/example_short_circuit_operator.py
[2023-05-16T01:35:49.789+0000] {logging_mixin.py:137} INFO - [2023-05-16T01:35:49.789+0000] {dag.py:2705} INFO - Sync 1 DAGs
[2023-05-16T01:35:49.825+0000] {logging_mixin.py:137} INFO - [2023-05-16T01:35:49.824+0000] {dag.py:3456} INFO - Setting next_dagrun for example_short_circuit_operator to 2023-05-15T01:35:49.824458+00:00, run_after=2023-05-16T01:35:49.824458+00:00
[2023-05-16T01:35:49.852+0000] {processor.py:175} INFO - Processing /home/airflow/.local/lib/python3.7/site-packages/airflow/example_dags/example_short_circuit_operator.py took 0.163 seconds
[2023-05-16T01:36:20.010+0000] {processor.py:153} INFO - Started process (PID=19785) to work on /home/airflow/.local/lib/python3.7/site-packages/airflow/example_dags/example_short_circuit_operator.py
[2023-05-16T01:36:20.013+0000] {processor.py:743} INFO - Processing file /home/airflow/.local/lib/python3.7/site-packages/airflow/example_dags/example_short_circuit_operator.py for tasks to queue
[2023-05-16T01:36:20.031+0000] {logging_mixin.py:137} INFO - [2023-05-16T01:36:20.030+0000] {dagbag.py:532} INFO - Filling up the DagBag from /home/airflow/.local/lib/python3.7/site-packages/airflow/example_dags/example_short_circuit_operator.py
[2023-05-16T01:36:20.077+0000] {processor.py:753} INFO - DAG(s) dict_keys(['example_short_circuit_operator']) retrieved from /home/airflow/.local/lib/python3.7/site-packages/airflow/example_dags/example_short_circuit_operator.py
[2023-05-16T01:36:20.129+0000] {logging_mixin.py:137} INFO - [2023-05-16T01:36:20.129+0000] {dag.py:2705} INFO - Sync 1 DAGs
[2023-05-16T01:36:20.169+0000] {logging_mixin.py:137} INFO - [2023-05-16T01:36:20.169+0000] {dag.py:3456} INFO - Setting next_dagrun for example_short_circuit_operator to 2023-05-15T01:36:20.168677+00:00, run_after=2023-05-16T01:36:20.168677+00:00
[2023-05-16T01:36:20.208+0000] {processor.py:175} INFO - Processing /home/airflow/.local/lib/python3.7/site-packages/airflow/example_dags/example_short_circuit_operator.py took 0.207 seconds
[2023-05-16T01:36:50.424+0000] {processor.py:153} INFO - Started process (PID=19837) to work on /home/airflow/.local/lib/python3.7/site-packages/airflow/example_dags/example_short_circuit_operator.py
[2023-05-16T01:36:50.427+0000] {processor.py:743} INFO - Processing file /home/airflow/.local/lib/python3.7/site-packages/airflow/example_dags/example_short_circuit_operator.py for tasks to queue
[2023-05-16T01:36:50.431+0000] {logging_mixin.py:137} INFO - [2023-05-16T01:36:50.431+0000] {dagbag.py:532} INFO - Filling up the DagBag from /home/airflow/.local/lib/python3.7/site-packages/airflow/example_dags/example_short_circuit_operator.py
[2023-05-16T01:36:50.499+0000] {processor.py:753} INFO - DAG(s) dict_keys(['example_short_circuit_operator']) retrieved from /home/airflow/.local/lib/python3.7/site-packages/airflow/example_dags/example_short_circuit_operator.py
[2023-05-16T01:36:50.605+0000] {logging_mixin.py:137} INFO - [2023-05-16T01:36:50.605+0000] {dag.py:2705} INFO - Sync 1 DAGs
[2023-05-16T01:36:50.681+0000] {logging_mixin.py:137} INFO - [2023-05-16T01:36:50.681+0000] {dag.py:3456} INFO - Setting next_dagrun for example_short_circuit_operator to 2023-05-15T01:36:50.681166+00:00, run_after=2023-05-16T01:36:50.681166+00:00
[2023-05-16T01:36:50.754+0000] {processor.py:175} INFO - Processing /home/airflow/.local/lib/python3.7/site-packages/airflow/example_dags/example_short_circuit_operator.py took 0.354 seconds
[2023-05-16T01:37:21.168+0000] {processor.py:153} INFO - Started process (PID=19889) to work on /home/airflow/.local/lib/python3.7/site-packages/airflow/example_dags/example_short_circuit_operator.py
[2023-05-16T01:37:21.170+0000] {processor.py:743} INFO - Processing file /home/airflow/.local/lib/python3.7/site-packages/airflow/example_dags/example_short_circuit_operator.py for tasks to queue
[2023-05-16T01:37:21.172+0000] {logging_mixin.py:137} INFO - [2023-05-16T01:37:21.172+0000] {dagbag.py:532} INFO - Filling up the DagBag from /home/airflow/.local/lib/python3.7/site-packages/airflow/example_dags/example_short_circuit_operator.py
[2023-05-16T01:37:21.203+0000] {processor.py:753} INFO - DAG(s) dict_keys(['example_short_circuit_operator']) retrieved from /home/airflow/.local/lib/python3.7/site-packages/airflow/example_dags/example_short_circuit_operator.py
[2023-05-16T01:37:21.260+0000] {logging_mixin.py:137} INFO - [2023-05-16T01:37:21.260+0000] {dag.py:2705} INFO - Sync 1 DAGs
[2023-05-16T01:37:21.293+0000] {logging_mixin.py:137} INFO - [2023-05-16T01:37:21.293+0000] {dag.py:3456} INFO - Setting next_dagrun for example_short_circuit_operator to 2023-05-15T01:37:21.293153+00:00, run_after=2023-05-16T01:37:21.293153+00:00
[2023-05-16T01:37:21.351+0000] {processor.py:175} INFO - Processing /home/airflow/.local/lib/python3.7/site-packages/airflow/example_dags/example_short_circuit_operator.py took 0.191 seconds
[2023-05-16T01:37:51.659+0000] {processor.py:153} INFO - Started process (PID=19949) to work on /home/airflow/.local/lib/python3.7/site-packages/airflow/example_dags/example_short_circuit_operator.py
[2023-05-16T01:37:51.662+0000] {processor.py:743} INFO - Processing file /home/airflow/.local/lib/python3.7/site-packages/airflow/example_dags/example_short_circuit_operator.py for tasks to queue
[2023-05-16T01:37:51.666+0000] {logging_mixin.py:137} INFO - [2023-05-16T01:37:51.666+0000] {dagbag.py:532} INFO - Filling up the DagBag from /home/airflow/.local/lib/python3.7/site-packages/airflow/example_dags/example_short_circuit_operator.py
[2023-05-16T01:37:51.730+0000] {processor.py:753} INFO - DAG(s) dict_keys(['example_short_circuit_operator']) retrieved from /home/airflow/.local/lib/python3.7/site-packages/airflow/example_dags/example_short_circuit_operator.py
[2023-05-16T01:37:51.793+0000] {logging_mixin.py:137} INFO - [2023-05-16T01:37:51.792+0000] {dag.py:2705} INFO - Sync 1 DAGs
[2023-05-16T01:37:51.846+0000] {logging_mixin.py:137} INFO - [2023-05-16T01:37:51.846+0000] {dag.py:3456} INFO - Setting next_dagrun for example_short_circuit_operator to 2023-05-15T01:37:51.846099+00:00, run_after=2023-05-16T01:37:51.846099+00:00
[2023-05-16T01:37:51.892+0000] {processor.py:175} INFO - Processing /home/airflow/.local/lib/python3.7/site-packages/airflow/example_dags/example_short_circuit_operator.py took 0.244 seconds
[2023-05-16T01:38:22.794+0000] {processor.py:153} INFO - Started process (PID=20001) to work on /home/airflow/.local/lib/python3.7/site-packages/airflow/example_dags/example_short_circuit_operator.py
[2023-05-16T01:38:22.795+0000] {processor.py:743} INFO - Processing file /home/airflow/.local/lib/python3.7/site-packages/airflow/example_dags/example_short_circuit_operator.py for tasks to queue
[2023-05-16T01:38:22.796+0000] {logging_mixin.py:137} INFO - [2023-05-16T01:38:22.796+0000] {dagbag.py:532} INFO - Filling up the DagBag from /home/airflow/.local/lib/python3.7/site-packages/airflow/example_dags/example_short_circuit_operator.py
[2023-05-16T01:38:22.820+0000] {processor.py:753} INFO - DAG(s) dict_keys(['example_short_circuit_operator']) retrieved from /home/airflow/.local/lib/python3.7/site-packages/airflow/example_dags/example_short_circuit_operator.py
[2023-05-16T01:38:22.861+0000] {logging_mixin.py:137} INFO - [2023-05-16T01:38:22.860+0000] {dag.py:2705} INFO - Sync 1 DAGs
[2023-05-16T01:38:22.897+0000] {logging_mixin.py:137} INFO - [2023-05-16T01:38:22.897+0000] {dag.py:3456} INFO - Setting next_dagrun for example_short_circuit_operator to 2023-05-15T01:38:22.897025+00:00, run_after=2023-05-16T01:38:22.897025+00:00
[2023-05-16T01:38:22.928+0000] {processor.py:175} INFO - Processing /home/airflow/.local/lib/python3.7/site-packages/airflow/example_dags/example_short_circuit_operator.py took 0.140 seconds
[2023-05-16T01:38:53.557+0000] {processor.py:153} INFO - Started process (PID=20053) to work on /home/airflow/.local/lib/python3.7/site-packages/airflow/example_dags/example_short_circuit_operator.py
[2023-05-16T01:38:53.560+0000] {processor.py:743} INFO - Processing file /home/airflow/.local/lib/python3.7/site-packages/airflow/example_dags/example_short_circuit_operator.py for tasks to queue
[2023-05-16T01:38:53.563+0000] {logging_mixin.py:137} INFO - [2023-05-16T01:38:53.563+0000] {dagbag.py:532} INFO - Filling up the DagBag from /home/airflow/.local/lib/python3.7/site-packages/airflow/example_dags/example_short_circuit_operator.py
[2023-05-16T01:38:53.596+0000] {processor.py:753} INFO - DAG(s) dict_keys(['example_short_circuit_operator']) retrieved from /home/airflow/.local/lib/python3.7/site-packages/airflow/example_dags/example_short_circuit_operator.py
[2023-05-16T01:38:53.654+0000] {logging_mixin.py:137} INFO - [2023-05-16T01:38:53.654+0000] {dag.py:2705} INFO - Sync 1 DAGs
[2023-05-16T01:38:53.708+0000] {logging_mixin.py:137} INFO - [2023-05-16T01:38:53.708+0000] {dag.py:3456} INFO - Setting next_dagrun for example_short_circuit_operator to 2023-05-15T01:38:53.707985+00:00, run_after=2023-05-16T01:38:53.707985+00:00
[2023-05-16T01:38:53.735+0000] {processor.py:175} INFO - Processing /home/airflow/.local/lib/python3.7/site-packages/airflow/example_dags/example_short_circuit_operator.py took 0.188 seconds
[2023-05-16T01:39:24.689+0000] {processor.py:153} INFO - Started process (PID=20105) to work on /home/airflow/.local/lib/python3.7/site-packages/airflow/example_dags/example_short_circuit_operator.py
[2023-05-16T01:39:24.693+0000] {processor.py:743} INFO - Processing file /home/airflow/.local/lib/python3.7/site-packages/airflow/example_dags/example_short_circuit_operator.py for tasks to queue
[2023-05-16T01:39:24.697+0000] {logging_mixin.py:137} INFO - [2023-05-16T01:39:24.696+0000] {dagbag.py:532} INFO - Filling up the DagBag from /home/airflow/.local/lib/python3.7/site-packages/airflow/example_dags/example_short_circuit_operator.py
[2023-05-16T01:39:24.764+0000] {processor.py:753} INFO - DAG(s) dict_keys(['example_short_circuit_operator']) retrieved from /home/airflow/.local/lib/python3.7/site-packages/airflow/example_dags/example_short_circuit_operator.py
[2023-05-16T01:39:24.816+0000] {logging_mixin.py:137} INFO - [2023-05-16T01:39:24.815+0000] {dag.py:2705} INFO - Sync 1 DAGs
[2023-05-16T01:39:24.852+0000] {logging_mixin.py:137} INFO - [2023-05-16T01:39:24.852+0000] {dag.py:3456} INFO - Setting next_dagrun for example_short_circuit_operator to 2023-05-15T01:39:24.851990+00:00, run_after=2023-05-16T01:39:24.851990+00:00
[2023-05-16T01:39:24.884+0000] {processor.py:175} INFO - Processing /home/airflow/.local/lib/python3.7/site-packages/airflow/example_dags/example_short_circuit_operator.py took 0.223 seconds
[2023-05-16T01:39:55.535+0000] {processor.py:153} INFO - Started process (PID=20157) to work on /home/airflow/.local/lib/python3.7/site-packages/airflow/example_dags/example_short_circuit_operator.py
[2023-05-16T01:39:55.539+0000] {processor.py:743} INFO - Processing file /home/airflow/.local/lib/python3.7/site-packages/airflow/example_dags/example_short_circuit_operator.py for tasks to queue
[2023-05-16T01:39:55.554+0000] {logging_mixin.py:137} INFO - [2023-05-16T01:39:55.551+0000] {dagbag.py:532} INFO - Filling up the DagBag from /home/airflow/.local/lib/python3.7/site-packages/airflow/example_dags/example_short_circuit_operator.py
[2023-05-16T01:39:55.662+0000] {processor.py:753} INFO - DAG(s) dict_keys(['example_short_circuit_operator']) retrieved from /home/airflow/.local/lib/python3.7/site-packages/airflow/example_dags/example_short_circuit_operator.py
[2023-05-16T01:39:55.776+0000] {logging_mixin.py:137} INFO - [2023-05-16T01:39:55.776+0000] {dag.py:2705} INFO - Sync 1 DAGs
[2023-05-16T01:39:55.826+0000] {logging_mixin.py:137} INFO - [2023-05-16T01:39:55.826+0000] {dag.py:3456} INFO - Setting next_dagrun for example_short_circuit_operator to 2023-05-15T01:39:55.826047+00:00, run_after=2023-05-16T01:39:55.826047+00:00
[2023-05-16T01:39:55.862+0000] {processor.py:175} INFO - Processing /home/airflow/.local/lib/python3.7/site-packages/airflow/example_dags/example_short_circuit_operator.py took 0.362 seconds
[2023-05-16T01:40:26.123+0000] {processor.py:153} INFO - Started process (PID=20209) to work on /home/airflow/.local/lib/python3.7/site-packages/airflow/example_dags/example_short_circuit_operator.py
[2023-05-16T01:40:26.125+0000] {processor.py:743} INFO - Processing file /home/airflow/.local/lib/python3.7/site-packages/airflow/example_dags/example_short_circuit_operator.py for tasks to queue
[2023-05-16T01:40:26.128+0000] {logging_mixin.py:137} INFO - [2023-05-16T01:40:26.128+0000] {dagbag.py:532} INFO - Filling up the DagBag from /home/airflow/.local/lib/python3.7/site-packages/airflow/example_dags/example_short_circuit_operator.py
[2023-05-16T01:40:26.159+0000] {processor.py:753} INFO - DAG(s) dict_keys(['example_short_circuit_operator']) retrieved from /home/airflow/.local/lib/python3.7/site-packages/airflow/example_dags/example_short_circuit_operator.py
[2023-05-16T01:40:26.212+0000] {logging_mixin.py:137} INFO - [2023-05-16T01:40:26.211+0000] {dag.py:2705} INFO - Sync 1 DAGs
[2023-05-16T01:40:26.249+0000] {logging_mixin.py:137} INFO - [2023-05-16T01:40:26.249+0000] {dag.py:3456} INFO - Setting next_dagrun for example_short_circuit_operator to 2023-05-15T01:40:26.248728+00:00, run_after=2023-05-16T01:40:26.248728+00:00
[2023-05-16T01:40:26.280+0000] {processor.py:175} INFO - Processing /home/airflow/.local/lib/python3.7/site-packages/airflow/example_dags/example_short_circuit_operator.py took 0.166 seconds
