[2023-05-16T00:00:39.954+0000] {processor.py:153} INFO - Started process (PID=16535) to work on /home/airflow/.local/lib/python3.7/site-packages/airflow/example_dags/tutorial.py
[2023-05-16T00:00:40.004+0000] {processor.py:743} INFO - Processing file /home/airflow/.local/lib/python3.7/site-packages/airflow/example_dags/tutorial.py for tasks to queue
[2023-05-16T00:00:40.059+0000] {logging_mixin.py:137} INFO - [2023-05-16T00:00:40.044+0000] {dagbag.py:532} INFO - Filling up the DagBag from /home/airflow/.local/lib/python3.7/site-packages/airflow/example_dags/tutorial.py
[2023-05-16T00:00:40.645+0000] {processor.py:753} INFO - DAG(s) dict_keys(['tutorial']) retrieved from /home/airflow/.local/lib/python3.7/site-packages/airflow/example_dags/tutorial.py
[2023-05-16T00:00:41.091+0000] {logging_mixin.py:137} INFO - [2023-05-16T00:00:41.090+0000] {dag.py:2705} INFO - Sync 1 DAGs
[2023-05-16T00:00:41.386+0000] {logging_mixin.py:137} INFO - [2023-05-16T00:00:41.386+0000] {dag.py:3456} INFO - Setting next_dagrun for tutorial to 2023-05-15T00:00:41.384445+00:00, run_after=2023-05-16T00:00:41.384445+00:00
[2023-05-16T00:00:41.616+0000] {processor.py:175} INFO - Processing /home/airflow/.local/lib/python3.7/site-packages/airflow/example_dags/tutorial.py took 1.836 seconds
[2023-05-16T00:01:20.385+0000] {processor.py:153} INFO - Started process (PID=16568) to work on /home/airflow/.local/lib/python3.7/site-packages/airflow/example_dags/tutorial.py
[2023-05-16T00:01:20.444+0000] {processor.py:743} INFO - Processing file /home/airflow/.local/lib/python3.7/site-packages/airflow/example_dags/tutorial.py for tasks to queue
[2023-05-16T00:01:20.491+0000] {logging_mixin.py:137} INFO - [2023-05-16T00:01:20.490+0000] {dagbag.py:532} INFO - Filling up the DagBag from /home/airflow/.local/lib/python3.7/site-packages/airflow/example_dags/tutorial.py
[2023-05-16T00:01:20.675+0000] {processor.py:753} INFO - DAG(s) dict_keys(['tutorial']) retrieved from /home/airflow/.local/lib/python3.7/site-packages/airflow/example_dags/tutorial.py
[2023-05-16T00:01:21.016+0000] {logging_mixin.py:137} INFO - [2023-05-16T00:01:21.015+0000] {dag.py:2705} INFO - Sync 1 DAGs
[2023-05-16T00:01:21.414+0000] {logging_mixin.py:137} INFO - [2023-05-16T00:01:21.413+0000] {dag.py:3456} INFO - Setting next_dagrun for tutorial to 2023-05-15T00:01:21.412260+00:00, run_after=2023-05-16T00:01:21.412260+00:00
[2023-05-16T00:01:21.723+0000] {processor.py:175} INFO - Processing /home/airflow/.local/lib/python3.7/site-packages/airflow/example_dags/tutorial.py took 1.386 seconds
[2023-05-16T00:02:00.906+0000] {processor.py:153} INFO - Started process (PID=16606) to work on /home/airflow/.local/lib/python3.7/site-packages/airflow/example_dags/tutorial.py
[2023-05-16T00:02:00.915+0000] {processor.py:743} INFO - Processing file /home/airflow/.local/lib/python3.7/site-packages/airflow/example_dags/tutorial.py for tasks to queue
[2023-05-16T00:02:00.932+0000] {logging_mixin.py:137} INFO - [2023-05-16T00:02:00.931+0000] {dagbag.py:532} INFO - Filling up the DagBag from /home/airflow/.local/lib/python3.7/site-packages/airflow/example_dags/tutorial.py
[2023-05-16T00:02:01.090+0000] {processor.py:753} INFO - DAG(s) dict_keys(['tutorial']) retrieved from /home/airflow/.local/lib/python3.7/site-packages/airflow/example_dags/tutorial.py
[2023-05-16T00:02:01.340+0000] {logging_mixin.py:137} INFO - [2023-05-16T00:02:01.339+0000] {dag.py:2705} INFO - Sync 1 DAGs
[2023-05-16T00:02:01.584+0000] {logging_mixin.py:137} INFO - [2023-05-16T00:02:01.573+0000] {dag.py:3456} INFO - Setting next_dagrun for tutorial to 2023-05-15T00:02:01.571726+00:00, run_after=2023-05-16T00:02:01.571726+00:00
[2023-05-16T00:02:01.788+0000] {processor.py:175} INFO - Processing /home/airflow/.local/lib/python3.7/site-packages/airflow/example_dags/tutorial.py took 0.918 seconds
[2023-05-16T00:17:43.582+0000] {processor.py:153} INFO - Started process (PID=16639) to work on /home/airflow/.local/lib/python3.7/site-packages/airflow/example_dags/tutorial.py
[2023-05-16T00:17:43.590+0000] {processor.py:743} INFO - Processing file /home/airflow/.local/lib/python3.7/site-packages/airflow/example_dags/tutorial.py for tasks to queue
[2023-05-16T00:17:43.593+0000] {logging_mixin.py:137} INFO - [2023-05-16T00:17:43.593+0000] {dagbag.py:532} INFO - Filling up the DagBag from /home/airflow/.local/lib/python3.7/site-packages/airflow/example_dags/tutorial.py
[2023-05-16T00:17:43.679+0000] {processor.py:753} INFO - DAG(s) dict_keys(['tutorial']) retrieved from /home/airflow/.local/lib/python3.7/site-packages/airflow/example_dags/tutorial.py
[2023-05-16T00:17:43.796+0000] {logging_mixin.py:137} INFO - [2023-05-16T00:17:43.796+0000] {dag.py:2705} INFO - Sync 1 DAGs
[2023-05-16T00:17:43.917+0000] {logging_mixin.py:137} INFO - [2023-05-16T00:17:43.917+0000] {dag.py:3456} INFO - Setting next_dagrun for tutorial to 2023-05-15T00:17:43.916696+00:00, run_after=2023-05-16T00:17:43.916696+00:00
[2023-05-16T00:17:43.998+0000] {processor.py:175} INFO - Processing /home/airflow/.local/lib/python3.7/site-packages/airflow/example_dags/tutorial.py took 0.432 seconds
[2023-05-16T00:18:36.792+0000] {processor.py:153} INFO - Started process (PID=16688) to work on /home/airflow/.local/lib/python3.7/site-packages/airflow/example_dags/tutorial.py
[2023-05-16T00:18:36.820+0000] {processor.py:743} INFO - Processing file /home/airflow/.local/lib/python3.7/site-packages/airflow/example_dags/tutorial.py for tasks to queue
[2023-05-16T00:18:36.829+0000] {logging_mixin.py:137} INFO - [2023-05-16T00:18:36.828+0000] {dagbag.py:532} INFO - Filling up the DagBag from /home/airflow/.local/lib/python3.7/site-packages/airflow/example_dags/tutorial.py
[2023-05-16T00:18:37.009+0000] {processor.py:753} INFO - DAG(s) dict_keys(['tutorial']) retrieved from /home/airflow/.local/lib/python3.7/site-packages/airflow/example_dags/tutorial.py
[2023-05-16T00:18:37.455+0000] {logging_mixin.py:137} INFO - [2023-05-16T00:18:37.454+0000] {dag.py:2705} INFO - Sync 1 DAGs
[2023-05-16T00:18:38.003+0000] {logging_mixin.py:137} INFO - [2023-05-16T00:18:38.002+0000] {dag.py:3456} INFO - Setting next_dagrun for tutorial to 2023-05-15T00:18:37.995291+00:00, run_after=2023-05-16T00:18:37.995291+00:00
[2023-05-16T00:18:38.394+0000] {processor.py:175} INFO - Processing /home/airflow/.local/lib/python3.7/site-packages/airflow/example_dags/tutorial.py took 1.655 seconds
[2023-05-16T00:19:19.745+0000] {processor.py:153} INFO - Started process (PID=16733) to work on /home/airflow/.local/lib/python3.7/site-packages/airflow/example_dags/tutorial.py
[2023-05-16T00:19:19.767+0000] {processor.py:743} INFO - Processing file /home/airflow/.local/lib/python3.7/site-packages/airflow/example_dags/tutorial.py for tasks to queue
[2023-05-16T00:19:19.786+0000] {logging_mixin.py:137} INFO - [2023-05-16T00:19:19.785+0000] {dagbag.py:532} INFO - Filling up the DagBag from /home/airflow/.local/lib/python3.7/site-packages/airflow/example_dags/tutorial.py
[2023-05-16T00:19:19.981+0000] {processor.py:753} INFO - DAG(s) dict_keys(['tutorial']) retrieved from /home/airflow/.local/lib/python3.7/site-packages/airflow/example_dags/tutorial.py
[2023-05-16T00:19:20.297+0000] {logging_mixin.py:137} INFO - [2023-05-16T00:19:20.296+0000] {dag.py:2705} INFO - Sync 1 DAGs
[2023-05-16T00:19:20.909+0000] {logging_mixin.py:137} INFO - [2023-05-16T00:19:20.909+0000] {dag.py:3456} INFO - Setting next_dagrun for tutorial to 2023-05-15T00:19:20.907714+00:00, run_after=2023-05-16T00:19:20.907714+00:00
[2023-05-16T00:19:21.166+0000] {processor.py:175} INFO - Processing /home/airflow/.local/lib/python3.7/site-packages/airflow/example_dags/tutorial.py took 1.493 seconds
[2023-05-16T00:20:00.139+0000] {processor.py:153} INFO - Started process (PID=16763) to work on /home/airflow/.local/lib/python3.7/site-packages/airflow/example_dags/tutorial.py
[2023-05-16T00:20:00.175+0000] {processor.py:743} INFO - Processing file /home/airflow/.local/lib/python3.7/site-packages/airflow/example_dags/tutorial.py for tasks to queue
[2023-05-16T00:20:00.210+0000] {logging_mixin.py:137} INFO - [2023-05-16T00:20:00.209+0000] {dagbag.py:532} INFO - Filling up the DagBag from /home/airflow/.local/lib/python3.7/site-packages/airflow/example_dags/tutorial.py
[2023-05-16T00:20:00.478+0000] {processor.py:753} INFO - DAG(s) dict_keys(['tutorial']) retrieved from /home/airflow/.local/lib/python3.7/site-packages/airflow/example_dags/tutorial.py
[2023-05-16T00:20:00.860+0000] {logging_mixin.py:137} INFO - [2023-05-16T00:20:00.859+0000] {dag.py:2705} INFO - Sync 1 DAGs
[2023-05-16T00:20:01.280+0000] {logging_mixin.py:137} INFO - [2023-05-16T00:20:01.279+0000] {dag.py:3456} INFO - Setting next_dagrun for tutorial to 2023-05-15T00:20:01.277814+00:00, run_after=2023-05-16T00:20:01.277814+00:00
[2023-05-16T00:20:01.560+0000] {processor.py:175} INFO - Processing /home/airflow/.local/lib/python3.7/site-packages/airflow/example_dags/tutorial.py took 1.518 seconds
[2023-05-16T00:35:46.155+0000] {processor.py:153} INFO - Started process (PID=16800) to work on /home/airflow/.local/lib/python3.7/site-packages/airflow/example_dags/tutorial.py
[2023-05-16T00:35:46.166+0000] {processor.py:743} INFO - Processing file /home/airflow/.local/lib/python3.7/site-packages/airflow/example_dags/tutorial.py for tasks to queue
[2023-05-16T00:35:46.176+0000] {logging_mixin.py:137} INFO - [2023-05-16T00:35:46.174+0000] {dagbag.py:532} INFO - Filling up the DagBag from /home/airflow/.local/lib/python3.7/site-packages/airflow/example_dags/tutorial.py
[2023-05-16T00:35:46.313+0000] {processor.py:753} INFO - DAG(s) dict_keys(['tutorial']) retrieved from /home/airflow/.local/lib/python3.7/site-packages/airflow/example_dags/tutorial.py
[2023-05-16T00:35:46.511+0000] {logging_mixin.py:137} INFO - [2023-05-16T00:35:46.504+0000] {dag.py:2705} INFO - Sync 1 DAGs
[2023-05-16T00:35:46.655+0000] {logging_mixin.py:137} INFO - [2023-05-16T00:35:46.655+0000] {dag.py:3456} INFO - Setting next_dagrun for tutorial to 2023-05-15T00:35:46.654743+00:00, run_after=2023-05-16T00:35:46.654743+00:00
[2023-05-16T00:35:46.706+0000] {processor.py:175} INFO - Processing /home/airflow/.local/lib/python3.7/site-packages/airflow/example_dags/tutorial.py took 0.566 seconds
[2023-05-16T00:51:10.700+0000] {processor.py:153} INFO - Started process (PID=16857) to work on /home/airflow/.local/lib/python3.7/site-packages/airflow/example_dags/tutorial.py
[2023-05-16T00:51:10.706+0000] {processor.py:743} INFO - Processing file /home/airflow/.local/lib/python3.7/site-packages/airflow/example_dags/tutorial.py for tasks to queue
[2023-05-16T00:51:10.713+0000] {logging_mixin.py:137} INFO - [2023-05-16T00:51:10.711+0000] {dagbag.py:532} INFO - Filling up the DagBag from /home/airflow/.local/lib/python3.7/site-packages/airflow/example_dags/tutorial.py
[2023-05-16T00:51:10.801+0000] {processor.py:753} INFO - DAG(s) dict_keys(['tutorial']) retrieved from /home/airflow/.local/lib/python3.7/site-packages/airflow/example_dags/tutorial.py
[2023-05-16T00:51:10.964+0000] {logging_mixin.py:137} INFO - [2023-05-16T00:51:10.964+0000] {dag.py:2705} INFO - Sync 1 DAGs
[2023-05-16T00:51:11.107+0000] {logging_mixin.py:137} INFO - [2023-05-16T00:51:11.105+0000] {dag.py:3456} INFO - Setting next_dagrun for tutorial to 2023-05-15T00:51:11.105264+00:00, run_after=2023-05-16T00:51:11.105264+00:00
[2023-05-16T00:51:11.170+0000] {processor.py:175} INFO - Processing /home/airflow/.local/lib/python3.7/site-packages/airflow/example_dags/tutorial.py took 0.485 seconds
[2023-05-16T01:02:51.551+0000] {processor.py:153} INFO - Started process (PID=16899) to work on /home/airflow/.local/lib/python3.7/site-packages/airflow/example_dags/tutorial.py
[2023-05-16T01:02:51.558+0000] {processor.py:743} INFO - Processing file /home/airflow/.local/lib/python3.7/site-packages/airflow/example_dags/tutorial.py for tasks to queue
[2023-05-16T01:02:51.560+0000] {logging_mixin.py:137} INFO - [2023-05-16T01:02:51.560+0000] {dagbag.py:532} INFO - Filling up the DagBag from /home/airflow/.local/lib/python3.7/site-packages/airflow/example_dags/tutorial.py
[2023-05-16T01:02:51.696+0000] {processor.py:753} INFO - DAG(s) dict_keys(['tutorial']) retrieved from /home/airflow/.local/lib/python3.7/site-packages/airflow/example_dags/tutorial.py
[2023-05-16T01:02:51.909+0000] {logging_mixin.py:137} INFO - [2023-05-16T01:02:51.909+0000] {dag.py:2705} INFO - Sync 1 DAGs
[2023-05-16T01:02:52.090+0000] {logging_mixin.py:137} INFO - [2023-05-16T01:02:52.090+0000] {dag.py:3456} INFO - Setting next_dagrun for tutorial to 2023-05-15T01:02:52.090204+00:00, run_after=2023-05-16T01:02:52.090204+00:00
[2023-05-16T01:02:52.233+0000] {processor.py:175} INFO - Processing /home/airflow/.local/lib/python3.7/site-packages/airflow/example_dags/tutorial.py took 0.699 seconds
[2023-05-16T01:03:25.988+0000] {processor.py:153} INFO - Started process (PID=16949) to work on /home/airflow/.local/lib/python3.7/site-packages/airflow/example_dags/tutorial.py
[2023-05-16T01:03:26.013+0000] {processor.py:743} INFO - Processing file /home/airflow/.local/lib/python3.7/site-packages/airflow/example_dags/tutorial.py for tasks to queue
[2023-05-16T01:03:26.026+0000] {logging_mixin.py:137} INFO - [2023-05-16T01:03:26.019+0000] {dagbag.py:532} INFO - Filling up the DagBag from /home/airflow/.local/lib/python3.7/site-packages/airflow/example_dags/tutorial.py
[2023-05-16T01:03:26.434+0000] {processor.py:753} INFO - DAG(s) dict_keys(['tutorial']) retrieved from /home/airflow/.local/lib/python3.7/site-packages/airflow/example_dags/tutorial.py
[2023-05-16T01:03:27.116+0000] {logging_mixin.py:137} INFO - [2023-05-16T01:03:27.109+0000] {dag.py:2705} INFO - Sync 1 DAGs
[2023-05-16T01:03:27.647+0000] {logging_mixin.py:137} INFO - [2023-05-16T01:03:27.647+0000] {dag.py:3456} INFO - Setting next_dagrun for tutorial to 2023-05-15T01:03:27.641560+00:00, run_after=2023-05-16T01:03:27.641560+00:00
[2023-05-16T01:03:27.996+0000] {processor.py:175} INFO - Processing /home/airflow/.local/lib/python3.7/site-packages/airflow/example_dags/tutorial.py took 2.088 seconds
[2023-05-16T01:04:34.690+0000] {processor.py:153} INFO - Started process (PID=17007) to work on /home/airflow/.local/lib/python3.7/site-packages/airflow/example_dags/tutorial.py
[2023-05-16T01:04:34.705+0000] {processor.py:743} INFO - Processing file /home/airflow/.local/lib/python3.7/site-packages/airflow/example_dags/tutorial.py for tasks to queue
[2023-05-16T01:04:34.727+0000] {logging_mixin.py:137} INFO - [2023-05-16T01:04:34.722+0000] {dagbag.py:532} INFO - Filling up the DagBag from /home/airflow/.local/lib/python3.7/site-packages/airflow/example_dags/tutorial.py
[2023-05-16T01:04:34.863+0000] {processor.py:753} INFO - DAG(s) dict_keys(['tutorial']) retrieved from /home/airflow/.local/lib/python3.7/site-packages/airflow/example_dags/tutorial.py
[2023-05-16T01:04:35.046+0000] {logging_mixin.py:137} INFO - [2023-05-16T01:04:35.045+0000] {dag.py:2705} INFO - Sync 1 DAGs
[2023-05-16T01:04:35.224+0000] {logging_mixin.py:137} INFO - [2023-05-16T01:04:35.223+0000] {dag.py:3456} INFO - Setting next_dagrun for tutorial to 2023-05-15T01:04:35.222147+00:00, run_after=2023-05-16T01:04:35.222147+00:00
[2023-05-16T01:04:35.349+0000] {processor.py:175} INFO - Processing /home/airflow/.local/lib/python3.7/site-packages/airflow/example_dags/tutorial.py took 0.682 seconds
[2023-05-16T01:05:15.634+0000] {processor.py:153} INFO - Started process (PID=17038) to work on /home/airflow/.local/lib/python3.7/site-packages/airflow/example_dags/tutorial.py
[2023-05-16T01:05:15.657+0000] {processor.py:743} INFO - Processing file /home/airflow/.local/lib/python3.7/site-packages/airflow/example_dags/tutorial.py for tasks to queue
[2023-05-16T01:05:15.666+0000] {logging_mixin.py:137} INFO - [2023-05-16T01:05:15.665+0000] {dagbag.py:532} INFO - Filling up the DagBag from /home/airflow/.local/lib/python3.7/site-packages/airflow/example_dags/tutorial.py
[2023-05-16T01:05:15.995+0000] {processor.py:753} INFO - DAG(s) dict_keys(['tutorial']) retrieved from /home/airflow/.local/lib/python3.7/site-packages/airflow/example_dags/tutorial.py
[2023-05-16T01:05:16.305+0000] {logging_mixin.py:137} INFO - [2023-05-16T01:05:16.304+0000] {dag.py:2705} INFO - Sync 1 DAGs
[2023-05-16T01:05:16.992+0000] {logging_mixin.py:137} INFO - [2023-05-16T01:05:16.991+0000] {dag.py:3456} INFO - Setting next_dagrun for tutorial to 2023-05-15T01:05:16.988371+00:00, run_after=2023-05-16T01:05:16.988371+00:00
[2023-05-16T01:05:17.512+0000] {processor.py:175} INFO - Processing /home/airflow/.local/lib/python3.7/site-packages/airflow/example_dags/tutorial.py took 2.012 seconds
[2023-05-16T01:05:52.592+0000] {processor.py:153} INFO - Started process (PID=17074) to work on /home/airflow/.local/lib/python3.7/site-packages/airflow/example_dags/tutorial.py
[2023-05-16T01:05:52.618+0000] {processor.py:743} INFO - Processing file /home/airflow/.local/lib/python3.7/site-packages/airflow/example_dags/tutorial.py for tasks to queue
[2023-05-16T01:05:52.678+0000] {logging_mixin.py:137} INFO - [2023-05-16T01:05:52.657+0000] {dagbag.py:532} INFO - Filling up the DagBag from /home/airflow/.local/lib/python3.7/site-packages/airflow/example_dags/tutorial.py
[2023-05-16T01:05:53.203+0000] {processor.py:753} INFO - DAG(s) dict_keys(['tutorial']) retrieved from /home/airflow/.local/lib/python3.7/site-packages/airflow/example_dags/tutorial.py
[2023-05-16T01:05:53.743+0000] {logging_mixin.py:137} INFO - [2023-05-16T01:05:53.743+0000] {dag.py:2705} INFO - Sync 1 DAGs
[2023-05-16T01:05:54.115+0000] {logging_mixin.py:137} INFO - [2023-05-16T01:05:54.114+0000] {dag.py:3456} INFO - Setting next_dagrun for tutorial to 2023-05-15T01:05:54.112384+00:00, run_after=2023-05-16T01:05:54.112384+00:00
[2023-05-16T01:05:54.347+0000] {processor.py:175} INFO - Processing /home/airflow/.local/lib/python3.7/site-packages/airflow/example_dags/tutorial.py took 2.004 seconds
[2023-05-16T01:06:25.157+0000] {processor.py:153} INFO - Started process (PID=17127) to work on /home/airflow/.local/lib/python3.7/site-packages/airflow/example_dags/tutorial.py
[2023-05-16T01:06:25.159+0000] {processor.py:743} INFO - Processing file /home/airflow/.local/lib/python3.7/site-packages/airflow/example_dags/tutorial.py for tasks to queue
[2023-05-16T01:06:25.161+0000] {logging_mixin.py:137} INFO - [2023-05-16T01:06:25.161+0000] {dagbag.py:532} INFO - Filling up the DagBag from /home/airflow/.local/lib/python3.7/site-packages/airflow/example_dags/tutorial.py
[2023-05-16T01:06:25.200+0000] {processor.py:753} INFO - DAG(s) dict_keys(['tutorial']) retrieved from /home/airflow/.local/lib/python3.7/site-packages/airflow/example_dags/tutorial.py
[2023-05-16T01:06:25.239+0000] {logging_mixin.py:137} INFO - [2023-05-16T01:06:25.238+0000] {dag.py:2705} INFO - Sync 1 DAGs
[2023-05-16T01:06:25.273+0000] {logging_mixin.py:137} INFO - [2023-05-16T01:06:25.272+0000] {dag.py:3456} INFO - Setting next_dagrun for tutorial to 2023-05-15T01:06:25.272589+00:00, run_after=2023-05-16T01:06:25.272589+00:00
[2023-05-16T01:06:25.300+0000] {processor.py:175} INFO - Processing /home/airflow/.local/lib/python3.7/site-packages/airflow/example_dags/tutorial.py took 0.149 seconds
[2023-05-16T01:09:08.349+0000] {processor.py:153} INFO - Started process (PID=17156) to work on /home/airflow/.local/lib/python3.7/site-packages/airflow/example_dags/tutorial.py
[2023-05-16T01:09:08.352+0000] {processor.py:743} INFO - Processing file /home/airflow/.local/lib/python3.7/site-packages/airflow/example_dags/tutorial.py for tasks to queue
[2023-05-16T01:09:08.359+0000] {logging_mixin.py:137} INFO - [2023-05-16T01:09:08.358+0000] {dagbag.py:532} INFO - Filling up the DagBag from /home/airflow/.local/lib/python3.7/site-packages/airflow/example_dags/tutorial.py
[2023-05-16T01:09:08.508+0000] {processor.py:753} INFO - DAG(s) dict_keys(['tutorial']) retrieved from /home/airflow/.local/lib/python3.7/site-packages/airflow/example_dags/tutorial.py
[2023-05-16T01:09:08.785+0000] {logging_mixin.py:137} INFO - [2023-05-16T01:09:08.785+0000] {dag.py:2705} INFO - Sync 1 DAGs
[2023-05-16T01:09:09.014+0000] {logging_mixin.py:137} INFO - [2023-05-16T01:09:09.014+0000] {dag.py:3456} INFO - Setting next_dagrun for tutorial to 2023-05-15T01:09:09.014289+00:00, run_after=2023-05-16T01:09:09.014289+00:00
[2023-05-16T01:09:09.158+0000] {processor.py:175} INFO - Processing /home/airflow/.local/lib/python3.7/site-packages/airflow/example_dags/tutorial.py took 0.852 seconds
[2023-05-16T01:09:46.880+0000] {processor.py:153} INFO - Started process (PID=17208) to work on /home/airflow/.local/lib/python3.7/site-packages/airflow/example_dags/tutorial.py
[2023-05-16T01:09:46.900+0000] {processor.py:743} INFO - Processing file /home/airflow/.local/lib/python3.7/site-packages/airflow/example_dags/tutorial.py for tasks to queue
[2023-05-16T01:09:46.918+0000] {logging_mixin.py:137} INFO - [2023-05-16T01:09:46.917+0000] {dagbag.py:532} INFO - Filling up the DagBag from /home/airflow/.local/lib/python3.7/site-packages/airflow/example_dags/tutorial.py
[2023-05-16T01:09:47.322+0000] {processor.py:753} INFO - DAG(s) dict_keys(['tutorial']) retrieved from /home/airflow/.local/lib/python3.7/site-packages/airflow/example_dags/tutorial.py
[2023-05-16T01:09:48.192+0000] {logging_mixin.py:137} INFO - [2023-05-16T01:09:48.191+0000] {dag.py:2705} INFO - Sync 1 DAGs
[2023-05-16T01:09:48.693+0000] {logging_mixin.py:137} INFO - [2023-05-16T01:09:48.692+0000] {dag.py:3456} INFO - Setting next_dagrun for tutorial to 2023-05-15T01:09:48.691014+00:00, run_after=2023-05-16T01:09:48.691014+00:00
[2023-05-16T01:09:49.048+0000] {processor.py:175} INFO - Processing /home/airflow/.local/lib/python3.7/site-packages/airflow/example_dags/tutorial.py took 2.194 seconds
[2023-05-16T01:11:25.637+0000] {processor.py:153} INFO - Started process (PID=17253) to work on /home/airflow/.local/lib/python3.7/site-packages/airflow/example_dags/tutorial.py
[2023-05-16T01:11:25.641+0000] {processor.py:743} INFO - Processing file /home/airflow/.local/lib/python3.7/site-packages/airflow/example_dags/tutorial.py for tasks to queue
[2023-05-16T01:11:25.644+0000] {logging_mixin.py:137} INFO - [2023-05-16T01:11:25.644+0000] {dagbag.py:532} INFO - Filling up the DagBag from /home/airflow/.local/lib/python3.7/site-packages/airflow/example_dags/tutorial.py
[2023-05-16T01:11:25.673+0000] {processor.py:753} INFO - DAG(s) dict_keys(['tutorial']) retrieved from /home/airflow/.local/lib/python3.7/site-packages/airflow/example_dags/tutorial.py
[2023-05-16T01:11:25.735+0000] {logging_mixin.py:137} INFO - [2023-05-16T01:11:25.735+0000] {dag.py:2705} INFO - Sync 1 DAGs
[2023-05-16T01:11:25.778+0000] {logging_mixin.py:137} INFO - [2023-05-16T01:11:25.778+0000] {dag.py:3456} INFO - Setting next_dagrun for tutorial to 2023-05-15T01:11:25.778134+00:00, run_after=2023-05-16T01:11:25.778134+00:00
[2023-05-16T01:11:25.813+0000] {processor.py:175} INFO - Processing /home/airflow/.local/lib/python3.7/site-packages/airflow/example_dags/tutorial.py took 0.186 seconds
[2023-05-16T01:11:56.629+0000] {processor.py:153} INFO - Started process (PID=17301) to work on /home/airflow/.local/lib/python3.7/site-packages/airflow/example_dags/tutorial.py
[2023-05-16T01:11:56.637+0000] {processor.py:743} INFO - Processing file /home/airflow/.local/lib/python3.7/site-packages/airflow/example_dags/tutorial.py for tasks to queue
[2023-05-16T01:11:56.646+0000] {logging_mixin.py:137} INFO - [2023-05-16T01:11:56.644+0000] {dagbag.py:532} INFO - Filling up the DagBag from /home/airflow/.local/lib/python3.7/site-packages/airflow/example_dags/tutorial.py
[2023-05-16T01:11:56.727+0000] {processor.py:753} INFO - DAG(s) dict_keys(['tutorial']) retrieved from /home/airflow/.local/lib/python3.7/site-packages/airflow/example_dags/tutorial.py
[2023-05-16T01:11:56.867+0000] {logging_mixin.py:137} INFO - [2023-05-16T01:11:56.866+0000] {dag.py:2705} INFO - Sync 1 DAGs
[2023-05-16T01:11:56.979+0000] {logging_mixin.py:137} INFO - [2023-05-16T01:11:56.979+0000] {dag.py:3456} INFO - Setting next_dagrun for tutorial to 2023-05-15T01:11:56.978799+00:00, run_after=2023-05-16T01:11:56.978799+00:00
[2023-05-16T01:11:57.074+0000] {processor.py:175} INFO - Processing /home/airflow/.local/lib/python3.7/site-packages/airflow/example_dags/tutorial.py took 0.466 seconds
[2023-05-16T01:12:28.072+0000] {processor.py:153} INFO - Started process (PID=17353) to work on /home/airflow/.local/lib/python3.7/site-packages/airflow/example_dags/tutorial.py
[2023-05-16T01:12:28.088+0000] {processor.py:743} INFO - Processing file /home/airflow/.local/lib/python3.7/site-packages/airflow/example_dags/tutorial.py for tasks to queue
[2023-05-16T01:12:28.091+0000] {logging_mixin.py:137} INFO - [2023-05-16T01:12:28.090+0000] {dagbag.py:532} INFO - Filling up the DagBag from /home/airflow/.local/lib/python3.7/site-packages/airflow/example_dags/tutorial.py
[2023-05-16T01:12:28.134+0000] {processor.py:753} INFO - DAG(s) dict_keys(['tutorial']) retrieved from /home/airflow/.local/lib/python3.7/site-packages/airflow/example_dags/tutorial.py
[2023-05-16T01:12:28.202+0000] {logging_mixin.py:137} INFO - [2023-05-16T01:12:28.202+0000] {dag.py:2705} INFO - Sync 1 DAGs
[2023-05-16T01:12:28.254+0000] {logging_mixin.py:137} INFO - [2023-05-16T01:12:28.254+0000] {dag.py:3456} INFO - Setting next_dagrun for tutorial to 2023-05-15T01:12:28.254111+00:00, run_after=2023-05-16T01:12:28.254111+00:00
[2023-05-16T01:12:28.298+0000] {processor.py:175} INFO - Processing /home/airflow/.local/lib/python3.7/site-packages/airflow/example_dags/tutorial.py took 0.253 seconds
[2023-05-16T01:12:59.087+0000] {processor.py:153} INFO - Started process (PID=17405) to work on /home/airflow/.local/lib/python3.7/site-packages/airflow/example_dags/tutorial.py
[2023-05-16T01:12:59.089+0000] {processor.py:743} INFO - Processing file /home/airflow/.local/lib/python3.7/site-packages/airflow/example_dags/tutorial.py for tasks to queue
[2023-05-16T01:12:59.092+0000] {logging_mixin.py:137} INFO - [2023-05-16T01:12:59.092+0000] {dagbag.py:532} INFO - Filling up the DagBag from /home/airflow/.local/lib/python3.7/site-packages/airflow/example_dags/tutorial.py
[2023-05-16T01:12:59.118+0000] {processor.py:753} INFO - DAG(s) dict_keys(['tutorial']) retrieved from /home/airflow/.local/lib/python3.7/site-packages/airflow/example_dags/tutorial.py
[2023-05-16T01:12:59.166+0000] {logging_mixin.py:137} INFO - [2023-05-16T01:12:59.165+0000] {dag.py:2705} INFO - Sync 1 DAGs
[2023-05-16T01:12:59.209+0000] {logging_mixin.py:137} INFO - [2023-05-16T01:12:59.208+0000] {dag.py:3456} INFO - Setting next_dagrun for tutorial to 2023-05-15T01:12:59.208644+00:00, run_after=2023-05-16T01:12:59.208644+00:00
[2023-05-16T01:12:59.253+0000] {processor.py:175} INFO - Processing /home/airflow/.local/lib/python3.7/site-packages/airflow/example_dags/tutorial.py took 0.178 seconds
[2023-05-16T01:13:29.742+0000] {processor.py:153} INFO - Started process (PID=17457) to work on /home/airflow/.local/lib/python3.7/site-packages/airflow/example_dags/tutorial.py
[2023-05-16T01:13:29.746+0000] {processor.py:743} INFO - Processing file /home/airflow/.local/lib/python3.7/site-packages/airflow/example_dags/tutorial.py for tasks to queue
[2023-05-16T01:13:29.751+0000] {logging_mixin.py:137} INFO - [2023-05-16T01:13:29.750+0000] {dagbag.py:532} INFO - Filling up the DagBag from /home/airflow/.local/lib/python3.7/site-packages/airflow/example_dags/tutorial.py
[2023-05-16T01:13:29.798+0000] {processor.py:753} INFO - DAG(s) dict_keys(['tutorial']) retrieved from /home/airflow/.local/lib/python3.7/site-packages/airflow/example_dags/tutorial.py
[2023-05-16T01:13:29.862+0000] {logging_mixin.py:137} INFO - [2023-05-16T01:13:29.862+0000] {dag.py:2705} INFO - Sync 1 DAGs
[2023-05-16T01:13:29.939+0000] {logging_mixin.py:137} INFO - [2023-05-16T01:13:29.939+0000] {dag.py:3456} INFO - Setting next_dagrun for tutorial to 2023-05-15T01:13:29.939278+00:00, run_after=2023-05-16T01:13:29.939278+00:00
[2023-05-16T01:13:30.042+0000] {processor.py:175} INFO - Processing /home/airflow/.local/lib/python3.7/site-packages/airflow/example_dags/tutorial.py took 0.322 seconds
[2023-05-16T01:14:00.238+0000] {processor.py:153} INFO - Started process (PID=17509) to work on /home/airflow/.local/lib/python3.7/site-packages/airflow/example_dags/tutorial.py
[2023-05-16T01:14:00.241+0000] {processor.py:743} INFO - Processing file /home/airflow/.local/lib/python3.7/site-packages/airflow/example_dags/tutorial.py for tasks to queue
[2023-05-16T01:14:00.243+0000] {logging_mixin.py:137} INFO - [2023-05-16T01:14:00.243+0000] {dagbag.py:532} INFO - Filling up the DagBag from /home/airflow/.local/lib/python3.7/site-packages/airflow/example_dags/tutorial.py
[2023-05-16T01:14:00.273+0000] {processor.py:753} INFO - DAG(s) dict_keys(['tutorial']) retrieved from /home/airflow/.local/lib/python3.7/site-packages/airflow/example_dags/tutorial.py
[2023-05-16T01:14:00.329+0000] {logging_mixin.py:137} INFO - [2023-05-16T01:14:00.328+0000] {dag.py:2705} INFO - Sync 1 DAGs
[2023-05-16T01:14:00.375+0000] {logging_mixin.py:137} INFO - [2023-05-16T01:14:00.375+0000] {dag.py:3456} INFO - Setting next_dagrun for tutorial to 2023-05-15T01:14:00.374691+00:00, run_after=2023-05-16T01:14:00.374691+00:00
[2023-05-16T01:14:00.407+0000] {processor.py:175} INFO - Processing /home/airflow/.local/lib/python3.7/site-packages/airflow/example_dags/tutorial.py took 0.181 seconds
[2023-05-16T01:14:30.626+0000] {processor.py:153} INFO - Started process (PID=17561) to work on /home/airflow/.local/lib/python3.7/site-packages/airflow/example_dags/tutorial.py
[2023-05-16T01:14:30.629+0000] {processor.py:743} INFO - Processing file /home/airflow/.local/lib/python3.7/site-packages/airflow/example_dags/tutorial.py for tasks to queue
[2023-05-16T01:14:30.632+0000] {logging_mixin.py:137} INFO - [2023-05-16T01:14:30.631+0000] {dagbag.py:532} INFO - Filling up the DagBag from /home/airflow/.local/lib/python3.7/site-packages/airflow/example_dags/tutorial.py
[2023-05-16T01:14:30.657+0000] {processor.py:753} INFO - DAG(s) dict_keys(['tutorial']) retrieved from /home/airflow/.local/lib/python3.7/site-packages/airflow/example_dags/tutorial.py
[2023-05-16T01:14:30.700+0000] {logging_mixin.py:137} INFO - [2023-05-16T01:14:30.699+0000] {dag.py:2705} INFO - Sync 1 DAGs
[2023-05-16T01:14:30.742+0000] {logging_mixin.py:137} INFO - [2023-05-16T01:14:30.742+0000] {dag.py:3456} INFO - Setting next_dagrun for tutorial to 2023-05-15T01:14:30.742316+00:00, run_after=2023-05-16T01:14:30.742316+00:00
[2023-05-16T01:14:30.772+0000] {processor.py:175} INFO - Processing /home/airflow/.local/lib/python3.7/site-packages/airflow/example_dags/tutorial.py took 0.156 seconds
[2023-05-16T01:15:01.068+0000] {processor.py:153} INFO - Started process (PID=17614) to work on /home/airflow/.local/lib/python3.7/site-packages/airflow/example_dags/tutorial.py
[2023-05-16T01:15:01.070+0000] {processor.py:743} INFO - Processing file /home/airflow/.local/lib/python3.7/site-packages/airflow/example_dags/tutorial.py for tasks to queue
[2023-05-16T01:15:01.078+0000] {logging_mixin.py:137} INFO - [2023-05-16T01:15:01.077+0000] {dagbag.py:532} INFO - Filling up the DagBag from /home/airflow/.local/lib/python3.7/site-packages/airflow/example_dags/tutorial.py
[2023-05-16T01:15:01.118+0000] {processor.py:753} INFO - DAG(s) dict_keys(['tutorial']) retrieved from /home/airflow/.local/lib/python3.7/site-packages/airflow/example_dags/tutorial.py
[2023-05-16T01:15:01.174+0000] {logging_mixin.py:137} INFO - [2023-05-16T01:15:01.174+0000] {dag.py:2705} INFO - Sync 1 DAGs
[2023-05-16T01:15:01.215+0000] {logging_mixin.py:137} INFO - [2023-05-16T01:15:01.215+0000] {dag.py:3456} INFO - Setting next_dagrun for tutorial to 2023-05-15T01:15:01.214885+00:00, run_after=2023-05-16T01:15:01.214885+00:00
[2023-05-16T01:15:01.243+0000] {processor.py:175} INFO - Processing /home/airflow/.local/lib/python3.7/site-packages/airflow/example_dags/tutorial.py took 0.185 seconds
[2023-05-16T01:15:31.703+0000] {processor.py:153} INFO - Started process (PID=17666) to work on /home/airflow/.local/lib/python3.7/site-packages/airflow/example_dags/tutorial.py
[2023-05-16T01:15:31.705+0000] {processor.py:743} INFO - Processing file /home/airflow/.local/lib/python3.7/site-packages/airflow/example_dags/tutorial.py for tasks to queue
[2023-05-16T01:15:31.708+0000] {logging_mixin.py:137} INFO - [2023-05-16T01:15:31.707+0000] {dagbag.py:532} INFO - Filling up the DagBag from /home/airflow/.local/lib/python3.7/site-packages/airflow/example_dags/tutorial.py
[2023-05-16T01:15:31.738+0000] {processor.py:753} INFO - DAG(s) dict_keys(['tutorial']) retrieved from /home/airflow/.local/lib/python3.7/site-packages/airflow/example_dags/tutorial.py
[2023-05-16T01:15:31.792+0000] {logging_mixin.py:137} INFO - [2023-05-16T01:15:31.792+0000] {dag.py:2705} INFO - Sync 1 DAGs
[2023-05-16T01:15:31.831+0000] {logging_mixin.py:137} INFO - [2023-05-16T01:15:31.831+0000] {dag.py:3456} INFO - Setting next_dagrun for tutorial to 2023-05-15T01:15:31.831247+00:00, run_after=2023-05-16T01:15:31.831247+00:00
[2023-05-16T01:15:31.872+0000] {processor.py:175} INFO - Processing /home/airflow/.local/lib/python3.7/site-packages/airflow/example_dags/tutorial.py took 0.180 seconds
[2023-05-16T01:16:02.071+0000] {processor.py:153} INFO - Started process (PID=17718) to work on /home/airflow/.local/lib/python3.7/site-packages/airflow/example_dags/tutorial.py
[2023-05-16T01:16:02.078+0000] {processor.py:743} INFO - Processing file /home/airflow/.local/lib/python3.7/site-packages/airflow/example_dags/tutorial.py for tasks to queue
[2023-05-16T01:16:02.080+0000] {logging_mixin.py:137} INFO - [2023-05-16T01:16:02.079+0000] {dagbag.py:532} INFO - Filling up the DagBag from /home/airflow/.local/lib/python3.7/site-packages/airflow/example_dags/tutorial.py
[2023-05-16T01:16:02.115+0000] {processor.py:753} INFO - DAG(s) dict_keys(['tutorial']) retrieved from /home/airflow/.local/lib/python3.7/site-packages/airflow/example_dags/tutorial.py
[2023-05-16T01:16:02.159+0000] {logging_mixin.py:137} INFO - [2023-05-16T01:16:02.159+0000] {dag.py:2705} INFO - Sync 1 DAGs
[2023-05-16T01:16:02.206+0000] {logging_mixin.py:137} INFO - [2023-05-16T01:16:02.206+0000] {dag.py:3456} INFO - Setting next_dagrun for tutorial to 2023-05-15T01:16:02.206402+00:00, run_after=2023-05-16T01:16:02.206402+00:00
[2023-05-16T01:16:02.238+0000] {processor.py:175} INFO - Processing /home/airflow/.local/lib/python3.7/site-packages/airflow/example_dags/tutorial.py took 0.178 seconds
[2023-05-16T01:16:32.834+0000] {processor.py:153} INFO - Started process (PID=17770) to work on /home/airflow/.local/lib/python3.7/site-packages/airflow/example_dags/tutorial.py
[2023-05-16T01:16:32.836+0000] {processor.py:743} INFO - Processing file /home/airflow/.local/lib/python3.7/site-packages/airflow/example_dags/tutorial.py for tasks to queue
[2023-05-16T01:16:32.839+0000] {logging_mixin.py:137} INFO - [2023-05-16T01:16:32.838+0000] {dagbag.py:532} INFO - Filling up the DagBag from /home/airflow/.local/lib/python3.7/site-packages/airflow/example_dags/tutorial.py
[2023-05-16T01:16:32.871+0000] {processor.py:753} INFO - DAG(s) dict_keys(['tutorial']) retrieved from /home/airflow/.local/lib/python3.7/site-packages/airflow/example_dags/tutorial.py
[2023-05-16T01:16:32.921+0000] {logging_mixin.py:137} INFO - [2023-05-16T01:16:32.920+0000] {dag.py:2705} INFO - Sync 1 DAGs
[2023-05-16T01:16:32.961+0000] {logging_mixin.py:137} INFO - [2023-05-16T01:16:32.961+0000] {dag.py:3456} INFO - Setting next_dagrun for tutorial to 2023-05-15T01:16:32.961365+00:00, run_after=2023-05-16T01:16:32.961365+00:00
[2023-05-16T01:16:33.002+0000] {processor.py:175} INFO - Processing /home/airflow/.local/lib/python3.7/site-packages/airflow/example_dags/tutorial.py took 0.178 seconds
[2023-05-16T01:17:03.585+0000] {processor.py:153} INFO - Started process (PID=17822) to work on /home/airflow/.local/lib/python3.7/site-packages/airflow/example_dags/tutorial.py
[2023-05-16T01:17:03.588+0000] {processor.py:743} INFO - Processing file /home/airflow/.local/lib/python3.7/site-packages/airflow/example_dags/tutorial.py for tasks to queue
[2023-05-16T01:17:03.591+0000] {logging_mixin.py:137} INFO - [2023-05-16T01:17:03.590+0000] {dagbag.py:532} INFO - Filling up the DagBag from /home/airflow/.local/lib/python3.7/site-packages/airflow/example_dags/tutorial.py
[2023-05-16T01:17:03.635+0000] {processor.py:753} INFO - DAG(s) dict_keys(['tutorial']) retrieved from /home/airflow/.local/lib/python3.7/site-packages/airflow/example_dags/tutorial.py
[2023-05-16T01:17:03.710+0000] {logging_mixin.py:137} INFO - [2023-05-16T01:17:03.710+0000] {dag.py:2705} INFO - Sync 1 DAGs
[2023-05-16T01:17:03.802+0000] {logging_mixin.py:137} INFO - [2023-05-16T01:17:03.802+0000] {dag.py:3456} INFO - Setting next_dagrun for tutorial to 2023-05-15T01:17:03.801432+00:00, run_after=2023-05-16T01:17:03.801432+00:00
[2023-05-16T01:17:03.889+0000] {processor.py:175} INFO - Processing /home/airflow/.local/lib/python3.7/site-packages/airflow/example_dags/tutorial.py took 0.319 seconds
[2023-05-16T01:17:34.608+0000] {processor.py:153} INFO - Started process (PID=17875) to work on /home/airflow/.local/lib/python3.7/site-packages/airflow/example_dags/tutorial.py
[2023-05-16T01:17:34.612+0000] {processor.py:743} INFO - Processing file /home/airflow/.local/lib/python3.7/site-packages/airflow/example_dags/tutorial.py for tasks to queue
[2023-05-16T01:17:34.616+0000] {logging_mixin.py:137} INFO - [2023-05-16T01:17:34.616+0000] {dagbag.py:532} INFO - Filling up the DagBag from /home/airflow/.local/lib/python3.7/site-packages/airflow/example_dags/tutorial.py
[2023-05-16T01:17:34.663+0000] {processor.py:753} INFO - DAG(s) dict_keys(['tutorial']) retrieved from /home/airflow/.local/lib/python3.7/site-packages/airflow/example_dags/tutorial.py
[2023-05-16T01:17:34.748+0000] {logging_mixin.py:137} INFO - [2023-05-16T01:17:34.747+0000] {dag.py:2705} INFO - Sync 1 DAGs
[2023-05-16T01:17:34.818+0000] {logging_mixin.py:137} INFO - [2023-05-16T01:17:34.817+0000] {dag.py:3456} INFO - Setting next_dagrun for tutorial to 2023-05-15T01:17:34.817628+00:00, run_after=2023-05-16T01:17:34.817628+00:00
[2023-05-16T01:17:34.895+0000] {processor.py:175} INFO - Processing /home/airflow/.local/lib/python3.7/site-packages/airflow/example_dags/tutorial.py took 0.305 seconds
[2023-05-16T01:18:05.134+0000] {processor.py:153} INFO - Started process (PID=17927) to work on /home/airflow/.local/lib/python3.7/site-packages/airflow/example_dags/tutorial.py
[2023-05-16T01:18:05.136+0000] {processor.py:743} INFO - Processing file /home/airflow/.local/lib/python3.7/site-packages/airflow/example_dags/tutorial.py for tasks to queue
[2023-05-16T01:18:05.139+0000] {logging_mixin.py:137} INFO - [2023-05-16T01:18:05.138+0000] {dagbag.py:532} INFO - Filling up the DagBag from /home/airflow/.local/lib/python3.7/site-packages/airflow/example_dags/tutorial.py
[2023-05-16T01:18:05.165+0000] {processor.py:753} INFO - DAG(s) dict_keys(['tutorial']) retrieved from /home/airflow/.local/lib/python3.7/site-packages/airflow/example_dags/tutorial.py
[2023-05-16T01:18:05.215+0000] {logging_mixin.py:137} INFO - [2023-05-16T01:18:05.214+0000] {dag.py:2705} INFO - Sync 1 DAGs
[2023-05-16T01:18:05.258+0000] {logging_mixin.py:137} INFO - [2023-05-16T01:18:05.258+0000] {dag.py:3456} INFO - Setting next_dagrun for tutorial to 2023-05-15T01:18:05.257797+00:00, run_after=2023-05-16T01:18:05.257797+00:00
[2023-05-16T01:18:05.290+0000] {processor.py:175} INFO - Processing /home/airflow/.local/lib/python3.7/site-packages/airflow/example_dags/tutorial.py took 0.165 seconds
[2023-05-16T01:18:35.382+0000] {processor.py:153} INFO - Started process (PID=17979) to work on /home/airflow/.local/lib/python3.7/site-packages/airflow/example_dags/tutorial.py
[2023-05-16T01:18:35.385+0000] {processor.py:743} INFO - Processing file /home/airflow/.local/lib/python3.7/site-packages/airflow/example_dags/tutorial.py for tasks to queue
[2023-05-16T01:18:35.389+0000] {logging_mixin.py:137} INFO - [2023-05-16T01:18:35.388+0000] {dagbag.py:532} INFO - Filling up the DagBag from /home/airflow/.local/lib/python3.7/site-packages/airflow/example_dags/tutorial.py
[2023-05-16T01:18:35.417+0000] {processor.py:753} INFO - DAG(s) dict_keys(['tutorial']) retrieved from /home/airflow/.local/lib/python3.7/site-packages/airflow/example_dags/tutorial.py
[2023-05-16T01:18:35.464+0000] {logging_mixin.py:137} INFO - [2023-05-16T01:18:35.464+0000] {dag.py:2705} INFO - Sync 1 DAGs
[2023-05-16T01:18:35.524+0000] {logging_mixin.py:137} INFO - [2023-05-16T01:18:35.523+0000] {dag.py:3456} INFO - Setting next_dagrun for tutorial to 2023-05-15T01:18:35.523537+00:00, run_after=2023-05-16T01:18:35.523537+00:00
[2023-05-16T01:18:35.553+0000] {processor.py:175} INFO - Processing /home/airflow/.local/lib/python3.7/site-packages/airflow/example_dags/tutorial.py took 0.180 seconds
[2023-05-16T01:19:06.049+0000] {processor.py:153} INFO - Started process (PID=18030) to work on /home/airflow/.local/lib/python3.7/site-packages/airflow/example_dags/tutorial.py
[2023-05-16T01:19:06.060+0000] {processor.py:743} INFO - Processing file /home/airflow/.local/lib/python3.7/site-packages/airflow/example_dags/tutorial.py for tasks to queue
[2023-05-16T01:19:06.062+0000] {logging_mixin.py:137} INFO - [2023-05-16T01:19:06.062+0000] {dagbag.py:532} INFO - Filling up the DagBag from /home/airflow/.local/lib/python3.7/site-packages/airflow/example_dags/tutorial.py
[2023-05-16T01:19:06.111+0000] {processor.py:753} INFO - DAG(s) dict_keys(['tutorial']) retrieved from /home/airflow/.local/lib/python3.7/site-packages/airflow/example_dags/tutorial.py
[2023-05-16T01:19:06.184+0000] {logging_mixin.py:137} INFO - [2023-05-16T01:19:06.184+0000] {dag.py:2705} INFO - Sync 1 DAGs
[2023-05-16T01:19:06.252+0000] {logging_mixin.py:137} INFO - [2023-05-16T01:19:06.251+0000] {dag.py:3456} INFO - Setting next_dagrun for tutorial to 2023-05-15T01:19:06.250994+00:00, run_after=2023-05-16T01:19:06.250994+00:00
[2023-05-16T01:19:06.297+0000] {processor.py:175} INFO - Processing /home/airflow/.local/lib/python3.7/site-packages/airflow/example_dags/tutorial.py took 0.263 seconds
[2023-05-16T01:19:36.404+0000] {processor.py:153} INFO - Started process (PID=18081) to work on /home/airflow/.local/lib/python3.7/site-packages/airflow/example_dags/tutorial.py
[2023-05-16T01:19:36.407+0000] {processor.py:743} INFO - Processing file /home/airflow/.local/lib/python3.7/site-packages/airflow/example_dags/tutorial.py for tasks to queue
[2023-05-16T01:19:36.410+0000] {logging_mixin.py:137} INFO - [2023-05-16T01:19:36.409+0000] {dagbag.py:532} INFO - Filling up the DagBag from /home/airflow/.local/lib/python3.7/site-packages/airflow/example_dags/tutorial.py
[2023-05-16T01:19:36.443+0000] {processor.py:753} INFO - DAG(s) dict_keys(['tutorial']) retrieved from /home/airflow/.local/lib/python3.7/site-packages/airflow/example_dags/tutorial.py
[2023-05-16T01:19:36.488+0000] {logging_mixin.py:137} INFO - [2023-05-16T01:19:36.488+0000] {dag.py:2705} INFO - Sync 1 DAGs
[2023-05-16T01:19:36.541+0000] {logging_mixin.py:137} INFO - [2023-05-16T01:19:36.541+0000] {dag.py:3456} INFO - Setting next_dagrun for tutorial to 2023-05-15T01:19:36.541138+00:00, run_after=2023-05-16T01:19:36.541138+00:00
[2023-05-16T01:19:36.578+0000] {processor.py:175} INFO - Processing /home/airflow/.local/lib/python3.7/site-packages/airflow/example_dags/tutorial.py took 0.184 seconds
[2023-05-16T01:20:06.950+0000] {processor.py:153} INFO - Started process (PID=18133) to work on /home/airflow/.local/lib/python3.7/site-packages/airflow/example_dags/tutorial.py
[2023-05-16T01:20:06.953+0000] {processor.py:743} INFO - Processing file /home/airflow/.local/lib/python3.7/site-packages/airflow/example_dags/tutorial.py for tasks to queue
[2023-05-16T01:20:06.956+0000] {logging_mixin.py:137} INFO - [2023-05-16T01:20:06.956+0000] {dagbag.py:532} INFO - Filling up the DagBag from /home/airflow/.local/lib/python3.7/site-packages/airflow/example_dags/tutorial.py
[2023-05-16T01:20:06.995+0000] {processor.py:753} INFO - DAG(s) dict_keys(['tutorial']) retrieved from /home/airflow/.local/lib/python3.7/site-packages/airflow/example_dags/tutorial.py
[2023-05-16T01:20:07.039+0000] {logging_mixin.py:137} INFO - [2023-05-16T01:20:07.039+0000] {dag.py:2705} INFO - Sync 1 DAGs
[2023-05-16T01:20:07.088+0000] {logging_mixin.py:137} INFO - [2023-05-16T01:20:07.087+0000] {dag.py:3456} INFO - Setting next_dagrun for tutorial to 2023-05-15T01:20:07.087485+00:00, run_after=2023-05-16T01:20:07.087485+00:00
[2023-05-16T01:20:07.119+0000] {processor.py:175} INFO - Processing /home/airflow/.local/lib/python3.7/site-packages/airflow/example_dags/tutorial.py took 0.179 seconds
[2023-05-16T01:20:37.378+0000] {processor.py:153} INFO - Started process (PID=18185) to work on /home/airflow/.local/lib/python3.7/site-packages/airflow/example_dags/tutorial.py
[2023-05-16T01:20:37.380+0000] {processor.py:743} INFO - Processing file /home/airflow/.local/lib/python3.7/site-packages/airflow/example_dags/tutorial.py for tasks to queue
[2023-05-16T01:20:37.385+0000] {logging_mixin.py:137} INFO - [2023-05-16T01:20:37.384+0000] {dagbag.py:532} INFO - Filling up the DagBag from /home/airflow/.local/lib/python3.7/site-packages/airflow/example_dags/tutorial.py
[2023-05-16T01:20:37.419+0000] {processor.py:753} INFO - DAG(s) dict_keys(['tutorial']) retrieved from /home/airflow/.local/lib/python3.7/site-packages/airflow/example_dags/tutorial.py
[2023-05-16T01:20:37.465+0000] {logging_mixin.py:137} INFO - [2023-05-16T01:20:37.465+0000] {dag.py:2705} INFO - Sync 1 DAGs
[2023-05-16T01:20:37.504+0000] {logging_mixin.py:137} INFO - [2023-05-16T01:20:37.503+0000] {dag.py:3456} INFO - Setting next_dagrun for tutorial to 2023-05-15T01:20:37.503656+00:00, run_after=2023-05-16T01:20:37.503656+00:00
[2023-05-16T01:20:37.567+0000] {processor.py:175} INFO - Processing /home/airflow/.local/lib/python3.7/site-packages/airflow/example_dags/tutorial.py took 0.200 seconds
[2023-05-16T01:21:08.413+0000] {processor.py:153} INFO - Started process (PID=18236) to work on /home/airflow/.local/lib/python3.7/site-packages/airflow/example_dags/tutorial.py
[2023-05-16T01:21:08.419+0000] {processor.py:743} INFO - Processing file /home/airflow/.local/lib/python3.7/site-packages/airflow/example_dags/tutorial.py for tasks to queue
[2023-05-16T01:21:08.425+0000] {logging_mixin.py:137} INFO - [2023-05-16T01:21:08.424+0000] {dagbag.py:532} INFO - Filling up the DagBag from /home/airflow/.local/lib/python3.7/site-packages/airflow/example_dags/tutorial.py
[2023-05-16T01:21:08.475+0000] {processor.py:753} INFO - DAG(s) dict_keys(['tutorial']) retrieved from /home/airflow/.local/lib/python3.7/site-packages/airflow/example_dags/tutorial.py
[2023-05-16T01:21:08.548+0000] {logging_mixin.py:137} INFO - [2023-05-16T01:21:08.546+0000] {dag.py:2705} INFO - Sync 1 DAGs
[2023-05-16T01:21:08.616+0000] {logging_mixin.py:137} INFO - [2023-05-16T01:21:08.616+0000] {dag.py:3456} INFO - Setting next_dagrun for tutorial to 2023-05-15T01:21:08.615916+00:00, run_after=2023-05-16T01:21:08.615916+00:00
[2023-05-16T01:21:08.669+0000] {processor.py:175} INFO - Processing /home/airflow/.local/lib/python3.7/site-packages/airflow/example_dags/tutorial.py took 0.291 seconds
[2023-05-16T01:21:39.401+0000] {processor.py:153} INFO - Started process (PID=18288) to work on /home/airflow/.local/lib/python3.7/site-packages/airflow/example_dags/tutorial.py
[2023-05-16T01:21:39.403+0000] {processor.py:743} INFO - Processing file /home/airflow/.local/lib/python3.7/site-packages/airflow/example_dags/tutorial.py for tasks to queue
[2023-05-16T01:21:39.405+0000] {logging_mixin.py:137} INFO - [2023-05-16T01:21:39.405+0000] {dagbag.py:532} INFO - Filling up the DagBag from /home/airflow/.local/lib/python3.7/site-packages/airflow/example_dags/tutorial.py
[2023-05-16T01:21:39.436+0000] {processor.py:753} INFO - DAG(s) dict_keys(['tutorial']) retrieved from /home/airflow/.local/lib/python3.7/site-packages/airflow/example_dags/tutorial.py
[2023-05-16T01:21:39.479+0000] {logging_mixin.py:137} INFO - [2023-05-16T01:21:39.478+0000] {dag.py:2705} INFO - Sync 1 DAGs
[2023-05-16T01:21:39.530+0000] {logging_mixin.py:137} INFO - [2023-05-16T01:21:39.530+0000] {dag.py:3456} INFO - Setting next_dagrun for tutorial to 2023-05-15T01:21:39.530312+00:00, run_after=2023-05-16T01:21:39.530312+00:00
[2023-05-16T01:21:39.558+0000] {processor.py:175} INFO - Processing /home/airflow/.local/lib/python3.7/site-packages/airflow/example_dags/tutorial.py took 0.166 seconds
[2023-05-16T01:22:09.729+0000] {processor.py:153} INFO - Started process (PID=18341) to work on /home/airflow/.local/lib/python3.7/site-packages/airflow/example_dags/tutorial.py
[2023-05-16T01:22:09.731+0000] {processor.py:743} INFO - Processing file /home/airflow/.local/lib/python3.7/site-packages/airflow/example_dags/tutorial.py for tasks to queue
[2023-05-16T01:22:09.734+0000] {logging_mixin.py:137} INFO - [2023-05-16T01:22:09.733+0000] {dagbag.py:532} INFO - Filling up the DagBag from /home/airflow/.local/lib/python3.7/site-packages/airflow/example_dags/tutorial.py
[2023-05-16T01:22:09.763+0000] {processor.py:753} INFO - DAG(s) dict_keys(['tutorial']) retrieved from /home/airflow/.local/lib/python3.7/site-packages/airflow/example_dags/tutorial.py
[2023-05-16T01:22:09.814+0000] {logging_mixin.py:137} INFO - [2023-05-16T01:22:09.814+0000] {dag.py:2705} INFO - Sync 1 DAGs
[2023-05-16T01:22:09.862+0000] {logging_mixin.py:137} INFO - [2023-05-16T01:22:09.862+0000] {dag.py:3456} INFO - Setting next_dagrun for tutorial to 2023-05-15T01:22:09.861897+00:00, run_after=2023-05-16T01:22:09.861897+00:00
[2023-05-16T01:22:09.901+0000] {processor.py:175} INFO - Processing /home/airflow/.local/lib/python3.7/site-packages/airflow/example_dags/tutorial.py took 0.181 seconds
[2023-05-16T01:22:40.190+0000] {processor.py:153} INFO - Started process (PID=18393) to work on /home/airflow/.local/lib/python3.7/site-packages/airflow/example_dags/tutorial.py
[2023-05-16T01:22:40.193+0000] {processor.py:743} INFO - Processing file /home/airflow/.local/lib/python3.7/site-packages/airflow/example_dags/tutorial.py for tasks to queue
[2023-05-16T01:22:40.196+0000] {logging_mixin.py:137} INFO - [2023-05-16T01:22:40.195+0000] {dagbag.py:532} INFO - Filling up the DagBag from /home/airflow/.local/lib/python3.7/site-packages/airflow/example_dags/tutorial.py
[2023-05-16T01:22:40.219+0000] {processor.py:753} INFO - DAG(s) dict_keys(['tutorial']) retrieved from /home/airflow/.local/lib/python3.7/site-packages/airflow/example_dags/tutorial.py
[2023-05-16T01:22:40.265+0000] {logging_mixin.py:137} INFO - [2023-05-16T01:22:40.264+0000] {dag.py:2705} INFO - Sync 1 DAGs
[2023-05-16T01:22:40.306+0000] {logging_mixin.py:137} INFO - [2023-05-16T01:22:40.306+0000] {dag.py:3456} INFO - Setting next_dagrun for tutorial to 2023-05-15T01:22:40.305823+00:00, run_after=2023-05-16T01:22:40.305823+00:00
[2023-05-16T01:22:40.372+0000] {processor.py:175} INFO - Processing /home/airflow/.local/lib/python3.7/site-packages/airflow/example_dags/tutorial.py took 0.189 seconds
[2023-05-16T01:23:10.745+0000] {processor.py:153} INFO - Started process (PID=18445) to work on /home/airflow/.local/lib/python3.7/site-packages/airflow/example_dags/tutorial.py
[2023-05-16T01:23:10.749+0000] {processor.py:743} INFO - Processing file /home/airflow/.local/lib/python3.7/site-packages/airflow/example_dags/tutorial.py for tasks to queue
[2023-05-16T01:23:10.752+0000] {logging_mixin.py:137} INFO - [2023-05-16T01:23:10.751+0000] {dagbag.py:532} INFO - Filling up the DagBag from /home/airflow/.local/lib/python3.7/site-packages/airflow/example_dags/tutorial.py
[2023-05-16T01:23:10.798+0000] {processor.py:753} INFO - DAG(s) dict_keys(['tutorial']) retrieved from /home/airflow/.local/lib/python3.7/site-packages/airflow/example_dags/tutorial.py
[2023-05-16T01:23:10.856+0000] {logging_mixin.py:137} INFO - [2023-05-16T01:23:10.856+0000] {dag.py:2705} INFO - Sync 1 DAGs
[2023-05-16T01:23:10.900+0000] {logging_mixin.py:137} INFO - [2023-05-16T01:23:10.900+0000] {dag.py:3456} INFO - Setting next_dagrun for tutorial to 2023-05-15T01:23:10.900327+00:00, run_after=2023-05-16T01:23:10.900327+00:00
[2023-05-16T01:23:10.946+0000] {processor.py:175} INFO - Processing /home/airflow/.local/lib/python3.7/site-packages/airflow/example_dags/tutorial.py took 0.211 seconds
[2023-05-16T01:23:41.027+0000] {processor.py:153} INFO - Started process (PID=18496) to work on /home/airflow/.local/lib/python3.7/site-packages/airflow/example_dags/tutorial.py
[2023-05-16T01:23:41.030+0000] {processor.py:743} INFO - Processing file /home/airflow/.local/lib/python3.7/site-packages/airflow/example_dags/tutorial.py for tasks to queue
[2023-05-16T01:23:41.035+0000] {logging_mixin.py:137} INFO - [2023-05-16T01:23:41.034+0000] {dagbag.py:532} INFO - Filling up the DagBag from /home/airflow/.local/lib/python3.7/site-packages/airflow/example_dags/tutorial.py
[2023-05-16T01:23:41.068+0000] {processor.py:753} INFO - DAG(s) dict_keys(['tutorial']) retrieved from /home/airflow/.local/lib/python3.7/site-packages/airflow/example_dags/tutorial.py
[2023-05-16T01:23:41.110+0000] {logging_mixin.py:137} INFO - [2023-05-16T01:23:41.110+0000] {dag.py:2705} INFO - Sync 1 DAGs
[2023-05-16T01:23:41.192+0000] {logging_mixin.py:137} INFO - [2023-05-16T01:23:41.192+0000] {dag.py:3456} INFO - Setting next_dagrun for tutorial to 2023-05-15T01:23:41.192420+00:00, run_after=2023-05-16T01:23:41.192420+00:00
[2023-05-16T01:23:41.276+0000] {processor.py:175} INFO - Processing /home/airflow/.local/lib/python3.7/site-packages/airflow/example_dags/tutorial.py took 0.261 seconds
[2023-05-16T01:24:11.801+0000] {processor.py:153} INFO - Started process (PID=18549) to work on /home/airflow/.local/lib/python3.7/site-packages/airflow/example_dags/tutorial.py
[2023-05-16T01:24:11.803+0000] {processor.py:743} INFO - Processing file /home/airflow/.local/lib/python3.7/site-packages/airflow/example_dags/tutorial.py for tasks to queue
[2023-05-16T01:24:11.806+0000] {logging_mixin.py:137} INFO - [2023-05-16T01:24:11.805+0000] {dagbag.py:532} INFO - Filling up the DagBag from /home/airflow/.local/lib/python3.7/site-packages/airflow/example_dags/tutorial.py
[2023-05-16T01:24:11.840+0000] {processor.py:753} INFO - DAG(s) dict_keys(['tutorial']) retrieved from /home/airflow/.local/lib/python3.7/site-packages/airflow/example_dags/tutorial.py
[2023-05-16T01:24:11.888+0000] {logging_mixin.py:137} INFO - [2023-05-16T01:24:11.887+0000] {dag.py:2705} INFO - Sync 1 DAGs
[2023-05-16T01:24:11.926+0000] {logging_mixin.py:137} INFO - [2023-05-16T01:24:11.926+0000] {dag.py:3456} INFO - Setting next_dagrun for tutorial to 2023-05-15T01:24:11.926444+00:00, run_after=2023-05-16T01:24:11.926444+00:00
[2023-05-16T01:24:11.957+0000] {processor.py:175} INFO - Processing /home/airflow/.local/lib/python3.7/site-packages/airflow/example_dags/tutorial.py took 0.164 seconds
[2023-05-16T01:24:42.839+0000] {processor.py:153} INFO - Started process (PID=18601) to work on /home/airflow/.local/lib/python3.7/site-packages/airflow/example_dags/tutorial.py
[2023-05-16T01:24:42.841+0000] {processor.py:743} INFO - Processing file /home/airflow/.local/lib/python3.7/site-packages/airflow/example_dags/tutorial.py for tasks to queue
[2023-05-16T01:24:42.843+0000] {logging_mixin.py:137} INFO - [2023-05-16T01:24:42.843+0000] {dagbag.py:532} INFO - Filling up the DagBag from /home/airflow/.local/lib/python3.7/site-packages/airflow/example_dags/tutorial.py
[2023-05-16T01:24:42.868+0000] {processor.py:753} INFO - DAG(s) dict_keys(['tutorial']) retrieved from /home/airflow/.local/lib/python3.7/site-packages/airflow/example_dags/tutorial.py
[2023-05-16T01:24:42.909+0000] {logging_mixin.py:137} INFO - [2023-05-16T01:24:42.909+0000] {dag.py:2705} INFO - Sync 1 DAGs
[2023-05-16T01:24:42.967+0000] {logging_mixin.py:137} INFO - [2023-05-16T01:24:42.967+0000] {dag.py:3456} INFO - Setting next_dagrun for tutorial to 2023-05-15T01:24:42.967240+00:00, run_after=2023-05-16T01:24:42.967240+00:00
[2023-05-16T01:24:43.021+0000] {processor.py:175} INFO - Processing /home/airflow/.local/lib/python3.7/site-packages/airflow/example_dags/tutorial.py took 0.188 seconds
[2023-05-16T01:25:13.497+0000] {processor.py:153} INFO - Started process (PID=18653) to work on /home/airflow/.local/lib/python3.7/site-packages/airflow/example_dags/tutorial.py
[2023-05-16T01:25:13.509+0000] {processor.py:743} INFO - Processing file /home/airflow/.local/lib/python3.7/site-packages/airflow/example_dags/tutorial.py for tasks to queue
[2023-05-16T01:25:13.517+0000] {logging_mixin.py:137} INFO - [2023-05-16T01:25:13.516+0000] {dagbag.py:532} INFO - Filling up the DagBag from /home/airflow/.local/lib/python3.7/site-packages/airflow/example_dags/tutorial.py
[2023-05-16T01:25:13.581+0000] {processor.py:753} INFO - DAG(s) dict_keys(['tutorial']) retrieved from /home/airflow/.local/lib/python3.7/site-packages/airflow/example_dags/tutorial.py
[2023-05-16T01:25:13.660+0000] {logging_mixin.py:137} INFO - [2023-05-16T01:25:13.660+0000] {dag.py:2705} INFO - Sync 1 DAGs
[2023-05-16T01:25:13.748+0000] {logging_mixin.py:137} INFO - [2023-05-16T01:25:13.748+0000] {dag.py:3456} INFO - Setting next_dagrun for tutorial to 2023-05-15T01:25:13.747901+00:00, run_after=2023-05-16T01:25:13.747901+00:00
[2023-05-16T01:25:13.787+0000] {processor.py:175} INFO - Processing /home/airflow/.local/lib/python3.7/site-packages/airflow/example_dags/tutorial.py took 0.307 seconds
[2023-05-16T01:25:44.024+0000] {processor.py:153} INFO - Started process (PID=18705) to work on /home/airflow/.local/lib/python3.7/site-packages/airflow/example_dags/tutorial.py
[2023-05-16T01:25:44.036+0000] {processor.py:743} INFO - Processing file /home/airflow/.local/lib/python3.7/site-packages/airflow/example_dags/tutorial.py for tasks to queue
[2023-05-16T01:25:44.039+0000] {logging_mixin.py:137} INFO - [2023-05-16T01:25:44.039+0000] {dagbag.py:532} INFO - Filling up the DagBag from /home/airflow/.local/lib/python3.7/site-packages/airflow/example_dags/tutorial.py
[2023-05-16T01:25:44.073+0000] {processor.py:753} INFO - DAG(s) dict_keys(['tutorial']) retrieved from /home/airflow/.local/lib/python3.7/site-packages/airflow/example_dags/tutorial.py
[2023-05-16T01:25:44.158+0000] {logging_mixin.py:137} INFO - [2023-05-16T01:25:44.158+0000] {dag.py:2705} INFO - Sync 1 DAGs
[2023-05-16T01:25:44.221+0000] {logging_mixin.py:137} INFO - [2023-05-16T01:25:44.221+0000] {dag.py:3456} INFO - Setting next_dagrun for tutorial to 2023-05-15T01:25:44.221334+00:00, run_after=2023-05-16T01:25:44.221334+00:00
[2023-05-16T01:25:44.278+0000] {processor.py:175} INFO - Processing /home/airflow/.local/lib/python3.7/site-packages/airflow/example_dags/tutorial.py took 0.273 seconds
[2023-05-16T01:26:14.420+0000] {processor.py:153} INFO - Started process (PID=18757) to work on /home/airflow/.local/lib/python3.7/site-packages/airflow/example_dags/tutorial.py
[2023-05-16T01:26:14.422+0000] {processor.py:743} INFO - Processing file /home/airflow/.local/lib/python3.7/site-packages/airflow/example_dags/tutorial.py for tasks to queue
[2023-05-16T01:26:14.425+0000] {logging_mixin.py:137} INFO - [2023-05-16T01:26:14.424+0000] {dagbag.py:532} INFO - Filling up the DagBag from /home/airflow/.local/lib/python3.7/site-packages/airflow/example_dags/tutorial.py
[2023-05-16T01:26:14.455+0000] {processor.py:753} INFO - DAG(s) dict_keys(['tutorial']) retrieved from /home/airflow/.local/lib/python3.7/site-packages/airflow/example_dags/tutorial.py
[2023-05-16T01:26:14.507+0000] {logging_mixin.py:137} INFO - [2023-05-16T01:26:14.506+0000] {dag.py:2705} INFO - Sync 1 DAGs
[2023-05-16T01:26:14.545+0000] {logging_mixin.py:137} INFO - [2023-05-16T01:26:14.545+0000] {dag.py:3456} INFO - Setting next_dagrun for tutorial to 2023-05-15T01:26:14.545037+00:00, run_after=2023-05-16T01:26:14.545037+00:00
[2023-05-16T01:26:14.575+0000] {processor.py:175} INFO - Processing /home/airflow/.local/lib/python3.7/site-packages/airflow/example_dags/tutorial.py took 0.166 seconds
[2023-05-16T01:26:44.798+0000] {processor.py:153} INFO - Started process (PID=18809) to work on /home/airflow/.local/lib/python3.7/site-packages/airflow/example_dags/tutorial.py
[2023-05-16T01:26:44.801+0000] {processor.py:743} INFO - Processing file /home/airflow/.local/lib/python3.7/site-packages/airflow/example_dags/tutorial.py for tasks to queue
[2023-05-16T01:26:44.804+0000] {logging_mixin.py:137} INFO - [2023-05-16T01:26:44.803+0000] {dagbag.py:532} INFO - Filling up the DagBag from /home/airflow/.local/lib/python3.7/site-packages/airflow/example_dags/tutorial.py
[2023-05-16T01:26:44.826+0000] {processor.py:753} INFO - DAG(s) dict_keys(['tutorial']) retrieved from /home/airflow/.local/lib/python3.7/site-packages/airflow/example_dags/tutorial.py
[2023-05-16T01:26:44.866+0000] {logging_mixin.py:137} INFO - [2023-05-16T01:26:44.866+0000] {dag.py:2705} INFO - Sync 1 DAGs
[2023-05-16T01:26:44.901+0000] {logging_mixin.py:137} INFO - [2023-05-16T01:26:44.901+0000] {dag.py:3456} INFO - Setting next_dagrun for tutorial to 2023-05-15T01:26:44.901478+00:00, run_after=2023-05-16T01:26:44.901478+00:00
[2023-05-16T01:26:44.930+0000] {processor.py:175} INFO - Processing /home/airflow/.local/lib/python3.7/site-packages/airflow/example_dags/tutorial.py took 0.140 seconds
[2023-05-16T01:27:15.500+0000] {processor.py:153} INFO - Started process (PID=18861) to work on /home/airflow/.local/lib/python3.7/site-packages/airflow/example_dags/tutorial.py
[2023-05-16T01:27:15.504+0000] {processor.py:743} INFO - Processing file /home/airflow/.local/lib/python3.7/site-packages/airflow/example_dags/tutorial.py for tasks to queue
[2023-05-16T01:27:15.518+0000] {logging_mixin.py:137} INFO - [2023-05-16T01:27:15.518+0000] {dagbag.py:532} INFO - Filling up the DagBag from /home/airflow/.local/lib/python3.7/site-packages/airflow/example_dags/tutorial.py
[2023-05-16T01:27:15.547+0000] {processor.py:753} INFO - DAG(s) dict_keys(['tutorial']) retrieved from /home/airflow/.local/lib/python3.7/site-packages/airflow/example_dags/tutorial.py
[2023-05-16T01:27:15.592+0000] {logging_mixin.py:137} INFO - [2023-05-16T01:27:15.592+0000] {dag.py:2705} INFO - Sync 1 DAGs
[2023-05-16T01:27:15.630+0000] {logging_mixin.py:137} INFO - [2023-05-16T01:27:15.629+0000] {dag.py:3456} INFO - Setting next_dagrun for tutorial to 2023-05-15T01:27:15.629526+00:00, run_after=2023-05-16T01:27:15.629526+00:00
[2023-05-16T01:27:15.657+0000] {processor.py:175} INFO - Processing /home/airflow/.local/lib/python3.7/site-packages/airflow/example_dags/tutorial.py took 0.161 seconds
[2023-05-16T01:27:46.364+0000] {processor.py:153} INFO - Started process (PID=18913) to work on /home/airflow/.local/lib/python3.7/site-packages/airflow/example_dags/tutorial.py
[2023-05-16T01:27:46.366+0000] {processor.py:743} INFO - Processing file /home/airflow/.local/lib/python3.7/site-packages/airflow/example_dags/tutorial.py for tasks to queue
[2023-05-16T01:27:46.368+0000] {logging_mixin.py:137} INFO - [2023-05-16T01:27:46.368+0000] {dagbag.py:532} INFO - Filling up the DagBag from /home/airflow/.local/lib/python3.7/site-packages/airflow/example_dags/tutorial.py
[2023-05-16T01:27:46.394+0000] {processor.py:753} INFO - DAG(s) dict_keys(['tutorial']) retrieved from /home/airflow/.local/lib/python3.7/site-packages/airflow/example_dags/tutorial.py
[2023-05-16T01:27:46.444+0000] {logging_mixin.py:137} INFO - [2023-05-16T01:27:46.444+0000] {dag.py:2705} INFO - Sync 1 DAGs
[2023-05-16T01:27:46.504+0000] {logging_mixin.py:137} INFO - [2023-05-16T01:27:46.504+0000] {dag.py:3456} INFO - Setting next_dagrun for tutorial to 2023-05-15T01:27:46.504115+00:00, run_after=2023-05-16T01:27:46.504115+00:00
[2023-05-16T01:27:46.538+0000] {processor.py:175} INFO - Processing /home/airflow/.local/lib/python3.7/site-packages/airflow/example_dags/tutorial.py took 0.179 seconds
[2023-05-16T01:28:17.173+0000] {processor.py:153} INFO - Started process (PID=18965) to work on /home/airflow/.local/lib/python3.7/site-packages/airflow/example_dags/tutorial.py
[2023-05-16T01:28:17.177+0000] {processor.py:743} INFO - Processing file /home/airflow/.local/lib/python3.7/site-packages/airflow/example_dags/tutorial.py for tasks to queue
[2023-05-16T01:28:17.182+0000] {logging_mixin.py:137} INFO - [2023-05-16T01:28:17.181+0000] {dagbag.py:532} INFO - Filling up the DagBag from /home/airflow/.local/lib/python3.7/site-packages/airflow/example_dags/tutorial.py
[2023-05-16T01:28:17.217+0000] {processor.py:753} INFO - DAG(s) dict_keys(['tutorial']) retrieved from /home/airflow/.local/lib/python3.7/site-packages/airflow/example_dags/tutorial.py
[2023-05-16T01:28:17.269+0000] {logging_mixin.py:137} INFO - [2023-05-16T01:28:17.268+0000] {dag.py:2705} INFO - Sync 1 DAGs
[2023-05-16T01:28:17.315+0000] {logging_mixin.py:137} INFO - [2023-05-16T01:28:17.315+0000] {dag.py:3456} INFO - Setting next_dagrun for tutorial to 2023-05-15T01:28:17.314730+00:00, run_after=2023-05-16T01:28:17.314730+00:00
[2023-05-16T01:28:17.343+0000] {processor.py:175} INFO - Processing /home/airflow/.local/lib/python3.7/site-packages/airflow/example_dags/tutorial.py took 0.182 seconds
[2023-05-16T01:28:47.419+0000] {processor.py:153} INFO - Started process (PID=19017) to work on /home/airflow/.local/lib/python3.7/site-packages/airflow/example_dags/tutorial.py
[2023-05-16T01:28:47.421+0000] {processor.py:743} INFO - Processing file /home/airflow/.local/lib/python3.7/site-packages/airflow/example_dags/tutorial.py for tasks to queue
[2023-05-16T01:28:47.424+0000] {logging_mixin.py:137} INFO - [2023-05-16T01:28:47.424+0000] {dagbag.py:532} INFO - Filling up the DagBag from /home/airflow/.local/lib/python3.7/site-packages/airflow/example_dags/tutorial.py
[2023-05-16T01:28:47.451+0000] {processor.py:753} INFO - DAG(s) dict_keys(['tutorial']) retrieved from /home/airflow/.local/lib/python3.7/site-packages/airflow/example_dags/tutorial.py
[2023-05-16T01:28:47.499+0000] {logging_mixin.py:137} INFO - [2023-05-16T01:28:47.499+0000] {dag.py:2705} INFO - Sync 1 DAGs
[2023-05-16T01:28:47.533+0000] {logging_mixin.py:137} INFO - [2023-05-16T01:28:47.533+0000] {dag.py:3456} INFO - Setting next_dagrun for tutorial to 2023-05-15T01:28:47.533005+00:00, run_after=2023-05-16T01:28:47.533005+00:00
[2023-05-16T01:28:47.560+0000] {processor.py:175} INFO - Processing /home/airflow/.local/lib/python3.7/site-packages/airflow/example_dags/tutorial.py took 0.146 seconds
[2023-05-16T01:29:18.742+0000] {processor.py:153} INFO - Started process (PID=19069) to work on /home/airflow/.local/lib/python3.7/site-packages/airflow/example_dags/tutorial.py
[2023-05-16T01:29:18.749+0000] {processor.py:743} INFO - Processing file /home/airflow/.local/lib/python3.7/site-packages/airflow/example_dags/tutorial.py for tasks to queue
[2023-05-16T01:29:18.757+0000] {logging_mixin.py:137} INFO - [2023-05-16T01:29:18.756+0000] {dagbag.py:532} INFO - Filling up the DagBag from /home/airflow/.local/lib/python3.7/site-packages/airflow/example_dags/tutorial.py
[2023-05-16T01:29:18.847+0000] {processor.py:753} INFO - DAG(s) dict_keys(['tutorial']) retrieved from /home/airflow/.local/lib/python3.7/site-packages/airflow/example_dags/tutorial.py
[2023-05-16T01:29:18.991+0000] {logging_mixin.py:137} INFO - [2023-05-16T01:29:18.980+0000] {dag.py:2705} INFO - Sync 1 DAGs
[2023-05-16T01:29:19.375+0000] {logging_mixin.py:137} INFO - [2023-05-16T01:29:19.375+0000] {dag.py:3456} INFO - Setting next_dagrun for tutorial to 2023-05-15T01:29:19.375184+00:00, run_after=2023-05-16T01:29:19.375184+00:00
[2023-05-16T01:29:19.640+0000] {processor.py:175} INFO - Processing /home/airflow/.local/lib/python3.7/site-packages/airflow/example_dags/tutorial.py took 0.923 seconds
[2023-05-16T01:29:49.999+0000] {processor.py:153} INFO - Started process (PID=19127) to work on /home/airflow/.local/lib/python3.7/site-packages/airflow/example_dags/tutorial.py
[2023-05-16T01:29:50.002+0000] {processor.py:743} INFO - Processing file /home/airflow/.local/lib/python3.7/site-packages/airflow/example_dags/tutorial.py for tasks to queue
[2023-05-16T01:29:50.004+0000] {logging_mixin.py:137} INFO - [2023-05-16T01:29:50.004+0000] {dagbag.py:532} INFO - Filling up the DagBag from /home/airflow/.local/lib/python3.7/site-packages/airflow/example_dags/tutorial.py
[2023-05-16T01:29:50.039+0000] {processor.py:753} INFO - DAG(s) dict_keys(['tutorial']) retrieved from /home/airflow/.local/lib/python3.7/site-packages/airflow/example_dags/tutorial.py
[2023-05-16T01:29:50.087+0000] {logging_mixin.py:137} INFO - [2023-05-16T01:29:50.086+0000] {dag.py:2705} INFO - Sync 1 DAGs
[2023-05-16T01:29:50.124+0000] {logging_mixin.py:137} INFO - [2023-05-16T01:29:50.124+0000] {dag.py:3456} INFO - Setting next_dagrun for tutorial to 2023-05-15T01:29:50.124177+00:00, run_after=2023-05-16T01:29:50.124177+00:00
[2023-05-16T01:29:50.157+0000] {processor.py:175} INFO - Processing /home/airflow/.local/lib/python3.7/site-packages/airflow/example_dags/tutorial.py took 0.165 seconds
[2023-05-16T01:30:20.593+0000] {processor.py:153} INFO - Started process (PID=19179) to work on /home/airflow/.local/lib/python3.7/site-packages/airflow/example_dags/tutorial.py
[2023-05-16T01:30:20.597+0000] {processor.py:743} INFO - Processing file /home/airflow/.local/lib/python3.7/site-packages/airflow/example_dags/tutorial.py for tasks to queue
[2023-05-16T01:30:20.601+0000] {logging_mixin.py:137} INFO - [2023-05-16T01:30:20.600+0000] {dagbag.py:532} INFO - Filling up the DagBag from /home/airflow/.local/lib/python3.7/site-packages/airflow/example_dags/tutorial.py
[2023-05-16T01:30:20.629+0000] {processor.py:753} INFO - DAG(s) dict_keys(['tutorial']) retrieved from /home/airflow/.local/lib/python3.7/site-packages/airflow/example_dags/tutorial.py
[2023-05-16T01:30:20.674+0000] {logging_mixin.py:137} INFO - [2023-05-16T01:30:20.674+0000] {dag.py:2705} INFO - Sync 1 DAGs
[2023-05-16T01:30:20.717+0000] {logging_mixin.py:137} INFO - [2023-05-16T01:30:20.717+0000] {dag.py:3456} INFO - Setting next_dagrun for tutorial to 2023-05-15T01:30:20.716668+00:00, run_after=2023-05-16T01:30:20.716668+00:00
[2023-05-16T01:30:20.742+0000] {processor.py:175} INFO - Processing /home/airflow/.local/lib/python3.7/site-packages/airflow/example_dags/tutorial.py took 0.155 seconds
[2023-05-16T01:30:50.984+0000] {processor.py:153} INFO - Started process (PID=19231) to work on /home/airflow/.local/lib/python3.7/site-packages/airflow/example_dags/tutorial.py
[2023-05-16T01:30:50.987+0000] {processor.py:743} INFO - Processing file /home/airflow/.local/lib/python3.7/site-packages/airflow/example_dags/tutorial.py for tasks to queue
[2023-05-16T01:30:50.991+0000] {logging_mixin.py:137} INFO - [2023-05-16T01:30:50.990+0000] {dagbag.py:532} INFO - Filling up the DagBag from /home/airflow/.local/lib/python3.7/site-packages/airflow/example_dags/tutorial.py
[2023-05-16T01:30:51.026+0000] {processor.py:753} INFO - DAG(s) dict_keys(['tutorial']) retrieved from /home/airflow/.local/lib/python3.7/site-packages/airflow/example_dags/tutorial.py
[2023-05-16T01:30:51.075+0000] {logging_mixin.py:137} INFO - [2023-05-16T01:30:51.075+0000] {dag.py:2705} INFO - Sync 1 DAGs
[2023-05-16T01:30:51.123+0000] {logging_mixin.py:137} INFO - [2023-05-16T01:30:51.123+0000] {dag.py:3456} INFO - Setting next_dagrun for tutorial to 2023-05-15T01:30:51.122740+00:00, run_after=2023-05-16T01:30:51.122740+00:00
[2023-05-16T01:30:51.157+0000] {processor.py:175} INFO - Processing /home/airflow/.local/lib/python3.7/site-packages/airflow/example_dags/tutorial.py took 0.179 seconds
[2023-05-16T01:31:21.575+0000] {processor.py:153} INFO - Started process (PID=19283) to work on /home/airflow/.local/lib/python3.7/site-packages/airflow/example_dags/tutorial.py
[2023-05-16T01:31:21.581+0000] {processor.py:743} INFO - Processing file /home/airflow/.local/lib/python3.7/site-packages/airflow/example_dags/tutorial.py for tasks to queue
[2023-05-16T01:31:21.588+0000] {logging_mixin.py:137} INFO - [2023-05-16T01:31:21.587+0000] {dagbag.py:532} INFO - Filling up the DagBag from /home/airflow/.local/lib/python3.7/site-packages/airflow/example_dags/tutorial.py
[2023-05-16T01:31:21.640+0000] {processor.py:753} INFO - DAG(s) dict_keys(['tutorial']) retrieved from /home/airflow/.local/lib/python3.7/site-packages/airflow/example_dags/tutorial.py
[2023-05-16T01:31:21.713+0000] {logging_mixin.py:137} INFO - [2023-05-16T01:31:21.712+0000] {dag.py:2705} INFO - Sync 1 DAGs
[2023-05-16T01:31:21.779+0000] {logging_mixin.py:137} INFO - [2023-05-16T01:31:21.778+0000] {dag.py:3456} INFO - Setting next_dagrun for tutorial to 2023-05-15T01:31:21.778161+00:00, run_after=2023-05-16T01:31:21.778161+00:00
[2023-05-16T01:31:21.835+0000] {processor.py:175} INFO - Processing /home/airflow/.local/lib/python3.7/site-packages/airflow/example_dags/tutorial.py took 0.278 seconds
[2023-05-16T01:31:52.357+0000] {processor.py:153} INFO - Started process (PID=19335) to work on /home/airflow/.local/lib/python3.7/site-packages/airflow/example_dags/tutorial.py
[2023-05-16T01:31:52.361+0000] {processor.py:743} INFO - Processing file /home/airflow/.local/lib/python3.7/site-packages/airflow/example_dags/tutorial.py for tasks to queue
[2023-05-16T01:31:52.365+0000] {logging_mixin.py:137} INFO - [2023-05-16T01:31:52.364+0000] {dagbag.py:532} INFO - Filling up the DagBag from /home/airflow/.local/lib/python3.7/site-packages/airflow/example_dags/tutorial.py
[2023-05-16T01:31:52.397+0000] {processor.py:753} INFO - DAG(s) dict_keys(['tutorial']) retrieved from /home/airflow/.local/lib/python3.7/site-packages/airflow/example_dags/tutorial.py
[2023-05-16T01:31:52.448+0000] {logging_mixin.py:137} INFO - [2023-05-16T01:31:52.448+0000] {dag.py:2705} INFO - Sync 1 DAGs
[2023-05-16T01:31:52.498+0000] {logging_mixin.py:137} INFO - [2023-05-16T01:31:52.498+0000] {dag.py:3456} INFO - Setting next_dagrun for tutorial to 2023-05-15T01:31:52.497811+00:00, run_after=2023-05-16T01:31:52.497811+00:00
[2023-05-16T01:31:52.533+0000] {processor.py:175} INFO - Processing /home/airflow/.local/lib/python3.7/site-packages/airflow/example_dags/tutorial.py took 0.187 seconds
[2023-05-16T01:32:22.807+0000] {processor.py:153} INFO - Started process (PID=19387) to work on /home/airflow/.local/lib/python3.7/site-packages/airflow/example_dags/tutorial.py
[2023-05-16T01:32:22.811+0000] {processor.py:743} INFO - Processing file /home/airflow/.local/lib/python3.7/site-packages/airflow/example_dags/tutorial.py for tasks to queue
[2023-05-16T01:32:22.821+0000] {logging_mixin.py:137} INFO - [2023-05-16T01:32:22.821+0000] {dagbag.py:532} INFO - Filling up the DagBag from /home/airflow/.local/lib/python3.7/site-packages/airflow/example_dags/tutorial.py
[2023-05-16T01:32:22.867+0000] {processor.py:753} INFO - DAG(s) dict_keys(['tutorial']) retrieved from /home/airflow/.local/lib/python3.7/site-packages/airflow/example_dags/tutorial.py
[2023-05-16T01:32:22.949+0000] {logging_mixin.py:137} INFO - [2023-05-16T01:32:22.949+0000] {dag.py:2705} INFO - Sync 1 DAGs
[2023-05-16T01:32:23.035+0000] {logging_mixin.py:137} INFO - [2023-05-16T01:32:23.034+0000] {dag.py:3456} INFO - Setting next_dagrun for tutorial to 2023-05-15T01:32:23.034484+00:00, run_after=2023-05-16T01:32:23.034484+00:00
[2023-05-16T01:32:23.114+0000] {processor.py:175} INFO - Processing /home/airflow/.local/lib/python3.7/site-packages/airflow/example_dags/tutorial.py took 0.319 seconds
[2023-05-16T01:32:53.307+0000] {processor.py:153} INFO - Started process (PID=19438) to work on /home/airflow/.local/lib/python3.7/site-packages/airflow/example_dags/tutorial.py
[2023-05-16T01:32:53.310+0000] {processor.py:743} INFO - Processing file /home/airflow/.local/lib/python3.7/site-packages/airflow/example_dags/tutorial.py for tasks to queue
[2023-05-16T01:32:53.313+0000] {logging_mixin.py:137} INFO - [2023-05-16T01:32:53.312+0000] {dagbag.py:532} INFO - Filling up the DagBag from /home/airflow/.local/lib/python3.7/site-packages/airflow/example_dags/tutorial.py
[2023-05-16T01:32:53.343+0000] {processor.py:753} INFO - DAG(s) dict_keys(['tutorial']) retrieved from /home/airflow/.local/lib/python3.7/site-packages/airflow/example_dags/tutorial.py
[2023-05-16T01:32:53.414+0000] {logging_mixin.py:137} INFO - [2023-05-16T01:32:53.414+0000] {dag.py:2705} INFO - Sync 1 DAGs
[2023-05-16T01:32:53.456+0000] {logging_mixin.py:137} INFO - [2023-05-16T01:32:53.456+0000] {dag.py:3456} INFO - Setting next_dagrun for tutorial to 2023-05-15T01:32:53.455841+00:00, run_after=2023-05-16T01:32:53.455841+00:00
[2023-05-16T01:32:53.499+0000] {processor.py:175} INFO - Processing /home/airflow/.local/lib/python3.7/site-packages/airflow/example_dags/tutorial.py took 0.203 seconds
[2023-05-16T01:33:23.936+0000] {processor.py:153} INFO - Started process (PID=19490) to work on /home/airflow/.local/lib/python3.7/site-packages/airflow/example_dags/tutorial.py
[2023-05-16T01:33:23.942+0000] {processor.py:743} INFO - Processing file /home/airflow/.local/lib/python3.7/site-packages/airflow/example_dags/tutorial.py for tasks to queue
[2023-05-16T01:33:23.949+0000] {logging_mixin.py:137} INFO - [2023-05-16T01:33:23.948+0000] {dagbag.py:532} INFO - Filling up the DagBag from /home/airflow/.local/lib/python3.7/site-packages/airflow/example_dags/tutorial.py
[2023-05-16T01:33:24.004+0000] {processor.py:753} INFO - DAG(s) dict_keys(['tutorial']) retrieved from /home/airflow/.local/lib/python3.7/site-packages/airflow/example_dags/tutorial.py
[2023-05-16T01:33:24.081+0000] {logging_mixin.py:137} INFO - [2023-05-16T01:33:24.081+0000] {dag.py:2705} INFO - Sync 1 DAGs
[2023-05-16T01:33:24.146+0000] {logging_mixin.py:137} INFO - [2023-05-16T01:33:24.145+0000] {dag.py:3456} INFO - Setting next_dagrun for tutorial to 2023-05-15T01:33:24.145586+00:00, run_after=2023-05-16T01:33:24.145586+00:00
[2023-05-16T01:33:24.201+0000] {processor.py:175} INFO - Processing /home/airflow/.local/lib/python3.7/site-packages/airflow/example_dags/tutorial.py took 0.287 seconds
[2023-05-16T01:33:54.715+0000] {processor.py:153} INFO - Started process (PID=19542) to work on /home/airflow/.local/lib/python3.7/site-packages/airflow/example_dags/tutorial.py
[2023-05-16T01:33:54.717+0000] {processor.py:743} INFO - Processing file /home/airflow/.local/lib/python3.7/site-packages/airflow/example_dags/tutorial.py for tasks to queue
[2023-05-16T01:33:54.721+0000] {logging_mixin.py:137} INFO - [2023-05-16T01:33:54.720+0000] {dagbag.py:532} INFO - Filling up the DagBag from /home/airflow/.local/lib/python3.7/site-packages/airflow/example_dags/tutorial.py
[2023-05-16T01:33:54.763+0000] {processor.py:753} INFO - DAG(s) dict_keys(['tutorial']) retrieved from /home/airflow/.local/lib/python3.7/site-packages/airflow/example_dags/tutorial.py
[2023-05-16T01:33:54.831+0000] {logging_mixin.py:137} INFO - [2023-05-16T01:33:54.830+0000] {dag.py:2705} INFO - Sync 1 DAGs
[2023-05-16T01:33:54.875+0000] {logging_mixin.py:137} INFO - [2023-05-16T01:33:54.874+0000] {dag.py:3456} INFO - Setting next_dagrun for tutorial to 2023-05-15T01:33:54.873971+00:00, run_after=2023-05-16T01:33:54.873971+00:00
[2023-05-16T01:33:54.915+0000] {processor.py:175} INFO - Processing /home/airflow/.local/lib/python3.7/site-packages/airflow/example_dags/tutorial.py took 0.213 seconds
[2023-05-16T01:34:25.057+0000] {processor.py:153} INFO - Started process (PID=19593) to work on /home/airflow/.local/lib/python3.7/site-packages/airflow/example_dags/tutorial.py
[2023-05-16T01:34:25.060+0000] {processor.py:743} INFO - Processing file /home/airflow/.local/lib/python3.7/site-packages/airflow/example_dags/tutorial.py for tasks to queue
[2023-05-16T01:34:25.063+0000] {logging_mixin.py:137} INFO - [2023-05-16T01:34:25.063+0000] {dagbag.py:532} INFO - Filling up the DagBag from /home/airflow/.local/lib/python3.7/site-packages/airflow/example_dags/tutorial.py
[2023-05-16T01:34:25.090+0000] {processor.py:753} INFO - DAG(s) dict_keys(['tutorial']) retrieved from /home/airflow/.local/lib/python3.7/site-packages/airflow/example_dags/tutorial.py
[2023-05-16T01:34:25.144+0000] {logging_mixin.py:137} INFO - [2023-05-16T01:34:25.144+0000] {dag.py:2705} INFO - Sync 1 DAGs
[2023-05-16T01:34:25.188+0000] {logging_mixin.py:137} INFO - [2023-05-16T01:34:25.188+0000] {dag.py:3456} INFO - Setting next_dagrun for tutorial to 2023-05-15T01:34:25.188130+00:00, run_after=2023-05-16T01:34:25.188130+00:00
[2023-05-16T01:34:25.236+0000] {processor.py:175} INFO - Processing /home/airflow/.local/lib/python3.7/site-packages/airflow/example_dags/tutorial.py took 0.191 seconds
[2023-05-16T01:34:55.849+0000] {processor.py:153} INFO - Started process (PID=19645) to work on /home/airflow/.local/lib/python3.7/site-packages/airflow/example_dags/tutorial.py
[2023-05-16T01:34:55.852+0000] {processor.py:743} INFO - Processing file /home/airflow/.local/lib/python3.7/site-packages/airflow/example_dags/tutorial.py for tasks to queue
[2023-05-16T01:34:55.855+0000] {logging_mixin.py:137} INFO - [2023-05-16T01:34:55.855+0000] {dagbag.py:532} INFO - Filling up the DagBag from /home/airflow/.local/lib/python3.7/site-packages/airflow/example_dags/tutorial.py
[2023-05-16T01:34:55.892+0000] {processor.py:753} INFO - DAG(s) dict_keys(['tutorial']) retrieved from /home/airflow/.local/lib/python3.7/site-packages/airflow/example_dags/tutorial.py
[2023-05-16T01:34:55.965+0000] {logging_mixin.py:137} INFO - [2023-05-16T01:34:55.965+0000] {dag.py:2705} INFO - Sync 1 DAGs
[2023-05-16T01:34:56.021+0000] {logging_mixin.py:137} INFO - [2023-05-16T01:34:56.021+0000] {dag.py:3456} INFO - Setting next_dagrun for tutorial to 2023-05-15T01:34:56.020941+00:00, run_after=2023-05-16T01:34:56.020941+00:00
[2023-05-16T01:34:56.056+0000] {processor.py:175} INFO - Processing /home/airflow/.local/lib/python3.7/site-packages/airflow/example_dags/tutorial.py took 0.224 seconds
[2023-05-16T01:35:26.666+0000] {processor.py:153} INFO - Started process (PID=19696) to work on /home/airflow/.local/lib/python3.7/site-packages/airflow/example_dags/tutorial.py
[2023-05-16T01:35:26.670+0000] {processor.py:743} INFO - Processing file /home/airflow/.local/lib/python3.7/site-packages/airflow/example_dags/tutorial.py for tasks to queue
[2023-05-16T01:35:26.676+0000] {logging_mixin.py:137} INFO - [2023-05-16T01:35:26.675+0000] {dagbag.py:532} INFO - Filling up the DagBag from /home/airflow/.local/lib/python3.7/site-packages/airflow/example_dags/tutorial.py
[2023-05-16T01:35:26.742+0000] {processor.py:753} INFO - DAG(s) dict_keys(['tutorial']) retrieved from /home/airflow/.local/lib/python3.7/site-packages/airflow/example_dags/tutorial.py
[2023-05-16T01:35:26.809+0000] {logging_mixin.py:137} INFO - [2023-05-16T01:35:26.809+0000] {dag.py:2705} INFO - Sync 1 DAGs
[2023-05-16T01:35:26.908+0000] {logging_mixin.py:137} INFO - [2023-05-16T01:35:26.908+0000] {dag.py:3456} INFO - Setting next_dagrun for tutorial to 2023-05-15T01:35:26.907794+00:00, run_after=2023-05-16T01:35:26.907794+00:00
[2023-05-16T01:35:26.969+0000] {processor.py:175} INFO - Processing /home/airflow/.local/lib/python3.7/site-packages/airflow/example_dags/tutorial.py took 0.317 seconds
[2023-05-16T01:35:57.088+0000] {processor.py:153} INFO - Started process (PID=19748) to work on /home/airflow/.local/lib/python3.7/site-packages/airflow/example_dags/tutorial.py
[2023-05-16T01:35:57.096+0000] {processor.py:743} INFO - Processing file /home/airflow/.local/lib/python3.7/site-packages/airflow/example_dags/tutorial.py for tasks to queue
[2023-05-16T01:35:57.100+0000] {logging_mixin.py:137} INFO - [2023-05-16T01:35:57.100+0000] {dagbag.py:532} INFO - Filling up the DagBag from /home/airflow/.local/lib/python3.7/site-packages/airflow/example_dags/tutorial.py
[2023-05-16T01:35:57.141+0000] {processor.py:753} INFO - DAG(s) dict_keys(['tutorial']) retrieved from /home/airflow/.local/lib/python3.7/site-packages/airflow/example_dags/tutorial.py
[2023-05-16T01:35:57.192+0000] {logging_mixin.py:137} INFO - [2023-05-16T01:35:57.192+0000] {dag.py:2705} INFO - Sync 1 DAGs
[2023-05-16T01:35:57.237+0000] {logging_mixin.py:137} INFO - [2023-05-16T01:35:57.236+0000] {dag.py:3456} INFO - Setting next_dagrun for tutorial to 2023-05-15T01:35:57.236535+00:00, run_after=2023-05-16T01:35:57.236535+00:00
[2023-05-16T01:35:57.269+0000] {processor.py:175} INFO - Processing /home/airflow/.local/lib/python3.7/site-packages/airflow/example_dags/tutorial.py took 0.190 seconds
[2023-05-16T01:36:27.473+0000] {processor.py:153} INFO - Started process (PID=19800) to work on /home/airflow/.local/lib/python3.7/site-packages/airflow/example_dags/tutorial.py
[2023-05-16T01:36:27.482+0000] {processor.py:743} INFO - Processing file /home/airflow/.local/lib/python3.7/site-packages/airflow/example_dags/tutorial.py for tasks to queue
[2023-05-16T01:36:27.484+0000] {logging_mixin.py:137} INFO - [2023-05-16T01:36:27.484+0000] {dagbag.py:532} INFO - Filling up the DagBag from /home/airflow/.local/lib/python3.7/site-packages/airflow/example_dags/tutorial.py
[2023-05-16T01:36:27.514+0000] {processor.py:753} INFO - DAG(s) dict_keys(['tutorial']) retrieved from /home/airflow/.local/lib/python3.7/site-packages/airflow/example_dags/tutorial.py
[2023-05-16T01:36:27.557+0000] {logging_mixin.py:137} INFO - [2023-05-16T01:36:27.557+0000] {dag.py:2705} INFO - Sync 1 DAGs
[2023-05-16T01:36:27.611+0000] {logging_mixin.py:137} INFO - [2023-05-16T01:36:27.611+0000] {dag.py:3456} INFO - Setting next_dagrun for tutorial to 2023-05-15T01:36:27.606061+00:00, run_after=2023-05-16T01:36:27.606061+00:00
[2023-05-16T01:36:27.645+0000] {processor.py:175} INFO - Processing /home/airflow/.local/lib/python3.7/site-packages/airflow/example_dags/tutorial.py took 0.181 seconds
[2023-05-16T01:36:58.234+0000] {processor.py:153} INFO - Started process (PID=19852) to work on /home/airflow/.local/lib/python3.7/site-packages/airflow/example_dags/tutorial.py
[2023-05-16T01:36:58.237+0000] {processor.py:743} INFO - Processing file /home/airflow/.local/lib/python3.7/site-packages/airflow/example_dags/tutorial.py for tasks to queue
[2023-05-16T01:36:58.242+0000] {logging_mixin.py:137} INFO - [2023-05-16T01:36:58.241+0000] {dagbag.py:532} INFO - Filling up the DagBag from /home/airflow/.local/lib/python3.7/site-packages/airflow/example_dags/tutorial.py
[2023-05-16T01:36:58.289+0000] {processor.py:753} INFO - DAG(s) dict_keys(['tutorial']) retrieved from /home/airflow/.local/lib/python3.7/site-packages/airflow/example_dags/tutorial.py
[2023-05-16T01:36:58.404+0000] {logging_mixin.py:137} INFO - [2023-05-16T01:36:58.404+0000] {dag.py:2705} INFO - Sync 1 DAGs
[2023-05-16T01:36:58.501+0000] {logging_mixin.py:137} INFO - [2023-05-16T01:36:58.500+0000] {dag.py:3456} INFO - Setting next_dagrun for tutorial to 2023-05-15T01:36:58.500504+00:00, run_after=2023-05-16T01:36:58.500504+00:00
[2023-05-16T01:36:58.532+0000] {processor.py:175} INFO - Processing /home/airflow/.local/lib/python3.7/site-packages/airflow/example_dags/tutorial.py took 0.312 seconds
[2023-05-16T01:37:28.631+0000] {processor.py:153} INFO - Started process (PID=19905) to work on /home/airflow/.local/lib/python3.7/site-packages/airflow/example_dags/tutorial.py
[2023-05-16T01:37:28.633+0000] {processor.py:743} INFO - Processing file /home/airflow/.local/lib/python3.7/site-packages/airflow/example_dags/tutorial.py for tasks to queue
[2023-05-16T01:37:28.635+0000] {logging_mixin.py:137} INFO - [2023-05-16T01:37:28.635+0000] {dagbag.py:532} INFO - Filling up the DagBag from /home/airflow/.local/lib/python3.7/site-packages/airflow/example_dags/tutorial.py
[2023-05-16T01:37:28.661+0000] {processor.py:753} INFO - DAG(s) dict_keys(['tutorial']) retrieved from /home/airflow/.local/lib/python3.7/site-packages/airflow/example_dags/tutorial.py
[2023-05-16T01:37:28.708+0000] {logging_mixin.py:137} INFO - [2023-05-16T01:37:28.708+0000] {dag.py:2705} INFO - Sync 1 DAGs
[2023-05-16T01:37:28.751+0000] {logging_mixin.py:137} INFO - [2023-05-16T01:37:28.750+0000] {dag.py:3456} INFO - Setting next_dagrun for tutorial to 2023-05-15T01:37:28.750481+00:00, run_after=2023-05-16T01:37:28.750481+00:00
[2023-05-16T01:37:28.774+0000] {processor.py:175} INFO - Processing /home/airflow/.local/lib/python3.7/site-packages/airflow/example_dags/tutorial.py took 0.153 seconds
[2023-05-16T01:37:59.188+0000] {processor.py:153} INFO - Started process (PID=19957) to work on /home/airflow/.local/lib/python3.7/site-packages/airflow/example_dags/tutorial.py
[2023-05-16T01:37:59.191+0000] {processor.py:743} INFO - Processing file /home/airflow/.local/lib/python3.7/site-packages/airflow/example_dags/tutorial.py for tasks to queue
[2023-05-16T01:37:59.196+0000] {logging_mixin.py:137} INFO - [2023-05-16T01:37:59.194+0000] {dagbag.py:532} INFO - Filling up the DagBag from /home/airflow/.local/lib/python3.7/site-packages/airflow/example_dags/tutorial.py
[2023-05-16T01:37:59.226+0000] {processor.py:753} INFO - DAG(s) dict_keys(['tutorial']) retrieved from /home/airflow/.local/lib/python3.7/site-packages/airflow/example_dags/tutorial.py
[2023-05-16T01:37:59.286+0000] {logging_mixin.py:137} INFO - [2023-05-16T01:37:59.286+0000] {dag.py:2705} INFO - Sync 1 DAGs
[2023-05-16T01:37:59.332+0000] {logging_mixin.py:137} INFO - [2023-05-16T01:37:59.332+0000] {dag.py:3456} INFO - Setting next_dagrun for tutorial to 2023-05-15T01:37:59.332340+00:00, run_after=2023-05-16T01:37:59.332340+00:00
[2023-05-16T01:37:59.368+0000] {processor.py:175} INFO - Processing /home/airflow/.local/lib/python3.7/site-packages/airflow/example_dags/tutorial.py took 0.193 seconds
[2023-05-16T01:38:30.030+0000] {processor.py:153} INFO - Started process (PID=20009) to work on /home/airflow/.local/lib/python3.7/site-packages/airflow/example_dags/tutorial.py
[2023-05-16T01:38:30.035+0000] {processor.py:743} INFO - Processing file /home/airflow/.local/lib/python3.7/site-packages/airflow/example_dags/tutorial.py for tasks to queue
[2023-05-16T01:38:30.042+0000] {logging_mixin.py:137} INFO - [2023-05-16T01:38:30.041+0000] {dagbag.py:532} INFO - Filling up the DagBag from /home/airflow/.local/lib/python3.7/site-packages/airflow/example_dags/tutorial.py
[2023-05-16T01:38:30.083+0000] {processor.py:753} INFO - DAG(s) dict_keys(['tutorial']) retrieved from /home/airflow/.local/lib/python3.7/site-packages/airflow/example_dags/tutorial.py
[2023-05-16T01:38:30.179+0000] {logging_mixin.py:137} INFO - [2023-05-16T01:38:30.178+0000] {dag.py:2705} INFO - Sync 1 DAGs
[2023-05-16T01:38:30.277+0000] {logging_mixin.py:137} INFO - [2023-05-16T01:38:30.277+0000] {dag.py:3456} INFO - Setting next_dagrun for tutorial to 2023-05-15T01:38:30.277066+00:00, run_after=2023-05-16T01:38:30.277066+00:00
[2023-05-16T01:38:30.313+0000] {processor.py:175} INFO - Processing /home/airflow/.local/lib/python3.7/site-packages/airflow/example_dags/tutorial.py took 0.306 seconds
[2023-05-16T01:39:00.639+0000] {processor.py:153} INFO - Started process (PID=20061) to work on /home/airflow/.local/lib/python3.7/site-packages/airflow/example_dags/tutorial.py
[2023-05-16T01:39:00.641+0000] {processor.py:743} INFO - Processing file /home/airflow/.local/lib/python3.7/site-packages/airflow/example_dags/tutorial.py for tasks to queue
[2023-05-16T01:39:00.644+0000] {logging_mixin.py:137} INFO - [2023-05-16T01:39:00.643+0000] {dagbag.py:532} INFO - Filling up the DagBag from /home/airflow/.local/lib/python3.7/site-packages/airflow/example_dags/tutorial.py
[2023-05-16T01:39:00.673+0000] {processor.py:753} INFO - DAG(s) dict_keys(['tutorial']) retrieved from /home/airflow/.local/lib/python3.7/site-packages/airflow/example_dags/tutorial.py
[2023-05-16T01:39:00.731+0000] {logging_mixin.py:137} INFO - [2023-05-16T01:39:00.730+0000] {dag.py:2705} INFO - Sync 1 DAGs
[2023-05-16T01:39:00.777+0000] {logging_mixin.py:137} INFO - [2023-05-16T01:39:00.777+0000] {dag.py:3456} INFO - Setting next_dagrun for tutorial to 2023-05-15T01:39:00.776898+00:00, run_after=2023-05-16T01:39:00.776898+00:00
[2023-05-16T01:39:00.809+0000] {processor.py:175} INFO - Processing /home/airflow/.local/lib/python3.7/site-packages/airflow/example_dags/tutorial.py took 0.178 seconds
[2023-05-16T01:39:31.140+0000] {processor.py:153} INFO - Started process (PID=20113) to work on /home/airflow/.local/lib/python3.7/site-packages/airflow/example_dags/tutorial.py
[2023-05-16T01:39:31.144+0000] {processor.py:743} INFO - Processing file /home/airflow/.local/lib/python3.7/site-packages/airflow/example_dags/tutorial.py for tasks to queue
[2023-05-16T01:39:31.146+0000] {logging_mixin.py:137} INFO - [2023-05-16T01:39:31.145+0000] {dagbag.py:532} INFO - Filling up the DagBag from /home/airflow/.local/lib/python3.7/site-packages/airflow/example_dags/tutorial.py
[2023-05-16T01:39:31.186+0000] {processor.py:753} INFO - DAG(s) dict_keys(['tutorial']) retrieved from /home/airflow/.local/lib/python3.7/site-packages/airflow/example_dags/tutorial.py
[2023-05-16T01:39:31.236+0000] {logging_mixin.py:137} INFO - [2023-05-16T01:39:31.236+0000] {dag.py:2705} INFO - Sync 1 DAGs
[2023-05-16T01:39:31.283+0000] {logging_mixin.py:137} INFO - [2023-05-16T01:39:31.282+0000] {dag.py:3456} INFO - Setting next_dagrun for tutorial to 2023-05-15T01:39:31.282460+00:00, run_after=2023-05-16T01:39:31.282460+00:00
[2023-05-16T01:39:31.324+0000] {processor.py:175} INFO - Processing /home/airflow/.local/lib/python3.7/site-packages/airflow/example_dags/tutorial.py took 0.190 seconds
[2023-05-16T01:40:01.852+0000] {processor.py:153} INFO - Started process (PID=20165) to work on /home/airflow/.local/lib/python3.7/site-packages/airflow/example_dags/tutorial.py
[2023-05-16T01:40:01.855+0000] {processor.py:743} INFO - Processing file /home/airflow/.local/lib/python3.7/site-packages/airflow/example_dags/tutorial.py for tasks to queue
[2023-05-16T01:40:01.857+0000] {logging_mixin.py:137} INFO - [2023-05-16T01:40:01.856+0000] {dagbag.py:532} INFO - Filling up the DagBag from /home/airflow/.local/lib/python3.7/site-packages/airflow/example_dags/tutorial.py
[2023-05-16T01:40:01.888+0000] {processor.py:753} INFO - DAG(s) dict_keys(['tutorial']) retrieved from /home/airflow/.local/lib/python3.7/site-packages/airflow/example_dags/tutorial.py
[2023-05-16T01:40:01.939+0000] {logging_mixin.py:137} INFO - [2023-05-16T01:40:01.937+0000] {dag.py:2705} INFO - Sync 1 DAGs
[2023-05-16T01:40:01.986+0000] {logging_mixin.py:137} INFO - [2023-05-16T01:40:01.986+0000] {dag.py:3456} INFO - Setting next_dagrun for tutorial to 2023-05-15T01:40:01.985831+00:00, run_after=2023-05-16T01:40:01.985831+00:00
[2023-05-16T01:40:02.036+0000] {processor.py:175} INFO - Processing /home/airflow/.local/lib/python3.7/site-packages/airflow/example_dags/tutorial.py took 0.193 seconds
[2023-05-16T01:40:32.638+0000] {processor.py:153} INFO - Started process (PID=20217) to work on /home/airflow/.local/lib/python3.7/site-packages/airflow/example_dags/tutorial.py
[2023-05-16T01:40:32.644+0000] {processor.py:743} INFO - Processing file /home/airflow/.local/lib/python3.7/site-packages/airflow/example_dags/tutorial.py for tasks to queue
[2023-05-16T01:40:32.653+0000] {logging_mixin.py:137} INFO - [2023-05-16T01:40:32.651+0000] {dagbag.py:532} INFO - Filling up the DagBag from /home/airflow/.local/lib/python3.7/site-packages/airflow/example_dags/tutorial.py
[2023-05-16T01:40:32.740+0000] {processor.py:753} INFO - DAG(s) dict_keys(['tutorial']) retrieved from /home/airflow/.local/lib/python3.7/site-packages/airflow/example_dags/tutorial.py
[2023-05-16T01:40:32.825+0000] {logging_mixin.py:137} INFO - [2023-05-16T01:40:32.824+0000] {dag.py:2705} INFO - Sync 1 DAGs
[2023-05-16T01:40:32.894+0000] {logging_mixin.py:137} INFO - [2023-05-16T01:40:32.894+0000] {dag.py:3456} INFO - Setting next_dagrun for tutorial to 2023-05-15T01:40:32.893809+00:00, run_after=2023-05-16T01:40:32.893809+00:00
[2023-05-16T01:40:32.978+0000] {processor.py:175} INFO - Processing /home/airflow/.local/lib/python3.7/site-packages/airflow/example_dags/tutorial.py took 0.379 seconds
