[2023-05-16T00:00:27.285+0000] {processor.py:153} INFO - Started process (PID=16523) to work on /home/airflow/.local/lib/python3.7/site-packages/airflow/example_dags/tutorial_taskflow_api.py
[2023-05-16T00:00:27.314+0000] {processor.py:743} INFO - Processing file /home/airflow/.local/lib/python3.7/site-packages/airflow/example_dags/tutorial_taskflow_api.py for tasks to queue
[2023-05-16T00:00:27.342+0000] {logging_mixin.py:137} INFO - [2023-05-16T00:00:27.341+0000] {dagbag.py:532} INFO - Filling up the DagBag from /home/airflow/.local/lib/python3.7/site-packages/airflow/example_dags/tutorial_taskflow_api.py
[2023-05-16T00:00:28.213+0000] {processor.py:753} INFO - DAG(s) dict_keys(['tutorial_taskflow_api']) retrieved from /home/airflow/.local/lib/python3.7/site-packages/airflow/example_dags/tutorial_taskflow_api.py
[2023-05-16T00:00:28.995+0000] {logging_mixin.py:137} INFO - [2023-05-16T00:00:28.985+0000] {dag.py:2705} INFO - Sync 1 DAGs
[2023-05-16T00:00:30.005+0000] {logging_mixin.py:137} INFO - [2023-05-16T00:00:29.985+0000] {dag.py:3456} INFO - Setting next_dagrun for tutorial_taskflow_api to None, run_after=None
[2023-05-16T00:00:30.418+0000] {processor.py:175} INFO - Processing /home/airflow/.local/lib/python3.7/site-packages/airflow/example_dags/tutorial_taskflow_api.py took 3.236 seconds
[2023-05-16T00:01:44.523+0000] {processor.py:153} INFO - Started process (PID=16587) to work on /home/airflow/.local/lib/python3.7/site-packages/airflow/example_dags/tutorial_taskflow_api.py
[2023-05-16T00:01:44.607+0000] {processor.py:743} INFO - Processing file /home/airflow/.local/lib/python3.7/site-packages/airflow/example_dags/tutorial_taskflow_api.py for tasks to queue
[2023-05-16T00:01:44.646+0000] {logging_mixin.py:137} INFO - [2023-05-16T00:01:44.645+0000] {dagbag.py:532} INFO - Filling up the DagBag from /home/airflow/.local/lib/python3.7/site-packages/airflow/example_dags/tutorial_taskflow_api.py
[2023-05-16T00:01:45.671+0000] {processor.py:753} INFO - DAG(s) dict_keys(['tutorial_taskflow_api']) retrieved from /home/airflow/.local/lib/python3.7/site-packages/airflow/example_dags/tutorial_taskflow_api.py
[2023-05-16T00:01:46.475+0000] {logging_mixin.py:137} INFO - [2023-05-16T00:01:46.445+0000] {dag.py:2705} INFO - Sync 1 DAGs
[2023-05-16T00:01:47.670+0000] {logging_mixin.py:137} INFO - [2023-05-16T00:01:47.669+0000] {dag.py:3456} INFO - Setting next_dagrun for tutorial_taskflow_api to None, run_after=None
[2023-05-16T00:01:48.555+0000] {processor.py:175} INFO - Processing /home/airflow/.local/lib/python3.7/site-packages/airflow/example_dags/tutorial_taskflow_api.py took 4.232 seconds
[2023-05-16T00:17:52.580+0000] {processor.py:153} INFO - Started process (PID=16657) to work on /home/airflow/.local/lib/python3.7/site-packages/airflow/example_dags/tutorial_taskflow_api.py
[2023-05-16T00:17:52.588+0000] {processor.py:743} INFO - Processing file /home/airflow/.local/lib/python3.7/site-packages/airflow/example_dags/tutorial_taskflow_api.py for tasks to queue
[2023-05-16T00:17:52.597+0000] {logging_mixin.py:137} INFO - [2023-05-16T00:17:52.596+0000] {dagbag.py:532} INFO - Filling up the DagBag from /home/airflow/.local/lib/python3.7/site-packages/airflow/example_dags/tutorial_taskflow_api.py
[2023-05-16T00:17:52.773+0000] {processor.py:753} INFO - DAG(s) dict_keys(['tutorial_taskflow_api']) retrieved from /home/airflow/.local/lib/python3.7/site-packages/airflow/example_dags/tutorial_taskflow_api.py
[2023-05-16T00:17:52.943+0000] {logging_mixin.py:137} INFO - [2023-05-16T00:17:52.942+0000] {dag.py:2705} INFO - Sync 1 DAGs
[2023-05-16T00:17:53.085+0000] {logging_mixin.py:137} INFO - [2023-05-16T00:17:53.085+0000] {dag.py:3456} INFO - Setting next_dagrun for tutorial_taskflow_api to None, run_after=None
[2023-05-16T00:17:53.268+0000] {processor.py:175} INFO - Processing /home/airflow/.local/lib/python3.7/site-packages/airflow/example_dags/tutorial_taskflow_api.py took 0.713 seconds
[2023-05-16T00:19:08.185+0000] {processor.py:153} INFO - Started process (PID=16713) to work on /home/airflow/.local/lib/python3.7/site-packages/airflow/example_dags/tutorial_taskflow_api.py
[2023-05-16T00:19:08.218+0000] {processor.py:743} INFO - Processing file /home/airflow/.local/lib/python3.7/site-packages/airflow/example_dags/tutorial_taskflow_api.py for tasks to queue
[2023-05-16T00:19:08.252+0000] {logging_mixin.py:137} INFO - [2023-05-16T00:19:08.251+0000] {dagbag.py:532} INFO - Filling up the DagBag from /home/airflow/.local/lib/python3.7/site-packages/airflow/example_dags/tutorial_taskflow_api.py
[2023-05-16T00:19:08.604+0000] {processor.py:753} INFO - DAG(s) dict_keys(['tutorial_taskflow_api']) retrieved from /home/airflow/.local/lib/python3.7/site-packages/airflow/example_dags/tutorial_taskflow_api.py
[2023-05-16T00:19:09.421+0000] {logging_mixin.py:137} INFO - [2023-05-16T00:19:09.419+0000] {dag.py:2705} INFO - Sync 1 DAGs
[2023-05-16T00:19:09.873+0000] {logging_mixin.py:137} INFO - [2023-05-16T00:19:09.873+0000] {dag.py:3456} INFO - Setting next_dagrun for tutorial_taskflow_api to None, run_after=None
[2023-05-16T00:19:10.323+0000] {processor.py:175} INFO - Processing /home/airflow/.local/lib/python3.7/site-packages/airflow/example_dags/tutorial_taskflow_api.py took 2.258 seconds
[2023-05-16T00:20:14.317+0000] {processor.py:153} INFO - Started process (PID=16779) to work on /home/airflow/.local/lib/python3.7/site-packages/airflow/example_dags/tutorial_taskflow_api.py
[2023-05-16T00:20:14.420+0000] {processor.py:743} INFO - Processing file /home/airflow/.local/lib/python3.7/site-packages/airflow/example_dags/tutorial_taskflow_api.py for tasks to queue
[2023-05-16T00:20:14.473+0000] {logging_mixin.py:137} INFO - [2023-05-16T00:20:14.470+0000] {dagbag.py:532} INFO - Filling up the DagBag from /home/airflow/.local/lib/python3.7/site-packages/airflow/example_dags/tutorial_taskflow_api.py
[2023-05-16T00:20:16.135+0000] {processor.py:753} INFO - DAG(s) dict_keys(['tutorial_taskflow_api']) retrieved from /home/airflow/.local/lib/python3.7/site-packages/airflow/example_dags/tutorial_taskflow_api.py
[2023-05-16T00:35:42.549+0000] {logging_mixin.py:137} INFO - [2023-05-16T00:35:42.547+0000] {dag.py:2705} INFO - Sync 1 DAGs
[2023-05-16T00:36:14.314+0000] {processor.py:153} INFO - Started process (PID=16837) to work on /home/airflow/.local/lib/python3.7/site-packages/airflow/example_dags/tutorial_taskflow_api.py
[2023-05-16T00:36:14.412+0000] {processor.py:743} INFO - Processing file /home/airflow/.local/lib/python3.7/site-packages/airflow/example_dags/tutorial_taskflow_api.py for tasks to queue
[2023-05-16T00:36:14.473+0000] {logging_mixin.py:137} INFO - [2023-05-16T00:36:14.472+0000] {dagbag.py:532} INFO - Filling up the DagBag from /home/airflow/.local/lib/python3.7/site-packages/airflow/example_dags/tutorial_taskflow_api.py
[2023-05-16T00:51:05.217+0000] {logging_mixin.py:137} INFO - [2023-05-16T00:51:05.216+0000] {timeout.py:68} ERROR - Process timed out, PID: 16837
[2023-05-16T00:51:05.472+0000] {logging_mixin.py:137} INFO - [2023-05-16T00:51:05.457+0000] {dagbag.py:341} ERROR - Failed to import: /home/airflow/.local/lib/python3.7/site-packages/airflow/example_dags/tutorial_taskflow_api.py
Traceback (most recent call last):
  File "/home/airflow/.local/lib/python3.7/site-packages/airflow/models/dagbag.py", line 337, in parse
    loader.exec_module(new_module)
  File "<frozen importlib._bootstrap_external>", line 728, in exec_module
  File "<frozen importlib._bootstrap>", line 219, in _call_with_frames_removed
  File "/home/airflow/.local/lib/python3.7/site-packages/airflow/example_dags/tutorial_taskflow_api.py", line 26, in <module>
    from airflow.decorators import dag, task
  File "/home/airflow/.local/lib/python3.7/site-packages/airflow/decorators/__init__.py", line 26, in <module>
    from airflow.decorators.sensor import sensor_task
  File "/home/airflow/.local/lib/python3.7/site-packages/airflow/decorators/sensor.py", line 23, in <module>
    from airflow.sensors.python import PythonSensor
  File "/home/airflow/.local/lib/python3.7/site-packages/airflow/sensors/python.py", line 22, in <module>
    from airflow.sensors.base import BaseSensorOperator, PokeReturnValue
  File "/home/airflow/.local/lib/python3.7/site-packages/airflow/sensors/base.py", line 58, in <module>
    class PokeReturnValue:
  File "/home/airflow/.local/lib/python3.7/site-packages/airflow/utils/timeout.py", line 69, in handle_timeout
    raise AirflowTaskTimeout(self.error_message)
airflow.exceptions.AirflowTaskTimeout: DagBag import timeout for /home/airflow/.local/lib/python3.7/site-packages/airflow/example_dags/tutorial_taskflow_api.py after 30.0s.
Please take a look at these docs to improve your DAG import time:
* https://airflow.apache.org/docs/apache-airflow/2.5.3/best-practices.html#top-level-python-code
* https://airflow.apache.org/docs/apache-airflow/2.5.3/best-practices.html#reducing-dag-complexity, PID: 16837
[2023-05-16T00:51:05.556+0000] {processor.py:755} WARNING - No viable dags retrieved from /home/airflow/.local/lib/python3.7/site-packages/airflow/example_dags/tutorial_taskflow_api.py
[2023-05-16T00:51:06.287+0000] {processor.py:175} INFO - Processing /home/airflow/.local/lib/python3.7/site-packages/airflow/example_dags/tutorial_taskflow_api.py took 892.240 seconds
[2023-05-16T01:03:12.580+0000] {processor.py:153} INFO - Started process (PID=16922) to work on /home/airflow/.local/lib/python3.7/site-packages/airflow/example_dags/tutorial_taskflow_api.py
[2023-05-16T01:03:12.593+0000] {processor.py:743} INFO - Processing file /home/airflow/.local/lib/python3.7/site-packages/airflow/example_dags/tutorial_taskflow_api.py for tasks to queue
[2023-05-16T01:03:12.613+0000] {logging_mixin.py:137} INFO - [2023-05-16T01:03:12.611+0000] {dagbag.py:532} INFO - Filling up the DagBag from /home/airflow/.local/lib/python3.7/site-packages/airflow/example_dags/tutorial_taskflow_api.py
[2023-05-16T01:03:12.786+0000] {processor.py:753} INFO - DAG(s) dict_keys(['tutorial_taskflow_api']) retrieved from /home/airflow/.local/lib/python3.7/site-packages/airflow/example_dags/tutorial_taskflow_api.py
[2023-05-16T01:03:13.327+0000] {logging_mixin.py:137} INFO - [2023-05-16T01:03:13.326+0000] {dag.py:2705} INFO - Sync 1 DAGs
[2023-05-16T01:03:13.481+0000] {logging_mixin.py:137} INFO - [2023-05-16T01:03:13.480+0000] {dag.py:3456} INFO - Setting next_dagrun for tutorial_taskflow_api to None, run_after=None
[2023-05-16T01:03:13.622+0000] {processor.py:175} INFO - Processing /home/airflow/.local/lib/python3.7/site-packages/airflow/example_dags/tutorial_taskflow_api.py took 1.076 seconds
[2023-05-16T01:04:24.859+0000] {processor.py:153} INFO - Started process (PID=16995) to work on /home/airflow/.local/lib/python3.7/site-packages/airflow/example_dags/tutorial_taskflow_api.py
[2023-05-16T01:04:24.882+0000] {processor.py:743} INFO - Processing file /home/airflow/.local/lib/python3.7/site-packages/airflow/example_dags/tutorial_taskflow_api.py for tasks to queue
[2023-05-16T01:04:24.911+0000] {logging_mixin.py:137} INFO - [2023-05-16T01:04:24.889+0000] {dagbag.py:532} INFO - Filling up the DagBag from /home/airflow/.local/lib/python3.7/site-packages/airflow/example_dags/tutorial_taskflow_api.py
[2023-05-16T01:04:25.481+0000] {processor.py:753} INFO - DAG(s) dict_keys(['tutorial_taskflow_api']) retrieved from /home/airflow/.local/lib/python3.7/site-packages/airflow/example_dags/tutorial_taskflow_api.py
[2023-05-16T01:04:26.012+0000] {logging_mixin.py:137} INFO - [2023-05-16T01:04:26.011+0000] {dag.py:2705} INFO - Sync 1 DAGs
[2023-05-16T01:04:26.826+0000] {logging_mixin.py:137} INFO - [2023-05-16T01:04:26.825+0000] {dag.py:3456} INFO - Setting next_dagrun for tutorial_taskflow_api to None, run_after=None
[2023-05-16T01:04:27.064+0000] {processor.py:175} INFO - Processing /home/airflow/.local/lib/python3.7/site-packages/airflow/example_dags/tutorial_taskflow_api.py took 2.355 seconds
[2023-05-16T01:05:31.975+0000] {processor.py:153} INFO - Started process (PID=17062) to work on /home/airflow/.local/lib/python3.7/site-packages/airflow/example_dags/tutorial_taskflow_api.py
[2023-05-16T01:05:31.986+0000] {processor.py:743} INFO - Processing file /home/airflow/.local/lib/python3.7/site-packages/airflow/example_dags/tutorial_taskflow_api.py for tasks to queue
[2023-05-16T01:05:32.011+0000] {logging_mixin.py:137} INFO - [2023-05-16T01:05:32.010+0000] {dagbag.py:532} INFO - Filling up the DagBag from /home/airflow/.local/lib/python3.7/site-packages/airflow/example_dags/tutorial_taskflow_api.py
[2023-05-16T01:05:32.655+0000] {processor.py:753} INFO - DAG(s) dict_keys(['tutorial_taskflow_api']) retrieved from /home/airflow/.local/lib/python3.7/site-packages/airflow/example_dags/tutorial_taskflow_api.py
[2023-05-16T01:05:33.200+0000] {logging_mixin.py:137} INFO - [2023-05-16T01:05:33.199+0000] {dag.py:2705} INFO - Sync 1 DAGs
[2023-05-16T01:05:34.223+0000] {logging_mixin.py:137} INFO - [2023-05-16T01:05:34.219+0000] {dag.py:3456} INFO - Setting next_dagrun for tutorial_taskflow_api to None, run_after=None
[2023-05-16T01:05:34.689+0000] {processor.py:175} INFO - Processing /home/airflow/.local/lib/python3.7/site-packages/airflow/example_dags/tutorial_taskflow_api.py took 2.755 seconds
[2023-05-16T01:06:24.051+0000] {processor.py:153} INFO - Started process (PID=17115) to work on /home/airflow/.local/lib/python3.7/site-packages/airflow/example_dags/tutorial_taskflow_api.py
[2023-05-16T01:06:24.053+0000] {processor.py:743} INFO - Processing file /home/airflow/.local/lib/python3.7/site-packages/airflow/example_dags/tutorial_taskflow_api.py for tasks to queue
[2023-05-16T01:06:24.055+0000] {logging_mixin.py:137} INFO - [2023-05-16T01:06:24.055+0000] {dagbag.py:532} INFO - Filling up the DagBag from /home/airflow/.local/lib/python3.7/site-packages/airflow/example_dags/tutorial_taskflow_api.py
[2023-05-16T01:06:24.088+0000] {processor.py:753} INFO - DAG(s) dict_keys(['tutorial_taskflow_api']) retrieved from /home/airflow/.local/lib/python3.7/site-packages/airflow/example_dags/tutorial_taskflow_api.py
[2023-05-16T01:06:24.127+0000] {logging_mixin.py:137} INFO - [2023-05-16T01:06:24.127+0000] {dag.py:2705} INFO - Sync 1 DAGs
[2023-05-16T01:06:24.162+0000] {logging_mixin.py:137} INFO - [2023-05-16T01:06:24.162+0000] {dag.py:3456} INFO - Setting next_dagrun for tutorial_taskflow_api to None, run_after=None
[2023-05-16T01:06:24.183+0000] {processor.py:175} INFO - Processing /home/airflow/.local/lib/python3.7/site-packages/airflow/example_dags/tutorial_taskflow_api.py took 0.140 seconds
[2023-05-16T01:09:38.884+0000] {processor.py:153} INFO - Started process (PID=17193) to work on /home/airflow/.local/lib/python3.7/site-packages/airflow/example_dags/tutorial_taskflow_api.py
[2023-05-16T01:09:38.906+0000] {processor.py:743} INFO - Processing file /home/airflow/.local/lib/python3.7/site-packages/airflow/example_dags/tutorial_taskflow_api.py for tasks to queue
[2023-05-16T01:09:38.963+0000] {logging_mixin.py:137} INFO - [2023-05-16T01:09:38.952+0000] {dagbag.py:532} INFO - Filling up the DagBag from /home/airflow/.local/lib/python3.7/site-packages/airflow/example_dags/tutorial_taskflow_api.py
[2023-05-16T01:09:39.487+0000] {processor.py:753} INFO - DAG(s) dict_keys(['tutorial_taskflow_api']) retrieved from /home/airflow/.local/lib/python3.7/site-packages/airflow/example_dags/tutorial_taskflow_api.py
[2023-05-16T01:09:39.706+0000] {logging_mixin.py:137} INFO - [2023-05-16T01:09:39.706+0000] {dag.py:2705} INFO - Sync 1 DAGs
[2023-05-16T01:09:39.901+0000] {logging_mixin.py:137} INFO - [2023-05-16T01:09:39.900+0000] {dag.py:3456} INFO - Setting next_dagrun for tutorial_taskflow_api to None, run_after=None
[2023-05-16T01:09:40.023+0000] {processor.py:175} INFO - Processing /home/airflow/.local/lib/python3.7/site-packages/airflow/example_dags/tutorial_taskflow_api.py took 1.204 seconds
[2023-05-16T01:11:27.718+0000] {processor.py:153} INFO - Started process (PID=17266) to work on /home/airflow/.local/lib/python3.7/site-packages/airflow/example_dags/tutorial_taskflow_api.py
[2023-05-16T01:11:27.721+0000] {processor.py:743} INFO - Processing file /home/airflow/.local/lib/python3.7/site-packages/airflow/example_dags/tutorial_taskflow_api.py for tasks to queue
[2023-05-16T01:11:27.725+0000] {logging_mixin.py:137} INFO - [2023-05-16T01:11:27.724+0000] {dagbag.py:532} INFO - Filling up the DagBag from /home/airflow/.local/lib/python3.7/site-packages/airflow/example_dags/tutorial_taskflow_api.py
[2023-05-16T01:11:27.777+0000] {processor.py:753} INFO - DAG(s) dict_keys(['tutorial_taskflow_api']) retrieved from /home/airflow/.local/lib/python3.7/site-packages/airflow/example_dags/tutorial_taskflow_api.py
[2023-05-16T01:11:27.840+0000] {logging_mixin.py:137} INFO - [2023-05-16T01:11:27.840+0000] {dag.py:2705} INFO - Sync 1 DAGs
[2023-05-16T01:11:27.890+0000] {logging_mixin.py:137} INFO - [2023-05-16T01:11:27.890+0000] {dag.py:3456} INFO - Setting next_dagrun for tutorial_taskflow_api to None, run_after=None
[2023-05-16T01:11:27.921+0000] {processor.py:175} INFO - Processing /home/airflow/.local/lib/python3.7/site-packages/airflow/example_dags/tutorial_taskflow_api.py took 0.212 seconds
[2023-05-16T01:11:59.894+0000] {processor.py:153} INFO - Started process (PID=17317) to work on /home/airflow/.local/lib/python3.7/site-packages/airflow/example_dags/tutorial_taskflow_api.py
[2023-05-16T01:11:59.897+0000] {processor.py:743} INFO - Processing file /home/airflow/.local/lib/python3.7/site-packages/airflow/example_dags/tutorial_taskflow_api.py for tasks to queue
[2023-05-16T01:11:59.899+0000] {logging_mixin.py:137} INFO - [2023-05-16T01:11:59.899+0000] {dagbag.py:532} INFO - Filling up the DagBag from /home/airflow/.local/lib/python3.7/site-packages/airflow/example_dags/tutorial_taskflow_api.py
[2023-05-16T01:11:59.940+0000] {processor.py:753} INFO - DAG(s) dict_keys(['tutorial_taskflow_api']) retrieved from /home/airflow/.local/lib/python3.7/site-packages/airflow/example_dags/tutorial_taskflow_api.py
[2023-05-16T01:11:59.994+0000] {logging_mixin.py:137} INFO - [2023-05-16T01:11:59.994+0000] {dag.py:2705} INFO - Sync 1 DAGs
[2023-05-16T01:12:00.072+0000] {logging_mixin.py:137} INFO - [2023-05-16T01:12:00.072+0000] {dag.py:3456} INFO - Setting next_dagrun for tutorial_taskflow_api to None, run_after=None
[2023-05-16T01:12:00.105+0000] {processor.py:175} INFO - Processing /home/airflow/.local/lib/python3.7/site-packages/airflow/example_dags/tutorial_taskflow_api.py took 0.220 seconds
[2023-05-16T01:12:31.152+0000] {processor.py:153} INFO - Started process (PID=17369) to work on /home/airflow/.local/lib/python3.7/site-packages/airflow/example_dags/tutorial_taskflow_api.py
[2023-05-16T01:12:31.154+0000] {processor.py:743} INFO - Processing file /home/airflow/.local/lib/python3.7/site-packages/airflow/example_dags/tutorial_taskflow_api.py for tasks to queue
[2023-05-16T01:12:31.156+0000] {logging_mixin.py:137} INFO - [2023-05-16T01:12:31.156+0000] {dagbag.py:532} INFO - Filling up the DagBag from /home/airflow/.local/lib/python3.7/site-packages/airflow/example_dags/tutorial_taskflow_api.py
[2023-05-16T01:12:31.231+0000] {processor.py:753} INFO - DAG(s) dict_keys(['tutorial_taskflow_api']) retrieved from /home/airflow/.local/lib/python3.7/site-packages/airflow/example_dags/tutorial_taskflow_api.py
[2023-05-16T01:12:31.300+0000] {logging_mixin.py:137} INFO - [2023-05-16T01:12:31.300+0000] {dag.py:2705} INFO - Sync 1 DAGs
[2023-05-16T01:12:31.356+0000] {logging_mixin.py:137} INFO - [2023-05-16T01:12:31.356+0000] {dag.py:3456} INFO - Setting next_dagrun for tutorial_taskflow_api to None, run_after=None
[2023-05-16T01:12:31.398+0000] {processor.py:175} INFO - Processing /home/airflow/.local/lib/python3.7/site-packages/airflow/example_dags/tutorial_taskflow_api.py took 0.253 seconds
[2023-05-16T01:13:01.630+0000] {processor.py:153} INFO - Started process (PID=17421) to work on /home/airflow/.local/lib/python3.7/site-packages/airflow/example_dags/tutorial_taskflow_api.py
[2023-05-16T01:13:01.638+0000] {processor.py:743} INFO - Processing file /home/airflow/.local/lib/python3.7/site-packages/airflow/example_dags/tutorial_taskflow_api.py for tasks to queue
[2023-05-16T01:13:01.643+0000] {logging_mixin.py:137} INFO - [2023-05-16T01:13:01.642+0000] {dagbag.py:532} INFO - Filling up the DagBag from /home/airflow/.local/lib/python3.7/site-packages/airflow/example_dags/tutorial_taskflow_api.py
[2023-05-16T01:13:01.723+0000] {processor.py:753} INFO - DAG(s) dict_keys(['tutorial_taskflow_api']) retrieved from /home/airflow/.local/lib/python3.7/site-packages/airflow/example_dags/tutorial_taskflow_api.py
[2023-05-16T01:13:01.861+0000] {logging_mixin.py:137} INFO - [2023-05-16T01:13:01.860+0000] {dag.py:2705} INFO - Sync 1 DAGs
[2023-05-16T01:13:01.946+0000] {logging_mixin.py:137} INFO - [2023-05-16T01:13:01.945+0000] {dag.py:3456} INFO - Setting next_dagrun for tutorial_taskflow_api to None, run_after=None
[2023-05-16T01:13:02.017+0000] {processor.py:175} INFO - Processing /home/airflow/.local/lib/python3.7/site-packages/airflow/example_dags/tutorial_taskflow_api.py took 0.411 seconds
[2023-05-16T01:13:33.006+0000] {processor.py:153} INFO - Started process (PID=17473) to work on /home/airflow/.local/lib/python3.7/site-packages/airflow/example_dags/tutorial_taskflow_api.py
[2023-05-16T01:13:33.011+0000] {processor.py:743} INFO - Processing file /home/airflow/.local/lib/python3.7/site-packages/airflow/example_dags/tutorial_taskflow_api.py for tasks to queue
[2023-05-16T01:13:33.020+0000] {logging_mixin.py:137} INFO - [2023-05-16T01:13:33.019+0000] {dagbag.py:532} INFO - Filling up the DagBag from /home/airflow/.local/lib/python3.7/site-packages/airflow/example_dags/tutorial_taskflow_api.py
[2023-05-16T01:13:33.102+0000] {processor.py:753} INFO - DAG(s) dict_keys(['tutorial_taskflow_api']) retrieved from /home/airflow/.local/lib/python3.7/site-packages/airflow/example_dags/tutorial_taskflow_api.py
[2023-05-16T01:13:33.199+0000] {logging_mixin.py:137} INFO - [2023-05-16T01:13:33.199+0000] {dag.py:2705} INFO - Sync 1 DAGs
[2023-05-16T01:13:33.271+0000] {logging_mixin.py:137} INFO - [2023-05-16T01:13:33.271+0000] {dag.py:3456} INFO - Setting next_dagrun for tutorial_taskflow_api to None, run_after=None
[2023-05-16T01:13:33.308+0000] {processor.py:175} INFO - Processing /home/airflow/.local/lib/python3.7/site-packages/airflow/example_dags/tutorial_taskflow_api.py took 0.314 seconds
[2023-05-16T01:14:03.716+0000] {processor.py:153} INFO - Started process (PID=17525) to work on /home/airflow/.local/lib/python3.7/site-packages/airflow/example_dags/tutorial_taskflow_api.py
[2023-05-16T01:14:03.718+0000] {processor.py:743} INFO - Processing file /home/airflow/.local/lib/python3.7/site-packages/airflow/example_dags/tutorial_taskflow_api.py for tasks to queue
[2023-05-16T01:14:03.721+0000] {logging_mixin.py:137} INFO - [2023-05-16T01:14:03.721+0000] {dagbag.py:532} INFO - Filling up the DagBag from /home/airflow/.local/lib/python3.7/site-packages/airflow/example_dags/tutorial_taskflow_api.py
[2023-05-16T01:14:03.760+0000] {processor.py:753} INFO - DAG(s) dict_keys(['tutorial_taskflow_api']) retrieved from /home/airflow/.local/lib/python3.7/site-packages/airflow/example_dags/tutorial_taskflow_api.py
[2023-05-16T01:14:03.803+0000] {logging_mixin.py:137} INFO - [2023-05-16T01:14:03.803+0000] {dag.py:2705} INFO - Sync 1 DAGs
[2023-05-16T01:14:03.837+0000] {logging_mixin.py:137} INFO - [2023-05-16T01:14:03.836+0000] {dag.py:3456} INFO - Setting next_dagrun for tutorial_taskflow_api to None, run_after=None
[2023-05-16T01:14:03.866+0000] {processor.py:175} INFO - Processing /home/airflow/.local/lib/python3.7/site-packages/airflow/example_dags/tutorial_taskflow_api.py took 0.158 seconds
[2023-05-16T01:14:34.697+0000] {processor.py:153} INFO - Started process (PID=17577) to work on /home/airflow/.local/lib/python3.7/site-packages/airflow/example_dags/tutorial_taskflow_api.py
[2023-05-16T01:14:34.700+0000] {processor.py:743} INFO - Processing file /home/airflow/.local/lib/python3.7/site-packages/airflow/example_dags/tutorial_taskflow_api.py for tasks to queue
[2023-05-16T01:14:34.702+0000] {logging_mixin.py:137} INFO - [2023-05-16T01:14:34.701+0000] {dagbag.py:532} INFO - Filling up the DagBag from /home/airflow/.local/lib/python3.7/site-packages/airflow/example_dags/tutorial_taskflow_api.py
[2023-05-16T01:14:34.734+0000] {processor.py:753} INFO - DAG(s) dict_keys(['tutorial_taskflow_api']) retrieved from /home/airflow/.local/lib/python3.7/site-packages/airflow/example_dags/tutorial_taskflow_api.py
[2023-05-16T01:14:34.774+0000] {logging_mixin.py:137} INFO - [2023-05-16T01:14:34.774+0000] {dag.py:2705} INFO - Sync 1 DAGs
[2023-05-16T01:14:34.808+0000] {logging_mixin.py:137} INFO - [2023-05-16T01:14:34.808+0000] {dag.py:3456} INFO - Setting next_dagrun for tutorial_taskflow_api to None, run_after=None
[2023-05-16T01:14:34.835+0000] {processor.py:175} INFO - Processing /home/airflow/.local/lib/python3.7/site-packages/airflow/example_dags/tutorial_taskflow_api.py took 0.145 seconds
[2023-05-16T01:15:05.137+0000] {processor.py:153} INFO - Started process (PID=17630) to work on /home/airflow/.local/lib/python3.7/site-packages/airflow/example_dags/tutorial_taskflow_api.py
[2023-05-16T01:15:05.139+0000] {processor.py:743} INFO - Processing file /home/airflow/.local/lib/python3.7/site-packages/airflow/example_dags/tutorial_taskflow_api.py for tasks to queue
[2023-05-16T01:15:05.143+0000] {logging_mixin.py:137} INFO - [2023-05-16T01:15:05.142+0000] {dagbag.py:532} INFO - Filling up the DagBag from /home/airflow/.local/lib/python3.7/site-packages/airflow/example_dags/tutorial_taskflow_api.py
[2023-05-16T01:15:05.178+0000] {processor.py:753} INFO - DAG(s) dict_keys(['tutorial_taskflow_api']) retrieved from /home/airflow/.local/lib/python3.7/site-packages/airflow/example_dags/tutorial_taskflow_api.py
[2023-05-16T01:15:05.225+0000] {logging_mixin.py:137} INFO - [2023-05-16T01:15:05.225+0000] {dag.py:2705} INFO - Sync 1 DAGs
[2023-05-16T01:15:05.274+0000] {logging_mixin.py:137} INFO - [2023-05-16T01:15:05.274+0000] {dag.py:3456} INFO - Setting next_dagrun for tutorial_taskflow_api to None, run_after=None
[2023-05-16T01:15:05.308+0000] {processor.py:175} INFO - Processing /home/airflow/.local/lib/python3.7/site-packages/airflow/example_dags/tutorial_taskflow_api.py took 0.182 seconds
[2023-05-16T01:15:35.609+0000] {processor.py:153} INFO - Started process (PID=17682) to work on /home/airflow/.local/lib/python3.7/site-packages/airflow/example_dags/tutorial_taskflow_api.py
[2023-05-16T01:15:35.612+0000] {processor.py:743} INFO - Processing file /home/airflow/.local/lib/python3.7/site-packages/airflow/example_dags/tutorial_taskflow_api.py for tasks to queue
[2023-05-16T01:15:35.616+0000] {logging_mixin.py:137} INFO - [2023-05-16T01:15:35.616+0000] {dagbag.py:532} INFO - Filling up the DagBag from /home/airflow/.local/lib/python3.7/site-packages/airflow/example_dags/tutorial_taskflow_api.py
[2023-05-16T01:15:35.655+0000] {processor.py:753} INFO - DAG(s) dict_keys(['tutorial_taskflow_api']) retrieved from /home/airflow/.local/lib/python3.7/site-packages/airflow/example_dags/tutorial_taskflow_api.py
[2023-05-16T01:15:35.709+0000] {logging_mixin.py:137} INFO - [2023-05-16T01:15:35.709+0000] {dag.py:2705} INFO - Sync 1 DAGs
[2023-05-16T01:15:35.756+0000] {logging_mixin.py:137} INFO - [2023-05-16T01:15:35.756+0000] {dag.py:3456} INFO - Setting next_dagrun for tutorial_taskflow_api to None, run_after=None
[2023-05-16T01:15:35.798+0000] {processor.py:175} INFO - Processing /home/airflow/.local/lib/python3.7/site-packages/airflow/example_dags/tutorial_taskflow_api.py took 0.197 seconds
[2023-05-16T01:16:06.026+0000] {processor.py:153} INFO - Started process (PID=17734) to work on /home/airflow/.local/lib/python3.7/site-packages/airflow/example_dags/tutorial_taskflow_api.py
[2023-05-16T01:16:06.029+0000] {processor.py:743} INFO - Processing file /home/airflow/.local/lib/python3.7/site-packages/airflow/example_dags/tutorial_taskflow_api.py for tasks to queue
[2023-05-16T01:16:06.032+0000] {logging_mixin.py:137} INFO - [2023-05-16T01:16:06.032+0000] {dagbag.py:532} INFO - Filling up the DagBag from /home/airflow/.local/lib/python3.7/site-packages/airflow/example_dags/tutorial_taskflow_api.py
[2023-05-16T01:16:06.085+0000] {processor.py:753} INFO - DAG(s) dict_keys(['tutorial_taskflow_api']) retrieved from /home/airflow/.local/lib/python3.7/site-packages/airflow/example_dags/tutorial_taskflow_api.py
[2023-05-16T01:16:06.136+0000] {logging_mixin.py:137} INFO - [2023-05-16T01:16:06.136+0000] {dag.py:2705} INFO - Sync 1 DAGs
[2023-05-16T01:16:06.184+0000] {logging_mixin.py:137} INFO - [2023-05-16T01:16:06.183+0000] {dag.py:3456} INFO - Setting next_dagrun for tutorial_taskflow_api to None, run_after=None
[2023-05-16T01:16:06.214+0000] {processor.py:175} INFO - Processing /home/airflow/.local/lib/python3.7/site-packages/airflow/example_dags/tutorial_taskflow_api.py took 0.206 seconds
[2023-05-16T01:16:36.749+0000] {processor.py:153} INFO - Started process (PID=17786) to work on /home/airflow/.local/lib/python3.7/site-packages/airflow/example_dags/tutorial_taskflow_api.py
[2023-05-16T01:16:36.752+0000] {processor.py:743} INFO - Processing file /home/airflow/.local/lib/python3.7/site-packages/airflow/example_dags/tutorial_taskflow_api.py for tasks to queue
[2023-05-16T01:16:36.754+0000] {logging_mixin.py:137} INFO - [2023-05-16T01:16:36.754+0000] {dagbag.py:532} INFO - Filling up the DagBag from /home/airflow/.local/lib/python3.7/site-packages/airflow/example_dags/tutorial_taskflow_api.py
[2023-05-16T01:16:36.786+0000] {processor.py:753} INFO - DAG(s) dict_keys(['tutorial_taskflow_api']) retrieved from /home/airflow/.local/lib/python3.7/site-packages/airflow/example_dags/tutorial_taskflow_api.py
[2023-05-16T01:16:36.826+0000] {logging_mixin.py:137} INFO - [2023-05-16T01:16:36.825+0000] {dag.py:2705} INFO - Sync 1 DAGs
[2023-05-16T01:16:36.858+0000] {logging_mixin.py:137} INFO - [2023-05-16T01:16:36.857+0000] {dag.py:3456} INFO - Setting next_dagrun for tutorial_taskflow_api to None, run_after=None
[2023-05-16T01:16:36.883+0000] {processor.py:175} INFO - Processing /home/airflow/.local/lib/python3.7/site-packages/airflow/example_dags/tutorial_taskflow_api.py took 0.139 seconds
[2023-05-16T01:17:07.390+0000] {processor.py:153} INFO - Started process (PID=17838) to work on /home/airflow/.local/lib/python3.7/site-packages/airflow/example_dags/tutorial_taskflow_api.py
[2023-05-16T01:17:07.393+0000] {processor.py:743} INFO - Processing file /home/airflow/.local/lib/python3.7/site-packages/airflow/example_dags/tutorial_taskflow_api.py for tasks to queue
[2023-05-16T01:17:07.396+0000] {logging_mixin.py:137} INFO - [2023-05-16T01:17:07.396+0000] {dagbag.py:532} INFO - Filling up the DagBag from /home/airflow/.local/lib/python3.7/site-packages/airflow/example_dags/tutorial_taskflow_api.py
[2023-05-16T01:17:07.439+0000] {processor.py:753} INFO - DAG(s) dict_keys(['tutorial_taskflow_api']) retrieved from /home/airflow/.local/lib/python3.7/site-packages/airflow/example_dags/tutorial_taskflow_api.py
[2023-05-16T01:17:07.501+0000] {logging_mixin.py:137} INFO - [2023-05-16T01:17:07.500+0000] {dag.py:2705} INFO - Sync 1 DAGs
[2023-05-16T01:17:07.548+0000] {logging_mixin.py:137} INFO - [2023-05-16T01:17:07.544+0000] {dag.py:3456} INFO - Setting next_dagrun for tutorial_taskflow_api to None, run_after=None
[2023-05-16T01:17:07.594+0000] {processor.py:175} INFO - Processing /home/airflow/.local/lib/python3.7/site-packages/airflow/example_dags/tutorial_taskflow_api.py took 0.209 seconds
[2023-05-16T01:17:37.929+0000] {processor.py:153} INFO - Started process (PID=17891) to work on /home/airflow/.local/lib/python3.7/site-packages/airflow/example_dags/tutorial_taskflow_api.py
[2023-05-16T01:17:37.950+0000] {processor.py:743} INFO - Processing file /home/airflow/.local/lib/python3.7/site-packages/airflow/example_dags/tutorial_taskflow_api.py for tasks to queue
[2023-05-16T01:17:37.954+0000] {logging_mixin.py:137} INFO - [2023-05-16T01:17:37.953+0000] {dagbag.py:532} INFO - Filling up the DagBag from /home/airflow/.local/lib/python3.7/site-packages/airflow/example_dags/tutorial_taskflow_api.py
[2023-05-16T01:17:38.062+0000] {processor.py:753} INFO - DAG(s) dict_keys(['tutorial_taskflow_api']) retrieved from /home/airflow/.local/lib/python3.7/site-packages/airflow/example_dags/tutorial_taskflow_api.py
[2023-05-16T01:17:38.171+0000] {logging_mixin.py:137} INFO - [2023-05-16T01:17:38.171+0000] {dag.py:2705} INFO - Sync 1 DAGs
[2023-05-16T01:17:38.231+0000] {logging_mixin.py:137} INFO - [2023-05-16T01:17:38.231+0000] {dag.py:3456} INFO - Setting next_dagrun for tutorial_taskflow_api to None, run_after=None
[2023-05-16T01:17:38.260+0000] {processor.py:175} INFO - Processing /home/airflow/.local/lib/python3.7/site-packages/airflow/example_dags/tutorial_taskflow_api.py took 0.350 seconds
[2023-05-16T01:18:09.054+0000] {processor.py:153} INFO - Started process (PID=17943) to work on /home/airflow/.local/lib/python3.7/site-packages/airflow/example_dags/tutorial_taskflow_api.py
[2023-05-16T01:18:09.064+0000] {processor.py:743} INFO - Processing file /home/airflow/.local/lib/python3.7/site-packages/airflow/example_dags/tutorial_taskflow_api.py for tasks to queue
[2023-05-16T01:18:09.065+0000] {logging_mixin.py:137} INFO - [2023-05-16T01:18:09.065+0000] {dagbag.py:532} INFO - Filling up the DagBag from /home/airflow/.local/lib/python3.7/site-packages/airflow/example_dags/tutorial_taskflow_api.py
[2023-05-16T01:18:09.129+0000] {processor.py:753} INFO - DAG(s) dict_keys(['tutorial_taskflow_api']) retrieved from /home/airflow/.local/lib/python3.7/site-packages/airflow/example_dags/tutorial_taskflow_api.py
[2023-05-16T01:18:09.200+0000] {logging_mixin.py:137} INFO - [2023-05-16T01:18:09.200+0000] {dag.py:2705} INFO - Sync 1 DAGs
[2023-05-16T01:18:09.268+0000] {logging_mixin.py:137} INFO - [2023-05-16T01:18:09.268+0000] {dag.py:3456} INFO - Setting next_dagrun for tutorial_taskflow_api to None, run_after=None
[2023-05-16T01:18:09.317+0000] {processor.py:175} INFO - Processing /home/airflow/.local/lib/python3.7/site-packages/airflow/example_dags/tutorial_taskflow_api.py took 0.275 seconds
[2023-05-16T01:18:39.737+0000] {processor.py:153} INFO - Started process (PID=17995) to work on /home/airflow/.local/lib/python3.7/site-packages/airflow/example_dags/tutorial_taskflow_api.py
[2023-05-16T01:18:39.740+0000] {processor.py:743} INFO - Processing file /home/airflow/.local/lib/python3.7/site-packages/airflow/example_dags/tutorial_taskflow_api.py for tasks to queue
[2023-05-16T01:18:39.744+0000] {logging_mixin.py:137} INFO - [2023-05-16T01:18:39.743+0000] {dagbag.py:532} INFO - Filling up the DagBag from /home/airflow/.local/lib/python3.7/site-packages/airflow/example_dags/tutorial_taskflow_api.py
[2023-05-16T01:18:39.784+0000] {processor.py:753} INFO - DAG(s) dict_keys(['tutorial_taskflow_api']) retrieved from /home/airflow/.local/lib/python3.7/site-packages/airflow/example_dags/tutorial_taskflow_api.py
[2023-05-16T01:18:39.829+0000] {logging_mixin.py:137} INFO - [2023-05-16T01:18:39.828+0000] {dag.py:2705} INFO - Sync 1 DAGs
[2023-05-16T01:18:39.869+0000] {logging_mixin.py:137} INFO - [2023-05-16T01:18:39.869+0000] {dag.py:3456} INFO - Setting next_dagrun for tutorial_taskflow_api to None, run_after=None
[2023-05-16T01:18:39.900+0000] {processor.py:175} INFO - Processing /home/airflow/.local/lib/python3.7/site-packages/airflow/example_dags/tutorial_taskflow_api.py took 0.171 seconds
[2023-05-16T01:19:10.189+0000] {processor.py:153} INFO - Started process (PID=18048) to work on /home/airflow/.local/lib/python3.7/site-packages/airflow/example_dags/tutorial_taskflow_api.py
[2023-05-16T01:19:10.192+0000] {processor.py:743} INFO - Processing file /home/airflow/.local/lib/python3.7/site-packages/airflow/example_dags/tutorial_taskflow_api.py for tasks to queue
[2023-05-16T01:19:10.195+0000] {logging_mixin.py:137} INFO - [2023-05-16T01:19:10.195+0000] {dagbag.py:532} INFO - Filling up the DagBag from /home/airflow/.local/lib/python3.7/site-packages/airflow/example_dags/tutorial_taskflow_api.py
[2023-05-16T01:19:10.234+0000] {processor.py:753} INFO - DAG(s) dict_keys(['tutorial_taskflow_api']) retrieved from /home/airflow/.local/lib/python3.7/site-packages/airflow/example_dags/tutorial_taskflow_api.py
[2023-05-16T01:19:10.279+0000] {logging_mixin.py:137} INFO - [2023-05-16T01:19:10.278+0000] {dag.py:2705} INFO - Sync 1 DAGs
[2023-05-16T01:19:10.340+0000] {logging_mixin.py:137} INFO - [2023-05-16T01:19:10.339+0000] {dag.py:3456} INFO - Setting next_dagrun for tutorial_taskflow_api to None, run_after=None
[2023-05-16T01:19:10.370+0000] {processor.py:175} INFO - Processing /home/airflow/.local/lib/python3.7/site-packages/airflow/example_dags/tutorial_taskflow_api.py took 0.191 seconds
[2023-05-16T01:19:41.072+0000] {processor.py:153} INFO - Started process (PID=18099) to work on /home/airflow/.local/lib/python3.7/site-packages/airflow/example_dags/tutorial_taskflow_api.py
[2023-05-16T01:19:41.078+0000] {processor.py:743} INFO - Processing file /home/airflow/.local/lib/python3.7/site-packages/airflow/example_dags/tutorial_taskflow_api.py for tasks to queue
[2023-05-16T01:19:41.083+0000] {logging_mixin.py:137} INFO - [2023-05-16T01:19:41.082+0000] {dagbag.py:532} INFO - Filling up the DagBag from /home/airflow/.local/lib/python3.7/site-packages/airflow/example_dags/tutorial_taskflow_api.py
[2023-05-16T01:19:41.158+0000] {processor.py:753} INFO - DAG(s) dict_keys(['tutorial_taskflow_api']) retrieved from /home/airflow/.local/lib/python3.7/site-packages/airflow/example_dags/tutorial_taskflow_api.py
[2023-05-16T01:19:41.255+0000] {logging_mixin.py:137} INFO - [2023-05-16T01:19:41.254+0000] {dag.py:2705} INFO - Sync 1 DAGs
[2023-05-16T01:19:41.339+0000] {logging_mixin.py:137} INFO - [2023-05-16T01:19:41.339+0000] {dag.py:3456} INFO - Setting next_dagrun for tutorial_taskflow_api to None, run_after=None
[2023-05-16T01:19:41.404+0000] {processor.py:175} INFO - Processing /home/airflow/.local/lib/python3.7/site-packages/airflow/example_dags/tutorial_taskflow_api.py took 0.343 seconds
[2023-05-16T01:20:12.078+0000] {processor.py:153} INFO - Started process (PID=18151) to work on /home/airflow/.local/lib/python3.7/site-packages/airflow/example_dags/tutorial_taskflow_api.py
[2023-05-16T01:20:12.081+0000] {processor.py:743} INFO - Processing file /home/airflow/.local/lib/python3.7/site-packages/airflow/example_dags/tutorial_taskflow_api.py for tasks to queue
[2023-05-16T01:20:12.084+0000] {logging_mixin.py:137} INFO - [2023-05-16T01:20:12.084+0000] {dagbag.py:532} INFO - Filling up the DagBag from /home/airflow/.local/lib/python3.7/site-packages/airflow/example_dags/tutorial_taskflow_api.py
[2023-05-16T01:20:12.127+0000] {processor.py:753} INFO - DAG(s) dict_keys(['tutorial_taskflow_api']) retrieved from /home/airflow/.local/lib/python3.7/site-packages/airflow/example_dags/tutorial_taskflow_api.py
[2023-05-16T01:20:12.178+0000] {logging_mixin.py:137} INFO - [2023-05-16T01:20:12.178+0000] {dag.py:2705} INFO - Sync 1 DAGs
[2023-05-16T01:20:12.228+0000] {logging_mixin.py:137} INFO - [2023-05-16T01:20:12.228+0000] {dag.py:3456} INFO - Setting next_dagrun for tutorial_taskflow_api to None, run_after=None
[2023-05-16T01:20:12.284+0000] {processor.py:175} INFO - Processing /home/airflow/.local/lib/python3.7/site-packages/airflow/example_dags/tutorial_taskflow_api.py took 0.214 seconds
[2023-05-16T01:20:42.483+0000] {processor.py:153} INFO - Started process (PID=18203) to work on /home/airflow/.local/lib/python3.7/site-packages/airflow/example_dags/tutorial_taskflow_api.py
[2023-05-16T01:20:42.485+0000] {processor.py:743} INFO - Processing file /home/airflow/.local/lib/python3.7/site-packages/airflow/example_dags/tutorial_taskflow_api.py for tasks to queue
[2023-05-16T01:20:42.488+0000] {logging_mixin.py:137} INFO - [2023-05-16T01:20:42.488+0000] {dagbag.py:532} INFO - Filling up the DagBag from /home/airflow/.local/lib/python3.7/site-packages/airflow/example_dags/tutorial_taskflow_api.py
[2023-05-16T01:20:42.527+0000] {processor.py:753} INFO - DAG(s) dict_keys(['tutorial_taskflow_api']) retrieved from /home/airflow/.local/lib/python3.7/site-packages/airflow/example_dags/tutorial_taskflow_api.py
[2023-05-16T01:20:42.579+0000] {logging_mixin.py:137} INFO - [2023-05-16T01:20:42.579+0000] {dag.py:2705} INFO - Sync 1 DAGs
[2023-05-16T01:20:42.623+0000] {logging_mixin.py:137} INFO - [2023-05-16T01:20:42.622+0000] {dag.py:3456} INFO - Setting next_dagrun for tutorial_taskflow_api to None, run_after=None
[2023-05-16T01:20:42.693+0000] {processor.py:175} INFO - Processing /home/airflow/.local/lib/python3.7/site-packages/airflow/example_dags/tutorial_taskflow_api.py took 0.219 seconds
[2023-05-16T01:21:13.547+0000] {processor.py:153} INFO - Started process (PID=18254) to work on /home/airflow/.local/lib/python3.7/site-packages/airflow/example_dags/tutorial_taskflow_api.py
[2023-05-16T01:21:13.554+0000] {processor.py:743} INFO - Processing file /home/airflow/.local/lib/python3.7/site-packages/airflow/example_dags/tutorial_taskflow_api.py for tasks to queue
[2023-05-16T01:21:13.558+0000] {logging_mixin.py:137} INFO - [2023-05-16T01:21:13.558+0000] {dagbag.py:532} INFO - Filling up the DagBag from /home/airflow/.local/lib/python3.7/site-packages/airflow/example_dags/tutorial_taskflow_api.py
[2023-05-16T01:21:13.618+0000] {processor.py:753} INFO - DAG(s) dict_keys(['tutorial_taskflow_api']) retrieved from /home/airflow/.local/lib/python3.7/site-packages/airflow/example_dags/tutorial_taskflow_api.py
[2023-05-16T01:21:13.668+0000] {logging_mixin.py:137} INFO - [2023-05-16T01:21:13.668+0000] {dag.py:2705} INFO - Sync 1 DAGs
[2023-05-16T01:21:13.717+0000] {logging_mixin.py:137} INFO - [2023-05-16T01:21:13.717+0000] {dag.py:3456} INFO - Setting next_dagrun for tutorial_taskflow_api to None, run_after=None
[2023-05-16T01:21:13.751+0000] {processor.py:175} INFO - Processing /home/airflow/.local/lib/python3.7/site-packages/airflow/example_dags/tutorial_taskflow_api.py took 0.217 seconds
[2023-05-16T01:21:44.660+0000] {processor.py:153} INFO - Started process (PID=18306) to work on /home/airflow/.local/lib/python3.7/site-packages/airflow/example_dags/tutorial_taskflow_api.py
[2023-05-16T01:21:44.662+0000] {processor.py:743} INFO - Processing file /home/airflow/.local/lib/python3.7/site-packages/airflow/example_dags/tutorial_taskflow_api.py for tasks to queue
[2023-05-16T01:21:44.663+0000] {logging_mixin.py:137} INFO - [2023-05-16T01:21:44.663+0000] {dagbag.py:532} INFO - Filling up the DagBag from /home/airflow/.local/lib/python3.7/site-packages/airflow/example_dags/tutorial_taskflow_api.py
[2023-05-16T01:21:44.736+0000] {processor.py:753} INFO - DAG(s) dict_keys(['tutorial_taskflow_api']) retrieved from /home/airflow/.local/lib/python3.7/site-packages/airflow/example_dags/tutorial_taskflow_api.py
[2023-05-16T01:21:44.842+0000] {logging_mixin.py:137} INFO - [2023-05-16T01:21:44.841+0000] {dag.py:2705} INFO - Sync 1 DAGs
[2023-05-16T01:21:44.918+0000] {logging_mixin.py:137} INFO - [2023-05-16T01:21:44.918+0000] {dag.py:3456} INFO - Setting next_dagrun for tutorial_taskflow_api to None, run_after=None
[2023-05-16T01:21:44.973+0000] {processor.py:175} INFO - Processing /home/airflow/.local/lib/python3.7/site-packages/airflow/example_dags/tutorial_taskflow_api.py took 0.330 seconds
[2023-05-16T01:22:15.098+0000] {processor.py:153} INFO - Started process (PID=18359) to work on /home/airflow/.local/lib/python3.7/site-packages/airflow/example_dags/tutorial_taskflow_api.py
[2023-05-16T01:22:15.100+0000] {processor.py:743} INFO - Processing file /home/airflow/.local/lib/python3.7/site-packages/airflow/example_dags/tutorial_taskflow_api.py for tasks to queue
[2023-05-16T01:22:15.102+0000] {logging_mixin.py:137} INFO - [2023-05-16T01:22:15.102+0000] {dagbag.py:532} INFO - Filling up the DagBag from /home/airflow/.local/lib/python3.7/site-packages/airflow/example_dags/tutorial_taskflow_api.py
[2023-05-16T01:22:15.136+0000] {processor.py:753} INFO - DAG(s) dict_keys(['tutorial_taskflow_api']) retrieved from /home/airflow/.local/lib/python3.7/site-packages/airflow/example_dags/tutorial_taskflow_api.py
[2023-05-16T01:22:15.176+0000] {logging_mixin.py:137} INFO - [2023-05-16T01:22:15.176+0000] {dag.py:2705} INFO - Sync 1 DAGs
[2023-05-16T01:22:15.211+0000] {logging_mixin.py:137} INFO - [2023-05-16T01:22:15.211+0000] {dag.py:3456} INFO - Setting next_dagrun for tutorial_taskflow_api to None, run_after=None
[2023-05-16T01:22:15.240+0000] {processor.py:175} INFO - Processing /home/airflow/.local/lib/python3.7/site-packages/airflow/example_dags/tutorial_taskflow_api.py took 0.148 seconds
[2023-05-16T01:22:45.335+0000] {processor.py:153} INFO - Started process (PID=18411) to work on /home/airflow/.local/lib/python3.7/site-packages/airflow/example_dags/tutorial_taskflow_api.py
[2023-05-16T01:22:45.337+0000] {processor.py:743} INFO - Processing file /home/airflow/.local/lib/python3.7/site-packages/airflow/example_dags/tutorial_taskflow_api.py for tasks to queue
[2023-05-16T01:22:45.347+0000] {logging_mixin.py:137} INFO - [2023-05-16T01:22:45.347+0000] {dagbag.py:532} INFO - Filling up the DagBag from /home/airflow/.local/lib/python3.7/site-packages/airflow/example_dags/tutorial_taskflow_api.py
[2023-05-16T01:22:45.381+0000] {processor.py:753} INFO - DAG(s) dict_keys(['tutorial_taskflow_api']) retrieved from /home/airflow/.local/lib/python3.7/site-packages/airflow/example_dags/tutorial_taskflow_api.py
[2023-05-16T01:22:45.438+0000] {logging_mixin.py:137} INFO - [2023-05-16T01:22:45.437+0000] {dag.py:2705} INFO - Sync 1 DAGs
[2023-05-16T01:22:45.479+0000] {logging_mixin.py:137} INFO - [2023-05-16T01:22:45.479+0000] {dag.py:3456} INFO - Setting next_dagrun for tutorial_taskflow_api to None, run_after=None
[2023-05-16T01:22:45.509+0000] {processor.py:175} INFO - Processing /home/airflow/.local/lib/python3.7/site-packages/airflow/example_dags/tutorial_taskflow_api.py took 0.179 seconds
[2023-05-16T01:23:15.965+0000] {processor.py:153} INFO - Started process (PID=18463) to work on /home/airflow/.local/lib/python3.7/site-packages/airflow/example_dags/tutorial_taskflow_api.py
[2023-05-16T01:23:15.968+0000] {processor.py:743} INFO - Processing file /home/airflow/.local/lib/python3.7/site-packages/airflow/example_dags/tutorial_taskflow_api.py for tasks to queue
[2023-05-16T01:23:15.970+0000] {logging_mixin.py:137} INFO - [2023-05-16T01:23:15.970+0000] {dagbag.py:532} INFO - Filling up the DagBag from /home/airflow/.local/lib/python3.7/site-packages/airflow/example_dags/tutorial_taskflow_api.py
[2023-05-16T01:23:16.009+0000] {processor.py:753} INFO - DAG(s) dict_keys(['tutorial_taskflow_api']) retrieved from /home/airflow/.local/lib/python3.7/site-packages/airflow/example_dags/tutorial_taskflow_api.py
[2023-05-16T01:23:16.061+0000] {logging_mixin.py:137} INFO - [2023-05-16T01:23:16.060+0000] {dag.py:2705} INFO - Sync 1 DAGs
[2023-05-16T01:23:16.141+0000] {logging_mixin.py:137} INFO - [2023-05-16T01:23:16.141+0000] {dag.py:3456} INFO - Setting next_dagrun for tutorial_taskflow_api to None, run_after=None
[2023-05-16T01:23:16.183+0000] {processor.py:175} INFO - Processing /home/airflow/.local/lib/python3.7/site-packages/airflow/example_dags/tutorial_taskflow_api.py took 0.229 seconds
[2023-05-16T01:23:46.617+0000] {processor.py:153} INFO - Started process (PID=18515) to work on /home/airflow/.local/lib/python3.7/site-packages/airflow/example_dags/tutorial_taskflow_api.py
[2023-05-16T01:23:46.619+0000] {processor.py:743} INFO - Processing file /home/airflow/.local/lib/python3.7/site-packages/airflow/example_dags/tutorial_taskflow_api.py for tasks to queue
[2023-05-16T01:23:46.622+0000] {logging_mixin.py:137} INFO - [2023-05-16T01:23:46.622+0000] {dagbag.py:532} INFO - Filling up the DagBag from /home/airflow/.local/lib/python3.7/site-packages/airflow/example_dags/tutorial_taskflow_api.py
[2023-05-16T01:23:46.664+0000] {processor.py:753} INFO - DAG(s) dict_keys(['tutorial_taskflow_api']) retrieved from /home/airflow/.local/lib/python3.7/site-packages/airflow/example_dags/tutorial_taskflow_api.py
[2023-05-16T01:23:46.706+0000] {logging_mixin.py:137} INFO - [2023-05-16T01:23:46.706+0000] {dag.py:2705} INFO - Sync 1 DAGs
[2023-05-16T01:23:46.746+0000] {logging_mixin.py:137} INFO - [2023-05-16T01:23:46.746+0000] {dag.py:3456} INFO - Setting next_dagrun for tutorial_taskflow_api to None, run_after=None
[2023-05-16T01:23:46.791+0000] {processor.py:175} INFO - Processing /home/airflow/.local/lib/python3.7/site-packages/airflow/example_dags/tutorial_taskflow_api.py took 0.180 seconds
[2023-05-16T01:24:17.298+0000] {processor.py:153} INFO - Started process (PID=18567) to work on /home/airflow/.local/lib/python3.7/site-packages/airflow/example_dags/tutorial_taskflow_api.py
[2023-05-16T01:24:17.304+0000] {processor.py:743} INFO - Processing file /home/airflow/.local/lib/python3.7/site-packages/airflow/example_dags/tutorial_taskflow_api.py for tasks to queue
[2023-05-16T01:24:17.312+0000] {logging_mixin.py:137} INFO - [2023-05-16T01:24:17.311+0000] {dagbag.py:532} INFO - Filling up the DagBag from /home/airflow/.local/lib/python3.7/site-packages/airflow/example_dags/tutorial_taskflow_api.py
[2023-05-16T01:24:17.384+0000] {processor.py:753} INFO - DAG(s) dict_keys(['tutorial_taskflow_api']) retrieved from /home/airflow/.local/lib/python3.7/site-packages/airflow/example_dags/tutorial_taskflow_api.py
[2023-05-16T01:24:17.430+0000] {logging_mixin.py:137} INFO - [2023-05-16T01:24:17.430+0000] {dag.py:2705} INFO - Sync 1 DAGs
[2023-05-16T01:24:17.477+0000] {logging_mixin.py:137} INFO - [2023-05-16T01:24:17.476+0000] {dag.py:3456} INFO - Setting next_dagrun for tutorial_taskflow_api to None, run_after=None
[2023-05-16T01:24:17.516+0000] {processor.py:175} INFO - Processing /home/airflow/.local/lib/python3.7/site-packages/airflow/example_dags/tutorial_taskflow_api.py took 0.228 seconds
[2023-05-16T01:24:48.361+0000] {processor.py:153} INFO - Started process (PID=18626) to work on /home/airflow/.local/lib/python3.7/site-packages/airflow/example_dags/tutorial_taskflow_api.py
[2023-05-16T01:24:48.369+0000] {processor.py:743} INFO - Processing file /home/airflow/.local/lib/python3.7/site-packages/airflow/example_dags/tutorial_taskflow_api.py for tasks to queue
[2023-05-16T01:24:48.371+0000] {logging_mixin.py:137} INFO - [2023-05-16T01:24:48.371+0000] {dagbag.py:532} INFO - Filling up the DagBag from /home/airflow/.local/lib/python3.7/site-packages/airflow/example_dags/tutorial_taskflow_api.py
[2023-05-16T01:24:48.438+0000] {processor.py:753} INFO - DAG(s) dict_keys(['tutorial_taskflow_api']) retrieved from /home/airflow/.local/lib/python3.7/site-packages/airflow/example_dags/tutorial_taskflow_api.py
[2023-05-16T01:24:48.534+0000] {logging_mixin.py:137} INFO - [2023-05-16T01:24:48.534+0000] {dag.py:2705} INFO - Sync 1 DAGs
[2023-05-16T01:24:48.586+0000] {logging_mixin.py:137} INFO - [2023-05-16T01:24:48.586+0000] {dag.py:3456} INFO - Setting next_dagrun for tutorial_taskflow_api to None, run_after=None
[2023-05-16T01:24:48.625+0000] {processor.py:175} INFO - Processing /home/airflow/.local/lib/python3.7/site-packages/airflow/example_dags/tutorial_taskflow_api.py took 0.274 seconds
[2023-05-16T01:25:19.363+0000] {processor.py:153} INFO - Started process (PID=18678) to work on /home/airflow/.local/lib/python3.7/site-packages/airflow/example_dags/tutorial_taskflow_api.py
[2023-05-16T01:25:19.368+0000] {processor.py:743} INFO - Processing file /home/airflow/.local/lib/python3.7/site-packages/airflow/example_dags/tutorial_taskflow_api.py for tasks to queue
[2023-05-16T01:25:19.371+0000] {logging_mixin.py:137} INFO - [2023-05-16T01:25:19.370+0000] {dagbag.py:532} INFO - Filling up the DagBag from /home/airflow/.local/lib/python3.7/site-packages/airflow/example_dags/tutorial_taskflow_api.py
[2023-05-16T01:25:19.415+0000] {processor.py:753} INFO - DAG(s) dict_keys(['tutorial_taskflow_api']) retrieved from /home/airflow/.local/lib/python3.7/site-packages/airflow/example_dags/tutorial_taskflow_api.py
[2023-05-16T01:25:19.459+0000] {logging_mixin.py:137} INFO - [2023-05-16T01:25:19.458+0000] {dag.py:2705} INFO - Sync 1 DAGs
[2023-05-16T01:25:19.515+0000] {logging_mixin.py:137} INFO - [2023-05-16T01:25:19.514+0000] {dag.py:3456} INFO - Setting next_dagrun for tutorial_taskflow_api to None, run_after=None
[2023-05-16T01:25:19.552+0000] {processor.py:175} INFO - Processing /home/airflow/.local/lib/python3.7/site-packages/airflow/example_dags/tutorial_taskflow_api.py took 0.203 seconds
[2023-05-16T01:25:50.589+0000] {processor.py:153} INFO - Started process (PID=18730) to work on /home/airflow/.local/lib/python3.7/site-packages/airflow/example_dags/tutorial_taskflow_api.py
[2023-05-16T01:25:50.594+0000] {processor.py:743} INFO - Processing file /home/airflow/.local/lib/python3.7/site-packages/airflow/example_dags/tutorial_taskflow_api.py for tasks to queue
[2023-05-16T01:25:50.596+0000] {logging_mixin.py:137} INFO - [2023-05-16T01:25:50.596+0000] {dagbag.py:532} INFO - Filling up the DagBag from /home/airflow/.local/lib/python3.7/site-packages/airflow/example_dags/tutorial_taskflow_api.py
[2023-05-16T01:25:50.670+0000] {processor.py:753} INFO - DAG(s) dict_keys(['tutorial_taskflow_api']) retrieved from /home/airflow/.local/lib/python3.7/site-packages/airflow/example_dags/tutorial_taskflow_api.py
[2023-05-16T01:25:50.773+0000] {logging_mixin.py:137} INFO - [2023-05-16T01:25:50.773+0000] {dag.py:2705} INFO - Sync 1 DAGs
[2023-05-16T01:25:50.871+0000] {logging_mixin.py:137} INFO - [2023-05-16T01:25:50.871+0000] {dag.py:3456} INFO - Setting next_dagrun for tutorial_taskflow_api to None, run_after=None
[2023-05-16T01:25:50.949+0000] {processor.py:175} INFO - Processing /home/airflow/.local/lib/python3.7/site-packages/airflow/example_dags/tutorial_taskflow_api.py took 0.372 seconds
[2023-05-16T01:26:21.083+0000] {processor.py:153} INFO - Started process (PID=18782) to work on /home/airflow/.local/lib/python3.7/site-packages/airflow/example_dags/tutorial_taskflow_api.py
[2023-05-16T01:26:21.086+0000] {processor.py:743} INFO - Processing file /home/airflow/.local/lib/python3.7/site-packages/airflow/example_dags/tutorial_taskflow_api.py for tasks to queue
[2023-05-16T01:26:21.089+0000] {logging_mixin.py:137} INFO - [2023-05-16T01:26:21.089+0000] {dagbag.py:532} INFO - Filling up the DagBag from /home/airflow/.local/lib/python3.7/site-packages/airflow/example_dags/tutorial_taskflow_api.py
[2023-05-16T01:26:21.128+0000] {processor.py:753} INFO - DAG(s) dict_keys(['tutorial_taskflow_api']) retrieved from /home/airflow/.local/lib/python3.7/site-packages/airflow/example_dags/tutorial_taskflow_api.py
[2023-05-16T01:26:21.231+0000] {logging_mixin.py:137} INFO - [2023-05-16T01:26:21.231+0000] {dag.py:2705} INFO - Sync 1 DAGs
[2023-05-16T01:26:21.265+0000] {logging_mixin.py:137} INFO - [2023-05-16T01:26:21.265+0000] {dag.py:3456} INFO - Setting next_dagrun for tutorial_taskflow_api to None, run_after=None
[2023-05-16T01:26:21.290+0000] {processor.py:175} INFO - Processing /home/airflow/.local/lib/python3.7/site-packages/airflow/example_dags/tutorial_taskflow_api.py took 0.215 seconds
[2023-05-16T01:26:52.293+0000] {processor.py:153} INFO - Started process (PID=18834) to work on /home/airflow/.local/lib/python3.7/site-packages/airflow/example_dags/tutorial_taskflow_api.py
[2023-05-16T01:26:52.298+0000] {processor.py:743} INFO - Processing file /home/airflow/.local/lib/python3.7/site-packages/airflow/example_dags/tutorial_taskflow_api.py for tasks to queue
[2023-05-16T01:26:52.302+0000] {logging_mixin.py:137} INFO - [2023-05-16T01:26:52.301+0000] {dagbag.py:532} INFO - Filling up the DagBag from /home/airflow/.local/lib/python3.7/site-packages/airflow/example_dags/tutorial_taskflow_api.py
[2023-05-16T01:26:52.390+0000] {processor.py:753} INFO - DAG(s) dict_keys(['tutorial_taskflow_api']) retrieved from /home/airflow/.local/lib/python3.7/site-packages/airflow/example_dags/tutorial_taskflow_api.py
[2023-05-16T01:26:52.434+0000] {logging_mixin.py:137} INFO - [2023-05-16T01:26:52.434+0000] {dag.py:2705} INFO - Sync 1 DAGs
[2023-05-16T01:26:52.471+0000] {logging_mixin.py:137} INFO - [2023-05-16T01:26:52.471+0000] {dag.py:3456} INFO - Setting next_dagrun for tutorial_taskflow_api to None, run_after=None
[2023-05-16T01:26:52.497+0000] {processor.py:175} INFO - Processing /home/airflow/.local/lib/python3.7/site-packages/airflow/example_dags/tutorial_taskflow_api.py took 0.220 seconds
[2023-05-16T01:27:22.660+0000] {processor.py:153} INFO - Started process (PID=18886) to work on /home/airflow/.local/lib/python3.7/site-packages/airflow/example_dags/tutorial_taskflow_api.py
[2023-05-16T01:27:22.681+0000] {processor.py:743} INFO - Processing file /home/airflow/.local/lib/python3.7/site-packages/airflow/example_dags/tutorial_taskflow_api.py for tasks to queue
[2023-05-16T01:27:22.684+0000] {logging_mixin.py:137} INFO - [2023-05-16T01:27:22.684+0000] {dagbag.py:532} INFO - Filling up the DagBag from /home/airflow/.local/lib/python3.7/site-packages/airflow/example_dags/tutorial_taskflow_api.py
[2023-05-16T01:27:22.726+0000] {processor.py:753} INFO - DAG(s) dict_keys(['tutorial_taskflow_api']) retrieved from /home/airflow/.local/lib/python3.7/site-packages/airflow/example_dags/tutorial_taskflow_api.py
[2023-05-16T01:27:22.771+0000] {logging_mixin.py:137} INFO - [2023-05-16T01:27:22.771+0000] {dag.py:2705} INFO - Sync 1 DAGs
[2023-05-16T01:27:22.808+0000] {logging_mixin.py:137} INFO - [2023-05-16T01:27:22.807+0000] {dag.py:3456} INFO - Setting next_dagrun for tutorial_taskflow_api to None, run_after=None
[2023-05-16T01:27:22.834+0000] {processor.py:175} INFO - Processing /home/airflow/.local/lib/python3.7/site-packages/airflow/example_dags/tutorial_taskflow_api.py took 0.186 seconds
[2023-05-16T01:27:53.717+0000] {processor.py:153} INFO - Started process (PID=18938) to work on /home/airflow/.local/lib/python3.7/site-packages/airflow/example_dags/tutorial_taskflow_api.py
[2023-05-16T01:27:53.720+0000] {processor.py:743} INFO - Processing file /home/airflow/.local/lib/python3.7/site-packages/airflow/example_dags/tutorial_taskflow_api.py for tasks to queue
[2023-05-16T01:27:53.723+0000] {logging_mixin.py:137} INFO - [2023-05-16T01:27:53.722+0000] {dagbag.py:532} INFO - Filling up the DagBag from /home/airflow/.local/lib/python3.7/site-packages/airflow/example_dags/tutorial_taskflow_api.py
[2023-05-16T01:27:53.763+0000] {processor.py:753} INFO - DAG(s) dict_keys(['tutorial_taskflow_api']) retrieved from /home/airflow/.local/lib/python3.7/site-packages/airflow/example_dags/tutorial_taskflow_api.py
[2023-05-16T01:27:53.810+0000] {logging_mixin.py:137} INFO - [2023-05-16T01:27:53.809+0000] {dag.py:2705} INFO - Sync 1 DAGs
[2023-05-16T01:27:53.851+0000] {logging_mixin.py:137} INFO - [2023-05-16T01:27:53.851+0000] {dag.py:3456} INFO - Setting next_dagrun for tutorial_taskflow_api to None, run_after=None
[2023-05-16T01:27:53.888+0000] {processor.py:175} INFO - Processing /home/airflow/.local/lib/python3.7/site-packages/airflow/example_dags/tutorial_taskflow_api.py took 0.179 seconds
[2023-05-16T01:28:24.214+0000] {processor.py:153} INFO - Started process (PID=18990) to work on /home/airflow/.local/lib/python3.7/site-packages/airflow/example_dags/tutorial_taskflow_api.py
[2023-05-16T01:28:24.217+0000] {processor.py:743} INFO - Processing file /home/airflow/.local/lib/python3.7/site-packages/airflow/example_dags/tutorial_taskflow_api.py for tasks to queue
[2023-05-16T01:28:24.220+0000] {logging_mixin.py:137} INFO - [2023-05-16T01:28:24.219+0000] {dagbag.py:532} INFO - Filling up the DagBag from /home/airflow/.local/lib/python3.7/site-packages/airflow/example_dags/tutorial_taskflow_api.py
[2023-05-16T01:28:24.260+0000] {processor.py:753} INFO - DAG(s) dict_keys(['tutorial_taskflow_api']) retrieved from /home/airflow/.local/lib/python3.7/site-packages/airflow/example_dags/tutorial_taskflow_api.py
[2023-05-16T01:28:24.314+0000] {logging_mixin.py:137} INFO - [2023-05-16T01:28:24.314+0000] {dag.py:2705} INFO - Sync 1 DAGs
[2023-05-16T01:28:24.352+0000] {logging_mixin.py:137} INFO - [2023-05-16T01:28:24.352+0000] {dag.py:3456} INFO - Setting next_dagrun for tutorial_taskflow_api to None, run_after=None
[2023-05-16T01:28:24.381+0000] {processor.py:175} INFO - Processing /home/airflow/.local/lib/python3.7/site-packages/airflow/example_dags/tutorial_taskflow_api.py took 0.175 seconds
[2023-05-16T01:28:54.516+0000] {processor.py:153} INFO - Started process (PID=19042) to work on /home/airflow/.local/lib/python3.7/site-packages/airflow/example_dags/tutorial_taskflow_api.py
[2023-05-16T01:28:54.518+0000] {processor.py:743} INFO - Processing file /home/airflow/.local/lib/python3.7/site-packages/airflow/example_dags/tutorial_taskflow_api.py for tasks to queue
[2023-05-16T01:28:54.520+0000] {logging_mixin.py:137} INFO - [2023-05-16T01:28:54.520+0000] {dagbag.py:532} INFO - Filling up the DagBag from /home/airflow/.local/lib/python3.7/site-packages/airflow/example_dags/tutorial_taskflow_api.py
[2023-05-16T01:28:54.556+0000] {processor.py:753} INFO - DAG(s) dict_keys(['tutorial_taskflow_api']) retrieved from /home/airflow/.local/lib/python3.7/site-packages/airflow/example_dags/tutorial_taskflow_api.py
[2023-05-16T01:28:54.616+0000] {logging_mixin.py:137} INFO - [2023-05-16T01:28:54.616+0000] {dag.py:2705} INFO - Sync 1 DAGs
[2023-05-16T01:28:54.655+0000] {logging_mixin.py:137} INFO - [2023-05-16T01:28:54.655+0000] {dag.py:3456} INFO - Setting next_dagrun for tutorial_taskflow_api to None, run_after=None
[2023-05-16T01:28:54.677+0000] {processor.py:175} INFO - Processing /home/airflow/.local/lib/python3.7/site-packages/airflow/example_dags/tutorial_taskflow_api.py took 0.165 seconds
[2023-05-16T01:29:25.095+0000] {processor.py:153} INFO - Started process (PID=19093) to work on /home/airflow/.local/lib/python3.7/site-packages/airflow/example_dags/tutorial_taskflow_api.py
[2023-05-16T01:29:25.099+0000] {processor.py:743} INFO - Processing file /home/airflow/.local/lib/python3.7/site-packages/airflow/example_dags/tutorial_taskflow_api.py for tasks to queue
[2023-05-16T01:29:25.108+0000] {logging_mixin.py:137} INFO - [2023-05-16T01:29:25.108+0000] {dagbag.py:532} INFO - Filling up the DagBag from /home/airflow/.local/lib/python3.7/site-packages/airflow/example_dags/tutorial_taskflow_api.py
[2023-05-16T01:29:25.145+0000] {processor.py:753} INFO - DAG(s) dict_keys(['tutorial_taskflow_api']) retrieved from /home/airflow/.local/lib/python3.7/site-packages/airflow/example_dags/tutorial_taskflow_api.py
[2023-05-16T01:29:25.200+0000] {logging_mixin.py:137} INFO - [2023-05-16T01:29:25.199+0000] {dag.py:2705} INFO - Sync 1 DAGs
[2023-05-16T01:29:25.258+0000] {logging_mixin.py:137} INFO - [2023-05-16T01:29:25.257+0000] {dag.py:3456} INFO - Setting next_dagrun for tutorial_taskflow_api to None, run_after=None
[2023-05-16T01:29:25.287+0000] {processor.py:175} INFO - Processing /home/airflow/.local/lib/python3.7/site-packages/airflow/example_dags/tutorial_taskflow_api.py took 0.203 seconds
[2023-05-16T01:29:56.118+0000] {processor.py:153} INFO - Started process (PID=19145) to work on /home/airflow/.local/lib/python3.7/site-packages/airflow/example_dags/tutorial_taskflow_api.py
[2023-05-16T01:29:56.121+0000] {processor.py:743} INFO - Processing file /home/airflow/.local/lib/python3.7/site-packages/airflow/example_dags/tutorial_taskflow_api.py for tasks to queue
[2023-05-16T01:29:56.126+0000] {logging_mixin.py:137} INFO - [2023-05-16T01:29:56.125+0000] {dagbag.py:532} INFO - Filling up the DagBag from /home/airflow/.local/lib/python3.7/site-packages/airflow/example_dags/tutorial_taskflow_api.py
[2023-05-16T01:29:56.192+0000] {processor.py:753} INFO - DAG(s) dict_keys(['tutorial_taskflow_api']) retrieved from /home/airflow/.local/lib/python3.7/site-packages/airflow/example_dags/tutorial_taskflow_api.py
[2023-05-16T01:29:56.273+0000] {logging_mixin.py:137} INFO - [2023-05-16T01:29:56.273+0000] {dag.py:2705} INFO - Sync 1 DAGs
[2023-05-16T01:29:56.335+0000] {logging_mixin.py:137} INFO - [2023-05-16T01:29:56.335+0000] {dag.py:3456} INFO - Setting next_dagrun for tutorial_taskflow_api to None, run_after=None
[2023-05-16T01:29:56.392+0000] {processor.py:175} INFO - Processing /home/airflow/.local/lib/python3.7/site-packages/airflow/example_dags/tutorial_taskflow_api.py took 0.287 seconds
[2023-05-16T01:30:27.221+0000] {processor.py:153} INFO - Started process (PID=19197) to work on /home/airflow/.local/lib/python3.7/site-packages/airflow/example_dags/tutorial_taskflow_api.py
[2023-05-16T01:30:27.228+0000] {processor.py:743} INFO - Processing file /home/airflow/.local/lib/python3.7/site-packages/airflow/example_dags/tutorial_taskflow_api.py for tasks to queue
[2023-05-16T01:30:27.234+0000] {logging_mixin.py:137} INFO - [2023-05-16T01:30:27.233+0000] {dagbag.py:532} INFO - Filling up the DagBag from /home/airflow/.local/lib/python3.7/site-packages/airflow/example_dags/tutorial_taskflow_api.py
[2023-05-16T01:30:27.345+0000] {processor.py:753} INFO - DAG(s) dict_keys(['tutorial_taskflow_api']) retrieved from /home/airflow/.local/lib/python3.7/site-packages/airflow/example_dags/tutorial_taskflow_api.py
[2023-05-16T01:30:27.433+0000] {logging_mixin.py:137} INFO - [2023-05-16T01:30:27.432+0000] {dag.py:2705} INFO - Sync 1 DAGs
[2023-05-16T01:30:27.497+0000] {logging_mixin.py:137} INFO - [2023-05-16T01:30:27.497+0000] {dag.py:3456} INFO - Setting next_dagrun for tutorial_taskflow_api to None, run_after=None
[2023-05-16T01:30:27.529+0000] {processor.py:175} INFO - Processing /home/airflow/.local/lib/python3.7/site-packages/airflow/example_dags/tutorial_taskflow_api.py took 0.321 seconds
[2023-05-16T01:30:57.716+0000] {processor.py:153} INFO - Started process (PID=19249) to work on /home/airflow/.local/lib/python3.7/site-packages/airflow/example_dags/tutorial_taskflow_api.py
[2023-05-16T01:30:57.719+0000] {processor.py:743} INFO - Processing file /home/airflow/.local/lib/python3.7/site-packages/airflow/example_dags/tutorial_taskflow_api.py for tasks to queue
[2023-05-16T01:30:57.721+0000] {logging_mixin.py:137} INFO - [2023-05-16T01:30:57.721+0000] {dagbag.py:532} INFO - Filling up the DagBag from /home/airflow/.local/lib/python3.7/site-packages/airflow/example_dags/tutorial_taskflow_api.py
[2023-05-16T01:30:57.751+0000] {processor.py:753} INFO - DAG(s) dict_keys(['tutorial_taskflow_api']) retrieved from /home/airflow/.local/lib/python3.7/site-packages/airflow/example_dags/tutorial_taskflow_api.py
[2023-05-16T01:30:57.804+0000] {logging_mixin.py:137} INFO - [2023-05-16T01:30:57.804+0000] {dag.py:2705} INFO - Sync 1 DAGs
[2023-05-16T01:30:57.849+0000] {logging_mixin.py:137} INFO - [2023-05-16T01:30:57.849+0000] {dag.py:3456} INFO - Setting next_dagrun for tutorial_taskflow_api to None, run_after=None
[2023-05-16T01:30:57.875+0000] {processor.py:175} INFO - Processing /home/airflow/.local/lib/python3.7/site-packages/airflow/example_dags/tutorial_taskflow_api.py took 0.165 seconds
[2023-05-16T01:31:28.114+0000] {processor.py:153} INFO - Started process (PID=19301) to work on /home/airflow/.local/lib/python3.7/site-packages/airflow/example_dags/tutorial_taskflow_api.py
[2023-05-16T01:31:28.117+0000] {processor.py:743} INFO - Processing file /home/airflow/.local/lib/python3.7/site-packages/airflow/example_dags/tutorial_taskflow_api.py for tasks to queue
[2023-05-16T01:31:28.118+0000] {logging_mixin.py:137} INFO - [2023-05-16T01:31:28.118+0000] {dagbag.py:532} INFO - Filling up the DagBag from /home/airflow/.local/lib/python3.7/site-packages/airflow/example_dags/tutorial_taskflow_api.py
[2023-05-16T01:31:28.154+0000] {processor.py:753} INFO - DAG(s) dict_keys(['tutorial_taskflow_api']) retrieved from /home/airflow/.local/lib/python3.7/site-packages/airflow/example_dags/tutorial_taskflow_api.py
[2023-05-16T01:31:28.193+0000] {logging_mixin.py:137} INFO - [2023-05-16T01:31:28.193+0000] {dag.py:2705} INFO - Sync 1 DAGs
[2023-05-16T01:31:28.232+0000] {logging_mixin.py:137} INFO - [2023-05-16T01:31:28.231+0000] {dag.py:3456} INFO - Setting next_dagrun for tutorial_taskflow_api to None, run_after=None
[2023-05-16T01:31:28.276+0000] {processor.py:175} INFO - Processing /home/airflow/.local/lib/python3.7/site-packages/airflow/example_dags/tutorial_taskflow_api.py took 0.168 seconds
[2023-05-16T01:31:58.870+0000] {processor.py:153} INFO - Started process (PID=19353) to work on /home/airflow/.local/lib/python3.7/site-packages/airflow/example_dags/tutorial_taskflow_api.py
[2023-05-16T01:31:58.872+0000] {processor.py:743} INFO - Processing file /home/airflow/.local/lib/python3.7/site-packages/airflow/example_dags/tutorial_taskflow_api.py for tasks to queue
[2023-05-16T01:31:58.874+0000] {logging_mixin.py:137} INFO - [2023-05-16T01:31:58.874+0000] {dagbag.py:532} INFO - Filling up the DagBag from /home/airflow/.local/lib/python3.7/site-packages/airflow/example_dags/tutorial_taskflow_api.py
[2023-05-16T01:31:58.928+0000] {processor.py:753} INFO - DAG(s) dict_keys(['tutorial_taskflow_api']) retrieved from /home/airflow/.local/lib/python3.7/site-packages/airflow/example_dags/tutorial_taskflow_api.py
[2023-05-16T01:31:58.977+0000] {logging_mixin.py:137} INFO - [2023-05-16T01:31:58.977+0000] {dag.py:2705} INFO - Sync 1 DAGs
[2023-05-16T01:31:59.017+0000] {logging_mixin.py:137} INFO - [2023-05-16T01:31:59.017+0000] {dag.py:3456} INFO - Setting next_dagrun for tutorial_taskflow_api to None, run_after=None
[2023-05-16T01:31:59.046+0000] {processor.py:175} INFO - Processing /home/airflow/.local/lib/python3.7/site-packages/airflow/example_dags/tutorial_taskflow_api.py took 0.184 seconds
[2023-05-16T01:32:29.276+0000] {processor.py:153} INFO - Started process (PID=19405) to work on /home/airflow/.local/lib/python3.7/site-packages/airflow/example_dags/tutorial_taskflow_api.py
[2023-05-16T01:32:29.278+0000] {processor.py:743} INFO - Processing file /home/airflow/.local/lib/python3.7/site-packages/airflow/example_dags/tutorial_taskflow_api.py for tasks to queue
[2023-05-16T01:32:29.279+0000] {logging_mixin.py:137} INFO - [2023-05-16T01:32:29.279+0000] {dagbag.py:532} INFO - Filling up the DagBag from /home/airflow/.local/lib/python3.7/site-packages/airflow/example_dags/tutorial_taskflow_api.py
[2023-05-16T01:32:29.313+0000] {processor.py:753} INFO - DAG(s) dict_keys(['tutorial_taskflow_api']) retrieved from /home/airflow/.local/lib/python3.7/site-packages/airflow/example_dags/tutorial_taskflow_api.py
[2023-05-16T01:32:29.360+0000] {logging_mixin.py:137} INFO - [2023-05-16T01:32:29.360+0000] {dag.py:2705} INFO - Sync 1 DAGs
[2023-05-16T01:32:29.401+0000] {logging_mixin.py:137} INFO - [2023-05-16T01:32:29.401+0000] {dag.py:3456} INFO - Setting next_dagrun for tutorial_taskflow_api to None, run_after=None
[2023-05-16T01:32:29.425+0000] {processor.py:175} INFO - Processing /home/airflow/.local/lib/python3.7/site-packages/airflow/example_dags/tutorial_taskflow_api.py took 0.157 seconds
[2023-05-16T01:32:59.595+0000] {processor.py:153} INFO - Started process (PID=19456) to work on /home/airflow/.local/lib/python3.7/site-packages/airflow/example_dags/tutorial_taskflow_api.py
[2023-05-16T01:32:59.613+0000] {processor.py:743} INFO - Processing file /home/airflow/.local/lib/python3.7/site-packages/airflow/example_dags/tutorial_taskflow_api.py for tasks to queue
[2023-05-16T01:32:59.632+0000] {logging_mixin.py:137} INFO - [2023-05-16T01:32:59.632+0000] {dagbag.py:532} INFO - Filling up the DagBag from /home/airflow/.local/lib/python3.7/site-packages/airflow/example_dags/tutorial_taskflow_api.py
[2023-05-16T01:32:59.682+0000] {processor.py:753} INFO - DAG(s) dict_keys(['tutorial_taskflow_api']) retrieved from /home/airflow/.local/lib/python3.7/site-packages/airflow/example_dags/tutorial_taskflow_api.py
[2023-05-16T01:32:59.740+0000] {logging_mixin.py:137} INFO - [2023-05-16T01:32:59.739+0000] {dag.py:2705} INFO - Sync 1 DAGs
[2023-05-16T01:32:59.791+0000] {logging_mixin.py:137} INFO - [2023-05-16T01:32:59.791+0000] {dag.py:3456} INFO - Setting next_dagrun for tutorial_taskflow_api to None, run_after=None
[2023-05-16T01:32:59.824+0000] {processor.py:175} INFO - Processing /home/airflow/.local/lib/python3.7/site-packages/airflow/example_dags/tutorial_taskflow_api.py took 0.236 seconds
[2023-05-16T01:33:30.425+0000] {processor.py:153} INFO - Started process (PID=19508) to work on /home/airflow/.local/lib/python3.7/site-packages/airflow/example_dags/tutorial_taskflow_api.py
[2023-05-16T01:33:30.435+0000] {processor.py:743} INFO - Processing file /home/airflow/.local/lib/python3.7/site-packages/airflow/example_dags/tutorial_taskflow_api.py for tasks to queue
[2023-05-16T01:33:30.437+0000] {logging_mixin.py:137} INFO - [2023-05-16T01:33:30.437+0000] {dagbag.py:532} INFO - Filling up the DagBag from /home/airflow/.local/lib/python3.7/site-packages/airflow/example_dags/tutorial_taskflow_api.py
[2023-05-16T01:33:30.492+0000] {processor.py:753} INFO - DAG(s) dict_keys(['tutorial_taskflow_api']) retrieved from /home/airflow/.local/lib/python3.7/site-packages/airflow/example_dags/tutorial_taskflow_api.py
[2023-05-16T01:33:30.543+0000] {logging_mixin.py:137} INFO - [2023-05-16T01:33:30.542+0000] {dag.py:2705} INFO - Sync 1 DAGs
[2023-05-16T01:33:30.582+0000] {logging_mixin.py:137} INFO - [2023-05-16T01:33:30.582+0000] {dag.py:3456} INFO - Setting next_dagrun for tutorial_taskflow_api to None, run_after=None
[2023-05-16T01:33:30.615+0000] {processor.py:175} INFO - Processing /home/airflow/.local/lib/python3.7/site-packages/airflow/example_dags/tutorial_taskflow_api.py took 0.211 seconds
[2023-05-16T01:34:00.794+0000] {processor.py:153} INFO - Started process (PID=19560) to work on /home/airflow/.local/lib/python3.7/site-packages/airflow/example_dags/tutorial_taskflow_api.py
[2023-05-16T01:34:00.799+0000] {processor.py:743} INFO - Processing file /home/airflow/.local/lib/python3.7/site-packages/airflow/example_dags/tutorial_taskflow_api.py for tasks to queue
[2023-05-16T01:34:00.813+0000] {logging_mixin.py:137} INFO - [2023-05-16T01:34:00.803+0000] {dagbag.py:532} INFO - Filling up the DagBag from /home/airflow/.local/lib/python3.7/site-packages/airflow/example_dags/tutorial_taskflow_api.py
[2023-05-16T01:34:00.932+0000] {processor.py:753} INFO - DAG(s) dict_keys(['tutorial_taskflow_api']) retrieved from /home/airflow/.local/lib/python3.7/site-packages/airflow/example_dags/tutorial_taskflow_api.py
[2023-05-16T01:34:01.022+0000] {logging_mixin.py:137} INFO - [2023-05-16T01:34:01.021+0000] {dag.py:2705} INFO - Sync 1 DAGs
[2023-05-16T01:34:01.070+0000] {logging_mixin.py:137} INFO - [2023-05-16T01:34:01.070+0000] {dag.py:3456} INFO - Setting next_dagrun for tutorial_taskflow_api to None, run_after=None
[2023-05-16T01:34:01.103+0000] {processor.py:175} INFO - Processing /home/airflow/.local/lib/python3.7/site-packages/airflow/example_dags/tutorial_taskflow_api.py took 0.324 seconds
[2023-05-16T01:34:31.415+0000] {processor.py:153} INFO - Started process (PID=19611) to work on /home/airflow/.local/lib/python3.7/site-packages/airflow/example_dags/tutorial_taskflow_api.py
[2023-05-16T01:34:31.417+0000] {processor.py:743} INFO - Processing file /home/airflow/.local/lib/python3.7/site-packages/airflow/example_dags/tutorial_taskflow_api.py for tasks to queue
[2023-05-16T01:34:31.420+0000] {logging_mixin.py:137} INFO - [2023-05-16T01:34:31.420+0000] {dagbag.py:532} INFO - Filling up the DagBag from /home/airflow/.local/lib/python3.7/site-packages/airflow/example_dags/tutorial_taskflow_api.py
[2023-05-16T01:34:31.454+0000] {processor.py:753} INFO - DAG(s) dict_keys(['tutorial_taskflow_api']) retrieved from /home/airflow/.local/lib/python3.7/site-packages/airflow/example_dags/tutorial_taskflow_api.py
[2023-05-16T01:34:31.496+0000] {logging_mixin.py:137} INFO - [2023-05-16T01:34:31.496+0000] {dag.py:2705} INFO - Sync 1 DAGs
[2023-05-16T01:34:31.540+0000] {logging_mixin.py:137} INFO - [2023-05-16T01:34:31.540+0000] {dag.py:3456} INFO - Setting next_dagrun for tutorial_taskflow_api to None, run_after=None
[2023-05-16T01:34:31.570+0000] {processor.py:175} INFO - Processing /home/airflow/.local/lib/python3.7/site-packages/airflow/example_dags/tutorial_taskflow_api.py took 0.163 seconds
[2023-05-16T01:35:02.234+0000] {processor.py:153} INFO - Started process (PID=19663) to work on /home/airflow/.local/lib/python3.7/site-packages/airflow/example_dags/tutorial_taskflow_api.py
[2023-05-16T01:35:02.237+0000] {processor.py:743} INFO - Processing file /home/airflow/.local/lib/python3.7/site-packages/airflow/example_dags/tutorial_taskflow_api.py for tasks to queue
[2023-05-16T01:35:02.241+0000] {logging_mixin.py:137} INFO - [2023-05-16T01:35:02.240+0000] {dagbag.py:532} INFO - Filling up the DagBag from /home/airflow/.local/lib/python3.7/site-packages/airflow/example_dags/tutorial_taskflow_api.py
[2023-05-16T01:35:02.284+0000] {processor.py:753} INFO - DAG(s) dict_keys(['tutorial_taskflow_api']) retrieved from /home/airflow/.local/lib/python3.7/site-packages/airflow/example_dags/tutorial_taskflow_api.py
[2023-05-16T01:35:02.336+0000] {logging_mixin.py:137} INFO - [2023-05-16T01:35:02.336+0000] {dag.py:2705} INFO - Sync 1 DAGs
[2023-05-16T01:35:02.381+0000] {logging_mixin.py:137} INFO - [2023-05-16T01:35:02.381+0000] {dag.py:3456} INFO - Setting next_dagrun for tutorial_taskflow_api to None, run_after=None
[2023-05-16T01:35:02.409+0000] {processor.py:175} INFO - Processing /home/airflow/.local/lib/python3.7/site-packages/airflow/example_dags/tutorial_taskflow_api.py took 0.184 seconds
[2023-05-16T01:35:32.713+0000] {processor.py:153} INFO - Started process (PID=19714) to work on /home/airflow/.local/lib/python3.7/site-packages/airflow/example_dags/tutorial_taskflow_api.py
[2023-05-16T01:35:32.721+0000] {processor.py:743} INFO - Processing file /home/airflow/.local/lib/python3.7/site-packages/airflow/example_dags/tutorial_taskflow_api.py for tasks to queue
[2023-05-16T01:35:32.723+0000] {logging_mixin.py:137} INFO - [2023-05-16T01:35:32.723+0000] {dagbag.py:532} INFO - Filling up the DagBag from /home/airflow/.local/lib/python3.7/site-packages/airflow/example_dags/tutorial_taskflow_api.py
[2023-05-16T01:35:32.765+0000] {processor.py:753} INFO - DAG(s) dict_keys(['tutorial_taskflow_api']) retrieved from /home/airflow/.local/lib/python3.7/site-packages/airflow/example_dags/tutorial_taskflow_api.py
[2023-05-16T01:35:32.816+0000] {logging_mixin.py:137} INFO - [2023-05-16T01:35:32.816+0000] {dag.py:2705} INFO - Sync 1 DAGs
[2023-05-16T01:35:32.853+0000] {logging_mixin.py:137} INFO - [2023-05-16T01:35:32.853+0000] {dag.py:3456} INFO - Setting next_dagrun for tutorial_taskflow_api to None, run_after=None
[2023-05-16T01:35:32.884+0000] {processor.py:175} INFO - Processing /home/airflow/.local/lib/python3.7/site-packages/airflow/example_dags/tutorial_taskflow_api.py took 0.177 seconds
[2023-05-16T01:36:03.560+0000] {processor.py:153} INFO - Started process (PID=19766) to work on /home/airflow/.local/lib/python3.7/site-packages/airflow/example_dags/tutorial_taskflow_api.py
[2023-05-16T01:36:03.564+0000] {processor.py:743} INFO - Processing file /home/airflow/.local/lib/python3.7/site-packages/airflow/example_dags/tutorial_taskflow_api.py for tasks to queue
[2023-05-16T01:36:03.566+0000] {logging_mixin.py:137} INFO - [2023-05-16T01:36:03.566+0000] {dagbag.py:532} INFO - Filling up the DagBag from /home/airflow/.local/lib/python3.7/site-packages/airflow/example_dags/tutorial_taskflow_api.py
[2023-05-16T01:36:03.608+0000] {processor.py:753} INFO - DAG(s) dict_keys(['tutorial_taskflow_api']) retrieved from /home/airflow/.local/lib/python3.7/site-packages/airflow/example_dags/tutorial_taskflow_api.py
[2023-05-16T01:36:03.680+0000] {logging_mixin.py:137} INFO - [2023-05-16T01:36:03.680+0000] {dag.py:2705} INFO - Sync 1 DAGs
[2023-05-16T01:36:03.725+0000] {logging_mixin.py:137} INFO - [2023-05-16T01:36:03.725+0000] {dag.py:3456} INFO - Setting next_dagrun for tutorial_taskflow_api to None, run_after=None
[2023-05-16T01:36:03.757+0000] {processor.py:175} INFO - Processing /home/airflow/.local/lib/python3.7/site-packages/airflow/example_dags/tutorial_taskflow_api.py took 0.207 seconds
[2023-05-16T01:36:34.109+0000] {processor.py:153} INFO - Started process (PID=19818) to work on /home/airflow/.local/lib/python3.7/site-packages/airflow/example_dags/tutorial_taskflow_api.py
[2023-05-16T01:36:34.115+0000] {processor.py:743} INFO - Processing file /home/airflow/.local/lib/python3.7/site-packages/airflow/example_dags/tutorial_taskflow_api.py for tasks to queue
[2023-05-16T01:36:34.120+0000] {logging_mixin.py:137} INFO - [2023-05-16T01:36:34.119+0000] {dagbag.py:532} INFO - Filling up the DagBag from /home/airflow/.local/lib/python3.7/site-packages/airflow/example_dags/tutorial_taskflow_api.py
[2023-05-16T01:36:34.196+0000] {processor.py:753} INFO - DAG(s) dict_keys(['tutorial_taskflow_api']) retrieved from /home/airflow/.local/lib/python3.7/site-packages/airflow/example_dags/tutorial_taskflow_api.py
[2023-05-16T01:36:34.276+0000] {logging_mixin.py:137} INFO - [2023-05-16T01:36:34.276+0000] {dag.py:2705} INFO - Sync 1 DAGs
[2023-05-16T01:36:34.362+0000] {logging_mixin.py:137} INFO - [2023-05-16T01:36:34.361+0000] {dag.py:3456} INFO - Setting next_dagrun for tutorial_taskflow_api to None, run_after=None
[2023-05-16T01:36:34.421+0000] {processor.py:175} INFO - Processing /home/airflow/.local/lib/python3.7/site-packages/airflow/example_dags/tutorial_taskflow_api.py took 0.323 seconds
[2023-05-16T01:37:05.311+0000] {processor.py:153} INFO - Started process (PID=19870) to work on /home/airflow/.local/lib/python3.7/site-packages/airflow/example_dags/tutorial_taskflow_api.py
[2023-05-16T01:37:05.314+0000] {processor.py:743} INFO - Processing file /home/airflow/.local/lib/python3.7/site-packages/airflow/example_dags/tutorial_taskflow_api.py for tasks to queue
[2023-05-16T01:37:05.319+0000] {logging_mixin.py:137} INFO - [2023-05-16T01:37:05.319+0000] {dagbag.py:532} INFO - Filling up the DagBag from /home/airflow/.local/lib/python3.7/site-packages/airflow/example_dags/tutorial_taskflow_api.py
[2023-05-16T01:37:05.368+0000] {processor.py:753} INFO - DAG(s) dict_keys(['tutorial_taskflow_api']) retrieved from /home/airflow/.local/lib/python3.7/site-packages/airflow/example_dags/tutorial_taskflow_api.py
[2023-05-16T01:37:05.413+0000] {logging_mixin.py:137} INFO - [2023-05-16T01:37:05.413+0000] {dag.py:2705} INFO - Sync 1 DAGs
[2023-05-16T01:37:05.449+0000] {logging_mixin.py:137} INFO - [2023-05-16T01:37:05.449+0000] {dag.py:3456} INFO - Setting next_dagrun for tutorial_taskflow_api to None, run_after=None
[2023-05-16T01:37:05.479+0000] {processor.py:175} INFO - Processing /home/airflow/.local/lib/python3.7/site-packages/airflow/example_dags/tutorial_taskflow_api.py took 0.176 seconds
[2023-05-16T01:37:36.151+0000] {processor.py:153} INFO - Started process (PID=19923) to work on /home/airflow/.local/lib/python3.7/site-packages/airflow/example_dags/tutorial_taskflow_api.py
[2023-05-16T01:37:36.153+0000] {processor.py:743} INFO - Processing file /home/airflow/.local/lib/python3.7/site-packages/airflow/example_dags/tutorial_taskflow_api.py for tasks to queue
[2023-05-16T01:37:36.156+0000] {logging_mixin.py:137} INFO - [2023-05-16T01:37:36.155+0000] {dagbag.py:532} INFO - Filling up the DagBag from /home/airflow/.local/lib/python3.7/site-packages/airflow/example_dags/tutorial_taskflow_api.py
[2023-05-16T01:37:36.192+0000] {processor.py:753} INFO - DAG(s) dict_keys(['tutorial_taskflow_api']) retrieved from /home/airflow/.local/lib/python3.7/site-packages/airflow/example_dags/tutorial_taskflow_api.py
[2023-05-16T01:37:36.261+0000] {logging_mixin.py:137} INFO - [2023-05-16T01:37:36.261+0000] {dag.py:2705} INFO - Sync 1 DAGs
[2023-05-16T01:37:36.303+0000] {logging_mixin.py:137} INFO - [2023-05-16T01:37:36.303+0000] {dag.py:3456} INFO - Setting next_dagrun for tutorial_taskflow_api to None, run_after=None
[2023-05-16T01:37:36.336+0000] {processor.py:175} INFO - Processing /home/airflow/.local/lib/python3.7/site-packages/airflow/example_dags/tutorial_taskflow_api.py took 0.196 seconds
[2023-05-16T01:38:06.844+0000] {processor.py:153} INFO - Started process (PID=19975) to work on /home/airflow/.local/lib/python3.7/site-packages/airflow/example_dags/tutorial_taskflow_api.py
[2023-05-16T01:38:06.860+0000] {processor.py:743} INFO - Processing file /home/airflow/.local/lib/python3.7/site-packages/airflow/example_dags/tutorial_taskflow_api.py for tasks to queue
[2023-05-16T01:38:06.863+0000] {logging_mixin.py:137} INFO - [2023-05-16T01:38:06.863+0000] {dagbag.py:532} INFO - Filling up the DagBag from /home/airflow/.local/lib/python3.7/site-packages/airflow/example_dags/tutorial_taskflow_api.py
[2023-05-16T01:38:06.936+0000] {processor.py:753} INFO - DAG(s) dict_keys(['tutorial_taskflow_api']) retrieved from /home/airflow/.local/lib/python3.7/site-packages/airflow/example_dags/tutorial_taskflow_api.py
[2023-05-16T01:38:07.033+0000] {logging_mixin.py:137} INFO - [2023-05-16T01:38:07.032+0000] {dag.py:2705} INFO - Sync 1 DAGs
[2023-05-16T01:38:07.091+0000] {logging_mixin.py:137} INFO - [2023-05-16T01:38:07.091+0000] {dag.py:3456} INFO - Setting next_dagrun for tutorial_taskflow_api to None, run_after=None
[2023-05-16T01:38:07.123+0000] {processor.py:175} INFO - Processing /home/airflow/.local/lib/python3.7/site-packages/airflow/example_dags/tutorial_taskflow_api.py took 0.291 seconds
[2023-05-16T01:38:37.512+0000] {processor.py:153} INFO - Started process (PID=20027) to work on /home/airflow/.local/lib/python3.7/site-packages/airflow/example_dags/tutorial_taskflow_api.py
[2023-05-16T01:38:37.534+0000] {processor.py:743} INFO - Processing file /home/airflow/.local/lib/python3.7/site-packages/airflow/example_dags/tutorial_taskflow_api.py for tasks to queue
[2023-05-16T01:38:37.556+0000] {logging_mixin.py:137} INFO - [2023-05-16T01:38:37.556+0000] {dagbag.py:532} INFO - Filling up the DagBag from /home/airflow/.local/lib/python3.7/site-packages/airflow/example_dags/tutorial_taskflow_api.py
[2023-05-16T01:38:37.609+0000] {processor.py:753} INFO - DAG(s) dict_keys(['tutorial_taskflow_api']) retrieved from /home/airflow/.local/lib/python3.7/site-packages/airflow/example_dags/tutorial_taskflow_api.py
[2023-05-16T01:38:37.664+0000] {logging_mixin.py:137} INFO - [2023-05-16T01:38:37.664+0000] {dag.py:2705} INFO - Sync 1 DAGs
[2023-05-16T01:38:37.707+0000] {logging_mixin.py:137} INFO - [2023-05-16T01:38:37.706+0000] {dag.py:3456} INFO - Setting next_dagrun for tutorial_taskflow_api to None, run_after=None
[2023-05-16T01:38:37.778+0000] {processor.py:175} INFO - Processing /home/airflow/.local/lib/python3.7/site-packages/airflow/example_dags/tutorial_taskflow_api.py took 0.275 seconds
[2023-05-16T01:39:08.260+0000] {processor.py:153} INFO - Started process (PID=20079) to work on /home/airflow/.local/lib/python3.7/site-packages/airflow/example_dags/tutorial_taskflow_api.py
[2023-05-16T01:39:08.262+0000] {processor.py:743} INFO - Processing file /home/airflow/.local/lib/python3.7/site-packages/airflow/example_dags/tutorial_taskflow_api.py for tasks to queue
[2023-05-16T01:39:08.265+0000] {logging_mixin.py:137} INFO - [2023-05-16T01:39:08.264+0000] {dagbag.py:532} INFO - Filling up the DagBag from /home/airflow/.local/lib/python3.7/site-packages/airflow/example_dags/tutorial_taskflow_api.py
[2023-05-16T01:39:08.298+0000] {processor.py:753} INFO - DAG(s) dict_keys(['tutorial_taskflow_api']) retrieved from /home/airflow/.local/lib/python3.7/site-packages/airflow/example_dags/tutorial_taskflow_api.py
[2023-05-16T01:39:08.342+0000] {logging_mixin.py:137} INFO - [2023-05-16T01:39:08.341+0000] {dag.py:2705} INFO - Sync 1 DAGs
[2023-05-16T01:39:08.380+0000] {logging_mixin.py:137} INFO - [2023-05-16T01:39:08.380+0000] {dag.py:3456} INFO - Setting next_dagrun for tutorial_taskflow_api to None, run_after=None
[2023-05-16T01:39:08.414+0000] {processor.py:175} INFO - Processing /home/airflow/.local/lib/python3.7/site-packages/airflow/example_dags/tutorial_taskflow_api.py took 0.161 seconds
[2023-05-16T01:39:39.279+0000] {processor.py:153} INFO - Started process (PID=20131) to work on /home/airflow/.local/lib/python3.7/site-packages/airflow/example_dags/tutorial_taskflow_api.py
[2023-05-16T01:39:39.282+0000] {processor.py:743} INFO - Processing file /home/airflow/.local/lib/python3.7/site-packages/airflow/example_dags/tutorial_taskflow_api.py for tasks to queue
[2023-05-16T01:39:39.284+0000] {logging_mixin.py:137} INFO - [2023-05-16T01:39:39.284+0000] {dagbag.py:532} INFO - Filling up the DagBag from /home/airflow/.local/lib/python3.7/site-packages/airflow/example_dags/tutorial_taskflow_api.py
[2023-05-16T01:39:39.338+0000] {processor.py:753} INFO - DAG(s) dict_keys(['tutorial_taskflow_api']) retrieved from /home/airflow/.local/lib/python3.7/site-packages/airflow/example_dags/tutorial_taskflow_api.py
[2023-05-16T01:39:39.394+0000] {logging_mixin.py:137} INFO - [2023-05-16T01:39:39.394+0000] {dag.py:2705} INFO - Sync 1 DAGs
[2023-05-16T01:39:39.431+0000] {logging_mixin.py:137} INFO - [2023-05-16T01:39:39.430+0000] {dag.py:3456} INFO - Setting next_dagrun for tutorial_taskflow_api to None, run_after=None
[2023-05-16T01:39:39.462+0000] {processor.py:175} INFO - Processing /home/airflow/.local/lib/python3.7/site-packages/airflow/example_dags/tutorial_taskflow_api.py took 0.189 seconds
[2023-05-16T01:40:10.033+0000] {processor.py:153} INFO - Started process (PID=20183) to work on /home/airflow/.local/lib/python3.7/site-packages/airflow/example_dags/tutorial_taskflow_api.py
[2023-05-16T01:40:10.038+0000] {processor.py:743} INFO - Processing file /home/airflow/.local/lib/python3.7/site-packages/airflow/example_dags/tutorial_taskflow_api.py for tasks to queue
[2023-05-16T01:40:10.044+0000] {logging_mixin.py:137} INFO - [2023-05-16T01:40:10.043+0000] {dagbag.py:532} INFO - Filling up the DagBag from /home/airflow/.local/lib/python3.7/site-packages/airflow/example_dags/tutorial_taskflow_api.py
[2023-05-16T01:40:10.142+0000] {processor.py:753} INFO - DAG(s) dict_keys(['tutorial_taskflow_api']) retrieved from /home/airflow/.local/lib/python3.7/site-packages/airflow/example_dags/tutorial_taskflow_api.py
[2023-05-16T01:40:10.253+0000] {logging_mixin.py:137} INFO - [2023-05-16T01:40:10.253+0000] {dag.py:2705} INFO - Sync 1 DAGs
[2023-05-16T01:40:10.293+0000] {logging_mixin.py:137} INFO - [2023-05-16T01:40:10.292+0000] {dag.py:3456} INFO - Setting next_dagrun for tutorial_taskflow_api to None, run_after=None
[2023-05-16T01:40:10.322+0000] {processor.py:175} INFO - Processing /home/airflow/.local/lib/python3.7/site-packages/airflow/example_dags/tutorial_taskflow_api.py took 0.309 seconds
